36.0 APEX_CODE,FINEST;APEX_PROFILING,INFO;CALLOUT,INFO;DB,INFO;SYSTEM,DEBUG;VALIDATION,INFO;VISUALFORCE,INFO;WORKFLOW,INFO
13:12:11.0 (62345)|EXECUTION_STARTED
13:12:11.0 (107737)|CODE_UNIT_STARTED|[EXTERNAL]|01p360000053AMn|BatchLatLongGenerator
13:12:11.0 (1460398)|HEAP_ALLOCATE|[EXTERNAL]|Bytes:77
13:12:11.0 (1491217)|HEAP_ALLOCATE|[EXTERNAL]|Bytes:10
13:12:11.0 (1499466)|HEAP_ALLOCATE|[EXTERNAL]|Bytes:2
13:12:11.0 (1521269)|METHOD_ENTRY|[1]|01p360000053AMn|BatchLatLongGenerator.BatchLatLongGenerator()
13:12:11.0 (1530830)|STATEMENT_EXECUTE|[1]
13:12:11.0 (1542153)|STATEMENT_EXECUTE|[1]
13:12:11.0 (1551789)|METHOD_EXIT|[1]|BatchLatLongGenerator
13:12:11.0 (1558060)|HEAP_ALLOCATE|[EXTERNAL]|Bytes:8
13:12:11.0 (1581062)|HEAP_ALLOCATE|[EXTERNAL]|Bytes:11
13:12:11.0 (1587929)|SYSTEM_METHOD_ENTRY|[15]|BatchableContextImpl.BatchableContextImpl()
13:12:11.0 (1590770)|STATEMENT_EXECUTE|[15]
13:12:11.0 (1598787)|SYSTEM_METHOD_EXIT|[15]|BatchableContextImpl
13:12:11.0 (1601882)|HEAP_ALLOCATE|[EXTERNAL]|Bytes:12
13:12:11.0 (1632808)|HEAP_ALLOCATE|[EXTERNAL]|Bytes:44
13:12:11.0 (1642494)|VARIABLE_SCOPE_BEGIN|[15]|this|BatchLatLongGenerator|true|false
13:12:11.0 (1724065)|VARIABLE_ASSIGNMENT|[15]|this|{"query":"Select Id, Name, Bil (115 more) ..."}|0x2fd2ebe6
13:12:11.0 (1729099)|VARIABLE_SCOPE_BEGIN|[15]|BC|Database.BatchableContext|true|false
13:12:11.0 (1873116)|VARIABLE_ASSIGNMENT|[15]|BC|{"childJobId":"70736000006EcucAAC","jobId":"70736000006EcsiAAC"}|0x7ad2bfb1
13:12:11.0 (1878867)|VARIABLE_SCOPE_BEGIN|[15]|scope|List<SObject>|true|false
13:12:11.0 (1898462)|VARIABLE_ASSIGNMENT|[15]|scope|{"s":1,"v":"List of size 10 too large to display"}|0x6f0e54e4
13:12:11.0 (1910556)|STATEMENT_EXECUTE|[15]
13:12:11.0 (2023366)|HEAP_ALLOCATE|[50]|Bytes:5
13:12:11.0 (2082115)|HEAP_ALLOCATE|[56]|Bytes:5
13:12:11.0 (2112822)|HEAP_ALLOCATE|[64]|Bytes:7
13:12:11.0 (2146404)|HEAP_ALLOCATE|[17]|Bytes:5
13:12:11.0 (2208559)|HEAP_ALLOCATE|[17]|Bytes:32
13:12:11.0 (2223874)|VARIABLE_SCOPE_BEGIN|[17]|acc|Account|true|false
13:12:11.0 (2251992)|VARIABLE_ASSIGNMENT|[17]|acc|{"s":1,"v":{"Id":"00136000008NvtwAAC","Name":"CTW Resellers","BillingStreet":"223 Polk St.","BillingCity":"San Francisco","BillingState":"CA","BillingCountry":"USA","BillingPostalCode":"94133"}}|0x4db91573
13:12:11.0 (2258230)|STATEMENT_EXECUTE|[17]
13:12:11.0 (2260447)|STATEMENT_EXECUTE|[19]
13:12:11.0 (2266752)|VARIABLE_SCOPE_BEGIN|[19]|address|String|false|false
13:12:11.0 (2272369)|VARIABLE_ASSIGNMENT|[19]|address|""
13:12:11.0 (2290744)|STATEMENT_EXECUTE|[21]
13:12:11.0 (2292826)|STATEMENT_EXECUTE|[22]
13:12:11.0 (2297083)|HEAP_ALLOCATE|[22]|Bytes:1
13:12:11.0 (2325156)|HEAP_ALLOCATE|[22]|Bytes:13
13:12:11.0 (2334730)|HEAP_ALLOCATE|[22]|Bytes:13
13:12:11.0 (2344434)|VARIABLE_ASSIGNMENT|[22]|address|"223 Polk St.,"
13:12:11.0 (2354364)|STATEMENT_EXECUTE|[24]
13:12:11.0 (2356190)|STATEMENT_EXECUTE|[25]
13:12:11.0 (2363083)|HEAP_ALLOCATE|[25]|Bytes:14
13:12:11.0 (2367542)|HEAP_ALLOCATE|[25]|Bytes:27
13:12:11.0 (2374534)|VARIABLE_ASSIGNMENT|[25]|address|"223 Polk St.,San Fra (7 more) ..."
13:12:11.0 (2381884)|STATEMENT_EXECUTE|[27]
13:12:11.0 (2383613)|STATEMENT_EXECUTE|[28]
13:12:11.0 (2389374)|HEAP_ALLOCATE|[28]|Bytes:3
13:12:11.0 (2393647)|HEAP_ALLOCATE|[28]|Bytes:30
13:12:11.0 (2399833)|VARIABLE_ASSIGNMENT|[28]|address|"223 Polk St.,San Fra (10 more) ..."
13:12:11.0 (2406837)|STATEMENT_EXECUTE|[30]
13:12:11.0 (2408453)|STATEMENT_EXECUTE|[31]
13:12:11.0 (2413805)|HEAP_ALLOCATE|[31]|Bytes:4
13:12:11.0 (2418278)|HEAP_ALLOCATE|[31]|Bytes:34
13:12:11.0 (2424510)|VARIABLE_ASSIGNMENT|[31]|address|"223 Polk St.,San Fra (14 more) ..."
13:12:11.0 (2430761)|STATEMENT_EXECUTE|[33]
13:12:11.0 (2432361)|STATEMENT_EXECUTE|[34]
13:12:11.0 (2437617)|HEAP_ALLOCATE|[34]|Bytes:6
13:12:11.0 (2441763)|HEAP_ALLOCATE|[34]|Bytes:40
13:12:11.0 (2447681)|VARIABLE_ASSIGNMENT|[34]|address|"223 Polk St.,San Fra (20 more) ..."
13:12:11.0 (2486649)|STATEMENT_EXECUTE|[37]
13:12:11.0 (2488958)|STATEMENT_EXECUTE|[38]
13:12:11.0 (2527719)|VARIABLE_SCOPE_BEGIN|[38]|req|System.HttpRequest|true|false
13:12:11.0 (2577197)|VARIABLE_ASSIGNMENT|[38]|req|"System.HttpRequest[Endpoint=null, Method=null]"|0x1e2f914
13:12:11.0 (2582913)|STATEMENT_EXECUTE|[40]
13:12:11.0 (2587795)|HEAP_ALLOCATE|[40]|Bytes:5
13:12:11.0 (2603631)|HEAP_ALLOCATE|[40]|Bytes:15
13:12:11.0 (2612261)|SYSTEM_METHOD_ENTRY|[1]|EncodingUtil.EncodingUtil()
13:12:11.0 (2614922)|STATEMENT_EXECUTE|[1]
13:12:11.0 (2621850)|SYSTEM_METHOD_EXIT|[1]|EncodingUtil
13:12:11.0 (2634656)|METHOD_ENTRY|[40]||System.EncodingUtil.urlEncode(String, String)
13:12:11.0 (2704534)|METHOD_EXIT|[40]||System.EncodingUtil.urlEncode(String, String)
13:12:11.0 (2722361)|VARIABLE_ASSIGNMENT|[40]|address|"223+Polk+St.%2CSan+F (30 more) ..."
13:12:11.0 (2728136)|STATEMENT_EXECUTE|[41]
13:12:11.0 (2733753)|HEAP_ALLOCATE|[41]|Bytes:57
13:12:11.0 (2739610)|HEAP_ALLOCATE|[41]|Bytes:12
13:12:11.0 (2754719)|HEAP_ALLOCATE|[41]|Bytes:119
13:12:11.0 (2813691)|STATEMENT_EXECUTE|[42]
13:12:11.0 (2818042)|HEAP_ALLOCATE|[42]|Bytes:3
13:12:11.0 (2838945)|STATEMENT_EXECUTE|[43]
13:12:11.0 (2859209)|VARIABLE_SCOPE_BEGIN|[43]|http|System.Http|true|false
13:12:11.0 (2898800)|VARIABLE_ASSIGNMENT|[43]|http|"System.Http[]"|0x24e375af
13:12:11.0 (2904195)|STATEMENT_EXECUTE|[44]
13:12:11.0 (2910771)|VARIABLE_SCOPE_BEGIN|[44]|res|System.HttpResponse|true|false
13:12:11.0 (2917581)|VARIABLE_ASSIGNMENT|[44]|res|null|
13:12:11.0 (2932864)|HEAP_ALLOCATE|[45]|Bytes:57
13:12:11.0 (2941298)|SYSTEM_METHOD_ENTRY|[1]|Test.Test()
13:12:11.0 (2943856)|STATEMENT_EXECUTE|[1]
13:12:11.0 (2950185)|SYSTEM_METHOD_EXIT|[1]|Test
13:12:11.0 (2958467)|METHOD_ENTRY|[45]||System.Test.isRunningTest()
13:12:11.0 (2981693)|METHOD_EXIT|[45]||System.Test.isRunningTest()
13:12:11.0 (2989085)|STATEMENT_EXECUTE|[45]
13:12:11.0 (2990730)|STATEMENT_EXECUTE|[46]
13:12:11.0 (3064803)|CALLOUT_REQUEST|[46]|System.HttpRequest[Endpoint=https://maps.googleapis.com/maps/api/geocode/xml?address=223+Polk+St.%2CSan+Francisco%2CCA%2CUSA%2C94133%2C&sensor=true, Method=GET]
13:12:11.0 (18559705)|HEAP_ALLOCATE|[EXTERNAL]|Bytes:743
13:12:11.0 (18648916)|CALLOUT_RESPONSE|[46]|System.HttpResponse[Status=OK, StatusCode=200]
13:12:11.0 (18667896)|HEAP_ALLOCATE|[46]|Bytes:314
13:12:11.0 (18725700)|VARIABLE_ASSIGNMENT|[46]|res|"System.HttpResponse[Status=OK, StatusCode=200]"|0x21f4fecd
13:12:11.0 (18734462)|STATEMENT_EXECUTE|[57]
13:12:11.0 (18890631)|VARIABLE_SCOPE_BEGIN|[57]|doc|dom.Document|true|false
13:12:11.0 (18927573)|VARIABLE_ASSIGNMENT|[57]|doc|"Document[]"|0x374899be
13:12:11.0 (18933565)|STATEMENT_EXECUTE|[59]
13:12:11.0 (18963944)|VARIABLE_SCOPE_BEGIN|[59]|geocodeResponse|dom.XmlNode|true|false
13:12:11.0 (19034766)|VARIABLE_ASSIGNMENT|[59]|geocodeResponse|"XMLNode[ELEMENT,GeocodeResponse,null,null,null,[XMLNode[TEXT,null,null,null,null,null,\n ,], XMLNode[ELEMENT,status,null,null,null,[XMLNode[TEXT,null,null,null,null,null,OVER_QUERY_LIMIT,]],null,], XMLNode[TEXT,null,null,null,null,null,\n ,], XMLNode[ELEMENT,error_message,null,null,null,[XMLNode[TEXT,null,null,null,null,null,You have exceeded your daily request quota for this API. We recommend registering for a key at the Google Developers Console: https://console.developers.google.com/,]],null,], XMLNode[TEXT,null,null,null,null,null,\n,]],null,]"|0x33e32755
13:12:11.0 (19046409)|STATEMENT_EXECUTE|[60]
13:12:11.0 (19048496)|STATEMENT_EXECUTE|[62]
13:12:11.0 (19052964)|HEAP_ALLOCATE|[62]|Bytes:6
13:12:11.0 (19089090)|VARIABLE_SCOPE_BEGIN|[62]|result|dom.XmlNode|true|false
13:12:11.0 (19096848)|VARIABLE_ASSIGNMENT|[62]|result|null|
13:12:11.0 (19101155)|STATEMENT_EXECUTE|[63]
13:12:11.0 (19119992)|HEAP_ALLOCATE|[17]|Bytes:5
13:12:11.0 (19172272)|HEAP_ALLOCATE|[17]|Bytes:32
13:12:11.0 (19189128)|VARIABLE_SCOPE_BEGIN|[17]|acc|Account|true|false
13:12:11.0 (19219092)|VARIABLE_ASSIGNMENT|[17]|acc|{"s":1,"v":{"Id":"00136000008NvtxAAC","Name":"Data Mart","BillingStreet":"310 Henry St","BillingCity":"New York","BillingState":"NY","BillingCountry":"USA","BillingPostalCode":"10002"}}|0xc12628b
13:12:11.0 (19225021)|STATEMENT_EXECUTE|[17]
13:12:11.0 (19226751)|STATEMENT_EXECUTE|[19]
13:12:11.0 (19230754)|VARIABLE_SCOPE_BEGIN|[19]|address|String|false|false
13:12:11.0 (19235941)|VARIABLE_ASSIGNMENT|[19]|address|""
13:12:11.0 (19249794)|STATEMENT_EXECUTE|[21]
13:12:11.0 (19251460)|STATEMENT_EXECUTE|[22]
13:12:11.0 (19261301)|HEAP_ALLOCATE|[22]|Bytes:13
13:12:11.0 (19266692)|HEAP_ALLOCATE|[22]|Bytes:13
13:12:11.0 (19272513)|VARIABLE_ASSIGNMENT|[22]|address|"310 Henry St,"
13:12:11.0 (19279186)|STATEMENT_EXECUTE|[24]
13:12:11.0 (19280732)|STATEMENT_EXECUTE|[25]
13:12:11.0 (19285847)|HEAP_ALLOCATE|[25]|Bytes:9
13:12:11.0 (19289906)|HEAP_ALLOCATE|[25]|Bytes:22
13:12:11.0 (19296473)|VARIABLE_ASSIGNMENT|[25]|address|"310 Henry St,New Yor (2 more) ..."
13:12:11.0 (19302809)|STATEMENT_EXECUTE|[27]
13:12:11.0 (19304355)|STATEMENT_EXECUTE|[28]
13:12:11.0 (19309147)|HEAP_ALLOCATE|[28]|Bytes:3
13:12:11.0 (19313010)|HEAP_ALLOCATE|[28]|Bytes:25
13:12:11.0 (19318919)|VARIABLE_ASSIGNMENT|[28]|address|"310 Henry St,New Yor (5 more) ..."
13:12:11.0 (19324650)|STATEMENT_EXECUTE|[30]
13:12:11.0 (19326117)|STATEMENT_EXECUTE|[31]
13:12:11.0 (19330849)|HEAP_ALLOCATE|[31]|Bytes:4
13:12:11.0 (19335082)|HEAP_ALLOCATE|[31]|Bytes:29
13:12:11.0 (19340784)|VARIABLE_ASSIGNMENT|[31]|address|"310 Henry St,New Yor (9 more) ..."
13:12:11.0 (19346578)|STATEMENT_EXECUTE|[33]
13:12:11.0 (19348052)|STATEMENT_EXECUTE|[34]
13:12:11.0 (19352807)|HEAP_ALLOCATE|[34]|Bytes:6
13:12:11.0 (19356537)|HEAP_ALLOCATE|[34]|Bytes:35
13:12:11.0 (19362598)|VARIABLE_ASSIGNMENT|[34]|address|"310 Henry St,New Yor (15 more) ..."
13:12:11.0 (19391219)|STATEMENT_EXECUTE|[37]
13:12:11.0 (19396055)|STATEMENT_EXECUTE|[38]
13:12:11.0 (19413602)|VARIABLE_SCOPE_BEGIN|[38]|req|System.HttpRequest|true|false
13:12:11.0 (19474963)|VARIABLE_ASSIGNMENT|[38]|req|"System.HttpRequest[Endpoint=null, Method=null]"|0xa16e752
13:12:11.0 (19483218)|STATEMENT_EXECUTE|[40]
13:12:11.0 (19498728)|METHOD_ENTRY|[40]||System.EncodingUtil.urlEncode(String, String)
13:12:11.0 (19546307)|METHOD_EXIT|[40]||System.EncodingUtil.urlEncode(String, String)
13:12:11.0 (19557690)|VARIABLE_ASSIGNMENT|[40]|address|"310+Henry+St%2CNew+Y (25 more) ..."
13:12:11.0 (19561506)|STATEMENT_EXECUTE|[41]
13:12:11.0 (19567904)|HEAP_ALLOCATE|[41]|Bytes:114
13:12:11.0 (19587331)|STATEMENT_EXECUTE|[42]
13:12:11.0 (19597643)|STATEMENT_EXECUTE|[43]
13:12:11.0 (19606833)|VARIABLE_SCOPE_BEGIN|[43]|http|System.Http|true|false
13:12:11.0 (19642394)|VARIABLE_ASSIGNMENT|[43]|http|"System.Http[]"|0x53135321
13:12:11.0 (19647687)|STATEMENT_EXECUTE|[44]
13:12:11.0 (19651018)|VARIABLE_SCOPE_BEGIN|[44]|res|System.HttpResponse|true|false
13:12:11.0 (19656008)|VARIABLE_ASSIGNMENT|[44]|res|null|
13:12:11.0 (19664817)|METHOD_ENTRY|[45]||System.Test.isRunningTest()
13:12:11.0 (19676181)|METHOD_EXIT|[45]||System.Test.isRunningTest()
13:12:11.0 (19682535)|STATEMENT_EXECUTE|[45]
13:12:11.0 (19684105)|STATEMENT_EXECUTE|[46]
13:12:11.0 (23623917)|CALLOUT_REQUEST|[46]|System.HttpRequest[Endpoint=https://maps.googleapis.com/maps/api/geocode/xml?address=310+Henry+St%2CNew+York%2CNY%2CUSA%2C10002%2C&sensor=true, Method=GET]
13:12:11.0 (38358565)|HEAP_ALLOCATE|[EXTERNAL]|Bytes:743
13:12:11.0 (38410405)|CALLOUT_RESPONSE|[46]|System.HttpResponse[Status=OK, StatusCode=200]
13:12:11.0 (38421947)|HEAP_ALLOCATE|[46]|Bytes:314
13:12:11.0 (38471978)|VARIABLE_ASSIGNMENT|[46]|res|"System.HttpResponse[Status=OK, StatusCode=200]"|0x2e659886
13:12:11.0 (38478808)|STATEMENT_EXECUTE|[57]
13:12:11.0 (38554634)|VARIABLE_SCOPE_BEGIN|[57]|doc|dom.Document|true|false
13:12:11.0 (38587305)|VARIABLE_ASSIGNMENT|[57]|doc|"Document[]"|0x37cb6bc2
13:12:11.0 (38592659)|STATEMENT_EXECUTE|[59]
13:12:11.0 (38611740)|VARIABLE_SCOPE_BEGIN|[59]|geocodeResponse|dom.XmlNode|true|false
13:12:11.0 (38673251)|VARIABLE_ASSIGNMENT|[59]|geocodeResponse|"XMLNode[ELEMENT,GeocodeResponse,null,null,null,[XMLNode[TEXT,null,null,null,null,null,\n ,], XMLNode[ELEMENT,status,null,null,null,[XMLNode[TEXT,null,null,null,null,null,OVER_QUERY_LIMIT,]],null,], XMLNode[TEXT,null,null,null,null,null,\n ,], XMLNode[ELEMENT,error_message,null,null,null,[XMLNode[TEXT,null,null,null,null,null,You have exceeded your daily request quota for this API. We recommend registering for a key at the Google Developers Console: https://console.developers.google.com/,]],null,], XMLNode[TEXT,null,null,null,null,null,\n,]],null,]"|0x5c302bfe
13:12:11.0 (38681533)|STATEMENT_EXECUTE|[60]
13:12:11.0 (38683274)|STATEMENT_EXECUTE|[62]
13:12:11.0 (38700810)|VARIABLE_SCOPE_BEGIN|[62]|result|dom.XmlNode|true|false
13:12:11.0 (38707271)|VARIABLE_ASSIGNMENT|[62]|result|null|
13:12:11.0 (38710497)|STATEMENT_EXECUTE|[63]
13:12:11.0 (38725471)|HEAP_ALLOCATE|[17]|Bytes:5
13:12:11.0 (38751756)|HEAP_ALLOCATE|[17]|Bytes:32
13:12:11.0 (38760153)|VARIABLE_SCOPE_BEGIN|[17]|acc|Account|true|false
13:12:11.0 (38781470)|VARIABLE_ASSIGNMENT|[17]|acc|{"s":1,"v":{"Id":"00136000008NvtyAAC","Name":"DFC Inc.","BillingStreet":"1525 Park Pl","BillingCity":"Kings","BillingState":"NY","BillingCountry":"USA","BillingPostalCode":"11213"}}|0x7d7b6ae5
13:12:11.0 (38786469)|STATEMENT_EXECUTE|[17]
13:12:11.0 (38788019)|STATEMENT_EXECUTE|[19]
13:12:11.0 (38791265)|VARIABLE_SCOPE_BEGIN|[19]|address|String|false|false
13:12:11.0 (38795637)|VARIABLE_ASSIGNMENT|[19]|address|""
13:12:11.0 (38805991)|STATEMENT_EXECUTE|[21]
13:12:11.0 (38807704)|STATEMENT_EXECUTE|[22]
13:12:11.0 (38815043)|HEAP_ALLOCATE|[22]|Bytes:13
13:12:11.0 (38819954)|HEAP_ALLOCATE|[22]|Bytes:13
13:12:11.0 (38825839)|VARIABLE_ASSIGNMENT|[22]|address|"1525 Park Pl,"
13:12:11.0 (38831899)|STATEMENT_EXECUTE|[24]
13:12:11.0 (38833438)|STATEMENT_EXECUTE|[25]
13:12:11.0 (38838256)|HEAP_ALLOCATE|[25]|Bytes:6
13:12:11.0 (38842227)|HEAP_ALLOCATE|[25]|Bytes:19
13:12:11.0 (38847559)|VARIABLE_ASSIGNMENT|[25]|address|"1525 Park Pl,Kings,"
13:12:11.0 (38853471)|STATEMENT_EXECUTE|[27]
13:12:11.0 (38855097)|STATEMENT_EXECUTE|[28]
13:12:11.0 (38859742)|HEAP_ALLOCATE|[28]|Bytes:3
13:12:11.0 (38863600)|HEAP_ALLOCATE|[28]|Bytes:22
13:12:11.0 (38869990)|VARIABLE_ASSIGNMENT|[28]|address|"1525 Park Pl,Kings,N (2 more) ..."
13:12:11.0 (38875913)|STATEMENT_EXECUTE|[30]
13:12:11.0 (38877346)|STATEMENT_EXECUTE|[31]
13:12:11.0 (38881964)|HEAP_ALLOCATE|[31]|Bytes:4
13:12:11.0 (38885877)|HEAP_ALLOCATE|[31]|Bytes:26
13:12:11.0 (38891639)|VARIABLE_ASSIGNMENT|[31]|address|"1525 Park Pl,Kings,N (6 more) ..."
13:12:11.0 (38896922)|STATEMENT_EXECUTE|[33]
13:12:11.0 (38898555)|STATEMENT_EXECUTE|[34]
13:12:11.0 (38903138)|HEAP_ALLOCATE|[34]|Bytes:6
13:12:11.0 (38906849)|HEAP_ALLOCATE|[34]|Bytes:32
13:12:11.0 (38912677)|VARIABLE_ASSIGNMENT|[34]|address|"1525 Park Pl,Kings,N (12 more) ..."
13:12:11.0 (38923247)|STATEMENT_EXECUTE|[37]
13:12:11.0 (38924890)|STATEMENT_EXECUTE|[38]
13:12:11.0 (38934539)|VARIABLE_SCOPE_BEGIN|[38]|req|System.HttpRequest|true|false
13:12:11.0 (38970239)|VARIABLE_ASSIGNMENT|[38]|req|"System.HttpRequest[Endpoint=null, Method=null]"|0x7fd87c64
13:12:11.0 (38975678)|STATEMENT_EXECUTE|[40]
13:12:11.0 (38985888)|METHOD_ENTRY|[40]||System.EncodingUtil.urlEncode(String, String)
13:12:11.0 (39019452)|METHOD_EXIT|[40]||System.EncodingUtil.urlEncode(String, String)
13:12:11.0 (39030672)|VARIABLE_ASSIGNMENT|[40]|address|"1525+Park+Pl%2CKings (22 more) ..."
13:12:11.0 (39034380)|STATEMENT_EXECUTE|[41]
13:12:11.0 (39040437)|HEAP_ALLOCATE|[41]|Bytes:111
13:12:11.0 (39057801)|STATEMENT_EXECUTE|[42]
13:12:11.0 (39066398)|STATEMENT_EXECUTE|[43]
13:12:11.0 (39074272)|VARIABLE_SCOPE_BEGIN|[43]|http|System.Http|true|false
13:12:11.0 (39107307)|VARIABLE_ASSIGNMENT|[43]|http|"System.Http[]"|0x4e933b77
13:12:11.0 (39112434)|STATEMENT_EXECUTE|[44]
13:12:11.0 (39115725)|VARIABLE_SCOPE_BEGIN|[44]|res|System.HttpResponse|true|false
13:12:11.0 (39120669)|VARIABLE_ASSIGNMENT|[44]|res|null|
13:12:11.0 (39128440)|METHOD_ENTRY|[45]||System.Test.isRunningTest()
13:12:11.0 (39139314)|METHOD_EXIT|[45]||System.Test.isRunningTest()
13:12:11.0 (39144533)|STATEMENT_EXECUTE|[45]
13:12:11.0 (39146104)|STATEMENT_EXECUTE|[46]
13:12:11.0 (50800852)|CALLOUT_REQUEST|[46]|System.HttpRequest[Endpoint=https://maps.googleapis.com/maps/api/geocode/xml?address=1525+Park+Pl%2CKings%2CNY%2CUSA%2C11213%2C&sensor=true, Method=GET]
13:12:11.0 (66041756)|HEAP_ALLOCATE|[EXTERNAL]|Bytes:743
13:12:11.0 (66092061)|CALLOUT_RESPONSE|[46]|System.HttpResponse[Status=OK, StatusCode=200]
13:12:11.0 (66103470)|HEAP_ALLOCATE|[46]|Bytes:314
13:12:11.0 (66148306)|VARIABLE_ASSIGNMENT|[46]|res|"System.HttpResponse[Status=OK, StatusCode=200]"|0x543b3c69
13:12:11.0 (66155123)|STATEMENT_EXECUTE|[57]
13:12:11.0 (66229749)|VARIABLE_SCOPE_BEGIN|[57]|doc|dom.Document|true|false
13:12:11.0 (66262417)|VARIABLE_ASSIGNMENT|[57]|doc|"Document[]"|0x56f7d1d8
13:12:11.0 (66267828)|STATEMENT_EXECUTE|[59]
13:12:11.0 (66286405)|VARIABLE_SCOPE_BEGIN|[59]|geocodeResponse|dom.XmlNode|true|false
13:12:11.0 (66341753)|VARIABLE_ASSIGNMENT|[59]|geocodeResponse|"XMLNode[ELEMENT,GeocodeResponse,null,null,null,[XMLNode[TEXT,null,null,null,null,null,\n ,], XMLNode[ELEMENT,status,null,null,null,[XMLNode[TEXT,null,null,null,null,null,OVER_QUERY_LIMIT,]],null,], XMLNode[TEXT,null,null,null,null,null,\n ,], XMLNode[ELEMENT,error_message,null,null,null,[XMLNode[TEXT,null,null,null,null,null,You have exceeded your daily request quota for this API. We recommend registering for a key at the Google Developers Console: https://console.developers.google.com/,]],null,], XMLNode[TEXT,null,null,null,null,null,\n,]],null,]"|0x1cd9fe0f
13:12:11.0 (66349915)|STATEMENT_EXECUTE|[60]
13:12:11.0 (66351723)|STATEMENT_EXECUTE|[62]
13:12:11.0 (66368551)|VARIABLE_SCOPE_BEGIN|[62]|result|dom.XmlNode|true|false
13:12:11.0 (66375124)|VARIABLE_ASSIGNMENT|[62]|result|null|
13:12:11.0 (66378409)|STATEMENT_EXECUTE|[63]
13:12:11.0 (66392091)|HEAP_ALLOCATE|[17]|Bytes:5
13:12:11.0 (66417460)|HEAP_ALLOCATE|[17]|Bytes:40
13:12:11.0 (66425609)|VARIABLE_SCOPE_BEGIN|[17]|acc|Account|true|false
13:12:11.0 (66450460)|VARIABLE_ASSIGNMENT|[17]|acc|{"s":1,"v":{"Id":"00136000008NvtzAAC","Name":"Employnet","BillingLatitude":39.9857771,"BillingLongitude":-75.421172,"BillingStreet":"26 Boot Rd","BillingCity":"Delaware","BillingState":"PA","BillingCountry":"USA","BillingPostalCode":"19073"}}|0x3a170d9c
13:12:11.0 (66455910)|STATEMENT_EXECUTE|[17]
13:12:11.0 (66457540)|STATEMENT_EXECUTE|[19]
13:12:11.0 (66460845)|VARIABLE_SCOPE_BEGIN|[19]|address|String|false|false
13:12:11.0 (66465390)|VARIABLE_ASSIGNMENT|[19]|address|""
13:12:11.0 (66475277)|STATEMENT_EXECUTE|[21]
13:12:11.0 (66477023)|STATEMENT_EXECUTE|[22]
13:12:11.0 (66484410)|HEAP_ALLOCATE|[22]|Bytes:11
13:12:11.0 (66489533)|HEAP_ALLOCATE|[22]|Bytes:11
13:12:11.0 (66495357)|VARIABLE_ASSIGNMENT|[22]|address|"26 Boot Rd,"
13:12:11.0 (66501304)|STATEMENT_EXECUTE|[24]
13:12:11.0 (66502859)|STATEMENT_EXECUTE|[25]
13:12:11.0 (66507846)|HEAP_ALLOCATE|[25]|Bytes:9
13:12:11.0 (66511887)|HEAP_ALLOCATE|[25]|Bytes:20
13:12:11.0 (66517095)|VARIABLE_ASSIGNMENT|[25]|address|"26 Boot Rd,Delaware,"
13:12:11.0 (66522381)|STATEMENT_EXECUTE|[27]
13:12:11.0 (66523838)|STATEMENT_EXECUTE|[28]
13:12:11.0 (66528423)|HEAP_ALLOCATE|[28]|Bytes:3
13:12:11.0 (66532225)|HEAP_ALLOCATE|[28]|Bytes:23
13:12:11.0 (66538524)|VARIABLE_ASSIGNMENT|[28]|address|"26 Boot Rd,Delaware, (3 more) ..."
13:12:11.0 (66544209)|STATEMENT_EXECUTE|[30]
13:12:11.0 (66545677)|STATEMENT_EXECUTE|[31]
13:12:11.0 (66550359)|HEAP_ALLOCATE|[31]|Bytes:4
13:12:11.0 (66554279)|HEAP_ALLOCATE|[31]|Bytes:27
13:12:11.0 (66560080)|VARIABLE_ASSIGNMENT|[31]|address|"26 Boot Rd,Delaware, (7 more) ..."
13:12:11.0 (66565652)|STATEMENT_EXECUTE|[33]
13:12:11.0 (66567249)|STATEMENT_EXECUTE|[34]
13:12:11.0 (66571882)|HEAP_ALLOCATE|[34]|Bytes:6
13:12:11.0 (66575694)|HEAP_ALLOCATE|[34]|Bytes:33
13:12:11.0 (66581691)|VARIABLE_ASSIGNMENT|[34]|address|"26 Boot Rd,Delaware, (13 more) ..."
13:12:11.0 (66591726)|STATEMENT_EXECUTE|[37]
13:12:11.0 (66593541)|STATEMENT_EXECUTE|[38]
13:12:11.0 (66603028)|VARIABLE_SCOPE_BEGIN|[38]|req|System.HttpRequest|true|false
13:12:11.0 (66638803)|VARIABLE_ASSIGNMENT|[38]|req|"System.HttpRequest[Endpoint=null, Method=null]"|0x3742a6c3
13:12:11.0 (66644252)|STATEMENT_EXECUTE|[40]
13:12:11.0 (66654174)|METHOD_ENTRY|[40]||System.EncodingUtil.urlEncode(String, String)
13:12:11.0 (66693208)|METHOD_EXIT|[40]||System.EncodingUtil.urlEncode(String, String)
13:12:11.0 (66703447)|VARIABLE_ASSIGNMENT|[40]|address|"26+Boot+Rd%2CDelawar (23 more) ..."
13:12:11.0 (66707056)|STATEMENT_EXECUTE|[41]
13:12:11.0 (66712742)|HEAP_ALLOCATE|[41]|Bytes:112
13:12:11.0 (66730128)|STATEMENT_EXECUTE|[42]
13:12:11.0 (66738808)|STATEMENT_EXECUTE|[43]
13:12:11.0 (66746872)|VARIABLE_SCOPE_BEGIN|[43]|http|System.Http|true|false
13:12:11.0 (66780001)|VARIABLE_ASSIGNMENT|[43]|http|"System.Http[]"|0xc296c81
13:12:11.0 (66785308)|STATEMENT_EXECUTE|[44]
13:12:11.0 (66788669)|VARIABLE_SCOPE_BEGIN|[44]|res|System.HttpResponse|true|false
13:12:11.0 (66793582)|VARIABLE_ASSIGNMENT|[44]|res|null|
13:12:11.0 (66801187)|METHOD_ENTRY|[45]||System.Test.isRunningTest()
13:12:11.0 (66811729)|METHOD_EXIT|[45]||System.Test.isRunningTest()
13:12:11.0 (66817011)|STATEMENT_EXECUTE|[45]
13:12:11.0 (66818607)|STATEMENT_EXECUTE|[46]
13:12:11.0 (70013886)|CALLOUT_REQUEST|[46]|System.HttpRequest[Endpoint=https://maps.googleapis.com/maps/api/geocode/xml?address=26+Boot+Rd%2CDelaware%2CPA%2CUSA%2C19073%2C&sensor=true, Method=GET]
13:12:11.0 (85801189)|HEAP_ALLOCATE|[EXTERNAL]|Bytes:743
13:12:11.0 (85852527)|CALLOUT_RESPONSE|[46]|System.HttpResponse[Status=OK, StatusCode=200]
13:12:11.0 (85864138)|HEAP_ALLOCATE|[46]|Bytes:314
13:12:11.0 (85909017)|VARIABLE_ASSIGNMENT|[46]|res|"System.HttpResponse[Status=OK, StatusCode=200]"|0x5714bf5e
13:12:11.0 (85915440)|STATEMENT_EXECUTE|[57]
13:12:11.0 (85991952)|VARIABLE_SCOPE_BEGIN|[57]|doc|dom.Document|true|false
13:12:11.0 (86024506)|VARIABLE_ASSIGNMENT|[57]|doc|"Document[]"|0x28735e22
13:12:11.0 (86030649)|STATEMENT_EXECUTE|[59]
13:12:11.0 (86048682)|VARIABLE_SCOPE_BEGIN|[59]|geocodeResponse|dom.XmlNode|true|false
13:12:11.0 (86103715)|VARIABLE_ASSIGNMENT|[59]|geocodeResponse|"XMLNode[ELEMENT,GeocodeResponse,null,null,null,[XMLNode[TEXT,null,null,null,null,null,\n ,], XMLNode[ELEMENT,status,null,null,null,[XMLNode[TEXT,null,null,null,null,null,OVER_QUERY_LIMIT,]],null,], XMLNode[TEXT,null,null,null,null,null,\n ,], XMLNode[ELEMENT,error_message,null,null,null,[XMLNode[TEXT,null,null,null,null,null,You have exceeded your daily request quota for this API. We recommend registering for a key at the Google Developers Console: https://console.developers.google.com/,]],null,], XMLNode[TEXT,null,null,null,null,null,\n,]],null,]"|0xc4a3603
13:12:11.0 (86111853)|STATEMENT_EXECUTE|[60]
13:12:11.0 (86113574)|STATEMENT_EXECUTE|[62]
13:12:11.0 (86134295)|VARIABLE_SCOPE_BEGIN|[62]|result|dom.XmlNode|true|false
13:12:11.0 (86140940)|VARIABLE_ASSIGNMENT|[62]|result|null|
13:12:11.0 (86144429)|STATEMENT_EXECUTE|[63]
13:12:11.0 (86158447)|HEAP_ALLOCATE|[17]|Bytes:5
13:12:11.0 (86182936)|HEAP_ALLOCATE|[17]|Bytes:32
13:12:11.0 (86190906)|VARIABLE_SCOPE_BEGIN|[17]|acc|Account|true|false
13:12:11.0 (86211977)|VARIABLE_ASSIGNMENT|[17]|acc|{"s":1,"v":{"Id":"00136000008Nvu0AAC","Name":"General Utilities","BillingStreet":"550 West Washington  (9 more) ...","BillingCity":"Chicago","BillingState":"IL","BillingCountry":"USA","BillingPostalCode":"60661"}}|0x6190112d
13:12:11.0 (86217311)|STATEMENT_EXECUTE|[17]
13:12:11.0 (86218931)|STATEMENT_EXECUTE|[19]
13:12:11.0 (86222125)|VARIABLE_SCOPE_BEGIN|[19]|address|String|false|false
13:12:11.0 (86226327)|VARIABLE_ASSIGNMENT|[19]|address|""
13:12:11.0 (86236123)|STATEMENT_EXECUTE|[21]
13:12:11.0 (86237941)|STATEMENT_EXECUTE|[22]
13:12:11.0 (86245210)|HEAP_ALLOCATE|[22]|Bytes:30
13:12:11.0 (86250181)|HEAP_ALLOCATE|[22]|Bytes:30
13:12:11.0 (86256931)|VARIABLE_ASSIGNMENT|[22]|address|"550 West Washington  (10 more) ..."
13:12:11.0 (86262880)|STATEMENT_EXECUTE|[24]
13:12:11.0 (86264399)|STATEMENT_EXECUTE|[25]
13:12:11.0 (86269377)|HEAP_ALLOCATE|[25]|Bytes:8
13:12:11.0 (86273382)|HEAP_ALLOCATE|[25]|Bytes:38
13:12:11.0 (86279212)|VARIABLE_ASSIGNMENT|[25]|address|"550 West Washington  (18 more) ..."
13:12:11.0 (86284707)|STATEMENT_EXECUTE|[27]
13:12:11.0 (86286139)|STATEMENT_EXECUTE|[28]
13:12:11.0 (86291187)|HEAP_ALLOCATE|[28]|Bytes:3
13:12:11.0 (86294852)|HEAP_ALLOCATE|[28]|Bytes:41
13:12:11.0 (86300457)|VARIABLE_ASSIGNMENT|[28]|address|"550 West Washington  (21 more) ..."
13:12:11.0 (86305860)|STATEMENT_EXECUTE|[30]
13:12:11.0 (86307311)|STATEMENT_EXECUTE|[31]
13:12:11.0 (86312029)|HEAP_ALLOCATE|[31]|Bytes:4
13:12:11.0 (86315984)|HEAP_ALLOCATE|[31]|Bytes:45
13:12:11.0 (86321667)|VARIABLE_ASSIGNMENT|[31]|address|"550 West Washington  (25 more) ..."
13:12:11.0 (86327024)|STATEMENT_EXECUTE|[33]
13:12:11.0 (86328488)|STATEMENT_EXECUTE|[34]
13:12:11.0 (86333056)|HEAP_ALLOCATE|[34]|Bytes:6
13:12:11.0 (86336781)|HEAP_ALLOCATE|[34]|Bytes:51
13:12:11.0 (86342447)|VARIABLE_ASSIGNMENT|[34]|address|"550 West Washington  (31 more) ..."
13:12:11.0 (86352534)|STATEMENT_EXECUTE|[37]
13:12:11.0 (86354402)|STATEMENT_EXECUTE|[38]
13:12:11.0 (86363868)|VARIABLE_SCOPE_BEGIN|[38]|req|System.HttpRequest|true|false
13:12:11.0 (86399205)|VARIABLE_ASSIGNMENT|[38]|req|"System.HttpRequest[Endpoint=null, Method=null]"|0x130cac0e
13:12:11.0 (86404765)|STATEMENT_EXECUTE|[40]
13:12:11.0 (86414835)|METHOD_ENTRY|[40]||System.EncodingUtil.urlEncode(String, String)
13:12:11.0 (86447414)|METHOD_EXIT|[40]||System.EncodingUtil.urlEncode(String, String)
13:12:11.0 (86457092)|VARIABLE_ASSIGNMENT|[40]|address|"550+West+Washington+ (41 more) ..."
13:12:11.0 (86460673)|STATEMENT_EXECUTE|[41]
13:12:11.0 (86466370)|HEAP_ALLOCATE|[41]|Bytes:130
13:12:11.0 (86483087)|STATEMENT_EXECUTE|[42]
13:12:11.0 (86491718)|STATEMENT_EXECUTE|[43]
13:12:11.0 (86499193)|VARIABLE_SCOPE_BEGIN|[43]|http|System.Http|true|false
13:12:11.0 (86531697)|VARIABLE_ASSIGNMENT|[43]|http|"System.Http[]"|0x7c9ba209
13:12:11.0 (86536905)|STATEMENT_EXECUTE|[44]
13:12:11.0 (86540198)|VARIABLE_SCOPE_BEGIN|[44]|res|System.HttpResponse|true|false
13:12:11.0 (86545050)|VARIABLE_ASSIGNMENT|[44]|res|null|
13:12:11.0 (86552574)|METHOD_ENTRY|[45]||System.Test.isRunningTest()
13:12:11.0 (86562991)|METHOD_EXIT|[45]||System.Test.isRunningTest()
13:12:11.0 (86568409)|STATEMENT_EXECUTE|[45]
13:12:11.0 (86570114)|STATEMENT_EXECUTE|[46]
13:12:11.0 (88524832)|CALLOUT_REQUEST|[46]|System.HttpRequest[Endpoint=https://maps.googleapis.com/maps/api/geocode/xml?address=550+West+Washington+Boulevard%2CChicago%2CIL%2CUSA%2C60661%2C&sensor=true, Method=GET]
13:12:11.0 (102901976)|HEAP_ALLOCATE|[EXTERNAL]|Bytes:743
13:12:11.0 (102970462)|CALLOUT_RESPONSE|[46]|System.HttpResponse[Status=OK, StatusCode=200]
13:12:11.0 (102985885)|HEAP_ALLOCATE|[46]|Bytes:314
13:12:11.0 (103048781)|VARIABLE_ASSIGNMENT|[46]|res|"System.HttpResponse[Status=OK, StatusCode=200]"|0x1861cbef
13:12:11.0 (103059703)|STATEMENT_EXECUTE|[57]
13:12:11.0 (103149918)|VARIABLE_SCOPE_BEGIN|[57]|doc|dom.Document|true|false
13:12:11.0 (103184770)|VARIABLE_ASSIGNMENT|[57]|doc|"Document[]"|0x6f5cbb71
13:12:11.0 (103190294)|STATEMENT_EXECUTE|[59]
13:12:11.0 (103211752)|VARIABLE_SCOPE_BEGIN|[59]|geocodeResponse|dom.XmlNode|true|false
13:12:11.0 (103270159)|VARIABLE_ASSIGNMENT|[59]|geocodeResponse|"XMLNode[ELEMENT,GeocodeResponse,null,null,null,[XMLNode[TEXT,null,null,null,null,null,\n ,], XMLNode[ELEMENT,status,null,null,null,[XMLNode[TEXT,null,null,null,null,null,OVER_QUERY_LIMIT,]],null,], XMLNode[TEXT,null,null,null,null,null,\n ,], XMLNode[ELEMENT,error_message,null,null,null,[XMLNode[TEXT,null,null,null,null,null,You have exceeded your daily request quota for this API. We recommend registering for a key at the Google Developers Console: https://console.developers.google.com/,]],null,], XMLNode[TEXT,null,null,null,null,null,\n,]],null,]"|0x5f0120f0
13:12:11.0 (103278502)|STATEMENT_EXECUTE|[60]
13:12:11.0 (103280561)|STATEMENT_EXECUTE|[62]
13:12:11.0 (103299228)|VARIABLE_SCOPE_BEGIN|[62]|result|dom.XmlNode|true|false
13:12:11.0 (103306442)|VARIABLE_ASSIGNMENT|[62]|result|null|
13:12:11.0 (103309872)|STATEMENT_EXECUTE|[63]
13:12:11.0 (103330232)|HEAP_ALLOCATE|[17]|Bytes:5
13:12:11.0 (103364877)|HEAP_ALLOCATE|[17]|Bytes:32
13:12:11.0 (103374765)|VARIABLE_SCOPE_BEGIN|[17]|acc|Account|true|false
13:12:11.0 (103400554)|VARIABLE_ASSIGNMENT|[17]|acc|{"s":1,"v":{"Id":"00136000008Nvu1AAC","Name":"Good Fellas Audio","BillingStreet":"5680 Hardwoods Cove","BillingCity":"Friedensburg","BillingState":"PA","BillingCountry":"USA","BillingPostalCode":"17933"}}|0x11c57ee9
13:12:11.0 (103405659)|STATEMENT_EXECUTE|[17]
13:12:11.0 (103407367)|STATEMENT_EXECUTE|[19]
13:12:11.0 (103411001)|VARIABLE_SCOPE_BEGIN|[19]|address|String|false|false
13:12:11.0 (103415484)|VARIABLE_ASSIGNMENT|[19]|address|""
13:12:11.0 (103430162)|STATEMENT_EXECUTE|[21]
13:12:11.0 (103432038)|STATEMENT_EXECUTE|[22]
13:12:11.0 (103442409)|HEAP_ALLOCATE|[22]|Bytes:20
13:12:11.0 (103447836)|HEAP_ALLOCATE|[22]|Bytes:20
13:12:11.0 (103454142)|VARIABLE_ASSIGNMENT|[22]|address|"5680 Hardwoods Cove,"
13:12:11.0 (103460393)|STATEMENT_EXECUTE|[24]
13:12:11.0 (103461909)|STATEMENT_EXECUTE|[25]
13:12:11.0 (103466805)|HEAP_ALLOCATE|[25]|Bytes:13
13:12:11.0 (103470647)|HEAP_ALLOCATE|[25]|Bytes:33
13:12:11.0 (103477031)|VARIABLE_ASSIGNMENT|[25]|address|"5680 Hardwoods Cove, (13 more) ..."
13:12:11.0 (103483369)|STATEMENT_EXECUTE|[27]
13:12:11.0 (103484970)|STATEMENT_EXECUTE|[28]
13:12:11.0 (103489710)|HEAP_ALLOCATE|[28]|Bytes:3
13:12:11.0 (103493604)|HEAP_ALLOCATE|[28]|Bytes:36
13:12:11.0 (103499659)|VARIABLE_ASSIGNMENT|[28]|address|"5680 Hardwoods Cove, (16 more) ..."
13:12:11.0 (103520668)|STATEMENT_EXECUTE|[30]
13:12:11.0 (103524650)|STATEMENT_EXECUTE|[31]
13:12:11.0 (103536241)|HEAP_ALLOCATE|[31]|Bytes:4
13:12:11.0 (103545000)|HEAP_ALLOCATE|[31]|Bytes:40
13:12:11.0 (103558348)|VARIABLE_ASSIGNMENT|[31]|address|"5680 Hardwoods Cove, (20 more) ..."
13:12:11.0 (103572193)|STATEMENT_EXECUTE|[33]
13:12:11.0 (103574869)|STATEMENT_EXECUTE|[34]
13:12:11.0 (103582874)|HEAP_ALLOCATE|[34]|Bytes:6
13:12:11.0 (103587739)|HEAP_ALLOCATE|[34]|Bytes:46
13:12:11.0 (103595157)|VARIABLE_ASSIGNMENT|[34]|address|"5680 Hardwoods Cove, (26 more) ..."
13:12:11.0 (103610428)|STATEMENT_EXECUTE|[37]
13:12:11.0 (103612283)|STATEMENT_EXECUTE|[38]
13:12:11.0 (103625004)|VARIABLE_SCOPE_BEGIN|[38]|req|System.HttpRequest|true|false
13:12:11.0 (103667631)|VARIABLE_ASSIGNMENT|[38]|req|"System.HttpRequest[Endpoint=null, Method=null]"|0x7edf18d
13:12:11.0 (103673466)|STATEMENT_EXECUTE|[40]
13:12:11.0 (103686676)|METHOD_ENTRY|[40]||System.EncodingUtil.urlEncode(String, String)
13:12:11.0 (103725235)|METHOD_EXIT|[40]||System.EncodingUtil.urlEncode(String, String)
13:12:11.0 (103735344)|VARIABLE_ASSIGNMENT|[40]|address|"5680+Hardwoods+Cove% (36 more) ..."
13:12:11.0 (103738967)|STATEMENT_EXECUTE|[41]
13:12:11.0 (103745230)|HEAP_ALLOCATE|[41]|Bytes:125
13:12:11.0 (103763438)|STATEMENT_EXECUTE|[42]
13:12:11.0 (103773203)|STATEMENT_EXECUTE|[43]
13:12:11.0 (103782360)|VARIABLE_SCOPE_BEGIN|[43]|http|System.Http|true|false
13:12:11.0 (103845095)|VARIABLE_ASSIGNMENT|[43]|http|"System.Http[]"|0x5b30f2de
13:12:11.0 (103852772)|STATEMENT_EXECUTE|[44]
13:12:11.0 (103858966)|VARIABLE_SCOPE_BEGIN|[44]|res|System.HttpResponse|true|false
13:12:11.0 (103867790)|VARIABLE_ASSIGNMENT|[44]|res|null|
13:12:11.0 (103880565)|METHOD_ENTRY|[45]||System.Test.isRunningTest()
13:12:11.0 (103898810)|METHOD_EXIT|[45]||System.Test.isRunningTest()
13:12:11.0 (103909074)|STATEMENT_EXECUTE|[45]
13:12:11.0 (103912056)|STATEMENT_EXECUTE|[46]
13:12:11.0 (106708676)|CALLOUT_REQUEST|[46]|System.HttpRequest[Endpoint=https://maps.googleapis.com/maps/api/geocode/xml?address=5680+Hardwoods+Cove%2CFriedensburg%2CPA%2CUSA%2C17933%2C&sensor=true, Method=GET]
13:12:11.0 (122304013)|HEAP_ALLOCATE|[EXTERNAL]|Bytes:743
13:12:11.0 (122372152)|CALLOUT_RESPONSE|[46]|System.HttpResponse[Status=OK, StatusCode=200]
13:12:11.0 (122387819)|HEAP_ALLOCATE|[46]|Bytes:314
13:12:11.0 (122445603)|VARIABLE_ASSIGNMENT|[46]|res|"System.HttpResponse[Status=OK, StatusCode=200]"|0x5948bb7c
13:12:11.0 (122453925)|STATEMENT_EXECUTE|[57]
13:12:11.0 (122546863)|VARIABLE_SCOPE_BEGIN|[57]|doc|dom.Document|true|false
13:12:11.0 (122581582)|VARIABLE_ASSIGNMENT|[57]|doc|"Document[]"|0x75f836e6
13:12:11.0 (122587094)|STATEMENT_EXECUTE|[59]
13:12:11.0 (122608221)|VARIABLE_SCOPE_BEGIN|[59]|geocodeResponse|dom.XmlNode|true|false
13:12:11.0 (122671154)|VARIABLE_ASSIGNMENT|[59]|geocodeResponse|"XMLNode[ELEMENT,GeocodeResponse,null,null,null,[XMLNode[TEXT,null,null,null,null,null,\n ,], XMLNode[ELEMENT,status,null,null,null,[XMLNode[TEXT,null,null,null,null,null,OVER_QUERY_LIMIT,]],null,], XMLNode[TEXT,null,null,null,null,null,\n ,], XMLNode[ELEMENT,error_message,null,null,null,[XMLNode[TEXT,null,null,null,null,null,You have exceeded your daily request quota for this API. We recommend registering for a key at the Google Developers Console: https://console.developers.google.com/,]],null,], XMLNode[TEXT,null,null,null,null,null,\n,]],null,]"|0x562bbc9a
13:12:11.0 (122680386)|STATEMENT_EXECUTE|[60]
13:12:11.0 (122682380)|STATEMENT_EXECUTE|[62]
13:12:11.0 (122703259)|VARIABLE_SCOPE_BEGIN|[62]|result|dom.XmlNode|true|false
13:12:11.0 (122710551)|VARIABLE_ASSIGNMENT|[62]|result|null|
13:12:11.0 (122713917)|STATEMENT_EXECUTE|[63]
13:12:11.0 (122754282)|HEAP_ALLOCATE|[17]|Bytes:5
13:12:11.0 (122805239)|HEAP_ALLOCATE|[17]|Bytes:32
13:12:11.0 (122818961)|VARIABLE_SCOPE_BEGIN|[17]|acc|Account|true|false
13:12:11.0 (122846280)|VARIABLE_ASSIGNMENT|[17]|acc|{"s":1,"v":{"Id":"00136000008Nvu2AAC","Name":"Green Fields Media","BillingStreet":"660 Sutter St","BillingCity":"San Francisco","BillingState":"CO","BillingCountry":"USA","BillingPostalCode":"94102-1018"}}|0x6a452bb9
13:12:11.0 (122852044)|STATEMENT_EXECUTE|[17]
13:12:11.0 (122853759)|STATEMENT_EXECUTE|[19]
13:12:11.0 (122857426)|VARIABLE_SCOPE_BEGIN|[19]|address|String|false|false
13:12:11.0 (122862352)|VARIABLE_ASSIGNMENT|[19]|address|""
13:12:11.0 (122877156)|STATEMENT_EXECUTE|[21]
13:12:11.0 (122878983)|STATEMENT_EXECUTE|[22]
13:12:11.0 (122889826)|HEAP_ALLOCATE|[22]|Bytes:14
13:12:11.0 (122895164)|HEAP_ALLOCATE|[22]|Bytes:14
13:12:11.0 (122900968)|VARIABLE_ASSIGNMENT|[22]|address|"660 Sutter St,"
13:12:11.0 (122907567)|STATEMENT_EXECUTE|[24]
13:12:11.0 (122909106)|STATEMENT_EXECUTE|[25]
13:12:11.0 (122914108)|HEAP_ALLOCATE|[25]|Bytes:14
13:12:11.0 (122918023)|HEAP_ALLOCATE|[25]|Bytes:28
13:12:11.0 (122924627)|VARIABLE_ASSIGNMENT|[25]|address|"660 Sutter St,San Fr (8 more) ..."
13:12:11.0 (122931431)|STATEMENT_EXECUTE|[27]
13:12:11.0 (122933017)|STATEMENT_EXECUTE|[28]
13:12:11.0 (122937980)|HEAP_ALLOCATE|[28]|Bytes:3
13:12:11.0 (122942284)|HEAP_ALLOCATE|[28]|Bytes:31
13:12:11.0 (122948241)|VARIABLE_ASSIGNMENT|[28]|address|"660 Sutter St,San Fr (11 more) ..."
13:12:11.0 (122954462)|STATEMENT_EXECUTE|[30]
13:12:11.0 (122956143)|STATEMENT_EXECUTE|[31]
13:12:11.0 (122961064)|HEAP_ALLOCATE|[31]|Bytes:4
13:12:11.0 (122965114)|HEAP_ALLOCATE|[31]|Bytes:35
13:12:11.0 (122970864)|VARIABLE_ASSIGNMENT|[31]|address|"660 Sutter St,San Fr (15 more) ..."
13:12:11.0 (122976897)|STATEMENT_EXECUTE|[33]
13:12:11.0 (122978447)|STATEMENT_EXECUTE|[34]
13:12:11.0 (122983224)|HEAP_ALLOCATE|[34]|Bytes:11
13:12:11.0 (122987042)|HEAP_ALLOCATE|[34]|Bytes:46
13:12:11.0 (122992505)|VARIABLE_ASSIGNMENT|[34]|address|"660 Sutter St,San Fr (26 more) ..."
13:12:11.0 (123008681)|STATEMENT_EXECUTE|[37]
13:12:11.0 (123011768)|STATEMENT_EXECUTE|[38]
13:12:11.0 (123024067)|VARIABLE_SCOPE_BEGIN|[38]|req|System.HttpRequest|true|false
13:12:11.0 (123076101)|VARIABLE_ASSIGNMENT|[38]|req|"System.HttpRequest[Endpoint=null, Method=null]"|0x76cafed6
13:12:11.0 (123084545)|STATEMENT_EXECUTE|[40]
13:12:11.0 (123104472)|METHOD_ENTRY|[40]||System.EncodingUtil.urlEncode(String, String)
13:12:11.0 (123165079)|METHOD_EXIT|[40]||System.EncodingUtil.urlEncode(String, String)
13:12:11.0 (123182974)|VARIABLE_ASSIGNMENT|[40]|address|"660+Sutter+St%2CSan+ (36 more) ..."
13:12:11.0 (123189202)|STATEMENT_EXECUTE|[41]
13:12:11.0 (123200696)|HEAP_ALLOCATE|[41]|Bytes:125
13:12:11.0 (123232349)|STATEMENT_EXECUTE|[42]
13:12:11.0 (123252292)|STATEMENT_EXECUTE|[43]
13:12:11.0 (123267198)|VARIABLE_SCOPE_BEGIN|[43]|http|System.Http|true|false
13:12:11.0 (123313524)|VARIABLE_ASSIGNMENT|[43]|http|"System.Http[]"|0x49f5025f
13:12:11.0 (123319454)|STATEMENT_EXECUTE|[44]
13:12:11.0 (123323267)|VARIABLE_SCOPE_BEGIN|[44]|res|System.HttpResponse|true|false
13:12:11.0 (123328830)|VARIABLE_ASSIGNMENT|[44]|res|null|
13:12:11.0 (123338377)|METHOD_ENTRY|[45]||System.Test.isRunningTest()
13:12:11.0 (123351598)|METHOD_EXIT|[45]||System.Test.isRunningTest()
13:12:11.0 (123357709)|STATEMENT_EXECUTE|[45]
13:12:11.0 (123359355)|STATEMENT_EXECUTE|[46]
13:12:11.0 (125992224)|CALLOUT_REQUEST|[46]|System.HttpRequest[Endpoint=https://maps.googleapis.com/maps/api/geocode/xml?address=660+Sutter+St%2CSan+Francisco%2CCO%2CUSA%2C94102-1018%2C&sensor=true, Method=GET]
13:12:11.0 (140497246)|HEAP_ALLOCATE|[EXTERNAL]|Bytes:743
13:12:11.0 (140553358)|CALLOUT_RESPONSE|[46]|System.HttpResponse[Status=OK, StatusCode=200]
13:12:11.0 (140566396)|HEAP_ALLOCATE|[46]|Bytes:314
13:12:11.0 (140617467)|VARIABLE_ASSIGNMENT|[46]|res|"System.HttpResponse[Status=OK, StatusCode=200]"|0x3dbc0db2
13:12:11.0 (140624580)|STATEMENT_EXECUTE|[57]
13:12:11.0 (140735983)|VARIABLE_SCOPE_BEGIN|[57]|doc|dom.Document|true|false
13:12:11.0 (140783086)|VARIABLE_ASSIGNMENT|[57]|doc|"Document[]"|0x166a4855
13:12:11.0 (140790814)|STATEMENT_EXECUTE|[59]
13:12:11.0 (140818121)|VARIABLE_SCOPE_BEGIN|[59]|geocodeResponse|dom.XmlNode|true|false
13:12:11.0 (140900603)|VARIABLE_ASSIGNMENT|[59]|geocodeResponse|"XMLNode[ELEMENT,GeocodeResponse,null,null,null,[XMLNode[TEXT,null,null,null,null,null,\n ,], XMLNode[ELEMENT,status,null,null,null,[XMLNode[TEXT,null,null,null,null,null,OVER_QUERY_LIMIT,]],null,], XMLNode[TEXT,null,null,null,null,null,\n ,], XMLNode[ELEMENT,error_message,null,null,null,[XMLNode[TEXT,null,null,null,null,null,You have exceeded your daily request quota for this API. We recommend registering for a key at the Google Developers Console: https://console.developers.google.com/,]],null,], XMLNode[TEXT,null,null,null,null,null,\n,]],null,]"|0xb881dc5
13:12:11.0 (140913059)|STATEMENT_EXECUTE|[60]
13:12:11.0 (140916432)|STATEMENT_EXECUTE|[62]
13:12:11.0 (140944301)|VARIABLE_SCOPE_BEGIN|[62]|result|dom.XmlNode|true|false
13:12:11.0 (140955942)|VARIABLE_ASSIGNMENT|[62]|result|null|
13:12:11.0 (140962314)|STATEMENT_EXECUTE|[63]
13:12:11.0 (140985916)|HEAP_ALLOCATE|[17]|Bytes:5
13:12:11.0 (141028314)|HEAP_ALLOCATE|[17]|Bytes:32
13:12:11.0 (141044899)|VARIABLE_SCOPE_BEGIN|[17]|acc|Account|true|false
13:12:11.0 (141079022)|VARIABLE_ASSIGNMENT|[17]|acc|{"s":1,"v":{"Id":"00136000008Nvu3AAC","Name":"Gusto Sound and Audi (1 more) ...","BillingStreet":"69 Oberlin","BillingCity":"Stevens Point","BillingState":"WI","BillingCountry":"USA","BillingPostalCode":"54481"}}|0x4e0e0ebd
13:12:11.0 (141087279)|STATEMENT_EXECUTE|[17]
13:12:11.0 (141090273)|STATEMENT_EXECUTE|[19]
13:12:11.0 (141096435)|VARIABLE_SCOPE_BEGIN|[19]|address|String|false|false
13:12:11.0 (141105501)|VARIABLE_ASSIGNMENT|[19]|address|""
13:12:11.0 (141124077)|STATEMENT_EXECUTE|[21]
13:12:11.0 (141127752)|STATEMENT_EXECUTE|[22]
13:12:11.0 (141142110)|HEAP_ALLOCATE|[22]|Bytes:11
13:12:11.0 (141152120)|HEAP_ALLOCATE|[22]|Bytes:11
13:12:11.0 (141165284)|VARIABLE_ASSIGNMENT|[22]|address|"69 Oberlin,"
13:12:11.0 (141177595)|STATEMENT_EXECUTE|[24]
13:12:11.0 (141180551)|STATEMENT_EXECUTE|[25]
13:12:11.0 (141192206)|HEAP_ALLOCATE|[25]|Bytes:14
13:12:11.0 (141201073)|HEAP_ALLOCATE|[25]|Bytes:25
13:12:11.0 (141215171)|VARIABLE_ASSIGNMENT|[25]|address|"69 Oberlin,Stevens P (5 more) ..."
13:12:11.0 (141228946)|STATEMENT_EXECUTE|[27]
13:12:11.0 (141232769)|STATEMENT_EXECUTE|[28]
13:12:11.0 (141244756)|HEAP_ALLOCATE|[28]|Bytes:3
13:12:11.0 (141254306)|HEAP_ALLOCATE|[28]|Bytes:28
13:12:11.0 (141267654)|VARIABLE_ASSIGNMENT|[28]|address|"69 Oberlin,Stevens P (8 more) ..."
13:12:11.0 (141280732)|STATEMENT_EXECUTE|[30]
13:12:11.0 (141284193)|STATEMENT_EXECUTE|[31]
13:12:11.0 (141295668)|HEAP_ALLOCATE|[31]|Bytes:4
13:12:11.0 (141304229)|HEAP_ALLOCATE|[31]|Bytes:32
13:12:11.0 (141316288)|VARIABLE_ASSIGNMENT|[31]|address|"69 Oberlin,Stevens P (12 more) ..."
13:12:11.0 (141328406)|STATEMENT_EXECUTE|[33]
13:12:11.0 (141331611)|STATEMENT_EXECUTE|[34]
13:12:11.0 (141343050)|HEAP_ALLOCATE|[34]|Bytes:6
13:12:11.0 (141351267)|HEAP_ALLOCATE|[34]|Bytes:38
13:12:11.0 (141363725)|VARIABLE_ASSIGNMENT|[34]|address|"69 Oberlin,Stevens P (18 more) ..."
13:12:11.0 (141384550)|STATEMENT_EXECUTE|[37]
13:12:11.0 (141388310)|STATEMENT_EXECUTE|[38]
13:12:11.0 (141404993)|VARIABLE_SCOPE_BEGIN|[38]|req|System.HttpRequest|true|false
13:12:11.0 (141459339)|VARIABLE_ASSIGNMENT|[38]|req|"System.HttpRequest[Endpoint=null, Method=null]"|0x13825b53
13:12:11.0 (141468091)|STATEMENT_EXECUTE|[40]
13:12:11.0 (141483239)|METHOD_ENTRY|[40]||System.EncodingUtil.urlEncode(String, String)
13:12:11.0 (141540095)|METHOD_EXIT|[40]||System.EncodingUtil.urlEncode(String, String)
13:12:11.0 (141557647)|VARIABLE_ASSIGNMENT|[40]|address|"69+Oberlin%2CStevens (28 more) ..."
13:12:11.0 (141564306)|STATEMENT_EXECUTE|[41]
13:12:11.0 (141575195)|HEAP_ALLOCATE|[41]|Bytes:117
13:12:11.0 (141605974)|STATEMENT_EXECUTE|[42]
13:12:11.0 (141627344)|STATEMENT_EXECUTE|[43]
13:12:11.0 (141641723)|VARIABLE_SCOPE_BEGIN|[43]|http|System.Http|true|false
13:12:11.0 (141697027)|VARIABLE_ASSIGNMENT|[43]|http|"System.Http[]"|0x1c43c89b
13:12:11.0 (141704789)|STATEMENT_EXECUTE|[44]
13:12:11.0 (141710358)|VARIABLE_SCOPE_BEGIN|[44]|res|System.HttpResponse|true|false
13:12:11.0 (141720030)|VARIABLE_ASSIGNMENT|[44]|res|null|
13:12:11.0 (141732972)|METHOD_ENTRY|[45]||System.Test.isRunningTest()
13:12:11.0 (141751750)|METHOD_EXIT|[45]||System.Test.isRunningTest()
13:12:11.0 (141761661)|STATEMENT_EXECUTE|[45]
13:12:11.0 (141764830)|STATEMENT_EXECUTE|[46]
13:12:11.0 (144020945)|CALLOUT_REQUEST|[46]|System.HttpRequest[Endpoint=https://maps.googleapis.com/maps/api/geocode/xml?address=69+Oberlin%2CStevens+Point%2CWI%2CUSA%2C54481%2C&sensor=true, Method=GET]
13:12:11.0 (158319805)|HEAP_ALLOCATE|[EXTERNAL]|Bytes:743
13:12:11.0 (158370340)|CALLOUT_RESPONSE|[46]|System.HttpResponse[Status=OK, StatusCode=200]
13:12:11.0 (158382140)|HEAP_ALLOCATE|[46]|Bytes:314
13:12:11.0 (158427872)|VARIABLE_ASSIGNMENT|[46]|res|"System.HttpResponse[Status=OK, StatusCode=200]"|0x13e28bb4
13:12:11.0 (158434348)|STATEMENT_EXECUTE|[57]
13:12:11.0 (158511678)|VARIABLE_SCOPE_BEGIN|[57]|doc|dom.Document|true|false
13:12:11.0 (158545042)|VARIABLE_ASSIGNMENT|[57]|doc|"Document[]"|0x31f4cf01
13:12:11.0 (158550538)|STATEMENT_EXECUTE|[59]
13:12:11.0 (158569840)|VARIABLE_SCOPE_BEGIN|[59]|geocodeResponse|dom.XmlNode|true|false
13:12:11.0 (158626390)|VARIABLE_ASSIGNMENT|[59]|geocodeResponse|"XMLNode[ELEMENT,GeocodeResponse,null,null,null,[XMLNode[TEXT,null,null,null,null,null,\n ,], XMLNode[ELEMENT,status,null,null,null,[XMLNode[TEXT,null,null,null,null,null,OVER_QUERY_LIMIT,]],null,], XMLNode[TEXT,null,null,null,null,null,\n ,], XMLNode[ELEMENT,error_message,null,null,null,[XMLNode[TEXT,null,null,null,null,null,You have exceeded your daily request quota for this API. We recommend registering for a key at the Google Developers Console: https://console.developers.google.com/,]],null,], XMLNode[TEXT,null,null,null,null,null,\n,]],null,]"|0x44970ce5
13:12:11.0 (158634923)|STATEMENT_EXECUTE|[60]
13:12:11.0 (158636833)|STATEMENT_EXECUTE|[62]
13:12:11.0 (158654031)|VARIABLE_SCOPE_BEGIN|[62]|result|dom.XmlNode|true|false
13:12:11.0 (158660831)|VARIABLE_ASSIGNMENT|[62]|result|null|
13:12:11.0 (158664235)|STATEMENT_EXECUTE|[63]
13:12:11.0 (158678475)|HEAP_ALLOCATE|[17]|Bytes:5
13:12:11.0 (158710115)|HEAP_ALLOCATE|[17]|Bytes:20
13:12:11.0 (158718502)|VARIABLE_SCOPE_BEGIN|[17]|acc|Account|true|false
13:12:11.0 (158736976)|VARIABLE_ASSIGNMENT|[17]|acc|{"s":1,"v":{"Id":"00136000008Nvu4AAC","Name":"Harmon Consulting","BillingCountry":"USA","BillingPostalCode":"94105-5188"}}|0x5bfc6bc1
13:12:11.0 (158742091)|STATEMENT_EXECUTE|[17]
13:12:11.0 (158743765)|STATEMENT_EXECUTE|[19]
13:12:11.0 (158746976)|VARIABLE_SCOPE_BEGIN|[19]|address|String|false|false
13:12:11.0 (158751420)|VARIABLE_ASSIGNMENT|[19]|address|""
13:12:11.0 (158758872)|STATEMENT_EXECUTE|[21]
13:12:11.0 (158761961)|STATEMENT_EXECUTE|[24]
13:12:11.0 (158764652)|STATEMENT_EXECUTE|[27]
13:12:11.0 (158769962)|STATEMENT_EXECUTE|[30]
13:12:11.0 (158771375)|STATEMENT_EXECUTE|[31]
13:12:11.0 (158778464)|HEAP_ALLOCATE|[31]|Bytes:4
13:12:11.0 (158783570)|HEAP_ALLOCATE|[31]|Bytes:4
13:12:11.0 (158789382)|VARIABLE_ASSIGNMENT|[31]|address|"USA,"
13:12:11.0 (158795176)|STATEMENT_EXECUTE|[33]
13:12:11.0 (158796713)|STATEMENT_EXECUTE|[34]
13:12:11.0 (158801487)|HEAP_ALLOCATE|[34]|Bytes:11
13:12:11.0 (158805536)|HEAP_ALLOCATE|[34]|Bytes:15
13:12:11.0 (158810815)|VARIABLE_ASSIGNMENT|[34]|address|"USA,94105-5188,"
13:12:11.0 (158820876)|STATEMENT_EXECUTE|[37]
13:12:11.0 (158822639)|STATEMENT_EXECUTE|[38]
13:12:11.0 (158832123)|VARIABLE_SCOPE_BEGIN|[38]|req|System.HttpRequest|true|false
13:12:11.0 (158869008)|VARIABLE_ASSIGNMENT|[38]|req|"System.HttpRequest[Endpoint=null, Method=null]"|0x5c44e421
13:12:11.0 (158874567)|STATEMENT_EXECUTE|[40]
13:12:11.0 (158884557)|METHOD_ENTRY|[40]||System.EncodingUtil.urlEncode(String, String)
13:12:11.0 (158915897)|METHOD_EXIT|[40]||System.EncodingUtil.urlEncode(String, String)
13:12:11.0 (158924721)|VARIABLE_ASSIGNMENT|[40]|address|"USA%2C94105-5188%2C"
13:12:11.0 (158928278)|STATEMENT_EXECUTE|[41]
13:12:11.0 (158933559)|HEAP_ALLOCATE|[41]|Bytes:88
13:12:11.0 (158950614)|STATEMENT_EXECUTE|[42]
13:12:11.0 (158959384)|STATEMENT_EXECUTE|[43]
13:12:11.0 (158967321)|VARIABLE_SCOPE_BEGIN|[43]|http|System.Http|true|false
13:12:11.0 (159000307)|VARIABLE_ASSIGNMENT|[43]|http|"System.Http[]"|0x37d379d5
13:12:11.0 (159006446)|STATEMENT_EXECUTE|[44]
13:12:11.0 (159009815)|VARIABLE_SCOPE_BEGIN|[44]|res|System.HttpResponse|true|false
13:12:11.0 (159014869)|VARIABLE_ASSIGNMENT|[44]|res|null|
13:12:11.0 (159022644)|METHOD_ENTRY|[45]||System.Test.isRunningTest()
13:12:11.0 (159033426)|METHOD_EXIT|[45]||System.Test.isRunningTest()
13:12:11.0 (159038689)|STATEMENT_EXECUTE|[45]
13:12:11.0 (159040263)|STATEMENT_EXECUTE|[46]
13:12:11.0 (161262146)|CALLOUT_REQUEST|[46]|System.HttpRequest[Endpoint=https://maps.googleapis.com/maps/api/geocode/xml?address=USA%2C94105-5188%2C&sensor=true, Method=GET]
13:12:11.0 (176043455)|HEAP_ALLOCATE|[EXTERNAL]|Bytes:743
13:12:11.0 (176091280)|CALLOUT_RESPONSE|[46]|System.HttpResponse[Status=OK, StatusCode=200]
13:12:11.0 (176102478)|HEAP_ALLOCATE|[46]|Bytes:314
13:12:11.0 (176146260)|VARIABLE_ASSIGNMENT|[46]|res|"System.HttpResponse[Status=OK, StatusCode=200]"|0x7ea536c4
13:12:11.0 (176152665)|STATEMENT_EXECUTE|[57]
13:12:11.0 (176228821)|VARIABLE_SCOPE_BEGIN|[57]|doc|dom.Document|true|false
13:12:11.0 (176260905)|VARIABLE_ASSIGNMENT|[57]|doc|"Document[]"|0x3d6abd27
13:12:11.0 (176266206)|STATEMENT_EXECUTE|[59]
13:12:11.0 (176284352)|VARIABLE_SCOPE_BEGIN|[59]|geocodeResponse|dom.XmlNode|true|false
13:12:11.0 (176338802)|VARIABLE_ASSIGNMENT|[59]|geocodeResponse|"XMLNode[ELEMENT,GeocodeResponse,null,null,null,[XMLNode[TEXT,null,null,null,null,null,\n ,], XMLNode[ELEMENT,status,null,null,null,[XMLNode[TEXT,null,null,null,null,null,OVER_QUERY_LIMIT,]],null,], XMLNode[TEXT,null,null,null,null,null,\n ,], XMLNode[ELEMENT,error_message,null,null,null,[XMLNode[TEXT,null,null,null,null,null,You have exceeded your daily request quota for this API. We recommend registering for a key at the Google Developers Console: https://console.developers.google.com/,]],null,], XMLNode[TEXT,null,null,null,null,null,\n,]],null,]"|0x2260f4f0
13:12:11.0 (176347032)|STATEMENT_EXECUTE|[60]
13:12:11.0 (176348721)|STATEMENT_EXECUTE|[62]
13:12:11.0 (176365318)|VARIABLE_SCOPE_BEGIN|[62]|result|dom.XmlNode|true|false
13:12:11.0 (176371843)|VARIABLE_ASSIGNMENT|[62]|result|null|
13:12:11.0 (176375054)|STATEMENT_EXECUTE|[63]
13:12:11.0 (176388831)|HEAP_ALLOCATE|[17]|Bytes:5
13:12:11.0 (176413077)|HEAP_ALLOCATE|[17]|Bytes:40
13:12:11.0 (176421036)|VARIABLE_SCOPE_BEGIN|[17]|acc|Account|true|false
13:12:11.0 (176446131)|VARIABLE_ASSIGNMENT|[17]|acc|{"s":1,"v":{"Id":"00136000008Nvu5AAC","Name":"Haven Enterprises","BillingLatitude":39.2827696,"BillingLongitude":-76.6406104,"BillingStreet":"405 S Stricker St","BillingCity":"Baltimore (city)","BillingState":"MD","BillingCountry":"USA","BillingPostalCode":"21223"}}|0x4531ceeb
13:12:11.0 (176451453)|STATEMENT_EXECUTE|[17]
13:12:11.0 (176453127)|STATEMENT_EXECUTE|[19]
13:12:11.0 (176456573)|VARIABLE_SCOPE_BEGIN|[19]|address|String|false|false
13:12:11.0 (176461028)|VARIABLE_ASSIGNMENT|[19]|address|""
13:12:11.0 (176470824)|STATEMENT_EXECUTE|[21]
13:12:11.0 (176472653)|STATEMENT_EXECUTE|[22]
13:12:11.0 (176479669)|HEAP_ALLOCATE|[22]|Bytes:18
13:12:11.0 (176484574)|HEAP_ALLOCATE|[22]|Bytes:18
13:12:11.0 (176490574)|VARIABLE_ASSIGNMENT|[22]|address|"405 S Stricker St,"
13:12:11.0 (176496521)|STATEMENT_EXECUTE|[24]
13:12:11.0 (176498096)|STATEMENT_EXECUTE|[25]
13:12:11.0 (176502914)|HEAP_ALLOCATE|[25]|Bytes:17
13:12:11.0 (176506764)|HEAP_ALLOCATE|[25]|Bytes:35
13:12:11.0 (176513027)|VARIABLE_ASSIGNMENT|[25]|address|"405 S Stricker St,Ba (15 more) ..."
13:12:11.0 (176518506)|STATEMENT_EXECUTE|[27]
13:12:11.0 (176520055)|STATEMENT_EXECUTE|[28]
13:12:11.0 (176524918)|HEAP_ALLOCATE|[28]|Bytes:3
13:12:11.0 (176528837)|HEAP_ALLOCATE|[28]|Bytes:38
13:12:11.0 (176534698)|VARIABLE_ASSIGNMENT|[28]|address|"405 S Stricker St,Ba (18 more) ..."
13:12:11.0 (176540091)|STATEMENT_EXECUTE|[30]
13:12:11.0 (176541595)|STATEMENT_EXECUTE|[31]
13:12:11.0 (176546306)|HEAP_ALLOCATE|[31]|Bytes:4
13:12:11.0 (176550193)|HEAP_ALLOCATE|[31]|Bytes:42
13:12:11.0 (176556169)|VARIABLE_ASSIGNMENT|[31]|address|"405 S Stricker St,Ba (22 more) ..."
13:12:11.0 (176561472)|STATEMENT_EXECUTE|[33]
13:12:11.0 (176562970)|STATEMENT_EXECUTE|[34]
13:12:11.0 (176567734)|HEAP_ALLOCATE|[34]|Bytes:6
13:12:11.0 (176571539)|HEAP_ALLOCATE|[34]|Bytes:48
13:12:11.0 (176577151)|VARIABLE_ASSIGNMENT|[34]|address|"405 S Stricker St,Ba (28 more) ..."
13:12:11.0 (176587200)|STATEMENT_EXECUTE|[37]
13:12:11.0 (176589069)|STATEMENT_EXECUTE|[38]
13:12:11.0 (176598547)|VARIABLE_SCOPE_BEGIN|[38]|req|System.HttpRequest|true|false
13:12:11.0 (176633959)|VARIABLE_ASSIGNMENT|[38]|req|"System.HttpRequest[Endpoint=null, Method=null]"|0x1275d39f
13:12:11.0 (176639388)|STATEMENT_EXECUTE|[40]
13:12:11.0 (176649059)|METHOD_ENTRY|[40]||System.EncodingUtil.urlEncode(String, String)
13:12:11.0 (176686806)|METHOD_EXIT|[40]||System.EncodingUtil.urlEncode(String, String)
13:12:11.0 (176697445)|VARIABLE_ASSIGNMENT|[40]|address|"405+S+Stricker+St%2C (42 more) ..."
13:12:11.0 (176701034)|STATEMENT_EXECUTE|[41]
13:12:11.0 (176706996)|HEAP_ALLOCATE|[41]|Bytes:131
13:12:11.0 (176724451)|STATEMENT_EXECUTE|[42]
13:12:11.0 (176733103)|STATEMENT_EXECUTE|[43]
13:12:11.0 (176741112)|VARIABLE_SCOPE_BEGIN|[43]|http|System.Http|true|false
13:12:11.0 (176774101)|VARIABLE_ASSIGNMENT|[43]|http|"System.Http[]"|0x5f7c6ba4
13:12:11.0 (176779200)|STATEMENT_EXECUTE|[44]
13:12:11.0 (176782620)|VARIABLE_SCOPE_BEGIN|[44]|res|System.HttpResponse|true|false
13:12:11.0 (176787563)|VARIABLE_ASSIGNMENT|[44]|res|null|
13:12:11.0 (176795217)|METHOD_ENTRY|[45]||System.Test.isRunningTest()
13:12:11.0 (176805574)|METHOD_EXIT|[45]||System.Test.isRunningTest()
13:12:11.0 (176810941)|STATEMENT_EXECUTE|[45]
13:12:11.0 (176812666)|STATEMENT_EXECUTE|[46]
13:12:11.0 (179513161)|CALLOUT_REQUEST|[46]|System.HttpRequest[Endpoint=https://maps.googleapis.com/maps/api/geocode/xml?address=405+S+Stricker+St%2CBaltimore+%28city%29%2CMD%2CUSA%2C21223%2C&sensor=true, Method=GET]
13:12:11.0 (195252811)|HEAP_ALLOCATE|[EXTERNAL]|Bytes:743
13:12:11.0 (195303019)|CALLOUT_RESPONSE|[46]|System.HttpResponse[Status=OK, StatusCode=200]
13:12:11.0 (195314049)|HEAP_ALLOCATE|[46]|Bytes:314
13:12:11.0 (195357780)|VARIABLE_ASSIGNMENT|[46]|res|"System.HttpResponse[Status=OK, StatusCode=200]"|0x4f0fb590
13:12:11.0 (195364046)|STATEMENT_EXECUTE|[57]
13:12:11.0 (195437145)|VARIABLE_SCOPE_BEGIN|[57]|doc|dom.Document|true|false
13:12:11.0 (195469091)|VARIABLE_ASSIGNMENT|[57]|doc|"Document[]"|0x66d46042
13:12:11.0 (195474318)|STATEMENT_EXECUTE|[59]
13:12:11.0 (195492574)|VARIABLE_SCOPE_BEGIN|[59]|geocodeResponse|dom.XmlNode|true|false
13:12:11.0 (195548082)|VARIABLE_ASSIGNMENT|[59]|geocodeResponse|"XMLNode[ELEMENT,GeocodeResponse,null,null,null,[XMLNode[TEXT,null,null,null,null,null,\n ,], XMLNode[ELEMENT,status,null,null,null,[XMLNode[TEXT,null,null,null,null,null,OVER_QUERY_LIMIT,]],null,], XMLNode[TEXT,null,null,null,null,null,\n ,], XMLNode[ELEMENT,error_message,null,null,null,[XMLNode[TEXT,null,null,null,null,null,You have exceeded your daily request quota for this API. We recommend registering for a key at the Google Developers Console: https://console.developers.google.com/,]],null,], XMLNode[TEXT,null,null,null,null,null,\n,]],null,]"|0x17dc4564
13:12:11.0 (195556499)|STATEMENT_EXECUTE|[60]
13:12:11.0 (195558172)|STATEMENT_EXECUTE|[62]
13:12:11.0 (195574919)|VARIABLE_SCOPE_BEGIN|[62]|result|dom.XmlNode|true|false
13:12:11.0 (195581278)|VARIABLE_ASSIGNMENT|[62]|result|null|
13:12:11.0 (195584477)|STATEMENT_EXECUTE|[63]
13:12:11.0 (195597862)|HEAP_ALLOCATE|[17]|Bytes:5
13:12:11.0 (195609735)|VARIABLE_ASSIGNMENT|[17]|acc|null|
13:12:11.0 (195613884)|STATEMENT_EXECUTE|[88]
13:12:11.0 (195692518)|DML_BEGIN|[88]|Op:Update|Type:Account|Rows:10
13:12:11.0 (195716109)|HEAP_ALLOCATE|[EXTERNAL]|Bytes:44
13:12:11.0 (222937367)|CODE_UNIT_STARTED|[EXTERNAL]|DuplicateDetector
13:12:11.0 (222951909)|DUPLICATE_DETECTION_BEGIN
13:12:11.0 (223007491)|DUPLICATE_DETECTION_RULE_INVOCATION|DuplicateRuleId:0Bm36000000pmhL|DuplicateRuleName:Standard Account duplicate rule|DmlType:UPDATE
13:12:11.0 (223013673)|DUPLICATE_DETECTION_END
13:12:11.0 (223053206)|CODE_UNIT_FINISHED|DuplicateDetector
13:12:11.0 (293882556)|DML_END|[88]
13:12:11.0 (293928539)|HEAP_ALLOCATE|[EXTERNAL]|Bytes:44
13:12:11.0 (293961975)|CODE_UNIT_FINISHED|BatchLatLongGenerator
13:12:11.0 (295216589)|EXECUTION_FINISHED
