36.0 APEX_CODE,FINEST;APEX_PROFILING,INFO;CALLOUT,INFO;DB,INFO;SYSTEM,DEBUG;VALIDATION,INFO;VISUALFORCE,INFO;WORKFLOW,INFO
13:54:46.0 (624373)|EXECUTION_STARTED
13:54:46.0 (662362)|CODE_UNIT_STARTED|[EXTERNAL]|aura
13:54:46.0 (1182623)|HEAP_ALLOCATE|[72]|Bytes:3
13:54:46.0 (1237941)|HEAP_ALLOCATE|[77]|Bytes:152
13:54:46.0 (1254530)|HEAP_ALLOCATE|[342]|Bytes:408
13:54:46.0 (1269781)|HEAP_ALLOCATE|[355]|Bytes:408
13:54:46.0 (1283883)|HEAP_ALLOCATE|[467]|Bytes:48
13:54:46.0 (1313125)|HEAP_ALLOCATE|[139]|Bytes:6
13:54:46.0 (1336131)|HEAP_ALLOCATE|[EXTERNAL]|Bytes:7
13:54:46.0 (1354993)|HEAP_ALLOCATE|[EXTERNAL]|Bytes:7
13:54:46.0 (1451958)|HEAP_ALLOCATE|[EXTERNAL]|Bytes:86
13:54:46.0 (1462330)|HEAP_ALLOCATE|[EXTERNAL]|Bytes:86
13:54:46.0 (2970079)|CODE_UNIT_STARTED|[EXTERNAL]|01p360000053CeT|CellController.forceLoadData
13:54:46.0 (3120689)|HEAP_ALLOCATE|[EXTERNAL]|Bytes:19
13:54:46.0 (3127665)|HEAP_ALLOCATE|[EXTERNAL]|Bytes:22
13:54:46.0 (3143194)|METHOD_ENTRY|[1]|01p360000053CeT|CellController.CellController()
13:54:46.0 (3154772)|STATEMENT_EXECUTE|[1]
13:54:46.0 (3163951)|STATEMENT_EXECUTE|[1]
13:54:46.0 (3204356)|HEAP_ALLOCATE|[50]|Bytes:5
13:54:46.0 (3233891)|HEAP_ALLOCATE|[56]|Bytes:5
13:54:46.0 (3242912)|HEAP_ALLOCATE|[64]|Bytes:7
13:54:46.0 (3266208)|SYSTEM_MODE_ENTER|false
13:54:46.0 (3284703)|HEAP_ALLOCATE|[EXTERNAL]|Bytes:5
13:54:46.0 (3290819)|STATEMENT_EXECUTE|[2]
13:54:46.0 (3293289)|STATEMENT_EXECUTE|[69]
13:54:46.0 (3299371)|SYSTEM_MODE_EXIT|false
13:54:46.0 (3311182)|METHOD_EXIT|[1]|CellController
13:54:46.0 (3316030)|HEAP_ALLOCATE|[EXTERNAL]|Bytes:7
13:54:46.0 (3318023)|HEAP_ALLOCATE|[EXTERNAL]|Bytes:86
13:54:46.0 (3325090)|SYSTEM_MODE_ENTER|false
13:54:46.0 (3334401)|VARIABLE_SCOPE_BEGIN|[149]|objectName|String|false|false
13:54:46.0 (3372333)|VARIABLE_ASSIGNMENT|[149]|objectName|"Account"
13:54:46.0 (3376582)|VARIABLE_SCOPE_BEGIN|[149]|fields|String|false|false
13:54:46.0 (3383255)|VARIABLE_ASSIGNMENT|[149]|fields|"Name, AccountNumber, (66 more) ..."
13:54:46.0 (3398277)|HEAP_ALLOCATE|[150]|Bytes:5
13:54:46.0 (3404123)|STATEMENT_EXECUTE|[149]
13:54:46.0 (3407564)|STATEMENT_EXECUTE|[150]
13:54:46.0 (22603942)|HEAP_ALLOCATE|[155]|Bytes:1992
13:54:46.0 (22697215)|STATEMENT_EXECUTE|[155]
13:54:46.0 (22702841)|STATEMENT_EXECUTE|[161]
13:54:46.0 (22717054)|VARIABLE_SCOPE_BEGIN|[161]|recordList|List<SObject>|true|false
13:54:46.0 (22739404)|VARIABLE_ASSIGNMENT|[161]|recordList|null|
13:54:46.0 (22743645)|STATEMENT_EXECUTE|[165]
13:54:46.0 (22745807)|STATEMENT_EXECUTE|[167]
13:54:46.0 (28825505)|HEAP_ALLOCATE|[167]|Bytes:1992
13:54:46.0 (29243928)|HEAP_ALLOCATE|[167]|Bytes:4
13:54:46.0 (32186510)|HEAP_ALLOCATE|[167]|Bytes:428
13:54:46.0 (32199764)|VARIABLE_SCOPE_BEGIN|[167]|fieldMap|Map<String,Schema.SObjectField>|true|false
13:54:46.0 (32423798)|VARIABLE_ASSIGNMENT|[167]|fieldMap|"{accountnumber=AccountNumber, accountsource=AccountSource, activeliveagentuser__pc=ActiveLiveAgentUser__pc, annualrevenue=AnnualRevenue, billingaddress=BillingAddress, billingcity=BillingCity, billingcountry=BillingCountry, billinglatitude=BillingLatitude, billinglongitude=BillingLongitude, billingpostalcode=BillingPostalCode, ...}"|0x18e9b448
13:54:46.0 (32438382)|HEAP_ALLOCATE|[168]|Bytes:1
13:54:46.0 (32529665)|HEAP_ALLOCATE|[168]|Bytes:80
13:54:46.0 (32544739)|HEAP_ALLOCATE|[168]|Bytes:1
13:54:46.0 (32583101)|HEAP_ALLOCATE|[168]|Bytes:4
13:54:46.0 (32586686)|HEAP_ALLOCATE|[168]|Bytes:13
13:54:46.0 (32588437)|HEAP_ALLOCATE|[168]|Bytes:15
13:54:46.0 (32589874)|HEAP_ALLOCATE|[168]|Bytes:16
13:54:46.0 (32591920)|HEAP_ALLOCATE|[168]|Bytes:8
13:54:46.0 (32593429)|HEAP_ALLOCATE|[168]|Bytes:5
13:54:46.0 (32594871)|HEAP_ALLOCATE|[168]|Bytes:13
13:54:46.0 (32600089)|HEAP_ALLOCATE|[168]|Bytes:32
13:54:46.0 (32714999)|HEAP_ALLOCATE|[168]|Bytes:5
13:54:46.0 (32741197)|VARIABLE_SCOPE_BEGIN|[168]|field|String|false|false
13:54:46.0 (32751515)|VARIABLE_ASSIGNMENT|[168]|field|"Name"
13:54:46.0 (32760310)|STATEMENT_EXECUTE|[168]
13:54:46.0 (32797468)|HEAP_ALLOCATE|[169]|Bytes:4
13:54:46.0 (32831745)|STATEMENT_EXECUTE|[169]
13:54:46.0 (32843885)|HEAP_ALLOCATE|[168]|Bytes:5
13:54:46.0 (32855795)|VARIABLE_SCOPE_BEGIN|[168]|field|String|false|false
13:54:46.0 (32863154)|VARIABLE_ASSIGNMENT|[168]|field|"AccountNumber"
13:54:46.0 (32867273)|STATEMENT_EXECUTE|[168]
13:54:46.0 (32880484)|HEAP_ALLOCATE|[169]|Bytes:13
13:54:46.0 (32899911)|STATEMENT_EXECUTE|[169]
13:54:46.0 (32909669)|HEAP_ALLOCATE|[168]|Bytes:5
13:54:46.0 (32920404)|VARIABLE_SCOPE_BEGIN|[168]|field|String|false|false
13:54:46.0 (32927039)|VARIABLE_ASSIGNMENT|[168]|field|"BillingLatitude"
13:54:46.0 (32931285)|STATEMENT_EXECUTE|[168]
13:54:46.0 (32943739)|HEAP_ALLOCATE|[169]|Bytes:15
13:54:46.0 (32962652)|STATEMENT_EXECUTE|[169]
13:54:46.0 (32972136)|HEAP_ALLOCATE|[168]|Bytes:5
13:54:46.0 (32982471)|VARIABLE_SCOPE_BEGIN|[168]|field|String|false|false
13:54:46.0 (32993457)|VARIABLE_ASSIGNMENT|[168]|field|"BillingLongitude"
13:54:46.0 (32998073)|STATEMENT_EXECUTE|[168]
13:54:46.0 (33011178)|HEAP_ALLOCATE|[169]|Bytes:16
13:54:46.0 (33031912)|STATEMENT_EXECUTE|[169]
13:54:46.0 (33041593)|HEAP_ALLOCATE|[168]|Bytes:5
13:54:46.0 (33052273)|VARIABLE_SCOPE_BEGIN|[168]|field|String|false|false
13:54:46.0 (33058578)|VARIABLE_ASSIGNMENT|[168]|field|"Industry"
13:54:46.0 (33062565)|STATEMENT_EXECUTE|[168]
13:54:46.0 (33074835)|HEAP_ALLOCATE|[169]|Bytes:8
13:54:46.0 (33093441)|STATEMENT_EXECUTE|[169]
13:54:46.0 (33102668)|HEAP_ALLOCATE|[168]|Bytes:5
13:54:46.0 (33112933)|VARIABLE_SCOPE_BEGIN|[168]|field|String|false|false
13:54:46.0 (33118987)|VARIABLE_ASSIGNMENT|[168]|field|"Phone"
13:54:46.0 (33123241)|STATEMENT_EXECUTE|[168]
13:54:46.0 (33135261)|HEAP_ALLOCATE|[169]|Bytes:5
13:54:46.0 (33153809)|STATEMENT_EXECUTE|[169]
13:54:46.0 (33163016)|HEAP_ALLOCATE|[168]|Bytes:5
13:54:46.0 (33173203)|VARIABLE_SCOPE_BEGIN|[168]|field|String|false|false
13:54:46.0 (33179280)|VARIABLE_ASSIGNMENT|[168]|field|"AnnualRevenue"
13:54:46.0 (33183055)|STATEMENT_EXECUTE|[168]
13:54:46.0 (33194922)|HEAP_ALLOCATE|[169]|Bytes:13
13:54:46.0 (33213483)|STATEMENT_EXECUTE|[169]
13:54:46.0 (33222856)|HEAP_ALLOCATE|[168]|Bytes:5
13:54:46.0 (33234050)|VARIABLE_ASSIGNMENT|[168]|field|null
13:54:46.0 (33239463)|STATEMENT_EXECUTE|[175]
13:54:46.0 (33279416)|HEAP_ALLOCATE|[175]|Bytes:80
13:54:46.0 (33312486)|HEAP_ALLOCATE|[175]|Bytes:80
13:54:46.0 (33322164)|VARIABLE_SCOPE_BEGIN|[175]|escapedFields|String|false|false
13:54:46.0 (33332130)|VARIABLE_ASSIGNMENT|[175]|escapedFields|"Name,AccountNumber,B (60 more) ..."
13:54:46.0 (33337471)|STATEMENT_EXECUTE|[176]
13:54:46.0 (33365326)|HEAP_ALLOCATE|[176]|Bytes:7
13:54:46.0 (33377818)|VARIABLE_SCOPE_BEGIN|[176]|escapedObject|String|false|false
13:54:46.0 (33384597)|VARIABLE_ASSIGNMENT|[176]|escapedObject|"Account"
13:54:46.0 (33389144)|STATEMENT_EXECUTE|[177]
13:54:46.0 (33392473)|HEAP_ALLOCATE|[177]|Bytes:7
13:54:46.0 (33395776)|HEAP_ALLOCATE|[177]|Bytes:6
13:54:46.0 (33398633)|HEAP_ALLOCATE|[177]|Bytes:32
13:54:46.0 (33410771)|HEAP_ALLOCATE|[177]|Bytes:132
13:54:46.0 (33415179)|VARIABLE_SCOPE_BEGIN|[177]|soql|String|false|false
13:54:46.0 (33422211)|VARIABLE_ASSIGNMENT|[177]|soql|"select Name,AccountN (112 more) ..."
13:54:46.0 (33426018)|STATEMENT_EXECUTE|[178]
13:54:46.0 (37130577)|HEAP_ALLOCATE|[178]|Bytes:10
13:54:46.0 (37141477)|HEAP_ALLOCATE|[178]|Bytes:31
13:54:46.0 (37144427)|HEAP_ALLOCATE|[178]|Bytes:7
13:54:46.0 (37177558)|METHOD_ENTRY|[1]|01p360000053CeU|CellCrud.CellCrud()
13:54:46.0 (37185157)|STATEMENT_EXECUTE|[1]
13:54:46.0 (37194114)|STATEMENT_EXECUTE|[1]
13:54:46.0 (37200630)|HEAP_ALLOCATE|[178]|Bytes:5
13:54:46.0 (37204508)|STATEMENT_EXECUTE|[2]
13:54:46.0 (37217728)|METHOD_EXIT|[1]|CellCrud
13:54:46.0 (37257997)|METHOD_ENTRY|[178]|01p360000053CeU|CellCrud.squery(String)
13:54:46.0 (37285320)|VARIABLE_SCOPE_BEGIN|[142]|soql|String|false|false
13:54:46.0 (37295675)|VARIABLE_ASSIGNMENT|[142]|soql|"select Name,AccountN (112 more) ..."
13:54:46.0 (37305669)|HEAP_ALLOCATE|[143]|Bytes:5
13:54:46.0 (37312010)|STATEMENT_EXECUTE|[142]
13:54:46.0 (37314206)|STATEMENT_EXECUTE|[143]
13:54:46.0 (37318920)|VARIABLE_SCOPE_BEGIN|[143]|records|List<SObject>|true|false
13:54:46.0 (37324611)|VARIABLE_ASSIGNMENT|[143]|records|null|
13:54:46.0 (37327879)|STATEMENT_EXECUTE|[144]
13:54:46.0 (37329807)|STATEMENT_EXECUTE|[144]
13:54:46.0 (37331488)|STATEMENT_EXECUTE|[145]
13:54:46.0 (37702475)|SOQL_EXECUTE_BEGIN|[145]|Aggregations:0|select Name,AccountNumber,BillingLatitude,BillingLongitude,Industry,Phone,AnnualRevenue from Account order by CreatedDate desc, Name
13:54:46.0 (44149150)|SOQL_EXECUTE_END|[145]|Rows:63
13:54:46.0 (44175356)|HEAP_ALLOCATE|[145]|Bytes:256
13:54:46.0 (44352782)|HEAP_ALLOCATE|[145]|Bytes:9675
13:54:46.0 (44484776)|HEAP_ALLOCATE|[145]|Bytes:256
13:54:46.0 (44539315)|VARIABLE_ASSIGNMENT|[145]|records|{"s":1,"v":"List of size 63 too large to display"}|0x6cb61c1a
13:54:46.0 (44693250)|STATEMENT_EXECUTE|[151]
13:54:46.0 (44699822)|STATEMENT_EXECUTE|[153]
13:54:46.0 (44739082)|HEAP_ALLOCATE|[153]|Bytes:24
13:54:46.0 (44846610)|VARIABLE_SCOPE_BEGIN|[153]|targetType|Schema.SObjectType|true|false
13:54:46.0 (44971368)|VARIABLE_ASSIGNMENT|[153]|targetType|"common.apex.runtime.impl.ApexSObjectTypeToken@566bd7e1"|0x566bd7e1
13:54:46.0 (44981746)|STATEMENT_EXECUTE|[154]
13:54:46.0 (44984259)|STATEMENT_EXECUTE|[160]
13:54:46.0 (45064576)|HEAP_ALLOCATE|[160]|Bytes:4
13:54:46.0 (45126312)|VARIABLE_SCOPE_BEGIN|[160]|sobjResult|Schema.DescribeSObjectResult|true|false
13:54:46.0 (45200143)|VARIABLE_ASSIGNMENT|[160]|sobjResult|"common.api.soap.wsdl.DescribeSObjectResult@63f4b343"|0xa6157fa
13:54:46.0 (45208473)|STATEMENT_EXECUTE|[163]
13:54:46.0 (45650042)|HEAP_ALLOCATE|[163]|Bytes:428
13:54:46.0 (45661635)|VARIABLE_SCOPE_BEGIN|[163]|m|Map<String,Schema.SObjectField>|true|false
13:54:46.0 (45809682)|VARIABLE_ASSIGNMENT|[163]|m|"{accountnumber=AccountNumber, accountsource=AccountSource, activeliveagentuser__pc=ActiveLiveAgentUser__pc, annualrevenue=AnnualRevenue, billingaddress=BillingAddress, billingcity=BillingCity, billingcountry=BillingCountry, billinglatitude=BillingLatitude, billinglongitude=BillingLongitude, billingpostalcode=BillingPostalCode, ...}"|0x361e4685
13:54:46.0 (45819653)|STATEMENT_EXECUTE|[165]
13:54:46.0 (45830488)|HEAP_ALLOCATE|[165]|Bytes:24
13:54:46.0 (45913490)|HEAP_ALLOCATE|[165]|Bytes:18
13:54:46.0 (45933641)|SYSTEM_METHOD_ENTRY|[1]|JSON.JSON()
13:54:46.0 (45939001)|STATEMENT_EXECUTE|[1]
13:54:46.0 (45949810)|SYSTEM_METHOD_EXIT|[1]|JSON
13:54:46.0 (45970961)|METHOD_ENTRY|[165]||System.JSON.serialize(Object)
13:54:46.0 (46119350)|METHOD_EXIT|[165]||System.JSON.serialize(Object)
13:54:46.0 (46129767)|VARIABLE_SCOPE_BEGIN|[165]|object_json|String|false|false
13:54:46.0 (46142714)|VARIABLE_ASSIGNMENT|[165]|object_json|"{\"attributes\":{\"type (210 more) ..."
13:54:46.0 (46148375)|STATEMENT_EXECUTE|[166]
13:54:46.0 (46158495)|METHOD_ENTRY|[166]||System.JSON.deserializeUntyped(String)
13:54:46.0 (46697381)|HEAP_ALLOCATE|[11]|Bytes:12
13:54:46.0 (46766796)|METHOD_EXIT|[166]||System.JSON.deserializeUntyped(String)
13:54:46.0 (46777625)|VARIABLE_SCOPE_BEGIN|[166]|object_map|Map<String,ANY>|true|false
13:54:46.0 (46804729)|VARIABLE_ASSIGNMENT|[166]|object_map|{"s":1,"v":"Map of size 6 too large to display"}|0x25eaac7b
13:54:46.0 (46811258)|STATEMENT_EXECUTE|[168]
13:54:46.0 (46825250)|HEAP_ALLOCATE|[168]|Bytes:4
13:54:46.0 (46864999)|VARIABLE_SCOPE_BEGIN|[168]|forbiddenFields|Set<String>|true|false
13:54:46.0 (46908498)|VARIABLE_ASSIGNMENT|[168]|forbiddenFields|{"s":1,"v":[]}|0x25b4e1bb
13:54:46.0 (46918437)|HEAP_ALLOCATE|[169]|Bytes:4
13:54:46.0 (46983240)|HEAP_ALLOCATE|[169]|Bytes:1944
13:54:46.0 (47009704)|HEAP_ALLOCATE|[169]|Bytes:424
13:54:46.0 (47039145)|HEAP_ALLOCATE|[169]|Bytes:5
13:54:46.0 (47056943)|VARIABLE_SCOPE_BEGIN|[169]|key|String|false|false
13:54:46.0 (47064267)|VARIABLE_ASSIGNMENT|[169]|key|"id"
13:54:46.0 (47070181)|STATEMENT_EXECUTE|[169]
13:54:46.0 (47072335)|STATEMENT_EXECUTE|[170]
13:54:46.0 (47651094)|HEAP_ALLOCATE|[170]|Bytes:8
13:54:46.0 (47688949)|VARIABLE_SCOPE_BEGIN|[170]|descField|Schema.DescribeFieldResult|true|false
13:54:46.0 (47755359)|VARIABLE_ASSIGNMENT|[170]|descField|"common.api.soap.wsdl.Field@5724551"|0xb214586
13:54:46.0 (47779128)|HEAP_ALLOCATE|[172]|Bytes:2
13:54:46.0 (47822764)|STATEMENT_EXECUTE|[172]
13:54:46.0 (47840694)|STATEMENT_EXECUTE|[173]
13:54:46.0 (47853693)|HEAP_ALLOCATE|[169]|Bytes:5
13:54:46.0 (47866525)|VARIABLE_SCOPE_BEGIN|[169]|key|String|false|false
13:54:46.0 (47874501)|VARIABLE_ASSIGNMENT|[169]|key|"isdeleted"
13:54:46.0 (47879129)|STATEMENT_EXECUTE|[169]
13:54:46.0 (47881108)|STATEMENT_EXECUTE|[170]
13:54:46.0 (48010511)|HEAP_ALLOCATE|[170]|Bytes:8
13:54:46.0 (48022155)|VARIABLE_SCOPE_BEGIN|[170]|descField|Schema.DescribeFieldResult|true|false
13:54:46.0 (48081622)|VARIABLE_ASSIGNMENT|[170]|descField|"common.api.soap.wsdl.Field@dba222fd"|0x19bf6bb
13:54:46.0 (48093023)|HEAP_ALLOCATE|[172]|Bytes:9
13:54:46.0 (48114453)|STATEMENT_EXECUTE|[172]
13:54:46.0 (48125484)|HEAP_ALLOCATE|[169]|Bytes:5
13:54:46.0 (48137432)|VARIABLE_SCOPE_BEGIN|[169]|key|String|false|false
13:54:46.0 (48144942)|VARIABLE_ASSIGNMENT|[169]|key|"masterrecordid"
13:54:46.0 (48149382)|STATEMENT_EXECUTE|[169]
13:54:46.0 (48151322)|STATEMENT_EXECUTE|[170]
13:54:46.0 (48286186)|HEAP_ALLOCATE|[170]|Bytes:8
13:54:46.0 (48296503)|VARIABLE_SCOPE_BEGIN|[170]|descField|Schema.DescribeFieldResult|true|false
13:54:46.0 (48355647)|VARIABLE_ASSIGNMENT|[170]|descField|"common.api.soap.wsdl.Field@bef80014"|0x196cfb26
13:54:46.0 (48366940)|HEAP_ALLOCATE|[172]|Bytes:14
13:54:46.0 (48385524)|STATEMENT_EXECUTE|[172]
13:54:46.0 (48395991)|HEAP_ALLOCATE|[169]|Bytes:5
13:54:46.0 (48407540)|VARIABLE_SCOPE_BEGIN|[169]|key|String|false|false
13:54:46.0 (48414760)|VARIABLE_ASSIGNMENT|[169]|key|"name"
13:54:46.0 (48419134)|STATEMENT_EXECUTE|[169]
13:54:46.0 (48421256)|STATEMENT_EXECUTE|[170]
13:54:46.0 (48562346)|HEAP_ALLOCATE|[170]|Bytes:8
13:54:46.0 (48572673)|VARIABLE_SCOPE_BEGIN|[170]|descField|Schema.DescribeFieldResult|true|false
13:54:46.0 (48630320)|VARIABLE_ASSIGNMENT|[170]|descField|"common.api.soap.wsdl.Field@2be5058"|0x807ab25
13:54:46.0 (48640976)|HEAP_ALLOCATE|[172]|Bytes:4
13:54:46.0 (48659339)|STATEMENT_EXECUTE|[172]
13:54:46.0 (48666869)|STATEMENT_EXECUTE|[173]
13:54:46.0 (48677239)|HEAP_ALLOCATE|[169]|Bytes:5
13:54:46.0 (48688871)|VARIABLE_SCOPE_BEGIN|[169]|key|String|false|false
13:54:46.0 (48695970)|VARIABLE_ASSIGNMENT|[169]|key|"lastname"
13:54:46.0 (48700254)|STATEMENT_EXECUTE|[169]
13:54:46.0 (48702637)|STATEMENT_EXECUTE|[170]
13:54:46.0 (48824830)|HEAP_ALLOCATE|[170]|Bytes:8
13:54:46.0 (48834759)|VARIABLE_SCOPE_BEGIN|[170]|descField|Schema.DescribeFieldResult|true|false
13:54:46.0 (48896779)|VARIABLE_ASSIGNMENT|[170]|descField|"common.api.soap.wsdl.Field@cd4f2696"|0x122111e1
13:54:46.0 (48907679)|HEAP_ALLOCATE|[172]|Bytes:8
13:54:46.0 (48926004)|STATEMENT_EXECUTE|[172]
13:54:46.0 (48936185)|HEAP_ALLOCATE|[169]|Bytes:5
13:54:46.0 (48947481)|VARIABLE_SCOPE_BEGIN|[169]|key|String|false|false
13:54:46.0 (48954484)|VARIABLE_ASSIGNMENT|[169]|key|"firstname"
13:54:46.0 (48958870)|STATEMENT_EXECUTE|[169]
13:54:46.0 (48960859)|STATEMENT_EXECUTE|[170]
13:54:46.0 (49080119)|HEAP_ALLOCATE|[170]|Bytes:8
13:54:46.0 (49091247)|VARIABLE_SCOPE_BEGIN|[170]|descField|Schema.DescribeFieldResult|true|false
13:54:46.0 (49151427)|VARIABLE_ASSIGNMENT|[170]|descField|"common.api.soap.wsdl.Field@4ba4021"|0xe4b5584
13:54:46.0 (49162428)|HEAP_ALLOCATE|[172]|Bytes:9
13:54:46.0 (49180394)|STATEMENT_EXECUTE|[172]
13:54:46.0 (49190920)|HEAP_ALLOCATE|[169]|Bytes:5
13:54:46.0 (49202242)|VARIABLE_SCOPE_BEGIN|[169]|key|String|false|false
13:54:46.0 (49209492)|VARIABLE_ASSIGNMENT|[169]|key|"salutation"
13:54:46.0 (49213814)|STATEMENT_EXECUTE|[169]
13:54:46.0 (49215815)|STATEMENT_EXECUTE|[170]
13:54:46.0 (49343459)|HEAP_ALLOCATE|[170]|Bytes:8
13:54:46.0 (49353574)|VARIABLE_SCOPE_BEGIN|[170]|descField|Schema.DescribeFieldResult|true|false
13:54:46.0 (49410326)|VARIABLE_ASSIGNMENT|[170]|descField|"common.api.soap.wsdl.Field@1b0e8eab"|0x5ffb6313
13:54:46.0 (49420770)|HEAP_ALLOCATE|[172]|Bytes:10
13:54:46.0 (49438797)|STATEMENT_EXECUTE|[172]
13:54:46.0 (49449028)|HEAP_ALLOCATE|[169]|Bytes:5
13:54:46.0 (49460220)|VARIABLE_SCOPE_BEGIN|[169]|key|String|false|false
13:54:46.0 (49467026)|VARIABLE_ASSIGNMENT|[169]|key|"type"
13:54:46.0 (49471245)|STATEMENT_EXECUTE|[169]
13:54:46.0 (49473261)|STATEMENT_EXECUTE|[170]
13:54:46.0 (49796052)|HEAP_ALLOCATE|[170]|Bytes:8
13:54:46.0 (49806712)|VARIABLE_SCOPE_BEGIN|[170]|descField|Schema.DescribeFieldResult|true|false
13:54:46.0 (49865764)|VARIABLE_ASSIGNMENT|[170]|descField|"common.api.soap.wsdl.Field@d049f650"|0x59281354
13:54:46.0 (49876319)|HEAP_ALLOCATE|[172]|Bytes:4
13:54:46.0 (49900110)|STATEMENT_EXECUTE|[172]
13:54:46.0 (49911014)|HEAP_ALLOCATE|[169]|Bytes:5
13:54:46.0 (49922726)|VARIABLE_SCOPE_BEGIN|[169]|key|String|false|false
13:54:46.0 (49930178)|VARIABLE_ASSIGNMENT|[169]|key|"recordtypeid"
13:54:46.0 (49934444)|STATEMENT_EXECUTE|[169]
13:54:46.0 (49936436)|STATEMENT_EXECUTE|[170]
13:54:46.0 (50099729)|HEAP_ALLOCATE|[170]|Bytes:8
13:54:46.0 (50110920)|VARIABLE_SCOPE_BEGIN|[170]|descField|Schema.DescribeFieldResult|true|false
13:54:46.0 (50168868)|VARIABLE_ASSIGNMENT|[170]|descField|"common.api.soap.wsdl.Field@8a0145ed"|0x5a2536d0
13:54:46.0 (50179664)|HEAP_ALLOCATE|[172]|Bytes:12
13:54:46.0 (50197909)|STATEMENT_EXECUTE|[172]
13:54:46.0 (50208033)|HEAP_ALLOCATE|[169]|Bytes:5
13:54:46.0 (50219503)|VARIABLE_SCOPE_BEGIN|[169]|key|String|false|false
13:54:46.0 (50226450)|VARIABLE_ASSIGNMENT|[169]|key|"parentid"
13:54:46.0 (50230905)|STATEMENT_EXECUTE|[169]
13:54:46.0 (50232826)|STATEMENT_EXECUTE|[170]
13:54:46.0 (50402727)|HEAP_ALLOCATE|[170]|Bytes:8
13:54:46.0 (50412871)|VARIABLE_SCOPE_BEGIN|[170]|descField|Schema.DescribeFieldResult|true|false
13:54:46.0 (50470755)|VARIABLE_ASSIGNMENT|[170]|descField|"common.api.soap.wsdl.Field@48c0abb9"|0x5ed7f79a
13:54:46.0 (50481476)|HEAP_ALLOCATE|[172]|Bytes:8
13:54:46.0 (50499395)|STATEMENT_EXECUTE|[172]
13:54:46.0 (50509697)|HEAP_ALLOCATE|[169]|Bytes:5
13:54:46.0 (50521078)|VARIABLE_SCOPE_BEGIN|[169]|key|String|false|false
13:54:46.0 (50528275)|VARIABLE_ASSIGNMENT|[169]|key|"billingstreet"
13:54:46.0 (50532572)|STATEMENT_EXECUTE|[169]
13:54:46.0 (50534535)|STATEMENT_EXECUTE|[170]
13:54:46.0 (50671071)|HEAP_ALLOCATE|[170]|Bytes:8
13:54:46.0 (50681248)|VARIABLE_SCOPE_BEGIN|[170]|descField|Schema.DescribeFieldResult|true|false
13:54:46.0 (50738586)|VARIABLE_ASSIGNMENT|[170]|descField|"common.api.soap.wsdl.Field@1a8d7808"|0x659e264e
13:54:46.0 (50748975)|HEAP_ALLOCATE|[172]|Bytes:13
13:54:46.0 (50767435)|STATEMENT_EXECUTE|[172]
13:54:46.0 (50777660)|HEAP_ALLOCATE|[169]|Bytes:5
13:54:46.0 (50788892)|VARIABLE_SCOPE_BEGIN|[169]|key|String|false|false
13:54:46.0 (50796011)|VARIABLE_ASSIGNMENT|[169]|key|"billingcity"
13:54:46.0 (50800309)|STATEMENT_EXECUTE|[169]
13:54:46.0 (50802255)|STATEMENT_EXECUTE|[170]
13:54:46.0 (50929249)|HEAP_ALLOCATE|[170]|Bytes:8
13:54:46.0 (50939141)|VARIABLE_SCOPE_BEGIN|[170]|descField|Schema.DescribeFieldResult|true|false
13:54:46.0 (50995623)|VARIABLE_ASSIGNMENT|[170]|descField|"common.api.soap.wsdl.Field@dd9a2121"|0x6422223
13:54:46.0 (51006081)|HEAP_ALLOCATE|[172]|Bytes:11
13:54:46.0 (51025122)|STATEMENT_EXECUTE|[172]
13:54:46.0 (51035424)|HEAP_ALLOCATE|[169]|Bytes:5
13:54:46.0 (51046652)|VARIABLE_SCOPE_BEGIN|[169]|key|String|false|false
13:54:46.0 (51053557)|VARIABLE_ASSIGNMENT|[169]|key|"billingstate"
13:54:46.0 (51057739)|STATEMENT_EXECUTE|[169]
13:54:46.0 (51059683)|STATEMENT_EXECUTE|[170]
13:54:46.0 (51185658)|HEAP_ALLOCATE|[170]|Bytes:8
13:54:46.0 (51195947)|VARIABLE_SCOPE_BEGIN|[170]|descField|Schema.DescribeFieldResult|true|false
13:54:46.0 (51252159)|VARIABLE_ASSIGNMENT|[170]|descField|"common.api.soap.wsdl.Field@b0d218d5"|0x55d043f3
13:54:46.0 (51262447)|HEAP_ALLOCATE|[172]|Bytes:12
13:54:46.0 (51280466)|STATEMENT_EXECUTE|[172]
13:54:46.0 (51290686)|HEAP_ALLOCATE|[169]|Bytes:5
13:54:46.0 (51301746)|VARIABLE_SCOPE_BEGIN|[169]|key|String|false|false
13:54:46.0 (51308980)|VARIABLE_ASSIGNMENT|[169]|key|"billingpostalcode"
13:54:46.0 (51313157)|STATEMENT_EXECUTE|[169]
13:54:46.0 (51315079)|STATEMENT_EXECUTE|[170]
13:54:46.0 (51435030)|HEAP_ALLOCATE|[170]|Bytes:8
13:54:46.0 (51444831)|VARIABLE_SCOPE_BEGIN|[170]|descField|Schema.DescribeFieldResult|true|false
13:54:46.0 (51500872)|VARIABLE_ASSIGNMENT|[170]|descField|"common.api.soap.wsdl.Field@d3e7e99c"|0x13622426
13:54:46.0 (51511127)|HEAP_ALLOCATE|[172]|Bytes:17
13:54:46.0 (51528870)|STATEMENT_EXECUTE|[172]
13:54:46.0 (51539129)|HEAP_ALLOCATE|[169]|Bytes:5
13:54:46.0 (51550489)|VARIABLE_SCOPE_BEGIN|[169]|key|String|false|false
13:54:46.0 (51557681)|VARIABLE_ASSIGNMENT|[169]|key|"billingcountry"
13:54:46.0 (51562019)|STATEMENT_EXECUTE|[169]
13:54:46.0 (51563974)|STATEMENT_EXECUTE|[170]
13:54:46.0 (51683994)|HEAP_ALLOCATE|[170]|Bytes:8
13:54:46.0 (51693781)|VARIABLE_SCOPE_BEGIN|[170]|descField|Schema.DescribeFieldResult|true|false
13:54:46.0 (51750011)|VARIABLE_ASSIGNMENT|[170]|descField|"common.api.soap.wsdl.Field@b59e6c83"|0x13141c31
13:54:46.0 (51760299)|HEAP_ALLOCATE|[172]|Bytes:14
13:54:46.0 (51778179)|STATEMENT_EXECUTE|[172]
13:54:46.0 (51788387)|HEAP_ALLOCATE|[169]|Bytes:5
13:54:46.0 (51799451)|VARIABLE_SCOPE_BEGIN|[169]|key|String|false|false
13:54:46.0 (51806644)|VARIABLE_ASSIGNMENT|[169]|key|"billinglatitude"
13:54:46.0 (51810941)|STATEMENT_EXECUTE|[169]
13:54:46.0 (51812948)|STATEMENT_EXECUTE|[170]
13:54:46.0 (51943549)|HEAP_ALLOCATE|[170]|Bytes:8
13:54:46.0 (51953461)|VARIABLE_SCOPE_BEGIN|[170]|descField|Schema.DescribeFieldResult|true|false
13:54:46.0 (52009915)|VARIABLE_ASSIGNMENT|[170]|descField|"common.api.soap.wsdl.Field@a9259c91"|0x7927f36a
13:54:46.0 (52021551)|HEAP_ALLOCATE|[172]|Bytes:15
13:54:46.0 (52039459)|STATEMENT_EXECUTE|[172]
13:54:46.0 (52049630)|HEAP_ALLOCATE|[169]|Bytes:5
13:54:46.0 (52060930)|VARIABLE_SCOPE_BEGIN|[169]|key|String|false|false
13:54:46.0 (52067907)|VARIABLE_ASSIGNMENT|[169]|key|"billinglongitude"
13:54:46.0 (52072207)|STATEMENT_EXECUTE|[169]
13:54:46.0 (52074143)|STATEMENT_EXECUTE|[170]
13:54:46.0 (52201398)|HEAP_ALLOCATE|[170]|Bytes:8
13:54:46.0 (52211344)|VARIABLE_SCOPE_BEGIN|[170]|descField|Schema.DescribeFieldResult|true|false
13:54:46.0 (52267465)|VARIABLE_ASSIGNMENT|[170]|descField|"common.api.soap.wsdl.Field@fb0c0eac"|0x2aa9892e
13:54:46.0 (52277738)|HEAP_ALLOCATE|[172]|Bytes:16
13:54:46.0 (52295439)|STATEMENT_EXECUTE|[172]
13:54:46.0 (52305473)|HEAP_ALLOCATE|[169]|Bytes:5
13:54:46.0 (52316729)|VARIABLE_SCOPE_BEGIN|[169]|key|String|false|false
13:54:46.0 (52323637)|VARIABLE_ASSIGNMENT|[169]|key|"billingaddress"
13:54:46.0 (52327783)|STATEMENT_EXECUTE|[169]
13:54:46.0 (52330194)|STATEMENT_EXECUTE|[170]
13:54:46.0 (52439182)|HEAP_ALLOCATE|[170]|Bytes:8
13:54:46.0 (52449164)|VARIABLE_SCOPE_BEGIN|[170]|descField|Schema.DescribeFieldResult|true|false
13:54:46.0 (52505601)|VARIABLE_ASSIGNMENT|[170]|descField|"common.api.soap.wsdl.Field@6e810477"|0x619614bd
13:54:46.0 (52515715)|HEAP_ALLOCATE|[172]|Bytes:14
13:54:46.0 (52533807)|STATEMENT_EXECUTE|[172]
13:54:46.0 (52543734)|HEAP_ALLOCATE|[169]|Bytes:5
13:54:46.0 (52554849)|VARIABLE_SCOPE_BEGIN|[169]|key|String|false|false
13:54:46.0 (52561730)|VARIABLE_ASSIGNMENT|[169]|key|"shippingstreet"
13:54:46.0 (52565936)|STATEMENT_EXECUTE|[169]
13:54:46.0 (52567908)|STATEMENT_EXECUTE|[170]
13:54:46.0 (52700962)|HEAP_ALLOCATE|[170]|Bytes:8
13:54:46.0 (52710979)|VARIABLE_SCOPE_BEGIN|[170]|descField|Schema.DescribeFieldResult|true|false
13:54:46.0 (52766999)|VARIABLE_ASSIGNMENT|[170]|descField|"common.api.soap.wsdl.Field@6c9df37c"|0x6a666583
13:54:46.0 (52777404)|HEAP_ALLOCATE|[172]|Bytes:14
13:54:46.0 (52795254)|STATEMENT_EXECUTE|[172]
13:54:46.0 (52805483)|HEAP_ALLOCATE|[169]|Bytes:5
13:54:46.0 (52816597)|VARIABLE_SCOPE_BEGIN|[169]|key|String|false|false
13:54:46.0 (52823486)|VARIABLE_ASSIGNMENT|[169]|key|"shippingcity"
13:54:46.0 (52827677)|STATEMENT_EXECUTE|[169]
13:54:46.0 (52829619)|STATEMENT_EXECUTE|[170]
13:54:46.0 (52956055)|HEAP_ALLOCATE|[170]|Bytes:8
13:54:46.0 (52965961)|VARIABLE_SCOPE_BEGIN|[170]|descField|Schema.DescribeFieldResult|true|false
13:54:46.0 (53021862)|VARIABLE_ASSIGNMENT|[170]|descField|"common.api.soap.wsdl.Field@7aaabac6"|0x6503ef55
13:54:46.0 (53033084)|HEAP_ALLOCATE|[172]|Bytes:12
13:54:46.0 (53051100)|STATEMENT_EXECUTE|[172]
13:54:46.0 (53061265)|HEAP_ALLOCATE|[169]|Bytes:5
13:54:46.0 (53072513)|VARIABLE_SCOPE_BEGIN|[169]|key|String|false|false
13:54:46.0 (53079353)|VARIABLE_ASSIGNMENT|[169]|key|"shippingstate"
13:54:46.0 (53083603)|STATEMENT_EXECUTE|[169]
13:54:46.0 (53085511)|STATEMENT_EXECUTE|[170]
13:54:46.0 (53206548)|HEAP_ALLOCATE|[170]|Bytes:8
13:54:46.0 (53216331)|VARIABLE_SCOPE_BEGIN|[170]|descField|Schema.DescribeFieldResult|true|false
13:54:46.0 (53272276)|VARIABLE_ASSIGNMENT|[170]|descField|"common.api.soap.wsdl.Field@d0b103bb"|0x464fb318
13:54:46.0 (53282515)|HEAP_ALLOCATE|[172]|Bytes:13
13:54:46.0 (53300272)|STATEMENT_EXECUTE|[172]
13:54:46.0 (53310290)|HEAP_ALLOCATE|[169]|Bytes:5
13:54:46.0 (53321477)|VARIABLE_SCOPE_BEGIN|[169]|key|String|false|false
13:54:46.0 (53328593)|VARIABLE_ASSIGNMENT|[169]|key|"shippingpostalcode"
13:54:46.0 (53332786)|STATEMENT_EXECUTE|[169]
13:54:46.0 (53334774)|STATEMENT_EXECUTE|[170]
13:54:46.0 (53453316)|HEAP_ALLOCATE|[170]|Bytes:8
13:54:46.0 (53462988)|VARIABLE_SCOPE_BEGIN|[170]|descField|Schema.DescribeFieldResult|true|false
13:54:46.0 (53518820)|VARIABLE_ASSIGNMENT|[170]|descField|"common.api.soap.wsdl.Field@277cbe9a"|0x29687f15
13:54:46.0 (53528928)|HEAP_ALLOCATE|[172]|Bytes:18
13:54:46.0 (53546570)|STATEMENT_EXECUTE|[172]
13:54:46.0 (53556551)|HEAP_ALLOCATE|[169]|Bytes:5
13:54:46.0 (53567839)|VARIABLE_SCOPE_BEGIN|[169]|key|String|false|false
13:54:46.0 (53575224)|VARIABLE_ASSIGNMENT|[169]|key|"shippingcountry"
13:54:46.0 (53579559)|STATEMENT_EXECUTE|[169]
13:54:46.0 (53581478)|STATEMENT_EXECUTE|[170]
13:54:46.0 (53700955)|HEAP_ALLOCATE|[170]|Bytes:8
13:54:46.0 (53710830)|VARIABLE_SCOPE_BEGIN|[170]|descField|Schema.DescribeFieldResult|true|false
13:54:46.0 (53766390)|VARIABLE_ASSIGNMENT|[170]|descField|"common.api.soap.wsdl.Field@83d054dd"|0x278e96b8
13:54:46.0 (53776617)|HEAP_ALLOCATE|[172]|Bytes:15
13:54:46.0 (53794117)|STATEMENT_EXECUTE|[172]
13:54:46.0 (53804134)|HEAP_ALLOCATE|[169]|Bytes:5
13:54:46.0 (53815257)|VARIABLE_SCOPE_BEGIN|[169]|key|String|false|false
13:54:46.0 (53822471)|VARIABLE_ASSIGNMENT|[169]|key|"shippinglatitude"
13:54:46.0 (53826537)|STATEMENT_EXECUTE|[169]
13:54:46.0 (53828511)|STATEMENT_EXECUTE|[170]
13:54:46.0 (53955440)|HEAP_ALLOCATE|[170]|Bytes:8
13:54:46.0 (53965518)|VARIABLE_SCOPE_BEGIN|[170]|descField|Schema.DescribeFieldResult|true|false
13:54:46.0 (54021368)|VARIABLE_ASSIGNMENT|[170]|descField|"common.api.soap.wsdl.Field@509ee7bc"|0xcca71ef
13:54:46.0 (54033268)|HEAP_ALLOCATE|[172]|Bytes:16
13:54:46.0 (54051052)|STATEMENT_EXECUTE|[172]
13:54:46.0 (54061208)|HEAP_ALLOCATE|[169]|Bytes:5
13:54:46.0 (54072519)|VARIABLE_SCOPE_BEGIN|[169]|key|String|false|false
13:54:46.0 (54079502)|VARIABLE_ASSIGNMENT|[169]|key|"shippinglongitude"
13:54:46.0 (54083599)|STATEMENT_EXECUTE|[169]
13:54:46.0 (54085508)|STATEMENT_EXECUTE|[170]
13:54:46.0 (54206584)|HEAP_ALLOCATE|[170]|Bytes:8
13:54:46.0 (54216454)|VARIABLE_SCOPE_BEGIN|[170]|descField|Schema.DescribeFieldResult|true|false
13:54:46.0 (54271923)|VARIABLE_ASSIGNMENT|[170]|descField|"common.api.soap.wsdl.Field@2b409bcb"|0x3d2f424a
13:54:46.0 (54282213)|HEAP_ALLOCATE|[172]|Bytes:17
13:54:46.0 (54299934)|STATEMENT_EXECUTE|[172]
13:54:46.0 (54310101)|HEAP_ALLOCATE|[169]|Bytes:5
13:54:46.0 (54321351)|VARIABLE_SCOPE_BEGIN|[169]|key|String|false|false
13:54:46.0 (54332268)|VARIABLE_ASSIGNMENT|[169]|key|"shippingaddress"
13:54:46.0 (54337010)|STATEMENT_EXECUTE|[169]
13:54:46.0 (54339020)|STATEMENT_EXECUTE|[170]
13:54:46.0 (54438989)|HEAP_ALLOCATE|[170]|Bytes:8
13:54:46.0 (54448814)|VARIABLE_SCOPE_BEGIN|[170]|descField|Schema.DescribeFieldResult|true|false
13:54:46.0 (54504331)|VARIABLE_ASSIGNMENT|[170]|descField|"common.api.soap.wsdl.Field@4fcb1bf2"|0xf46f2b
13:54:46.0 (54514711)|HEAP_ALLOCATE|[172]|Bytes:15
13:54:46.0 (54532432)|STATEMENT_EXECUTE|[172]
13:54:46.0 (54542618)|HEAP_ALLOCATE|[169]|Bytes:5
13:54:46.0 (54553803)|VARIABLE_SCOPE_BEGIN|[169]|key|String|false|false
13:54:46.0 (54560706)|VARIABLE_ASSIGNMENT|[169]|key|"phone"
13:54:46.0 (54564902)|STATEMENT_EXECUTE|[169]
13:54:46.0 (54566990)|STATEMENT_EXECUTE|[170]
13:54:46.0 (54703301)|HEAP_ALLOCATE|[170]|Bytes:8
13:54:46.0 (54713201)|VARIABLE_SCOPE_BEGIN|[170]|descField|Schema.DescribeFieldResult|true|false
13:54:46.0 (54769667)|VARIABLE_ASSIGNMENT|[170]|descField|"common.api.soap.wsdl.Field@c963c013"|0x7a7d92c8
13:54:46.0 (54779770)|HEAP_ALLOCATE|[172]|Bytes:5
13:54:46.0 (54797781)|STATEMENT_EXECUTE|[172]
13:54:46.0 (54805381)|STATEMENT_EXECUTE|[173]
13:54:46.0 (54815865)|HEAP_ALLOCATE|[169]|Bytes:5
13:54:46.0 (54827330)|VARIABLE_SCOPE_BEGIN|[169]|key|String|false|false
13:54:46.0 (54834125)|VARIABLE_ASSIGNMENT|[169]|key|"fax"
13:54:46.0 (54838306)|STATEMENT_EXECUTE|[169]
13:54:46.0 (54840266)|STATEMENT_EXECUTE|[170]
13:54:46.0 (54984951)|HEAP_ALLOCATE|[170]|Bytes:8
13:54:46.0 (54994988)|VARIABLE_SCOPE_BEGIN|[170]|descField|Schema.DescribeFieldResult|true|false
13:54:46.0 (55051401)|VARIABLE_ASSIGNMENT|[170]|descField|"common.api.soap.wsdl.Field@20d67176"|0x25db9b1d
13:54:46.0 (55062361)|HEAP_ALLOCATE|[172]|Bytes:3
13:54:46.0 (55080164)|STATEMENT_EXECUTE|[172]
13:54:46.0 (55089943)|HEAP_ALLOCATE|[169]|Bytes:5
13:54:46.0 (55100983)|VARIABLE_SCOPE_BEGIN|[169]|key|String|false|false
13:54:46.0 (55107925)|VARIABLE_ASSIGNMENT|[169]|key|"accountnumber"
13:54:46.0 (55112019)|STATEMENT_EXECUTE|[169]
13:54:46.0 (55114016)|STATEMENT_EXECUTE|[170]
13:54:46.0 (55216934)|HEAP_ALLOCATE|[170]|Bytes:8
13:54:46.0 (55226775)|VARIABLE_SCOPE_BEGIN|[170]|descField|Schema.DescribeFieldResult|true|false
13:54:46.0 (55282788)|VARIABLE_ASSIGNMENT|[170]|descField|"common.api.soap.wsdl.Field@14fec6c4"|0x705e371d
13:54:46.0 (55292959)|HEAP_ALLOCATE|[172]|Bytes:13
13:54:46.0 (55310806)|STATEMENT_EXECUTE|[172]
13:54:46.0 (55320587)|HEAP_ALLOCATE|[169]|Bytes:5
13:54:46.0 (55331686)|VARIABLE_SCOPE_BEGIN|[169]|key|String|false|false
13:54:46.0 (55338552)|VARIABLE_ASSIGNMENT|[169]|key|"website"
13:54:46.0 (55342791)|STATEMENT_EXECUTE|[169]
13:54:46.0 (55344844)|STATEMENT_EXECUTE|[170]
13:54:46.0 (55480932)|HEAP_ALLOCATE|[170]|Bytes:8
13:54:46.0 (55490890)|VARIABLE_SCOPE_BEGIN|[170]|descField|Schema.DescribeFieldResult|true|false
13:54:46.0 (55546788)|VARIABLE_ASSIGNMENT|[170]|descField|"common.api.soap.wsdl.Field@3cb422c"|0x53d7710e
13:54:46.0 (55556932)|HEAP_ALLOCATE|[172]|Bytes:7
13:54:46.0 (55574591)|STATEMENT_EXECUTE|[172]
13:54:46.0 (55584673)|HEAP_ALLOCATE|[169]|Bytes:5
13:54:46.0 (55595731)|VARIABLE_SCOPE_BEGIN|[169]|key|String|false|false
13:54:46.0 (55602477)|VARIABLE_ASSIGNMENT|[169]|key|"photourl"
13:54:46.0 (55606850)|STATEMENT_EXECUTE|[169]
13:54:46.0 (55608768)|STATEMENT_EXECUTE|[170]
13:54:46.0 (55712714)|HEAP_ALLOCATE|[170]|Bytes:8
13:54:46.0 (55722477)|VARIABLE_SCOPE_BEGIN|[170]|descField|Schema.DescribeFieldResult|true|false
13:54:46.0 (55777858)|VARIABLE_ASSIGNMENT|[170]|descField|"common.api.soap.wsdl.Field@5a1a035b"|0x5df8e2ac
13:54:46.0 (55787976)|HEAP_ALLOCATE|[172]|Bytes:8
13:54:46.0 (55805724)|STATEMENT_EXECUTE|[172]
13:54:46.0 (55815695)|HEAP_ALLOCATE|[169]|Bytes:5
13:54:46.0 (55827026)|VARIABLE_SCOPE_BEGIN|[169]|key|String|false|false
13:54:46.0 (55833717)|VARIABLE_ASSIGNMENT|[169]|key|"sic"
13:54:46.0 (55837858)|STATEMENT_EXECUTE|[169]
13:54:46.0 (55839848)|STATEMENT_EXECUTE|[170]
13:54:46.0 (55955326)|HEAP_ALLOCATE|[170]|Bytes:8
13:54:46.0 (55965347)|VARIABLE_SCOPE_BEGIN|[170]|descField|Schema.DescribeFieldResult|true|false
13:54:46.0 (56021083)|VARIABLE_ASSIGNMENT|[170]|descField|"common.api.soap.wsdl.Field@9948120a"|0x13811e7b
13:54:46.0 (56032107)|HEAP_ALLOCATE|[172]|Bytes:3
13:54:46.0 (56050235)|STATEMENT_EXECUTE|[172]
13:54:46.0 (56060158)|HEAP_ALLOCATE|[169]|Bytes:5
13:54:46.0 (56071306)|VARIABLE_SCOPE_BEGIN|[169]|key|String|false|false
13:54:46.0 (56078113)|VARIABLE_ASSIGNMENT|[169]|key|"industry"
13:54:46.0 (56082150)|STATEMENT_EXECUTE|[169]
13:54:46.0 (56084124)|STATEMENT_EXECUTE|[170]
13:54:46.0 (56210779)|HEAP_ALLOCATE|[170]|Bytes:8
13:54:46.0 (56220671)|VARIABLE_SCOPE_BEGIN|[170]|descField|Schema.DescribeFieldResult|true|false
13:54:46.0 (56276674)|VARIABLE_ASSIGNMENT|[170]|descField|"common.api.soap.wsdl.Field@4f9e6351"|0x17cde389
13:54:46.0 (56286931)|HEAP_ALLOCATE|[172]|Bytes:8
13:54:46.0 (56304956)|STATEMENT_EXECUTE|[172]
13:54:46.0 (56312462)|STATEMENT_EXECUTE|[173]
13:54:46.0 (56322610)|HEAP_ALLOCATE|[169]|Bytes:5
13:54:46.0 (56333809)|VARIABLE_SCOPE_BEGIN|[169]|key|String|false|false
13:54:46.0 (56340680)|VARIABLE_ASSIGNMENT|[169]|key|"annualrevenue"
13:54:46.0 (56344938)|STATEMENT_EXECUTE|[169]
13:54:46.0 (56346842)|STATEMENT_EXECUTE|[170]
13:54:46.0 (56491147)|HEAP_ALLOCATE|[170]|Bytes:8
13:54:46.0 (56501187)|VARIABLE_SCOPE_BEGIN|[170]|descField|Schema.DescribeFieldResult|true|false
13:54:46.0 (56557146)|VARIABLE_ASSIGNMENT|[170]|descField|"common.api.soap.wsdl.Field@bcae2d08"|0x258be0f4
13:54:46.0 (56567322)|HEAP_ALLOCATE|[172]|Bytes:13
13:54:46.0 (56585446)|STATEMENT_EXECUTE|[172]
13:54:46.0 (56592709)|STATEMENT_EXECUTE|[173]
13:54:46.0 (56602663)|HEAP_ALLOCATE|[169]|Bytes:5
13:54:46.0 (56613936)|VARIABLE_SCOPE_BEGIN|[169]|key|String|false|false
13:54:46.0 (56621020)|VARIABLE_ASSIGNMENT|[169]|key|"numberofemployees"
13:54:46.0 (56625143)|STATEMENT_EXECUTE|[169]
13:54:46.0 (56627164)|STATEMENT_EXECUTE|[170]
13:54:46.0 (56755103)|HEAP_ALLOCATE|[170]|Bytes:8
13:54:46.0 (56764949)|VARIABLE_SCOPE_BEGIN|[170]|descField|Schema.DescribeFieldResult|true|false
13:54:46.0 (56820622)|VARIABLE_ASSIGNMENT|[170]|descField|"common.api.soap.wsdl.Field@8613518d"|0x1b3bb4fe
13:54:46.0 (56830877)|HEAP_ALLOCATE|[172]|Bytes:17
13:54:46.0 (56848661)|STATEMENT_EXECUTE|[172]
13:54:46.0 (56859080)|HEAP_ALLOCATE|[169]|Bytes:5
13:54:46.0 (56870341)|VARIABLE_SCOPE_BEGIN|[169]|key|String|false|false
13:54:46.0 (56877146)|VARIABLE_ASSIGNMENT|[169]|key|"ownership"
13:54:46.0 (56881400)|STATEMENT_EXECUTE|[169]
13:54:46.0 (56888202)|STATEMENT_EXECUTE|[170]
13:54:46.0 (56994009)|HEAP_ALLOCATE|[170]|Bytes:8
13:54:46.0 (57003864)|VARIABLE_SCOPE_BEGIN|[170]|descField|Schema.DescribeFieldResult|true|false
13:54:46.0 (57060812)|VARIABLE_ASSIGNMENT|[170]|descField|"common.api.soap.wsdl.Field@8f105bdf"|0x53838d01
13:54:46.0 (57071070)|HEAP_ALLOCATE|[172]|Bytes:9
13:54:46.0 (57088973)|STATEMENT_EXECUTE|[172]
13:54:46.0 (57098955)|HEAP_ALLOCATE|[169]|Bytes:5
13:54:46.0 (57110011)|VARIABLE_SCOPE_BEGIN|[169]|key|String|false|false
13:54:46.0 (57116927)|VARIABLE_ASSIGNMENT|[169]|key|"tickersymbol"
13:54:46.0 (57121108)|STATEMENT_EXECUTE|[169]
13:54:46.0 (57123142)|STATEMENT_EXECUTE|[170]
13:54:46.0 (57228591)|HEAP_ALLOCATE|[170]|Bytes:8
13:54:46.0 (57238350)|VARIABLE_SCOPE_BEGIN|[170]|descField|Schema.DescribeFieldResult|true|false
13:54:46.0 (57294292)|VARIABLE_ASSIGNMENT|[170]|descField|"common.api.soap.wsdl.Field@4db373ba"|0x3d1a81ae
13:54:46.0 (57304429)|HEAP_ALLOCATE|[172]|Bytes:12
13:54:46.0 (57322316)|STATEMENT_EXECUTE|[172]
13:54:46.0 (57332301)|HEAP_ALLOCATE|[169]|Bytes:5
13:54:46.0 (57343470)|VARIABLE_SCOPE_BEGIN|[169]|key|String|false|false
13:54:46.0 (57350751)|VARIABLE_ASSIGNMENT|[169]|key|"description"
13:54:46.0 (57354802)|STATEMENT_EXECUTE|[169]
13:54:46.0 (57356794)|STATEMENT_EXECUTE|[170]
13:54:46.0 (57523452)|HEAP_ALLOCATE|[170]|Bytes:8
13:54:46.0 (57533932)|VARIABLE_SCOPE_BEGIN|[170]|descField|Schema.DescribeFieldResult|true|false
13:54:46.0 (57594802)|VARIABLE_ASSIGNMENT|[170]|descField|"common.api.soap.wsdl.Field@2b01ca59"|0x5c9d0403
13:54:46.0 (57605527)|HEAP_ALLOCATE|[172]|Bytes:11
13:54:46.0 (57625247)|STATEMENT_EXECUTE|[172]
13:54:46.0 (57637048)|HEAP_ALLOCATE|[169]|Bytes:5
13:54:46.0 (57648669)|VARIABLE_SCOPE_BEGIN|[169]|key|String|false|false
13:54:46.0 (57658019)|VARIABLE_ASSIGNMENT|[169]|key|"rating"
13:54:46.0 (57665601)|STATEMENT_EXECUTE|[169]
13:54:46.0 (57670071)|STATEMENT_EXECUTE|[170]
13:54:46.0 (57829490)|HEAP_ALLOCATE|[170]|Bytes:8
13:54:46.0 (57843470)|VARIABLE_SCOPE_BEGIN|[170]|descField|Schema.DescribeFieldResult|true|false
13:54:46.0 (57912188)|VARIABLE_ASSIGNMENT|[170]|descField|"common.api.soap.wsdl.Field@d3202599"|0x113db6b4
13:54:46.0 (57923337)|HEAP_ALLOCATE|[172]|Bytes:6
13:54:46.0 (57942198)|STATEMENT_EXECUTE|[172]
13:54:46.0 (57952757)|HEAP_ALLOCATE|[169]|Bytes:5
13:54:46.0 (57964211)|VARIABLE_SCOPE_BEGIN|[169]|key|String|false|false
13:54:46.0 (57971216)|VARIABLE_ASSIGNMENT|[169]|key|"site"
13:54:46.0 (57975492)|STATEMENT_EXECUTE|[169]
13:54:46.0 (57977460)|STATEMENT_EXECUTE|[170]
13:54:46.0 (58093504)|HEAP_ALLOCATE|[170]|Bytes:8
13:54:46.0 (58109166)|VARIABLE_SCOPE_BEGIN|[170]|descField|Schema.DescribeFieldResult|true|false
13:54:46.0 (58190770)|VARIABLE_ASSIGNMENT|[170]|descField|"common.api.soap.wsdl.Field@c32e163f"|0x2a677084
13:54:46.0 (58201948)|HEAP_ALLOCATE|[172]|Bytes:4
13:54:46.0 (58220891)|STATEMENT_EXECUTE|[172]
13:54:46.0 (58231273)|HEAP_ALLOCATE|[169]|Bytes:5
13:54:46.0 (58242719)|VARIABLE_SCOPE_BEGIN|[169]|key|String|false|false
13:54:46.0 (58249717)|VARIABLE_ASSIGNMENT|[169]|key|"ownerid"
13:54:46.0 (58254027)|STATEMENT_EXECUTE|[169]
13:54:46.0 (58256108)|STATEMENT_EXECUTE|[170]
13:54:46.0 (58412158)|HEAP_ALLOCATE|[170]|Bytes:8
13:54:46.0 (58422199)|VARIABLE_SCOPE_BEGIN|[170]|descField|Schema.DescribeFieldResult|true|false
13:54:46.0 (58479639)|VARIABLE_ASSIGNMENT|[170]|descField|"common.api.soap.wsdl.Field@901d6214"|0x336d2416
13:54:46.0 (58490002)|HEAP_ALLOCATE|[172]|Bytes:7
13:54:46.0 (58508039)|STATEMENT_EXECUTE|[172]
13:54:46.0 (58518102)|HEAP_ALLOCATE|[169]|Bytes:5
13:54:46.0 (58529261)|VARIABLE_SCOPE_BEGIN|[169]|key|String|false|false
13:54:46.0 (58536327)|VARIABLE_ASSIGNMENT|[169]|key|"createddate"
13:54:46.0 (58540488)|STATEMENT_EXECUTE|[169]
13:54:46.0 (58542452)|STATEMENT_EXECUTE|[170]
13:54:46.0 (58688439)|HEAP_ALLOCATE|[170]|Bytes:8
13:54:46.0 (58698892)|VARIABLE_SCOPE_BEGIN|[170]|descField|Schema.DescribeFieldResult|true|false
13:54:46.0 (58766802)|VARIABLE_ASSIGNMENT|[170]|descField|"common.api.soap.wsdl.Field@7b5d090b"|0xea39277
13:54:46.0 (58780569)|HEAP_ALLOCATE|[172]|Bytes:11
13:54:46.0 (58807885)|STATEMENT_EXECUTE|[172]
13:54:46.0 (58822146)|HEAP_ALLOCATE|[169]|Bytes:5
13:54:46.0 (58834331)|VARIABLE_SCOPE_BEGIN|[169]|key|String|false|false
13:54:46.0 (58841819)|VARIABLE_ASSIGNMENT|[169]|key|"createdbyid"
13:54:46.0 (58846403)|STATEMENT_EXECUTE|[169]
13:54:46.0 (58848385)|STATEMENT_EXECUTE|[170]
13:54:46.0 (59029635)|HEAP_ALLOCATE|[170]|Bytes:8
13:54:46.0 (59040827)|VARIABLE_SCOPE_BEGIN|[170]|descField|Schema.DescribeFieldResult|true|false
13:54:46.0 (59101420)|VARIABLE_ASSIGNMENT|[170]|descField|"common.api.soap.wsdl.Field@4bcc868"|0x56d8838d
13:54:46.0 (59112185)|HEAP_ALLOCATE|[172]|Bytes:11
13:54:46.0 (59130779)|STATEMENT_EXECUTE|[172]
13:54:46.0 (59141083)|HEAP_ALLOCATE|[169]|Bytes:5
13:54:46.0 (59152549)|VARIABLE_SCOPE_BEGIN|[169]|key|String|false|false
13:54:46.0 (59160222)|VARIABLE_ASSIGNMENT|[169]|key|"lastmodifieddate"
13:54:46.0 (59164459)|STATEMENT_EXECUTE|[169]
13:54:46.0 (59166423)|STATEMENT_EXECUTE|[170]
13:54:46.0 (59306993)|HEAP_ALLOCATE|[170]|Bytes:8
13:54:46.0 (59317139)|VARIABLE_SCOPE_BEGIN|[170]|descField|Schema.DescribeFieldResult|true|false
13:54:46.0 (59373185)|VARIABLE_ASSIGNMENT|[170]|descField|"common.api.soap.wsdl.Field@54b3ba86"|0x7674fcd5
13:54:46.0 (59383710)|HEAP_ALLOCATE|[172]|Bytes:16
13:54:46.0 (59401568)|STATEMENT_EXECUTE|[172]
13:54:46.0 (59411581)|HEAP_ALLOCATE|[169]|Bytes:5
13:54:46.0 (59422684)|VARIABLE_SCOPE_BEGIN|[169]|key|String|false|false
13:54:46.0 (59429774)|VARIABLE_ASSIGNMENT|[169]|key|"lastmodifiedbyid"
13:54:46.0 (59434154)|STATEMENT_EXECUTE|[169]
13:54:46.0 (59436043)|STATEMENT_EXECUTE|[170]
13:54:46.0 (59583255)|HEAP_ALLOCATE|[170]|Bytes:8
13:54:46.0 (59593313)|VARIABLE_SCOPE_BEGIN|[170]|descField|Schema.DescribeFieldResult|true|false
13:54:46.0 (59650527)|VARIABLE_ASSIGNMENT|[170]|descField|"common.api.soap.wsdl.Field@b9ab09a5"|0x62fd8ed9
13:54:46.0 (59661474)|HEAP_ALLOCATE|[172]|Bytes:16
13:54:46.0 (59679606)|STATEMENT_EXECUTE|[172]
13:54:46.0 (59689888)|HEAP_ALLOCATE|[169]|Bytes:5
13:54:46.0 (59701052)|VARIABLE_SCOPE_BEGIN|[169]|key|String|false|false
13:54:46.0 (59708118)|VARIABLE_ASSIGNMENT|[169]|key|"systemmodstamp"
13:54:46.0 (59712301)|STATEMENT_EXECUTE|[169]
13:54:46.0 (59714298)|STATEMENT_EXECUTE|[170]
13:54:46.0 (59817755)|HEAP_ALLOCATE|[170]|Bytes:8
13:54:46.0 (59827573)|VARIABLE_SCOPE_BEGIN|[170]|descField|Schema.DescribeFieldResult|true|false
13:54:46.0 (59889620)|VARIABLE_ASSIGNMENT|[170]|descField|"common.api.soap.wsdl.Field@f4c99dd6"|0x6b63c8a2
13:54:46.0 (59900398)|HEAP_ALLOCATE|[172]|Bytes:14
13:54:46.0 (59918387)|STATEMENT_EXECUTE|[172]
13:54:46.0 (59928494)|HEAP_ALLOCATE|[169]|Bytes:5
13:54:46.0 (59939883)|VARIABLE_SCOPE_BEGIN|[169]|key|String|false|false
13:54:46.0 (59947121)|VARIABLE_ASSIGNMENT|[169]|key|"lastactivitydate"
13:54:46.0 (59951336)|STATEMENT_EXECUTE|[169]
13:54:46.0 (59953686)|STATEMENT_EXECUTE|[170]
13:54:46.0 (60059330)|HEAP_ALLOCATE|[170]|Bytes:8
13:54:46.0 (60070054)|VARIABLE_SCOPE_BEGIN|[170]|descField|Schema.DescribeFieldResult|true|false
13:54:46.0 (60129110)|VARIABLE_ASSIGNMENT|[170]|descField|"common.api.soap.wsdl.Field@b4d857"|0x6fb0a0fc
13:54:46.0 (60139858)|HEAP_ALLOCATE|[172]|Bytes:16
13:54:46.0 (60157770)|STATEMENT_EXECUTE|[172]
13:54:46.0 (60167759)|HEAP_ALLOCATE|[169]|Bytes:5
13:54:46.0 (60178984)|VARIABLE_SCOPE_BEGIN|[169]|key|String|false|false
13:54:46.0 (60185958)|VARIABLE_ASSIGNMENT|[169]|key|"lastvieweddate"
13:54:46.0 (60190142)|STATEMENT_EXECUTE|[169]
13:54:46.0 (60192053)|STATEMENT_EXECUTE|[170]
13:54:46.0 (60296676)|HEAP_ALLOCATE|[170]|Bytes:8
13:54:46.0 (60306438)|VARIABLE_SCOPE_BEGIN|[170]|descField|Schema.DescribeFieldResult|true|false
13:54:46.0 (60362366)|VARIABLE_ASSIGNMENT|[170]|descField|"common.api.soap.wsdl.Field@96af992"|0x1efa3d5e
13:54:46.0 (60372706)|HEAP_ALLOCATE|[172]|Bytes:14
13:54:46.0 (60390321)|STATEMENT_EXECUTE|[172]
13:54:46.0 (60400461)|HEAP_ALLOCATE|[169]|Bytes:5
13:54:46.0 (60411593)|VARIABLE_SCOPE_BEGIN|[169]|key|String|false|false
13:54:46.0 (60418737)|VARIABLE_ASSIGNMENT|[169]|key|"lastreferenceddate"
13:54:46.0 (60423100)|STATEMENT_EXECUTE|[169]
13:54:46.0 (60425032)|STATEMENT_EXECUTE|[170]
13:54:46.0 (60527802)|HEAP_ALLOCATE|[170]|Bytes:8
13:54:46.0 (60537555)|VARIABLE_SCOPE_BEGIN|[170]|descField|Schema.DescribeFieldResult|true|false
13:54:46.0 (60593074)|VARIABLE_ASSIGNMENT|[170]|descField|"common.api.soap.wsdl.Field@e99bcbc3"|0x5dacddde
13:54:46.0 (60603224)|HEAP_ALLOCATE|[172]|Bytes:18
13:54:46.0 (60620942)|STATEMENT_EXECUTE|[172]
13:54:46.0 (60630917)|HEAP_ALLOCATE|[169]|Bytes:5
13:54:46.0 (60642135)|VARIABLE_SCOPE_BEGIN|[169]|key|String|false|false
13:54:46.0 (60651001)|VARIABLE_ASSIGNMENT|[169]|key|"isexcludedfromrealig (1 more) ..."
13:54:46.0 (60655388)|STATEMENT_EXECUTE|[169]
13:54:46.0 (60657349)|STATEMENT_EXECUTE|[170]
13:54:46.0 (61035945)|HEAP_ALLOCATE|[170]|Bytes:8
13:54:46.0 (61047686)|VARIABLE_SCOPE_BEGIN|[170]|descField|Schema.DescribeFieldResult|true|false
13:54:46.0 (61110451)|VARIABLE_ASSIGNMENT|[170]|descField|"common.api.soap.wsdl.Field@c40bd8c5"|0x6c718bab
13:54:46.0 (61121207)|HEAP_ALLOCATE|[172]|Bytes:21
13:54:46.0 (61139585)|STATEMENT_EXECUTE|[172]
13:54:46.0 (61149825)|HEAP_ALLOCATE|[169]|Bytes:5
13:54:46.0 (61161214)|VARIABLE_SCOPE_BEGIN|[169]|key|String|false|false
13:54:46.0 (61168059)|VARIABLE_ASSIGNMENT|[169]|key|"ispartner"
13:54:46.0 (61172231)|STATEMENT_EXECUTE|[169]
13:54:46.0 (61174191)|STATEMENT_EXECUTE|[170]
13:54:46.0 (61287583)|HEAP_ALLOCATE|[170]|Bytes:8
13:54:46.0 (61297435)|VARIABLE_SCOPE_BEGIN|[170]|descField|Schema.DescribeFieldResult|true|false
13:54:46.0 (61353926)|VARIABLE_ASSIGNMENT|[170]|descField|"common.api.soap.wsdl.Field@216ebe76"|0x30fa0cd4
13:54:46.0 (61364331)|HEAP_ALLOCATE|[172]|Bytes:9
13:54:46.0 (61382194)|STATEMENT_EXECUTE|[172]
13:54:46.0 (61392159)|HEAP_ALLOCATE|[169]|Bytes:5
13:54:46.0 (61403264)|VARIABLE_SCOPE_BEGIN|[169]|key|String|false|false
13:54:46.0 (61410855)|VARIABLE_ASSIGNMENT|[169]|key|"iscustomerportal"
13:54:46.0 (61415076)|STATEMENT_EXECUTE|[169]
13:54:46.0 (61417132)|STATEMENT_EXECUTE|[170]
13:54:46.0 (61526459)|HEAP_ALLOCATE|[170]|Bytes:8
13:54:46.0 (61536270)|VARIABLE_SCOPE_BEGIN|[170]|descField|Schema.DescribeFieldResult|true|false
13:54:46.0 (61593079)|VARIABLE_ASSIGNMENT|[170]|descField|"common.api.soap.wsdl.Field@ce36c468"|0x6572a1be
13:54:46.0 (61603308)|HEAP_ALLOCATE|[172]|Bytes:16
13:54:46.0 (61621283)|STATEMENT_EXECUTE|[172]
13:54:46.0 (61631100)|HEAP_ALLOCATE|[169]|Bytes:5
13:54:46.0 (61642230)|VARIABLE_SCOPE_BEGIN|[169]|key|String|false|false
13:54:46.0 (61649305)|VARIABLE_ASSIGNMENT|[169]|key|"personcontactid"
13:54:46.0 (61653506)|STATEMENT_EXECUTE|[169]
13:54:46.0 (61655683)|STATEMENT_EXECUTE|[170]
13:54:46.0 (61817825)|HEAP_ALLOCATE|[170]|Bytes:8
13:54:46.0 (61827944)|VARIABLE_SCOPE_BEGIN|[170]|descField|Schema.DescribeFieldResult|true|false
13:54:46.0 (61890617)|VARIABLE_ASSIGNMENT|[170]|descField|"common.api.soap.wsdl.Field@9ae4e0af"|0x76cd0570
13:54:46.0 (61901650)|HEAP_ALLOCATE|[172]|Bytes:15
13:54:46.0 (61920007)|STATEMENT_EXECUTE|[172]
13:54:46.0 (61930052)|HEAP_ALLOCATE|[169]|Bytes:5
13:54:46.0 (61941154)|VARIABLE_SCOPE_BEGIN|[169]|key|String|false|false
13:54:46.0 (61948316)|VARIABLE_ASSIGNMENT|[169]|key|"ispersonaccount"
13:54:46.0 (61952491)|STATEMENT_EXECUTE|[169]
13:54:46.0 (61954397)|STATEMENT_EXECUTE|[170]
13:54:46.0 (62060971)|HEAP_ALLOCATE|[170]|Bytes:8
13:54:46.0 (62071637)|VARIABLE_SCOPE_BEGIN|[170]|descField|Schema.DescribeFieldResult|true|false
13:54:46.0 (62130558)|VARIABLE_ASSIGNMENT|[170]|descField|"common.api.soap.wsdl.Field@10d4d165"|0x5708980d
13:54:46.0 (62141079)|HEAP_ALLOCATE|[172]|Bytes:15
13:54:46.0 (62158883)|STATEMENT_EXECUTE|[172]
13:54:46.0 (62168795)|HEAP_ALLOCATE|[169]|Bytes:5
13:54:46.0 (62179980)|VARIABLE_SCOPE_BEGIN|[169]|key|String|false|false
13:54:46.0 (62187199)|VARIABLE_ASSIGNMENT|[169]|key|"personmailingstreet"
13:54:46.0 (62191378)|STATEMENT_EXECUTE|[169]
13:54:46.0 (62193768)|STATEMENT_EXECUTE|[170]
13:54:46.0 (62331670)|HEAP_ALLOCATE|[170]|Bytes:8
13:54:46.0 (62341701)|VARIABLE_SCOPE_BEGIN|[170]|descField|Schema.DescribeFieldResult|true|false
13:54:46.0 (62397814)|VARIABLE_ASSIGNMENT|[170]|descField|"common.api.soap.wsdl.Field@dcde2f0"|0x3d0fe36f
13:54:46.0 (62408095)|HEAP_ALLOCATE|[172]|Bytes:19
13:54:46.0 (62425901)|STATEMENT_EXECUTE|[172]
13:54:46.0 (62436142)|HEAP_ALLOCATE|[169]|Bytes:5
13:54:46.0 (62447077)|VARIABLE_SCOPE_BEGIN|[169]|key|String|false|false
13:54:46.0 (62454113)|VARIABLE_ASSIGNMENT|[169]|key|"personmailingcity"
13:54:46.0 (62458287)|STATEMENT_EXECUTE|[169]
13:54:46.0 (62460195)|STATEMENT_EXECUTE|[170]
13:54:46.0 (62585320)|HEAP_ALLOCATE|[170]|Bytes:8
13:54:46.0 (62595302)|VARIABLE_SCOPE_BEGIN|[170]|descField|Schema.DescribeFieldResult|true|false
13:54:46.0 (62651230)|VARIABLE_ASSIGNMENT|[170]|descField|"common.api.soap.wsdl.Field@9d40943d"|0x31a2bde9
13:54:46.0 (62661451)|HEAP_ALLOCATE|[172]|Bytes:17
13:54:46.0 (62679283)|STATEMENT_EXECUTE|[172]
13:54:46.0 (62689435)|HEAP_ALLOCATE|[169]|Bytes:5
13:54:46.0 (62700537)|VARIABLE_SCOPE_BEGIN|[169]|key|String|false|false
13:54:46.0 (62707612)|VARIABLE_ASSIGNMENT|[169]|key|"personmailingstate"
13:54:46.0 (62711939)|STATEMENT_EXECUTE|[169]
13:54:46.0 (62713938)|STATEMENT_EXECUTE|[170]
13:54:46.0 (62843858)|HEAP_ALLOCATE|[170]|Bytes:8
13:54:46.0 (62853635)|VARIABLE_SCOPE_BEGIN|[170]|descField|Schema.DescribeFieldResult|true|false
13:54:46.0 (62914958)|VARIABLE_ASSIGNMENT|[170]|descField|"common.api.soap.wsdl.Field@88d0041f"|0x2d70e3bc
13:54:46.0 (62925628)|HEAP_ALLOCATE|[172]|Bytes:18
13:54:46.0 (62943635)|STATEMENT_EXECUTE|[172]
13:54:46.0 (62953601)|HEAP_ALLOCATE|[169]|Bytes:5
13:54:46.0 (62964750)|VARIABLE_SCOPE_BEGIN|[169]|key|String|false|false
13:54:46.0 (62973165)|VARIABLE_ASSIGNMENT|[169]|key|"personmailingpostalc (3 more) ..."
13:54:46.0 (62977607)|STATEMENT_EXECUTE|[169]
13:54:46.0 (62979553)|STATEMENT_EXECUTE|[170]
13:54:46.0 (63105578)|HEAP_ALLOCATE|[170]|Bytes:8
13:54:46.0 (63116685)|VARIABLE_SCOPE_BEGIN|[170]|descField|Schema.DescribeFieldResult|true|false
13:54:46.0 (63173524)|VARIABLE_ASSIGNMENT|[170]|descField|"common.api.soap.wsdl.Field@80b8a33d"|0x14cb1cb1
13:54:46.0 (63183761)|HEAP_ALLOCATE|[172]|Bytes:23
13:54:46.0 (63201495)|STATEMENT_EXECUTE|[172]
13:54:46.0 (63211489)|HEAP_ALLOCATE|[169]|Bytes:5
13:54:46.0 (63222653)|VARIABLE_SCOPE_BEGIN|[169]|key|String|false|false
13:54:46.0 (63229958)|VARIABLE_ASSIGNMENT|[169]|key|"personmailingcountry"
13:54:46.0 (63234170)|STATEMENT_EXECUTE|[169]
13:54:46.0 (63236081)|STATEMENT_EXECUTE|[170]
13:54:46.0 (63363325)|HEAP_ALLOCATE|[170]|Bytes:8
13:54:46.0 (63373240)|VARIABLE_SCOPE_BEGIN|[170]|descField|Schema.DescribeFieldResult|true|false
13:54:46.0 (63429600)|VARIABLE_ASSIGNMENT|[170]|descField|"common.api.soap.wsdl.Field@8ffa990e"|0x33ed03ea
13:54:46.0 (63439744)|HEAP_ALLOCATE|[172]|Bytes:20
13:54:46.0 (63457494)|STATEMENT_EXECUTE|[172]
13:54:46.0 (63467444)|HEAP_ALLOCATE|[169]|Bytes:5
13:54:46.0 (63478455)|VARIABLE_SCOPE_BEGIN|[169]|key|String|false|false
13:54:46.0 (63487019)|VARIABLE_ASSIGNMENT|[169]|key|"personmailinglatitud (1 more) ..."
13:54:46.0 (63491414)|STATEMENT_EXECUTE|[169]
13:54:46.0 (63493366)|STATEMENT_EXECUTE|[170]
13:54:46.0 (63621909)|HEAP_ALLOCATE|[170]|Bytes:8
13:54:46.0 (63631894)|VARIABLE_SCOPE_BEGIN|[170]|descField|Schema.DescribeFieldResult|true|false
13:54:46.0 (63687949)|VARIABLE_ASSIGNMENT|[170]|descField|"common.api.soap.wsdl.Field@5643a4d6"|0x2d63c12e
13:54:46.0 (63698075)|HEAP_ALLOCATE|[172]|Bytes:21
13:54:46.0 (63715807)|STATEMENT_EXECUTE|[172]
13:54:46.0 (63725593)|HEAP_ALLOCATE|[169]|Bytes:5
13:54:46.0 (63736640)|VARIABLE_SCOPE_BEGIN|[169]|key|String|false|false
13:54:46.0 (63744815)|VARIABLE_ASSIGNMENT|[169]|key|"personmailinglongitu (2 more) ..."
13:54:46.0 (63749172)|STATEMENT_EXECUTE|[169]
13:54:46.0 (63751118)|STATEMENT_EXECUTE|[170]
13:54:46.0 (63879077)|HEAP_ALLOCATE|[170]|Bytes:8
13:54:46.0 (63894175)|VARIABLE_SCOPE_BEGIN|[170]|descField|Schema.DescribeFieldResult|true|false
13:54:46.0 (63950540)|VARIABLE_ASSIGNMENT|[170]|descField|"common.api.soap.wsdl.Field@143926de"|0x45317d52
13:54:46.0 (63961118)|HEAP_ALLOCATE|[172]|Bytes:22
13:54:46.0 (63979027)|STATEMENT_EXECUTE|[172]
13:54:46.0 (63988905)|HEAP_ALLOCATE|[169]|Bytes:5
13:54:46.0 (64000041)|VARIABLE_SCOPE_BEGIN|[169]|key|String|false|false
13:54:46.0 (64008487)|VARIABLE_ASSIGNMENT|[169]|key|"personmailingaddress"
13:54:46.0 (64012719)|STATEMENT_EXECUTE|[169]
13:54:46.0 (64014622)|STATEMENT_EXECUTE|[170]
13:54:46.0 (64119702)|HEAP_ALLOCATE|[170]|Bytes:8
13:54:46.0 (64129720)|VARIABLE_SCOPE_BEGIN|[170]|descField|Schema.DescribeFieldResult|true|false
13:54:46.0 (64185474)|VARIABLE_ASSIGNMENT|[170]|descField|"common.api.soap.wsdl.Field@a829c763"|0x675f9f46
13:54:46.0 (64195629)|HEAP_ALLOCATE|[172]|Bytes:20
13:54:46.0 (64213386)|STATEMENT_EXECUTE|[172]
13:54:46.0 (64223437)|HEAP_ALLOCATE|[169]|Bytes:5
13:54:46.0 (64234879)|VARIABLE_SCOPE_BEGIN|[169]|key|String|false|false
13:54:46.0 (64242028)|VARIABLE_ASSIGNMENT|[169]|key|"personotherstreet"
13:54:46.0 (64246164)|STATEMENT_EXECUTE|[169]
13:54:46.0 (64248565)|STATEMENT_EXECUTE|[170]
13:54:46.0 (64382649)|HEAP_ALLOCATE|[170]|Bytes:8
13:54:46.0 (64392550)|VARIABLE_SCOPE_BEGIN|[170]|descField|Schema.DescribeFieldResult|true|false
13:54:46.0 (64448518)|VARIABLE_ASSIGNMENT|[170]|descField|"common.api.soap.wsdl.Field@6730b96b"|0x26fbe002
13:54:46.0 (64458679)|HEAP_ALLOCATE|[172]|Bytes:17
13:54:46.0 (64476380)|STATEMENT_EXECUTE|[172]
13:54:46.0 (64486234)|HEAP_ALLOCATE|[169]|Bytes:5
13:54:46.0 (64497292)|VARIABLE_SCOPE_BEGIN|[169]|key|String|false|false
13:54:46.0 (64504605)|VARIABLE_ASSIGNMENT|[169]|key|"personothercity"
13:54:46.0 (64508665)|STATEMENT_EXECUTE|[169]
13:54:46.0 (64510639)|STATEMENT_EXECUTE|[170]
13:54:46.0 (64632107)|HEAP_ALLOCATE|[170]|Bytes:8
13:54:46.0 (64641974)|VARIABLE_SCOPE_BEGIN|[170]|descField|Schema.DescribeFieldResult|true|false
13:54:46.0 (64697731)|VARIABLE_ASSIGNMENT|[170]|descField|"common.api.soap.wsdl.Field@8f4076e0"|0x27e1bbd
13:54:46.0 (64708009)|HEAP_ALLOCATE|[172]|Bytes:15
13:54:46.0 (64725802)|STATEMENT_EXECUTE|[172]
13:54:46.0 (64735938)|HEAP_ALLOCATE|[169]|Bytes:5
13:54:46.0 (64747182)|VARIABLE_SCOPE_BEGIN|[169]|key|String|false|false
13:54:46.0 (64754224)|VARIABLE_ASSIGNMENT|[169]|key|"personotherstate"
13:54:46.0 (64758302)|STATEMENT_EXECUTE|[169]
13:54:46.0 (64760339)|STATEMENT_EXECUTE|[170]
13:54:46.0 (64893788)|HEAP_ALLOCATE|[170]|Bytes:8
13:54:46.0 (64904052)|VARIABLE_SCOPE_BEGIN|[170]|descField|Schema.DescribeFieldResult|true|false
13:54:46.0 (64960033)|VARIABLE_ASSIGNMENT|[170]|descField|"common.api.soap.wsdl.Field@2eef94c1"|0x3c1284e1
13:54:46.0 (64970310)|HEAP_ALLOCATE|[172]|Bytes:16
13:54:46.0 (64987925)|STATEMENT_EXECUTE|[172]
13:54:46.0 (64997934)|HEAP_ALLOCATE|[169]|Bytes:5
13:54:46.0 (65008910)|VARIABLE_SCOPE_BEGIN|[169]|key|String|false|false
13:54:46.0 (65018229)|VARIABLE_ASSIGNMENT|[169]|key|"personotherpostalcod (1 more) ..."
13:54:46.0 (65022636)|STATEMENT_EXECUTE|[169]
13:54:46.0 (65024533)|STATEMENT_EXECUTE|[170]
13:54:46.0 (65150447)|HEAP_ALLOCATE|[170]|Bytes:8
13:54:46.0 (65160786)|VARIABLE_SCOPE_BEGIN|[170]|descField|Schema.DescribeFieldResult|true|false
13:54:46.0 (65216825)|VARIABLE_ASSIGNMENT|[170]|descField|"common.api.soap.wsdl.Field@95e67f8f"|0x1a9ce1ce
13:54:46.0 (65226961)|HEAP_ALLOCATE|[172]|Bytes:21
13:54:46.0 (65244772)|STATEMENT_EXECUTE|[172]
13:54:46.0 (65254793)|HEAP_ALLOCATE|[169]|Bytes:5
13:54:46.0 (65266049)|VARIABLE_SCOPE_BEGIN|[169]|key|String|false|false
13:54:46.0 (65273088)|VARIABLE_ASSIGNMENT|[169]|key|"personothercountry"
13:54:46.0 (65277244)|STATEMENT_EXECUTE|[169]
13:54:46.0 (65279141)|STATEMENT_EXECUTE|[170]
13:54:46.0 (65405687)|HEAP_ALLOCATE|[170]|Bytes:8
13:54:46.0 (65415604)|VARIABLE_SCOPE_BEGIN|[170]|descField|Schema.DescribeFieldResult|true|false
13:54:46.0 (65471297)|VARIABLE_ASSIGNMENT|[170]|descField|"common.api.soap.wsdl.Field@bec97c59"|0xf243bdb
13:54:46.0 (65481652)|HEAP_ALLOCATE|[172]|Bytes:18
13:54:46.0 (65499449)|STATEMENT_EXECUTE|[172]
13:54:46.0 (65509591)|HEAP_ALLOCATE|[169]|Bytes:5
13:54:46.0 (65520766)|VARIABLE_SCOPE_BEGIN|[169]|key|String|false|false
13:54:46.0 (65528275)|VARIABLE_ASSIGNMENT|[169]|key|"personotherlatitude"
13:54:46.0 (65532486)|STATEMENT_EXECUTE|[169]
13:54:46.0 (65534446)|STATEMENT_EXECUTE|[170]
13:54:46.0 (65662119)|HEAP_ALLOCATE|[170]|Bytes:8
13:54:46.0 (65671981)|VARIABLE_SCOPE_BEGIN|[170]|descField|Schema.DescribeFieldResult|true|false
13:54:46.0 (65727486)|VARIABLE_ASSIGNMENT|[170]|descField|"common.api.soap.wsdl.Field@b6f3211e"|0x53ebd0e3
13:54:46.0 (65737686)|HEAP_ALLOCATE|[172]|Bytes:19
13:54:46.0 (65755461)|STATEMENT_EXECUTE|[172]
13:54:46.0 (65765491)|HEAP_ALLOCATE|[169]|Bytes:5
13:54:46.0 (65776502)|VARIABLE_SCOPE_BEGIN|[169]|key|String|false|false
13:54:46.0 (65783730)|VARIABLE_ASSIGNMENT|[169]|key|"personotherlongitude"
13:54:46.0 (65787819)|STATEMENT_EXECUTE|[169]
13:54:46.0 (65789731)|STATEMENT_EXECUTE|[170]
13:54:46.0 (65921464)|HEAP_ALLOCATE|[170]|Bytes:8
13:54:46.0 (65931390)|VARIABLE_SCOPE_BEGIN|[170]|descField|Schema.DescribeFieldResult|true|false
13:54:46.0 (65987046)|VARIABLE_ASSIGNMENT|[170]|descField|"common.api.soap.wsdl.Field@5af2275"|0x6a031726
13:54:46.0 (65997774)|HEAP_ALLOCATE|[172]|Bytes:20
13:54:46.0 (66015490)|STATEMENT_EXECUTE|[172]
13:54:46.0 (66026627)|HEAP_ALLOCATE|[169]|Bytes:5
13:54:46.0 (66037789)|VARIABLE_SCOPE_BEGIN|[169]|key|String|false|false
13:54:46.0 (66044835)|VARIABLE_ASSIGNMENT|[169]|key|"personotheraddress"
13:54:46.0 (66049077)|STATEMENT_EXECUTE|[169]
13:54:46.0 (66050974)|STATEMENT_EXECUTE|[170]
13:54:46.0 (66157913)|HEAP_ALLOCATE|[170]|Bytes:8
13:54:46.0 (66167944)|VARIABLE_SCOPE_BEGIN|[170]|descField|Schema.DescribeFieldResult|true|false
13:54:46.0 (66223735)|VARIABLE_ASSIGNMENT|[170]|descField|"common.api.soap.wsdl.Field@9359dd7c"|0x38dce37b
13:54:46.0 (66234144)|HEAP_ALLOCATE|[172]|Bytes:18
13:54:46.0 (66251760)|STATEMENT_EXECUTE|[172]
13:54:46.0 (66261746)|HEAP_ALLOCATE|[169]|Bytes:5
13:54:46.0 (66272942)|VARIABLE_SCOPE_BEGIN|[169]|key|String|false|false
13:54:46.0 (66280158)|VARIABLE_ASSIGNMENT|[169]|key|"personmobilephone"
13:54:46.0 (66284196)|STATEMENT_EXECUTE|[169]
13:54:46.0 (66286449)|STATEMENT_EXECUTE|[170]
13:54:46.0 (66427117)|HEAP_ALLOCATE|[170]|Bytes:8
13:54:46.0 (66437107)|VARIABLE_SCOPE_BEGIN|[170]|descField|Schema.DescribeFieldResult|true|false
13:54:46.0 (66493364)|VARIABLE_ASSIGNMENT|[170]|descField|"common.api.soap.wsdl.Field@d5dd519f"|0x4638ce74
13:54:46.0 (66503452)|HEAP_ALLOCATE|[172]|Bytes:17
13:54:46.0 (66521043)|STATEMENT_EXECUTE|[172]
13:54:46.0 (66530890)|HEAP_ALLOCATE|[169]|Bytes:5
13:54:46.0 (66541928)|VARIABLE_SCOPE_BEGIN|[169]|key|String|false|false
13:54:46.0 (66548936)|VARIABLE_ASSIGNMENT|[169]|key|"personhomephone"
13:54:46.0 (66553040)|STATEMENT_EXECUTE|[169]
13:54:46.0 (66554929)|STATEMENT_EXECUTE|[170]
13:54:46.0 (66693919)|HEAP_ALLOCATE|[170]|Bytes:8
13:54:46.0 (66703810)|VARIABLE_SCOPE_BEGIN|[170]|descField|Schema.DescribeFieldResult|true|false
13:54:46.0 (66759832)|VARIABLE_ASSIGNMENT|[170]|descField|"common.api.soap.wsdl.Field@c08549af"|0x4b7b98f7
13:54:46.0 (66770056)|HEAP_ALLOCATE|[172]|Bytes:15
13:54:46.0 (66787718)|STATEMENT_EXECUTE|[172]
13:54:46.0 (66798145)|HEAP_ALLOCATE|[169]|Bytes:5
13:54:46.0 (66809054)|VARIABLE_SCOPE_BEGIN|[169]|key|String|false|false
13:54:46.0 (66816074)|VARIABLE_ASSIGNMENT|[169]|key|"personotherphone"
13:54:46.0 (66820225)|STATEMENT_EXECUTE|[169]
13:54:46.0 (66822183)|STATEMENT_EXECUTE|[170]
13:54:46.0 (66965933)|HEAP_ALLOCATE|[170]|Bytes:8
13:54:46.0 (66975884)|VARIABLE_SCOPE_BEGIN|[170]|descField|Schema.DescribeFieldResult|true|false
13:54:46.0 (67032087)|VARIABLE_ASSIGNMENT|[170]|descField|"common.api.soap.wsdl.Field@f82a5649"|0x28a2e370
13:54:46.0 (67043248)|HEAP_ALLOCATE|[172]|Bytes:16
13:54:46.0 (67061106)|STATEMENT_EXECUTE|[172]
13:54:46.0 (67071226)|HEAP_ALLOCATE|[169]|Bytes:5
13:54:46.0 (67082421)|VARIABLE_SCOPE_BEGIN|[169]|key|String|false|false
13:54:46.0 (67089634)|VARIABLE_ASSIGNMENT|[169]|key|"personassistantphone"
13:54:46.0 (67094783)|STATEMENT_EXECUTE|[169]
13:54:46.0 (67098701)|STATEMENT_EXECUTE|[170]
13:54:46.0 (67239909)|HEAP_ALLOCATE|[170]|Bytes:8
13:54:46.0 (67249894)|VARIABLE_SCOPE_BEGIN|[170]|descField|Schema.DescribeFieldResult|true|false
13:54:46.0 (67306437)|VARIABLE_ASSIGNMENT|[170]|descField|"common.api.soap.wsdl.Field@5eae4dad"|0x7389b416
13:54:46.0 (67316751)|HEAP_ALLOCATE|[172]|Bytes:20
13:54:46.0 (67334492)|STATEMENT_EXECUTE|[172]
13:54:46.0 (67344383)|HEAP_ALLOCATE|[169]|Bytes:5
13:54:46.0 (67355558)|VARIABLE_SCOPE_BEGIN|[169]|key|String|false|false
13:54:46.0 (67362605)|VARIABLE_ASSIGNMENT|[169]|key|"personemail"
13:54:46.0 (67367030)|STATEMENT_EXECUTE|[169]
13:54:46.0 (67369001)|STATEMENT_EXECUTE|[170]
13:54:46.0 (67505312)|HEAP_ALLOCATE|[170]|Bytes:8
13:54:46.0 (67515210)|VARIABLE_SCOPE_BEGIN|[170]|descField|Schema.DescribeFieldResult|true|false
13:54:46.0 (67570962)|VARIABLE_ASSIGNMENT|[170]|descField|"common.api.soap.wsdl.Field@babe71d4"|0x40b19189
13:54:46.0 (67581147)|HEAP_ALLOCATE|[172]|Bytes:11
13:54:46.0 (67598731)|STATEMENT_EXECUTE|[172]
13:54:46.0 (67608808)|HEAP_ALLOCATE|[169]|Bytes:5
13:54:46.0 (67619892)|VARIABLE_SCOPE_BEGIN|[169]|key|String|false|false
13:54:46.0 (67630407)|VARIABLE_ASSIGNMENT|[169]|key|"persontitle"
13:54:46.0 (67634816)|STATEMENT_EXECUTE|[169]
13:54:46.0 (67636730)|STATEMENT_EXECUTE|[170]
13:54:46.0 (67773137)|HEAP_ALLOCATE|[170]|Bytes:8
13:54:46.0 (67783055)|VARIABLE_SCOPE_BEGIN|[170]|descField|Schema.DescribeFieldResult|true|false
13:54:46.0 (67838698)|VARIABLE_ASSIGNMENT|[170]|descField|"common.api.soap.wsdl.Field@a6a99eb"|0x458cc421
13:54:46.0 (67849044)|HEAP_ALLOCATE|[172]|Bytes:11
13:54:46.0 (67866711)|STATEMENT_EXECUTE|[172]
13:54:46.0 (67876794)|HEAP_ALLOCATE|[169]|Bytes:5
13:54:46.0 (67892771)|VARIABLE_SCOPE_BEGIN|[169]|key|String|false|false
13:54:46.0 (67900084)|VARIABLE_ASSIGNMENT|[169]|key|"persondepartment"
13:54:46.0 (67904448)|STATEMENT_EXECUTE|[169]
13:54:46.0 (67906396)|STATEMENT_EXECUTE|[170]
13:54:46.0 (68043906)|HEAP_ALLOCATE|[170]|Bytes:8
13:54:46.0 (68054671)|VARIABLE_SCOPE_BEGIN|[170]|descField|Schema.DescribeFieldResult|true|false
13:54:46.0 (68113055)|VARIABLE_ASSIGNMENT|[170]|descField|"common.api.soap.wsdl.Field@1b407320"|0x3f548c0c
13:54:46.0 (68124083)|HEAP_ALLOCATE|[172]|Bytes:16
13:54:46.0 (68142090)|STATEMENT_EXECUTE|[172]
13:54:46.0 (68152012)|HEAP_ALLOCATE|[169]|Bytes:5
13:54:46.0 (68163121)|VARIABLE_SCOPE_BEGIN|[169]|key|String|false|false
13:54:46.0 (68170447)|VARIABLE_ASSIGNMENT|[169]|key|"personassistantname"
13:54:46.0 (68174724)|STATEMENT_EXECUTE|[169]
13:54:46.0 (68176645)|STATEMENT_EXECUTE|[170]
13:54:46.0 (68312865)|HEAP_ALLOCATE|[170]|Bytes:8
13:54:46.0 (68326132)|VARIABLE_SCOPE_BEGIN|[170]|descField|Schema.DescribeFieldResult|true|false
13:54:46.0 (68396434)|VARIABLE_ASSIGNMENT|[170]|descField|"common.api.soap.wsdl.Field@8b4c001f"|0xc1c8b58
13:54:46.0 (68408010)|HEAP_ALLOCATE|[172]|Bytes:19
13:54:46.0 (68426331)|STATEMENT_EXECUTE|[172]
13:54:46.0 (68436575)|HEAP_ALLOCATE|[169]|Bytes:5
13:54:46.0 (68447972)|VARIABLE_SCOPE_BEGIN|[169]|key|String|false|false
13:54:46.0 (68455173)|VARIABLE_ASSIGNMENT|[169]|key|"personleadsource"
13:54:46.0 (68459303)|STATEMENT_EXECUTE|[169]
13:54:46.0 (68461302)|STATEMENT_EXECUTE|[170]
13:54:46.0 (68633725)|HEAP_ALLOCATE|[170]|Bytes:8
13:54:46.0 (68644000)|VARIABLE_SCOPE_BEGIN|[170]|descField|Schema.DescribeFieldResult|true|false
13:54:46.0 (68700768)|VARIABLE_ASSIGNMENT|[170]|descField|"common.api.soap.wsdl.Field@77d387dc"|0xd749ccf
13:54:46.0 (68711161)|HEAP_ALLOCATE|[172]|Bytes:16
13:54:46.0 (68729428)|STATEMENT_EXECUTE|[172]
13:54:46.0 (68739745)|HEAP_ALLOCATE|[169]|Bytes:5
13:54:46.0 (68750901)|VARIABLE_SCOPE_BEGIN|[169]|key|String|false|false
13:54:46.0 (68758068)|VARIABLE_ASSIGNMENT|[169]|key|"personbirthdate"
13:54:46.0 (68762213)|STATEMENT_EXECUTE|[169]
13:54:46.0 (68764169)|STATEMENT_EXECUTE|[170]
13:54:46.0 (68915964)|HEAP_ALLOCATE|[170]|Bytes:8
13:54:46.0 (68925858)|VARIABLE_SCOPE_BEGIN|[170]|descField|Schema.DescribeFieldResult|true|false
13:54:46.0 (68981795)|VARIABLE_ASSIGNMENT|[170]|descField|"common.api.soap.wsdl.Field@443bd4e"|0x61c852a3
13:54:46.0 (68992084)|HEAP_ALLOCATE|[172]|Bytes:15
13:54:46.0 (69009818)|STATEMENT_EXECUTE|[172]
13:54:46.0 (69020990)|HEAP_ALLOCATE|[169]|Bytes:5
13:54:46.0 (69032539)|VARIABLE_SCOPE_BEGIN|[169]|key|String|false|false
13:54:46.0 (69041018)|VARIABLE_ASSIGNMENT|[169]|key|"personhasoptedoutofe (4 more) ..."
13:54:46.0 (69045619)|STATEMENT_EXECUTE|[169]
13:54:46.0 (69047572)|STATEMENT_EXECUTE|[170]
13:54:46.0 (69168775)|HEAP_ALLOCATE|[170]|Bytes:8
13:54:46.0 (69178685)|VARIABLE_SCOPE_BEGIN|[170]|descField|Schema.DescribeFieldResult|true|false
13:54:46.0 (69234616)|VARIABLE_ASSIGNMENT|[170]|descField|"common.api.soap.wsdl.Field@b81de692"|0x313702f9
13:54:46.0 (69244823)|HEAP_ALLOCATE|[172]|Bytes:24
13:54:46.0 (69262491)|STATEMENT_EXECUTE|[172]
13:54:46.0 (69272300)|HEAP_ALLOCATE|[169]|Bytes:5
13:54:46.0 (69283488)|VARIABLE_SCOPE_BEGIN|[169]|key|String|false|false
13:54:46.0 (69291719)|VARIABLE_ASSIGNMENT|[169]|key|"personhasoptedoutoff (2 more) ..."
13:54:46.0 (69296016)|STATEMENT_EXECUTE|[169]
13:54:46.0 (69298022)|STATEMENT_EXECUTE|[170]
13:54:46.0 (69426489)|HEAP_ALLOCATE|[170]|Bytes:8
13:54:46.0 (69436524)|VARIABLE_SCOPE_BEGIN|[170]|descField|Schema.DescribeFieldResult|true|false
13:54:46.0 (69493086)|VARIABLE_ASSIGNMENT|[170]|descField|"common.api.soap.wsdl.Field@f390fd93"|0x16e9a4ff
13:54:46.0 (69503216)|HEAP_ALLOCATE|[172]|Bytes:22
13:54:46.0 (69520878)|STATEMENT_EXECUTE|[172]
13:54:46.0 (69530780)|HEAP_ALLOCATE|[169]|Bytes:5
13:54:46.0 (69542051)|VARIABLE_SCOPE_BEGIN|[169]|key|String|false|false
13:54:46.0 (69549233)|VARIABLE_ASSIGNMENT|[169]|key|"persondonotcall"
13:54:46.0 (69553414)|STATEMENT_EXECUTE|[169]
13:54:46.0 (69555341)|STATEMENT_EXECUTE|[170]
13:54:46.0 (69670565)|HEAP_ALLOCATE|[170]|Bytes:8
13:54:46.0 (69680315)|VARIABLE_SCOPE_BEGIN|[170]|descField|Schema.DescribeFieldResult|true|false
13:54:46.0 (69736441)|VARIABLE_ASSIGNMENT|[170]|descField|"common.api.soap.wsdl.Field@aad95bf0"|0x73404dac
13:54:46.0 (69746510)|HEAP_ALLOCATE|[172]|Bytes:15
13:54:46.0 (69764239)|STATEMENT_EXECUTE|[172]
13:54:46.0 (69774108)|HEAP_ALLOCATE|[169]|Bytes:5
13:54:46.0 (69785278)|VARIABLE_SCOPE_BEGIN|[169]|key|String|false|false
13:54:46.0 (69793997)|VARIABLE_ASSIGNMENT|[169]|key|"personlastcurequestd (3 more) ..."
13:54:46.0 (69798345)|STATEMENT_EXECUTE|[169]
13:54:46.0 (69800319)|STATEMENT_EXECUTE|[170]
13:54:46.0 (69917471)|HEAP_ALLOCATE|[170]|Bytes:8
13:54:46.0 (69927280)|VARIABLE_SCOPE_BEGIN|[170]|descField|Schema.DescribeFieldResult|true|false
13:54:46.0 (69982799)|VARIABLE_ASSIGNMENT|[170]|descField|"common.api.soap.wsdl.Field@a3c3b676"|0x59913a47
13:54:46.0 (69993075)|HEAP_ALLOCATE|[172]|Bytes:23
13:54:46.0 (70010925)|STATEMENT_EXECUTE|[172]
13:54:46.0 (70022083)|HEAP_ALLOCATE|[169]|Bytes:5
13:54:46.0 (70033234)|VARIABLE_SCOPE_BEGIN|[169]|key|String|false|false
13:54:46.0 (70041566)|VARIABLE_ASSIGNMENT|[169]|key|"personlastcuupdateda (2 more) ..."
13:54:46.0 (70045975)|STATEMENT_EXECUTE|[169]
13:54:46.0 (70047890)|STATEMENT_EXECUTE|[170]
13:54:46.0 (70159932)|HEAP_ALLOCATE|[170]|Bytes:8
13:54:46.0 (70169637)|VARIABLE_SCOPE_BEGIN|[170]|descField|Schema.DescribeFieldResult|true|false
13:54:46.0 (70225472)|VARIABLE_ASSIGNMENT|[170]|descField|"common.api.soap.wsdl.Field@399f9230"|0x52d16c77
13:54:46.0 (70235802)|HEAP_ALLOCATE|[172]|Bytes:22
13:54:46.0 (70253752)|STATEMENT_EXECUTE|[172]
13:54:46.0 (70263596)|HEAP_ALLOCATE|[169]|Bytes:5
13:54:46.0 (70274733)|VARIABLE_SCOPE_BEGIN|[169]|key|String|false|false
13:54:46.0 (70282914)|VARIABLE_ASSIGNMENT|[169]|key|"personemailbouncedre (4 more) ..."
13:54:46.0 (70287099)|STATEMENT_EXECUTE|[169]
13:54:46.0 (70289065)|STATEMENT_EXECUTE|[170]
13:54:46.0 (70409097)|HEAP_ALLOCATE|[170]|Bytes:8
13:54:46.0 (70419028)|VARIABLE_SCOPE_BEGIN|[170]|descField|Schema.DescribeFieldResult|true|false
13:54:46.0 (70474411)|VARIABLE_ASSIGNMENT|[170]|descField|"common.api.soap.wsdl.Field@b325857b"|0xf540a33
13:54:46.0 (70484645)|HEAP_ALLOCATE|[172]|Bytes:24
13:54:46.0 (70502442)|STATEMENT_EXECUTE|[172]
13:54:46.0 (70512391)|HEAP_ALLOCATE|[169]|Bytes:5
13:54:46.0 (70523506)|VARIABLE_SCOPE_BEGIN|[169]|key|String|false|false
13:54:46.0 (70531585)|VARIABLE_ASSIGNMENT|[169]|key|"personemailbouncedda (2 more) ..."
13:54:46.0 (70536175)|STATEMENT_EXECUTE|[169]
13:54:46.0 (70538045)|STATEMENT_EXECUTE|[170]
13:54:46.0 (70659787)|HEAP_ALLOCATE|[170]|Bytes:8
13:54:46.0 (70669667)|VARIABLE_SCOPE_BEGIN|[170]|descField|Schema.DescribeFieldResult|true|false
13:54:46.0 (70726157)|VARIABLE_ASSIGNMENT|[170]|descField|"common.api.soap.wsdl.Field@bd13abbf"|0x2243e838
13:54:46.0 (70736312)|HEAP_ALLOCATE|[172]|Bytes:22
13:54:46.0 (70754242)|STATEMENT_EXECUTE|[172]
13:54:46.0 (70764270)|HEAP_ALLOCATE|[169]|Bytes:5
13:54:46.0 (70775382)|VARIABLE_SCOPE_BEGIN|[169]|key|String|false|false
13:54:46.0 (70782292)|VARIABLE_ASSIGNMENT|[169]|key|"jigsaw"
13:54:46.0 (70786458)|STATEMENT_EXECUTE|[169]
13:54:46.0 (70788414)|STATEMENT_EXECUTE|[170]
13:54:46.0 (70926695)|HEAP_ALLOCATE|[170]|Bytes:8
13:54:46.0 (70936554)|VARIABLE_SCOPE_BEGIN|[170]|descField|Schema.DescribeFieldResult|true|false
13:54:46.0 (70992601)|VARIABLE_ASSIGNMENT|[170]|descField|"common.api.soap.wsdl.Field@f10dfb4f"|0x42adc3c4
13:54:46.0 (71002808)|HEAP_ALLOCATE|[172]|Bytes:6
13:54:46.0 (71021866)|STATEMENT_EXECUTE|[172]
13:54:46.0 (71031926)|HEAP_ALLOCATE|[169]|Bytes:5
13:54:46.0 (71043164)|VARIABLE_SCOPE_BEGIN|[169]|key|String|false|false
13:54:46.0 (71050362)|VARIABLE_ASSIGNMENT|[169]|key|"jigsawcompanyid"
13:54:46.0 (71054453)|STATEMENT_EXECUTE|[169]
13:54:46.0 (71056421)|STATEMENT_EXECUTE|[170]
13:54:46.0 (71173876)|HEAP_ALLOCATE|[170]|Bytes:8
13:54:46.0 (71183723)|VARIABLE_SCOPE_BEGIN|[170]|descField|Schema.DescribeFieldResult|true|false
13:54:46.0 (71240293)|VARIABLE_ASSIGNMENT|[170]|descField|"common.api.soap.wsdl.Field@6bf0783e"|0x70c5fd3
13:54:46.0 (71250475)|HEAP_ALLOCATE|[172]|Bytes:15
13:54:46.0 (71268397)|STATEMENT_EXECUTE|[172]
13:54:46.0 (71278500)|HEAP_ALLOCATE|[169]|Bytes:5
13:54:46.0 (71289615)|VARIABLE_SCOPE_BEGIN|[169]|key|String|false|false
13:54:46.0 (71296668)|VARIABLE_ASSIGNMENT|[169]|key|"accountsource"
13:54:46.0 (71300792)|STATEMENT_EXECUTE|[169]
13:54:46.0 (71302715)|STATEMENT_EXECUTE|[170]
13:54:46.0 (71429997)|HEAP_ALLOCATE|[170]|Bytes:8
13:54:46.0 (71439965)|VARIABLE_SCOPE_BEGIN|[170]|descField|Schema.DescribeFieldResult|true|false
13:54:46.0 (71495925)|VARIABLE_ASSIGNMENT|[170]|descField|"common.api.soap.wsdl.Field@5e8a9cde"|0x72bf3dbc
13:54:46.0 (71506058)|HEAP_ALLOCATE|[172]|Bytes:13
13:54:46.0 (71523901)|STATEMENT_EXECUTE|[172]
13:54:46.0 (71533798)|HEAP_ALLOCATE|[169]|Bytes:5
13:54:46.0 (71544930)|VARIABLE_SCOPE_BEGIN|[169]|key|String|false|false
13:54:46.0 (71551796)|VARIABLE_ASSIGNMENT|[169]|key|"dunsnumber"
13:54:46.0 (71556014)|STATEMENT_EXECUTE|[169]
13:54:46.0 (71557930)|STATEMENT_EXECUTE|[170]
13:54:46.0 (71685222)|HEAP_ALLOCATE|[170]|Bytes:8
13:54:46.0 (71695051)|VARIABLE_SCOPE_BEGIN|[170]|descField|Schema.DescribeFieldResult|true|false
13:54:46.0 (71750609)|VARIABLE_ASSIGNMENT|[170]|descField|"common.api.soap.wsdl.Field@ba55f939"|0x29704756
13:54:46.0 (71760781)|HEAP_ALLOCATE|[172]|Bytes:10
13:54:46.0 (71778524)|STATEMENT_EXECUTE|[172]
13:54:46.0 (71788589)|HEAP_ALLOCATE|[169]|Bytes:5
13:54:46.0 (71799666)|VARIABLE_SCOPE_BEGIN|[169]|key|String|false|false
13:54:46.0 (71807068)|VARIABLE_ASSIGNMENT|[169]|key|"tradestyle"
13:54:46.0 (71811149)|STATEMENT_EXECUTE|[169]
13:54:46.0 (71813140)|STATEMENT_EXECUTE|[170]
13:54:46.0 (71946410)|HEAP_ALLOCATE|[170]|Bytes:8
13:54:46.0 (71956276)|VARIABLE_SCOPE_BEGIN|[170]|descField|Schema.DescribeFieldResult|true|false
13:54:46.0 (72012351)|VARIABLE_ASSIGNMENT|[170]|descField|"common.api.soap.wsdl.Field@68e5f773"|0x2e674984
13:54:46.0 (72023564)|HEAP_ALLOCATE|[172]|Bytes:10
13:54:46.0 (72041549)|STATEMENT_EXECUTE|[172]
13:54:46.0 (72051486)|HEAP_ALLOCATE|[169]|Bytes:5
13:54:46.0 (72062504)|VARIABLE_SCOPE_BEGIN|[169]|key|String|false|false
13:54:46.0 (72069315)|VARIABLE_ASSIGNMENT|[169]|key|"naicscode"
13:54:46.0 (72073502)|STATEMENT_EXECUTE|[169]
13:54:46.0 (72075482)|STATEMENT_EXECUTE|[170]
13:54:46.0 (72201282)|HEAP_ALLOCATE|[170]|Bytes:8
13:54:46.0 (72211091)|VARIABLE_SCOPE_BEGIN|[170]|descField|Schema.DescribeFieldResult|true|false
13:54:46.0 (72266715)|VARIABLE_ASSIGNMENT|[170]|descField|"common.api.soap.wsdl.Field@9eff9f10"|0x78acde99
13:54:46.0 (72277083)|HEAP_ALLOCATE|[172]|Bytes:9
13:54:46.0 (72294804)|STATEMENT_EXECUTE|[172]
13:54:46.0 (72304919)|HEAP_ALLOCATE|[169]|Bytes:5
13:54:46.0 (72315997)|VARIABLE_SCOPE_BEGIN|[169]|key|String|false|false
13:54:46.0 (72322758)|VARIABLE_ASSIGNMENT|[169]|key|"naicsdesc"
13:54:46.0 (72326884)|STATEMENT_EXECUTE|[169]
13:54:46.0 (72328815)|STATEMENT_EXECUTE|[170]
13:54:46.0 (72454270)|HEAP_ALLOCATE|[170]|Bytes:8
13:54:46.0 (72464081)|VARIABLE_SCOPE_BEGIN|[170]|descField|Schema.DescribeFieldResult|true|false
13:54:46.0 (72519252)|VARIABLE_ASSIGNMENT|[170]|descField|"common.api.soap.wsdl.Field@e0b75f30"|0x6a204357
13:54:46.0 (72529287)|HEAP_ALLOCATE|[172]|Bytes:9
13:54:46.0 (72547094)|STATEMENT_EXECUTE|[172]
13:54:46.0 (72557101)|HEAP_ALLOCATE|[169]|Bytes:5
13:54:46.0 (72568275)|VARIABLE_SCOPE_BEGIN|[169]|key|String|false|false
13:54:46.0 (72575071)|VARIABLE_ASSIGNMENT|[169]|key|"yearstarted"
13:54:46.0 (72579264)|STATEMENT_EXECUTE|[169]
13:54:46.0 (72581232)|STATEMENT_EXECUTE|[170]
13:54:46.0 (72707823)|HEAP_ALLOCATE|[170]|Bytes:8
13:54:46.0 (72717587)|VARIABLE_SCOPE_BEGIN|[170]|descField|Schema.DescribeFieldResult|true|false
13:54:46.0 (72772771)|VARIABLE_ASSIGNMENT|[170]|descField|"common.api.soap.wsdl.Field@6271db8d"|0xe65f1a5
13:54:46.0 (72782889)|HEAP_ALLOCATE|[172]|Bytes:11
13:54:46.0 (72800588)|STATEMENT_EXECUTE|[172]
13:54:46.0 (72810461)|HEAP_ALLOCATE|[169]|Bytes:5
13:54:46.0 (72821572)|VARIABLE_SCOPE_BEGIN|[169]|key|String|false|false
13:54:46.0 (72828304)|VARIABLE_ASSIGNMENT|[169]|key|"sicdesc"
13:54:46.0 (72832449)|STATEMENT_EXECUTE|[169]
13:54:46.0 (72834387)|STATEMENT_EXECUTE|[170]
13:54:46.0 (72970605)|HEAP_ALLOCATE|[170]|Bytes:8
13:54:46.0 (72980553)|VARIABLE_SCOPE_BEGIN|[170]|descField|Schema.DescribeFieldResult|true|false
13:54:46.0 (73035902)|VARIABLE_ASSIGNMENT|[170]|descField|"common.api.soap.wsdl.Field@755c651b"|0x7bf417b2
13:54:46.0 (73046832)|HEAP_ALLOCATE|[172]|Bytes:7
13:54:46.0 (73064615)|STATEMENT_EXECUTE|[172]
13:54:46.0 (73074522)|HEAP_ALLOCATE|[169]|Bytes:5
13:54:46.0 (73086049)|VARIABLE_SCOPE_BEGIN|[169]|key|String|false|false
13:54:46.0 (73093077)|VARIABLE_ASSIGNMENT|[169]|key|"dandbcompanyid"
13:54:46.0 (73097107)|STATEMENT_EXECUTE|[169]
13:54:46.0 (73098957)|STATEMENT_EXECUTE|[170]
13:54:46.0 (73299977)|HEAP_ALLOCATE|[170]|Bytes:8
13:54:46.0 (73310233)|VARIABLE_SCOPE_BEGIN|[170]|descField|Schema.DescribeFieldResult|true|false
13:54:46.0 (73367780)|VARIABLE_ASSIGNMENT|[170]|descField|"common.api.soap.wsdl.Field@125938ff"|0x6da5d00
13:54:46.0 (73378284)|HEAP_ALLOCATE|[172]|Bytes:14
13:54:46.0 (73396354)|STATEMENT_EXECUTE|[172]
13:54:46.0 (73406557)|HEAP_ALLOCATE|[169]|Bytes:5
13:54:46.0 (73417710)|VARIABLE_SCOPE_BEGIN|[169]|key|String|false|false
13:54:46.0 (73425919)|VARIABLE_ASSIGNMENT|[169]|key|"permanent_partner_ma (8 more) ..."
13:54:46.0 (73430352)|STATEMENT_EXECUTE|[169]
13:54:46.0 (73432284)|STATEMENT_EXECUTE|[170]
13:54:46.0 (73582568)|HEAP_ALLOCATE|[170]|Bytes:8
13:54:46.0 (73592430)|VARIABLE_SCOPE_BEGIN|[170]|descField|Schema.DescribeFieldResult|true|false
13:54:46.0 (73649993)|VARIABLE_ASSIGNMENT|[170]|descField|"common.api.soap.wsdl.Field@d51eaa0c"|0x40f72a8
13:54:46.0 (73660189)|HEAP_ALLOCATE|[172]|Bytes:28
13:54:46.0 (73677856)|STATEMENT_EXECUTE|[172]
13:54:46.0 (73687719)|HEAP_ALLOCATE|[169]|Bytes:5
13:54:46.0 (73698932)|VARIABLE_SCOPE_BEGIN|[169]|key|String|false|false
13:54:46.0 (73706190)|VARIABLE_ASSIGNMENT|[169]|key|"partner_manager__c"
13:54:46.0 (73710354)|STATEMENT_EXECUTE|[169]
13:54:46.0 (73712312)|STATEMENT_EXECUTE|[170]
13:54:46.0 (73890649)|HEAP_ALLOCATE|[170]|Bytes:8
13:54:46.0 (73900899)|VARIABLE_SCOPE_BEGIN|[170]|descField|Schema.DescribeFieldResult|true|false
13:54:46.0 (73958245)|VARIABLE_ASSIGNMENT|[170]|descField|"common.api.soap.wsdl.Field@22b2248d"|0x1de55948
13:54:46.0 (73968632)|HEAP_ALLOCATE|[172]|Bytes:18
13:54:46.0 (73986571)|STATEMENT_EXECUTE|[172]
13:54:46.0 (73996608)|HEAP_ALLOCATE|[169]|Bytes:5
13:54:46.0 (74007892)|VARIABLE_SCOPE_BEGIN|[169]|key|String|false|false
13:54:46.0 (74016104)|VARIABLE_ASSIGNMENT|[169]|key|"id__c"
13:54:46.0 (74020773)|STATEMENT_EXECUTE|[169]
13:54:46.0 (74022683)|STATEMENT_EXECUTE|[170]
13:54:46.0 (74138902)|HEAP_ALLOCATE|[170]|Bytes:8
13:54:46.0 (74148727)|VARIABLE_SCOPE_BEGIN|[170]|descField|Schema.DescribeFieldResult|true|false
13:54:46.0 (74204798)|VARIABLE_ASSIGNMENT|[170]|descField|"common.api.soap.wsdl.Field@95cb3946"|0x5be97926
13:54:46.0 (74214935)|HEAP_ALLOCATE|[172]|Bytes:5
13:54:46.0 (74232800)|STATEMENT_EXECUTE|[172]
13:54:46.0 (74242929)|HEAP_ALLOCATE|[169]|Bytes:5
13:54:46.0 (74254150)|VARIABLE_SCOPE_BEGIN|[169]|key|String|false|false
13:54:46.0 (74265107)|VARIABLE_ASSIGNMENT|[169]|key|"external_id__c"
13:54:46.0 (74269561)|STATEMENT_EXECUTE|[169]
13:54:46.0 (74271494)|STATEMENT_EXECUTE|[170]
13:54:46.0 (74388718)|HEAP_ALLOCATE|[170]|Bytes:8
13:54:46.0 (74398602)|VARIABLE_SCOPE_BEGIN|[170]|descField|Schema.DescribeFieldResult|true|false
13:54:46.0 (74454770)|VARIABLE_ASSIGNMENT|[170]|descField|"common.api.soap.wsdl.Field@d1606cf3"|0x44599303
13:54:46.0 (74464983)|HEAP_ALLOCATE|[172]|Bytes:14
13:54:46.0 (74483046)|STATEMENT_EXECUTE|[172]
13:54:46.0 (74493060)|HEAP_ALLOCATE|[169]|Bytes:5
13:54:46.0 (74504392)|VARIABLE_SCOPE_BEGIN|[169]|key|String|false|false
13:54:46.0 (74512723)|VARIABLE_ASSIGNMENT|[169]|key|"open_opportunities__ (1 more) ..."
13:54:46.0 (74517100)|STATEMENT_EXECUTE|[169]
13:54:46.0 (74519029)|STATEMENT_EXECUTE|[170]
13:54:46.0 (74622800)|HEAP_ALLOCATE|[170]|Bytes:8
13:54:46.0 (74632590)|VARIABLE_SCOPE_BEGIN|[170]|descField|Schema.DescribeFieldResult|true|false
13:54:46.0 (74688670)|VARIABLE_ASSIGNMENT|[170]|descField|"common.api.soap.wsdl.Field@21874529"|0xbfbb681
13:54:46.0 (74698801)|HEAP_ALLOCATE|[172]|Bytes:21
13:54:46.0 (74716530)|STATEMENT_EXECUTE|[172]
13:54:46.0 (74726568)|HEAP_ALLOCATE|[169]|Bytes:5
13:54:46.0 (74737732)|VARIABLE_SCOPE_BEGIN|[169]|key|String|false|false
13:54:46.0 (74745878)|VARIABLE_ASSIGNMENT|[169]|key|"open_opportunities_v (7 more) ..."
13:54:46.0 (74750203)|STATEMENT_EXECUTE|[169]
13:54:46.0 (74752080)|STATEMENT_EXECUTE|[170]
13:54:46.0 (74853303)|HEAP_ALLOCATE|[170]|Bytes:8
13:54:46.0 (74863242)|VARIABLE_SCOPE_BEGIN|[170]|descField|Schema.DescribeFieldResult|true|false
13:54:46.0 (74924520)|VARIABLE_ASSIGNMENT|[170]|descField|"common.api.soap.wsdl.Field@3d98f37b"|0x19bdedff
13:54:46.0 (74934770)|HEAP_ALLOCATE|[172]|Bytes:27
13:54:46.0 (74952641)|STATEMENT_EXECUTE|[172]
13:54:46.0 (74962544)|HEAP_ALLOCATE|[169]|Bytes:5
13:54:46.0 (74973747)|VARIABLE_SCOPE_BEGIN|[169]|key|String|false|false
13:54:46.0 (74981235)|VARIABLE_ASSIGNMENT|[169]|key|"rating_indicator__c"
13:54:46.0 (74985506)|STATEMENT_EXECUTE|[169]
13:54:46.0 (74987493)|STATEMENT_EXECUTE|[170]
13:54:46.0 (75537155)|HEAP_ALLOCATE|[170]|Bytes:8
13:54:46.0 (75548982)|VARIABLE_SCOPE_BEGIN|[170]|descField|Schema.DescribeFieldResult|true|false
13:54:46.0 (75607496)|VARIABLE_ASSIGNMENT|[170]|descField|"common.api.soap.wsdl.Field@6d89e278"|0x519cae81
13:54:46.0 (75617956)|HEAP_ALLOCATE|[172]|Bytes:19
13:54:46.0 (75636667)|STATEMENT_EXECUTE|[172]
13:54:46.0 (75647543)|HEAP_ALLOCATE|[169]|Bytes:5
13:54:46.0 (75659744)|VARIABLE_SCOPE_BEGIN|[169]|key|String|false|false
13:54:46.0 (75667126)|VARIABLE_ASSIGNMENT|[169]|key|"external_id__pc"
13:54:46.0 (75671581)|STATEMENT_EXECUTE|[169]
13:54:46.0 (75673542)|STATEMENT_EXECUTE|[170]
13:54:46.0 (76034483)|HEAP_ALLOCATE|[170]|Bytes:8
13:54:46.0 (76046114)|VARIABLE_SCOPE_BEGIN|[170]|descField|Schema.DescribeFieldResult|true|false
13:54:46.0 (76105061)|VARIABLE_ASSIGNMENT|[170]|descField|"common.api.soap.wsdl.Field@d532be98"|0x217d0c1a
13:54:46.0 (76115734)|HEAP_ALLOCATE|[172]|Bytes:15
13:54:46.0 (76134238)|STATEMENT_EXECUTE|[172]
13:54:46.0 (76145179)|HEAP_ALLOCATE|[169]|Bytes:5
13:54:46.0 (76156667)|VARIABLE_SCOPE_BEGIN|[169]|key|String|false|false
13:54:46.0 (76165536)|VARIABLE_ASSIGNMENT|[169]|key|"activeliveagentuser_ (3 more) ..."
13:54:46.0 (76170167)|STATEMENT_EXECUTE|[169]
13:54:46.0 (76172197)|STATEMENT_EXECUTE|[170]
13:54:46.0 (76294818)|HEAP_ALLOCATE|[170]|Bytes:8
13:54:46.0 (76304804)|VARIABLE_SCOPE_BEGIN|[170]|descField|Schema.DescribeFieldResult|true|false
13:54:46.0 (76361645)|VARIABLE_ASSIGNMENT|[170]|descField|"common.api.soap.wsdl.Field@a51bd08"|0x125fa843
13:54:46.0 (76372151)|HEAP_ALLOCATE|[172]|Bytes:23
13:54:46.0 (76390054)|STATEMENT_EXECUTE|[172]
13:54:46.0 (76400117)|HEAP_ALLOCATE|[169]|Bytes:5
13:54:46.0 (76413228)|VARIABLE_ASSIGNMENT|[169]|key|null
13:54:46.0 (76463934)|STATEMENT_EXECUTE|[181]
13:54:46.0 (76467929)|STATEMENT_EXECUTE|[190]
13:54:46.0 (76486958)|METHOD_EXIT|[178]|01p360000053CeU|CellCrud.squery(String)
13:54:46.0 (76514954)|VARIABLE_ASSIGNMENT|[178]|recordList|{"s":1,"v":"List of size 63 too large to display"}|0x6cb61c1a
13:54:46.0 (76520289)|STATEMENT_EXECUTE|[181]
13:54:46.0 (76532194)|METHOD_ENTRY|[181]||System.JSON.serialize(Object)
13:54:46.0 (80867775)|METHOD_EXIT|[181]||System.JSON.serialize(Object)
13:54:46.0 (80887259)|SYSTEM_MODE_EXIT|false
13:54:46.80 (80935003)|CUMULATIVE_LIMIT_USAGE
13:54:46.80 (80935003)|LIMIT_USAGE_FOR_NS|(default)|
  Number of SOQL queries: 1 out of 100
  Number of query rows: 63 out of 50000
  Number of SOSL queries: 0 out of 20
  Number of DML statements: 0 out of 150
  Number of DML rows: 0 out of 10000
  Maximum CPU time: 0 out of 10000
  Maximum heap size: 0 out of 6000000
  Number of callouts: 0 out of 100
  Number of Email Invocations: 0 out of 10
  Number of future calls: 0 out of 50
  Number of queueable jobs added to the queue: 0 out of 50
  Number of Mobile Apex push calls: 0 out of 10

13:54:46.80 (80935003)|CUMULATIVE_LIMIT_USAGE_END

13:54:46.0 (80983853)|CODE_UNIT_FINISHED|CellController.forceLoadData
