36.0 APEX_CODE,FINEST;APEX_PROFILING,INFO;CALLOUT,INFO;DB,INFO;SYSTEM,DEBUG;VALIDATION,INFO;VISUALFORCE,INFO;WORKFLOW,INFO
13:17:24.0 (63205)|EXECUTION_STARTED
13:17:24.0 (112936)|CODE_UNIT_STARTED|[EXTERNAL]|01p360000053AMn|BatchLatLongGenerator
13:17:24.0 (850579)|HEAP_ALLOCATE|[EXTERNAL]|Bytes:77
13:17:24.0 (870787)|HEAP_ALLOCATE|[EXTERNAL]|Bytes:10
13:17:24.0 (874336)|HEAP_ALLOCATE|[EXTERNAL]|Bytes:5
13:17:24.0 (888979)|METHOD_ENTRY|[1]|01p360000053AMn|BatchLatLongGenerator.BatchLatLongGenerator()
13:17:24.0 (898474)|STATEMENT_EXECUTE|[1]
13:17:24.0 (908881)|STATEMENT_EXECUTE|[1]
13:17:24.0 (927927)|METHOD_EXIT|[1]|BatchLatLongGenerator
13:17:24.0 (936778)|HEAP_ALLOCATE|[EXTERNAL]|Bytes:8
13:17:24.0 (963750)|HEAP_ALLOCATE|[EXTERNAL]|Bytes:11
13:17:24.0 (975958)|SYSTEM_METHOD_ENTRY|[15]|BatchableContextImpl.BatchableContextImpl()
13:17:24.0 (980515)|STATEMENT_EXECUTE|[15]
13:17:24.0 (988875)|SYSTEM_METHOD_EXIT|[15]|BatchableContextImpl
13:17:24.0 (992162)|HEAP_ALLOCATE|[EXTERNAL]|Bytes:12
13:17:24.0 (1015244)|HEAP_ALLOCATE|[EXTERNAL]|Bytes:44
13:17:24.0 (1024719)|VARIABLE_SCOPE_BEGIN|[15]|this|BatchLatLongGenerator|true|false
13:17:24.0 (1104928)|VARIABLE_ASSIGNMENT|[15]|this|{"query":"Select Id, Name, Bil (115 more) ..."}|0x52ba6b75
13:17:24.0 (1109949)|VARIABLE_SCOPE_BEGIN|[15]|BC|Database.BatchableContext|true|false
13:17:24.0 (1229486)|VARIABLE_ASSIGNMENT|[15]|BC|{"childJobId":"70736000006EdsYAAS","jobId":"70736000006EdsqAAC"}|0x37e9ac76
13:17:24.0 (1235445)|VARIABLE_SCOPE_BEGIN|[15]|scope|List<SObject>|true|false
13:17:24.0 (1252854)|VARIABLE_ASSIGNMENT|[15]|scope|{"s":1,"v":"List of size 10 too large to display"}|0x641718da
13:17:24.0 (1261876)|STATEMENT_EXECUTE|[15]
13:17:24.0 (1378477)|HEAP_ALLOCATE|[50]|Bytes:5
13:17:24.0 (1410248)|HEAP_ALLOCATE|[56]|Bytes:5
13:17:24.0 (1420069)|HEAP_ALLOCATE|[64]|Bytes:7
13:17:24.0 (1447517)|HEAP_ALLOCATE|[17]|Bytes:5
13:17:24.0 (1495273)|HEAP_ALLOCATE|[17]|Bytes:32
13:17:24.0 (1509303)|VARIABLE_SCOPE_BEGIN|[17]|acc|Account|true|false
13:17:24.0 (1536998)|VARIABLE_ASSIGNMENT|[17]|acc|{"s":1,"v":{"Id":"00136000008NvuaAAC","Name":"United Partners (Eas (2 more) ...","BillingStreet":"2137 N Clarendon Blv (1 more) ...","BillingCity":"Arlington","BillingState":"VA","BillingCountry":"USA","BillingPostalCode":"22209"}}|0x51100bb9
13:17:24.0 (1544408)|STATEMENT_EXECUTE|[17]
13:17:24.0 (1546704)|STATEMENT_EXECUTE|[19]
13:17:24.0 (1552264)|VARIABLE_SCOPE_BEGIN|[19]|address|String|false|false
13:17:24.0 (1558411)|VARIABLE_ASSIGNMENT|[19]|address|""
13:17:24.0 (1570337)|STATEMENT_EXECUTE|[21]
13:17:24.0 (1572344)|STATEMENT_EXECUTE|[22]
13:17:24.0 (1577140)|HEAP_ALLOCATE|[22]|Bytes:1
13:17:24.0 (1596842)|HEAP_ALLOCATE|[22]|Bytes:22
13:17:24.0 (1602035)|HEAP_ALLOCATE|[22]|Bytes:22
13:17:24.0 (1610027)|VARIABLE_ASSIGNMENT|[22]|address|"2137 N Clarendon Blv (2 more) ..."
13:17:24.0 (1618395)|STATEMENT_EXECUTE|[24]
13:17:24.0 (1620494)|STATEMENT_EXECUTE|[25]
13:17:24.0 (1626536)|HEAP_ALLOCATE|[25]|Bytes:10
13:17:24.0 (1630774)|HEAP_ALLOCATE|[25]|Bytes:32
13:17:24.0 (1637380)|VARIABLE_ASSIGNMENT|[25]|address|"2137 N Clarendon Blv (12 more) ..."
13:17:24.0 (1644560)|STATEMENT_EXECUTE|[27]
13:17:24.0 (1646929)|STATEMENT_EXECUTE|[28]
13:17:24.0 (1652485)|HEAP_ALLOCATE|[28]|Bytes:3
13:17:24.0 (1656699)|HEAP_ALLOCATE|[28]|Bytes:35
13:17:24.0 (1662840)|VARIABLE_ASSIGNMENT|[28]|address|"2137 N Clarendon Blv (15 more) ..."
13:17:24.0 (1669609)|STATEMENT_EXECUTE|[30]
13:17:24.0 (1671507)|STATEMENT_EXECUTE|[31]
13:17:24.0 (1677465)|HEAP_ALLOCATE|[31]|Bytes:4
13:17:24.0 (1681892)|HEAP_ALLOCATE|[31]|Bytes:39
13:17:24.0 (1688280)|VARIABLE_ASSIGNMENT|[31]|address|"2137 N Clarendon Blv (19 more) ..."
13:17:24.0 (1695301)|STATEMENT_EXECUTE|[33]
13:17:24.0 (1697380)|STATEMENT_EXECUTE|[34]
13:17:24.0 (1703042)|HEAP_ALLOCATE|[34]|Bytes:6
13:17:24.0 (1707238)|HEAP_ALLOCATE|[34]|Bytes:45
13:17:24.0 (1713379)|VARIABLE_ASSIGNMENT|[34]|address|"2137 N Clarendon Blv (25 more) ..."
13:17:24.0 (1733912)|STATEMENT_EXECUTE|[37]
13:17:24.0 (1736410)|STATEMENT_EXECUTE|[38]
13:17:24.0 (1770377)|VARIABLE_SCOPE_BEGIN|[38]|req|System.HttpRequest|true|false
13:17:24.0 (1821033)|VARIABLE_ASSIGNMENT|[38]|req|"System.HttpRequest[Endpoint=null, Method=null]"|0x2956e924
13:17:24.0 (1827362)|STATEMENT_EXECUTE|[40]
13:17:24.0 (1831578)|HEAP_ALLOCATE|[40]|Bytes:5
13:17:24.0 (1845951)|HEAP_ALLOCATE|[40]|Bytes:15
13:17:24.0 (1854503)|SYSTEM_METHOD_ENTRY|[1]|EncodingUtil.EncodingUtil()
13:17:24.0 (1857858)|STATEMENT_EXECUTE|[1]
13:17:24.0 (1864899)|SYSTEM_METHOD_EXIT|[1]|EncodingUtil
13:17:24.0 (1874876)|METHOD_ENTRY|[40]||System.EncodingUtil.urlEncode(String, String)
13:17:24.0 (1920671)|METHOD_EXIT|[40]||System.EncodingUtil.urlEncode(String, String)
13:17:24.0 (1931616)|VARIABLE_ASSIGNMENT|[40]|address|"2137+N+Clarendon+Blv (35 more) ..."
13:17:24.0 (1936068)|STATEMENT_EXECUTE|[41]
13:17:24.0 (1939730)|HEAP_ALLOCATE|[41]|Bytes:57
13:17:24.0 (1943394)|HEAP_ALLOCATE|[41]|Bytes:12
13:17:24.0 (1952064)|HEAP_ALLOCATE|[41]|Bytes:124
13:17:24.0 (2006611)|STATEMENT_EXECUTE|[42]
13:17:24.0 (2011712)|HEAP_ALLOCATE|[42]|Bytes:3
13:17:24.0 (2034221)|STATEMENT_EXECUTE|[43]
13:17:24.0 (2054698)|VARIABLE_SCOPE_BEGIN|[43]|http|System.Http|true|false
13:17:24.0 (2093808)|VARIABLE_ASSIGNMENT|[43]|http|"System.Http[]"|0x743bd2bc
13:17:24.0 (2099833)|STATEMENT_EXECUTE|[44]
13:17:24.0 (2105961)|VARIABLE_SCOPE_BEGIN|[44]|res|System.HttpResponse|true|false
13:17:24.0 (2112735)|VARIABLE_ASSIGNMENT|[44]|res|null|
13:17:24.0 (2127104)|HEAP_ALLOCATE|[45]|Bytes:57
13:17:24.0 (2135663)|SYSTEM_METHOD_ENTRY|[1]|Test.Test()
13:17:24.0 (2139132)|STATEMENT_EXECUTE|[1]
13:17:24.0 (2145308)|SYSTEM_METHOD_EXIT|[1]|Test
13:17:24.0 (2153107)|METHOD_ENTRY|[45]||System.Test.isRunningTest()
13:17:24.0 (2172782)|METHOD_EXIT|[45]||System.Test.isRunningTest()
13:17:24.0 (2179394)|STATEMENT_EXECUTE|[45]
13:17:24.0 (2186037)|STATEMENT_EXECUTE|[46]
13:17:24.0 (2254522)|CALLOUT_REQUEST|[46]|System.HttpRequest[Endpoint=https://maps.googleapis.com/maps/api/geocode/xml?address=2137+N+Clarendon+Blvd%2CArlington%2CVA%2CUSA%2C22209%2C&sensor=true, Method=GET]
13:17:24.0 (18063852)|HEAP_ALLOCATE|[EXTERNAL]|Bytes:743
13:17:24.0 (18150221)|CALLOUT_RESPONSE|[46]|System.HttpResponse[Status=OK, StatusCode=200]
13:17:24.0 (18167525)|HEAP_ALLOCATE|[46]|Bytes:314
13:17:24.0 (18262996)|VARIABLE_ASSIGNMENT|[46]|res|"System.HttpResponse[Status=OK, StatusCode=200]"|0x25a74241
13:17:24.0 (18277751)|STATEMENT_EXECUTE|[57]
13:17:24.0 (18418005)|VARIABLE_SCOPE_BEGIN|[57]|doc|dom.Document|true|false
13:17:24.0 (18462902)|VARIABLE_ASSIGNMENT|[57]|doc|"Document[]"|0x3ba69018
13:17:24.0 (18469566)|STATEMENT_EXECUTE|[59]
13:17:24.0 (18500935)|VARIABLE_SCOPE_BEGIN|[59]|geocodeResponse|dom.XmlNode|true|false
13:17:24.0 (18567192)|VARIABLE_ASSIGNMENT|[59]|geocodeResponse|"XMLNode[ELEMENT,GeocodeResponse,null,null,null,[XMLNode[TEXT,null,null,null,null,null,\n ,], XMLNode[ELEMENT,status,null,null,null,[XMLNode[TEXT,null,null,null,null,null,OVER_QUERY_LIMIT,]],null,], XMLNode[TEXT,null,null,null,null,null,\n ,], XMLNode[ELEMENT,error_message,null,null,null,[XMLNode[TEXT,null,null,null,null,null,You have exceeded your daily request quota for this API. We recommend registering for a key at the Google Developers Console: https://console.developers.google.com/,]],null,], XMLNode[TEXT,null,null,null,null,null,\n,]],null,]"|0x25fbcaca
13:17:24.0 (18578901)|STATEMENT_EXECUTE|[60]
13:17:24.0 (18581087)|STATEMENT_EXECUTE|[62]
13:17:24.0 (18585595)|HEAP_ALLOCATE|[62]|Bytes:6
13:17:24.0 (18626361)|VARIABLE_SCOPE_BEGIN|[62]|result|dom.XmlNode|true|false
13:17:24.0 (18635661)|VARIABLE_ASSIGNMENT|[62]|result|null|
13:17:24.0 (18639980)|STATEMENT_EXECUTE|[63]
13:17:24.0 (18662965)|HEAP_ALLOCATE|[17]|Bytes:5
13:17:24.0 (18695033)|HEAP_ALLOCATE|[17]|Bytes:32
13:17:24.0 (18704886)|VARIABLE_SCOPE_BEGIN|[17]|acc|Account|true|false
13:17:24.0 (18736686)|VARIABLE_ASSIGNMENT|[17]|acc|{"s":1,"v":{"Id":"00136000008NvubAAC","Name":"United Partners (San (11 more) ...","BillingStreet":"1 California St.","BillingCity":"San Francisco","BillingState":"CA","BillingCountry":"USA","BillingPostalCode":"94105"}}|0xf7f52fb
13:17:24.0 (18742710)|STATEMENT_EXECUTE|[17]
13:17:24.0 (18744982)|STATEMENT_EXECUTE|[19]
13:17:24.0 (18749581)|VARIABLE_SCOPE_BEGIN|[19]|address|String|false|false
13:17:24.0 (18754626)|VARIABLE_ASSIGNMENT|[19]|address|""
13:17:24.0 (18766552)|STATEMENT_EXECUTE|[21]
13:17:24.0 (18768675)|STATEMENT_EXECUTE|[22]
13:17:24.0 (18779531)|HEAP_ALLOCATE|[22]|Bytes:17
13:17:24.0 (18784624)|HEAP_ALLOCATE|[22]|Bytes:17
13:17:24.0 (18790867)|VARIABLE_ASSIGNMENT|[22]|address|"1 California St.,"
13:17:24.0 (18797845)|STATEMENT_EXECUTE|[24]
13:17:24.0 (18799911)|STATEMENT_EXECUTE|[25]
13:17:24.0 (18805397)|HEAP_ALLOCATE|[25]|Bytes:14
13:17:24.0 (18809231)|HEAP_ALLOCATE|[25]|Bytes:31
13:17:24.0 (18815797)|VARIABLE_ASSIGNMENT|[25]|address|"1 California St.,San (11 more) ..."
13:17:24.0 (18822812)|STATEMENT_EXECUTE|[27]
13:17:24.0 (18824915)|STATEMENT_EXECUTE|[28]
13:17:24.0 (18830227)|HEAP_ALLOCATE|[28]|Bytes:3
13:17:24.0 (18834201)|HEAP_ALLOCATE|[28]|Bytes:34
13:17:24.0 (18840514)|VARIABLE_ASSIGNMENT|[28]|address|"1 California St.,San (14 more) ..."
13:17:24.0 (18846927)|STATEMENT_EXECUTE|[30]
13:17:24.0 (18852840)|STATEMENT_EXECUTE|[31]
13:17:24.0 (18858646)|HEAP_ALLOCATE|[31]|Bytes:4
13:17:24.0 (18863034)|HEAP_ALLOCATE|[31]|Bytes:38
13:17:24.0 (18869242)|VARIABLE_ASSIGNMENT|[31]|address|"1 California St.,San (18 more) ..."
13:17:24.0 (18876239)|STATEMENT_EXECUTE|[33]
13:17:24.0 (18878173)|STATEMENT_EXECUTE|[34]
13:17:24.0 (18883585)|HEAP_ALLOCATE|[34]|Bytes:6
13:17:24.0 (18887884)|HEAP_ALLOCATE|[34]|Bytes:44
13:17:24.0 (18894036)|VARIABLE_ASSIGNMENT|[34]|address|"1 California St.,San (24 more) ..."
13:17:24.0 (18907230)|STATEMENT_EXECUTE|[37]
13:17:24.0 (18909452)|STATEMENT_EXECUTE|[38]
13:17:24.0 (18925826)|VARIABLE_SCOPE_BEGIN|[38]|req|System.HttpRequest|true|false
13:17:24.0 (18967914)|VARIABLE_ASSIGNMENT|[38]|req|"System.HttpRequest[Endpoint=null, Method=null]"|0x10d5ac1f
13:17:24.0 (18974565)|STATEMENT_EXECUTE|[40]
13:17:24.0 (18994172)|METHOD_ENTRY|[40]||System.EncodingUtil.urlEncode(String, String)
13:17:24.0 (19041118)|METHOD_EXIT|[40]||System.EncodingUtil.urlEncode(String, String)
13:17:24.0 (19053198)|VARIABLE_ASSIGNMENT|[40]|address|"1+California+St.%2CS (34 more) ..."
13:17:24.0 (19057413)|STATEMENT_EXECUTE|[41]
13:17:24.0 (19065046)|HEAP_ALLOCATE|[41]|Bytes:123
13:17:24.0 (19086404)|STATEMENT_EXECUTE|[42]
13:17:24.0 (19098301)|STATEMENT_EXECUTE|[43]
13:17:24.0 (19109657)|VARIABLE_SCOPE_BEGIN|[43]|http|System.Http|true|false
13:17:24.0 (19146265)|VARIABLE_ASSIGNMENT|[43]|http|"System.Http[]"|0x64aaece2
13:17:24.0 (19152099)|STATEMENT_EXECUTE|[44]
13:17:24.0 (19155386)|VARIABLE_SCOPE_BEGIN|[44]|res|System.HttpResponse|true|false
13:17:24.0 (19160806)|VARIABLE_ASSIGNMENT|[44]|res|null|
13:17:24.0 (19170833)|METHOD_ENTRY|[45]||System.Test.isRunningTest()
13:17:24.0 (19182705)|METHOD_EXIT|[45]||System.Test.isRunningTest()
13:17:24.0 (19188461)|STATEMENT_EXECUTE|[45]
13:17:24.0 (19190461)|STATEMENT_EXECUTE|[46]
13:17:24.0 (21291380)|CALLOUT_REQUEST|[46]|System.HttpRequest[Endpoint=https://maps.googleapis.com/maps/api/geocode/xml?address=1+California+St.%2CSan+Francisco%2CCA%2CUSA%2C94105%2C&sensor=true, Method=GET]
13:17:24.0 (35377274)|HEAP_ALLOCATE|[EXTERNAL]|Bytes:743
13:17:24.0 (35466003)|CALLOUT_RESPONSE|[46]|System.HttpResponse[Status=OK, StatusCode=200]
13:17:24.0 (35483653)|HEAP_ALLOCATE|[46]|Bytes:314
13:17:24.0 (35574223)|VARIABLE_ASSIGNMENT|[46]|res|"System.HttpResponse[Status=OK, StatusCode=200]"|0x1817c6ab
13:17:24.0 (35589407)|STATEMENT_EXECUTE|[57]
13:17:24.0 (35736630)|VARIABLE_SCOPE_BEGIN|[57]|doc|dom.Document|true|false
13:17:24.0 (35777131)|VARIABLE_ASSIGNMENT|[57]|doc|"Document[]"|0x19922937
13:17:24.0 (35783492)|STATEMENT_EXECUTE|[59]
13:17:24.0 (35809310)|VARIABLE_SCOPE_BEGIN|[59]|geocodeResponse|dom.XmlNode|true|false
13:17:24.0 (35871331)|VARIABLE_ASSIGNMENT|[59]|geocodeResponse|"XMLNode[ELEMENT,GeocodeResponse,null,null,null,[XMLNode[TEXT,null,null,null,null,null,\n ,], XMLNode[ELEMENT,status,null,null,null,[XMLNode[TEXT,null,null,null,null,null,OVER_QUERY_LIMIT,]],null,], XMLNode[TEXT,null,null,null,null,null,\n ,], XMLNode[ELEMENT,error_message,null,null,null,[XMLNode[TEXT,null,null,null,null,null,You have exceeded your daily request quota for this API. We recommend registering for a key at the Google Developers Console: https://console.developers.google.com/,]],null,], XMLNode[TEXT,null,null,null,null,null,\n,]],null,]"|0x6ee340e2
13:17:24.0 (35880874)|STATEMENT_EXECUTE|[60]
13:17:24.0 (35883113)|STATEMENT_EXECUTE|[62]
13:17:24.0 (35906341)|VARIABLE_SCOPE_BEGIN|[62]|result|dom.XmlNode|true|false
13:17:24.0 (35915380)|VARIABLE_ASSIGNMENT|[62]|result|null|
13:17:24.0 (35919142)|STATEMENT_EXECUTE|[63]
13:17:24.0 (35942776)|HEAP_ALLOCATE|[17]|Bytes:5
13:17:24.0 (36007332)|HEAP_ALLOCATE|[17]|Bytes:32
13:17:24.0 (36026867)|VARIABLE_SCOPE_BEGIN|[17]|acc|Account|true|false
13:17:24.0 (36060390)|VARIABLE_ASSIGNMENT|[17]|acc|{"s":1,"v":{"Id":"00136000008NvucAAC","Name":"United Partners (VA)","BillingStreet":"1419 Commerce Rd","BillingCity":"Richmond (city)","BillingState":"VA","BillingCountry":"USA","BillingPostalCode":"23224"}}|0x6503d733
13:17:24.0 (36066882)|STATEMENT_EXECUTE|[17]
13:17:24.0 (36068936)|STATEMENT_EXECUTE|[19]
13:17:24.0 (36073897)|VARIABLE_SCOPE_BEGIN|[19]|address|String|false|false
13:17:24.0 (36079348)|VARIABLE_ASSIGNMENT|[19]|address|""
13:17:24.0 (36091823)|STATEMENT_EXECUTE|[21]
13:17:24.0 (36093967)|STATEMENT_EXECUTE|[22]
13:17:24.0 (36105143)|HEAP_ALLOCATE|[22]|Bytes:17
13:17:24.0 (36110484)|HEAP_ALLOCATE|[22]|Bytes:17
13:17:24.0 (36116979)|VARIABLE_ASSIGNMENT|[22]|address|"1419 Commerce Rd,"
13:17:24.0 (36124489)|STATEMENT_EXECUTE|[24]
13:17:24.0 (36126569)|STATEMENT_EXECUTE|[25]
13:17:24.0 (36132083)|HEAP_ALLOCATE|[25]|Bytes:16
13:17:24.0 (36136824)|HEAP_ALLOCATE|[25]|Bytes:33
13:17:24.0 (36144354)|VARIABLE_ASSIGNMENT|[25]|address|"1419 Commerce Rd,Ric (13 more) ..."
13:17:24.0 (36151776)|STATEMENT_EXECUTE|[27]
13:17:24.0 (36153782)|STATEMENT_EXECUTE|[28]
13:17:24.0 (36159238)|HEAP_ALLOCATE|[28]|Bytes:3
13:17:24.0 (36163675)|HEAP_ALLOCATE|[28]|Bytes:36
13:17:24.0 (36169863)|VARIABLE_ASSIGNMENT|[28]|address|"1419 Commerce Rd,Ric (16 more) ..."
13:17:24.0 (36176447)|STATEMENT_EXECUTE|[30]
13:17:24.0 (36178258)|STATEMENT_EXECUTE|[31]
13:17:24.0 (36188201)|HEAP_ALLOCATE|[31]|Bytes:4
13:17:24.0 (36192819)|HEAP_ALLOCATE|[31]|Bytes:40
13:17:24.0 (36199751)|VARIABLE_ASSIGNMENT|[31]|address|"1419 Commerce Rd,Ric (20 more) ..."
13:17:24.0 (36207403)|STATEMENT_EXECUTE|[33]
13:17:24.0 (36209419)|STATEMENT_EXECUTE|[34]
13:17:24.0 (36214883)|HEAP_ALLOCATE|[34]|Bytes:6
13:17:24.0 (36218985)|HEAP_ALLOCATE|[34]|Bytes:46
13:17:24.0 (38806788)|VARIABLE_ASSIGNMENT|[34]|address|"1419 Commerce Rd,Ric (26 more) ..."
13:17:24.0 (38824555)|STATEMENT_EXECUTE|[37]
13:17:24.0 (38827625)|STATEMENT_EXECUTE|[38]
13:17:24.0 (38845194)|VARIABLE_SCOPE_BEGIN|[38]|req|System.HttpRequest|true|false
13:17:24.0 (38889506)|VARIABLE_ASSIGNMENT|[38]|req|"System.HttpRequest[Endpoint=null, Method=null]"|0x359f24e
13:17:24.0 (38895769)|STATEMENT_EXECUTE|[40]
13:17:24.0 (38916263)|METHOD_ENTRY|[40]||System.EncodingUtil.urlEncode(String, String)
13:17:24.0 (38963875)|METHOD_EXIT|[40]||System.EncodingUtil.urlEncode(String, String)
13:17:24.0 (38975065)|VARIABLE_ASSIGNMENT|[40]|address|"1419+Commerce+Rd%2CR (40 more) ..."
13:17:24.0 (38979437)|STATEMENT_EXECUTE|[41]
13:17:24.0 (38987834)|HEAP_ALLOCATE|[41]|Bytes:129
13:17:24.0 (39012524)|STATEMENT_EXECUTE|[42]
13:17:24.0 (39035543)|STATEMENT_EXECUTE|[43]
13:17:24.0 (39054464)|VARIABLE_SCOPE_BEGIN|[43]|http|System.Http|true|false
13:17:24.0 (39095125)|VARIABLE_ASSIGNMENT|[43]|http|"System.Http[]"|0x73cd8ce9
13:17:24.0 (39101514)|STATEMENT_EXECUTE|[44]
13:17:24.0 (39105008)|VARIABLE_SCOPE_BEGIN|[44]|res|System.HttpResponse|true|false
13:17:24.0 (39110676)|VARIABLE_ASSIGNMENT|[44]|res|null|
13:17:24.0 (39121193)|METHOD_ENTRY|[45]||System.Test.isRunningTest()
13:17:24.0 (39133199)|METHOD_EXIT|[45]||System.Test.isRunningTest()
13:17:24.0 (39138931)|STATEMENT_EXECUTE|[45]
13:17:24.0 (39140809)|STATEMENT_EXECUTE|[46]
13:17:24.0 (39198998)|CALLOUT_REQUEST|[46]|System.HttpRequest[Endpoint=https://maps.googleapis.com/maps/api/geocode/xml?address=1419+Commerce+Rd%2CRichmond+%28city%29%2CVA%2CUSA%2C23224%2C&sensor=true, Method=GET]
13:17:24.0 (53500434)|HEAP_ALLOCATE|[EXTERNAL]|Bytes:743
13:17:24.0 (53582911)|CALLOUT_RESPONSE|[46]|System.HttpResponse[Status=OK, StatusCode=200]
13:17:24.0 (53600118)|HEAP_ALLOCATE|[46]|Bytes:314
13:17:24.0 (53682729)|VARIABLE_ASSIGNMENT|[46]|res|"System.HttpResponse[Status=OK, StatusCode=200]"|0x52c123
13:17:24.0 (53696377)|STATEMENT_EXECUTE|[57]
13:17:24.0 (53832607)|VARIABLE_SCOPE_BEGIN|[57]|doc|dom.Document|true|false
13:17:24.0 (53871031)|VARIABLE_ASSIGNMENT|[57]|doc|"Document[]"|0x4c5598e5
13:17:24.0 (53877081)|STATEMENT_EXECUTE|[59]
13:17:24.0 (53900826)|VARIABLE_SCOPE_BEGIN|[59]|geocodeResponse|dom.XmlNode|true|false
13:17:24.0 (53964076)|VARIABLE_ASSIGNMENT|[59]|geocodeResponse|"XMLNode[ELEMENT,GeocodeResponse,null,null,null,[XMLNode[TEXT,null,null,null,null,null,\n ,], XMLNode[ELEMENT,status,null,null,null,[XMLNode[TEXT,null,null,null,null,null,OVER_QUERY_LIMIT,]],null,], XMLNode[TEXT,null,null,null,null,null,\n ,], XMLNode[ELEMENT,error_message,null,null,null,[XMLNode[TEXT,null,null,null,null,null,You have exceeded your daily request quota for this API. We recommend registering for a key at the Google Developers Console: https://console.developers.google.com/,]],null,], XMLNode[TEXT,null,null,null,null,null,\n,]],null,]"|0x359ae30e
13:17:24.0 (53974227)|STATEMENT_EXECUTE|[60]
13:17:24.0 (53976250)|STATEMENT_EXECUTE|[62]
13:17:24.0 (53998796)|VARIABLE_SCOPE_BEGIN|[62]|result|dom.XmlNode|true|false
13:17:24.0 (54006438)|VARIABLE_ASSIGNMENT|[62]|result|null|
13:17:24.0 (54011033)|STATEMENT_EXECUTE|[63]
13:17:24.0 (54032846)|HEAP_ALLOCATE|[17]|Bytes:5
13:17:24.0 (54070437)|HEAP_ALLOCATE|[17]|Bytes:32
13:17:24.0 (54083320)|VARIABLE_SCOPE_BEGIN|[17]|acc|Account|true|false
13:17:24.0 (54116444)|VARIABLE_ASSIGNMENT|[17]|acc|{"s":1,"v":{"Id":"00136000008NvudAAC","Name":"Universal Containers","BillingStreet":"3544 Wedo St","BillingCity":"Clark","BillingState":"NV","BillingCountry":"USA","BillingPostalCode":"89031"}}|0x2aaf8b90
13:17:24.0 (54122631)|STATEMENT_EXECUTE|[17]
13:17:24.0 (54124673)|STATEMENT_EXECUTE|[19]
13:17:24.0 (54129299)|VARIABLE_SCOPE_BEGIN|[19]|address|String|false|false
13:17:24.0 (54134403)|VARIABLE_ASSIGNMENT|[19]|address|""
13:17:24.0 (54146979)|STATEMENT_EXECUTE|[21]
13:17:24.0 (54148976)|STATEMENT_EXECUTE|[22]
13:17:24.0 (54159925)|HEAP_ALLOCATE|[22]|Bytes:13
13:17:24.0 (54165045)|HEAP_ALLOCATE|[22]|Bytes:13
13:17:24.0 (54171053)|VARIABLE_ASSIGNMENT|[22]|address|"3544 Wedo St,"
13:17:24.0 (54178301)|STATEMENT_EXECUTE|[24]
13:17:24.0 (54185383)|STATEMENT_EXECUTE|[25]
13:17:24.0 (54191960)|HEAP_ALLOCATE|[25]|Bytes:6
13:17:24.0 (54196294)|HEAP_ALLOCATE|[25]|Bytes:19
13:17:24.0 (54202383)|VARIABLE_ASSIGNMENT|[25]|address|"3544 Wedo St,Clark,"
13:17:24.0 (54209301)|STATEMENT_EXECUTE|[27]
13:17:24.0 (54211281)|STATEMENT_EXECUTE|[28]
13:17:24.0 (54216533)|HEAP_ALLOCATE|[28]|Bytes:3
13:17:24.0 (54220685)|HEAP_ALLOCATE|[28]|Bytes:22
13:17:24.0 (54227645)|VARIABLE_ASSIGNMENT|[28]|address|"3544 Wedo St,Clark,N (2 more) ..."
13:17:24.0 (54234233)|STATEMENT_EXECUTE|[30]
13:17:24.0 (54236045)|STATEMENT_EXECUTE|[31]
13:17:24.0 (54241211)|HEAP_ALLOCATE|[31]|Bytes:4
13:17:24.0 (54245536)|HEAP_ALLOCATE|[31]|Bytes:26
13:17:24.0 (54251998)|VARIABLE_ASSIGNMENT|[31]|address|"3544 Wedo St,Clark,N (6 more) ..."
13:17:24.0 (54258823)|STATEMENT_EXECUTE|[33]
13:17:24.0 (54260754)|STATEMENT_EXECUTE|[34]
13:17:24.0 (54265999)|HEAP_ALLOCATE|[34]|Bytes:6
13:17:24.0 (54269980)|HEAP_ALLOCATE|[34]|Bytes:32
13:17:24.0 (54276147)|VARIABLE_ASSIGNMENT|[34]|address|"3544 Wedo St,Clark,N (12 more) ..."
13:17:24.0 (54289025)|STATEMENT_EXECUTE|[37]
13:17:24.0 (54291302)|STATEMENT_EXECUTE|[38]
13:17:24.0 (54307314)|VARIABLE_SCOPE_BEGIN|[38]|req|System.HttpRequest|true|false
13:17:24.0 (54348173)|VARIABLE_ASSIGNMENT|[38]|req|"System.HttpRequest[Endpoint=null, Method=null]"|0x3ce21c3f
13:17:24.0 (54354320)|STATEMENT_EXECUTE|[40]
13:17:24.0 (54371565)|METHOD_ENTRY|[40]||System.EncodingUtil.urlEncode(String, String)
13:17:24.0 (54418384)|METHOD_EXIT|[40]||System.EncodingUtil.urlEncode(String, String)
13:17:24.0 (54429311)|VARIABLE_ASSIGNMENT|[40]|address|"3544+Wedo+St%2CClark (22 more) ..."
13:17:24.0 (54433568)|STATEMENT_EXECUTE|[41]
13:17:24.0 (54441303)|HEAP_ALLOCATE|[41]|Bytes:111
13:17:24.0 (54462391)|STATEMENT_EXECUTE|[42]
13:17:24.0 (54474681)|STATEMENT_EXECUTE|[43]
13:17:24.0 (54485507)|VARIABLE_SCOPE_BEGIN|[43]|http|System.Http|true|false
13:17:24.0 (54522181)|VARIABLE_ASSIGNMENT|[43]|http|"System.Http[]"|0x3ef033f9
13:17:24.0 (54527855)|STATEMENT_EXECUTE|[44]
13:17:24.0 (54531221)|VARIABLE_SCOPE_BEGIN|[44]|res|System.HttpResponse|true|false
13:17:24.0 (54536814)|VARIABLE_ASSIGNMENT|[44]|res|null|
13:17:24.0 (54546015)|METHOD_ENTRY|[45]||System.Test.isRunningTest()
13:17:24.0 (54557962)|METHOD_EXIT|[45]||System.Test.isRunningTest()
13:17:24.0 (54563736)|STATEMENT_EXECUTE|[45]
13:17:24.0 (54565661)|STATEMENT_EXECUTE|[46]
13:17:24.0 (56660987)|CALLOUT_REQUEST|[46]|System.HttpRequest[Endpoint=https://maps.googleapis.com/maps/api/geocode/xml?address=3544+Wedo+St%2CClark%2CNV%2CUSA%2C89031%2C&sensor=true, Method=GET]
13:17:24.0 (71008389)|HEAP_ALLOCATE|[EXTERNAL]|Bytes:743
13:17:24.0 (71078479)|CALLOUT_RESPONSE|[46]|System.HttpResponse[Status=OK, StatusCode=200]
13:17:24.0 (71093533)|HEAP_ALLOCATE|[46]|Bytes:314
13:17:24.0 (71167165)|VARIABLE_ASSIGNMENT|[46]|res|"System.HttpResponse[Status=OK, StatusCode=200]"|0x414b9651
13:17:24.0 (71185416)|STATEMENT_EXECUTE|[57]
13:17:24.0 (71308816)|VARIABLE_SCOPE_BEGIN|[57]|doc|dom.Document|true|false
13:17:24.0 (71346434)|VARIABLE_ASSIGNMENT|[57]|doc|"Document[]"|0x56ac2360
13:17:24.0 (71352349)|STATEMENT_EXECUTE|[59]
13:17:24.0 (71374920)|VARIABLE_SCOPE_BEGIN|[59]|geocodeResponse|dom.XmlNode|true|false
13:17:24.0 (71439227)|VARIABLE_ASSIGNMENT|[59]|geocodeResponse|"XMLNode[ELEMENT,GeocodeResponse,null,null,null,[XMLNode[TEXT,null,null,null,null,null,\n ,], XMLNode[ELEMENT,status,null,null,null,[XMLNode[TEXT,null,null,null,null,null,OVER_QUERY_LIMIT,]],null,], XMLNode[TEXT,null,null,null,null,null,\n ,], XMLNode[ELEMENT,error_message,null,null,null,[XMLNode[TEXT,null,null,null,null,null,You have exceeded your daily request quota for this API. We recommend registering for a key at the Google Developers Console: https://console.developers.google.com/,]],null,], XMLNode[TEXT,null,null,null,null,null,\n,]],null,]"|0xff53ee4
13:17:24.0 (71449789)|STATEMENT_EXECUTE|[60]
13:17:24.0 (71451850)|STATEMENT_EXECUTE|[62]
13:17:24.0 (71474243)|VARIABLE_SCOPE_BEGIN|[62]|result|dom.XmlNode|true|false
13:17:24.0 (71481760)|VARIABLE_ASSIGNMENT|[62]|result|null|
13:17:24.0 (71485581)|STATEMENT_EXECUTE|[63]
13:17:24.0 (71506485)|HEAP_ALLOCATE|[17]|Bytes:5
13:17:24.0 (71540237)|HEAP_ALLOCATE|[17]|Bytes:32
13:17:24.0 (71552192)|VARIABLE_SCOPE_BEGIN|[17]|acc|Account|true|false
13:17:24.0 (71580607)|VARIABLE_ASSIGNMENT|[17]|acc|{"s":1,"v":{"Id":"00136000008NvueAAC","Name":"Universal Services","BillingStreet":"4191 Tamarus St","BillingCity":"Clark","BillingState":"NV","BillingCountry":"USA","BillingPostalCode":"89119"}}|0x3b7121cb
13:17:24.0 (71586908)|STATEMENT_EXECUTE|[17]
13:17:24.0 (71588885)|STATEMENT_EXECUTE|[19]
13:17:24.0 (71593096)|VARIABLE_SCOPE_BEGIN|[19]|address|String|false|false
13:17:24.0 (71597958)|VARIABLE_ASSIGNMENT|[19]|address|""
13:17:24.0 (71609642)|STATEMENT_EXECUTE|[21]
13:17:24.0 (71611796)|STATEMENT_EXECUTE|[22]
13:17:24.0 (71621923)|HEAP_ALLOCATE|[22]|Bytes:16
13:17:24.0 (71626891)|HEAP_ALLOCATE|[22]|Bytes:16
13:17:24.0 (71633275)|VARIABLE_ASSIGNMENT|[22]|address|"4191 Tamarus St,"
13:17:24.0 (71640399)|STATEMENT_EXECUTE|[24]
13:17:24.0 (71642490)|STATEMENT_EXECUTE|[25]
13:17:24.0 (71647910)|HEAP_ALLOCATE|[25]|Bytes:6
13:17:24.0 (71652003)|HEAP_ALLOCATE|[25]|Bytes:22
13:17:24.0 (71659315)|VARIABLE_ASSIGNMENT|[25]|address|"4191 Tamarus St,Clar (2 more) ..."
13:17:24.0 (71666148)|STATEMENT_EXECUTE|[27]
13:17:24.0 (71668659)|STATEMENT_EXECUTE|[28]
13:17:24.0 (71674052)|HEAP_ALLOCATE|[28]|Bytes:3
13:17:24.0 (71678052)|HEAP_ALLOCATE|[28]|Bytes:25
13:17:24.0 (71684353)|VARIABLE_ASSIGNMENT|[28]|address|"4191 Tamarus St,Clar (5 more) ..."
13:17:24.0 (71690756)|STATEMENT_EXECUTE|[30]
13:17:24.0 (71692513)|STATEMENT_EXECUTE|[31]
13:17:24.0 (71697523)|HEAP_ALLOCATE|[31]|Bytes:4
13:17:24.0 (71701588)|HEAP_ALLOCATE|[31]|Bytes:29
13:17:24.0 (71707539)|VARIABLE_ASSIGNMENT|[31]|address|"4191 Tamarus St,Clar (9 more) ..."
13:17:24.0 (71714195)|STATEMENT_EXECUTE|[33]
13:17:24.0 (71716087)|STATEMENT_EXECUTE|[34]
13:17:24.0 (71721470)|HEAP_ALLOCATE|[34]|Bytes:6
13:17:24.0 (71725301)|HEAP_ALLOCATE|[34]|Bytes:35
13:17:24.0 (71731403)|VARIABLE_ASSIGNMENT|[34]|address|"4191 Tamarus St,Clar (15 more) ..."
13:17:24.0 (71744042)|STATEMENT_EXECUTE|[37]
13:17:24.0 (71746269)|STATEMENT_EXECUTE|[38]
13:17:24.0 (71762252)|VARIABLE_SCOPE_BEGIN|[38]|req|System.HttpRequest|true|false
13:17:24.0 (71800924)|VARIABLE_ASSIGNMENT|[38]|req|"System.HttpRequest[Endpoint=null, Method=null]"|0x2695d1ea
13:17:24.0 (71807207)|STATEMENT_EXECUTE|[40]
13:17:24.0 (71823454)|METHOD_ENTRY|[40]||System.EncodingUtil.urlEncode(String, String)
13:17:24.0 (71865438)|METHOD_EXIT|[40]||System.EncodingUtil.urlEncode(String, String)
13:17:24.0 (71875885)|VARIABLE_ASSIGNMENT|[40]|address|"4191+Tamarus+St%2CCl (25 more) ..."
13:17:24.0 (71880053)|STATEMENT_EXECUTE|[41]
13:17:24.0 (71887465)|HEAP_ALLOCATE|[41]|Bytes:114
13:17:24.0 (71907673)|STATEMENT_EXECUTE|[42]
13:17:24.0 (71919155)|STATEMENT_EXECUTE|[43]
13:17:24.0 (71929506)|VARIABLE_SCOPE_BEGIN|[43]|http|System.Http|true|false
13:17:24.0 (71965225)|VARIABLE_ASSIGNMENT|[43]|http|"System.Http[]"|0x37b14fb3
13:17:24.0 (71970756)|STATEMENT_EXECUTE|[44]
13:17:24.0 (71973976)|VARIABLE_SCOPE_BEGIN|[44]|res|System.HttpResponse|true|false
13:17:24.0 (71979307)|VARIABLE_ASSIGNMENT|[44]|res|null|
13:17:24.0 (71989294)|METHOD_ENTRY|[45]||System.Test.isRunningTest()
13:17:24.0 (72000961)|METHOD_EXIT|[45]||System.Test.isRunningTest()
13:17:24.0 (72007647)|STATEMENT_EXECUTE|[45]
13:17:24.0 (72009617)|STATEMENT_EXECUTE|[46]
13:17:24.0 (74772065)|CALLOUT_REQUEST|[46]|System.HttpRequest[Endpoint=https://maps.googleapis.com/maps/api/geocode/xml?address=4191+Tamarus+St%2CClark%2CNV%2CUSA%2C89119%2C&sensor=true, Method=GET]
13:17:24.0 (105620345)|HEAP_ALLOCATE|[EXTERNAL]|Bytes:743
13:17:24.0 (105722025)|CALLOUT_RESPONSE|[46]|System.HttpResponse[Status=OK, StatusCode=200]
13:17:24.0 (105747130)|HEAP_ALLOCATE|[46]|Bytes:314
13:17:24.0 (105848811)|VARIABLE_ASSIGNMENT|[46]|res|"System.HttpResponse[Status=OK, StatusCode=200]"|0x7e30abf7
13:17:24.0 (105868253)|STATEMENT_EXECUTE|[57]
13:17:24.0 (106035287)|VARIABLE_SCOPE_BEGIN|[57]|doc|dom.Document|true|false
13:17:24.0 (106090544)|VARIABLE_ASSIGNMENT|[57]|doc|"Document[]"|0x4b61936a
13:17:24.0 (106099868)|STATEMENT_EXECUTE|[59]
13:17:24.0 (106136188)|VARIABLE_SCOPE_BEGIN|[59]|geocodeResponse|dom.XmlNode|true|false
13:17:24.0 (106236452)|VARIABLE_ASSIGNMENT|[59]|geocodeResponse|"XMLNode[ELEMENT,GeocodeResponse,null,null,null,[XMLNode[TEXT,null,null,null,null,null,\n ,], XMLNode[ELEMENT,status,null,null,null,[XMLNode[TEXT,null,null,null,null,null,OVER_QUERY_LIMIT,]],null,], XMLNode[TEXT,null,null,null,null,null,\n ,], XMLNode[ELEMENT,error_message,null,null,null,[XMLNode[TEXT,null,null,null,null,null,You have exceeded your daily request quota for this API. We recommend registering for a key at the Google Developers Console: https://console.developers.google.com/,]],null,], XMLNode[TEXT,null,null,null,null,null,\n,]],null,]"|0x4f5cf385
13:17:24.0 (106250425)|STATEMENT_EXECUTE|[60]
13:17:24.0 (106254257)|STATEMENT_EXECUTE|[62]
13:17:24.0 (106286696)|VARIABLE_SCOPE_BEGIN|[62]|result|dom.XmlNode|true|false
13:17:24.0 (106299724)|VARIABLE_ASSIGNMENT|[62]|result|null|
13:17:24.0 (106307285)|STATEMENT_EXECUTE|[63]
13:17:24.0 (106341187)|HEAP_ALLOCATE|[17]|Bytes:5
13:17:24.0 (106397404)|HEAP_ALLOCATE|[17]|Bytes:32
13:17:24.0 (106417022)|VARIABLE_SCOPE_BEGIN|[17]|acc|Account|true|false
13:17:24.0 (106462350)|VARIABLE_ASSIGNMENT|[17]|acc|{"s":1,"v":{"Id":"00136000008NvufAAC","Name":"Valley Supply Inc.","BillingStreet":"6217 Santa Teresa Bl (2 more) ...","BillingCity":"San Jose","BillingState":"CA","BillingCountry":"USA","BillingPostalCode":"95119"}}|0x32aec956
13:17:24.0 (106471975)|STATEMENT_EXECUTE|[17]
13:17:24.0 (106475656)|STATEMENT_EXECUTE|[19]
13:17:24.0 (106481554)|VARIABLE_SCOPE_BEGIN|[19]|address|String|false|false
13:17:24.0 (106489835)|VARIABLE_ASSIGNMENT|[19]|address|""
13:17:24.0 (106507836)|STATEMENT_EXECUTE|[21]
13:17:24.0 (106511073)|STATEMENT_EXECUTE|[22]
13:17:24.0 (106527242)|HEAP_ALLOCATE|[22]|Bytes:23
13:17:24.0 (106536029)|HEAP_ALLOCATE|[22]|Bytes:23
13:17:24.0 (106548538)|VARIABLE_ASSIGNMENT|[22]|address|"6217 Santa Teresa Bl (3 more) ..."
13:17:24.0 (106560811)|STATEMENT_EXECUTE|[24]
13:17:24.0 (106564357)|STATEMENT_EXECUTE|[25]
13:17:24.0 (106573614)|HEAP_ALLOCATE|[25]|Bytes:9
13:17:24.0 (106581243)|HEAP_ALLOCATE|[25]|Bytes:32
13:17:24.0 (106592384)|VARIABLE_ASSIGNMENT|[25]|address|"6217 Santa Teresa Bl (12 more) ..."
13:17:24.0 (106604763)|STATEMENT_EXECUTE|[27]
13:17:24.0 (106608352)|STATEMENT_EXECUTE|[28]
13:17:24.0 (106618061)|HEAP_ALLOCATE|[28]|Bytes:3
13:17:24.0 (106625359)|HEAP_ALLOCATE|[28]|Bytes:35
13:17:24.0 (106636084)|VARIABLE_ASSIGNMENT|[28]|address|"6217 Santa Teresa Bl (15 more) ..."
13:17:24.0 (106647516)|STATEMENT_EXECUTE|[30]
13:17:24.0 (106650718)|STATEMENT_EXECUTE|[31]
13:17:24.0 (106659952)|HEAP_ALLOCATE|[31]|Bytes:4
13:17:24.0 (106667069)|HEAP_ALLOCATE|[31]|Bytes:39
13:17:24.0 (106677657)|VARIABLE_ASSIGNMENT|[31]|address|"6217 Santa Teresa Bl (19 more) ..."
13:17:24.0 (106689664)|STATEMENT_EXECUTE|[33]
13:17:24.0 (106693237)|STATEMENT_EXECUTE|[34]
13:17:24.0 (106702950)|HEAP_ALLOCATE|[34]|Bytes:6
13:17:24.0 (106710193)|HEAP_ALLOCATE|[34]|Bytes:45
13:17:24.0 (106720364)|VARIABLE_ASSIGNMENT|[34]|address|"6217 Santa Teresa Bl (25 more) ..."
13:17:24.0 (106737738)|STATEMENT_EXECUTE|[37]
13:17:24.0 (106741355)|STATEMENT_EXECUTE|[38]
13:17:24.0 (106761220)|VARIABLE_SCOPE_BEGIN|[38]|req|System.HttpRequest|true|false
13:17:24.0 (106813783)|VARIABLE_ASSIGNMENT|[38]|req|"System.HttpRequest[Endpoint=null, Method=null]"|0x493ab3e7
13:17:24.0 (106822191)|STATEMENT_EXECUTE|[40]
13:17:24.0 (106843690)|METHOD_ENTRY|[40]||System.EncodingUtil.urlEncode(String, String)
13:17:24.0 (106913550)|METHOD_EXIT|[40]||System.EncodingUtil.urlEncode(String, String)
13:17:24.0 (106931092)|VARIABLE_ASSIGNMENT|[40]|address|"6217+Santa+Teresa+Bl (35 more) ..."
13:17:24.0 (106937392)|STATEMENT_EXECUTE|[41]
13:17:24.0 (106947831)|HEAP_ALLOCATE|[41]|Bytes:124
13:17:24.0 (106976831)|STATEMENT_EXECUTE|[42]
13:17:24.0 (106996773)|STATEMENT_EXECUTE|[43]
13:17:24.0 (107014846)|VARIABLE_SCOPE_BEGIN|[43]|http|System.Http|true|false
13:17:24.0 (107070495)|VARIABLE_ASSIGNMENT|[43]|http|"System.Http[]"|0x26ef89f7
13:17:24.0 (107079269)|STATEMENT_EXECUTE|[44]
13:17:24.0 (107084803)|VARIABLE_SCOPE_BEGIN|[44]|res|System.HttpResponse|true|false
13:17:24.0 (107093268)|VARIABLE_ASSIGNMENT|[44]|res|null|
13:17:24.0 (107106876)|METHOD_ENTRY|[45]||System.Test.isRunningTest()
13:17:24.0 (107127714)|METHOD_EXIT|[45]||System.Test.isRunningTest()
13:17:24.0 (107135315)|STATEMENT_EXECUTE|[45]
13:17:24.0 (107137386)|STATEMENT_EXECUTE|[46]
13:17:24.0 (109270711)|CALLOUT_REQUEST|[46]|System.HttpRequest[Endpoint=https://maps.googleapis.com/maps/api/geocode/xml?address=6217+Santa+Teresa+Blvd%2CSan+Jose%2CCA%2CUSA%2C95119%2C&sensor=true, Method=GET]
13:17:24.0 (126728912)|HEAP_ALLOCATE|[EXTERNAL]|Bytes:743
13:17:24.0 (126873132)|CALLOUT_RESPONSE|[46]|System.HttpResponse[Status=OK, StatusCode=200]
13:17:24.0 (126909325)|HEAP_ALLOCATE|[46]|Bytes:314
13:17:24.0 (127001532)|VARIABLE_ASSIGNMENT|[46]|res|"System.HttpResponse[Status=OK, StatusCode=200]"|0x1c31b10c
13:17:24.0 (127033207)|STATEMENT_EXECUTE|[57]
13:17:24.0 (127170293)|VARIABLE_SCOPE_BEGIN|[57]|doc|dom.Document|true|false
13:17:24.0 (127209899)|VARIABLE_ASSIGNMENT|[57]|doc|"Document[]"|0x3e38d578
13:17:24.0 (127216397)|STATEMENT_EXECUTE|[59]
13:17:24.0 (127241573)|VARIABLE_SCOPE_BEGIN|[59]|geocodeResponse|dom.XmlNode|true|false
13:17:24.0 (127304083)|VARIABLE_ASSIGNMENT|[59]|geocodeResponse|"XMLNode[ELEMENT,GeocodeResponse,null,null,null,[XMLNode[TEXT,null,null,null,null,null,\n ,], XMLNode[ELEMENT,status,null,null,null,[XMLNode[TEXT,null,null,null,null,null,OVER_QUERY_LIMIT,]],null,], XMLNode[TEXT,null,null,null,null,null,\n ,], XMLNode[ELEMENT,error_message,null,null,null,[XMLNode[TEXT,null,null,null,null,null,You have exceeded your daily request quota for this API. We recommend registering for a key at the Google Developers Console: https://console.developers.google.com/,]],null,], XMLNode[TEXT,null,null,null,null,null,\n,]],null,]"|0x7f544fda
13:17:24.0 (127314903)|STATEMENT_EXECUTE|[60]
13:17:24.0 (127316981)|STATEMENT_EXECUTE|[62]
13:17:24.0 (127340063)|VARIABLE_SCOPE_BEGIN|[62]|result|dom.XmlNode|true|false
13:17:24.0 (127348812)|VARIABLE_ASSIGNMENT|[62]|result|null|
13:17:24.0 (127352529)|STATEMENT_EXECUTE|[63]
13:17:24.0 (127379249)|HEAP_ALLOCATE|[17]|Bytes:5
13:17:24.0 (127421949)|HEAP_ALLOCATE|[17]|Bytes:32
13:17:24.0 (127441064)|VARIABLE_SCOPE_BEGIN|[17]|acc|Account|true|false
13:17:24.0 (127476386)|VARIABLE_ASSIGNMENT|[17]|acc|{"s":1,"v":{"Id":"00136000008NvugAAC","Name":"Vand Enterprises, In (2 more) ...","BillingStreet":"3418 Poplar Ave","BillingCity":"Shelby","BillingState":"TN","BillingCountry":"USA","BillingPostalCode":"38111"}}|0x67d408c
13:17:24.0 (127482883)|STATEMENT_EXECUTE|[17]
13:17:24.0 (127485094)|STATEMENT_EXECUTE|[19]
13:17:24.0 (127489869)|VARIABLE_SCOPE_BEGIN|[19]|address|String|false|false
13:17:24.0 (127495305)|VARIABLE_ASSIGNMENT|[19]|address|""
13:17:24.0 (127508451)|STATEMENT_EXECUTE|[21]
13:17:24.0 (127510655)|STATEMENT_EXECUTE|[22]
13:17:24.0 (127522697)|HEAP_ALLOCATE|[22]|Bytes:16
13:17:24.0 (127527961)|HEAP_ALLOCATE|[22]|Bytes:16
13:17:24.0 (127534416)|VARIABLE_ASSIGNMENT|[22]|address|"3418 Poplar Ave,"
13:17:24.0 (127542039)|STATEMENT_EXECUTE|[24]
13:17:24.0 (127544067)|STATEMENT_EXECUTE|[25]
13:17:24.0 (127549692)|HEAP_ALLOCATE|[25]|Bytes:7
13:17:24.0 (127554524)|HEAP_ALLOCATE|[25]|Bytes:23
13:17:24.0 (127561126)|VARIABLE_ASSIGNMENT|[25]|address|"3418 Poplar Ave,Shel (3 more) ..."
13:17:24.0 (127568535)|STATEMENT_EXECUTE|[27]
13:17:24.0 (127570612)|STATEMENT_EXECUTE|[28]
13:17:24.0 (127576411)|HEAP_ALLOCATE|[28]|Bytes:3
13:17:24.0 (127580502)|HEAP_ALLOCATE|[28]|Bytes:26
13:17:24.0 (127586632)|VARIABLE_ASSIGNMENT|[28]|address|"3418 Poplar Ave,Shel (6 more) ..."
13:17:24.0 (127593363)|STATEMENT_EXECUTE|[30]
13:17:24.0 (127595217)|STATEMENT_EXECUTE|[31]
13:17:24.0 (127600575)|HEAP_ALLOCATE|[31]|Bytes:4
13:17:24.0 (127604987)|HEAP_ALLOCATE|[31]|Bytes:30
13:17:24.0 (127611327)|VARIABLE_ASSIGNMENT|[31]|address|"3418 Poplar Ave,Shel (10 more) ..."
13:17:24.0 (127618543)|STATEMENT_EXECUTE|[33]
13:17:24.0 (127620462)|STATEMENT_EXECUTE|[34]
13:17:24.0 (127625790)|HEAP_ALLOCATE|[34]|Bytes:6
13:17:24.0 (127629909)|HEAP_ALLOCATE|[34]|Bytes:36
13:17:24.0 (127636216)|VARIABLE_ASSIGNMENT|[34]|address|"3418 Poplar Ave,Shel (16 more) ..."
13:17:24.0 (127649300)|STATEMENT_EXECUTE|[37]
13:17:24.0 (127651525)|STATEMENT_EXECUTE|[38]
13:17:24.0 (127668542)|VARIABLE_SCOPE_BEGIN|[38]|req|System.HttpRequest|true|false
13:17:24.0 (127709715)|VARIABLE_ASSIGNMENT|[38]|req|"System.HttpRequest[Endpoint=null, Method=null]"|0x1755289e
13:17:24.0 (127716066)|STATEMENT_EXECUTE|[40]
13:17:24.0 (127734334)|METHOD_ENTRY|[40]||System.EncodingUtil.urlEncode(String, String)
13:17:24.0 (127785087)|METHOD_EXIT|[40]||System.EncodingUtil.urlEncode(String, String)
13:17:24.0 (127798954)|VARIABLE_ASSIGNMENT|[40]|address|"3418+Poplar+Ave%2CSh (26 more) ..."
13:17:24.0 (127803511)|STATEMENT_EXECUTE|[41]
13:17:24.0 (127811871)|HEAP_ALLOCATE|[41]|Bytes:115
13:17:24.0 (127832773)|STATEMENT_EXECUTE|[42]
13:17:24.0 (127844943)|STATEMENT_EXECUTE|[43]
13:17:24.0 (127856790)|VARIABLE_SCOPE_BEGIN|[43]|http|System.Http|true|false
13:17:24.0 (127892980)|VARIABLE_ASSIGNMENT|[43]|http|"System.Http[]"|0x324904bb
13:17:24.0 (127898858)|STATEMENT_EXECUTE|[44]
13:17:24.0 (127902313)|VARIABLE_SCOPE_BEGIN|[44]|res|System.HttpResponse|true|false
13:17:24.0 (127907718)|VARIABLE_ASSIGNMENT|[44]|res|null|
13:17:24.0 (127917983)|METHOD_ENTRY|[45]||System.Test.isRunningTest()
13:17:24.0 (127930057)|METHOD_EXIT|[45]||System.Test.isRunningTest()
13:17:24.0 (127936552)|STATEMENT_EXECUTE|[45]
13:17:24.0 (127938498)|STATEMENT_EXECUTE|[46]
13:17:24.0 (130827940)|CALLOUT_REQUEST|[46]|System.HttpRequest[Endpoint=https://maps.googleapis.com/maps/api/geocode/xml?address=3418+Poplar+Ave%2CShelby%2CTN%2CUSA%2C38111%2C&sensor=true, Method=GET]
13:17:24.0 (145033983)|HEAP_ALLOCATE|[EXTERNAL]|Bytes:743
13:17:24.0 (145119430)|CALLOUT_RESPONSE|[46]|System.HttpResponse[Status=OK, StatusCode=200]
13:17:24.0 (145136498)|HEAP_ALLOCATE|[46]|Bytes:314
13:17:24.0 (145215284)|VARIABLE_ASSIGNMENT|[46]|res|"System.HttpResponse[Status=OK, StatusCode=200]"|0x675b198a
13:17:24.0 (145230349)|STATEMENT_EXECUTE|[57]
13:17:24.0 (145364419)|VARIABLE_SCOPE_BEGIN|[57]|doc|dom.Document|true|false
13:17:24.0 (145403450)|VARIABLE_ASSIGNMENT|[57]|doc|"Document[]"|0x24a54914
13:17:24.0 (145409813)|STATEMENT_EXECUTE|[59]
13:17:24.0 (145441517)|VARIABLE_SCOPE_BEGIN|[59]|geocodeResponse|dom.XmlNode|true|false
13:17:24.0 (145506060)|VARIABLE_ASSIGNMENT|[59]|geocodeResponse|"XMLNode[ELEMENT,GeocodeResponse,null,null,null,[XMLNode[TEXT,null,null,null,null,null,\n ,], XMLNode[ELEMENT,status,null,null,null,[XMLNode[TEXT,null,null,null,null,null,OVER_QUERY_LIMIT,]],null,], XMLNode[TEXT,null,null,null,null,null,\n ,], XMLNode[ELEMENT,error_message,null,null,null,[XMLNode[TEXT,null,null,null,null,null,You have exceeded your daily request quota for this API. We recommend registering for a key at the Google Developers Console: https://console.developers.google.com/,]],null,], XMLNode[TEXT,null,null,null,null,null,\n,]],null,]"|0x5e613557
13:17:24.0 (145515805)|STATEMENT_EXECUTE|[60]
13:17:24.0 (145518241)|STATEMENT_EXECUTE|[62]
13:17:24.0 (145540819)|VARIABLE_SCOPE_BEGIN|[62]|result|dom.XmlNode|true|false
13:17:24.0 (145548583)|VARIABLE_ASSIGNMENT|[62]|result|null|
13:17:24.0 (145552325)|STATEMENT_EXECUTE|[63]
13:17:24.0 (145577433)|HEAP_ALLOCATE|[17]|Bytes:5
13:17:24.0 (145615990)|HEAP_ALLOCATE|[17]|Bytes:32
13:17:24.0 (145629062)|VARIABLE_SCOPE_BEGIN|[17]|acc|Account|true|false
13:17:24.0 (145660521)|VARIABLE_ASSIGNMENT|[17]|acc|{"s":1,"v":{"Id":"00136000008NvuhAAC","Name":"XPower","BillingStreet":"124 8th Avenue","BillingCity":"New York","BillingState":"NY","BillingCountry":"USA","BillingPostalCode":"10011"}}|0x71392e40
13:17:24.0 (145667084)|STATEMENT_EXECUTE|[17]
13:17:24.0 (145669180)|STATEMENT_EXECUTE|[19]
13:17:24.0 (145673369)|VARIABLE_SCOPE_BEGIN|[19]|address|String|false|false
13:17:24.0 (145678618)|VARIABLE_ASSIGNMENT|[19]|address|""
13:17:24.0 (145691099)|STATEMENT_EXECUTE|[21]
13:17:24.0 (145693298)|STATEMENT_EXECUTE|[22]
13:17:24.0 (145704930)|HEAP_ALLOCATE|[22]|Bytes:15
13:17:24.0 (145710442)|HEAP_ALLOCATE|[22]|Bytes:15
13:17:24.0 (145716797)|VARIABLE_ASSIGNMENT|[22]|address|"124 8th Avenue,"
13:17:24.0 (145724072)|STATEMENT_EXECUTE|[24]
13:17:24.0 (145726148)|STATEMENT_EXECUTE|[25]
13:17:24.0 (145731806)|HEAP_ALLOCATE|[25]|Bytes:9
13:17:24.0 (145735836)|HEAP_ALLOCATE|[25]|Bytes:24
13:17:24.0 (145743178)|VARIABLE_ASSIGNMENT|[25]|address|"124 8th Avenue,New Y (4 more) ..."
13:17:24.0 (145750022)|STATEMENT_EXECUTE|[27]
13:17:24.0 (145752082)|STATEMENT_EXECUTE|[28]
13:17:24.0 (145757326)|HEAP_ALLOCATE|[28]|Bytes:3
13:17:24.0 (145761314)|HEAP_ALLOCATE|[28]|Bytes:27
13:17:24.0 (145767264)|VARIABLE_ASSIGNMENT|[28]|address|"124 8th Avenue,New Y (7 more) ..."
13:17:24.0 (145773678)|STATEMENT_EXECUTE|[30]
13:17:24.0 (145775461)|STATEMENT_EXECUTE|[31]
13:17:24.0 (145780637)|HEAP_ALLOCATE|[31]|Bytes:4
13:17:24.0 (145784821)|HEAP_ALLOCATE|[31]|Bytes:31
13:17:24.0 (145790966)|VARIABLE_ASSIGNMENT|[31]|address|"124 8th Avenue,New Y (11 more) ..."
13:17:24.0 (145798007)|STATEMENT_EXECUTE|[33]
13:17:24.0 (145800233)|STATEMENT_EXECUTE|[34]
13:17:24.0 (145805587)|HEAP_ALLOCATE|[34]|Bytes:6
13:17:24.0 (145809558)|HEAP_ALLOCATE|[34]|Bytes:37
13:17:24.0 (145815558)|VARIABLE_ASSIGNMENT|[34]|address|"124 8th Avenue,New Y (17 more) ..."
13:17:24.0 (145828581)|STATEMENT_EXECUTE|[37]
13:17:24.0 (145830709)|STATEMENT_EXECUTE|[38]
13:17:24.0 (145846918)|VARIABLE_SCOPE_BEGIN|[38]|req|System.HttpRequest|true|false
13:17:24.0 (145887041)|VARIABLE_ASSIGNMENT|[38]|req|"System.HttpRequest[Endpoint=null, Method=null]"|0x4e91fea4
13:17:24.0 (145893168)|STATEMENT_EXECUTE|[40]
13:17:24.0 (145910805)|METHOD_ENTRY|[40]||System.EncodingUtil.urlEncode(String, String)
13:17:24.0 (145958075)|METHOD_EXIT|[40]||System.EncodingUtil.urlEncode(String, String)
13:17:24.0 (145968813)|VARIABLE_ASSIGNMENT|[40]|address|"124+8th+Avenue%2CNew (27 more) ..."
13:17:24.0 (145972888)|STATEMENT_EXECUTE|[41]
13:17:24.0 (145980452)|HEAP_ALLOCATE|[41]|Bytes:116
13:17:24.0 (146001174)|STATEMENT_EXECUTE|[42]
13:17:24.0 (146013880)|STATEMENT_EXECUTE|[43]
13:17:24.0 (146024886)|VARIABLE_SCOPE_BEGIN|[43]|http|System.Http|true|false
13:17:24.0 (146061336)|VARIABLE_ASSIGNMENT|[43]|http|"System.Http[]"|0x17eead4f
13:17:24.0 (146067427)|STATEMENT_EXECUTE|[44]
13:17:24.0 (146070860)|VARIABLE_SCOPE_BEGIN|[44]|res|System.HttpResponse|true|false
13:17:24.0 (146076159)|VARIABLE_ASSIGNMENT|[44]|res|null|
13:17:24.0 (146086076)|METHOD_ENTRY|[45]||System.Test.isRunningTest()
13:17:24.0 (146097872)|METHOD_EXIT|[45]||System.Test.isRunningTest()
13:17:24.0 (146104004)|STATEMENT_EXECUTE|[45]
13:17:24.0 (146105951)|STATEMENT_EXECUTE|[46]
13:17:24.0 (148351180)|CALLOUT_REQUEST|[46]|System.HttpRequest[Endpoint=https://maps.googleapis.com/maps/api/geocode/xml?address=124+8th+Avenue%2CNew+York%2CNY%2CUSA%2C10011%2C&sensor=true, Method=GET]
13:17:24.0 (163110285)|HEAP_ALLOCATE|[EXTERNAL]|Bytes:743
13:17:24.0 (163199235)|CALLOUT_RESPONSE|[46]|System.HttpResponse[Status=OK, StatusCode=200]
13:17:24.0 (163217609)|HEAP_ALLOCATE|[46]|Bytes:314
13:17:24.0 (163301817)|VARIABLE_ASSIGNMENT|[46]|res|"System.HttpResponse[Status=OK, StatusCode=200]"|0x506f2b2b
13:17:24.0 (163317526)|STATEMENT_EXECUTE|[57]
13:17:24.0 (163458390)|VARIABLE_SCOPE_BEGIN|[57]|doc|dom.Document|true|false
13:17:24.0 (163497155)|VARIABLE_ASSIGNMENT|[57]|doc|"Document[]"|0xc015d79
13:17:24.0 (163503411)|STATEMENT_EXECUTE|[59]
13:17:24.0 (163530802)|VARIABLE_SCOPE_BEGIN|[59]|geocodeResponse|dom.XmlNode|true|false
13:17:24.0 (163593205)|VARIABLE_ASSIGNMENT|[59]|geocodeResponse|"XMLNode[ELEMENT,GeocodeResponse,null,null,null,[XMLNode[TEXT,null,null,null,null,null,\n ,], XMLNode[ELEMENT,status,null,null,null,[XMLNode[TEXT,null,null,null,null,null,OVER_QUERY_LIMIT,]],null,], XMLNode[TEXT,null,null,null,null,null,\n ,], XMLNode[ELEMENT,error_message,null,null,null,[XMLNode[TEXT,null,null,null,null,null,You have exceeded your daily request quota for this API. We recommend registering for a key at the Google Developers Console: https://console.developers.google.com/,]],null,], XMLNode[TEXT,null,null,null,null,null,\n,]],null,]"|0x5c3db907
13:17:24.0 (163603841)|STATEMENT_EXECUTE|[60]
13:17:24.0 (163605888)|STATEMENT_EXECUTE|[62]
13:17:24.0 (163629049)|VARIABLE_SCOPE_BEGIN|[62]|result|dom.XmlNode|true|false
13:17:24.0 (163636667)|VARIABLE_ASSIGNMENT|[62]|result|null|
13:17:24.0 (163640371)|STATEMENT_EXECUTE|[63]
13:17:24.0 (163665802)|HEAP_ALLOCATE|[17]|Bytes:5
13:17:24.0 (163707807)|HEAP_ALLOCATE|[17]|Bytes:32
13:17:24.0 (163721566)|VARIABLE_SCOPE_BEGIN|[17]|acc|Account|true|false
13:17:24.0 (163751342)|VARIABLE_ASSIGNMENT|[17]|acc|{"s":1,"v":{"Id":"00136000008NvtiAAC","Name":"United Partners*","BillingStreet":"1 Market St.","BillingCity":"San Francisco","BillingState":"CA","BillingCountry":"USA","BillingPostalCode":"94105"}}|0x67f39292
13:17:24.0 (163757859)|STATEMENT_EXECUTE|[17]
13:17:24.0 (163760076)|STATEMENT_EXECUTE|[19]
13:17:24.0 (163764439)|VARIABLE_SCOPE_BEGIN|[19]|address|String|false|false
13:17:24.0 (163769798)|VARIABLE_ASSIGNMENT|[19]|address|""
13:17:24.0 (163782075)|STATEMENT_EXECUTE|[21]
13:17:24.0 (163784137)|STATEMENT_EXECUTE|[22]
13:17:24.0 (163795776)|HEAP_ALLOCATE|[22]|Bytes:13
13:17:24.0 (163800691)|HEAP_ALLOCATE|[22]|Bytes:13
13:17:24.0 (163806900)|VARIABLE_ASSIGNMENT|[22]|address|"1 Market St.,"
13:17:24.0 (163814173)|STATEMENT_EXECUTE|[24]
13:17:24.0 (163816316)|STATEMENT_EXECUTE|[25]
13:17:24.0 (163821728)|HEAP_ALLOCATE|[25]|Bytes:14
13:17:24.0 (163825755)|HEAP_ALLOCATE|[25]|Bytes:27
13:17:24.0 (163833044)|VARIABLE_ASSIGNMENT|[25]|address|"1 Market St.,San Fra (7 more) ..."
13:17:24.0 (163840098)|STATEMENT_EXECUTE|[27]
13:17:24.0 (163842160)|STATEMENT_EXECUTE|[28]
13:17:24.0 (163847518)|HEAP_ALLOCATE|[28]|Bytes:3
13:17:24.0 (163851875)|HEAP_ALLOCATE|[28]|Bytes:30
13:17:24.0 (163858106)|VARIABLE_ASSIGNMENT|[28]|address|"1 Market St.,San Fra (10 more) ..."
13:17:24.0 (163865174)|STATEMENT_EXECUTE|[30]
13:17:24.0 (163866972)|STATEMENT_EXECUTE|[31]
13:17:24.0 (163872105)|HEAP_ALLOCATE|[31]|Bytes:4
13:17:24.0 (163876435)|HEAP_ALLOCATE|[31]|Bytes:34
13:17:24.0 (163882547)|VARIABLE_ASSIGNMENT|[31]|address|"1 Market St.,San Fra (14 more) ..."
13:17:24.0 (163889405)|STATEMENT_EXECUTE|[33]
13:17:24.0 (163891346)|STATEMENT_EXECUTE|[34]
13:17:24.0 (163896628)|HEAP_ALLOCATE|[34]|Bytes:6
13:17:24.0 (163900676)|HEAP_ALLOCATE|[34]|Bytes:40
13:17:24.0 (163906560)|VARIABLE_ASSIGNMENT|[34]|address|"1 Market St.,San Fra (20 more) ..."
13:17:24.0 (163919370)|STATEMENT_EXECUTE|[37]
13:17:24.0 (163921544)|STATEMENT_EXECUTE|[38]
13:17:24.0 (163938204)|VARIABLE_SCOPE_BEGIN|[38]|req|System.HttpRequest|true|false
13:17:24.0 (163979539)|VARIABLE_ASSIGNMENT|[38]|req|"System.HttpRequest[Endpoint=null, Method=null]"|0x4eeccb34
13:17:24.0 (163989605)|STATEMENT_EXECUTE|[40]
13:17:24.0 (164007766)|METHOD_ENTRY|[40]||System.EncodingUtil.urlEncode(String, String)
13:17:24.0 (164055202)|METHOD_EXIT|[40]||System.EncodingUtil.urlEncode(String, String)
13:17:24.0 (164068828)|VARIABLE_ASSIGNMENT|[40]|address|"1+Market+St.%2CSan+F (30 more) ..."
13:17:24.0 (164073107)|STATEMENT_EXECUTE|[41]
13:17:24.0 (164081105)|HEAP_ALLOCATE|[41]|Bytes:119
13:17:24.0 (164102215)|STATEMENT_EXECUTE|[42]
13:17:24.0 (164114414)|STATEMENT_EXECUTE|[43]
13:17:24.0 (164125311)|VARIABLE_SCOPE_BEGIN|[43]|http|System.Http|true|false
13:17:24.0 (164162035)|VARIABLE_ASSIGNMENT|[43]|http|"System.Http[]"|0x79c4d093
13:17:24.0 (164167951)|STATEMENT_EXECUTE|[44]
13:17:24.0 (164171232)|VARIABLE_SCOPE_BEGIN|[44]|res|System.HttpResponse|true|false
13:17:24.0 (164176591)|VARIABLE_ASSIGNMENT|[44]|res|null|
13:17:24.0 (164186276)|METHOD_ENTRY|[45]||System.Test.isRunningTest()
13:17:24.0 (164197931)|METHOD_EXIT|[45]||System.Test.isRunningTest()
13:17:24.0 (164203944)|STATEMENT_EXECUTE|[45]
13:17:24.0 (164205911)|STATEMENT_EXECUTE|[46]
13:17:24.0 (166798026)|CALLOUT_REQUEST|[46]|System.HttpRequest[Endpoint=https://maps.googleapis.com/maps/api/geocode/xml?address=1+Market+St.%2CSan+Francisco%2CCA%2CUSA%2C94105%2C&sensor=true, Method=GET]
13:17:24.0 (183022643)|HEAP_ALLOCATE|[EXTERNAL]|Bytes:743
13:17:24.0 (183112818)|CALLOUT_RESPONSE|[46]|System.HttpResponse[Status=OK, StatusCode=200]
13:17:24.0 (183131653)|HEAP_ALLOCATE|[46]|Bytes:314
13:17:24.0 (183220751)|VARIABLE_ASSIGNMENT|[46]|res|"System.HttpResponse[Status=OK, StatusCode=200]"|0x3d1572cb
13:17:24.0 (183236926)|STATEMENT_EXECUTE|[57]
13:17:24.0 (183369656)|VARIABLE_SCOPE_BEGIN|[57]|doc|dom.Document|true|false
13:17:24.0 (183408541)|VARIABLE_ASSIGNMENT|[57]|doc|"Document[]"|0x7c9e56ef
13:17:24.0 (183414940)|STATEMENT_EXECUTE|[59]
13:17:24.0 (183445423)|VARIABLE_SCOPE_BEGIN|[59]|geocodeResponse|dom.XmlNode|true|false
13:17:24.0 (183507340)|VARIABLE_ASSIGNMENT|[59]|geocodeResponse|"XMLNode[ELEMENT,GeocodeResponse,null,null,null,[XMLNode[TEXT,null,null,null,null,null,\n ,], XMLNode[ELEMENT,status,null,null,null,[XMLNode[TEXT,null,null,null,null,null,OVER_QUERY_LIMIT,]],null,], XMLNode[TEXT,null,null,null,null,null,\n ,], XMLNode[ELEMENT,error_message,null,null,null,[XMLNode[TEXT,null,null,null,null,null,You have exceeded your daily request quota for this API. We recommend registering for a key at the Google Developers Console: https://console.developers.google.com/,]],null,], XMLNode[TEXT,null,null,null,null,null,\n,]],null,]"|0x5bfed9b2
13:17:24.0 (183516666)|STATEMENT_EXECUTE|[60]
13:17:24.0 (183518677)|STATEMENT_EXECUTE|[62]
13:17:24.0 (183541465)|VARIABLE_SCOPE_BEGIN|[62]|result|dom.XmlNode|true|false
13:17:24.0 (183550428)|VARIABLE_ASSIGNMENT|[62]|result|null|
13:17:24.0 (183554270)|STATEMENT_EXECUTE|[63]
13:17:24.0 (183573927)|HEAP_ALLOCATE|[17]|Bytes:5
13:17:24.0 (183604724)|HEAP_ALLOCATE|[17]|Bytes:32
13:17:24.0 (183615740)|VARIABLE_SCOPE_BEGIN|[17]|acc|Account|true|false
13:17:24.0 (183650265)|VARIABLE_ASSIGNMENT|[17]|acc|{"s":1,"v":{"Id":"00136000008NvtjAAC","Name":"Sustainable Audio*","BillingStreet":"240 E 3rd Ave","BillingCity":"San Mateo","BillingState":"California","BillingCountry":"United States","BillingPostalCode":"94401"}}|0x10bc81b9
13:17:24.0 (183656669)|STATEMENT_EXECUTE|[17]
13:17:24.0 (183658847)|STATEMENT_EXECUTE|[19]
13:17:24.0 (183663631)|VARIABLE_SCOPE_BEGIN|[19]|address|String|false|false
13:17:24.0 (183668888)|VARIABLE_ASSIGNMENT|[19]|address|""
13:17:24.0 (183681269)|STATEMENT_EXECUTE|[21]
13:17:24.0 (183683453)|STATEMENT_EXECUTE|[22]
13:17:24.0 (183694933)|HEAP_ALLOCATE|[22]|Bytes:14
13:17:24.0 (183699848)|HEAP_ALLOCATE|[22]|Bytes:14
13:17:24.0 (183706607)|VARIABLE_ASSIGNMENT|[22]|address|"240 E 3rd Ave,"
13:17:24.0 (183714051)|STATEMENT_EXECUTE|[24]
13:17:24.0 (183715997)|STATEMENT_EXECUTE|[25]
13:17:24.0 (183721671)|HEAP_ALLOCATE|[25]|Bytes:10
13:17:24.0 (183725723)|HEAP_ALLOCATE|[25]|Bytes:24
13:17:24.0 (183733046)|VARIABLE_ASSIGNMENT|[25]|address|"240 E 3rd Ave,San Ma (4 more) ..."
13:17:24.0 (183740561)|STATEMENT_EXECUTE|[27]
13:17:24.0 (183742641)|STATEMENT_EXECUTE|[28]
13:17:24.0 (183748301)|HEAP_ALLOCATE|[28]|Bytes:11
13:17:24.0 (183752400)|HEAP_ALLOCATE|[28]|Bytes:35
13:17:24.0 (183758717)|VARIABLE_ASSIGNMENT|[28]|address|"240 E 3rd Ave,San Ma (15 more) ..."
13:17:24.0 (183765653)|STATEMENT_EXECUTE|[30]
13:17:24.0 (183767534)|STATEMENT_EXECUTE|[31]
13:17:24.0 (183772830)|HEAP_ALLOCATE|[31]|Bytes:14
13:17:24.0 (183777353)|HEAP_ALLOCATE|[31]|Bytes:49
13:17:24.0 (183783585)|VARIABLE_ASSIGNMENT|[31]|address|"240 E 3rd Ave,San Ma (29 more) ..."
13:17:24.0 (183790186)|STATEMENT_EXECUTE|[33]
13:17:24.0 (183792357)|STATEMENT_EXECUTE|[34]
13:17:24.0 (183798321)|HEAP_ALLOCATE|[34]|Bytes:6
13:17:24.0 (183802471)|HEAP_ALLOCATE|[34]|Bytes:55
13:17:24.0 (183808758)|VARIABLE_ASSIGNMENT|[34]|address|"240 E 3rd Ave,San Ma (35 more) ..."
13:17:24.0 (183821960)|STATEMENT_EXECUTE|[37]
13:17:24.0 (183824227)|STATEMENT_EXECUTE|[38]
13:17:24.0 (183840879)|VARIABLE_SCOPE_BEGIN|[38]|req|System.HttpRequest|true|false
13:17:24.0 (183880589)|VARIABLE_ASSIGNMENT|[38]|req|"System.HttpRequest[Endpoint=null, Method=null]"|0x6a93a4f
13:17:24.0 (183886687)|STATEMENT_EXECUTE|[40]
13:17:24.0 (183905924)|METHOD_ENTRY|[40]||System.EncodingUtil.urlEncode(String, String)
13:17:24.0 (183953837)|METHOD_EXIT|[40]||System.EncodingUtil.urlEncode(String, String)
13:17:24.0 (183964536)|VARIABLE_ASSIGNMENT|[40]|address|"240+E+3rd+Ave%2CSan+ (45 more) ..."
13:17:24.0 (183968526)|STATEMENT_EXECUTE|[41]
13:17:24.0 (183976274)|HEAP_ALLOCATE|[41]|Bytes:134
13:17:24.0 (183996714)|STATEMENT_EXECUTE|[42]
13:17:24.0 (184008318)|STATEMENT_EXECUTE|[43]
13:17:24.0 (184019769)|VARIABLE_SCOPE_BEGIN|[43]|http|System.Http|true|false
13:17:24.0 (184056541)|VARIABLE_ASSIGNMENT|[43]|http|"System.Http[]"|0x259056a1
13:17:24.0 (184062412)|STATEMENT_EXECUTE|[44]
13:17:24.0 (184066020)|VARIABLE_SCOPE_BEGIN|[44]|res|System.HttpResponse|true|false
13:17:24.0 (184071658)|VARIABLE_ASSIGNMENT|[44]|res|null|
13:17:24.0 (184081176)|METHOD_ENTRY|[45]||System.Test.isRunningTest()
13:17:24.0 (184092997)|METHOD_EXIT|[45]||System.Test.isRunningTest()
13:17:24.0 (184099320)|STATEMENT_EXECUTE|[45]
13:17:24.0 (184101224)|STATEMENT_EXECUTE|[46]
13:17:24.0 (186120816)|CALLOUT_REQUEST|[46]|System.HttpRequest[Endpoint=https://maps.googleapis.com/maps/api/geocode/xml?address=240+E+3rd+Ave%2CSan+Mateo%2CCalifornia%2CUnited+States%2C94401%2C&sensor=true, Method=GET]
13:17:24.0 (201145832)|HEAP_ALLOCATE|[EXTERNAL]|Bytes:743
13:17:24.0 (201230928)|CALLOUT_RESPONSE|[46]|System.HttpResponse[Status=OK, StatusCode=200]
13:17:24.0 (201249489)|HEAP_ALLOCATE|[46]|Bytes:314
13:17:24.0 (201327935)|VARIABLE_ASSIGNMENT|[46]|res|"System.HttpResponse[Status=OK, StatusCode=200]"|0x1cfa64df
13:17:24.0 (201341122)|STATEMENT_EXECUTE|[57]
13:17:24.0 (201500032)|VARIABLE_SCOPE_BEGIN|[57]|doc|dom.Document|true|false
13:17:24.0 (201541283)|VARIABLE_ASSIGNMENT|[57]|doc|"Document[]"|0x7820557f
13:17:24.0 (201547925)|STATEMENT_EXECUTE|[59]
13:17:24.0 (201572681)|VARIABLE_SCOPE_BEGIN|[59]|geocodeResponse|dom.XmlNode|true|false
13:17:24.0 (201633617)|VARIABLE_ASSIGNMENT|[59]|geocodeResponse|"XMLNode[ELEMENT,GeocodeResponse,null,null,null,[XMLNode[TEXT,null,null,null,null,null,\n ,], XMLNode[ELEMENT,status,null,null,null,[XMLNode[TEXT,null,null,null,null,null,OVER_QUERY_LIMIT,]],null,], XMLNode[TEXT,null,null,null,null,null,\n ,], XMLNode[ELEMENT,error_message,null,null,null,[XMLNode[TEXT,null,null,null,null,null,You have exceeded your daily request quota for this API. We recommend registering for a key at the Google Developers Console: https://console.developers.google.com/,]],null,], XMLNode[TEXT,null,null,null,null,null,\n,]],null,]"|0x5ccab89f
13:17:24.0 (201643960)|STATEMENT_EXECUTE|[60]
13:17:24.0 (201645969)|STATEMENT_EXECUTE|[62]
13:17:24.0 (201680452)|VARIABLE_SCOPE_BEGIN|[62]|result|dom.XmlNode|true|false
13:17:24.0 (201688555)|VARIABLE_ASSIGNMENT|[62]|result|null|
13:17:24.0 (201692618)|STATEMENT_EXECUTE|[63]
13:17:24.0 (201716924)|HEAP_ALLOCATE|[17]|Bytes:5
13:17:24.0 (201734808)|VARIABLE_ASSIGNMENT|[17]|acc|null|
13:17:24.0 (201739416)|STATEMENT_EXECUTE|[88]
13:17:24.0 (201821725)|DML_BEGIN|[88]|Op:Update|Type:Account|Rows:10
13:17:24.0 (201851818)|HEAP_ALLOCATE|[EXTERNAL]|Bytes:44
13:17:24.0 (217308898)|CODE_UNIT_STARTED|[EXTERNAL]|DuplicateDetector
13:17:24.0 (217325857)|DUPLICATE_DETECTION_BEGIN
13:17:24.0 (217380949)|DUPLICATE_DETECTION_RULE_INVOCATION|DuplicateRuleId:0Bm36000000pmhL|DuplicateRuleName:Standard Account duplicate rule|DmlType:UPDATE
13:17:24.0 (217385389)|DUPLICATE_DETECTION_END
13:17:24.0 (217431939)|CODE_UNIT_FINISHED|DuplicateDetector
13:17:24.0 (304489321)|DML_END|[88]
13:17:24.0 (304532283)|HEAP_ALLOCATE|[EXTERNAL]|Bytes:44
13:17:24.0 (304567204)|CODE_UNIT_FINISHED|BatchLatLongGenerator
13:17:24.0 (306040240)|EXECUTION_FINISHED
