36.0 APEX_CODE,FINEST;APEX_PROFILING,INFO;CALLOUT,INFO;DB,INFO;SYSTEM,DEBUG;VALIDATION,INFO;VISUALFORCE,INFO;WORKFLOW,INFO
14:26:07.2 (2836136)|EXECUTION_STARTED
14:26:07.2 (2872034)|CODE_UNIT_STARTED|[EXTERNAL]|01p360000052k4g|AccountGeoExtension.getLocalAccounts
14:26:07.2 (3082634)|HEAP_ALLOCATE|[72]|Bytes:3
14:26:07.2 (3127487)|HEAP_ALLOCATE|[77]|Bytes:152
14:26:07.2 (3143159)|HEAP_ALLOCATE|[342]|Bytes:408
14:26:07.2 (3158653)|HEAP_ALLOCATE|[355]|Bytes:408
14:26:07.2 (3172578)|HEAP_ALLOCATE|[467]|Bytes:48
14:26:07.2 (3197521)|HEAP_ALLOCATE|[139]|Bytes:6
14:26:07.2 (3218978)|HEAP_ALLOCATE|[EXTERNAL]|Bytes:1
14:26:07.2 (3223291)|HEAP_ALLOCATE|[EXTERNAL]|Bytes:4
14:26:07.2 (3233687)|METHOD_ENTRY|[1]|01p360000052k4g|AccountGeoExtension.AccountGeoExtension()
14:26:07.2 (3246328)|STATEMENT_EXECUTE|[1]
14:26:07.2 (3255225)|STATEMENT_EXECUTE|[1]
14:26:07.2 (3259625)|METHOD_EXIT|[1]|AccountGeoExtension
14:26:07.2 (3281456)|HEAP_ALLOCATE|[EXTERNAL]|Bytes:28
14:26:07.2 (3284699)|HEAP_ALLOCATE|[EXTERNAL]|Bytes:28
14:26:07.2 (3286583)|HEAP_ALLOCATE|[EXTERNAL]|Bytes:28
14:26:07.2 (3299056)|SYSTEM_MODE_ENTER|false
14:26:07.2 (3313893)|VARIABLE_SCOPE_BEGIN|[5]|latitude|Double|false|false
14:26:07.2 (3356090)|VARIABLE_ASSIGNMENT|[5]|latitude|33.849145
14:26:07.2 (3362586)|VARIABLE_SCOPE_BEGIN|[5]|longitude|Double|false|false
14:26:07.2 (3368240)|VARIABLE_ASSIGNMENT|[5]|longitude|-84.3620913
14:26:07.2 (3371580)|VARIABLE_SCOPE_BEGIN|[5]|maxDistance|Double|false|false
14:26:07.2 (3376372)|VARIABLE_ASSIGNMENT|[5]|maxDistance|40
14:26:07.2 (3389330)|STATEMENT_EXECUTE|[5]
14:26:07.2 (55639127)|HEAP_DUMP|[6]|07n36000000PCEU|AccountGeoExtension|none|6
14:26:07.2 (55659100)|STATEMENT_EXECUTE|[6]
14:26:07.2 (55675120)|HEAP_ALLOCATE|[6]|Bytes:24
14:26:07.2 (55793840)|HEAP_ALLOCATE|[6]|Bytes:9
14:26:07.2 (55810330)|HEAP_ALLOCATE|[6]|Bytes:12
14:26:07.2 (55823262)|HEAP_ALLOCATE|[6]|Bytes:11
14:26:07.2 (55831204)|HEAP_ALLOCATE|[6]|Bytes:11
14:26:07.2 (55840892)|HEAP_ALLOCATE|[6]|Bytes:2
14:26:07.2 (55857402)|HEAP_ALLOCATE|[6]|Bytes:69
14:26:07.2 (55917769)|HEAP_ALLOCATE|[50]|Bytes:5
14:26:07.2 (55952084)|HEAP_ALLOCATE|[56]|Bytes:5
14:26:07.2 (55968817)|HEAP_ALLOCATE|[64]|Bytes:7
14:26:07.2 (56026955)|USER_DEBUG|[6]|DEBUG|searching for latitude: 33.849145 longitude: -84.3620913 distance: 40
14:26:07.2 (56046130)|STATEMENT_EXECUTE|[7]
14:26:07.2 (56051461)|HEAP_ALLOCATE|[7]|Bytes:317
14:26:07.2 (56065426)|HEAP_ALLOCATE|[7]|Bytes:4
14:26:07.2 (56078225)|HEAP_ALLOCATE|[7]|Bytes:7
14:26:07.2 (56146931)|HEAP_ALLOCATE|[7]|Bytes:28
14:26:07.2 (56156756)|HEAP_ALLOCATE|[7]|Bytes:7
14:26:07.2 (56169297)|HEAP_ALLOCATE|[7]|Bytes:28
14:26:07.2 (56174808)|HEAP_ALLOCATE|[7]|Bytes:7
14:26:07.2 (56184558)|HEAP_ALLOCATE|[7]|Bytes:28
14:26:07.2 (56189201)|HEAP_ALLOCATE|[7]|Bytes:7
14:26:07.2 (56198668)|HEAP_ALLOCATE|[7]|Bytes:28
14:26:07.2 (56203269)|HEAP_ALLOCATE|[7]|Bytes:7
14:26:07.2 (56212694)|HEAP_ALLOCATE|[7]|Bytes:28
14:26:07.2 (60414698)|SOQL_EXECUTE_BEGIN|[7]|Aggregations:0|SELECT Name, Id, Owner.FirstName, Owner.LastName, Permanent_Partner_Manager__c, Partner_Manager__c, BillingLatitude, BillingLongitude FROM Account WHERE DISTANCE(BillingAddress, GEOLOCATION(:tmpVar1, :tmpVar2), 'mi') < :tmpVar3 ORDER BY  distance(BillingAddress, geolocation( :tmpVar4, :tmpVar5),'mi') ASC NULLS FIRST
14:26:07.2 (72251240)|SOQL_EXECUTE_END|[7]|Rows:2
14:26:07.2 (72283431)|HEAP_ALLOCATE|[7]|Bytes:12
14:26:07.2 (73302539)|HEAP_ALLOCATE|[7]|Bytes:545
14:26:07.2 (73362297)|HEAP_ALLOCATE|[7]|Bytes:12
14:26:07.2 (73385658)|VARIABLE_SCOPE_BEGIN|[7]|localAccounts|List<Account>|true|false
14:26:07.2 (73492061)|VARIABLE_ASSIGNMENT|[7]|localAccounts|{"s":1,"v":[{"s":2,"v":{"Name":"Pardot","Id":"00136000009QxwuAAC","OwnerId":"00536000001L21qAAC","Permanent_Partner_Ma (8 more) ...":false,"BillingLatitude":33.846941200000000,"BillingLongitude":-84.359523600000000,"Owner":{"s":3,"v":{"FirstName":"David","LastName":"Scruggs","Id":"00536000001L21qAAC"}}}},{"s":4,"v":{"Name":"Coca Cola (HQ)","Id":"00136000008vIeSAAU","OwnerId":"00536000001L21qAAC","Permanent_Partner_Ma (8 more) ...":false,"BillingLatitude":33.770893900000000,"BillingLongitude":-84.398620900000000,"Owner":{"r":3}}}]}|0x4f869021
14:26:07.2 (73518207)|STATEMENT_EXECUTE|[12]
14:26:07.2 (73525169)|HEAP_ALLOCATE|[12]|Bytes:7
14:26:07.2 (73667125)|HEAP_ALLOCATE|[12]|Bytes:1
14:26:07.2 (73677468)|HEAP_ALLOCATE|[12]|Bytes:9
14:26:07.2 (73691023)|HEAP_ALLOCATE|[12]|Bytes:17
14:26:07.2 (73711213)|USER_DEBUG|[12]|DEBUG| Found 2 accounts
14:26:07.2 (73719489)|STATEMENT_EXECUTE|[13]
14:26:07.2 (73734382)|SYSTEM_MODE_EXIT|false
14:26:07.73 (73779912)|CUMULATIVE_LIMIT_USAGE
14:26:07.73 (73779912)|LIMIT_USAGE_FOR_NS|(default)|
  Number of SOQL queries: 1 out of 100
  Number of query rows: 2 out of 50000
  Number of SOSL queries: 0 out of 20
  Number of DML statements: 0 out of 150
  Number of DML rows: 0 out of 10000
  Maximum CPU time: 0 out of 10000
  Maximum heap size: 0 out of 6000000
  Number of callouts: 0 out of 100
  Number of Email Invocations: 0 out of 10
  Number of future calls: 0 out of 50
  Number of queueable jobs added to the queue: 0 out of 50
  Number of Mobile Apex push calls: 0 out of 10

14:26:07.73 (73779912)|CUMULATIVE_LIMIT_USAGE_END

14:26:07.2 (73823739)|CODE_UNIT_FINISHED|AccountGeoExtension.getLocalAccounts
14:26:07.2 (76006914)|EXECUTION_FINISHED
