36.0 APEX_CODE,FINEST;APEX_PROFILING,INFO;CALLOUT,INFO;DB,INFO;SYSTEM,DEBUG;VALIDATION,INFO;VISUALFORCE,INFO;WORKFLOW,INFO
14:05:37.0 (76659)|EXECUTION_STARTED
14:05:37.0 (108504)|CODE_UNIT_STARTED|[EXTERNAL]|aura
14:05:37.0 (586549)|HEAP_ALLOCATE|[72]|Bytes:3
14:05:37.0 (649888)|HEAP_ALLOCATE|[77]|Bytes:152
14:05:37.0 (671702)|HEAP_ALLOCATE|[342]|Bytes:408
14:05:37.0 (693240)|HEAP_ALLOCATE|[355]|Bytes:408
14:05:37.0 (713277)|HEAP_ALLOCATE|[467]|Bytes:48
14:05:37.0 (753197)|HEAP_ALLOCATE|[139]|Bytes:6
14:05:37.0 (786156)|HEAP_ALLOCATE|[EXTERNAL]|Bytes:7
14:05:37.0 (802406)|HEAP_ALLOCATE|[EXTERNAL]|Bytes:7
14:05:37.0 (867956)|HEAP_ALLOCATE|[EXTERNAL]|Bytes:86
14:05:37.0 (877962)|HEAP_ALLOCATE|[EXTERNAL]|Bytes:86
14:05:37.0 (2122188)|CODE_UNIT_STARTED|[EXTERNAL]|01p360000053CeT|CellController.forceLoadData
14:05:37.0 (2256511)|HEAP_ALLOCATE|[EXTERNAL]|Bytes:19
14:05:37.0 (2262707)|HEAP_ALLOCATE|[EXTERNAL]|Bytes:22
14:05:37.0 (2280882)|METHOD_ENTRY|[1]|01p360000053CeT|CellController.CellController()
14:05:37.0 (2291804)|STATEMENT_EXECUTE|[1]
14:05:37.0 (2302342)|STATEMENT_EXECUTE|[1]
14:05:37.0 (2343162)|HEAP_ALLOCATE|[50]|Bytes:5
14:05:37.0 (2371330)|HEAP_ALLOCATE|[56]|Bytes:5
14:05:37.0 (2380093)|HEAP_ALLOCATE|[64]|Bytes:7
14:05:37.0 (2411925)|SYSTEM_MODE_ENTER|false
14:05:37.0 (2434652)|HEAP_ALLOCATE|[EXTERNAL]|Bytes:5
14:05:37.0 (2440839)|STATEMENT_EXECUTE|[2]
14:05:37.0 (2443159)|STATEMENT_EXECUTE|[69]
14:05:37.0 (2450245)|SYSTEM_MODE_EXIT|false
14:05:37.0 (2463984)|METHOD_EXIT|[1]|CellController
14:05:37.0 (2469377)|HEAP_ALLOCATE|[EXTERNAL]|Bytes:7
14:05:37.0 (2471370)|HEAP_ALLOCATE|[EXTERNAL]|Bytes:86
14:05:37.0 (2482526)|SYSTEM_MODE_ENTER|false
14:05:37.0 (2491190)|VARIABLE_SCOPE_BEGIN|[149]|objectName|String|false|false
14:05:37.0 (2518515)|VARIABLE_ASSIGNMENT|[149]|objectName|"Account"
14:05:37.0 (2523038)|VARIABLE_SCOPE_BEGIN|[149]|fields|String|false|false
14:05:37.0 (2529132)|VARIABLE_ASSIGNMENT|[149]|fields|"Name, AccountNumber, (66 more) ..."
14:05:37.0 (2543609)|HEAP_ALLOCATE|[150]|Bytes:5
14:05:37.0 (2548806)|STATEMENT_EXECUTE|[149]
14:05:37.0 (2551838)|STATEMENT_EXECUTE|[150]
14:05:37.0 (17304995)|HEAP_ALLOCATE|[155]|Bytes:1992
14:05:37.0 (17349641)|STATEMENT_EXECUTE|[155]
14:05:37.0 (17352691)|STATEMENT_EXECUTE|[161]
14:05:37.0 (17406135)|VARIABLE_SCOPE_BEGIN|[161]|recordList|List<SObject>|true|false
14:05:37.0 (17419007)|VARIABLE_ASSIGNMENT|[161]|recordList|null|
14:05:37.0 (17423778)|STATEMENT_EXECUTE|[165]
14:05:37.0 (17425670)|STATEMENT_EXECUTE|[167]
14:05:37.0 (22271094)|HEAP_ALLOCATE|[167]|Bytes:1992
14:05:37.0 (22642401)|HEAP_ALLOCATE|[167]|Bytes:4
14:05:37.0 (23675104)|HEAP_ALLOCATE|[167]|Bytes:428
14:05:37.0 (23686982)|VARIABLE_SCOPE_BEGIN|[167]|fieldMap|Map<String,Schema.SObjectField>|true|false
14:05:37.0 (23911989)|VARIABLE_ASSIGNMENT|[167]|fieldMap|"{accountnumber=AccountNumber, accountsource=AccountSource, activeliveagentuser__pc=ActiveLiveAgentUser__pc, annualrevenue=AnnualRevenue, billingaddress=BillingAddress, billingcity=BillingCity, billingcountry=BillingCountry, billinglatitude=BillingLatitude, billinglongitude=BillingLongitude, billingpostalcode=BillingPostalCode, ...}"|0x6a6bee48
14:05:37.0 (23923792)|HEAP_ALLOCATE|[168]|Bytes:1
14:05:37.0 (23992518)|HEAP_ALLOCATE|[168]|Bytes:80
14:05:37.0 (24007109)|HEAP_ALLOCATE|[168]|Bytes:1
14:05:37.0 (24043809)|HEAP_ALLOCATE|[168]|Bytes:4
14:05:37.0 (24047252)|HEAP_ALLOCATE|[168]|Bytes:13
14:05:37.0 (24048942)|HEAP_ALLOCATE|[168]|Bytes:15
14:05:37.0 (24050494)|HEAP_ALLOCATE|[168]|Bytes:16
14:05:37.0 (24052588)|HEAP_ALLOCATE|[168]|Bytes:8
14:05:37.0 (24054052)|HEAP_ALLOCATE|[168]|Bytes:5
14:05:37.0 (24055489)|HEAP_ALLOCATE|[168]|Bytes:13
14:05:37.0 (24058460)|HEAP_ALLOCATE|[168]|Bytes:32
14:05:37.0 (24149809)|HEAP_ALLOCATE|[168]|Bytes:5
14:05:37.0 (24172776)|VARIABLE_SCOPE_BEGIN|[168]|field|String|false|false
14:05:37.0 (24181389)|VARIABLE_ASSIGNMENT|[168]|field|"Name"
14:05:37.0 (24186302)|STATEMENT_EXECUTE|[168]
14:05:37.0 (24223525)|HEAP_ALLOCATE|[169]|Bytes:4
14:05:37.0 (24254677)|STATEMENT_EXECUTE|[169]
14:05:37.0 (24266002)|HEAP_ALLOCATE|[168]|Bytes:5
14:05:37.0 (24276593)|VARIABLE_SCOPE_BEGIN|[168]|field|String|false|false
14:05:37.0 (24284137)|VARIABLE_ASSIGNMENT|[168]|field|"AccountNumber"
14:05:37.0 (24287443)|STATEMENT_EXECUTE|[168]
14:05:37.0 (24300592)|HEAP_ALLOCATE|[169]|Bytes:13
14:05:37.0 (24319459)|STATEMENT_EXECUTE|[169]
14:05:37.0 (24328881)|HEAP_ALLOCATE|[168]|Bytes:5
14:05:37.0 (24338482)|VARIABLE_SCOPE_BEGIN|[168]|field|String|false|false
14:05:37.0 (24345104)|VARIABLE_ASSIGNMENT|[168]|field|"BillingLatitude"
14:05:37.0 (24348381)|STATEMENT_EXECUTE|[168]
14:05:37.0 (24360508)|HEAP_ALLOCATE|[169]|Bytes:15
14:05:37.0 (24378463)|STATEMENT_EXECUTE|[169]
14:05:37.0 (24387625)|HEAP_ALLOCATE|[168]|Bytes:5
14:05:37.0 (24396881)|VARIABLE_SCOPE_BEGIN|[168]|field|String|false|false
14:05:37.0 (24403310)|VARIABLE_ASSIGNMENT|[168]|field|"BillingLongitude"
14:05:37.0 (24406382)|STATEMENT_EXECUTE|[168]
14:05:37.0 (24418308)|HEAP_ALLOCATE|[169]|Bytes:16
14:05:37.0 (24436085)|STATEMENT_EXECUTE|[169]
14:05:37.0 (24445282)|HEAP_ALLOCATE|[168]|Bytes:5
14:05:37.0 (24454371)|VARIABLE_SCOPE_BEGIN|[168]|field|String|false|false
14:05:37.0 (24460208)|VARIABLE_ASSIGNMENT|[168]|field|"Industry"
14:05:37.0 (24463275)|STATEMENT_EXECUTE|[168]
14:05:37.0 (24479678)|HEAP_ALLOCATE|[169]|Bytes:8
14:05:37.0 (24498993)|STATEMENT_EXECUTE|[169]
14:05:37.0 (24508365)|HEAP_ALLOCATE|[168]|Bytes:5
14:05:37.0 (24517865)|VARIABLE_SCOPE_BEGIN|[168]|field|String|false|false
14:05:37.0 (24523988)|VARIABLE_ASSIGNMENT|[168]|field|"Phone"
14:05:37.0 (24527308)|STATEMENT_EXECUTE|[168]
14:05:37.0 (24539440)|HEAP_ALLOCATE|[169]|Bytes:5
14:05:37.0 (24557211)|STATEMENT_EXECUTE|[169]
14:05:37.0 (24566341)|HEAP_ALLOCATE|[168]|Bytes:5
14:05:37.0 (24575583)|VARIABLE_SCOPE_BEGIN|[168]|field|String|false|false
14:05:37.0 (24581667)|VARIABLE_ASSIGNMENT|[168]|field|"AnnualRevenue"
14:05:37.0 (24584706)|STATEMENT_EXECUTE|[168]
14:05:37.0 (24596553)|HEAP_ALLOCATE|[169]|Bytes:13
14:05:37.0 (24614221)|STATEMENT_EXECUTE|[169]
14:05:37.0 (24623312)|HEAP_ALLOCATE|[168]|Bytes:5
14:05:37.0 (24633721)|VARIABLE_ASSIGNMENT|[168]|field|null
14:05:37.0 (24637871)|STATEMENT_EXECUTE|[175]
14:05:37.0 (24677943)|HEAP_ALLOCATE|[175]|Bytes:80
14:05:37.0 (24709092)|HEAP_ALLOCATE|[175]|Bytes:80
14:05:37.0 (24718334)|VARIABLE_SCOPE_BEGIN|[175]|escapedFields|String|false|false
14:05:37.0 (24727784)|VARIABLE_ASSIGNMENT|[175]|escapedFields|"Name,AccountNumber,B (60 more) ..."
14:05:37.0 (24731871)|STATEMENT_EXECUTE|[176]
14:05:37.0 (24759550)|HEAP_ALLOCATE|[176]|Bytes:7
14:05:37.0 (24771649)|VARIABLE_SCOPE_BEGIN|[176]|escapedObject|String|false|false
14:05:37.0 (24778529)|VARIABLE_ASSIGNMENT|[176]|escapedObject|"Account"
14:05:37.0 (24782266)|STATEMENT_EXECUTE|[177]
14:05:37.0 (24785506)|HEAP_ALLOCATE|[177]|Bytes:7
14:05:37.0 (24788653)|HEAP_ALLOCATE|[177]|Bytes:6
14:05:37.0 (24791351)|HEAP_ALLOCATE|[177]|Bytes:32
14:05:37.0 (24805749)|HEAP_ALLOCATE|[177]|Bytes:132
14:05:37.0 (24809700)|VARIABLE_SCOPE_BEGIN|[177]|soql|String|false|false
14:05:37.0 (24816591)|VARIABLE_ASSIGNMENT|[177]|soql|"select Name,AccountN (112 more) ..."
14:05:37.0 (24820149)|STATEMENT_EXECUTE|[178]
14:05:37.0 (33161040)|HEAP_ALLOCATE|[178]|Bytes:10
14:05:37.0 (33170160)|HEAP_ALLOCATE|[178]|Bytes:31
14:05:37.0 (33173153)|HEAP_ALLOCATE|[178]|Bytes:7
14:05:37.0 (33188626)|METHOD_ENTRY|[1]|01p360000053CeU|CellCrud.CellCrud()
14:05:37.0 (33193984)|STATEMENT_EXECUTE|[1]
14:05:37.0 (33200899)|STATEMENT_EXECUTE|[1]
14:05:37.0 (33207494)|HEAP_ALLOCATE|[178]|Bytes:5
14:05:37.0 (33211083)|STATEMENT_EXECUTE|[2]
14:05:37.0 (33221938)|METHOD_EXIT|[1]|CellCrud
14:05:37.0 (33238865)|METHOD_ENTRY|[178]|01p360000053CeU|CellCrud.squery(String)
14:05:37.0 (33254997)|VARIABLE_SCOPE_BEGIN|[142]|soql|String|false|false
14:05:37.0 (33265348)|VARIABLE_ASSIGNMENT|[142]|soql|"select Name,AccountN (112 more) ..."
14:05:37.0 (33273585)|HEAP_ALLOCATE|[143]|Bytes:5
14:05:37.0 (33279345)|STATEMENT_EXECUTE|[142]
14:05:37.0 (33281196)|STATEMENT_EXECUTE|[143]
14:05:37.0 (33284967)|VARIABLE_SCOPE_BEGIN|[143]|records|List<SObject>|true|false
14:05:37.0 (33290962)|VARIABLE_ASSIGNMENT|[143]|records|null|
14:05:37.0 (33293561)|STATEMENT_EXECUTE|[144]
14:05:37.0 (33295123)|STATEMENT_EXECUTE|[144]
14:05:37.0 (33296620)|STATEMENT_EXECUTE|[145]
14:05:37.0 (33685357)|SOQL_EXECUTE_BEGIN|[145]|Aggregations:0|select Name,AccountNumber,BillingLatitude,BillingLongitude,Industry,Phone,AnnualRevenue from Account order by CreatedDate desc, Name
14:05:37.0 (38336175)|SOQL_EXECUTE_END|[145]|Rows:63
14:05:37.0 (38362098)|HEAP_ALLOCATE|[145]|Bytes:256
14:05:37.0 (38495726)|HEAP_ALLOCATE|[145]|Bytes:9794
14:05:37.0 (38592048)|HEAP_ALLOCATE|[145]|Bytes:256
14:05:37.0 (38624733)|VARIABLE_ASSIGNMENT|[145]|records|{"s":1,"v":"List of size 63 too large to display"}|0x7c73b5c3
14:05:37.0 (38725444)|STATEMENT_EXECUTE|[151]
14:05:37.0 (38728893)|STATEMENT_EXECUTE|[153]
14:05:37.0 (38756789)|HEAP_ALLOCATE|[153]|Bytes:32
14:05:37.0 (38829917)|VARIABLE_SCOPE_BEGIN|[153]|targetType|Schema.SObjectType|true|false
14:05:37.0 (38894702)|VARIABLE_ASSIGNMENT|[153]|targetType|"common.apex.runtime.impl.ApexSObjectTypeToken@5aebc775"|0x5aebc775
14:05:37.0 (38902667)|STATEMENT_EXECUTE|[154]
14:05:37.0 (38904681)|STATEMENT_EXECUTE|[160]
14:05:37.0 (38955065)|HEAP_ALLOCATE|[160]|Bytes:4
14:05:37.0 (39000323)|VARIABLE_SCOPE_BEGIN|[160]|sobjResult|Schema.DescribeSObjectResult|true|false
14:05:37.0 (39074465)|VARIABLE_ASSIGNMENT|[160]|sobjResult|"common.api.soap.wsdl.DescribeSObjectResult@63f4b343"|0x3b57ac46
14:05:37.0 (39081842)|STATEMENT_EXECUTE|[163]
14:05:37.0 (39397120)|HEAP_ALLOCATE|[163]|Bytes:428
14:05:37.0 (39407462)|VARIABLE_SCOPE_BEGIN|[163]|m|Map<String,Schema.SObjectField>|true|false
14:05:37.0 (39551472)|VARIABLE_ASSIGNMENT|[163]|m|"{accountnumber=AccountNumber, accountsource=AccountSource, activeliveagentuser__pc=ActiveLiveAgentUser__pc, annualrevenue=AnnualRevenue, billingaddress=BillingAddress, billingcity=BillingCity, billingcountry=BillingCountry, billinglatitude=BillingLatitude, billinglongitude=BillingLongitude, billingpostalcode=BillingPostalCode, ...}"|0x40006f99
14:05:37.0 (39564070)|STATEMENT_EXECUTE|[165]
14:05:37.0 (39575506)|HEAP_ALLOCATE|[165]|Bytes:32
14:05:37.0 (39637414)|HEAP_ALLOCATE|[165]|Bytes:18
14:05:37.0 (39654538)|SYSTEM_METHOD_ENTRY|[1]|JSON.JSON()
14:05:37.0 (39659431)|STATEMENT_EXECUTE|[1]
14:05:37.0 (39671871)|SYSTEM_METHOD_EXIT|[1]|JSON
14:05:37.0 (39688189)|METHOD_ENTRY|[165]||System.JSON.serialize(Object)
14:05:37.0 (39846795)|METHOD_EXIT|[165]||System.JSON.serialize(Object)
14:05:37.0 (39854077)|VARIABLE_SCOPE_BEGIN|[165]|object_json|String|false|false
14:05:37.0 (39866303)|VARIABLE_ASSIGNMENT|[165]|object_json|"{\"attributes\":{\"type (286 more) ..."
14:05:37.0 (39870777)|STATEMENT_EXECUTE|[166]
14:05:37.0 (39881307)|METHOD_ENTRY|[166]||System.JSON.deserializeUntyped(String)
14:05:37.0 (40617007)|HEAP_ALLOCATE|[11]|Bytes:12
14:05:37.0 (40686789)|METHOD_EXIT|[166]||System.JSON.deserializeUntyped(String)
14:05:37.0 (40696479)|VARIABLE_SCOPE_BEGIN|[166]|object_map|Map<String,ANY>|true|false
14:05:37.0 (40726699)|VARIABLE_ASSIGNMENT|[166]|object_map|{"s":1,"v":"Map of size 8 too large to display"}|0xad40bb3
14:05:37.0 (40732468)|STATEMENT_EXECUTE|[168]
14:05:37.0 (40745626)|HEAP_ALLOCATE|[168]|Bytes:4
14:05:37.0 (40789186)|VARIABLE_SCOPE_BEGIN|[168]|forbiddenFields|Set<String>|true|false
14:05:37.0 (40829891)|VARIABLE_ASSIGNMENT|[168]|forbiddenFields|{"s":1,"v":[]}|0xce7a333
14:05:37.0 (40839452)|HEAP_ALLOCATE|[169]|Bytes:4
14:05:37.0 (40914412)|HEAP_ALLOCATE|[169]|Bytes:1944
14:05:37.0 (40944814)|HEAP_ALLOCATE|[169]|Bytes:424
14:05:37.0 (40967440)|HEAP_ALLOCATE|[169]|Bytes:5
14:05:37.0 (40982480)|VARIABLE_SCOPE_BEGIN|[169]|key|String|false|false
14:05:37.0 (40990200)|VARIABLE_ASSIGNMENT|[169]|key|"id"
14:05:37.0 (40994876)|STATEMENT_EXECUTE|[169]
14:05:37.0 (40996854)|STATEMENT_EXECUTE|[170]
14:05:37.0 (41312729)|HEAP_ALLOCATE|[170]|Bytes:8
14:05:37.0 (41345697)|VARIABLE_SCOPE_BEGIN|[170]|descField|Schema.DescribeFieldResult|true|false
14:05:37.0 (41415796)|VARIABLE_ASSIGNMENT|[170]|descField|"common.api.soap.wsdl.Field@e473edb0"|0x5f946c02
14:05:37.0 (41439084)|HEAP_ALLOCATE|[172]|Bytes:2
14:05:37.0 (41488976)|STATEMENT_EXECUTE|[172]
14:05:37.0 (41507135)|STATEMENT_EXECUTE|[173]
14:05:37.0 (41520584)|HEAP_ALLOCATE|[169]|Bytes:5
14:05:37.0 (41532414)|VARIABLE_SCOPE_BEGIN|[169]|key|String|false|false
14:05:37.0 (41540269)|VARIABLE_ASSIGNMENT|[169]|key|"isdeleted"
14:05:37.0 (41543773)|STATEMENT_EXECUTE|[169]
14:05:37.0 (41545407)|STATEMENT_EXECUTE|[170]
14:05:37.0 (41671890)|HEAP_ALLOCATE|[170]|Bytes:8
14:05:37.0 (41681683)|VARIABLE_SCOPE_BEGIN|[170]|descField|Schema.DescribeFieldResult|true|false
14:05:37.0 (41745795)|VARIABLE_ASSIGNMENT|[170]|descField|"common.api.soap.wsdl.Field@6c7f4ddb"|0x1d805a33
14:05:37.0 (41757461)|HEAP_ALLOCATE|[172]|Bytes:9
14:05:37.0 (41775406)|STATEMENT_EXECUTE|[172]
14:05:37.0 (41786180)|HEAP_ALLOCATE|[169]|Bytes:5
14:05:37.0 (41797133)|VARIABLE_SCOPE_BEGIN|[169]|key|String|false|false
14:05:37.0 (41804262)|VARIABLE_ASSIGNMENT|[169]|key|"masterrecordid"
14:05:37.0 (41807575)|STATEMENT_EXECUTE|[169]
14:05:37.0 (41809275)|STATEMENT_EXECUTE|[170]
14:05:37.0 (41946353)|HEAP_ALLOCATE|[170]|Bytes:8
14:05:37.0 (41956354)|VARIABLE_SCOPE_BEGIN|[170]|descField|Schema.DescribeFieldResult|true|false
14:05:37.0 (42020948)|VARIABLE_ASSIGNMENT|[170]|descField|"common.api.soap.wsdl.Field@8fbfe6ed"|0x70332518
14:05:37.0 (42033655)|HEAP_ALLOCATE|[172]|Bytes:14
14:05:37.0 (42051700)|STATEMENT_EXECUTE|[172]
14:05:37.0 (42062142)|HEAP_ALLOCATE|[169]|Bytes:5
14:05:37.0 (42072783)|VARIABLE_SCOPE_BEGIN|[169]|key|String|false|false
14:05:37.0 (42079624)|VARIABLE_ASSIGNMENT|[169]|key|"name"
14:05:37.0 (42082846)|STATEMENT_EXECUTE|[169]
14:05:37.0 (42084440)|STATEMENT_EXECUTE|[170]
14:05:37.0 (42221913)|HEAP_ALLOCATE|[170]|Bytes:8
14:05:37.0 (42231754)|VARIABLE_SCOPE_BEGIN|[170]|descField|Schema.DescribeFieldResult|true|false
14:05:37.0 (42295048)|VARIABLE_ASSIGNMENT|[170]|descField|"common.api.soap.wsdl.Field@2ca7f07f"|0x287dff49
14:05:37.0 (42306549)|HEAP_ALLOCATE|[172]|Bytes:4
14:05:37.0 (42324449)|STATEMENT_EXECUTE|[172]
14:05:37.0 (42331104)|STATEMENT_EXECUTE|[173]
14:05:37.0 (42341680)|HEAP_ALLOCATE|[169]|Bytes:5
14:05:37.0 (42352479)|VARIABLE_SCOPE_BEGIN|[169]|key|String|false|false
14:05:37.0 (42359530)|VARIABLE_ASSIGNMENT|[169]|key|"lastname"
14:05:37.0 (42362743)|STATEMENT_EXECUTE|[169]
14:05:37.0 (42364645)|STATEMENT_EXECUTE|[170]
14:05:37.0 (42497251)|HEAP_ALLOCATE|[170]|Bytes:8
14:05:37.0 (42506999)|VARIABLE_SCOPE_BEGIN|[170]|descField|Schema.DescribeFieldResult|true|false
14:05:37.0 (42569649)|VARIABLE_ASSIGNMENT|[170]|descField|"common.api.soap.wsdl.Field@ee11d538"|0x565a876c
14:05:37.0 (42580841)|HEAP_ALLOCATE|[172]|Bytes:8
14:05:37.0 (42598438)|STATEMENT_EXECUTE|[172]
14:05:37.0 (42608978)|HEAP_ALLOCATE|[169]|Bytes:5
14:05:37.0 (42619201)|VARIABLE_SCOPE_BEGIN|[169]|key|String|false|false
14:05:37.0 (42626177)|VARIABLE_ASSIGNMENT|[169]|key|"firstname"
14:05:37.0 (42629432)|STATEMENT_EXECUTE|[169]
14:05:37.0 (42631017)|STATEMENT_EXECUTE|[170]
14:05:37.0 (42753392)|HEAP_ALLOCATE|[170]|Bytes:8
14:05:37.0 (42763063)|VARIABLE_SCOPE_BEGIN|[170]|descField|Schema.DescribeFieldResult|true|false
14:05:37.0 (42824093)|VARIABLE_ASSIGNMENT|[170]|descField|"common.api.soap.wsdl.Field@e73d2641"|0x3e3abc7d
14:05:37.0 (42835252)|HEAP_ALLOCATE|[172]|Bytes:9
14:05:37.0 (42852827)|STATEMENT_EXECUTE|[172]
14:05:37.0 (42863515)|HEAP_ALLOCATE|[169]|Bytes:5
14:05:37.0 (42873529)|VARIABLE_SCOPE_BEGIN|[169]|key|String|false|false
14:05:37.0 (42880345)|VARIABLE_ASSIGNMENT|[169]|key|"salutation"
14:05:37.0 (42883452)|STATEMENT_EXECUTE|[169]
14:05:37.0 (42885063)|STATEMENT_EXECUTE|[170]
14:05:37.0 (43013131)|HEAP_ALLOCATE|[170]|Bytes:8
14:05:37.0 (43023560)|VARIABLE_SCOPE_BEGIN|[170]|descField|Schema.DescribeFieldResult|true|false
14:05:37.0 (43084223)|VARIABLE_ASSIGNMENT|[170]|descField|"common.api.soap.wsdl.Field@543c4058"|0x5dca260d
14:05:37.0 (43095346)|HEAP_ALLOCATE|[172]|Bytes:10
14:05:37.0 (43112456)|STATEMENT_EXECUTE|[172]
14:05:37.0 (43122804)|HEAP_ALLOCATE|[169]|Bytes:5
14:05:37.0 (43132746)|VARIABLE_SCOPE_BEGIN|[169]|key|String|false|false
14:05:37.0 (43139311)|VARIABLE_ASSIGNMENT|[169]|key|"type"
14:05:37.0 (43142494)|STATEMENT_EXECUTE|[169]
14:05:37.0 (43144095)|STATEMENT_EXECUTE|[170]
14:05:37.0 (43447318)|HEAP_ALLOCATE|[170]|Bytes:8
14:05:37.0 (43457293)|VARIABLE_SCOPE_BEGIN|[170]|descField|Schema.DescribeFieldResult|true|false
14:05:37.0 (43524418)|VARIABLE_ASSIGNMENT|[170]|descField|"common.api.soap.wsdl.Field@24abefbe"|0x2cf7ad0c
14:05:37.0 (43535981)|HEAP_ALLOCATE|[172]|Bytes:4
14:05:37.0 (43553861)|STATEMENT_EXECUTE|[172]
14:05:37.0 (43564419)|HEAP_ALLOCATE|[169]|Bytes:5
14:05:37.0 (43574918)|VARIABLE_SCOPE_BEGIN|[169]|key|String|false|false
14:05:37.0 (43581860)|VARIABLE_ASSIGNMENT|[169]|key|"recordtypeid"
14:05:37.0 (43585173)|STATEMENT_EXECUTE|[169]
14:05:37.0 (43586894)|STATEMENT_EXECUTE|[170]
14:05:37.0 (43748274)|HEAP_ALLOCATE|[170]|Bytes:8
14:05:37.0 (43758223)|VARIABLE_SCOPE_BEGIN|[170]|descField|Schema.DescribeFieldResult|true|false
14:05:37.0 (43820746)|VARIABLE_ASSIGNMENT|[170]|descField|"common.api.soap.wsdl.Field@8c14276"|0x36a24107
14:05:37.0 (43832325)|HEAP_ALLOCATE|[172]|Bytes:12
14:05:37.0 (43849837)|STATEMENT_EXECUTE|[172]
14:05:37.0 (43860356)|HEAP_ALLOCATE|[169]|Bytes:5
14:05:37.0 (43870586)|VARIABLE_SCOPE_BEGIN|[169]|key|String|false|false
14:05:37.0 (43877325)|VARIABLE_ASSIGNMENT|[169]|key|"parentid"
14:05:37.0 (43880790)|STATEMENT_EXECUTE|[169]
14:05:37.0 (43882455)|STATEMENT_EXECUTE|[170]
14:05:37.0 (44057005)|HEAP_ALLOCATE|[170]|Bytes:8
14:05:37.0 (44067740)|VARIABLE_SCOPE_BEGIN|[170]|descField|Schema.DescribeFieldResult|true|false
14:05:37.0 (44130373)|VARIABLE_ASSIGNMENT|[170]|descField|"common.api.soap.wsdl.Field@b2ac25a5"|0xb4ee84a
14:05:37.0 (44141488)|HEAP_ALLOCATE|[172]|Bytes:8
14:05:37.0 (44158928)|STATEMENT_EXECUTE|[172]
14:05:37.0 (44169490)|HEAP_ALLOCATE|[169]|Bytes:5
14:05:37.0 (44179527)|VARIABLE_SCOPE_BEGIN|[169]|key|String|false|false
14:05:37.0 (44186591)|VARIABLE_ASSIGNMENT|[169]|key|"billingstreet"
14:05:37.0 (44189880)|STATEMENT_EXECUTE|[169]
14:05:37.0 (44191500)|STATEMENT_EXECUTE|[170]
14:05:37.0 (44331571)|HEAP_ALLOCATE|[170]|Bytes:8
14:05:37.0 (44341248)|VARIABLE_SCOPE_BEGIN|[170]|descField|Schema.DescribeFieldResult|true|false
14:05:37.0 (44402585)|VARIABLE_ASSIGNMENT|[170]|descField|"common.api.soap.wsdl.Field@5ee6ef5f"|0x56cfe6aa
14:05:37.0 (44413803)|HEAP_ALLOCATE|[172]|Bytes:13
14:05:37.0 (44431642)|STATEMENT_EXECUTE|[172]
14:05:37.0 (44441973)|HEAP_ALLOCATE|[169]|Bytes:5
14:05:37.0 (44452070)|VARIABLE_SCOPE_BEGIN|[169]|key|String|false|false
14:05:37.0 (44459012)|VARIABLE_ASSIGNMENT|[169]|key|"billingcity"
14:05:37.0 (44462247)|STATEMENT_EXECUTE|[169]
14:05:37.0 (44463860)|STATEMENT_EXECUTE|[170]
14:05:37.0 (44597690)|HEAP_ALLOCATE|[170]|Bytes:8
14:05:37.0 (44607265)|VARIABLE_SCOPE_BEGIN|[170]|descField|Schema.DescribeFieldResult|true|false
14:05:37.0 (44686606)|VARIABLE_ASSIGNMENT|[170]|descField|"common.api.soap.wsdl.Field@175d2b81"|0x756a5c2c
14:05:37.0 (44701856)|HEAP_ALLOCATE|[172]|Bytes:11
14:05:37.0 (44726830)|STATEMENT_EXECUTE|[172]
14:05:37.0 (44738869)|HEAP_ALLOCATE|[169]|Bytes:5
14:05:37.0 (44749584)|VARIABLE_SCOPE_BEGIN|[169]|key|String|false|false
14:05:37.0 (44757021)|VARIABLE_ASSIGNMENT|[169]|key|"billingstate"
14:05:37.0 (44760274)|STATEMENT_EXECUTE|[169]
14:05:37.0 (44761849)|STATEMENT_EXECUTE|[170]
14:05:37.0 (44894063)|HEAP_ALLOCATE|[170]|Bytes:8
14:05:37.0 (44903998)|VARIABLE_SCOPE_BEGIN|[170]|descField|Schema.DescribeFieldResult|true|false
14:05:37.0 (44965491)|VARIABLE_ASSIGNMENT|[170]|descField|"common.api.soap.wsdl.Field@4da47081"|0x4a8a529c
14:05:37.0 (44976564)|HEAP_ALLOCATE|[172]|Bytes:12
14:05:37.0 (44993813)|STATEMENT_EXECUTE|[172]
14:05:37.0 (45004072)|HEAP_ALLOCATE|[169]|Bytes:5
14:05:37.0 (45015243)|VARIABLE_SCOPE_BEGIN|[169]|key|String|false|false
14:05:37.0 (45022599)|VARIABLE_ASSIGNMENT|[169]|key|"billingpostalcode"
14:05:37.0 (45025786)|STATEMENT_EXECUTE|[169]
14:05:37.0 (45027478)|STATEMENT_EXECUTE|[170]
14:05:37.0 (45154562)|HEAP_ALLOCATE|[170]|Bytes:8
14:05:37.0 (45164826)|VARIABLE_SCOPE_BEGIN|[170]|descField|Schema.DescribeFieldResult|true|false
14:05:37.0 (45225199)|VARIABLE_ASSIGNMENT|[170]|descField|"common.api.soap.wsdl.Field@d9204269"|0x6d90f338
14:05:37.0 (45236344)|HEAP_ALLOCATE|[172]|Bytes:17
14:05:37.0 (45253581)|STATEMENT_EXECUTE|[172]
14:05:37.0 (45263746)|HEAP_ALLOCATE|[169]|Bytes:5
14:05:37.0 (45273584)|VARIABLE_SCOPE_BEGIN|[169]|key|String|false|false
14:05:37.0 (45280591)|VARIABLE_ASSIGNMENT|[169]|key|"billingcountry"
14:05:37.0 (45283761)|STATEMENT_EXECUTE|[169]
14:05:37.0 (45285360)|STATEMENT_EXECUTE|[170]
14:05:37.0 (45412249)|HEAP_ALLOCATE|[170]|Bytes:8
14:05:37.0 (45421775)|VARIABLE_SCOPE_BEGIN|[170]|descField|Schema.DescribeFieldResult|true|false
14:05:37.0 (45486971)|VARIABLE_ASSIGNMENT|[170]|descField|"common.api.soap.wsdl.Field@3b07eaef"|0x7ef81509
14:05:37.0 (45498163)|HEAP_ALLOCATE|[172]|Bytes:14
14:05:37.0 (45515686)|STATEMENT_EXECUTE|[172]
14:05:37.0 (45526041)|HEAP_ALLOCATE|[169]|Bytes:5
14:05:37.0 (45536038)|VARIABLE_SCOPE_BEGIN|[169]|key|String|false|false
14:05:37.0 (45543001)|VARIABLE_ASSIGNMENT|[169]|key|"billinglatitude"
14:05:37.0 (45546228)|STATEMENT_EXECUTE|[169]
14:05:37.0 (45547841)|STATEMENT_EXECUTE|[170]
14:05:37.0 (45678262)|HEAP_ALLOCATE|[170]|Bytes:8
14:05:37.0 (45687900)|VARIABLE_SCOPE_BEGIN|[170]|descField|Schema.DescribeFieldResult|true|false
14:05:37.0 (45748552)|VARIABLE_ASSIGNMENT|[170]|descField|"common.api.soap.wsdl.Field@6d4e8d9"|0x4dfc7414
14:05:37.0 (45759820)|HEAP_ALLOCATE|[172]|Bytes:15
14:05:37.0 (45777137)|STATEMENT_EXECUTE|[172]
14:05:37.0 (45783439)|STATEMENT_EXECUTE|[173]
14:05:37.0 (45793842)|HEAP_ALLOCATE|[169]|Bytes:5
14:05:37.0 (45803924)|VARIABLE_SCOPE_BEGIN|[169]|key|String|false|false
14:05:37.0 (45810850)|VARIABLE_ASSIGNMENT|[169]|key|"billinglongitude"
14:05:37.0 (45814118)|STATEMENT_EXECUTE|[169]
14:05:37.0 (45815664)|STATEMENT_EXECUTE|[170]
14:05:37.0 (45944086)|HEAP_ALLOCATE|[170]|Bytes:8
14:05:37.0 (45953743)|VARIABLE_SCOPE_BEGIN|[170]|descField|Schema.DescribeFieldResult|true|false
14:05:37.0 (46013301)|VARIABLE_ASSIGNMENT|[170]|descField|"common.api.soap.wsdl.Field@26fc0f03"|0x521c585e
14:05:37.0 (46024946)|HEAP_ALLOCATE|[172]|Bytes:16
14:05:37.0 (46042471)|STATEMENT_EXECUTE|[172]
14:05:37.0 (46048691)|STATEMENT_EXECUTE|[173]
14:05:37.0 (46058906)|HEAP_ALLOCATE|[169]|Bytes:5
14:05:37.0 (46068866)|VARIABLE_SCOPE_BEGIN|[169]|key|String|false|false
14:05:37.0 (46076192)|VARIABLE_ASSIGNMENT|[169]|key|"billingaddress"
14:05:37.0 (46079390)|STATEMENT_EXECUTE|[169]
14:05:37.0 (46081058)|STATEMENT_EXECUTE|[170]
14:05:37.0 (46194180)|HEAP_ALLOCATE|[170]|Bytes:8
14:05:37.0 (46203884)|VARIABLE_SCOPE_BEGIN|[170]|descField|Schema.DescribeFieldResult|true|false
14:05:37.0 (46263990)|VARIABLE_ASSIGNMENT|[170]|descField|"common.api.soap.wsdl.Field@9b8590f1"|0x3f98e772
14:05:37.0 (46274960)|HEAP_ALLOCATE|[172]|Bytes:14
14:05:37.0 (46292218)|STATEMENT_EXECUTE|[172]
14:05:37.0 (46302506)|HEAP_ALLOCATE|[169]|Bytes:5
14:05:37.0 (46312467)|VARIABLE_SCOPE_BEGIN|[169]|key|String|false|false
14:05:37.0 (46319222)|VARIABLE_ASSIGNMENT|[169]|key|"shippingstreet"
14:05:37.0 (46322340)|STATEMENT_EXECUTE|[169]
14:05:37.0 (46323999)|STATEMENT_EXECUTE|[170]
14:05:37.0 (46498086)|HEAP_ALLOCATE|[170]|Bytes:8
14:05:37.0 (46508222)|VARIABLE_SCOPE_BEGIN|[170]|descField|Schema.DescribeFieldResult|true|false
14:05:37.0 (46570594)|VARIABLE_ASSIGNMENT|[170]|descField|"common.api.soap.wsdl.Field@9f750b78"|0x5538cbd0
14:05:37.0 (46582125)|HEAP_ALLOCATE|[172]|Bytes:14
14:05:37.0 (46599489)|STATEMENT_EXECUTE|[172]
14:05:37.0 (46610056)|HEAP_ALLOCATE|[169]|Bytes:5
14:05:37.0 (46620146)|VARIABLE_SCOPE_BEGIN|[169]|key|String|false|false
14:05:37.0 (46627043)|VARIABLE_ASSIGNMENT|[169]|key|"shippingcity"
14:05:37.0 (46630267)|STATEMENT_EXECUTE|[169]
14:05:37.0 (46631849)|STATEMENT_EXECUTE|[170]
14:05:37.0 (46760262)|HEAP_ALLOCATE|[170]|Bytes:8
14:05:37.0 (46769872)|VARIABLE_SCOPE_BEGIN|[170]|descField|Schema.DescribeFieldResult|true|false
14:05:37.0 (46830749)|VARIABLE_ASSIGNMENT|[170]|descField|"common.api.soap.wsdl.Field@44c1029a"|0xd1847ff
14:05:37.0 (46841839)|HEAP_ALLOCATE|[172]|Bytes:12
14:05:37.0 (46859103)|STATEMENT_EXECUTE|[172]
14:05:37.0 (46869372)|HEAP_ALLOCATE|[169]|Bytes:5
14:05:37.0 (46879423)|VARIABLE_SCOPE_BEGIN|[169]|key|String|false|false
14:05:37.0 (46886096)|VARIABLE_ASSIGNMENT|[169]|key|"shippingstate"
14:05:37.0 (46889189)|STATEMENT_EXECUTE|[169]
14:05:37.0 (46890788)|STATEMENT_EXECUTE|[170]
14:05:37.0 (47017805)|HEAP_ALLOCATE|[170]|Bytes:8
14:05:37.0 (47028212)|VARIABLE_SCOPE_BEGIN|[170]|descField|Schema.DescribeFieldResult|true|false
14:05:37.0 (47088102)|VARIABLE_ASSIGNMENT|[170]|descField|"common.api.soap.wsdl.Field@f42549ba"|0x1a22a808
14:05:37.0 (47099073)|HEAP_ALLOCATE|[172]|Bytes:13
14:05:37.0 (47116209)|STATEMENT_EXECUTE|[172]
14:05:37.0 (47126618)|HEAP_ALLOCATE|[169]|Bytes:5
14:05:37.0 (47136732)|VARIABLE_SCOPE_BEGIN|[169]|key|String|false|false
14:05:37.0 (47143624)|VARIABLE_ASSIGNMENT|[169]|key|"shippingpostalcode"
14:05:37.0 (47146859)|STATEMENT_EXECUTE|[169]
14:05:37.0 (47148461)|STATEMENT_EXECUTE|[170]
14:05:37.0 (47274676)|HEAP_ALLOCATE|[170]|Bytes:8
14:05:37.0 (47284252)|VARIABLE_SCOPE_BEGIN|[170]|descField|Schema.DescribeFieldResult|true|false
14:05:37.0 (47344177)|VARIABLE_ASSIGNMENT|[170]|descField|"common.api.soap.wsdl.Field@f63f8c34"|0x59c99cbc
14:05:37.0 (47355175)|HEAP_ALLOCATE|[172]|Bytes:18
14:05:37.0 (47372295)|STATEMENT_EXECUTE|[172]
14:05:37.0 (47382614)|HEAP_ALLOCATE|[169]|Bytes:5
14:05:37.0 (47392932)|VARIABLE_SCOPE_BEGIN|[169]|key|String|false|false
14:05:37.0 (47399897)|VARIABLE_ASSIGNMENT|[169]|key|"shippingcountry"
14:05:37.0 (47403095)|STATEMENT_EXECUTE|[169]
14:05:37.0 (47404708)|STATEMENT_EXECUTE|[170]
14:05:37.0 (47535970)|HEAP_ALLOCATE|[170]|Bytes:8
14:05:37.0 (47545709)|VARIABLE_SCOPE_BEGIN|[170]|descField|Schema.DescribeFieldResult|true|false
14:05:37.0 (47605870)|VARIABLE_ASSIGNMENT|[170]|descField|"common.api.soap.wsdl.Field@79751a24"|0x2b9933ef
14:05:37.0 (47616796)|HEAP_ALLOCATE|[172]|Bytes:15
14:05:37.0 (47633810)|STATEMENT_EXECUTE|[172]
14:05:37.0 (47644052)|HEAP_ALLOCATE|[169]|Bytes:5
14:05:37.0 (47654222)|VARIABLE_SCOPE_BEGIN|[169]|key|String|false|false
14:05:37.0 (47661139)|VARIABLE_ASSIGNMENT|[169]|key|"shippinglatitude"
14:05:37.0 (47664341)|STATEMENT_EXECUTE|[169]
14:05:37.0 (47665973)|STATEMENT_EXECUTE|[170]
14:05:37.0 (47793546)|HEAP_ALLOCATE|[170]|Bytes:8
14:05:37.0 (47803121)|VARIABLE_SCOPE_BEGIN|[170]|descField|Schema.DescribeFieldResult|true|false
14:05:37.0 (47862871)|VARIABLE_ASSIGNMENT|[170]|descField|"common.api.soap.wsdl.Field@b5b1485a"|0x1ef2dd7d
14:05:37.0 (47873819)|HEAP_ALLOCATE|[172]|Bytes:16
14:05:37.0 (47890984)|STATEMENT_EXECUTE|[172]
14:05:37.0 (47901242)|HEAP_ALLOCATE|[169]|Bytes:5
14:05:37.0 (47911456)|VARIABLE_SCOPE_BEGIN|[169]|key|String|false|false
14:05:37.0 (47918300)|VARIABLE_ASSIGNMENT|[169]|key|"shippinglongitude"
14:05:37.0 (47921467)|STATEMENT_EXECUTE|[169]
14:05:37.0 (47923013)|STATEMENT_EXECUTE|[170]
14:05:37.0 (48049682)|HEAP_ALLOCATE|[170]|Bytes:8
14:05:37.0 (48059951)|VARIABLE_SCOPE_BEGIN|[170]|descField|Schema.DescribeFieldResult|true|false
14:05:37.0 (48119376)|VARIABLE_ASSIGNMENT|[170]|descField|"common.api.soap.wsdl.Field@4f675f60"|0x173ce52
14:05:37.0 (48130362)|HEAP_ALLOCATE|[172]|Bytes:17
14:05:37.0 (48147431)|STATEMENT_EXECUTE|[172]
14:05:37.0 (48157566)|HEAP_ALLOCATE|[169]|Bytes:5
14:05:37.0 (48167601)|VARIABLE_SCOPE_BEGIN|[169]|key|String|false|false
14:05:37.0 (48174513)|VARIABLE_ASSIGNMENT|[169]|key|"shippingaddress"
14:05:37.0 (48177860)|STATEMENT_EXECUTE|[169]
14:05:37.0 (48179463)|STATEMENT_EXECUTE|[170]
14:05:37.0 (48286071)|HEAP_ALLOCATE|[170]|Bytes:8
14:05:37.0 (48295704)|VARIABLE_SCOPE_BEGIN|[170]|descField|Schema.DescribeFieldResult|true|false
14:05:37.0 (48355433)|VARIABLE_ASSIGNMENT|[170]|descField|"common.api.soap.wsdl.Field@630508e0"|0x6da79eb9
14:05:37.0 (48366332)|HEAP_ALLOCATE|[172]|Bytes:15
14:05:37.0 (48383787)|STATEMENT_EXECUTE|[172]
14:05:37.0 (48394054)|HEAP_ALLOCATE|[169]|Bytes:5
14:05:37.0 (48404023)|VARIABLE_SCOPE_BEGIN|[169]|key|String|false|false
14:05:37.0 (48410331)|VARIABLE_ASSIGNMENT|[169]|key|"phone"
14:05:37.0 (48413405)|STATEMENT_EXECUTE|[169]
14:05:37.0 (48414965)|STATEMENT_EXECUTE|[170]
14:05:37.0 (48562844)|HEAP_ALLOCATE|[170]|Bytes:8
14:05:37.0 (48572509)|VARIABLE_SCOPE_BEGIN|[170]|descField|Schema.DescribeFieldResult|true|false
14:05:37.0 (48632519)|VARIABLE_ASSIGNMENT|[170]|descField|"common.api.soap.wsdl.Field@e7e9b7b"|0x7f39ffaa
14:05:37.0 (48643493)|HEAP_ALLOCATE|[172]|Bytes:5
14:05:37.0 (48661156)|STATEMENT_EXECUTE|[172]
14:05:37.0 (48667532)|STATEMENT_EXECUTE|[173]
14:05:37.0 (48677899)|HEAP_ALLOCATE|[169]|Bytes:5
14:05:37.0 (48687998)|VARIABLE_SCOPE_BEGIN|[169]|key|String|false|false
14:05:37.0 (48694802)|VARIABLE_ASSIGNMENT|[169]|key|"fax"
14:05:37.0 (48698077)|STATEMENT_EXECUTE|[169]
14:05:37.0 (48699663)|STATEMENT_EXECUTE|[170]
14:05:37.0 (48844657)|HEAP_ALLOCATE|[170]|Bytes:8
14:05:37.0 (48854258)|VARIABLE_SCOPE_BEGIN|[170]|descField|Schema.DescribeFieldResult|true|false
14:05:37.0 (48914083)|VARIABLE_ASSIGNMENT|[170]|descField|"common.api.soap.wsdl.Field@ff633348"|0x547d0f2
14:05:37.0 (48925089)|HEAP_ALLOCATE|[172]|Bytes:3
14:05:37.0 (48942092)|STATEMENT_EXECUTE|[172]
14:05:37.0 (48952411)|HEAP_ALLOCATE|[169]|Bytes:5
14:05:37.0 (48962404)|VARIABLE_SCOPE_BEGIN|[169]|key|String|false|false
14:05:37.0 (48968933)|VARIABLE_ASSIGNMENT|[169]|key|"accountnumber"
14:05:37.0 (48972167)|STATEMENT_EXECUTE|[169]
14:05:37.0 (48973706)|STATEMENT_EXECUTE|[170]
14:05:37.0 (49083753)|HEAP_ALLOCATE|[170]|Bytes:8
14:05:37.0 (49094140)|VARIABLE_SCOPE_BEGIN|[170]|descField|Schema.DescribeFieldResult|true|false
14:05:37.0 (49154175)|VARIABLE_ASSIGNMENT|[170]|descField|"common.api.soap.wsdl.Field@dc0d6544"|0x763babad
14:05:37.0 (49165127)|HEAP_ALLOCATE|[172]|Bytes:13
14:05:37.0 (49182387)|STATEMENT_EXECUTE|[172]
14:05:37.0 (49192620)|HEAP_ALLOCATE|[169]|Bytes:5
14:05:37.0 (49202550)|VARIABLE_SCOPE_BEGIN|[169]|key|String|false|false
14:05:37.0 (49208983)|VARIABLE_ASSIGNMENT|[169]|key|"website"
14:05:37.0 (49212097)|STATEMENT_EXECUTE|[169]
14:05:37.0 (49213650)|STATEMENT_EXECUTE|[170]
14:05:37.0 (49355733)|HEAP_ALLOCATE|[170]|Bytes:8
14:05:37.0 (49365330)|VARIABLE_SCOPE_BEGIN|[170]|descField|Schema.DescribeFieldResult|true|false
14:05:37.0 (49425112)|VARIABLE_ASSIGNMENT|[170]|descField|"common.api.soap.wsdl.Field@f52d5316"|0x13676703
14:05:37.0 (49436340)|HEAP_ALLOCATE|[172]|Bytes:7
14:05:37.0 (49453505)|STATEMENT_EXECUTE|[172]
14:05:37.0 (49463753)|HEAP_ALLOCATE|[169]|Bytes:5
14:05:37.0 (49478116)|VARIABLE_SCOPE_BEGIN|[169]|key|String|false|false
14:05:37.0 (49485624)|VARIABLE_ASSIGNMENT|[169]|key|"photourl"
14:05:37.0 (49489045)|STATEMENT_EXECUTE|[169]
14:05:37.0 (49490692)|STATEMENT_EXECUTE|[170]
14:05:37.0 (49601720)|HEAP_ALLOCATE|[170]|Bytes:8
14:05:37.0 (49611167)|VARIABLE_SCOPE_BEGIN|[170]|descField|Schema.DescribeFieldResult|true|false
14:05:37.0 (49671006)|VARIABLE_ASSIGNMENT|[170]|descField|"common.api.soap.wsdl.Field@2950f3dc"|0x504c3ac9
14:05:37.0 (49681887)|HEAP_ALLOCATE|[172]|Bytes:8
14:05:37.0 (49699118)|STATEMENT_EXECUTE|[172]
14:05:37.0 (49709439)|HEAP_ALLOCATE|[169]|Bytes:5
14:05:37.0 (49719593)|VARIABLE_SCOPE_BEGIN|[169]|key|String|false|false
14:05:37.0 (49726007)|VARIABLE_ASSIGNMENT|[169]|key|"sic"
14:05:37.0 (49729234)|STATEMENT_EXECUTE|[169]
14:05:37.0 (49730878)|STATEMENT_EXECUTE|[170]
14:05:37.0 (49842988)|HEAP_ALLOCATE|[170]|Bytes:8
14:05:37.0 (49852521)|VARIABLE_SCOPE_BEGIN|[170]|descField|Schema.DescribeFieldResult|true|false
14:05:37.0 (49911686)|VARIABLE_ASSIGNMENT|[170]|descField|"common.api.soap.wsdl.Field@e61c8f46"|0x6598e84d
14:05:37.0 (49922753)|HEAP_ALLOCATE|[172]|Bytes:3
14:05:37.0 (49939831)|STATEMENT_EXECUTE|[172]
14:05:37.0 (49950089)|HEAP_ALLOCATE|[169]|Bytes:5
14:05:37.0 (49959977)|VARIABLE_SCOPE_BEGIN|[169]|key|String|false|false
14:05:37.0 (49966493)|VARIABLE_ASSIGNMENT|[169]|key|"industry"
14:05:37.0 (49969529)|STATEMENT_EXECUTE|[169]
14:05:37.0 (49971151)|STATEMENT_EXECUTE|[170]
14:05:37.0 (50103342)|HEAP_ALLOCATE|[170]|Bytes:8
14:05:37.0 (50113694)|VARIABLE_SCOPE_BEGIN|[170]|descField|Schema.DescribeFieldResult|true|false
14:05:37.0 (50172959)|VARIABLE_ASSIGNMENT|[170]|descField|"common.api.soap.wsdl.Field@d143beac"|0x4ea8005d
14:05:37.0 (50183885)|HEAP_ALLOCATE|[172]|Bytes:8
14:05:37.0 (50201385)|STATEMENT_EXECUTE|[172]
14:05:37.0 (50207726)|STATEMENT_EXECUTE|[173]
14:05:37.0 (50218160)|HEAP_ALLOCATE|[169]|Bytes:5
14:05:37.0 (50228402)|VARIABLE_SCOPE_BEGIN|[169]|key|String|false|false
14:05:37.0 (50235157)|VARIABLE_ASSIGNMENT|[169]|key|"annualrevenue"
14:05:37.0 (50238598)|STATEMENT_EXECUTE|[169]
14:05:37.0 (50240176)|STATEMENT_EXECUTE|[170]
14:05:37.0 (50386630)|HEAP_ALLOCATE|[170]|Bytes:8
14:05:37.0 (50396268)|VARIABLE_SCOPE_BEGIN|[170]|descField|Schema.DescribeFieldResult|true|false
14:05:37.0 (50456158)|VARIABLE_ASSIGNMENT|[170]|descField|"common.api.soap.wsdl.Field@e2cf48cc"|0x4a726f28
14:05:37.0 (50467069)|HEAP_ALLOCATE|[172]|Bytes:13
14:05:37.0 (50488949)|STATEMENT_EXECUTE|[172]
14:05:37.0 (50495697)|STATEMENT_EXECUTE|[173]
14:05:37.0 (50506227)|HEAP_ALLOCATE|[169]|Bytes:5
14:05:37.0 (50516844)|VARIABLE_SCOPE_BEGIN|[169]|key|String|false|false
14:05:37.0 (50523865)|VARIABLE_ASSIGNMENT|[169]|key|"numberofemployees"
14:05:37.0 (50527053)|STATEMENT_EXECUTE|[169]
14:05:37.0 (50528606)|STATEMENT_EXECUTE|[170]
14:05:37.0 (50664487)|HEAP_ALLOCATE|[170]|Bytes:8
14:05:37.0 (50674047)|VARIABLE_SCOPE_BEGIN|[170]|descField|Schema.DescribeFieldResult|true|false
14:05:37.0 (50733939)|VARIABLE_ASSIGNMENT|[170]|descField|"common.api.soap.wsdl.Field@c94f8628"|0x10d10e2e
14:05:37.0 (50745335)|HEAP_ALLOCATE|[172]|Bytes:17
14:05:37.0 (50762674)|STATEMENT_EXECUTE|[172]
14:05:37.0 (50772940)|HEAP_ALLOCATE|[169]|Bytes:5
14:05:37.0 (50782982)|VARIABLE_SCOPE_BEGIN|[169]|key|String|false|false
14:05:37.0 (50789596)|VARIABLE_ASSIGNMENT|[169]|key|"ownership"
14:05:37.0 (50792672)|STATEMENT_EXECUTE|[169]
14:05:37.0 (50794236)|STATEMENT_EXECUTE|[170]
14:05:37.0 (50904426)|HEAP_ALLOCATE|[170]|Bytes:8
14:05:37.0 (50913897)|VARIABLE_SCOPE_BEGIN|[170]|descField|Schema.DescribeFieldResult|true|false
14:05:37.0 (50973764)|VARIABLE_ASSIGNMENT|[170]|descField|"common.api.soap.wsdl.Field@c399600d"|0x43079fb1
14:05:37.0 (50984723)|HEAP_ALLOCATE|[172]|Bytes:9
14:05:37.0 (51001550)|STATEMENT_EXECUTE|[172]
14:05:37.0 (51012632)|HEAP_ALLOCATE|[169]|Bytes:5
14:05:37.0 (51022858)|VARIABLE_SCOPE_BEGIN|[169]|key|String|false|false
14:05:37.0 (51029550)|VARIABLE_ASSIGNMENT|[169]|key|"tickersymbol"
14:05:37.0 (51032751)|STATEMENT_EXECUTE|[169]
14:05:37.0 (51034350)|STATEMENT_EXECUTE|[170]
14:05:37.0 (51145861)|HEAP_ALLOCATE|[170]|Bytes:8
14:05:37.0 (51155757)|VARIABLE_SCOPE_BEGIN|[170]|descField|Schema.DescribeFieldResult|true|false
14:05:37.0 (51215022)|VARIABLE_ASSIGNMENT|[170]|descField|"common.api.soap.wsdl.Field@75efadbd"|0x10642fa8
14:05:37.0 (51225991)|HEAP_ALLOCATE|[172]|Bytes:12
14:05:37.0 (51243049)|STATEMENT_EXECUTE|[172]
14:05:37.0 (51253242)|HEAP_ALLOCATE|[169]|Bytes:5
14:05:37.0 (51263343)|VARIABLE_SCOPE_BEGIN|[169]|key|String|false|false
14:05:37.0 (51269916)|VARIABLE_ASSIGNMENT|[169]|key|"description"
14:05:37.0 (51273048)|STATEMENT_EXECUTE|[169]
14:05:37.0 (51274634)|STATEMENT_EXECUTE|[170]
14:05:37.0 (51418966)|HEAP_ALLOCATE|[170]|Bytes:8
14:05:37.0 (51428597)|VARIABLE_SCOPE_BEGIN|[170]|descField|Schema.DescribeFieldResult|true|false
14:05:37.0 (51493528)|VARIABLE_ASSIGNMENT|[170]|descField|"common.api.soap.wsdl.Field@fbe5f957"|0x58d283fa
14:05:37.0 (51504549)|HEAP_ALLOCATE|[172]|Bytes:11
14:05:37.0 (51521828)|STATEMENT_EXECUTE|[172]
14:05:37.0 (51532007)|HEAP_ALLOCATE|[169]|Bytes:5
14:05:37.0 (51542398)|VARIABLE_SCOPE_BEGIN|[169]|key|String|false|false
14:05:37.0 (51548894)|VARIABLE_ASSIGNMENT|[169]|key|"rating"
14:05:37.0 (51552094)|STATEMENT_EXECUTE|[169]
14:05:37.0 (51553693)|STATEMENT_EXECUTE|[170]
14:05:37.0 (51666033)|HEAP_ALLOCATE|[170]|Bytes:8
14:05:37.0 (51675618)|VARIABLE_SCOPE_BEGIN|[170]|descField|Schema.DescribeFieldResult|true|false
14:05:37.0 (51734754)|VARIABLE_ASSIGNMENT|[170]|descField|"common.api.soap.wsdl.Field@97ef6dae"|0x1220bd36
14:05:37.0 (51745879)|HEAP_ALLOCATE|[172]|Bytes:6
14:05:37.0 (51762941)|STATEMENT_EXECUTE|[172]
14:05:37.0 (51773236)|HEAP_ALLOCATE|[169]|Bytes:5
14:05:37.0 (51783176)|VARIABLE_SCOPE_BEGIN|[169]|key|String|false|false
14:05:37.0 (51789546)|VARIABLE_ASSIGNMENT|[169]|key|"site"
14:05:37.0 (51792648)|STATEMENT_EXECUTE|[169]
14:05:37.0 (51794236)|STATEMENT_EXECUTE|[170]
14:05:37.0 (51904564)|HEAP_ALLOCATE|[170]|Bytes:8
14:05:37.0 (51914062)|VARIABLE_SCOPE_BEGIN|[170]|descField|Schema.DescribeFieldResult|true|false
14:05:37.0 (51973458)|VARIABLE_ASSIGNMENT|[170]|descField|"common.api.soap.wsdl.Field@6d8fdc71"|0x5f40db69
14:05:37.0 (51984772)|HEAP_ALLOCATE|[172]|Bytes:4
14:05:37.0 (52001791)|STATEMENT_EXECUTE|[172]
14:05:37.0 (52013103)|HEAP_ALLOCATE|[169]|Bytes:5
14:05:37.0 (52023326)|VARIABLE_SCOPE_BEGIN|[169]|key|String|false|false
14:05:37.0 (52029782)|VARIABLE_ASSIGNMENT|[169]|key|"ownerid"
14:05:37.0 (52033035)|STATEMENT_EXECUTE|[169]
14:05:37.0 (52034658)|STATEMENT_EXECUTE|[170]
14:05:37.0 (52183818)|HEAP_ALLOCATE|[170]|Bytes:8
14:05:37.0 (52193544)|VARIABLE_SCOPE_BEGIN|[170]|descField|Schema.DescribeFieldResult|true|false
14:05:37.0 (52253987)|VARIABLE_ASSIGNMENT|[170]|descField|"common.api.soap.wsdl.Field@52a43049"|0xb7fcd94
14:05:37.0 (52265103)|HEAP_ALLOCATE|[172]|Bytes:7
14:05:37.0 (52282439)|STATEMENT_EXECUTE|[172]
14:05:37.0 (52292739)|HEAP_ALLOCATE|[169]|Bytes:5
14:05:37.0 (52302732)|VARIABLE_SCOPE_BEGIN|[169]|key|String|false|false
14:05:37.0 (52309429)|VARIABLE_ASSIGNMENT|[169]|key|"createddate"
14:05:37.0 (52312672)|STATEMENT_EXECUTE|[169]
14:05:37.0 (52314530)|STATEMENT_EXECUTE|[170]
14:05:37.0 (52455502)|HEAP_ALLOCATE|[170]|Bytes:8
14:05:37.0 (52464997)|VARIABLE_SCOPE_BEGIN|[170]|descField|Schema.DescribeFieldResult|true|false
14:05:37.0 (52529935)|VARIABLE_ASSIGNMENT|[170]|descField|"common.api.soap.wsdl.Field@e921bc00"|0x22d23ca5
14:05:37.0 (52541030)|HEAP_ALLOCATE|[172]|Bytes:11
14:05:37.0 (52558343)|STATEMENT_EXECUTE|[172]
14:05:37.0 (52568568)|HEAP_ALLOCATE|[169]|Bytes:5
14:05:37.0 (52578646)|VARIABLE_SCOPE_BEGIN|[169]|key|String|false|false
14:05:37.0 (52585202)|VARIABLE_ASSIGNMENT|[169]|key|"createdbyid"
14:05:37.0 (52588390)|STATEMENT_EXECUTE|[169]
14:05:37.0 (52589985)|STATEMENT_EXECUTE|[170]
14:05:37.0 (52736705)|HEAP_ALLOCATE|[170]|Bytes:8
14:05:37.0 (52746366)|VARIABLE_SCOPE_BEGIN|[170]|descField|Schema.DescribeFieldResult|true|false
14:05:37.0 (52806915)|VARIABLE_ASSIGNMENT|[170]|descField|"common.api.soap.wsdl.Field@7a556f04"|0x2fdce4db
14:05:37.0 (52818014)|HEAP_ALLOCATE|[172]|Bytes:11
14:05:37.0 (52835362)|STATEMENT_EXECUTE|[172]
14:05:37.0 (52846279)|HEAP_ALLOCATE|[169]|Bytes:5
14:05:37.0 (52856327)|VARIABLE_SCOPE_BEGIN|[169]|key|String|false|false
14:05:37.0 (52863187)|VARIABLE_ASSIGNMENT|[169]|key|"lastmodifieddate"
14:05:37.0 (52866354)|STATEMENT_EXECUTE|[169]
14:05:37.0 (52867955)|STATEMENT_EXECUTE|[170]
14:05:37.0 (53005672)|HEAP_ALLOCATE|[170]|Bytes:8
14:05:37.0 (53016100)|VARIABLE_SCOPE_BEGIN|[170]|descField|Schema.DescribeFieldResult|true|false
14:05:37.0 (53076333)|VARIABLE_ASSIGNMENT|[170]|descField|"common.api.soap.wsdl.Field@8e51d10b"|0x32fe0956
14:05:37.0 (53087477)|HEAP_ALLOCATE|[172]|Bytes:16
14:05:37.0 (53104597)|STATEMENT_EXECUTE|[172]
14:05:37.0 (53115008)|HEAP_ALLOCATE|[169]|Bytes:5
14:05:37.0 (53125052)|VARIABLE_SCOPE_BEGIN|[169]|key|String|false|false
14:05:37.0 (53131931)|VARIABLE_ASSIGNMENT|[169]|key|"lastmodifiedbyid"
14:05:37.0 (53135045)|STATEMENT_EXECUTE|[169]
14:05:37.0 (53136601)|STATEMENT_EXECUTE|[170]
14:05:37.0 (53282824)|HEAP_ALLOCATE|[170]|Bytes:8
14:05:37.0 (53292364)|VARIABLE_SCOPE_BEGIN|[170]|descField|Schema.DescribeFieldResult|true|false
14:05:37.0 (53353363)|VARIABLE_ASSIGNMENT|[170]|descField|"common.api.soap.wsdl.Field@d9c87bdb"|0x7d4d0253
14:05:37.0 (53364338)|HEAP_ALLOCATE|[172]|Bytes:16
14:05:37.0 (53381889)|STATEMENT_EXECUTE|[172]
14:05:37.0 (53392223)|HEAP_ALLOCATE|[169]|Bytes:5
14:05:37.0 (53402269)|VARIABLE_SCOPE_BEGIN|[169]|key|String|false|false
14:05:37.0 (53409187)|VARIABLE_ASSIGNMENT|[169]|key|"systemmodstamp"
14:05:37.0 (53412288)|STATEMENT_EXECUTE|[169]
14:05:37.0 (53413841)|STATEMENT_EXECUTE|[170]
14:05:37.0 (53529115)|HEAP_ALLOCATE|[170]|Bytes:8
14:05:37.0 (53538661)|VARIABLE_SCOPE_BEGIN|[170]|descField|Schema.DescribeFieldResult|true|false
14:05:37.0 (53598928)|VARIABLE_ASSIGNMENT|[170]|descField|"common.api.soap.wsdl.Field@7c380164"|0x346ed6b
14:05:37.0 (53609877)|HEAP_ALLOCATE|[172]|Bytes:14
14:05:37.0 (53627157)|STATEMENT_EXECUTE|[172]
14:05:37.0 (53637336)|HEAP_ALLOCATE|[169]|Bytes:5
14:05:37.0 (53647418)|VARIABLE_SCOPE_BEGIN|[169]|key|String|false|false
14:05:37.0 (53654183)|VARIABLE_ASSIGNMENT|[169]|key|"lastactivitydate"
14:05:37.0 (53657737)|STATEMENT_EXECUTE|[169]
14:05:37.0 (53659333)|STATEMENT_EXECUTE|[170]
14:05:37.0 (53769751)|HEAP_ALLOCATE|[170]|Bytes:8
14:05:37.0 (53779211)|VARIABLE_SCOPE_BEGIN|[170]|descField|Schema.DescribeFieldResult|true|false
14:05:37.0 (53838761)|VARIABLE_ASSIGNMENT|[170]|descField|"common.api.soap.wsdl.Field@476191ad"|0x3a01323e
14:05:37.0 (53850041)|HEAP_ALLOCATE|[172]|Bytes:16
14:05:37.0 (53867068)|STATEMENT_EXECUTE|[172]
14:05:37.0 (53877139)|HEAP_ALLOCATE|[169]|Bytes:5
14:05:37.0 (53887148)|VARIABLE_SCOPE_BEGIN|[169]|key|String|false|false
14:05:37.0 (53893824)|VARIABLE_ASSIGNMENT|[169]|key|"lastvieweddate"
14:05:37.0 (53896918)|STATEMENT_EXECUTE|[169]
14:05:37.0 (53898498)|STATEMENT_EXECUTE|[170]
14:05:37.0 (54007168)|HEAP_ALLOCATE|[170]|Bytes:8
14:05:37.0 (54017349)|VARIABLE_SCOPE_BEGIN|[170]|descField|Schema.DescribeFieldResult|true|false
14:05:37.0 (54077010)|VARIABLE_ASSIGNMENT|[170]|descField|"common.api.soap.wsdl.Field@e97a08cd"|0x6aa90ee7
14:05:37.0 (54095514)|HEAP_ALLOCATE|[172]|Bytes:14
14:05:37.0 (54115910)|STATEMENT_EXECUTE|[172]
14:05:37.0 (54126755)|HEAP_ALLOCATE|[169]|Bytes:5
14:05:37.0 (54136958)|VARIABLE_SCOPE_BEGIN|[169]|key|String|false|false
14:05:37.0 (54144104)|VARIABLE_ASSIGNMENT|[169]|key|"lastreferenceddate"
14:05:37.0 (54147141)|STATEMENT_EXECUTE|[169]
14:05:37.0 (54148709)|STATEMENT_EXECUTE|[170]
14:05:37.0 (54259352)|HEAP_ALLOCATE|[170]|Bytes:8
14:05:37.0 (54268733)|VARIABLE_SCOPE_BEGIN|[170]|descField|Schema.DescribeFieldResult|true|false
14:05:37.0 (54328599)|VARIABLE_ASSIGNMENT|[170]|descField|"common.api.soap.wsdl.Field@a56ccdbf"|0x146bf896
14:05:37.0 (54339652)|HEAP_ALLOCATE|[172]|Bytes:18
14:05:37.0 (54356713)|STATEMENT_EXECUTE|[172]
14:05:37.0 (54366840)|HEAP_ALLOCATE|[169]|Bytes:5
14:05:37.0 (54376883)|VARIABLE_SCOPE_BEGIN|[169]|key|String|false|false
14:05:37.0 (54384946)|VARIABLE_ASSIGNMENT|[169]|key|"isexcludedfromrealig (1 more) ..."
14:05:37.0 (54388499)|STATEMENT_EXECUTE|[169]
14:05:37.0 (54390120)|STATEMENT_EXECUTE|[170]
14:05:37.0 (54504848)|HEAP_ALLOCATE|[170]|Bytes:8
14:05:37.0 (54514311)|VARIABLE_SCOPE_BEGIN|[170]|descField|Schema.DescribeFieldResult|true|false
14:05:37.0 (54574171)|VARIABLE_ASSIGNMENT|[170]|descField|"common.api.soap.wsdl.Field@92882ea6"|0x4316274
14:05:37.0 (54585204)|HEAP_ALLOCATE|[172]|Bytes:21
14:05:37.0 (54602282)|STATEMENT_EXECUTE|[172]
14:05:37.0 (54612545)|HEAP_ALLOCATE|[169]|Bytes:5
14:05:37.0 (54622624)|VARIABLE_SCOPE_BEGIN|[169]|key|String|false|false
14:05:37.0 (54629175)|VARIABLE_ASSIGNMENT|[169]|key|"ispartner"
14:05:37.0 (54632459)|STATEMENT_EXECUTE|[169]
14:05:37.0 (54634032)|STATEMENT_EXECUTE|[170]
14:05:37.0 (54753047)|HEAP_ALLOCATE|[170]|Bytes:8
14:05:37.0 (54762720)|VARIABLE_SCOPE_BEGIN|[170]|descField|Schema.DescribeFieldResult|true|false
14:05:37.0 (54822935)|VARIABLE_ASSIGNMENT|[170]|descField|"common.api.soap.wsdl.Field@7da78cd8"|0x1602f80a
14:05:37.0 (54834061)|HEAP_ALLOCATE|[172]|Bytes:9
14:05:37.0 (54851244)|STATEMENT_EXECUTE|[172]
14:05:37.0 (54861532)|HEAP_ALLOCATE|[169]|Bytes:5
14:05:37.0 (54872000)|VARIABLE_SCOPE_BEGIN|[169]|key|String|false|false
14:05:37.0 (54878815)|VARIABLE_ASSIGNMENT|[169]|key|"iscustomerportal"
14:05:37.0 (54881854)|STATEMENT_EXECUTE|[169]
14:05:37.0 (54883460)|STATEMENT_EXECUTE|[170]
14:05:37.0 (54996765)|HEAP_ALLOCATE|[170]|Bytes:8
14:05:37.0 (55006228)|VARIABLE_SCOPE_BEGIN|[170]|descField|Schema.DescribeFieldResult|true|false
14:05:37.0 (55066705)|VARIABLE_ASSIGNMENT|[170]|descField|"common.api.soap.wsdl.Field@19648d3c"|0x6bd91a25
14:05:37.0 (55077551)|HEAP_ALLOCATE|[172]|Bytes:16
14:05:37.0 (55094788)|STATEMENT_EXECUTE|[172]
14:05:37.0 (55105054)|HEAP_ALLOCATE|[169]|Bytes:5
14:05:37.0 (55115234)|VARIABLE_SCOPE_BEGIN|[169]|key|String|false|false
14:05:37.0 (55122173)|VARIABLE_ASSIGNMENT|[169]|key|"personcontactid"
14:05:37.0 (55125343)|STATEMENT_EXECUTE|[169]
14:05:37.0 (55126949)|STATEMENT_EXECUTE|[170]
14:05:37.0 (55290512)|HEAP_ALLOCATE|[170]|Bytes:8
14:05:37.0 (55300179)|VARIABLE_SCOPE_BEGIN|[170]|descField|Schema.DescribeFieldResult|true|false
14:05:37.0 (55360883)|VARIABLE_ASSIGNMENT|[170]|descField|"common.api.soap.wsdl.Field@42b08439"|0x515031b6
14:05:37.0 (55371835)|HEAP_ALLOCATE|[172]|Bytes:15
14:05:37.0 (55389159)|STATEMENT_EXECUTE|[172]
14:05:37.0 (55399393)|HEAP_ALLOCATE|[169]|Bytes:5
14:05:37.0 (55409666)|VARIABLE_SCOPE_BEGIN|[169]|key|String|false|false
14:05:37.0 (55416635)|VARIABLE_ASSIGNMENT|[169]|key|"ispersonaccount"
14:05:37.0 (55419697)|STATEMENT_EXECUTE|[169]
14:05:37.0 (55421332)|STATEMENT_EXECUTE|[170]
14:05:37.0 (55540262)|HEAP_ALLOCATE|[170]|Bytes:8
14:05:37.0 (55549889)|VARIABLE_SCOPE_BEGIN|[170]|descField|Schema.DescribeFieldResult|true|false
14:05:37.0 (55609060)|VARIABLE_ASSIGNMENT|[170]|descField|"common.api.soap.wsdl.Field@e1e18dbd"|0x54029063
14:05:37.0 (55620046)|HEAP_ALLOCATE|[172]|Bytes:15
14:05:37.0 (55637026)|STATEMENT_EXECUTE|[172]
14:05:37.0 (55647129)|HEAP_ALLOCATE|[169]|Bytes:5
14:05:37.0 (55657115)|VARIABLE_SCOPE_BEGIN|[169]|key|String|false|false
14:05:37.0 (55663960)|VARIABLE_ASSIGNMENT|[169]|key|"personmailingstreet"
14:05:37.0 (55667354)|STATEMENT_EXECUTE|[169]
14:05:37.0 (55668928)|STATEMENT_EXECUTE|[170]
14:05:37.0 (55808935)|HEAP_ALLOCATE|[170]|Bytes:8
14:05:37.0 (55818653)|VARIABLE_SCOPE_BEGIN|[170]|descField|Schema.DescribeFieldResult|true|false
14:05:37.0 (55878609)|VARIABLE_ASSIGNMENT|[170]|descField|"common.api.soap.wsdl.Field@f01859b9"|0x1186f0d4
14:05:37.0 (55889457)|HEAP_ALLOCATE|[172]|Bytes:19
14:05:37.0 (55906698)|STATEMENT_EXECUTE|[172]
14:05:37.0 (55916970)|HEAP_ALLOCATE|[169]|Bytes:5
14:05:37.0 (55926962)|VARIABLE_SCOPE_BEGIN|[169]|key|String|false|false
14:05:37.0 (55933859)|VARIABLE_ASSIGNMENT|[169]|key|"personmailingcity"
14:05:37.0 (55937010)|STATEMENT_EXECUTE|[169]
14:05:37.0 (55938567)|STATEMENT_EXECUTE|[170]
14:05:37.0 (56070201)|HEAP_ALLOCATE|[170]|Bytes:8
14:05:37.0 (56080575)|VARIABLE_SCOPE_BEGIN|[170]|descField|Schema.DescribeFieldResult|true|false
14:05:37.0 (56139980)|VARIABLE_ASSIGNMENT|[170]|descField|"common.api.soap.wsdl.Field@b426a9d5"|0x7ae325cc
14:05:37.0 (56151169)|HEAP_ALLOCATE|[172]|Bytes:17
14:05:37.0 (56168330)|STATEMENT_EXECUTE|[172]
14:05:37.0 (56178568)|HEAP_ALLOCATE|[169]|Bytes:5
14:05:37.0 (56188522)|VARIABLE_SCOPE_BEGIN|[169]|key|String|false|false
14:05:37.0 (56195277)|VARIABLE_ASSIGNMENT|[169]|key|"personmailingstate"
14:05:37.0 (56198455)|STATEMENT_EXECUTE|[169]
14:05:37.0 (56200024)|STATEMENT_EXECUTE|[170]
14:05:37.0 (56333692)|HEAP_ALLOCATE|[170]|Bytes:8
14:05:37.0 (56343199)|VARIABLE_SCOPE_BEGIN|[170]|descField|Schema.DescribeFieldResult|true|false
14:05:37.0 (56402800)|VARIABLE_ASSIGNMENT|[170]|descField|"common.api.soap.wsdl.Field@8f2d9933"|0x5623b3f5
14:05:37.0 (56413564)|HEAP_ALLOCATE|[172]|Bytes:18
14:05:37.0 (56430729)|STATEMENT_EXECUTE|[172]
14:05:37.0 (56440779)|HEAP_ALLOCATE|[169]|Bytes:5
14:05:37.0 (56450698)|VARIABLE_SCOPE_BEGIN|[169]|key|String|false|false
14:05:37.0 (56458783)|VARIABLE_ASSIGNMENT|[169]|key|"personmailingpostalc (3 more) ..."
14:05:37.0 (56462259)|STATEMENT_EXECUTE|[169]
14:05:37.0 (56463830)|STATEMENT_EXECUTE|[170]
14:05:37.0 (56600395)|HEAP_ALLOCATE|[170]|Bytes:8
14:05:37.0 (56609845)|VARIABLE_SCOPE_BEGIN|[170]|descField|Schema.DescribeFieldResult|true|false
14:05:37.0 (56669550)|VARIABLE_ASSIGNMENT|[170]|descField|"common.api.soap.wsdl.Field@34547fa2"|0x4b60f06a
14:05:37.0 (56680416)|HEAP_ALLOCATE|[172]|Bytes:23
14:05:37.0 (56697648)|STATEMENT_EXECUTE|[172]
14:05:37.0 (56707982)|HEAP_ALLOCATE|[169]|Bytes:5
14:05:37.0 (56717988)|VARIABLE_SCOPE_BEGIN|[169]|key|String|false|false
14:05:37.0 (56724868)|VARIABLE_ASSIGNMENT|[169]|key|"personmailingcountry"
14:05:37.0 (56728069)|STATEMENT_EXECUTE|[169]
14:05:37.0 (56729664)|STATEMENT_EXECUTE|[170]
14:05:37.0 (56863037)|HEAP_ALLOCATE|[170]|Bytes:8
14:05:37.0 (56872445)|VARIABLE_SCOPE_BEGIN|[170]|descField|Schema.DescribeFieldResult|true|false
14:05:37.0 (56931786)|VARIABLE_ASSIGNMENT|[170]|descField|"common.api.soap.wsdl.Field@4c1c52b0"|0x390e2d40
14:05:37.0 (56942549)|HEAP_ALLOCATE|[172]|Bytes:20
14:05:37.0 (56959703)|STATEMENT_EXECUTE|[172]
14:05:37.0 (56969995)|HEAP_ALLOCATE|[169]|Bytes:5
14:05:37.0 (56980214)|VARIABLE_SCOPE_BEGIN|[169]|key|String|false|false
14:05:37.0 (56988200)|VARIABLE_ASSIGNMENT|[169]|key|"personmailinglatitud (1 more) ..."
14:05:37.0 (56991681)|STATEMENT_EXECUTE|[169]
14:05:37.0 (56993320)|STATEMENT_EXECUTE|[170]
14:05:37.0 (57126474)|HEAP_ALLOCATE|[170]|Bytes:8
14:05:37.0 (57136797)|VARIABLE_SCOPE_BEGIN|[170]|descField|Schema.DescribeFieldResult|true|false
14:05:37.0 (57196172)|VARIABLE_ASSIGNMENT|[170]|descField|"common.api.soap.wsdl.Field@2a1a9e90"|0x2a9b5851
14:05:37.0 (57207029)|HEAP_ALLOCATE|[172]|Bytes:21
14:05:37.0 (57224440)|STATEMENT_EXECUTE|[172]
14:05:37.0 (57234691)|HEAP_ALLOCATE|[169]|Bytes:5
14:05:37.0 (57244605)|VARIABLE_SCOPE_BEGIN|[169]|key|String|false|false
14:05:37.0 (57252531)|VARIABLE_ASSIGNMENT|[169]|key|"personmailinglongitu (2 more) ..."
14:05:37.0 (57255943)|STATEMENT_EXECUTE|[169]
14:05:37.0 (57257608)|STATEMENT_EXECUTE|[170]
14:05:37.0 (57391047)|HEAP_ALLOCATE|[170]|Bytes:8
14:05:37.0 (57400602)|VARIABLE_SCOPE_BEGIN|[170]|descField|Schema.DescribeFieldResult|true|false
14:05:37.0 (57460048)|VARIABLE_ASSIGNMENT|[170]|descField|"common.api.soap.wsdl.Field@cb2793d7"|0x51c61ed5
14:05:37.0 (57470920)|HEAP_ALLOCATE|[172]|Bytes:22
14:05:37.0 (57492291)|STATEMENT_EXECUTE|[172]
14:05:37.0 (57502740)|HEAP_ALLOCATE|[169]|Bytes:5
14:05:37.0 (57512794)|VARIABLE_SCOPE_BEGIN|[169]|key|String|false|false
14:05:37.0 (57519678)|VARIABLE_ASSIGNMENT|[169]|key|"personmailingaddress"
14:05:37.0 (57522795)|STATEMENT_EXECUTE|[169]
14:05:37.0 (57524398)|STATEMENT_EXECUTE|[170]
14:05:37.0 (57633982)|HEAP_ALLOCATE|[170]|Bytes:8
14:05:37.0 (57643601)|VARIABLE_SCOPE_BEGIN|[170]|descField|Schema.DescribeFieldResult|true|false
14:05:37.0 (57703126)|VARIABLE_ASSIGNMENT|[170]|descField|"common.api.soap.wsdl.Field@3ae6939a"|0x6b91b75d
14:05:37.0 (57713947)|HEAP_ALLOCATE|[172]|Bytes:20
14:05:37.0 (57731277)|STATEMENT_EXECUTE|[172]
14:05:37.0 (57741481)|HEAP_ALLOCATE|[169]|Bytes:5
14:05:37.0 (57751469)|VARIABLE_SCOPE_BEGIN|[169]|key|String|false|false
14:05:37.0 (57758367)|VARIABLE_ASSIGNMENT|[169]|key|"personotherstreet"
14:05:37.0 (57761490)|STATEMENT_EXECUTE|[169]
14:05:37.0 (57763055)|STATEMENT_EXECUTE|[170]
14:05:37.0 (57902368)|HEAP_ALLOCATE|[170]|Bytes:8
14:05:37.0 (57911933)|VARIABLE_SCOPE_BEGIN|[170]|descField|Schema.DescribeFieldResult|true|false
14:05:37.0 (57971845)|VARIABLE_ASSIGNMENT|[170]|descField|"common.api.soap.wsdl.Field@bbe09432"|0x2d65a88d
14:05:37.0 (57982610)|HEAP_ALLOCATE|[172]|Bytes:17
14:05:37.0 (57999864)|STATEMENT_EXECUTE|[172]
14:05:37.0 (58010212)|HEAP_ALLOCATE|[169]|Bytes:5
14:05:37.0 (58021325)|VARIABLE_SCOPE_BEGIN|[169]|key|String|false|false
14:05:37.0 (58028145)|VARIABLE_ASSIGNMENT|[169]|key|"personothercity"
14:05:37.0 (58031269)|STATEMENT_EXECUTE|[169]
14:05:37.0 (58032887)|STATEMENT_EXECUTE|[170]
14:05:37.0 (58160116)|HEAP_ALLOCATE|[170]|Bytes:8
14:05:37.0 (58169576)|VARIABLE_SCOPE_BEGIN|[170]|descField|Schema.DescribeFieldResult|true|false
14:05:37.0 (58228801)|VARIABLE_ASSIGNMENT|[170]|descField|"common.api.soap.wsdl.Field@b69766c3"|0x47c6bff8
14:05:37.0 (58240063)|HEAP_ALLOCATE|[172]|Bytes:15
14:05:37.0 (58257337)|STATEMENT_EXECUTE|[172]
14:05:37.0 (58267661)|HEAP_ALLOCATE|[169]|Bytes:5
14:05:37.0 (58277592)|VARIABLE_SCOPE_BEGIN|[169]|key|String|false|false
14:05:37.0 (58284228)|VARIABLE_ASSIGNMENT|[169]|key|"personotherstate"
14:05:37.0 (58287345)|STATEMENT_EXECUTE|[169]
14:05:37.0 (58289030)|STATEMENT_EXECUTE|[170]
14:05:37.0 (58419917)|HEAP_ALLOCATE|[170]|Bytes:8
14:05:37.0 (58429504)|VARIABLE_SCOPE_BEGIN|[170]|descField|Schema.DescribeFieldResult|true|false
14:05:37.0 (58493715)|VARIABLE_ASSIGNMENT|[170]|descField|"common.api.soap.wsdl.Field@4006068c"|0x286bcc9e
14:05:37.0 (58504725)|HEAP_ALLOCATE|[172]|Bytes:16
14:05:37.0 (58522289)|STATEMENT_EXECUTE|[172]
14:05:37.0 (58532661)|HEAP_ALLOCATE|[169]|Bytes:5
14:05:37.0 (58542798)|VARIABLE_SCOPE_BEGIN|[169]|key|String|false|false
14:05:37.0 (58550886)|VARIABLE_ASSIGNMENT|[169]|key|"personotherpostalcod (1 more) ..."
14:05:37.0 (58554421)|STATEMENT_EXECUTE|[169]
14:05:37.0 (58556359)|STATEMENT_EXECUTE|[170]
14:05:37.0 (58683471)|HEAP_ALLOCATE|[170]|Bytes:8
14:05:37.0 (58692990)|VARIABLE_SCOPE_BEGIN|[170]|descField|Schema.DescribeFieldResult|true|false
14:05:37.0 (58752083)|VARIABLE_ASSIGNMENT|[170]|descField|"common.api.soap.wsdl.Field@bfd54ffd"|0x14c858b0
14:05:37.0 (58762882)|HEAP_ALLOCATE|[172]|Bytes:21
14:05:37.0 (58780039)|STATEMENT_EXECUTE|[172]
14:05:37.0 (58790408)|HEAP_ALLOCATE|[169]|Bytes:5
14:05:37.0 (58800368)|VARIABLE_SCOPE_BEGIN|[169]|key|String|false|false
14:05:37.0 (58807146)|VARIABLE_ASSIGNMENT|[169]|key|"personothercountry"
14:05:37.0 (58810672)|STATEMENT_EXECUTE|[169]
14:05:37.0 (58812304)|STATEMENT_EXECUTE|[170]
14:05:37.0 (58942804)|HEAP_ALLOCATE|[170]|Bytes:8
14:05:37.0 (58952336)|VARIABLE_SCOPE_BEGIN|[170]|descField|Schema.DescribeFieldResult|true|false
14:05:37.0 (59011494)|VARIABLE_ASSIGNMENT|[170]|descField|"common.api.soap.wsdl.Field@4dd69682"|0x3d6f1689
14:05:37.0 (59023055)|HEAP_ALLOCATE|[172]|Bytes:18
14:05:37.0 (59040206)|STATEMENT_EXECUTE|[172]
14:05:37.0 (59051011)|HEAP_ALLOCATE|[169]|Bytes:5
14:05:37.0 (59061078)|VARIABLE_SCOPE_BEGIN|[169]|key|String|false|false
14:05:37.0 (59067900)|VARIABLE_ASSIGNMENT|[169]|key|"personotherlatitude"
14:05:37.0 (59071098)|STATEMENT_EXECUTE|[169]
14:05:37.0 (59072692)|STATEMENT_EXECUTE|[170]
14:05:37.0 (59206333)|HEAP_ALLOCATE|[170]|Bytes:8
14:05:37.0 (59215850)|VARIABLE_SCOPE_BEGIN|[170]|descField|Schema.DescribeFieldResult|true|false
14:05:37.0 (59275670)|VARIABLE_ASSIGNMENT|[170]|descField|"common.api.soap.wsdl.Field@8c24f84c"|0x7da04cc8
14:05:37.0 (59286463)|HEAP_ALLOCATE|[172]|Bytes:19
14:05:37.0 (59303849)|STATEMENT_EXECUTE|[172]
14:05:37.0 (59314324)|HEAP_ALLOCATE|[169]|Bytes:5
14:05:37.0 (59324370)|VARIABLE_SCOPE_BEGIN|[169]|key|String|false|false
14:05:37.0 (59331189)|VARIABLE_ASSIGNMENT|[169]|key|"personotherlongitude"
14:05:37.0 (59334272)|STATEMENT_EXECUTE|[169]
14:05:37.0 (59335969)|STATEMENT_EXECUTE|[170]
14:05:37.0 (59469091)|HEAP_ALLOCATE|[170]|Bytes:8
14:05:37.0 (59482649)|VARIABLE_SCOPE_BEGIN|[170]|descField|Schema.DescribeFieldResult|true|false
14:05:37.0 (59542378)|VARIABLE_ASSIGNMENT|[170]|descField|"common.api.soap.wsdl.Field@5c7dd167"|0x4b1e5c3d
14:05:37.0 (59553303)|HEAP_ALLOCATE|[172]|Bytes:20
14:05:37.0 (59570694)|STATEMENT_EXECUTE|[172]
14:05:37.0 (59581010)|HEAP_ALLOCATE|[169]|Bytes:5
14:05:37.0 (59591027)|VARIABLE_SCOPE_BEGIN|[169]|key|String|false|false
14:05:37.0 (59597826)|VARIABLE_ASSIGNMENT|[169]|key|"personotheraddress"
14:05:37.0 (59601010)|STATEMENT_EXECUTE|[169]
14:05:37.0 (59602625)|STATEMENT_EXECUTE|[170]
14:05:37.0 (59712427)|HEAP_ALLOCATE|[170]|Bytes:8
14:05:37.0 (59722063)|VARIABLE_SCOPE_BEGIN|[170]|descField|Schema.DescribeFieldResult|true|false
14:05:37.0 (59781412)|VARIABLE_ASSIGNMENT|[170]|descField|"common.api.soap.wsdl.Field@31854cb3"|0x6ce71870
14:05:37.0 (59792228)|HEAP_ALLOCATE|[172]|Bytes:18
14:05:37.0 (59809480)|STATEMENT_EXECUTE|[172]
14:05:37.0 (59819777)|HEAP_ALLOCATE|[169]|Bytes:5
14:05:37.0 (59829763)|VARIABLE_SCOPE_BEGIN|[169]|key|String|false|false
14:05:37.0 (59837000)|VARIABLE_ASSIGNMENT|[169]|key|"personmobilephone"
14:05:37.0 (59840196)|STATEMENT_EXECUTE|[169]
14:05:37.0 (59841826)|STATEMENT_EXECUTE|[170]
14:05:37.0 (59988405)|HEAP_ALLOCATE|[170]|Bytes:8
14:05:37.0 (59998069)|VARIABLE_SCOPE_BEGIN|[170]|descField|Schema.DescribeFieldResult|true|false
14:05:37.0 (60057915)|VARIABLE_ASSIGNMENT|[170]|descField|"common.api.soap.wsdl.Field@b86472f5"|0x705fb4d0
14:05:37.0 (60069478)|HEAP_ALLOCATE|[172]|Bytes:17
14:05:37.0 (60086916)|STATEMENT_EXECUTE|[172]
14:05:37.0 (60097229)|HEAP_ALLOCATE|[169]|Bytes:5
14:05:37.0 (60107515)|VARIABLE_SCOPE_BEGIN|[169]|key|String|false|false
14:05:37.0 (60114340)|VARIABLE_ASSIGNMENT|[169]|key|"personhomephone"
14:05:37.0 (60117485)|STATEMENT_EXECUTE|[169]
14:05:37.0 (60119125)|STATEMENT_EXECUTE|[170]
14:05:37.0 (60264768)|HEAP_ALLOCATE|[170]|Bytes:8
14:05:37.0 (60274344)|VARIABLE_SCOPE_BEGIN|[170]|descField|Schema.DescribeFieldResult|true|false
14:05:37.0 (60334364)|VARIABLE_ASSIGNMENT|[170]|descField|"common.api.soap.wsdl.Field@fb96c89f"|0x49159ca8
14:05:37.0 (60345671)|HEAP_ALLOCATE|[172]|Bytes:15
14:05:37.0 (60363112)|STATEMENT_EXECUTE|[172]
14:05:37.0 (60373367)|HEAP_ALLOCATE|[169]|Bytes:5
14:05:37.0 (60383229)|VARIABLE_SCOPE_BEGIN|[169]|key|String|false|false
14:05:37.0 (60389806)|VARIABLE_ASSIGNMENT|[169]|key|"personotherphone"
14:05:37.0 (60392998)|STATEMENT_EXECUTE|[169]
14:05:37.0 (60394553)|STATEMENT_EXECUTE|[170]
14:05:37.0 (60543960)|HEAP_ALLOCATE|[170]|Bytes:8
14:05:37.0 (60553705)|VARIABLE_SCOPE_BEGIN|[170]|descField|Schema.DescribeFieldResult|true|false
14:05:37.0 (60613491)|VARIABLE_ASSIGNMENT|[170]|descField|"common.api.soap.wsdl.Field@f40b5962"|0x7be99dc9
14:05:37.0 (60624216)|HEAP_ALLOCATE|[172]|Bytes:16
14:05:37.0 (60641369)|STATEMENT_EXECUTE|[172]
14:05:37.0 (60651562)|HEAP_ALLOCATE|[169]|Bytes:5
14:05:37.0 (60661525)|VARIABLE_SCOPE_BEGIN|[169]|key|String|false|false
14:05:37.0 (60668120)|VARIABLE_ASSIGNMENT|[169]|key|"personassistantphone"
14:05:37.0 (60671251)|STATEMENT_EXECUTE|[169]
14:05:37.0 (60672955)|STATEMENT_EXECUTE|[170]
14:05:37.0 (60818338)|HEAP_ALLOCATE|[170]|Bytes:8
14:05:37.0 (60827893)|VARIABLE_SCOPE_BEGIN|[170]|descField|Schema.DescribeFieldResult|true|false
14:05:37.0 (60887445)|VARIABLE_ASSIGNMENT|[170]|descField|"common.api.soap.wsdl.Field@949334e3"|0x14b3e651
14:05:37.0 (60898244)|HEAP_ALLOCATE|[172]|Bytes:20
14:05:37.0 (60915377)|STATEMENT_EXECUTE|[172]
14:05:37.0 (60925494)|HEAP_ALLOCATE|[169]|Bytes:5
14:05:37.0 (60935529)|VARIABLE_SCOPE_BEGIN|[169]|key|String|false|false
14:05:37.0 (60942183)|VARIABLE_ASSIGNMENT|[169]|key|"personemail"
14:05:37.0 (60945371)|STATEMENT_EXECUTE|[169]
14:05:37.0 (60947043)|STATEMENT_EXECUTE|[170]
14:05:37.0 (61094595)|HEAP_ALLOCATE|[170]|Bytes:8
14:05:37.0 (61105021)|VARIABLE_SCOPE_BEGIN|[170]|descField|Schema.DescribeFieldResult|true|false
14:05:37.0 (61167896)|VARIABLE_ASSIGNMENT|[170]|descField|"common.api.soap.wsdl.Field@7f4fa98e"|0x1c89f227
14:05:37.0 (61179105)|HEAP_ALLOCATE|[172]|Bytes:11
14:05:37.0 (61196256)|STATEMENT_EXECUTE|[172]
14:05:37.0 (61206418)|HEAP_ALLOCATE|[169]|Bytes:5
14:05:37.0 (61216852)|VARIABLE_SCOPE_BEGIN|[169]|key|String|false|false
14:05:37.0 (61223282)|VARIABLE_ASSIGNMENT|[169]|key|"persontitle"
14:05:37.0 (61226342)|STATEMENT_EXECUTE|[169]
14:05:37.0 (61228010)|STATEMENT_EXECUTE|[170]
14:05:37.0 (61371217)|HEAP_ALLOCATE|[170]|Bytes:8
14:05:37.0 (61380774)|VARIABLE_SCOPE_BEGIN|[170]|descField|Schema.DescribeFieldResult|true|false
14:05:37.0 (61440569)|VARIABLE_ASSIGNMENT|[170]|descField|"common.api.soap.wsdl.Field@721f78f5"|0x1a310e57
14:05:37.0 (61451405)|HEAP_ALLOCATE|[172]|Bytes:11
14:05:37.0 (61468687)|STATEMENT_EXECUTE|[172]
14:05:37.0 (61484000)|HEAP_ALLOCATE|[169]|Bytes:5
14:05:37.0 (61494747)|VARIABLE_SCOPE_BEGIN|[169]|key|String|false|false
14:05:37.0 (61501588)|VARIABLE_ASSIGNMENT|[169]|key|"persondepartment"
14:05:37.0 (61504900)|STATEMENT_EXECUTE|[169]
14:05:37.0 (61506477)|STATEMENT_EXECUTE|[170]
14:05:37.0 (61649599)|HEAP_ALLOCATE|[170]|Bytes:8
14:05:37.0 (61659239)|VARIABLE_SCOPE_BEGIN|[170]|descField|Schema.DescribeFieldResult|true|false
14:05:37.0 (61719004)|VARIABLE_ASSIGNMENT|[170]|descField|"common.api.soap.wsdl.Field@95ff5df1"|0x29ba54e5
14:05:37.0 (61729753)|HEAP_ALLOCATE|[172]|Bytes:16
14:05:37.0 (61746865)|STATEMENT_EXECUTE|[172]
14:05:37.0 (61757173)|HEAP_ALLOCATE|[169]|Bytes:5
14:05:37.0 (61767093)|VARIABLE_SCOPE_BEGIN|[169]|key|String|false|false
14:05:37.0 (61773907)|VARIABLE_ASSIGNMENT|[169]|key|"personassistantname"
14:05:37.0 (61777016)|STATEMENT_EXECUTE|[169]
14:05:37.0 (61778562)|STATEMENT_EXECUTE|[170]
14:05:37.0 (61922501)|HEAP_ALLOCATE|[170]|Bytes:8
14:05:37.0 (61932071)|VARIABLE_SCOPE_BEGIN|[170]|descField|Schema.DescribeFieldResult|true|false
14:05:37.0 (61991490)|VARIABLE_ASSIGNMENT|[170]|descField|"common.api.soap.wsdl.Field@42c68a05"|0x16d44d8
14:05:37.0 (62002471)|HEAP_ALLOCATE|[172]|Bytes:19
14:05:37.0 (62020598)|STATEMENT_EXECUTE|[172]
14:05:37.0 (62030810)|HEAP_ALLOCATE|[169]|Bytes:5
14:05:37.0 (62040841)|VARIABLE_SCOPE_BEGIN|[169]|key|String|false|false
14:05:37.0 (62047532)|VARIABLE_ASSIGNMENT|[169]|key|"personleadsource"
14:05:37.0 (62051058)|STATEMENT_EXECUTE|[169]
14:05:37.0 (62052658)|STATEMENT_EXECUTE|[170]
14:05:37.0 (62196587)|HEAP_ALLOCATE|[170]|Bytes:8
14:05:37.0 (62206208)|VARIABLE_SCOPE_BEGIN|[170]|descField|Schema.DescribeFieldResult|true|false
14:05:37.0 (62266477)|VARIABLE_ASSIGNMENT|[170]|descField|"common.api.soap.wsdl.Field@83aa4756"|0xb786dbc
14:05:37.0 (62277377)|HEAP_ALLOCATE|[172]|Bytes:16
14:05:37.0 (62294438)|STATEMENT_EXECUTE|[172]
14:05:37.0 (62304669)|HEAP_ALLOCATE|[169]|Bytes:5
14:05:37.0 (62314624)|VARIABLE_SCOPE_BEGIN|[169]|key|String|false|false
14:05:37.0 (62321372)|VARIABLE_ASSIGNMENT|[169]|key|"personbirthdate"
14:05:37.0 (62324567)|STATEMENT_EXECUTE|[169]
14:05:37.0 (62326208)|STATEMENT_EXECUTE|[170]
14:05:37.0 (62472591)|HEAP_ALLOCATE|[170]|Bytes:8
14:05:37.0 (62486827)|VARIABLE_SCOPE_BEGIN|[170]|descField|Schema.DescribeFieldResult|true|false
14:05:37.0 (62546626)|VARIABLE_ASSIGNMENT|[170]|descField|"common.api.soap.wsdl.Field@f040f727"|0x3c2fcd8b
14:05:37.0 (62557599)|HEAP_ALLOCATE|[172]|Bytes:15
14:05:37.0 (62575136)|STATEMENT_EXECUTE|[172]
14:05:37.0 (62585429)|HEAP_ALLOCATE|[169]|Bytes:5
14:05:37.0 (62595313)|VARIABLE_SCOPE_BEGIN|[169]|key|String|false|false
14:05:37.0 (62603223)|VARIABLE_ASSIGNMENT|[169]|key|"personhasoptedoutofe (4 more) ..."
14:05:37.0 (62606667)|STATEMENT_EXECUTE|[169]
14:05:37.0 (62608226)|STATEMENT_EXECUTE|[170]
14:05:37.0 (62729932)|HEAP_ALLOCATE|[170]|Bytes:8
14:05:37.0 (62739349)|VARIABLE_SCOPE_BEGIN|[170]|descField|Schema.DescribeFieldResult|true|false
14:05:37.0 (62798694)|VARIABLE_ASSIGNMENT|[170]|descField|"common.api.soap.wsdl.Field@3c094d12"|0x1ebb9bb3
14:05:37.0 (62809543)|HEAP_ALLOCATE|[172]|Bytes:24
14:05:37.0 (62826590)|STATEMENT_EXECUTE|[172]
14:05:37.0 (62836827)|HEAP_ALLOCATE|[169]|Bytes:5
14:05:37.0 (62846786)|VARIABLE_SCOPE_BEGIN|[169]|key|String|false|false
14:05:37.0 (62854584)|VARIABLE_ASSIGNMENT|[169]|key|"personhasoptedoutoff (2 more) ..."
14:05:37.0 (62857938)|STATEMENT_EXECUTE|[169]
14:05:37.0 (62859517)|STATEMENT_EXECUTE|[170]
14:05:37.0 (62981457)|HEAP_ALLOCATE|[170]|Bytes:8
14:05:37.0 (62990789)|VARIABLE_SCOPE_BEGIN|[170]|descField|Schema.DescribeFieldResult|true|false
14:05:37.0 (63050156)|VARIABLE_ASSIGNMENT|[170]|descField|"common.api.soap.wsdl.Field@41b0d527"|0xbc05773
14:05:37.0 (63062050)|HEAP_ALLOCATE|[172]|Bytes:22
14:05:37.0 (63079350)|STATEMENT_EXECUTE|[172]
14:05:37.0 (63089661)|HEAP_ALLOCATE|[169]|Bytes:5
14:05:37.0 (63099528)|VARIABLE_SCOPE_BEGIN|[169]|key|String|false|false
14:05:37.0 (63106342)|VARIABLE_ASSIGNMENT|[169]|key|"persondonotcall"
14:05:37.0 (63109436)|STATEMENT_EXECUTE|[169]
14:05:37.0 (63111038)|STATEMENT_EXECUTE|[170]
14:05:37.0 (63232693)|HEAP_ALLOCATE|[170]|Bytes:8
14:05:37.0 (63242114)|VARIABLE_SCOPE_BEGIN|[170]|descField|Schema.DescribeFieldResult|true|false
14:05:37.0 (63301604)|VARIABLE_ASSIGNMENT|[170]|descField|"common.api.soap.wsdl.Field@9c718477"|0xd2482b8
14:05:37.0 (63312370)|HEAP_ALLOCATE|[172]|Bytes:15
14:05:37.0 (63329433)|STATEMENT_EXECUTE|[172]
14:05:37.0 (63339606)|HEAP_ALLOCATE|[169]|Bytes:5
14:05:37.0 (63350003)|VARIABLE_SCOPE_BEGIN|[169]|key|String|false|false
14:05:37.0 (63357897)|VARIABLE_ASSIGNMENT|[169]|key|"personlastcurequestd (3 more) ..."
14:05:37.0 (63361276)|STATEMENT_EXECUTE|[169]
14:05:37.0 (63362897)|STATEMENT_EXECUTE|[170]
14:05:37.0 (63485641)|HEAP_ALLOCATE|[170]|Bytes:8
14:05:37.0 (63495253)|VARIABLE_SCOPE_BEGIN|[170]|descField|Schema.DescribeFieldResult|true|false
14:05:37.0 (63555152)|VARIABLE_ASSIGNMENT|[170]|descField|"common.api.soap.wsdl.Field@f8b1543"|0x93c5591
14:05:37.0 (63566143)|HEAP_ALLOCATE|[172]|Bytes:23
14:05:37.0 (63583505)|STATEMENT_EXECUTE|[172]
14:05:37.0 (63593737)|HEAP_ALLOCATE|[169]|Bytes:5
14:05:37.0 (63603823)|VARIABLE_SCOPE_BEGIN|[169]|key|String|false|false
14:05:37.0 (63611568)|VARIABLE_ASSIGNMENT|[169]|key|"personlastcuupdateda (2 more) ..."
14:05:37.0 (63615045)|STATEMENT_EXECUTE|[169]
14:05:37.0 (63616639)|STATEMENT_EXECUTE|[170]
14:05:37.0 (63739000)|HEAP_ALLOCATE|[170]|Bytes:8
14:05:37.0 (63748378)|VARIABLE_SCOPE_BEGIN|[170]|descField|Schema.DescribeFieldResult|true|false
14:05:37.0 (63808135)|VARIABLE_ASSIGNMENT|[170]|descField|"common.api.soap.wsdl.Field@f551ff6f"|0x7333c508
14:05:37.0 (63819132)|HEAP_ALLOCATE|[172]|Bytes:22
14:05:37.0 (63836425)|STATEMENT_EXECUTE|[172]
14:05:37.0 (63846705)|HEAP_ALLOCATE|[169]|Bytes:5
14:05:37.0 (63856649)|VARIABLE_SCOPE_BEGIN|[169]|key|String|false|false
14:05:37.0 (63864712)|VARIABLE_ASSIGNMENT|[169]|key|"personemailbouncedre (4 more) ..."
14:05:37.0 (63868008)|STATEMENT_EXECUTE|[169]
14:05:37.0 (63869631)|STATEMENT_EXECUTE|[170]
14:05:37.0 (63996295)|HEAP_ALLOCATE|[170]|Bytes:8
14:05:37.0 (64005705)|VARIABLE_SCOPE_BEGIN|[170]|descField|Schema.DescribeFieldResult|true|false
14:05:37.0 (64066166)|VARIABLE_ASSIGNMENT|[170]|descField|"common.api.soap.wsdl.Field@f687e0e2"|0x3b66b698
14:05:37.0 (64076993)|HEAP_ALLOCATE|[172]|Bytes:24
14:05:37.0 (64094274)|STATEMENT_EXECUTE|[172]
14:05:37.0 (64104468)|HEAP_ALLOCATE|[169]|Bytes:5
14:05:37.0 (64114661)|VARIABLE_SCOPE_BEGIN|[169]|key|String|false|false
14:05:37.0 (64122589)|VARIABLE_ASSIGNMENT|[169]|key|"personemailbouncedda (2 more) ..."
14:05:37.0 (64125929)|STATEMENT_EXECUTE|[169]
14:05:37.0 (64127479)|STATEMENT_EXECUTE|[170]
14:05:37.0 (64254781)|HEAP_ALLOCATE|[170]|Bytes:8
14:05:37.0 (64264318)|VARIABLE_SCOPE_BEGIN|[170]|descField|Schema.DescribeFieldResult|true|false
14:05:37.0 (64323532)|VARIABLE_ASSIGNMENT|[170]|descField|"common.api.soap.wsdl.Field@75c260c"|0x5c639bb1
14:05:37.0 (64334364)|HEAP_ALLOCATE|[172]|Bytes:22
14:05:37.0 (64351539)|STATEMENT_EXECUTE|[172]
14:05:37.0 (64361815)|HEAP_ALLOCATE|[169]|Bytes:5
14:05:37.0 (64371710)|VARIABLE_SCOPE_BEGIN|[169]|key|String|false|false
14:05:37.0 (64378233)|VARIABLE_ASSIGNMENT|[169]|key|"jigsaw"
14:05:37.0 (64381445)|STATEMENT_EXECUTE|[169]
14:05:37.0 (64383040)|STATEMENT_EXECUTE|[170]
14:05:37.0 (64528587)|HEAP_ALLOCATE|[170]|Bytes:8
14:05:37.0 (64538287)|VARIABLE_SCOPE_BEGIN|[170]|descField|Schema.DescribeFieldResult|true|false
14:05:37.0 (64597891)|VARIABLE_ASSIGNMENT|[170]|descField|"common.api.soap.wsdl.Field@4765f596"|0x5760a81a
14:05:37.0 (64609247)|HEAP_ALLOCATE|[172]|Bytes:6
14:05:37.0 (64626492)|STATEMENT_EXECUTE|[172]
14:05:37.0 (64636742)|HEAP_ALLOCATE|[169]|Bytes:5
14:05:37.0 (64646735)|VARIABLE_SCOPE_BEGIN|[169]|key|String|false|false
14:05:37.0 (64653637)|VARIABLE_ASSIGNMENT|[169]|key|"jigsawcompanyid"
14:05:37.0 (64656807)|STATEMENT_EXECUTE|[169]
14:05:37.0 (64658463)|STATEMENT_EXECUTE|[170]
14:05:37.0 (64777847)|HEAP_ALLOCATE|[170]|Bytes:8
14:05:37.0 (64787494)|VARIABLE_SCOPE_BEGIN|[170]|descField|Schema.DescribeFieldResult|true|false
14:05:37.0 (64847439)|VARIABLE_ASSIGNMENT|[170]|descField|"common.api.soap.wsdl.Field@820ffba4"|0x38d6fd01
14:05:37.0 (64858418)|HEAP_ALLOCATE|[172]|Bytes:15
14:05:37.0 (64875481)|STATEMENT_EXECUTE|[172]
14:05:37.0 (64885562)|HEAP_ALLOCATE|[169]|Bytes:5
14:05:37.0 (64895435)|VARIABLE_SCOPE_BEGIN|[169]|key|String|false|false
14:05:37.0 (64902169)|VARIABLE_ASSIGNMENT|[169]|key|"accountsource"
14:05:37.0 (64905337)|STATEMENT_EXECUTE|[169]
14:05:37.0 (64906976)|STATEMENT_EXECUTE|[170]
14:05:37.0 (65078678)|HEAP_ALLOCATE|[170]|Bytes:8
14:05:37.0 (65089455)|VARIABLE_SCOPE_BEGIN|[170]|descField|Schema.DescribeFieldResult|true|false
14:05:37.0 (65162435)|VARIABLE_ASSIGNMENT|[170]|descField|"common.api.soap.wsdl.Field@dad630d1"|0x3530c852
14:05:37.0 (65173845)|HEAP_ALLOCATE|[172]|Bytes:13
14:05:37.0 (65191587)|STATEMENT_EXECUTE|[172]
14:05:37.0 (65202002)|HEAP_ALLOCATE|[169]|Bytes:5
14:05:37.0 (65212257)|VARIABLE_SCOPE_BEGIN|[169]|key|String|false|false
14:05:37.0 (65218812)|VARIABLE_ASSIGNMENT|[169]|key|"dunsnumber"
14:05:37.0 (65222231)|STATEMENT_EXECUTE|[169]
14:05:37.0 (65223844)|STATEMENT_EXECUTE|[170]
14:05:37.0 (65360389)|HEAP_ALLOCATE|[170]|Bytes:8
14:05:37.0 (65370021)|VARIABLE_SCOPE_BEGIN|[170]|descField|Schema.DescribeFieldResult|true|false
14:05:37.0 (65430332)|VARIABLE_ASSIGNMENT|[170]|descField|"common.api.soap.wsdl.Field@25a79bbe"|0x219f1bc5
14:05:37.0 (65441454)|HEAP_ALLOCATE|[172]|Bytes:10
14:05:37.0 (65458756)|STATEMENT_EXECUTE|[172]
14:05:37.0 (65469029)|HEAP_ALLOCATE|[169]|Bytes:5
14:05:37.0 (65484627)|VARIABLE_SCOPE_BEGIN|[169]|key|String|false|false
14:05:37.0 (65491551)|VARIABLE_ASSIGNMENT|[169]|key|"tradestyle"
14:05:37.0 (65494836)|STATEMENT_EXECUTE|[169]
14:05:37.0 (65496425)|STATEMENT_EXECUTE|[170]
14:05:37.0 (65631171)|HEAP_ALLOCATE|[170]|Bytes:8
14:05:37.0 (65640747)|VARIABLE_SCOPE_BEGIN|[170]|descField|Schema.DescribeFieldResult|true|false
14:05:37.0 (65700170)|VARIABLE_ASSIGNMENT|[170]|descField|"common.api.soap.wsdl.Field@e4562ad2"|0x45f15eb3
14:05:37.0 (65711081)|HEAP_ALLOCATE|[172]|Bytes:10
14:05:37.0 (65728217)|STATEMENT_EXECUTE|[172]
14:05:37.0 (65738478)|HEAP_ALLOCATE|[169]|Bytes:5
14:05:37.0 (65748536)|VARIABLE_SCOPE_BEGIN|[169]|key|String|false|false
14:05:37.0 (65755144)|VARIABLE_ASSIGNMENT|[169]|key|"naicscode"
14:05:37.0 (65758347)|STATEMENT_EXECUTE|[169]
14:05:37.0 (65759952)|STATEMENT_EXECUTE|[170]
14:05:37.0 (65892796)|HEAP_ALLOCATE|[170]|Bytes:8
14:05:37.0 (65902390)|VARIABLE_SCOPE_BEGIN|[170]|descField|Schema.DescribeFieldResult|true|false
14:05:37.0 (65962321)|VARIABLE_ASSIGNMENT|[170]|descField|"common.api.soap.wsdl.Field@92e1cce2"|0x357f5ee
14:05:37.0 (65973399)|HEAP_ALLOCATE|[172]|Bytes:9
14:05:37.0 (65990644)|STATEMENT_EXECUTE|[172]
14:05:37.0 (66001080)|HEAP_ALLOCATE|[169]|Bytes:5
14:05:37.0 (66011983)|VARIABLE_SCOPE_BEGIN|[169]|key|String|false|false
14:05:37.0 (66018512)|VARIABLE_ASSIGNMENT|[169]|key|"naicsdesc"
14:05:37.0 (66021626)|STATEMENT_EXECUTE|[169]
14:05:37.0 (66023231)|STATEMENT_EXECUTE|[170]
14:05:37.0 (66155772)|HEAP_ALLOCATE|[170]|Bytes:8
14:05:37.0 (66165254)|VARIABLE_SCOPE_BEGIN|[170]|descField|Schema.DescribeFieldResult|true|false
14:05:37.0 (66224773)|VARIABLE_ASSIGNMENT|[170]|descField|"common.api.soap.wsdl.Field@ee5dcb7e"|0x465ddfe6
14:05:37.0 (66235734)|HEAP_ALLOCATE|[172]|Bytes:9
14:05:37.0 (66252933)|STATEMENT_EXECUTE|[172]
14:05:37.0 (66263118)|HEAP_ALLOCATE|[169]|Bytes:5
14:05:37.0 (66273349)|VARIABLE_SCOPE_BEGIN|[169]|key|String|false|false
14:05:37.0 (66279881)|VARIABLE_ASSIGNMENT|[169]|key|"yearstarted"
14:05:37.0 (66283709)|STATEMENT_EXECUTE|[169]
14:05:37.0 (66285267)|STATEMENT_EXECUTE|[170]
14:05:37.0 (66418151)|HEAP_ALLOCATE|[170]|Bytes:8
14:05:37.0 (66427656)|VARIABLE_SCOPE_BEGIN|[170]|descField|Schema.DescribeFieldResult|true|false
14:05:37.0 (66492042)|VARIABLE_ASSIGNMENT|[170]|descField|"common.api.soap.wsdl.Field@d317589f"|0x5e2e4e9a
14:05:37.0 (66502961)|HEAP_ALLOCATE|[172]|Bytes:11
14:05:37.0 (66520253)|STATEMENT_EXECUTE|[172]
14:05:37.0 (66530452)|HEAP_ALLOCATE|[169]|Bytes:5
14:05:37.0 (66540490)|VARIABLE_SCOPE_BEGIN|[169]|key|String|false|false
14:05:37.0 (66547025)|VARIABLE_ASSIGNMENT|[169]|key|"sicdesc"
14:05:37.0 (66550330)|STATEMENT_EXECUTE|[169]
14:05:37.0 (66551924)|STATEMENT_EXECUTE|[170]
14:05:37.0 (66684132)|HEAP_ALLOCATE|[170]|Bytes:8
14:05:37.0 (66693689)|VARIABLE_SCOPE_BEGIN|[170]|descField|Schema.DescribeFieldResult|true|false
14:05:37.0 (66753590)|VARIABLE_ASSIGNMENT|[170]|descField|"common.api.soap.wsdl.Field@9cb49707"|0x10388814
14:05:37.0 (66764624)|HEAP_ALLOCATE|[172]|Bytes:7
14:05:37.0 (66782127)|STATEMENT_EXECUTE|[172]
14:05:37.0 (66792322)|HEAP_ALLOCATE|[169]|Bytes:5
14:05:37.0 (66802364)|VARIABLE_SCOPE_BEGIN|[169]|key|String|false|false
14:05:37.0 (66808975)|VARIABLE_ASSIGNMENT|[169]|key|"dandbcompanyid"
14:05:37.0 (66812136)|STATEMENT_EXECUTE|[169]
14:05:37.0 (66813731)|STATEMENT_EXECUTE|[170]
14:05:37.0 (67011531)|HEAP_ALLOCATE|[170]|Bytes:8
14:05:37.0 (67022156)|VARIABLE_SCOPE_BEGIN|[170]|descField|Schema.DescribeFieldResult|true|false
14:05:37.0 (67083396)|VARIABLE_ASSIGNMENT|[170]|descField|"common.api.soap.wsdl.Field@2173f927"|0x1126cccb
14:05:37.0 (67094213)|HEAP_ALLOCATE|[172]|Bytes:14
14:05:37.0 (67111720)|STATEMENT_EXECUTE|[172]
14:05:37.0 (67122073)|HEAP_ALLOCATE|[169]|Bytes:5
14:05:37.0 (67132211)|VARIABLE_SCOPE_BEGIN|[169]|key|String|false|false
14:05:37.0 (67140253)|VARIABLE_ASSIGNMENT|[169]|key|"permanent_partner_ma (8 more) ..."
14:05:37.0 (67143603)|STATEMENT_EXECUTE|[169]
14:05:37.0 (67145277)|STATEMENT_EXECUTE|[170]
14:05:37.0 (67291955)|HEAP_ALLOCATE|[170]|Bytes:8
14:05:37.0 (67301933)|VARIABLE_SCOPE_BEGIN|[170]|descField|Schema.DescribeFieldResult|true|false
14:05:37.0 (67362341)|VARIABLE_ASSIGNMENT|[170]|descField|"common.api.soap.wsdl.Field@85e7c9c8"|0x5863fac9
14:05:37.0 (67373269)|HEAP_ALLOCATE|[172]|Bytes:28
14:05:37.0 (67390560)|STATEMENT_EXECUTE|[172]
14:05:37.0 (67400925)|HEAP_ALLOCATE|[169]|Bytes:5
14:05:37.0 (67411088)|VARIABLE_SCOPE_BEGIN|[169]|key|String|false|false
14:05:37.0 (67418073)|VARIABLE_ASSIGNMENT|[169]|key|"partner_manager__c"
14:05:37.0 (67421227)|STATEMENT_EXECUTE|[169]
14:05:37.0 (67422783)|STATEMENT_EXECUTE|[170]
14:05:37.0 (67607346)|HEAP_ALLOCATE|[170]|Bytes:8
14:05:37.0 (67617076)|VARIABLE_SCOPE_BEGIN|[170]|descField|Schema.DescribeFieldResult|true|false
14:05:37.0 (67679217)|VARIABLE_ASSIGNMENT|[170]|descField|"common.api.soap.wsdl.Field@e7c39eb7"|0x3cbcdfc2
14:05:37.0 (67690373)|HEAP_ALLOCATE|[172]|Bytes:18
14:05:37.0 (67707835)|STATEMENT_EXECUTE|[172]
14:05:37.0 (67718025)|HEAP_ALLOCATE|[169]|Bytes:5
14:05:37.0 (67728047)|VARIABLE_SCOPE_BEGIN|[169]|key|String|false|false
14:05:37.0 (67735131)|VARIABLE_ASSIGNMENT|[169]|key|"id__c"
14:05:37.0 (67738409)|STATEMENT_EXECUTE|[169]
14:05:37.0 (67740012)|STATEMENT_EXECUTE|[170]
14:05:37.0 (67864967)|HEAP_ALLOCATE|[170]|Bytes:8
14:05:37.0 (67874415)|VARIABLE_SCOPE_BEGIN|[170]|descField|Schema.DescribeFieldResult|true|false
14:05:37.0 (67934437)|VARIABLE_ASSIGNMENT|[170]|descField|"common.api.soap.wsdl.Field@c32f955b"|0x2c1f093a
14:05:37.0 (67945567)|HEAP_ALLOCATE|[172]|Bytes:5
14:05:37.0 (67962765)|STATEMENT_EXECUTE|[172]
14:05:37.0 (67973063)|HEAP_ALLOCATE|[169]|Bytes:5
14:05:37.0 (67983364)|VARIABLE_SCOPE_BEGIN|[169]|key|String|false|false
14:05:37.0 (67990077)|VARIABLE_ASSIGNMENT|[169]|key|"external_id__c"
14:05:37.0 (67993406)|STATEMENT_EXECUTE|[169]
14:05:37.0 (67995025)|STATEMENT_EXECUTE|[170]
14:05:37.0 (68122480)|HEAP_ALLOCATE|[170]|Bytes:8
14:05:37.0 (68132676)|VARIABLE_SCOPE_BEGIN|[170]|descField|Schema.DescribeFieldResult|true|false
14:05:37.0 (68192198)|VARIABLE_ASSIGNMENT|[170]|descField|"common.api.soap.wsdl.Field@63b4a11f"|0x29e7029a
14:05:37.0 (68203298)|HEAP_ALLOCATE|[172]|Bytes:14
14:05:37.0 (68220784)|STATEMENT_EXECUTE|[172]
14:05:37.0 (68231136)|HEAP_ALLOCATE|[169]|Bytes:5
14:05:37.0 (68241017)|VARIABLE_SCOPE_BEGIN|[169]|key|String|false|false
14:05:37.0 (68249009)|VARIABLE_ASSIGNMENT|[169]|key|"open_opportunities__ (1 more) ..."
14:05:37.0 (68252421)|STATEMENT_EXECUTE|[169]
14:05:37.0 (68254053)|STATEMENT_EXECUTE|[170]
14:05:37.0 (68366642)|HEAP_ALLOCATE|[170]|Bytes:8
14:05:37.0 (68376219)|VARIABLE_SCOPE_BEGIN|[170]|descField|Schema.DescribeFieldResult|true|false
14:05:37.0 (68435866)|VARIABLE_ASSIGNMENT|[170]|descField|"common.api.soap.wsdl.Field@9b872ce0"|0x62d3b022
14:05:37.0 (68446872)|HEAP_ALLOCATE|[172]|Bytes:21
14:05:37.0 (68464132)|STATEMENT_EXECUTE|[172]
14:05:37.0 (68479712)|HEAP_ALLOCATE|[169]|Bytes:5
14:05:37.0 (68490568)|VARIABLE_SCOPE_BEGIN|[169]|key|String|false|false
14:05:37.0 (68498780)|VARIABLE_ASSIGNMENT|[169]|key|"open_opportunities_v (7 more) ..."
14:05:37.0 (68502447)|STATEMENT_EXECUTE|[169]
14:05:37.0 (68504077)|STATEMENT_EXECUTE|[170]
14:05:37.0 (68617026)|HEAP_ALLOCATE|[170]|Bytes:8
14:05:37.0 (68626483)|VARIABLE_SCOPE_BEGIN|[170]|descField|Schema.DescribeFieldResult|true|false
14:05:37.0 (68686761)|VARIABLE_ASSIGNMENT|[170]|descField|"common.api.soap.wsdl.Field@99680c61"|0x285feb00
14:05:37.0 (68697722)|HEAP_ALLOCATE|[172]|Bytes:27
14:05:37.0 (68714885)|STATEMENT_EXECUTE|[172]
14:05:37.0 (68725184)|HEAP_ALLOCATE|[169]|Bytes:5
14:05:37.0 (68735283)|VARIABLE_SCOPE_BEGIN|[169]|key|String|false|false
14:05:37.0 (68742349)|VARIABLE_ASSIGNMENT|[169]|key|"rating_indicator__c"
14:05:37.0 (68745604)|STATEMENT_EXECUTE|[169]
14:05:37.0 (68747178)|STATEMENT_EXECUTE|[170]
14:05:37.0 (69349804)|HEAP_ALLOCATE|[170]|Bytes:8
14:05:37.0 (69361134)|VARIABLE_SCOPE_BEGIN|[170]|descField|Schema.DescribeFieldResult|true|false
14:05:37.0 (69423780)|VARIABLE_ASSIGNMENT|[170]|descField|"common.api.soap.wsdl.Field@d67ddcf9"|0x1158c8cd
14:05:37.0 (69435256)|HEAP_ALLOCATE|[172]|Bytes:19
14:05:37.0 (69453602)|STATEMENT_EXECUTE|[172]
14:05:37.0 (69464289)|HEAP_ALLOCATE|[169]|Bytes:5
14:05:37.0 (69479998)|VARIABLE_SCOPE_BEGIN|[169]|key|String|false|false
14:05:37.0 (69487522)|VARIABLE_ASSIGNMENT|[169]|key|"external_id__pc"
14:05:37.0 (69490999)|STATEMENT_EXECUTE|[169]
14:05:37.0 (69492695)|STATEMENT_EXECUTE|[170]
14:05:37.0 (69654985)|HEAP_ALLOCATE|[170]|Bytes:8
14:05:37.0 (69664805)|VARIABLE_SCOPE_BEGIN|[170]|descField|Schema.DescribeFieldResult|true|false
14:05:37.0 (69726147)|VARIABLE_ASSIGNMENT|[170]|descField|"common.api.soap.wsdl.Field@9fb19138"|0x322c3f77
14:05:37.0 (69737373)|HEAP_ALLOCATE|[172]|Bytes:15
14:05:37.0 (69754803)|STATEMENT_EXECUTE|[172]
14:05:37.0 (69765165)|HEAP_ALLOCATE|[169]|Bytes:5
14:05:37.0 (69775544)|VARIABLE_SCOPE_BEGIN|[169]|key|String|false|false
14:05:37.0 (69783656)|VARIABLE_ASSIGNMENT|[169]|key|"activeliveagentuser_ (3 more) ..."
14:05:37.0 (69787151)|STATEMENT_EXECUTE|[169]
14:05:37.0 (69788742)|STATEMENT_EXECUTE|[170]
14:05:37.0 (69920411)|HEAP_ALLOCATE|[170]|Bytes:8
14:05:37.0 (69930452)|VARIABLE_SCOPE_BEGIN|[170]|descField|Schema.DescribeFieldResult|true|false
14:05:37.0 (69991155)|VARIABLE_ASSIGNMENT|[170]|descField|"common.api.soap.wsdl.Field@10489080"|0x1ed00e72
14:05:37.0 (70002373)|HEAP_ALLOCATE|[172]|Bytes:23
14:05:37.0 (70020465)|STATEMENT_EXECUTE|[172]
14:05:37.0 (70030740)|HEAP_ALLOCATE|[169]|Bytes:5
14:05:37.0 (70042551)|VARIABLE_ASSIGNMENT|[169]|key|null
14:05:37.0 (70075352)|STATEMENT_EXECUTE|[181]
14:05:37.0 (70078353)|STATEMENT_EXECUTE|[190]
14:05:37.0 (70087948)|METHOD_EXIT|[178]|01p360000053CeU|CellCrud.squery(String)
14:05:37.0 (70104915)|VARIABLE_ASSIGNMENT|[178]|recordList|{"s":1,"v":"List of size 63 too large to display"}|0x7c73b5c3
14:05:37.0 (70108895)|STATEMENT_EXECUTE|[181]
14:05:37.0 (70117138)|METHOD_ENTRY|[181]||System.JSON.serialize(Object)
14:05:37.0 (74288529)|METHOD_EXIT|[181]||System.JSON.serialize(Object)
14:05:37.0 (74307610)|SYSTEM_MODE_EXIT|false
14:05:37.74 (74353265)|CUMULATIVE_LIMIT_USAGE
14:05:37.74 (74353265)|LIMIT_USAGE_FOR_NS|(default)|
  Number of SOQL queries: 1 out of 100
  Number of query rows: 63 out of 50000
  Number of SOSL queries: 0 out of 20
  Number of DML statements: 0 out of 150
  Number of DML rows: 0 out of 10000
  Maximum CPU time: 0 out of 10000
  Maximum heap size: 0 out of 6000000
  Number of callouts: 0 out of 100
  Number of Email Invocations: 0 out of 10
  Number of future calls: 0 out of 50
  Number of queueable jobs added to the queue: 0 out of 50
  Number of Mobile Apex push calls: 0 out of 10

14:05:37.74 (74353265)|CUMULATIVE_LIMIT_USAGE_END

14:05:37.0 (74408461)|CODE_UNIT_FINISHED|CellController.forceLoadData
