36.0 APEX_CODE,FINEST;APEX_PROFILING,INFO;CALLOUT,INFO;DB,INFO;SYSTEM,DEBUG;VALIDATION,INFO;VISUALFORCE,INFO;WORKFLOW,INFO
13:11:57.0 (491943)|EXECUTION_STARTED
13:11:57.0 (529712)|CODE_UNIT_STARTED|[EXTERNAL]|01p360000053AMn|BatchLatLongGenerator
13:11:57.0 (3065199)|HEAP_ALLOCATE|[72]|Bytes:3
13:11:57.0 (3104855)|HEAP_ALLOCATE|[77]|Bytes:152
13:11:57.0 (3121199)|HEAP_ALLOCATE|[342]|Bytes:408
13:11:57.0 (3137276)|HEAP_ALLOCATE|[355]|Bytes:408
13:11:57.0 (3154997)|HEAP_ALLOCATE|[467]|Bytes:48
13:11:57.0 (3185250)|HEAP_ALLOCATE|[139]|Bytes:6
13:11:57.0 (4235017)|HEAP_ALLOCATE|[EXTERNAL]|Bytes:143
13:11:57.0 (4394393)|HEAP_ALLOCATE|[EXTERNAL]|Bytes:11
13:11:57.0 (4414287)|SYSTEM_METHOD_ENTRY|[15]|BatchableContextImpl.BatchableContextImpl()
13:11:57.0 (4422973)|STATEMENT_EXECUTE|[15]
13:11:57.0 (4433469)|SYSTEM_METHOD_EXIT|[15]|BatchableContextImpl
13:11:57.0 (4439503)|HEAP_ALLOCATE|[EXTERNAL]|Bytes:12
13:11:57.0 (4447920)|HEAP_ALLOCATE|[EXTERNAL]|Bytes:4
13:11:57.0 (4454505)|VARIABLE_SCOPE_BEGIN|[31]|this|Database.BatchableContextImpl|true|false
13:11:57.0 (4515343)|VARIABLE_ASSIGNMENT|[31]|this|{}|0x75a18b1e
13:11:57.0 (4520308)|VARIABLE_SCOPE_BEGIN|[31]|jobId|Id|false|false
13:11:57.0 (4599553)|VARIABLE_ASSIGNMENT|[31]|jobId|"70736000006EcqaAAC"
13:11:57.0 (4605273)|VARIABLE_SCOPE_BEGIN|[31]|childJobId|Id|false|false
13:11:57.0 (4610528)|VARIABLE_ASSIGNMENT|[31]|childJobId|null
13:11:57.0 (19346198)|HEAP_ALLOCATE|[EXTERNAL]|Bytes:77
13:11:57.0 (19362213)|HEAP_ALLOCATE|[EXTERNAL]|Bytes:10
13:11:57.0 (19365230)|HEAP_ALLOCATE|[EXTERNAL]|Bytes:2
13:11:57.0 (19384573)|METHOD_ENTRY|[1]|01p360000053AMn|BatchLatLongGenerator.BatchLatLongGenerator()
13:11:57.0 (19398483)|STATEMENT_EXECUTE|[1]
13:11:57.0 (19407179)|STATEMENT_EXECUTE|[1]
13:11:57.0 (19413586)|METHOD_EXIT|[1]|BatchLatLongGenerator
13:11:57.0 (19419162)|HEAP_ALLOCATE|[EXTERNAL]|Bytes:8
13:11:57.0 (19422342)|HEAP_ALLOCATE|[EXTERNAL]|Bytes:12
13:11:57.0 (19430702)|VARIABLE_SCOPE_BEGIN|[92]|this|BatchLatLongGenerator|true|false
13:11:57.0 (19481049)|VARIABLE_ASSIGNMENT|[92]|this|{"query":"Select Id, Name, Bil (115 more) ..."}|0x17d43c32
13:11:57.0 (19486041)|VARIABLE_SCOPE_BEGIN|[92]|BC|Database.BatchableContext|true|false
13:11:57.0 (19585554)|VARIABLE_ASSIGNMENT|[92]|BC|{"jobId":"70736000006EcqaAAC"}|0x75a18b1e
13:11:57.0 (19601592)|STATEMENT_EXECUTE|[92]
13:11:57.0 (19604428)|STATEMENT_EXECUTE|[94]
13:11:57.0 (19728211)|VARIABLE_SCOPE_BEGIN|[94]|mail|Messaging.SingleEmailMessage|true|false
13:11:57.0 (19829634)|VARIABLE_ASSIGNMENT|[94]|mail|"common.api.soap.wsdl.SingleEmailMessage@1f0bbd7a"|0x13519dd2
13:11:57.0 (19840369)|STATEMENT_EXECUTE|[95]
13:11:57.0 (19847154)|HEAP_ALLOCATE|[95]|Bytes:56
13:11:57.0 (19859404)|HEAP_ALLOCATE|[95]|Bytes:4
13:11:57.0 (19877599)|HEAP_ALLOCATE|[95]|Bytes:7
13:11:57.0 (19952032)|HEAP_ALLOCATE|[95]|Bytes:85
13:11:57.0 (19969783)|SYSTEM_METHOD_ENTRY|[1]|UserInfo.UserInfo()
13:11:57.0 (19976498)|STATEMENT_EXECUTE|[1]
13:11:57.0 (19998961)|SYSTEM_METHOD_EXIT|[1]|UserInfo
13:11:57.0 (20027647)|METHOD_ENTRY|[95]||System.UserInfo.getUserId()
13:11:57.0 (20175178)|METHOD_EXIT|[95]||System.UserInfo.getUserId()
13:11:57.0 (22682695)|SOQL_EXECUTE_BEGIN|[95]|Aggregations:0|SELECT email, name FROM user WHERE id = :tmpVar1 LIMIT 1
13:11:57.0 (34510391)|SOQL_EXECUTE_END|[95]|Rows:1
13:11:57.0 (34527909)|HEAP_ALLOCATE|[95]|Bytes:8
13:11:57.0 (34542526)|HEAP_ALLOCATE|[95]|Bytes:82
13:11:57.0 (34674587)|HEAP_ALLOCATE|[95]|Bytes:8
13:11:57.0 (34686431)|HEAP_ALLOCATE|[95]|Bytes:30
13:11:57.0 (34793113)|HEAP_ALLOCATE|[95]|Bytes:16
13:11:57.0 (34804507)|VARIABLE_SCOPE_BEGIN|[95]|u|User|true|false
13:11:57.0 (34855249)|VARIABLE_ASSIGNMENT|[95]|u|{"s":1,"v":{"Email":"dscruggs@salesforce. (3 more) ...","Name":"David Scruggs","Id":"00536000001L21qAAC"}}|0x5c18999b
13:11:57.0 (34867893)|STATEMENT_EXECUTE|[97]
13:11:57.0 (34880775)|HEAP_ALLOCATE|[97]|Bytes:4
13:11:57.0 (35025896)|HEAP_ALLOCATE|[EXTERNAL]|Bytes:8
13:11:57.0 (35063641)|STATEMENT_EXECUTE|[98]
13:11:57.0 (35069284)|HEAP_ALLOCATE|[98]|Bytes:39
13:11:57.0 (35118979)|STATEMENT_EXECUTE|[99]
13:11:57.0 (35125636)|VARIABLE_SCOPE_BEGIN|[99]|body|String|false|false
13:11:57.0 (35133868)|VARIABLE_ASSIGNMENT|[99]|body|""
13:11:57.0 (35137307)|STATEMENT_EXECUTE|[100]
13:11:57.0 (35140244)|HEAP_ALLOCATE|[100]|Bytes:3
13:11:57.0 (35162949)|HEAP_ALLOCATE|[100]|Bytes:1
13:11:57.0 (35180289)|HEAP_ALLOCATE|[100]|Bytes:17
13:11:57.0 (35187085)|HEAP_ALLOCATE|[100]|Bytes:17
13:11:57.0 (35194761)|VARIABLE_ASSIGNMENT|[100]|body|"Hi David Scruggs,"
13:11:57.0 (35199616)|STATEMENT_EXECUTE|[101]
13:11:57.0 (35202948)|HEAP_ALLOCATE|[101]|Bytes:65
13:11:57.0 (35207656)|HEAP_ALLOCATE|[101]|Bytes:82
13:11:57.0 (35217254)|VARIABLE_ASSIGNMENT|[101]|body|"Hi David Scruggs,\u003Cbr (62 more) ..."
13:11:57.0 (35221047)|STATEMENT_EXECUTE|[102]
13:11:57.0 (35224454)|HEAP_ALLOCATE|[102]|Bytes:26
13:11:57.0 (35229084)|HEAP_ALLOCATE|[102]|Bytes:108
13:11:57.0 (35236550)|VARIABLE_ASSIGNMENT|[102]|body|"Hi David Scruggs,\u003Cbr (88 more) ..."
13:11:57.0 (35239923)|STATEMENT_EXECUTE|[103]
13:11:57.0 (35269212)|STATEMENT_EXECUTE|[104]
13:11:57.0 (35273605)|HEAP_ALLOCATE|[104]|Bytes:55
13:11:57.0 (35303291)|STATEMENT_EXECUTE|[106]
13:11:57.0 (35327567)|HEAP_ALLOCATE|[106]|Bytes:4
13:11:57.0 (35425877)|HEAP_ALLOCATE|[EXTERNAL]|Bytes:8
13:11:57.0 (35467118)|HEAP_ALLOCATE|[EXTERNAL]|Bytes:8
13:11:57.0 (45736962)|EMAIL_QUEUE|[106]|subject: Case Latitude Longitude batch completed, bccSender: false, saveAsActivity: true, useSignature: true, toAddresses: [dscruggs@salesforce.com], plainTextBody: Account Latitude Longitude Calulation Batch is complete, htmlBody: Hi David Scruggs,<br/><br/>Account Latitude Longitude Calulation Batch is complete<br/><br/>Thank,<br/>Admin, 
13:11:57.0 (45830646)|HEAP_ALLOCATE|[EXTERNAL]|Bytes:8
13:11:57.62 (62512632)|CUMULATIVE_LIMIT_USAGE
13:11:57.62 (62512632)|LIMIT_USAGE_FOR_NS|(default)|
  Number of SOQL queries: 0 out of 200
  Number of query rows: 0 out of 50000
  Number of SOSL queries: 0 out of 20
  Number of DML statements: 0 out of 150
  Number of DML rows: 0 out of 10000
  Maximum CPU time: 0 out of 60000
  Maximum heap size: 0 out of 12000000
  Number of callouts: 0 out of 0
  Number of Email Invocations: 0 out of 10
  Number of future calls: 0 out of 0
  Number of queueable jobs added to the queue: 0 out of 1
  Number of Mobile Apex push calls: 0 out of 10

13:11:57.62 (62512632)|CUMULATIVE_LIMIT_USAGE_END

13:11:57.0 (62563119)|CODE_UNIT_FINISHED|BatchLatLongGenerator
13:11:57.0 (63552962)|EXECUTION_FINISHED
