36.0 APEX_CODE,FINEST;APEX_PROFILING,INFO;CALLOUT,INFO;DB,INFO;SYSTEM,DEBUG;VALIDATION,INFO;VISUALFORCE,INFO;WORKFLOW,INFO
13:58:21.0 (460201)|EXECUTION_STARTED
13:58:21.0 (496494)|CODE_UNIT_STARTED|[EXTERNAL]|01p360000052k4g|AccountGeoExtension.getLocalAccounts
13:58:21.0 (1003236)|HEAP_ALLOCATE|[72]|Bytes:3
13:58:21.0 (1098085)|HEAP_ALLOCATE|[77]|Bytes:152
13:58:21.0 (1126143)|HEAP_ALLOCATE|[342]|Bytes:408
13:58:21.0 (1155908)|HEAP_ALLOCATE|[355]|Bytes:408
13:58:21.0 (1174969)|HEAP_ALLOCATE|[467]|Bytes:48
13:58:21.0 (1241927)|HEAP_ALLOCATE|[139]|Bytes:6
13:58:21.0 (1278665)|HEAP_ALLOCATE|[EXTERNAL]|Bytes:1
13:58:21.0 (1308206)|HEAP_ALLOCATE|[EXTERNAL]|Bytes:4
13:58:21.0 (1332314)|METHOD_ENTRY|[1]|01p360000052k4g|AccountGeoExtension.AccountGeoExtension()
13:58:21.0 (1351668)|STATEMENT_EXECUTE|[1]
13:58:21.0 (1360016)|STATEMENT_EXECUTE|[1]
13:58:21.0 (1386252)|METHOD_EXIT|[1]|AccountGeoExtension
13:58:21.0 (1413257)|HEAP_ALLOCATE|[EXTERNAL]|Bytes:28
13:58:21.0 (1417193)|HEAP_ALLOCATE|[EXTERNAL]|Bytes:28
13:58:21.0 (1419238)|HEAP_ALLOCATE|[EXTERNAL]|Bytes:28
13:58:21.0 (1450148)|SYSTEM_MODE_ENTER|false
13:58:21.0 (1553687)|VARIABLE_SCOPE_BEGIN|[5]|latitude|Double|false|false
13:58:21.0 (1712573)|VARIABLE_ASSIGNMENT|[5]|latitude|33.849145
13:58:21.0 (1721899)|VARIABLE_SCOPE_BEGIN|[5]|longitude|Double|false|false
13:58:21.0 (1728744)|VARIABLE_ASSIGNMENT|[5]|longitude|-84.3620913
13:58:21.0 (1731933)|VARIABLE_SCOPE_BEGIN|[5]|maxDistance|Double|false|false
13:58:21.0 (1736438)|VARIABLE_ASSIGNMENT|[5]|maxDistance|40
13:58:21.0 (1751987)|STATEMENT_EXECUTE|[5]
13:58:21.0 (43092570)|HEAP_DUMP|[6]|07n36000000PCDv|AccountGeoExtension|none|6
13:58:21.0 (43107770)|STATEMENT_EXECUTE|[6]
13:58:21.0 (43123928)|HEAP_ALLOCATE|[6]|Bytes:24
13:58:21.0 (43369464)|HEAP_ALLOCATE|[6]|Bytes:9
13:58:21.0 (43409317)|HEAP_ALLOCATE|[6]|Bytes:12
13:58:21.0 (43425474)|HEAP_ALLOCATE|[6]|Bytes:11
13:58:21.0 (43433409)|HEAP_ALLOCATE|[6]|Bytes:11
13:58:21.0 (43442891)|HEAP_ALLOCATE|[6]|Bytes:2
13:58:21.0 (43470164)|HEAP_ALLOCATE|[6]|Bytes:69
13:58:21.0 (43529392)|HEAP_ALLOCATE|[50]|Bytes:5
13:58:21.0 (43558645)|HEAP_ALLOCATE|[56]|Bytes:5
13:58:21.0 (43567542)|HEAP_ALLOCATE|[64]|Bytes:7
13:58:21.0 (43700010)|USER_DEBUG|[6]|DEBUG|searching for latitude: 33.849145 longitude: -84.3620913 distance: 40
13:58:21.0 (43715740)|STATEMENT_EXECUTE|[7]
13:58:21.0 (43721050)|HEAP_ALLOCATE|[7]|Bytes:227
13:58:21.0 (43733412)|HEAP_ALLOCATE|[7]|Bytes:4
13:58:21.0 (43765988)|HEAP_ALLOCATE|[7]|Bytes:7
13:58:21.0 (43969522)|HEAP_ALLOCATE|[7]|Bytes:28
13:58:21.0 (43989165)|HEAP_ALLOCATE|[7]|Bytes:7
13:58:21.0 (44004736)|HEAP_ALLOCATE|[7]|Bytes:28
13:58:21.0 (44011497)|HEAP_ALLOCATE|[7]|Bytes:7
13:58:21.0 (44021419)|HEAP_ALLOCATE|[7]|Bytes:28
13:58:21.0 (47832375)|SOQL_EXECUTE_BEGIN|[7]|Aggregations:0|SELECT Name, Id, Owner.FirstName, Owner.LastName, Permanent_Partner_Manager__c, Partner_Manager__c, BillingLatitude, BillingLongitude FROM Account WHERE DISTANCE(BillingAddress, GEOLOCATION(:tmpVar1, :tmpVar2), 'mi') < :tmpVar3
13:58:21.0 (72504167)|SOQL_EXECUTE_END|[7]|Rows:1
13:58:21.0 (72528006)|HEAP_ALLOCATE|[7]|Bytes:8
13:58:21.0 (72573861)|HEAP_ALLOCATE|[7]|Bytes:349
13:58:21.0 (72640983)|HEAP_ALLOCATE|[7]|Bytes:8
13:58:21.0 (72661443)|VARIABLE_SCOPE_BEGIN|[7]|localAccounts|List<Account>|true|false
13:58:21.0 (72855835)|VARIABLE_ASSIGNMENT|[7]|localAccounts|{"s":1,"v":[{"s":2,"v":{"Name":"Coca Cola (HQ)","Id":"00136000008vIeSAAU","OwnerId":"00536000001L21qAAC","Permanent_Partner_Ma (8 more) ...":false,"Partner_Manager__c":"00536000001L21qAAC","BillingLatitude":33.770893900000000,"BillingLongitude":-84.398620900000000,"Owner":{"s":3,"v":{"FirstName":"David","LastName":"Scruggs","Id":"00536000001L21qAAC"}}}}]}|0x4648af5e
13:58:21.0 (94254509)|HEAP_DUMP|[11]|07n36000000PCDw|AccountGeoExtension|none|11
13:58:21.0 (94266147)|STATEMENT_EXECUTE|[11]
13:58:21.0 (94281507)|HEAP_ALLOCATE|[11]|Bytes:7
13:58:21.0 (94599158)|HEAP_ALLOCATE|[11]|Bytes:1
13:58:21.0 (94614796)|HEAP_ALLOCATE|[11]|Bytes:9
13:58:21.0 (94629424)|HEAP_ALLOCATE|[11]|Bytes:17
13:58:21.0 (94652344)|USER_DEBUG|[11]|DEBUG| Found 1 accounts
13:58:21.0 (94663666)|STATEMENT_EXECUTE|[12]
13:58:21.0 (102975110)|SYSTEM_MODE_EXIT|false
13:58:21.103 (103034651)|CUMULATIVE_LIMIT_USAGE
13:58:21.103 (103034651)|LIMIT_USAGE_FOR_NS|(default)|
  Number of SOQL queries: 1 out of 100
  Number of query rows: 1 out of 50000
  Number of SOSL queries: 0 out of 20
  Number of DML statements: 0 out of 150
  Number of DML rows: 0 out of 10000
  Maximum CPU time: 0 out of 10000
  Maximum heap size: 0 out of 6000000
  Number of callouts: 0 out of 100
  Number of Email Invocations: 0 out of 10
  Number of future calls: 0 out of 50
  Number of queueable jobs added to the queue: 0 out of 50
  Number of Mobile Apex push calls: 0 out of 10

13:58:21.103 (103034651)|CUMULATIVE_LIMIT_USAGE_END

13:58:21.0 (103075862)|CODE_UNIT_FINISHED|AccountGeoExtension.getLocalAccounts
13:58:21.0 (105463869)|EXECUTION_FINISHED
