36.0 APEX_CODE,FINEST;APEX_PROFILING,INFO;CALLOUT,INFO;DB,INFO;SYSTEM,DEBUG;VALIDATION,INFO;VISUALFORCE,INFO;WORKFLOW,INFO
13:53:59.0 (458101)|EXECUTION_STARTED
13:53:59.0 (493213)|CODE_UNIT_STARTED|[EXTERNAL]|aura
13:53:59.0 (938126)|HEAP_ALLOCATE|[72]|Bytes:3
13:53:59.0 (1003190)|HEAP_ALLOCATE|[77]|Bytes:152
13:53:59.0 (1026251)|HEAP_ALLOCATE|[342]|Bytes:408
13:53:59.0 (1047403)|HEAP_ALLOCATE|[355]|Bytes:408
13:53:59.0 (1067852)|HEAP_ALLOCATE|[467]|Bytes:48
13:53:59.0 (1108455)|HEAP_ALLOCATE|[139]|Bytes:6
13:53:59.0 (1144403)|HEAP_ALLOCATE|[EXTERNAL]|Bytes:7
13:53:59.0 (1160141)|HEAP_ALLOCATE|[EXTERNAL]|Bytes:7
13:53:59.0 (1224313)|HEAP_ALLOCATE|[EXTERNAL]|Bytes:86
13:53:59.0 (1233644)|HEAP_ALLOCATE|[EXTERNAL]|Bytes:86
13:53:59.0 (2953406)|CODE_UNIT_STARTED|[EXTERNAL]|01p360000053CeT|CellController.forceLoadData
13:53:59.0 (3107290)|HEAP_ALLOCATE|[EXTERNAL]|Bytes:19
13:53:59.0 (3114187)|HEAP_ALLOCATE|[EXTERNAL]|Bytes:22
13:53:59.0 (3134246)|METHOD_ENTRY|[1]|01p360000053CeT|CellController.CellController()
13:53:59.0 (3145128)|STATEMENT_EXECUTE|[1]
13:53:59.0 (3156142)|STATEMENT_EXECUTE|[1]
13:53:59.0 (3197833)|HEAP_ALLOCATE|[50]|Bytes:5
13:53:59.0 (3225696)|HEAP_ALLOCATE|[56]|Bytes:5
13:53:59.0 (3234419)|HEAP_ALLOCATE|[64]|Bytes:7
13:53:59.0 (3265904)|SYSTEM_MODE_ENTER|false
13:53:59.0 (3289737)|HEAP_ALLOCATE|[EXTERNAL]|Bytes:5
13:53:59.0 (3296106)|STATEMENT_EXECUTE|[2]
13:53:59.0 (3298373)|STATEMENT_EXECUTE|[69]
13:53:59.0 (3306334)|SYSTEM_MODE_EXIT|false
13:53:59.0 (3319532)|METHOD_EXIT|[1]|CellController
13:53:59.0 (3324970)|HEAP_ALLOCATE|[EXTERNAL]|Bytes:7
13:53:59.0 (3326898)|HEAP_ALLOCATE|[EXTERNAL]|Bytes:86
13:53:59.0 (3333320)|SYSTEM_MODE_ENTER|false
13:53:59.0 (3346369)|VARIABLE_SCOPE_BEGIN|[149]|objectName|String|false|false
13:53:59.0 (3373856)|VARIABLE_ASSIGNMENT|[149]|objectName|"Account"
13:53:59.0 (3379953)|VARIABLE_SCOPE_BEGIN|[149]|fields|String|false|false
13:53:59.0 (3386460)|VARIABLE_ASSIGNMENT|[149]|fields|"Name, AccountNumber, (66 more) ..."
13:53:59.0 (3401312)|HEAP_ALLOCATE|[150]|Bytes:5
13:53:59.0 (3406297)|STATEMENT_EXECUTE|[149]
13:53:59.0 (3409437)|STATEMENT_EXECUTE|[150]
13:53:59.0 (37078047)|HEAP_ALLOCATE|[155]|Bytes:1992
13:53:59.0 (37124057)|STATEMENT_EXECUTE|[155]
13:53:59.0 (37126986)|STATEMENT_EXECUTE|[161]
13:53:59.0 (37138408)|VARIABLE_SCOPE_BEGIN|[161]|recordList|List<SObject>|true|false
13:53:59.0 (37149903)|VARIABLE_ASSIGNMENT|[161]|recordList|null|
13:53:59.0 (37153153)|STATEMENT_EXECUTE|[165]
13:53:59.0 (37154896)|STATEMENT_EXECUTE|[167]
13:53:59.0 (42040403)|HEAP_ALLOCATE|[167]|Bytes:1992
13:53:59.0 (42982533)|HEAP_ALLOCATE|[167]|Bytes:4
13:53:59.0 (45490627)|HEAP_ALLOCATE|[167]|Bytes:428
13:53:59.0 (45504576)|VARIABLE_SCOPE_BEGIN|[167]|fieldMap|Map<String,Schema.SObjectField>|true|false
13:53:59.0 (45758682)|VARIABLE_ASSIGNMENT|[167]|fieldMap|"{accountnumber=AccountNumber, accountsource=AccountSource, activeliveagentuser__pc=ActiveLiveAgentUser__pc, annualrevenue=AnnualRevenue, billingaddress=BillingAddress, billingcity=BillingCity, billingcountry=BillingCountry, billinglatitude=BillingLatitude, billinglongitude=BillingLongitude, billingpostalcode=BillingPostalCode, ...}"|0x5ef5f66f
13:53:59.0 (45769368)|HEAP_ALLOCATE|[168]|Bytes:1
13:53:59.0 (45838626)|HEAP_ALLOCATE|[168]|Bytes:80
13:53:59.0 (45852285)|HEAP_ALLOCATE|[168]|Bytes:1
13:53:59.0 (45888220)|HEAP_ALLOCATE|[168]|Bytes:4
13:53:59.0 (45891756)|HEAP_ALLOCATE|[168]|Bytes:13
13:53:59.0 (45893369)|HEAP_ALLOCATE|[168]|Bytes:15
13:53:59.0 (45894849)|HEAP_ALLOCATE|[168]|Bytes:16
13:53:59.0 (45896577)|HEAP_ALLOCATE|[168]|Bytes:8
13:53:59.0 (45898066)|HEAP_ALLOCATE|[168]|Bytes:5
13:53:59.0 (45899538)|HEAP_ALLOCATE|[168]|Bytes:13
13:53:59.0 (45902482)|HEAP_ALLOCATE|[168]|Bytes:32
13:53:59.0 (45999585)|HEAP_ALLOCATE|[168]|Bytes:5
13:53:59.0 (46022773)|VARIABLE_SCOPE_BEGIN|[168]|field|String|false|false
13:53:59.0 (46031975)|VARIABLE_ASSIGNMENT|[168]|field|"Name"
13:53:59.0 (46037080)|STATEMENT_EXECUTE|[168]
13:53:59.0 (46073064)|HEAP_ALLOCATE|[169]|Bytes:4
13:53:59.0 (46103138)|STATEMENT_EXECUTE|[169]
13:53:59.0 (46114498)|HEAP_ALLOCATE|[168]|Bytes:5
13:53:59.0 (46125027)|VARIABLE_SCOPE_BEGIN|[168]|field|String|false|false
13:53:59.0 (46132121)|VARIABLE_ASSIGNMENT|[168]|field|"AccountNumber"
13:53:59.0 (46135431)|STATEMENT_EXECUTE|[168]
13:53:59.0 (46146983)|HEAP_ALLOCATE|[169]|Bytes:13
13:53:59.0 (46164580)|STATEMENT_EXECUTE|[169]
13:53:59.0 (46173422)|HEAP_ALLOCATE|[168]|Bytes:5
13:53:59.0 (46182533)|VARIABLE_SCOPE_BEGIN|[168]|field|String|false|false
13:53:59.0 (46188688)|VARIABLE_ASSIGNMENT|[168]|field|"BillingLatitude"
13:53:59.0 (46192232)|STATEMENT_EXECUTE|[168]
13:53:59.0 (46203034)|HEAP_ALLOCATE|[169]|Bytes:15
13:53:59.0 (46219725)|STATEMENT_EXECUTE|[169]
13:53:59.0 (46228367)|HEAP_ALLOCATE|[168]|Bytes:5
13:53:59.0 (46237233)|VARIABLE_SCOPE_BEGIN|[168]|field|String|false|false
13:53:59.0 (46243038)|VARIABLE_ASSIGNMENT|[168]|field|"BillingLongitude"
13:53:59.0 (46246185)|STATEMENT_EXECUTE|[168]
13:53:59.0 (46256567)|HEAP_ALLOCATE|[169]|Bytes:16
13:53:59.0 (46272970)|STATEMENT_EXECUTE|[169]
13:53:59.0 (46281492)|HEAP_ALLOCATE|[168]|Bytes:5
13:53:59.0 (46295708)|VARIABLE_SCOPE_BEGIN|[168]|field|String|false|false
13:53:59.0 (46301839)|VARIABLE_ASSIGNMENT|[168]|field|"Industry"
13:53:59.0 (46305188)|STATEMENT_EXECUTE|[168]
13:53:59.0 (46316465)|HEAP_ALLOCATE|[169]|Bytes:8
13:53:59.0 (46333348)|STATEMENT_EXECUTE|[169]
13:53:59.0 (46342100)|HEAP_ALLOCATE|[168]|Bytes:5
13:53:59.0 (46351082)|VARIABLE_SCOPE_BEGIN|[168]|field|String|false|false
13:53:59.0 (46356552)|VARIABLE_ASSIGNMENT|[168]|field|"Phone"
13:53:59.0 (46360026)|STATEMENT_EXECUTE|[168]
13:53:59.0 (46370456)|HEAP_ALLOCATE|[169]|Bytes:5
13:53:59.0 (46386859)|STATEMENT_EXECUTE|[169]
13:53:59.0 (46395409)|HEAP_ALLOCATE|[168]|Bytes:5
13:53:59.0 (46404112)|VARIABLE_SCOPE_BEGIN|[168]|field|String|false|false
13:53:59.0 (46410002)|VARIABLE_ASSIGNMENT|[168]|field|"AnnualRevenue"
13:53:59.0 (46412918)|STATEMENT_EXECUTE|[168]
13:53:59.0 (46423093)|HEAP_ALLOCATE|[169]|Bytes:13
13:53:59.0 (46439236)|STATEMENT_EXECUTE|[169]
13:53:59.0 (46447655)|HEAP_ALLOCATE|[168]|Bytes:5
13:53:59.0 (46457983)|VARIABLE_ASSIGNMENT|[168]|field|null
13:53:59.0 (46462415)|STATEMENT_EXECUTE|[175]
13:53:59.0 (46502377)|HEAP_ALLOCATE|[175]|Bytes:80
13:53:59.0 (46534951)|HEAP_ALLOCATE|[175]|Bytes:80
13:53:59.0 (46543804)|VARIABLE_SCOPE_BEGIN|[175]|escapedFields|String|false|false
13:53:59.0 (46552933)|VARIABLE_ASSIGNMENT|[175]|escapedFields|"Name,AccountNumber,B (60 more) ..."
13:53:59.0 (46556926)|STATEMENT_EXECUTE|[176]
13:53:59.0 (46583642)|HEAP_ALLOCATE|[176]|Bytes:7
13:53:59.0 (46594841)|VARIABLE_SCOPE_BEGIN|[176]|escapedObject|String|false|false
13:53:59.0 (46601056)|VARIABLE_ASSIGNMENT|[176]|escapedObject|"Account"
13:53:59.0 (46604550)|STATEMENT_EXECUTE|[177]
13:53:59.0 (46607836)|HEAP_ALLOCATE|[177]|Bytes:7
13:53:59.0 (46610828)|HEAP_ALLOCATE|[177]|Bytes:6
13:53:59.0 (46613901)|HEAP_ALLOCATE|[177]|Bytes:32
13:53:59.0 (46629071)|HEAP_ALLOCATE|[177]|Bytes:132
13:53:59.0 (46633202)|VARIABLE_SCOPE_BEGIN|[177]|soql|String|false|false
13:53:59.0 (46640155)|VARIABLE_ASSIGNMENT|[177]|soql|"select Name,AccountN (112 more) ..."
13:53:59.0 (46643429)|STATEMENT_EXECUTE|[178]
13:53:59.0 (50067632)|HEAP_ALLOCATE|[178]|Bytes:10
13:53:59.0 (50076373)|HEAP_ALLOCATE|[178]|Bytes:31
13:53:59.0 (50079686)|HEAP_ALLOCATE|[178]|Bytes:7
13:53:59.0 (50103639)|METHOD_ENTRY|[1]|01p360000053CeU|CellCrud.CellCrud()
13:53:59.0 (50110012)|STATEMENT_EXECUTE|[1]
13:53:59.0 (50118976)|STATEMENT_EXECUTE|[1]
13:53:59.0 (50125215)|HEAP_ALLOCATE|[178]|Bytes:5
13:53:59.0 (50129017)|STATEMENT_EXECUTE|[2]
13:53:59.0 (50140283)|METHOD_EXIT|[1]|CellCrud
13:53:59.0 (50173183)|METHOD_ENTRY|[178]|01p360000053CeU|CellCrud.squery(String)
13:53:59.0 (50196058)|VARIABLE_SCOPE_BEGIN|[142]|soql|String|false|false
13:53:59.0 (50206832)|VARIABLE_ASSIGNMENT|[142]|soql|"select Name,AccountN (112 more) ..."
13:53:59.0 (50215971)|HEAP_ALLOCATE|[143]|Bytes:5
13:53:59.0 (50220936)|STATEMENT_EXECUTE|[142]
13:53:59.0 (50222795)|STATEMENT_EXECUTE|[143]
13:53:59.0 (50226071)|VARIABLE_SCOPE_BEGIN|[143]|records|List<SObject>|true|false
13:53:59.0 (50232025)|VARIABLE_ASSIGNMENT|[143]|records|null|
13:53:59.0 (50234394)|STATEMENT_EXECUTE|[144]
13:53:59.0 (50235951)|STATEMENT_EXECUTE|[144]
13:53:59.0 (50237355)|STATEMENT_EXECUTE|[145]
13:53:59.0 (50701814)|SOQL_EXECUTE_BEGIN|[145]|Aggregations:0|select Name,AccountNumber,BillingLatitude,BillingLongitude,Industry,Phone,AnnualRevenue from Account order by CreatedDate desc, Name
13:53:59.0 (61269810)|SOQL_EXECUTE_END|[145]|Rows:63
13:53:59.0 (61295391)|HEAP_ALLOCATE|[145]|Bytes:256
13:53:59.0 (61423364)|HEAP_ALLOCATE|[145]|Bytes:9675
13:53:59.0 (61522430)|HEAP_ALLOCATE|[145]|Bytes:256
13:53:59.0 (61553485)|VARIABLE_ASSIGNMENT|[145]|records|{"s":1,"v":"List of size 63 too large to display"}|0x20a9925e
13:53:59.0 (61646211)|STATEMENT_EXECUTE|[151]
13:53:59.0 (61649431)|STATEMENT_EXECUTE|[153]
13:53:59.0 (61676692)|HEAP_ALLOCATE|[153]|Bytes:24
13:53:59.0 (61746395)|VARIABLE_SCOPE_BEGIN|[153]|targetType|Schema.SObjectType|true|false
13:53:59.0 (61809891)|VARIABLE_ASSIGNMENT|[153]|targetType|"common.apex.runtime.impl.ApexSObjectTypeToken@5220e84c"|0x5220e84c
13:53:59.0 (61817291)|STATEMENT_EXECUTE|[154]
13:53:59.0 (61819371)|STATEMENT_EXECUTE|[160]
13:53:59.0 (61870279)|HEAP_ALLOCATE|[160]|Bytes:4
13:53:59.0 (61914239)|VARIABLE_SCOPE_BEGIN|[160]|sobjResult|Schema.DescribeSObjectResult|true|false
13:53:59.0 (61987190)|VARIABLE_ASSIGNMENT|[160]|sobjResult|"common.api.soap.wsdl.DescribeSObjectResult@63f4b343"|0x3e77ab34
13:53:59.0 (61994134)|STATEMENT_EXECUTE|[163]
13:53:59.0 (62297743)|HEAP_ALLOCATE|[163]|Bytes:428
13:53:59.0 (62308707)|VARIABLE_SCOPE_BEGIN|[163]|m|Map<String,Schema.SObjectField>|true|false
13:53:59.0 (62445295)|VARIABLE_ASSIGNMENT|[163]|m|"{accountnumber=AccountNumber, accountsource=AccountSource, activeliveagentuser__pc=ActiveLiveAgentUser__pc, annualrevenue=AnnualRevenue, billingaddress=BillingAddress, billingcity=BillingCity, billingcountry=BillingCountry, billinglatitude=BillingLatitude, billinglongitude=BillingLongitude, billingpostalcode=BillingPostalCode, ...}"|0x2d47c78e
13:53:59.0 (62454466)|STATEMENT_EXECUTE|[165]
13:53:59.0 (62465617)|HEAP_ALLOCATE|[165]|Bytes:24
13:53:59.0 (62529985)|HEAP_ALLOCATE|[165]|Bytes:18
13:53:59.0 (62546395)|SYSTEM_METHOD_ENTRY|[1]|JSON.JSON()
13:53:59.0 (62551294)|STATEMENT_EXECUTE|[1]
13:53:59.0 (62563805)|SYSTEM_METHOD_EXIT|[1]|JSON
13:53:59.0 (62580099)|METHOD_ENTRY|[165]||System.JSON.serialize(Object)
13:53:59.0 (62738358)|METHOD_EXIT|[165]||System.JSON.serialize(Object)
13:53:59.0 (62745376)|VARIABLE_SCOPE_BEGIN|[165]|object_json|String|false|false
13:53:59.0 (62756633)|VARIABLE_ASSIGNMENT|[165]|object_json|"{\"attributes\":{\"type (210 more) ..."
13:53:59.0 (62761038)|STATEMENT_EXECUTE|[166]
13:53:59.0 (62771437)|METHOD_ENTRY|[166]||System.JSON.deserializeUntyped(String)
13:53:59.0 (63407280)|HEAP_ALLOCATE|[11]|Bytes:12
13:53:59.0 (63482246)|METHOD_EXIT|[166]||System.JSON.deserializeUntyped(String)
13:53:59.0 (63491652)|VARIABLE_SCOPE_BEGIN|[166]|object_map|Map<String,ANY>|true|false
13:53:59.0 (63523166)|VARIABLE_ASSIGNMENT|[166]|object_map|{"s":1,"v":"Map of size 6 too large to display"}|0x4ee5397b
13:53:59.0 (63528957)|STATEMENT_EXECUTE|[168]
13:53:59.0 (63541687)|HEAP_ALLOCATE|[168]|Bytes:4
13:53:59.0 (63585297)|VARIABLE_SCOPE_BEGIN|[168]|forbiddenFields|Set<String>|true|false
13:53:59.0 (63624956)|VARIABLE_ASSIGNMENT|[168]|forbiddenFields|{"s":1,"v":[]}|0x4dc80598
13:53:59.0 (63633339)|HEAP_ALLOCATE|[169]|Bytes:4
13:53:59.0 (63707116)|HEAP_ALLOCATE|[169]|Bytes:1944
13:53:59.0 (63736528)|HEAP_ALLOCATE|[169]|Bytes:424
13:53:59.0 (63758649)|HEAP_ALLOCATE|[169]|Bytes:5
13:53:59.0 (63772558)|VARIABLE_SCOPE_BEGIN|[169]|key|String|false|false
13:53:59.0 (63779924)|VARIABLE_ASSIGNMENT|[169]|key|"id"
13:53:59.0 (63784119)|STATEMENT_EXECUTE|[169]
13:53:59.0 (63786004)|STATEMENT_EXECUTE|[170]
13:53:59.0 (64438202)|HEAP_ALLOCATE|[170]|Bytes:8
13:53:59.0 (64471177)|VARIABLE_SCOPE_BEGIN|[170]|descField|Schema.DescribeFieldResult|true|false
13:53:59.0 (64545865)|VARIABLE_ASSIGNMENT|[170]|descField|"common.api.soap.wsdl.Field@fead9faa"|0x39d9854f
13:53:59.0 (64568985)|HEAP_ALLOCATE|[172]|Bytes:2
13:53:59.0 (64611196)|STATEMENT_EXECUTE|[172]
13:53:59.0 (64628287)|STATEMENT_EXECUTE|[173]
13:53:59.0 (64641161)|HEAP_ALLOCATE|[169]|Bytes:5
13:53:59.0 (64652648)|VARIABLE_SCOPE_BEGIN|[169]|key|String|false|false
13:53:59.0 (64660354)|VARIABLE_ASSIGNMENT|[169]|key|"isdeleted"
13:53:59.0 (64663772)|STATEMENT_EXECUTE|[169]
13:53:59.0 (64665432)|STATEMENT_EXECUTE|[170]
13:53:59.0 (64795572)|HEAP_ALLOCATE|[170]|Bytes:8
13:53:59.0 (64805246)|VARIABLE_SCOPE_BEGIN|[170]|descField|Schema.DescribeFieldResult|true|false
13:53:59.0 (64870169)|VARIABLE_ASSIGNMENT|[170]|descField|"common.api.soap.wsdl.Field@77674a4b"|0x3d683d40
13:53:59.0 (64881235)|HEAP_ALLOCATE|[172]|Bytes:9
13:53:59.0 (64899211)|STATEMENT_EXECUTE|[172]
13:53:59.0 (64910090)|HEAP_ALLOCATE|[169]|Bytes:5
13:53:59.0 (64920360)|VARIABLE_SCOPE_BEGIN|[169]|key|String|false|false
13:53:59.0 (64927493)|VARIABLE_ASSIGNMENT|[169]|key|"masterrecordid"
13:53:59.0 (64930768)|STATEMENT_EXECUTE|[169]
13:53:59.0 (64932444)|STATEMENT_EXECUTE|[170]
13:53:59.0 (65067080)|HEAP_ALLOCATE|[170]|Bytes:8
13:53:59.0 (65077632)|VARIABLE_SCOPE_BEGIN|[170]|descField|Schema.DescribeFieldResult|true|false
13:53:59.0 (65142103)|VARIABLE_ASSIGNMENT|[170]|descField|"common.api.soap.wsdl.Field@c78ada70"|0x31884570
13:53:59.0 (65153563)|HEAP_ALLOCATE|[172]|Bytes:14
13:53:59.0 (65174985)|STATEMENT_EXECUTE|[172]
13:53:59.0 (65186050)|HEAP_ALLOCATE|[169]|Bytes:5
13:53:59.0 (65196275)|VARIABLE_SCOPE_BEGIN|[169]|key|String|false|false
13:53:59.0 (65203027)|VARIABLE_ASSIGNMENT|[169]|key|"name"
13:53:59.0 (65206295)|STATEMENT_EXECUTE|[169]
13:53:59.0 (65207967)|STATEMENT_EXECUTE|[170]
13:53:59.0 (65343257)|HEAP_ALLOCATE|[170]|Bytes:8
13:53:59.0 (65352788)|VARIABLE_SCOPE_BEGIN|[170]|descField|Schema.DescribeFieldResult|true|false
13:53:59.0 (65414990)|VARIABLE_ASSIGNMENT|[170]|descField|"common.api.soap.wsdl.Field@6f8e2a00"|0x3b68c2ac
13:53:59.0 (65425840)|HEAP_ALLOCATE|[172]|Bytes:4
13:53:59.0 (65443821)|STATEMENT_EXECUTE|[172]
13:53:59.0 (65450498)|STATEMENT_EXECUTE|[173]
13:53:59.0 (65461090)|HEAP_ALLOCATE|[169]|Bytes:5
13:53:59.0 (65471259)|VARIABLE_SCOPE_BEGIN|[169]|key|String|false|false
13:53:59.0 (65478064)|VARIABLE_ASSIGNMENT|[169]|key|"lastname"
13:53:59.0 (65481232)|STATEMENT_EXECUTE|[169]
13:53:59.0 (65483162)|STATEMENT_EXECUTE|[170]
13:53:59.0 (65614052)|HEAP_ALLOCATE|[170]|Bytes:8
13:53:59.0 (65623343)|VARIABLE_SCOPE_BEGIN|[170]|descField|Schema.DescribeFieldResult|true|false
13:53:59.0 (65685078)|VARIABLE_ASSIGNMENT|[170]|descField|"common.api.soap.wsdl.Field@429e4864"|0x1d33867a
13:53:59.0 (65695973)|HEAP_ALLOCATE|[172]|Bytes:8
13:53:59.0 (65713195)|STATEMENT_EXECUTE|[172]
13:53:59.0 (65723550)|HEAP_ALLOCATE|[169]|Bytes:5
13:53:59.0 (65733587)|VARIABLE_SCOPE_BEGIN|[169]|key|String|false|false
13:53:59.0 (65740277)|VARIABLE_ASSIGNMENT|[169]|key|"firstname"
13:53:59.0 (65743675)|STATEMENT_EXECUTE|[169]
13:53:59.0 (65745369)|STATEMENT_EXECUTE|[170]
13:53:59.0 (65866478)|HEAP_ALLOCATE|[170]|Bytes:8
13:53:59.0 (65875665)|VARIABLE_SCOPE_BEGIN|[170]|descField|Schema.DescribeFieldResult|true|false
13:53:59.0 (65936627)|VARIABLE_ASSIGNMENT|[170]|descField|"common.api.soap.wsdl.Field@be7f34ed"|0x4b70a9be
13:53:59.0 (65947315)|HEAP_ALLOCATE|[172]|Bytes:9
13:53:59.0 (65964408)|STATEMENT_EXECUTE|[172]
13:53:59.0 (65974996)|HEAP_ALLOCATE|[169]|Bytes:5
13:53:59.0 (65985001)|VARIABLE_SCOPE_BEGIN|[169]|key|String|false|false
13:53:59.0 (65991583)|VARIABLE_ASSIGNMENT|[169]|key|"salutation"
13:53:59.0 (65994678)|STATEMENT_EXECUTE|[169]
13:53:59.0 (65996392)|STATEMENT_EXECUTE|[170]
13:53:59.0 (66123566)|HEAP_ALLOCATE|[170]|Bytes:8
13:53:59.0 (66133876)|VARIABLE_SCOPE_BEGIN|[170]|descField|Schema.DescribeFieldResult|true|false
13:53:59.0 (66195087)|VARIABLE_ASSIGNMENT|[170]|descField|"common.api.soap.wsdl.Field@bbe368e0"|0x141a2628
13:53:59.0 (66205823)|HEAP_ALLOCATE|[172]|Bytes:10
13:53:59.0 (66222962)|STATEMENT_EXECUTE|[172]
13:53:59.0 (66233335)|HEAP_ALLOCATE|[169]|Bytes:5
13:53:59.0 (66243159)|VARIABLE_SCOPE_BEGIN|[169]|key|String|false|false
13:53:59.0 (66249567)|VARIABLE_ASSIGNMENT|[169]|key|"type"
13:53:59.0 (66252687)|STATEMENT_EXECUTE|[169]
13:53:59.0 (66254326)|STATEMENT_EXECUTE|[170]
13:53:59.0 (66554858)|HEAP_ALLOCATE|[170]|Bytes:8
13:53:59.0 (66564848)|VARIABLE_SCOPE_BEGIN|[170]|descField|Schema.DescribeFieldResult|true|false
13:53:59.0 (66628455)|VARIABLE_ASSIGNMENT|[170]|descField|"common.api.soap.wsdl.Field@f3f6f0a5"|0x40cb55fc
13:53:59.0 (66639478)|HEAP_ALLOCATE|[172]|Bytes:4
13:53:59.0 (66657487)|STATEMENT_EXECUTE|[172]
13:53:59.0 (66668422)|HEAP_ALLOCATE|[169]|Bytes:5
13:53:59.0 (66678522)|VARIABLE_SCOPE_BEGIN|[169]|key|String|false|false
13:53:59.0 (66685302)|VARIABLE_ASSIGNMENT|[169]|key|"recordtypeid"
13:53:59.0 (66688489)|STATEMENT_EXECUTE|[169]
13:53:59.0 (66690125)|STATEMENT_EXECUTE|[170]
13:53:59.0 (66850279)|HEAP_ALLOCATE|[170]|Bytes:8
13:53:59.0 (66859903)|VARIABLE_SCOPE_BEGIN|[170]|descField|Schema.DescribeFieldResult|true|false
13:53:59.0 (66922175)|VARIABLE_ASSIGNMENT|[170]|descField|"common.api.soap.wsdl.Field@8b397baa"|0x3c9d2719
13:53:59.0 (66933015)|HEAP_ALLOCATE|[172]|Bytes:12
13:53:59.0 (66953703)|STATEMENT_EXECUTE|[172]
13:53:59.0 (66964660)|HEAP_ALLOCATE|[169]|Bytes:5
13:53:59.0 (66975016)|VARIABLE_SCOPE_BEGIN|[169]|key|String|false|false
13:53:59.0 (66981870)|VARIABLE_ASSIGNMENT|[169]|key|"parentid"
13:53:59.0 (66985582)|STATEMENT_EXECUTE|[169]
13:53:59.0 (66987220)|STATEMENT_EXECUTE|[170]
13:53:59.0 (67164217)|HEAP_ALLOCATE|[170]|Bytes:8
13:53:59.0 (67174666)|VARIABLE_SCOPE_BEGIN|[170]|descField|Schema.DescribeFieldResult|true|false
13:53:59.0 (67237778)|VARIABLE_ASSIGNMENT|[170]|descField|"common.api.soap.wsdl.Field@6083f59b"|0x4f7ffb0e
13:53:59.0 (67248530)|HEAP_ALLOCATE|[172]|Bytes:8
13:53:59.0 (67265820)|STATEMENT_EXECUTE|[172]
13:53:59.0 (67276495)|HEAP_ALLOCATE|[169]|Bytes:5
13:53:59.0 (67286401)|VARIABLE_SCOPE_BEGIN|[169]|key|String|false|false
13:53:59.0 (67293235)|VARIABLE_ASSIGNMENT|[169]|key|"billingstreet"
13:53:59.0 (67296281)|STATEMENT_EXECUTE|[169]
13:53:59.0 (67297893)|STATEMENT_EXECUTE|[170]
13:53:59.0 (67436938)|HEAP_ALLOCATE|[170]|Bytes:8
13:53:59.0 (67446268)|VARIABLE_SCOPE_BEGIN|[170]|descField|Schema.DescribeFieldResult|true|false
13:53:59.0 (67512827)|VARIABLE_ASSIGNMENT|[170]|descField|"common.api.soap.wsdl.Field@3d77b32a"|0x34990ef5
13:53:59.0 (67523701)|HEAP_ALLOCATE|[172]|Bytes:13
13:53:59.0 (67541210)|STATEMENT_EXECUTE|[172]
13:53:59.0 (67551637)|HEAP_ALLOCATE|[169]|Bytes:5
13:53:59.0 (67561528)|VARIABLE_SCOPE_BEGIN|[169]|key|String|false|false
13:53:59.0 (67568261)|VARIABLE_ASSIGNMENT|[169]|key|"billingcity"
13:53:59.0 (67571391)|STATEMENT_EXECUTE|[169]
13:53:59.0 (67573025)|STATEMENT_EXECUTE|[170]
13:53:59.0 (67700144)|HEAP_ALLOCATE|[170]|Bytes:8
13:53:59.0 (67709374)|VARIABLE_SCOPE_BEGIN|[170]|descField|Schema.DescribeFieldResult|true|false
13:53:59.0 (67770194)|VARIABLE_ASSIGNMENT|[170]|descField|"common.api.soap.wsdl.Field@4ec8b450"|0x23421556
13:53:59.0 (67780837)|HEAP_ALLOCATE|[172]|Bytes:11
13:53:59.0 (67797867)|STATEMENT_EXECUTE|[172]
13:53:59.0 (67808306)|HEAP_ALLOCATE|[169]|Bytes:5
13:53:59.0 (67818151)|VARIABLE_SCOPE_BEGIN|[169]|key|String|false|false
13:53:59.0 (67824738)|VARIABLE_ASSIGNMENT|[169]|key|"billingstate"
13:53:59.0 (67827727)|STATEMENT_EXECUTE|[169]
13:53:59.0 (67829416)|STATEMENT_EXECUTE|[170]
13:53:59.0 (67955780)|HEAP_ALLOCATE|[170]|Bytes:8
13:53:59.0 (67965362)|VARIABLE_SCOPE_BEGIN|[170]|descField|Schema.DescribeFieldResult|true|false
13:53:59.0 (68026111)|VARIABLE_ASSIGNMENT|[170]|descField|"common.api.soap.wsdl.Field@5e4f10b7"|0x71cb258f
13:53:59.0 (68037686)|HEAP_ALLOCATE|[172]|Bytes:12
13:53:59.0 (68054859)|STATEMENT_EXECUTE|[172]
13:53:59.0 (68065576)|HEAP_ALLOCATE|[169]|Bytes:5
13:53:59.0 (68075513)|VARIABLE_SCOPE_BEGIN|[169]|key|String|false|false
13:53:59.0 (68082432)|VARIABLE_ASSIGNMENT|[169]|key|"billingpostalcode"
13:53:59.0 (68085482)|STATEMENT_EXECUTE|[169]
13:53:59.0 (68087084)|STATEMENT_EXECUTE|[170]
13:53:59.0 (68211828)|HEAP_ALLOCATE|[170]|Bytes:8
13:53:59.0 (68221179)|VARIABLE_SCOPE_BEGIN|[170]|descField|Schema.DescribeFieldResult|true|false
13:53:59.0 (68281654)|VARIABLE_ASSIGNMENT|[170]|descField|"common.api.soap.wsdl.Field@cdb451a3"|0x6733456e
13:53:59.0 (68292307)|HEAP_ALLOCATE|[172]|Bytes:17
13:53:59.0 (68309263)|STATEMENT_EXECUTE|[172]
13:53:59.0 (68319568)|HEAP_ALLOCATE|[169]|Bytes:5
13:53:59.0 (68329445)|VARIABLE_SCOPE_BEGIN|[169]|key|String|false|false
13:53:59.0 (68336393)|VARIABLE_ASSIGNMENT|[169]|key|"billingcountry"
13:53:59.0 (68339567)|STATEMENT_EXECUTE|[169]
13:53:59.0 (68341171)|STATEMENT_EXECUTE|[170]
13:53:59.0 (68465850)|HEAP_ALLOCATE|[170]|Bytes:8
13:53:59.0 (68475056)|VARIABLE_SCOPE_BEGIN|[170]|descField|Schema.DescribeFieldResult|true|false
13:53:59.0 (68539708)|VARIABLE_ASSIGNMENT|[170]|descField|"common.api.soap.wsdl.Field@421188e0"|0x780dbe1e
13:53:59.0 (68550609)|HEAP_ALLOCATE|[172]|Bytes:14
13:53:59.0 (68567554)|STATEMENT_EXECUTE|[172]
13:53:59.0 (68577948)|HEAP_ALLOCATE|[169]|Bytes:5
13:53:59.0 (68587991)|VARIABLE_SCOPE_BEGIN|[169]|key|String|false|false
13:53:59.0 (68594928)|VARIABLE_ASSIGNMENT|[169]|key|"billinglatitude"
13:53:59.0 (68597967)|STATEMENT_EXECUTE|[169]
13:53:59.0 (68599573)|STATEMENT_EXECUTE|[170]
13:53:59.0 (68727989)|HEAP_ALLOCATE|[170]|Bytes:8
13:53:59.0 (68737234)|VARIABLE_SCOPE_BEGIN|[170]|descField|Schema.DescribeFieldResult|true|false
13:53:59.0 (68797344)|VARIABLE_ASSIGNMENT|[170]|descField|"common.api.soap.wsdl.Field@7e56118c"|0x60574471
13:53:59.0 (68808305)|HEAP_ALLOCATE|[172]|Bytes:15
13:53:59.0 (68825158)|STATEMENT_EXECUTE|[172]
13:53:59.0 (68835387)|HEAP_ALLOCATE|[169]|Bytes:5
13:53:59.0 (68845041)|VARIABLE_SCOPE_BEGIN|[169]|key|String|false|false
13:53:59.0 (68851826)|VARIABLE_ASSIGNMENT|[169]|key|"billinglongitude"
13:53:59.0 (68854842)|STATEMENT_EXECUTE|[169]
13:53:59.0 (68856471)|STATEMENT_EXECUTE|[170]
13:53:59.0 (68982592)|HEAP_ALLOCATE|[170]|Bytes:8
13:53:59.0 (68991711)|VARIABLE_SCOPE_BEGIN|[170]|descField|Schema.DescribeFieldResult|true|false
13:53:59.0 (69051569)|VARIABLE_ASSIGNMENT|[170]|descField|"common.api.soap.wsdl.Field@92d993d7"|0x41274e0c
13:53:59.0 (69062879)|HEAP_ALLOCATE|[172]|Bytes:16
13:53:59.0 (69080077)|STATEMENT_EXECUTE|[172]
13:53:59.0 (69090409)|HEAP_ALLOCATE|[169]|Bytes:5
13:53:59.0 (69100196)|VARIABLE_SCOPE_BEGIN|[169]|key|String|false|false
13:53:59.0 (69106802)|VARIABLE_ASSIGNMENT|[169]|key|"billingaddress"
13:53:59.0 (69109932)|STATEMENT_EXECUTE|[169]
13:53:59.0 (69111947)|STATEMENT_EXECUTE|[170]
13:53:59.0 (69225250)|HEAP_ALLOCATE|[170]|Bytes:8
13:53:59.0 (69234431)|VARIABLE_SCOPE_BEGIN|[170]|descField|Schema.DescribeFieldResult|true|false
13:53:59.0 (69294705)|VARIABLE_ASSIGNMENT|[170]|descField|"common.api.soap.wsdl.Field@bb2f0b77"|0x67ccc3bc
13:53:59.0 (69305210)|HEAP_ALLOCATE|[172]|Bytes:14
13:53:59.0 (69322535)|STATEMENT_EXECUTE|[172]
13:53:59.0 (69332816)|HEAP_ALLOCATE|[169]|Bytes:5
13:53:59.0 (69342506)|VARIABLE_SCOPE_BEGIN|[169]|key|String|false|false
13:53:59.0 (69349032)|VARIABLE_ASSIGNMENT|[169]|key|"shippingstreet"
13:53:59.0 (69352039)|STATEMENT_EXECUTE|[169]
13:53:59.0 (69353645)|STATEMENT_EXECUTE|[170]
13:53:59.0 (69488527)|HEAP_ALLOCATE|[170]|Bytes:8
13:53:59.0 (69505436)|VARIABLE_SCOPE_BEGIN|[170]|descField|Schema.DescribeFieldResult|true|false
13:53:59.0 (69566462)|VARIABLE_ASSIGNMENT|[170]|descField|"common.api.soap.wsdl.Field@e91e84df"|0x3efe4882
13:53:59.0 (69577055)|HEAP_ALLOCATE|[172]|Bytes:14
13:53:59.0 (69594093)|STATEMENT_EXECUTE|[172]
13:53:59.0 (69604735)|HEAP_ALLOCATE|[169]|Bytes:5
13:53:59.0 (69614565)|VARIABLE_SCOPE_BEGIN|[169]|key|String|false|false
13:53:59.0 (69621017)|VARIABLE_ASSIGNMENT|[169]|key|"shippingcity"
13:53:59.0 (69624142)|STATEMENT_EXECUTE|[169]
13:53:59.0 (69625854)|STATEMENT_EXECUTE|[170]
13:53:59.0 (69749576)|HEAP_ALLOCATE|[170]|Bytes:8
13:53:59.0 (69758820)|VARIABLE_SCOPE_BEGIN|[170]|descField|Schema.DescribeFieldResult|true|false
13:53:59.0 (69818312)|VARIABLE_ASSIGNMENT|[170]|descField|"common.api.soap.wsdl.Field@9c365a25"|0x413daeff
13:53:59.0 (69828943)|HEAP_ALLOCATE|[172]|Bytes:12
13:53:59.0 (69846149)|STATEMENT_EXECUTE|[172]
13:53:59.0 (69856450)|HEAP_ALLOCATE|[169]|Bytes:5
13:53:59.0 (69866145)|VARIABLE_SCOPE_BEGIN|[169]|key|String|false|false
13:53:59.0 (69872669)|VARIABLE_ASSIGNMENT|[169]|key|"shippingstate"
13:53:59.0 (69875779)|STATEMENT_EXECUTE|[169]
13:53:59.0 (69877376)|STATEMENT_EXECUTE|[170]
13:53:59.0 (70006376)|HEAP_ALLOCATE|[170]|Bytes:8
13:53:59.0 (70016424)|VARIABLE_SCOPE_BEGIN|[170]|descField|Schema.DescribeFieldResult|true|false
13:53:59.0 (70076207)|VARIABLE_ASSIGNMENT|[170]|descField|"common.api.soap.wsdl.Field@e4831dc"|0x4652d05f
13:53:59.0 (70086853)|HEAP_ALLOCATE|[172]|Bytes:13
13:53:59.0 (70103771)|STATEMENT_EXECUTE|[172]
13:53:59.0 (70114024)|HEAP_ALLOCATE|[169]|Bytes:5
13:53:59.0 (70123902)|VARIABLE_SCOPE_BEGIN|[169]|key|String|false|false
13:53:59.0 (70130749)|VARIABLE_ASSIGNMENT|[169]|key|"shippingpostalcode"
13:53:59.0 (70133879)|STATEMENT_EXECUTE|[169]
13:53:59.0 (70135419)|STATEMENT_EXECUTE|[170]
13:53:59.0 (70258615)|HEAP_ALLOCATE|[170]|Bytes:8
13:53:59.0 (70267895)|VARIABLE_SCOPE_BEGIN|[170]|descField|Schema.DescribeFieldResult|true|false
13:53:59.0 (70327433)|VARIABLE_ASSIGNMENT|[170]|descField|"common.api.soap.wsdl.Field@4c15711e"|0x615af207
13:53:59.0 (70338046)|HEAP_ALLOCATE|[172]|Bytes:18
13:53:59.0 (70354919)|STATEMENT_EXECUTE|[172]
13:53:59.0 (70365142)|HEAP_ALLOCATE|[169]|Bytes:5
13:53:59.0 (70374818)|VARIABLE_SCOPE_BEGIN|[169]|key|String|false|false
13:53:59.0 (70381619)|VARIABLE_ASSIGNMENT|[169]|key|"shippingcountry"
13:53:59.0 (70384682)|STATEMENT_EXECUTE|[169]
13:53:59.0 (70386239)|STATEMENT_EXECUTE|[170]
13:53:59.0 (70514404)|HEAP_ALLOCATE|[170]|Bytes:8
13:53:59.0 (70523625)|VARIABLE_SCOPE_BEGIN|[170]|descField|Schema.DescribeFieldResult|true|false
13:53:59.0 (70583346)|VARIABLE_ASSIGNMENT|[170]|descField|"common.api.soap.wsdl.Field@a47d34f9"|0x7c44bbd9
13:53:59.0 (70593987)|HEAP_ALLOCATE|[172]|Bytes:15
13:53:59.0 (70610718)|STATEMENT_EXECUTE|[172]
13:53:59.0 (70621033)|HEAP_ALLOCATE|[169]|Bytes:5
13:53:59.0 (70630683)|VARIABLE_SCOPE_BEGIN|[169]|key|String|false|false
13:53:59.0 (70637374)|VARIABLE_ASSIGNMENT|[169]|key|"shippinglatitude"
13:53:59.0 (70640454)|STATEMENT_EXECUTE|[169]
13:53:59.0 (70642080)|STATEMENT_EXECUTE|[170]
13:53:59.0 (70767367)|HEAP_ALLOCATE|[170]|Bytes:8
13:53:59.0 (70776598)|VARIABLE_SCOPE_BEGIN|[170]|descField|Schema.DescribeFieldResult|true|false
13:53:59.0 (70835847)|VARIABLE_ASSIGNMENT|[170]|descField|"common.api.soap.wsdl.Field@49db535f"|0x27573fcc
13:53:59.0 (70846860)|HEAP_ALLOCATE|[172]|Bytes:16
13:53:59.0 (70863809)|STATEMENT_EXECUTE|[172]
13:53:59.0 (70874152)|HEAP_ALLOCATE|[169]|Bytes:5
13:53:59.0 (70883952)|VARIABLE_SCOPE_BEGIN|[169]|key|String|false|false
13:53:59.0 (70890815)|VARIABLE_ASSIGNMENT|[169]|key|"shippinglongitude"
13:53:59.0 (70893777)|STATEMENT_EXECUTE|[169]
13:53:59.0 (70895362)|STATEMENT_EXECUTE|[170]
13:53:59.0 (71019420)|HEAP_ALLOCATE|[170]|Bytes:8
13:53:59.0 (71029341)|VARIABLE_SCOPE_BEGIN|[170]|descField|Schema.DescribeFieldResult|true|false
13:53:59.0 (71088766)|VARIABLE_ASSIGNMENT|[170]|descField|"common.api.soap.wsdl.Field@e6a7ee30"|0xbf90fdc
13:53:59.0 (71099436)|HEAP_ALLOCATE|[172]|Bytes:17
13:53:59.0 (71116297)|STATEMENT_EXECUTE|[172]
13:53:59.0 (71128179)|HEAP_ALLOCATE|[169]|Bytes:5
13:53:59.0 (71142079)|VARIABLE_SCOPE_BEGIN|[169]|key|String|false|false
13:53:59.0 (71149084)|VARIABLE_ASSIGNMENT|[169]|key|"shippingaddress"
13:53:59.0 (71152548)|STATEMENT_EXECUTE|[169]
13:53:59.0 (71154266)|STATEMENT_EXECUTE|[170]
13:53:59.0 (71260608)|HEAP_ALLOCATE|[170]|Bytes:8
13:53:59.0 (71269859)|VARIABLE_SCOPE_BEGIN|[170]|descField|Schema.DescribeFieldResult|true|false
13:53:59.0 (71328972)|VARIABLE_ASSIGNMENT|[170]|descField|"common.api.soap.wsdl.Field@5b073025"|0x5df1ee2a
13:53:59.0 (71339444)|HEAP_ALLOCATE|[172]|Bytes:15
13:53:59.0 (71356460)|STATEMENT_EXECUTE|[172]
13:53:59.0 (71366773)|HEAP_ALLOCATE|[169]|Bytes:5
13:53:59.0 (71376223)|VARIABLE_SCOPE_BEGIN|[169]|key|String|false|false
13:53:59.0 (71382566)|VARIABLE_ASSIGNMENT|[169]|key|"phone"
13:53:59.0 (71385735)|STATEMENT_EXECUTE|[169]
13:53:59.0 (71387309)|STATEMENT_EXECUTE|[170]
13:53:59.0 (71532638)|HEAP_ALLOCATE|[170]|Bytes:8
13:53:59.0 (71541981)|VARIABLE_SCOPE_BEGIN|[170]|descField|Schema.DescribeFieldResult|true|false
13:53:59.0 (71601250)|VARIABLE_ASSIGNMENT|[170]|descField|"common.api.soap.wsdl.Field@1d65eab9"|0x6eb062e2
13:53:59.0 (71611897)|HEAP_ALLOCATE|[172]|Bytes:5
13:53:59.0 (71629322)|STATEMENT_EXECUTE|[172]
13:53:59.0 (71636073)|STATEMENT_EXECUTE|[173]
13:53:59.0 (71646822)|HEAP_ALLOCATE|[169]|Bytes:5
13:53:59.0 (71656862)|VARIABLE_SCOPE_BEGIN|[169]|key|String|false|false
13:53:59.0 (71663061)|VARIABLE_ASSIGNMENT|[169]|key|"fax"
13:53:59.0 (71666183)|STATEMENT_EXECUTE|[169]
13:53:59.0 (71667794)|STATEMENT_EXECUTE|[170]
13:53:59.0 (71813031)|HEAP_ALLOCATE|[170]|Bytes:8
13:53:59.0 (71822263)|VARIABLE_SCOPE_BEGIN|[170]|descField|Schema.DescribeFieldResult|true|false
13:53:59.0 (71881487)|VARIABLE_ASSIGNMENT|[170]|descField|"common.api.soap.wsdl.Field@63832b5"|0x3d1d359f
13:53:59.0 (71892375)|HEAP_ALLOCATE|[172]|Bytes:3
13:53:59.0 (71909225)|STATEMENT_EXECUTE|[172]
13:53:59.0 (71919405)|HEAP_ALLOCATE|[169]|Bytes:5
13:53:59.0 (71929229)|VARIABLE_SCOPE_BEGIN|[169]|key|String|false|false
13:53:59.0 (71935712)|VARIABLE_ASSIGNMENT|[169]|key|"accountnumber"
13:53:59.0 (71938907)|STATEMENT_EXECUTE|[169]
13:53:59.0 (71940503)|STATEMENT_EXECUTE|[170]
13:53:59.0 (72048275)|HEAP_ALLOCATE|[170]|Bytes:8
13:53:59.0 (72058059)|VARIABLE_SCOPE_BEGIN|[170]|descField|Schema.DescribeFieldResult|true|false
13:53:59.0 (72117911)|VARIABLE_ASSIGNMENT|[170]|descField|"common.api.soap.wsdl.Field@c7db1f95"|0x312b1e1c
13:53:59.0 (72128494)|HEAP_ALLOCATE|[172]|Bytes:13
13:53:59.0 (72145506)|STATEMENT_EXECUTE|[172]
13:53:59.0 (72155956)|HEAP_ALLOCATE|[169]|Bytes:5
13:53:59.0 (72165690)|VARIABLE_SCOPE_BEGIN|[169]|key|String|false|false
13:53:59.0 (72172148)|VARIABLE_ASSIGNMENT|[169]|key|"website"
13:53:59.0 (72175278)|STATEMENT_EXECUTE|[169]
13:53:59.0 (72176832)|STATEMENT_EXECUTE|[170]
13:53:59.0 (72316758)|HEAP_ALLOCATE|[170]|Bytes:8
13:53:59.0 (72326173)|VARIABLE_SCOPE_BEGIN|[170]|descField|Schema.DescribeFieldResult|true|false
13:53:59.0 (72385712)|VARIABLE_ASSIGNMENT|[170]|descField|"common.api.soap.wsdl.Field@af68f573"|0x19e2e06a
13:53:59.0 (72396323)|HEAP_ALLOCATE|[172]|Bytes:7
13:53:59.0 (72413297)|STATEMENT_EXECUTE|[172]
13:53:59.0 (72423608)|HEAP_ALLOCATE|[169]|Bytes:5
13:53:59.0 (72433515)|VARIABLE_SCOPE_BEGIN|[169]|key|String|false|false
13:53:59.0 (72439973)|VARIABLE_ASSIGNMENT|[169]|key|"photourl"
13:53:59.0 (72443421)|STATEMENT_EXECUTE|[169]
13:53:59.0 (72444978)|STATEMENT_EXECUTE|[170]
13:53:59.0 (72558888)|HEAP_ALLOCATE|[170]|Bytes:8
13:53:59.0 (72568057)|VARIABLE_SCOPE_BEGIN|[170]|descField|Schema.DescribeFieldResult|true|false
13:53:59.0 (72627442)|VARIABLE_ASSIGNMENT|[170]|descField|"common.api.soap.wsdl.Field@bf60d74a"|0x9f72a3e
13:53:59.0 (72638196)|HEAP_ALLOCATE|[172]|Bytes:8
13:53:59.0 (72655278)|STATEMENT_EXECUTE|[172]
13:53:59.0 (72665651)|HEAP_ALLOCATE|[169]|Bytes:5
13:53:59.0 (72675493)|VARIABLE_SCOPE_BEGIN|[169]|key|String|false|false
13:53:59.0 (72681893)|VARIABLE_ASSIGNMENT|[169]|key|"sic"
13:53:59.0 (72684940)|STATEMENT_EXECUTE|[169]
13:53:59.0 (72686605)|STATEMENT_EXECUTE|[170]
13:53:59.0 (72796863)|HEAP_ALLOCATE|[170]|Bytes:8
13:53:59.0 (72806069)|VARIABLE_SCOPE_BEGIN|[170]|descField|Schema.DescribeFieldResult|true|false
13:53:59.0 (72865643)|VARIABLE_ASSIGNMENT|[170]|descField|"common.api.soap.wsdl.Field@e84bfe06"|0x798d34f4
13:53:59.0 (72876211)|HEAP_ALLOCATE|[172]|Bytes:3
13:53:59.0 (72893417)|STATEMENT_EXECUTE|[172]
13:53:59.0 (72903745)|HEAP_ALLOCATE|[169]|Bytes:5
13:53:59.0 (72913466)|VARIABLE_SCOPE_BEGIN|[169]|key|String|false|false
13:53:59.0 (72920174)|VARIABLE_ASSIGNMENT|[169]|key|"industry"
13:53:59.0 (72923266)|STATEMENT_EXECUTE|[169]
13:53:59.0 (72924826)|STATEMENT_EXECUTE|[170]
13:53:59.0 (73055597)|HEAP_ALLOCATE|[170]|Bytes:8
13:53:59.0 (73065588)|VARIABLE_SCOPE_BEGIN|[170]|descField|Schema.DescribeFieldResult|true|false
13:53:59.0 (73124914)|VARIABLE_ASSIGNMENT|[170]|descField|"common.api.soap.wsdl.Field@2bd3e2b7"|0x101ec096
13:53:59.0 (73135300)|HEAP_ALLOCATE|[172]|Bytes:8
13:53:59.0 (73152654)|STATEMENT_EXECUTE|[172]
13:53:59.0 (73159351)|STATEMENT_EXECUTE|[173]
13:53:59.0 (73169720)|HEAP_ALLOCATE|[169]|Bytes:5
13:53:59.0 (73179546)|VARIABLE_SCOPE_BEGIN|[169]|key|String|false|false
13:53:59.0 (73186065)|VARIABLE_ASSIGNMENT|[169]|key|"annualrevenue"
13:53:59.0 (73189176)|STATEMENT_EXECUTE|[169]
13:53:59.0 (73190752)|STATEMENT_EXECUTE|[170]
13:53:59.0 (73335544)|HEAP_ALLOCATE|[170]|Bytes:8
13:53:59.0 (73344937)|VARIABLE_SCOPE_BEGIN|[170]|descField|Schema.DescribeFieldResult|true|false
13:53:59.0 (73404600)|VARIABLE_ASSIGNMENT|[170]|descField|"common.api.soap.wsdl.Field@3cea1c60"|0x15f53975
13:53:59.0 (73415207)|HEAP_ALLOCATE|[172]|Bytes:13
13:53:59.0 (73432750)|STATEMENT_EXECUTE|[172]
13:53:59.0 (73439323)|STATEMENT_EXECUTE|[173]
13:53:59.0 (73449767)|HEAP_ALLOCATE|[169]|Bytes:5
13:53:59.0 (73459707)|VARIABLE_SCOPE_BEGIN|[169]|key|String|false|false
13:53:59.0 (73466410)|VARIABLE_ASSIGNMENT|[169]|key|"numberofemployees"
13:53:59.0 (73469466)|STATEMENT_EXECUTE|[169]
13:53:59.0 (73471062)|STATEMENT_EXECUTE|[170]
13:53:59.0 (73610653)|HEAP_ALLOCATE|[170]|Bytes:8
13:53:59.0 (73619878)|VARIABLE_SCOPE_BEGIN|[170]|descField|Schema.DescribeFieldResult|true|false
13:53:59.0 (73679348)|VARIABLE_ASSIGNMENT|[170]|descField|"common.api.soap.wsdl.Field@ff48231d"|0x2c97f9d0
13:53:59.0 (73689871)|HEAP_ALLOCATE|[172]|Bytes:17
13:53:59.0 (73706883)|STATEMENT_EXECUTE|[172]
13:53:59.0 (73717397)|HEAP_ALLOCATE|[169]|Bytes:5
13:53:59.0 (73727004)|VARIABLE_SCOPE_BEGIN|[169]|key|String|false|false
13:53:59.0 (73733587)|VARIABLE_ASSIGNMENT|[169]|key|"ownership"
13:53:59.0 (73736760)|STATEMENT_EXECUTE|[169]
13:53:59.0 (73738369)|STATEMENT_EXECUTE|[170]
13:53:59.0 (73847390)|HEAP_ALLOCATE|[170]|Bytes:8
13:53:59.0 (73856483)|VARIABLE_SCOPE_BEGIN|[170]|descField|Schema.DescribeFieldResult|true|false
13:53:59.0 (73915772)|VARIABLE_ASSIGNMENT|[170]|descField|"common.api.soap.wsdl.Field@98277a5f"|0x1425ceee
13:53:59.0 (73926151)|HEAP_ALLOCATE|[172]|Bytes:9
13:53:59.0 (73942894)|STATEMENT_EXECUTE|[172]
13:53:59.0 (73953377)|HEAP_ALLOCATE|[169]|Bytes:5
13:53:59.0 (73963201)|VARIABLE_SCOPE_BEGIN|[169]|key|String|false|false
13:53:59.0 (73969977)|VARIABLE_ASSIGNMENT|[169]|key|"tickersymbol"
13:53:59.0 (73973072)|STATEMENT_EXECUTE|[169]
13:53:59.0 (73974631)|STATEMENT_EXECUTE|[170]
13:53:59.0 (74085543)|HEAP_ALLOCATE|[170]|Bytes:8
13:53:59.0 (74095622)|VARIABLE_SCOPE_BEGIN|[170]|descField|Schema.DescribeFieldResult|true|false
13:53:59.0 (74155316)|VARIABLE_ASSIGNMENT|[170]|descField|"common.api.soap.wsdl.Field@1b351e5b"|0x2756b48d
13:53:59.0 (74165684)|HEAP_ALLOCATE|[172]|Bytes:12
13:53:59.0 (74182677)|STATEMENT_EXECUTE|[172]
13:53:59.0 (74193083)|HEAP_ALLOCATE|[169]|Bytes:5
13:53:59.0 (74202719)|VARIABLE_SCOPE_BEGIN|[169]|key|String|false|false
13:53:59.0 (74209134)|VARIABLE_ASSIGNMENT|[169]|key|"description"
13:53:59.0 (74212229)|STATEMENT_EXECUTE|[169]
13:53:59.0 (74213879)|STATEMENT_EXECUTE|[170]
13:53:59.0 (74356212)|HEAP_ALLOCATE|[170]|Bytes:8
13:53:59.0 (74365620)|VARIABLE_SCOPE_BEGIN|[170]|descField|Schema.DescribeFieldResult|true|false
13:53:59.0 (74436774)|VARIABLE_ASSIGNMENT|[170]|descField|"common.api.soap.wsdl.Field@dac625d7"|0x330938d7
13:53:59.0 (74447553)|HEAP_ALLOCATE|[172]|Bytes:11
13:53:59.0 (74465022)|STATEMENT_EXECUTE|[172]
13:53:59.0 (74475264)|HEAP_ALLOCATE|[169]|Bytes:5
13:53:59.0 (74485046)|VARIABLE_SCOPE_BEGIN|[169]|key|String|false|false
13:53:59.0 (74491859)|VARIABLE_ASSIGNMENT|[169]|key|"rating"
13:53:59.0 (74494953)|STATEMENT_EXECUTE|[169]
13:53:59.0 (74500700)|STATEMENT_EXECUTE|[170]
13:53:59.0 (74613791)|HEAP_ALLOCATE|[170]|Bytes:8
13:53:59.0 (74622930)|VARIABLE_SCOPE_BEGIN|[170]|descField|Schema.DescribeFieldResult|true|false
13:53:59.0 (74682703)|VARIABLE_ASSIGNMENT|[170]|descField|"common.api.soap.wsdl.Field@334aaa8e"|0x22cf66f2
13:53:59.0 (74693361)|HEAP_ALLOCATE|[172]|Bytes:6
13:53:59.0 (74710439)|STATEMENT_EXECUTE|[172]
13:53:59.0 (74720925)|HEAP_ALLOCATE|[169]|Bytes:5
13:53:59.0 (74730560)|VARIABLE_SCOPE_BEGIN|[169]|key|String|false|false
13:53:59.0 (74736981)|VARIABLE_ASSIGNMENT|[169]|key|"site"
13:53:59.0 (74740056)|STATEMENT_EXECUTE|[169]
13:53:59.0 (74741679)|STATEMENT_EXECUTE|[170]
13:53:59.0 (74851924)|HEAP_ALLOCATE|[170]|Bytes:8
13:53:59.0 (74861160)|VARIABLE_SCOPE_BEGIN|[170]|descField|Schema.DescribeFieldResult|true|false
13:53:59.0 (74920086)|VARIABLE_ASSIGNMENT|[170]|descField|"common.api.soap.wsdl.Field@5f250979"|0x7325afa2
13:53:59.0 (74931119)|HEAP_ALLOCATE|[172]|Bytes:4
13:53:59.0 (74948183)|STATEMENT_EXECUTE|[172]
13:53:59.0 (74958411)|HEAP_ALLOCATE|[169]|Bytes:5
13:53:59.0 (74968078)|VARIABLE_SCOPE_BEGIN|[169]|key|String|false|false
13:53:59.0 (74974442)|VARIABLE_ASSIGNMENT|[169]|key|"ownerid"
13:53:59.0 (74977473)|STATEMENT_EXECUTE|[169]
13:53:59.0 (74979090)|STATEMENT_EXECUTE|[170]
13:53:59.0 (75123694)|HEAP_ALLOCATE|[170]|Bytes:8
13:53:59.0 (75134036)|VARIABLE_SCOPE_BEGIN|[170]|descField|Schema.DescribeFieldResult|true|false
13:53:59.0 (75194599)|VARIABLE_ASSIGNMENT|[170]|descField|"common.api.soap.wsdl.Field@d386f152"|0x61e16eaf
13:53:59.0 (75205240)|HEAP_ALLOCATE|[172]|Bytes:7
13:53:59.0 (75222364)|STATEMENT_EXECUTE|[172]
13:53:59.0 (75232750)|HEAP_ALLOCATE|[169]|Bytes:5
13:53:59.0 (75242527)|VARIABLE_SCOPE_BEGIN|[169]|key|String|false|false
13:53:59.0 (75249086)|VARIABLE_ASSIGNMENT|[169]|key|"createddate"
13:53:59.0 (75252152)|STATEMENT_EXECUTE|[169]
13:53:59.0 (75253788)|STATEMENT_EXECUTE|[170]
13:53:59.0 (75393271)|HEAP_ALLOCATE|[170]|Bytes:8
13:53:59.0 (75402875)|VARIABLE_SCOPE_BEGIN|[170]|descField|Schema.DescribeFieldResult|true|false
13:53:59.0 (75462853)|VARIABLE_ASSIGNMENT|[170]|descField|"common.api.soap.wsdl.Field@f28d2555"|0x4b7d1c19
13:53:59.0 (75473376)|HEAP_ALLOCATE|[172]|Bytes:11
13:53:59.0 (75490524)|STATEMENT_EXECUTE|[172]
13:53:59.0 (75504972)|HEAP_ALLOCATE|[169]|Bytes:5
13:53:59.0 (75515612)|VARIABLE_SCOPE_BEGIN|[169]|key|String|false|false
13:53:59.0 (75522173)|VARIABLE_ASSIGNMENT|[169]|key|"createdbyid"
13:53:59.0 (75525378)|STATEMENT_EXECUTE|[169]
13:53:59.0 (75527006)|STATEMENT_EXECUTE|[170]
13:53:59.0 (75673017)|HEAP_ALLOCATE|[170]|Bytes:8
13:53:59.0 (75682407)|VARIABLE_SCOPE_BEGIN|[170]|descField|Schema.DescribeFieldResult|true|false
13:53:59.0 (75742950)|VARIABLE_ASSIGNMENT|[170]|descField|"common.api.soap.wsdl.Field@8b52b837"|0x412475ef
13:53:59.0 (75753607)|HEAP_ALLOCATE|[172]|Bytes:11
13:53:59.0 (75770575)|STATEMENT_EXECUTE|[172]
13:53:59.0 (75780880)|HEAP_ALLOCATE|[169]|Bytes:5
13:53:59.0 (75790685)|VARIABLE_SCOPE_BEGIN|[169]|key|String|false|false
13:53:59.0 (75797704)|VARIABLE_ASSIGNMENT|[169]|key|"lastmodifieddate"
13:53:59.0 (75800767)|STATEMENT_EXECUTE|[169]
13:53:59.0 (75802367)|STATEMENT_EXECUTE|[170]
13:53:59.0 (75938785)|HEAP_ALLOCATE|[170]|Bytes:8
13:53:59.0 (75948140)|VARIABLE_SCOPE_BEGIN|[170]|descField|Schema.DescribeFieldResult|true|false
13:53:59.0 (76008192)|VARIABLE_ASSIGNMENT|[170]|descField|"common.api.soap.wsdl.Field@7c1bb45"|0x74dd9a1
13:53:59.0 (76019617)|HEAP_ALLOCATE|[172]|Bytes:16
13:53:59.0 (76036569)|STATEMENT_EXECUTE|[172]
13:53:59.0 (76046920)|HEAP_ALLOCATE|[169]|Bytes:5
13:53:59.0 (76056740)|VARIABLE_SCOPE_BEGIN|[169]|key|String|false|false
13:53:59.0 (76063492)|VARIABLE_ASSIGNMENT|[169]|key|"lastmodifiedbyid"
13:53:59.0 (76066441)|STATEMENT_EXECUTE|[169]
13:53:59.0 (76068050)|STATEMENT_EXECUTE|[170]
13:53:59.0 (76216318)|HEAP_ALLOCATE|[170]|Bytes:8
13:53:59.0 (76225854)|VARIABLE_SCOPE_BEGIN|[170]|descField|Schema.DescribeFieldResult|true|false
13:53:59.0 (76286087)|VARIABLE_ASSIGNMENT|[170]|descField|"common.api.soap.wsdl.Field@bf202a20"|0x3124f4ce
13:53:59.0 (76296750)|HEAP_ALLOCATE|[172]|Bytes:16
13:53:59.0 (76313857)|STATEMENT_EXECUTE|[172]
13:53:59.0 (76324300)|HEAP_ALLOCATE|[169]|Bytes:5
13:53:59.0 (76333918)|VARIABLE_SCOPE_BEGIN|[169]|key|String|false|false
13:53:59.0 (76340631)|VARIABLE_ASSIGNMENT|[169]|key|"systemmodstamp"
13:53:59.0 (76343638)|STATEMENT_EXECUTE|[169]
13:53:59.0 (76345242)|STATEMENT_EXECUTE|[170]
13:53:59.0 (76452428)|HEAP_ALLOCATE|[170]|Bytes:8
13:53:59.0 (76461524)|VARIABLE_SCOPE_BEGIN|[170]|descField|Schema.DescribeFieldResult|true|false
13:53:59.0 (76525718)|VARIABLE_ASSIGNMENT|[170]|descField|"common.api.soap.wsdl.Field@29791293"|0x5167a7bc
13:53:59.0 (76536311)|HEAP_ALLOCATE|[172]|Bytes:14
13:53:59.0 (76553249)|STATEMENT_EXECUTE|[172]
13:53:59.0 (76563693)|HEAP_ALLOCATE|[169]|Bytes:5
13:53:59.0 (76573323)|VARIABLE_SCOPE_BEGIN|[169]|key|String|false|false
13:53:59.0 (76580073)|VARIABLE_ASSIGNMENT|[169]|key|"lastactivitydate"
13:53:59.0 (76583037)|STATEMENT_EXECUTE|[169]
13:53:59.0 (76584910)|STATEMENT_EXECUTE|[170]
13:53:59.0 (76693846)|HEAP_ALLOCATE|[170]|Bytes:8
13:53:59.0 (76702989)|VARIABLE_SCOPE_BEGIN|[170]|descField|Schema.DescribeFieldResult|true|false
13:53:59.0 (76762434)|VARIABLE_ASSIGNMENT|[170]|descField|"common.api.soap.wsdl.Field@89707f1"|0x29852742
13:53:59.0 (76773051)|HEAP_ALLOCATE|[172]|Bytes:16
13:53:59.0 (76790040)|STATEMENT_EXECUTE|[172]
13:53:59.0 (76800532)|HEAP_ALLOCATE|[169]|Bytes:5
13:53:59.0 (76810085)|VARIABLE_SCOPE_BEGIN|[169]|key|String|false|false
13:53:59.0 (76816629)|VARIABLE_ASSIGNMENT|[169]|key|"lastvieweddate"
13:53:59.0 (76819605)|STATEMENT_EXECUTE|[169]
13:53:59.0 (76821137)|STATEMENT_EXECUTE|[170]
13:53:59.0 (76927844)|HEAP_ALLOCATE|[170]|Bytes:8
13:53:59.0 (76936912)|VARIABLE_SCOPE_BEGIN|[170]|descField|Schema.DescribeFieldResult|true|false
13:53:59.0 (76996185)|VARIABLE_ASSIGNMENT|[170]|descField|"common.api.soap.wsdl.Field@1ba647de"|0x6b3324cb
13:53:59.0 (77006841)|HEAP_ALLOCATE|[172]|Bytes:14
13:53:59.0 (77024425)|STATEMENT_EXECUTE|[172]
13:53:59.0 (77035141)|HEAP_ALLOCATE|[169]|Bytes:5
13:53:59.0 (77044727)|VARIABLE_SCOPE_BEGIN|[169]|key|String|false|false
13:53:59.0 (77051559)|VARIABLE_ASSIGNMENT|[169]|key|"lastreferenceddate"
13:53:59.0 (77054635)|STATEMENT_EXECUTE|[169]
13:53:59.0 (77056290)|STATEMENT_EXECUTE|[170]
13:53:59.0 (77163839)|HEAP_ALLOCATE|[170]|Bytes:8
13:53:59.0 (77172800)|VARIABLE_SCOPE_BEGIN|[170]|descField|Schema.DescribeFieldResult|true|false
13:53:59.0 (77232582)|VARIABLE_ASSIGNMENT|[170]|descField|"common.api.soap.wsdl.Field@b46c0cfc"|0xf73a4ac
13:53:59.0 (77243318)|HEAP_ALLOCATE|[172]|Bytes:18
13:53:59.0 (77260092)|STATEMENT_EXECUTE|[172]
13:53:59.0 (77270653)|HEAP_ALLOCATE|[169]|Bytes:5
13:53:59.0 (77280339)|VARIABLE_SCOPE_BEGIN|[169]|key|String|false|false
13:53:59.0 (77288377)|VARIABLE_ASSIGNMENT|[169]|key|"isexcludedfromrealig (1 more) ..."
13:53:59.0 (77291786)|STATEMENT_EXECUTE|[169]
13:53:59.0 (77293443)|STATEMENT_EXECUTE|[170]
13:53:59.0 (77396353)|HEAP_ALLOCATE|[170]|Bytes:8
13:53:59.0 (77405755)|VARIABLE_SCOPE_BEGIN|[170]|descField|Schema.DescribeFieldResult|true|false
13:53:59.0 (77465328)|VARIABLE_ASSIGNMENT|[170]|descField|"common.api.soap.wsdl.Field@e7fb5171"|0x24288afb
13:53:59.0 (77475792)|HEAP_ALLOCATE|[172]|Bytes:21
13:53:59.0 (77492728)|STATEMENT_EXECUTE|[172]
13:53:59.0 (77511357)|HEAP_ALLOCATE|[169]|Bytes:5
13:53:59.0 (77521691)|VARIABLE_SCOPE_BEGIN|[169]|key|String|false|false
13:53:59.0 (77528367)|VARIABLE_ASSIGNMENT|[169]|key|"ispartner"
13:53:59.0 (77531825)|STATEMENT_EXECUTE|[169]
13:53:59.0 (77533440)|STATEMENT_EXECUTE|[170]
13:53:59.0 (77685784)|HEAP_ALLOCATE|[170]|Bytes:8
13:53:59.0 (77695172)|VARIABLE_SCOPE_BEGIN|[170]|descField|Schema.DescribeFieldResult|true|false
13:53:59.0 (77756193)|VARIABLE_ASSIGNMENT|[170]|descField|"common.api.soap.wsdl.Field@52256869"|0x3d3d812e
13:53:59.0 (77766723)|HEAP_ALLOCATE|[172]|Bytes:9
13:53:59.0 (77783764)|STATEMENT_EXECUTE|[172]
13:53:59.0 (77794226)|HEAP_ALLOCATE|[169]|Bytes:5
13:53:59.0 (77803956)|VARIABLE_SCOPE_BEGIN|[169]|key|String|false|false
13:53:59.0 (77811149)|VARIABLE_ASSIGNMENT|[169]|key|"iscustomerportal"
13:53:59.0 (77814238)|STATEMENT_EXECUTE|[169]
13:53:59.0 (77815855)|STATEMENT_EXECUTE|[170]
13:53:59.0 (77927209)|HEAP_ALLOCATE|[170]|Bytes:8
13:53:59.0 (77936351)|VARIABLE_SCOPE_BEGIN|[170]|descField|Schema.DescribeFieldResult|true|false
13:53:59.0 (77995826)|VARIABLE_ASSIGNMENT|[170]|descField|"common.api.soap.wsdl.Field@a90ca317"|0x5318dc6d
13:53:59.0 (78006443)|HEAP_ALLOCATE|[172]|Bytes:16
13:53:59.0 (78024150)|STATEMENT_EXECUTE|[172]
13:53:59.0 (78034552)|HEAP_ALLOCATE|[169]|Bytes:5
13:53:59.0 (78044172)|VARIABLE_SCOPE_BEGIN|[169]|key|String|false|false
13:53:59.0 (78050922)|VARIABLE_ASSIGNMENT|[169]|key|"personcontactid"
13:53:59.0 (78053947)|STATEMENT_EXECUTE|[169]
13:53:59.0 (78055598)|STATEMENT_EXECUTE|[170]
13:53:59.0 (78214399)|HEAP_ALLOCATE|[170]|Bytes:8
13:53:59.0 (78223947)|VARIABLE_SCOPE_BEGIN|[170]|descField|Schema.DescribeFieldResult|true|false
13:53:59.0 (78284921)|VARIABLE_ASSIGNMENT|[170]|descField|"common.api.soap.wsdl.Field@b5f205dc"|0x129205ec
13:53:59.0 (78295692)|HEAP_ALLOCATE|[172]|Bytes:15
13:53:59.0 (78312709)|STATEMENT_EXECUTE|[172]
13:53:59.0 (78323113)|HEAP_ALLOCATE|[169]|Bytes:5
13:53:59.0 (78332988)|VARIABLE_SCOPE_BEGIN|[169]|key|String|false|false
13:53:59.0 (78339839)|VARIABLE_ASSIGNMENT|[169]|key|"ispersonaccount"
13:53:59.0 (78342926)|STATEMENT_EXECUTE|[169]
13:53:59.0 (78344579)|STATEMENT_EXECUTE|[170]
13:53:59.0 (78456217)|HEAP_ALLOCATE|[170]|Bytes:8
13:53:59.0 (78465414)|VARIABLE_SCOPE_BEGIN|[170]|descField|Schema.DescribeFieldResult|true|false
13:53:59.0 (78529542)|VARIABLE_ASSIGNMENT|[170]|descField|"common.api.soap.wsdl.Field@77536f44"|0x31863c74
13:53:59.0 (78540241)|HEAP_ALLOCATE|[172]|Bytes:15
13:53:59.0 (78557063)|STATEMENT_EXECUTE|[172]
13:53:59.0 (78567531)|HEAP_ALLOCATE|[169]|Bytes:5
13:53:59.0 (78577108)|VARIABLE_SCOPE_BEGIN|[169]|key|String|false|false
13:53:59.0 (78584046)|VARIABLE_ASSIGNMENT|[169]|key|"personmailingstreet"
13:53:59.0 (78587171)|STATEMENT_EXECUTE|[169]
13:53:59.0 (78589210)|STATEMENT_EXECUTE|[170]
13:53:59.0 (78726537)|HEAP_ALLOCATE|[170]|Bytes:8
13:53:59.0 (78735935)|VARIABLE_SCOPE_BEGIN|[170]|descField|Schema.DescribeFieldResult|true|false
13:53:59.0 (78795525)|VARIABLE_ASSIGNMENT|[170]|descField|"common.api.soap.wsdl.Field@9c9124b8"|0x74653c03
13:53:59.0 (78806027)|HEAP_ALLOCATE|[172]|Bytes:19
13:53:59.0 (78822815)|STATEMENT_EXECUTE|[172]
13:53:59.0 (78833149)|HEAP_ALLOCATE|[169]|Bytes:5
13:53:59.0 (78842806)|VARIABLE_SCOPE_BEGIN|[169]|key|String|false|false
13:53:59.0 (78849698)|VARIABLE_ASSIGNMENT|[169]|key|"personmailingcity"
13:53:59.0 (78852647)|STATEMENT_EXECUTE|[169]
13:53:59.0 (78854251)|STATEMENT_EXECUTE|[170]
13:53:59.0 (78984024)|HEAP_ALLOCATE|[170]|Bytes:8
13:53:59.0 (78993240)|VARIABLE_SCOPE_BEGIN|[170]|descField|Schema.DescribeFieldResult|true|false
13:53:59.0 (79052507)|VARIABLE_ASSIGNMENT|[170]|descField|"common.api.soap.wsdl.Field@a860e500"|0xd0faf4a
13:53:59.0 (79063951)|HEAP_ALLOCATE|[172]|Bytes:17
13:53:59.0 (79080935)|STATEMENT_EXECUTE|[172]
13:53:59.0 (79091622)|HEAP_ALLOCATE|[169]|Bytes:5
13:53:59.0 (79101503)|VARIABLE_SCOPE_BEGIN|[169]|key|String|false|false
13:53:59.0 (79108152)|VARIABLE_ASSIGNMENT|[169]|key|"personmailingstate"
13:53:59.0 (79111268)|STATEMENT_EXECUTE|[169]
13:53:59.0 (79112880)|STATEMENT_EXECUTE|[170]
13:53:59.0 (79247239)|HEAP_ALLOCATE|[170]|Bytes:8
13:53:59.0 (79256496)|VARIABLE_SCOPE_BEGIN|[170]|descField|Schema.DescribeFieldResult|true|false
13:53:59.0 (79315700)|VARIABLE_ASSIGNMENT|[170]|descField|"common.api.soap.wsdl.Field@799936a"|0x7cb46a8c
13:53:59.0 (79326309)|HEAP_ALLOCATE|[172]|Bytes:18
13:53:59.0 (79343207)|STATEMENT_EXECUTE|[172]
13:53:59.0 (79353351)|HEAP_ALLOCATE|[169]|Bytes:5
13:53:59.0 (79363085)|VARIABLE_SCOPE_BEGIN|[169]|key|String|false|false
13:53:59.0 (79370970)|VARIABLE_ASSIGNMENT|[169]|key|"personmailingpostalc (3 more) ..."
13:53:59.0 (79374311)|STATEMENT_EXECUTE|[169]
13:53:59.0 (79375848)|STATEMENT_EXECUTE|[170]
13:53:59.0 (79507881)|HEAP_ALLOCATE|[170]|Bytes:8
13:53:59.0 (79516983)|VARIABLE_SCOPE_BEGIN|[170]|descField|Schema.DescribeFieldResult|true|false
13:53:59.0 (79577342)|VARIABLE_ASSIGNMENT|[170]|descField|"common.api.soap.wsdl.Field@f0889a9e"|0x13ff3871
13:53:59.0 (79587920)|HEAP_ALLOCATE|[172]|Bytes:23
13:53:59.0 (79604905)|STATEMENT_EXECUTE|[172]
13:53:59.0 (79615383)|HEAP_ALLOCATE|[169]|Bytes:5
13:53:59.0 (79625086)|VARIABLE_SCOPE_BEGIN|[169]|key|String|false|false
13:53:59.0 (79631805)|VARIABLE_ASSIGNMENT|[169]|key|"personmailingcountry"
13:53:59.0 (79634817)|STATEMENT_EXECUTE|[169]
13:53:59.0 (79636412)|STATEMENT_EXECUTE|[170]
13:53:59.0 (79766957)|HEAP_ALLOCATE|[170]|Bytes:8
13:53:59.0 (79776271)|VARIABLE_SCOPE_BEGIN|[170]|descField|Schema.DescribeFieldResult|true|false
13:53:59.0 (79835913)|VARIABLE_ASSIGNMENT|[170]|descField|"common.api.soap.wsdl.Field@e3764158"|0x631b0d11
13:53:59.0 (79846479)|HEAP_ALLOCATE|[172]|Bytes:20
13:53:59.0 (79863356)|STATEMENT_EXECUTE|[172]
13:53:59.0 (79873521)|HEAP_ALLOCATE|[169]|Bytes:5
13:53:59.0 (79883257)|VARIABLE_SCOPE_BEGIN|[169]|key|String|false|false
13:53:59.0 (79891245)|VARIABLE_ASSIGNMENT|[169]|key|"personmailinglatitud (1 more) ..."
13:53:59.0 (79894450)|STATEMENT_EXECUTE|[169]
13:53:59.0 (79896030)|STATEMENT_EXECUTE|[170]
13:53:59.0 (80027264)|HEAP_ALLOCATE|[170]|Bytes:8
13:53:59.0 (80037265)|VARIABLE_SCOPE_BEGIN|[170]|descField|Schema.DescribeFieldResult|true|false
13:53:59.0 (80096461)|VARIABLE_ASSIGNMENT|[170]|descField|"common.api.soap.wsdl.Field@4d63c9c0"|0x1d7624b0
13:53:59.0 (80107056)|HEAP_ALLOCATE|[172]|Bytes:21
13:53:59.0 (80123845)|STATEMENT_EXECUTE|[172]
13:53:59.0 (80134171)|HEAP_ALLOCATE|[169]|Bytes:5
13:53:59.0 (80143844)|VARIABLE_SCOPE_BEGIN|[169]|key|String|false|false
13:53:59.0 (80151501)|VARIABLE_ASSIGNMENT|[169]|key|"personmailinglongitu (2 more) ..."
13:53:59.0 (80154725)|STATEMENT_EXECUTE|[169]
13:53:59.0 (80156330)|STATEMENT_EXECUTE|[170]
13:53:59.0 (80288314)|HEAP_ALLOCATE|[170]|Bytes:8
13:53:59.0 (80297533)|VARIABLE_SCOPE_BEGIN|[170]|descField|Schema.DescribeFieldResult|true|false
13:53:59.0 (80357029)|VARIABLE_ASSIGNMENT|[170]|descField|"common.api.soap.wsdl.Field@63007ccf"|0x3992a05
13:53:59.0 (80367916)|HEAP_ALLOCATE|[172]|Bytes:22
13:53:59.0 (80384868)|STATEMENT_EXECUTE|[172]
13:53:59.0 (80395101)|HEAP_ALLOCATE|[169]|Bytes:5
13:53:59.0 (80404938)|VARIABLE_SCOPE_BEGIN|[169]|key|String|false|false
13:53:59.0 (80411741)|VARIABLE_ASSIGNMENT|[169]|key|"personmailingaddress"
13:53:59.0 (80414853)|STATEMENT_EXECUTE|[169]
13:53:59.0 (80416462)|STATEMENT_EXECUTE|[170]
13:53:59.0 (80529439)|HEAP_ALLOCATE|[170]|Bytes:8
13:53:59.0 (80538589)|VARIABLE_SCOPE_BEGIN|[170]|descField|Schema.DescribeFieldResult|true|false
13:53:59.0 (80597775)|VARIABLE_ASSIGNMENT|[170]|descField|"common.api.soap.wsdl.Field@2413e882"|0x546af174
13:53:59.0 (80608669)|HEAP_ALLOCATE|[172]|Bytes:20
13:53:59.0 (80625552)|STATEMENT_EXECUTE|[172]
13:53:59.0 (80635923)|HEAP_ALLOCATE|[169]|Bytes:5
13:53:59.0 (80645471)|VARIABLE_SCOPE_BEGIN|[169]|key|String|false|false
13:53:59.0 (80655782)|VARIABLE_ASSIGNMENT|[169]|key|"personotherstreet"
13:53:59.0 (80659097)|STATEMENT_EXECUTE|[169]
13:53:59.0 (80661199)|STATEMENT_EXECUTE|[170]
13:53:59.0 (80798696)|HEAP_ALLOCATE|[170]|Bytes:8
13:53:59.0 (80808029)|VARIABLE_SCOPE_BEGIN|[170]|descField|Schema.DescribeFieldResult|true|false
13:53:59.0 (80867429)|VARIABLE_ASSIGNMENT|[170]|descField|"common.api.soap.wsdl.Field@f8521f28"|0x4b39b1e7
13:53:59.0 (80878004)|HEAP_ALLOCATE|[172]|Bytes:17
13:53:59.0 (80894962)|STATEMENT_EXECUTE|[172]
13:53:59.0 (80905356)|HEAP_ALLOCATE|[169]|Bytes:5
13:53:59.0 (80915049)|VARIABLE_SCOPE_BEGIN|[169]|key|String|false|false
13:53:59.0 (80921688)|VARIABLE_ASSIGNMENT|[169]|key|"personothercity"
13:53:59.0 (80924780)|STATEMENT_EXECUTE|[169]
13:53:59.0 (80926418)|STATEMENT_EXECUTE|[170]
13:53:59.0 (81052475)|HEAP_ALLOCATE|[170]|Bytes:8
13:53:59.0 (81062504)|VARIABLE_SCOPE_BEGIN|[170]|descField|Schema.DescribeFieldResult|true|false
13:53:59.0 (81121719)|VARIABLE_ASSIGNMENT|[170]|descField|"common.api.soap.wsdl.Field@5cf24771"|0x8d05ae7
13:53:59.0 (81135076)|HEAP_ALLOCATE|[172]|Bytes:15
13:53:59.0 (81153350)|STATEMENT_EXECUTE|[172]
13:53:59.0 (81163816)|HEAP_ALLOCATE|[169]|Bytes:5
13:53:59.0 (81173642)|VARIABLE_SCOPE_BEGIN|[169]|key|String|false|false
13:53:59.0 (81180397)|VARIABLE_ASSIGNMENT|[169]|key|"personotherstate"
13:53:59.0 (81183389)|STATEMENT_EXECUTE|[169]
13:53:59.0 (81184978)|STATEMENT_EXECUTE|[170]
13:53:59.0 (81314656)|HEAP_ALLOCATE|[170]|Bytes:8
13:53:59.0 (81323976)|VARIABLE_SCOPE_BEGIN|[170]|descField|Schema.DescribeFieldResult|true|false
13:53:59.0 (81399208)|VARIABLE_ASSIGNMENT|[170]|descField|"common.api.soap.wsdl.Field@f0aabb94"|0x467c3c0a
13:53:59.0 (81409958)|HEAP_ALLOCATE|[172]|Bytes:16
13:53:59.0 (81426892)|STATEMENT_EXECUTE|[172]
13:53:59.0 (81437298)|HEAP_ALLOCATE|[169]|Bytes:5
13:53:59.0 (81446986)|VARIABLE_SCOPE_BEGIN|[169]|key|String|false|false
13:53:59.0 (81454882)|VARIABLE_ASSIGNMENT|[169]|key|"personotherpostalcod (1 more) ..."
13:53:59.0 (81458409)|STATEMENT_EXECUTE|[169]
13:53:59.0 (81459970)|STATEMENT_EXECUTE|[170]
13:53:59.0 (81605627)|HEAP_ALLOCATE|[170]|Bytes:8
13:53:59.0 (81615404)|VARIABLE_SCOPE_BEGIN|[170]|descField|Schema.DescribeFieldResult|true|false
13:53:59.0 (81675221)|VARIABLE_ASSIGNMENT|[170]|descField|"common.api.soap.wsdl.Field@c74b5351"|0xf6bbfc
13:53:59.0 (81685742)|HEAP_ALLOCATE|[172]|Bytes:21
13:53:59.0 (81702806)|STATEMENT_EXECUTE|[172]
13:53:59.0 (81713126)|HEAP_ALLOCATE|[169]|Bytes:5
13:53:59.0 (81722762)|VARIABLE_SCOPE_BEGIN|[169]|key|String|false|false
13:53:59.0 (81729402)|VARIABLE_ASSIGNMENT|[169]|key|"personothercountry"
13:53:59.0 (81732504)|STATEMENT_EXECUTE|[169]
13:53:59.0 (81734072)|STATEMENT_EXECUTE|[170]
13:53:59.0 (81863302)|HEAP_ALLOCATE|[170]|Bytes:8
13:53:59.0 (81872588)|VARIABLE_SCOPE_BEGIN|[170]|descField|Schema.DescribeFieldResult|true|false
13:53:59.0 (81931875)|VARIABLE_ASSIGNMENT|[170]|descField|"common.api.soap.wsdl.Field@820815d5"|0x2aa5a8ef
13:53:59.0 (81942587)|HEAP_ALLOCATE|[172]|Bytes:18
13:53:59.0 (81959296)|STATEMENT_EXECUTE|[172]
13:53:59.0 (81969528)|HEAP_ALLOCATE|[169]|Bytes:5
13:53:59.0 (81979263)|VARIABLE_SCOPE_BEGIN|[169]|key|String|false|false
13:53:59.0 (81986061)|VARIABLE_ASSIGNMENT|[169]|key|"personotherlatitude"
13:53:59.0 (81989185)|STATEMENT_EXECUTE|[169]
13:53:59.0 (81990799)|STATEMENT_EXECUTE|[170]
13:53:59.0 (82126893)|HEAP_ALLOCATE|[170]|Bytes:8
13:53:59.0 (82136946)|VARIABLE_SCOPE_BEGIN|[170]|descField|Schema.DescribeFieldResult|true|false
13:53:59.0 (82196352)|VARIABLE_ASSIGNMENT|[170]|descField|"common.api.soap.wsdl.Field@4f6f43ac"|0xd8a4d69
13:53:59.0 (82206944)|HEAP_ALLOCATE|[172]|Bytes:19
13:53:59.0 (82223862)|STATEMENT_EXECUTE|[172]
13:53:59.0 (82234045)|HEAP_ALLOCATE|[169]|Bytes:5
13:53:59.0 (82243952)|VARIABLE_SCOPE_BEGIN|[169]|key|String|false|false
13:53:59.0 (82250739)|VARIABLE_ASSIGNMENT|[169]|key|"personotherlongitude"
13:53:59.0 (82253837)|STATEMENT_EXECUTE|[169]
13:53:59.0 (82255358)|STATEMENT_EXECUTE|[170]
13:53:59.0 (82385288)|HEAP_ALLOCATE|[170]|Bytes:8
13:53:59.0 (82394586)|VARIABLE_SCOPE_BEGIN|[170]|descField|Schema.DescribeFieldResult|true|false
13:53:59.0 (82453999)|VARIABLE_ASSIGNMENT|[170]|descField|"common.api.soap.wsdl.Field@c67c9223"|0x7fdeb546
13:53:59.0 (82465005)|HEAP_ALLOCATE|[172]|Bytes:20
13:53:59.0 (82481805)|STATEMENT_EXECUTE|[172]
13:53:59.0 (82492182)|HEAP_ALLOCATE|[169]|Bytes:5
13:53:59.0 (82506824)|VARIABLE_SCOPE_BEGIN|[169]|key|String|false|false
13:53:59.0 (82513691)|VARIABLE_ASSIGNMENT|[169]|key|"personotheraddress"
13:53:59.0 (82516801)|STATEMENT_EXECUTE|[169]
13:53:59.0 (82518463)|STATEMENT_EXECUTE|[170]
13:53:59.0 (82628154)|HEAP_ALLOCATE|[170]|Bytes:8
13:53:59.0 (82637385)|VARIABLE_SCOPE_BEGIN|[170]|descField|Schema.DescribeFieldResult|true|false
13:53:59.0 (82696457)|VARIABLE_ASSIGNMENT|[170]|descField|"common.api.soap.wsdl.Field@b38c61d5"|0x418805ef
13:53:59.0 (82707041)|HEAP_ALLOCATE|[172]|Bytes:18
13:53:59.0 (82723737)|STATEMENT_EXECUTE|[172]
13:53:59.0 (82734188)|HEAP_ALLOCATE|[169]|Bytes:5
13:53:59.0 (82743749)|VARIABLE_SCOPE_BEGIN|[169]|key|String|false|false
13:53:59.0 (82750411)|VARIABLE_ASSIGNMENT|[169]|key|"personmobilephone"
13:53:59.0 (82753489)|STATEMENT_EXECUTE|[169]
13:53:59.0 (82755573)|STATEMENT_EXECUTE|[170]
13:53:59.0 (82901531)|HEAP_ALLOCATE|[170]|Bytes:8
13:53:59.0 (82910806)|VARIABLE_SCOPE_BEGIN|[170]|descField|Schema.DescribeFieldResult|true|false
13:53:59.0 (82969973)|VARIABLE_ASSIGNMENT|[170]|descField|"common.api.soap.wsdl.Field@33766b60"|0x52bec273
13:53:59.0 (82980461)|HEAP_ALLOCATE|[172]|Bytes:17
13:53:59.0 (82997420)|STATEMENT_EXECUTE|[172]
13:53:59.0 (83007841)|HEAP_ALLOCATE|[169]|Bytes:5
13:53:59.0 (83018656)|VARIABLE_SCOPE_BEGIN|[169]|key|String|false|false
13:53:59.0 (83025333)|VARIABLE_ASSIGNMENT|[169]|key|"personhomephone"
13:53:59.0 (83028378)|STATEMENT_EXECUTE|[169]
13:53:59.0 (83029973)|STATEMENT_EXECUTE|[170]
13:53:59.0 (83175526)|HEAP_ALLOCATE|[170]|Bytes:8
13:53:59.0 (83184928)|VARIABLE_SCOPE_BEGIN|[170]|descField|Schema.DescribeFieldResult|true|false
13:53:59.0 (83244417)|VARIABLE_ASSIGNMENT|[170]|descField|"common.api.soap.wsdl.Field@883efad2"|0x1b82ba43
13:53:59.0 (83254863)|HEAP_ALLOCATE|[172]|Bytes:15
13:53:59.0 (83271828)|STATEMENT_EXECUTE|[172]
13:53:59.0 (83282427)|HEAP_ALLOCATE|[169]|Bytes:5
13:53:59.0 (83292229)|VARIABLE_SCOPE_BEGIN|[169]|key|String|false|false
13:53:59.0 (83298711)|VARIABLE_ASSIGNMENT|[169]|key|"personotherphone"
13:53:59.0 (83301789)|STATEMENT_EXECUTE|[169]
13:53:59.0 (83303368)|STATEMENT_EXECUTE|[170]
13:53:59.0 (83446227)|HEAP_ALLOCATE|[170]|Bytes:8
13:53:59.0 (83455532)|VARIABLE_SCOPE_BEGIN|[170]|descField|Schema.DescribeFieldResult|true|false
13:53:59.0 (83519558)|VARIABLE_ASSIGNMENT|[170]|descField|"common.api.soap.wsdl.Field@90516e9a"|0xd3c0077
13:53:59.0 (83530174)|HEAP_ALLOCATE|[172]|Bytes:16
13:53:59.0 (83547049)|STATEMENT_EXECUTE|[172]
13:53:59.0 (83557270)|HEAP_ALLOCATE|[169]|Bytes:5
13:53:59.0 (83566915)|VARIABLE_SCOPE_BEGIN|[169]|key|String|false|false
13:53:59.0 (83573697)|VARIABLE_ASSIGNMENT|[169]|key|"personassistantphone"
13:53:59.0 (83576800)|STATEMENT_EXECUTE|[169]
13:53:59.0 (83578442)|STATEMENT_EXECUTE|[170]
13:53:59.0 (83722847)|HEAP_ALLOCATE|[170]|Bytes:8
13:53:59.0 (83732139)|VARIABLE_SCOPE_BEGIN|[170]|descField|Schema.DescribeFieldResult|true|false
13:53:59.0 (83792143)|VARIABLE_ASSIGNMENT|[170]|descField|"common.api.soap.wsdl.Field@8ab01a3"|0x4ae74714
13:53:59.0 (83802670)|HEAP_ALLOCATE|[172]|Bytes:20
13:53:59.0 (83819404)|STATEMENT_EXECUTE|[172]
13:53:59.0 (83829633)|HEAP_ALLOCATE|[169]|Bytes:5
13:53:59.0 (83839338)|VARIABLE_SCOPE_BEGIN|[169]|key|String|false|false
13:53:59.0 (83845705)|VARIABLE_ASSIGNMENT|[169]|key|"personemail"
13:53:59.0 (83848868)|STATEMENT_EXECUTE|[169]
13:53:59.0 (83850469)|STATEMENT_EXECUTE|[170]
13:53:59.0 (83992395)|HEAP_ALLOCATE|[170]|Bytes:8
13:53:59.0 (84001607)|VARIABLE_SCOPE_BEGIN|[170]|descField|Schema.DescribeFieldResult|true|false
13:53:59.0 (84061832)|VARIABLE_ASSIGNMENT|[170]|descField|"common.api.soap.wsdl.Field@70e14049"|0x21835ee3
13:53:59.0 (84072361)|HEAP_ALLOCATE|[172]|Bytes:11
13:53:59.0 (84089206)|STATEMENT_EXECUTE|[172]
13:53:59.0 (84099435)|HEAP_ALLOCATE|[169]|Bytes:5
13:53:59.0 (84109147)|VARIABLE_SCOPE_BEGIN|[169]|key|String|false|false
13:53:59.0 (84115795)|VARIABLE_ASSIGNMENT|[169]|key|"persontitle"
13:53:59.0 (84118826)|STATEMENT_EXECUTE|[169]
13:53:59.0 (84120389)|STATEMENT_EXECUTE|[170]
13:53:59.0 (84261808)|HEAP_ALLOCATE|[170]|Bytes:8
13:53:59.0 (84271160)|VARIABLE_SCOPE_BEGIN|[170]|descField|Schema.DescribeFieldResult|true|false
13:53:59.0 (84330163)|VARIABLE_ASSIGNMENT|[170]|descField|"common.api.soap.wsdl.Field@f415670c"|0x6777af1e
13:53:59.0 (84340703)|HEAP_ALLOCATE|[172]|Bytes:11
13:53:59.0 (84357539)|STATEMENT_EXECUTE|[172]
13:53:59.0 (84367652)|HEAP_ALLOCATE|[169]|Bytes:5
13:53:59.0 (84377368)|VARIABLE_SCOPE_BEGIN|[169]|key|String|false|false
13:53:59.0 (84383861)|VARIABLE_ASSIGNMENT|[169]|key|"persondepartment"
13:53:59.0 (84386917)|STATEMENT_EXECUTE|[169]
13:53:59.0 (84388530)|STATEMENT_EXECUTE|[170]
13:53:59.0 (84535451)|HEAP_ALLOCATE|[170]|Bytes:8
13:53:59.0 (84544781)|VARIABLE_SCOPE_BEGIN|[170]|descField|Schema.DescribeFieldResult|true|false
13:53:59.0 (84604044)|VARIABLE_ASSIGNMENT|[170]|descField|"common.api.soap.wsdl.Field@5568a5c4"|0x38c3446
13:53:59.0 (84614933)|HEAP_ALLOCATE|[172]|Bytes:16
13:53:59.0 (84632017)|STATEMENT_EXECUTE|[172]
13:53:59.0 (84642419)|HEAP_ALLOCATE|[169]|Bytes:5
13:53:59.0 (84652208)|VARIABLE_SCOPE_BEGIN|[169]|key|String|false|false
13:53:59.0 (84658904)|VARIABLE_ASSIGNMENT|[169]|key|"personassistantname"
13:53:59.0 (84662068)|STATEMENT_EXECUTE|[169]
13:53:59.0 (84663658)|STATEMENT_EXECUTE|[170]
13:53:59.0 (84805729)|HEAP_ALLOCATE|[170]|Bytes:8
13:53:59.0 (84815018)|VARIABLE_SCOPE_BEGIN|[170]|descField|Schema.DescribeFieldResult|true|false
13:53:59.0 (84874096)|VARIABLE_ASSIGNMENT|[170]|descField|"common.api.soap.wsdl.Field@343a82ec"|0xaf40ce9
13:53:59.0 (84884543)|HEAP_ALLOCATE|[172]|Bytes:19
13:53:59.0 (84901247)|STATEMENT_EXECUTE|[172]
13:53:59.0 (84911487)|HEAP_ALLOCATE|[169]|Bytes:5
13:53:59.0 (84921177)|VARIABLE_SCOPE_BEGIN|[169]|key|String|false|false
13:53:59.0 (84927758)|VARIABLE_ASSIGNMENT|[169]|key|"personleadsource"
13:53:59.0 (84930754)|STATEMENT_EXECUTE|[169]
13:53:59.0 (84932329)|STATEMENT_EXECUTE|[170]
13:53:59.0 (85075883)|HEAP_ALLOCATE|[170]|Bytes:8
13:53:59.0 (85085923)|VARIABLE_SCOPE_BEGIN|[170]|descField|Schema.DescribeFieldResult|true|false
13:53:59.0 (85145520)|VARIABLE_ASSIGNMENT|[170]|descField|"common.api.soap.wsdl.Field@24f8b52"|0x535e62c8
13:53:59.0 (85156148)|HEAP_ALLOCATE|[172]|Bytes:16
13:53:59.0 (85172949)|STATEMENT_EXECUTE|[172]
13:53:59.0 (85183332)|HEAP_ALLOCATE|[169]|Bytes:5
13:53:59.0 (85193101)|VARIABLE_SCOPE_BEGIN|[169]|key|String|false|false
13:53:59.0 (85199665)|VARIABLE_ASSIGNMENT|[169]|key|"personbirthdate"
13:53:59.0 (85202746)|STATEMENT_EXECUTE|[169]
13:53:59.0 (85204353)|STATEMENT_EXECUTE|[170]
13:53:59.0 (85349319)|HEAP_ALLOCATE|[170]|Bytes:8
13:53:59.0 (85358583)|VARIABLE_SCOPE_BEGIN|[170]|descField|Schema.DescribeFieldResult|true|false
13:53:59.0 (85417874)|VARIABLE_ASSIGNMENT|[170]|descField|"common.api.soap.wsdl.Field@4e44571f"|0x68c54c5e
13:53:59.0 (85428308)|HEAP_ALLOCATE|[172]|Bytes:15
13:53:59.0 (85445121)|STATEMENT_EXECUTE|[172]
13:53:59.0 (85455766)|HEAP_ALLOCATE|[169]|Bytes:5
13:53:59.0 (85465506)|VARIABLE_SCOPE_BEGIN|[169]|key|String|false|false
13:53:59.0 (85473403)|VARIABLE_ASSIGNMENT|[169]|key|"personhasoptedoutofe (4 more) ..."
13:53:59.0 (85476692)|STATEMENT_EXECUTE|[169]
13:53:59.0 (85478332)|STATEMENT_EXECUTE|[170]
13:53:59.0 (85603925)|HEAP_ALLOCATE|[170]|Bytes:8
13:53:59.0 (85613168)|VARIABLE_SCOPE_BEGIN|[170]|descField|Schema.DescribeFieldResult|true|false
13:53:59.0 (85672282)|VARIABLE_ASSIGNMENT|[170]|descField|"common.api.soap.wsdl.Field@ad970e48"|0x17d857fe
13:53:59.0 (85682761)|HEAP_ALLOCATE|[172]|Bytes:24
13:53:59.0 (85699551)|STATEMENT_EXECUTE|[172]
13:53:59.0 (85709848)|HEAP_ALLOCATE|[169]|Bytes:5
13:53:59.0 (85719678)|VARIABLE_SCOPE_BEGIN|[169]|key|String|false|false
13:53:59.0 (85727521)|VARIABLE_ASSIGNMENT|[169]|key|"personhasoptedoutoff (2 more) ..."
13:53:59.0 (85730908)|STATEMENT_EXECUTE|[169]
13:53:59.0 (85732500)|STATEMENT_EXECUTE|[170]
13:53:59.0 (85854284)|HEAP_ALLOCATE|[170]|Bytes:8
13:53:59.0 (85863463)|VARIABLE_SCOPE_BEGIN|[170]|descField|Schema.DescribeFieldResult|true|false
13:53:59.0 (85923503)|VARIABLE_ASSIGNMENT|[170]|descField|"common.api.soap.wsdl.Field@adf7ef8c"|0x4d220b0f
13:53:59.0 (85934053)|HEAP_ALLOCATE|[172]|Bytes:22
13:53:59.0 (85950995)|STATEMENT_EXECUTE|[172]
13:53:59.0 (85961195)|HEAP_ALLOCATE|[169]|Bytes:5
13:53:59.0 (85970887)|VARIABLE_SCOPE_BEGIN|[169]|key|String|false|false
13:53:59.0 (85977463)|VARIABLE_ASSIGNMENT|[169]|key|"persondonotcall"
13:53:59.0 (85980485)|STATEMENT_EXECUTE|[169]
13:53:59.0 (85982147)|STATEMENT_EXECUTE|[170]
13:53:59.0 (86102215)|HEAP_ALLOCATE|[170]|Bytes:8
13:53:59.0 (86112103)|VARIABLE_SCOPE_BEGIN|[170]|descField|Schema.DescribeFieldResult|true|false
13:53:59.0 (86171746)|VARIABLE_ASSIGNMENT|[170]|descField|"common.api.soap.wsdl.Field@5db16d5b"|0x1a1a99ae
13:53:59.0 (86182199)|HEAP_ALLOCATE|[172]|Bytes:15
13:53:59.0 (86198990)|STATEMENT_EXECUTE|[172]
13:53:59.0 (86209227)|HEAP_ALLOCATE|[169]|Bytes:5
13:53:59.0 (86218840)|VARIABLE_SCOPE_BEGIN|[169]|key|String|false|false
13:53:59.0 (86226768)|VARIABLE_ASSIGNMENT|[169]|key|"personlastcurequestd (3 more) ..."
13:53:59.0 (86229962)|STATEMENT_EXECUTE|[169]
13:53:59.0 (86231550)|STATEMENT_EXECUTE|[170]
13:53:59.0 (86347187)|HEAP_ALLOCATE|[170]|Bytes:8
13:53:59.0 (86356347)|VARIABLE_SCOPE_BEGIN|[170]|descField|Schema.DescribeFieldResult|true|false
13:53:59.0 (86415418)|VARIABLE_ASSIGNMENT|[170]|descField|"common.api.soap.wsdl.Field@c3c80370"|0x32bcf16b
13:53:59.0 (86425903)|HEAP_ALLOCATE|[172]|Bytes:23
13:53:59.0 (86442871)|STATEMENT_EXECUTE|[172]
13:53:59.0 (86453198)|HEAP_ALLOCATE|[169]|Bytes:5
13:53:59.0 (86462850)|VARIABLE_SCOPE_BEGIN|[169]|key|String|false|false
13:53:59.0 (86470506)|VARIABLE_ASSIGNMENT|[169]|key|"personlastcuupdateda (2 more) ..."
13:53:59.0 (86473730)|STATEMENT_EXECUTE|[169]
13:53:59.0 (86475357)|STATEMENT_EXECUTE|[170]
13:53:59.0 (86599771)|HEAP_ALLOCATE|[170]|Bytes:8
13:53:59.0 (86608921)|VARIABLE_SCOPE_BEGIN|[170]|descField|Schema.DescribeFieldResult|true|false
13:53:59.0 (86668238)|VARIABLE_ASSIGNMENT|[170]|descField|"common.api.soap.wsdl.Field@d4083fc6"|0x3f6c49
13:53:59.0 (86679238)|HEAP_ALLOCATE|[172]|Bytes:22
13:53:59.0 (86696095)|STATEMENT_EXECUTE|[172]
13:53:59.0 (86706431)|HEAP_ALLOCATE|[169]|Bytes:5
13:53:59.0 (86716158)|VARIABLE_SCOPE_BEGIN|[169]|key|String|false|false
13:53:59.0 (86723994)|VARIABLE_ASSIGNMENT|[169]|key|"personemailbouncedre (4 more) ..."
13:53:59.0 (86727348)|STATEMENT_EXECUTE|[169]
13:53:59.0 (86729007)|STATEMENT_EXECUTE|[170]
13:53:59.0 (86854402)|HEAP_ALLOCATE|[170]|Bytes:8
13:53:59.0 (86863582)|VARIABLE_SCOPE_BEGIN|[170]|descField|Schema.DescribeFieldResult|true|false
13:53:59.0 (86922812)|VARIABLE_ASSIGNMENT|[170]|descField|"common.api.soap.wsdl.Field@a0379fc9"|0x1cd7d169
13:53:59.0 (86933311)|HEAP_ALLOCATE|[172]|Bytes:24
13:53:59.0 (86950093)|STATEMENT_EXECUTE|[172]
13:53:59.0 (86960509)|HEAP_ALLOCATE|[169]|Bytes:5
13:53:59.0 (86970250)|VARIABLE_SCOPE_BEGIN|[169]|key|String|false|false
13:53:59.0 (86977825)|VARIABLE_ASSIGNMENT|[169]|key|"personemailbouncedda (2 more) ..."
13:53:59.0 (86981070)|STATEMENT_EXECUTE|[169]
13:53:59.0 (86982668)|STATEMENT_EXECUTE|[170]
13:53:59.0 (87108415)|HEAP_ALLOCATE|[170]|Bytes:8
13:53:59.0 (87118366)|VARIABLE_SCOPE_BEGIN|[170]|descField|Schema.DescribeFieldResult|true|false
13:53:59.0 (87177692)|VARIABLE_ASSIGNMENT|[170]|descField|"common.api.soap.wsdl.Field@f482f6f6"|0x23912eec
13:53:59.0 (87188179)|HEAP_ALLOCATE|[172]|Bytes:22
13:53:59.0 (87205239)|STATEMENT_EXECUTE|[172]
13:53:59.0 (87215678)|HEAP_ALLOCATE|[169]|Bytes:5
13:53:59.0 (87225537)|VARIABLE_SCOPE_BEGIN|[169]|key|String|false|false
13:53:59.0 (87232053)|VARIABLE_ASSIGNMENT|[169]|key|"jigsaw"
13:53:59.0 (87235141)|STATEMENT_EXECUTE|[169]
13:53:59.0 (87236804)|STATEMENT_EXECUTE|[170]
13:53:59.0 (87373374)|HEAP_ALLOCATE|[170]|Bytes:8
13:53:59.0 (87382715)|VARIABLE_SCOPE_BEGIN|[170]|descField|Schema.DescribeFieldResult|true|false
13:53:59.0 (87442234)|VARIABLE_ASSIGNMENT|[170]|descField|"common.api.soap.wsdl.Field@e003d795"|0x70f6172c
13:53:59.0 (87452780)|HEAP_ALLOCATE|[172]|Bytes:6
13:53:59.0 (87470399)|STATEMENT_EXECUTE|[172]
13:53:59.0 (87480738)|HEAP_ALLOCATE|[169]|Bytes:5
13:53:59.0 (87490537)|VARIABLE_SCOPE_BEGIN|[169]|key|String|false|false
13:53:59.0 (87501093)|VARIABLE_ASSIGNMENT|[169]|key|"jigsawcompanyid"
13:53:59.0 (87504441)|STATEMENT_EXECUTE|[169]
13:53:59.0 (87506059)|STATEMENT_EXECUTE|[170]
13:53:59.0 (87625040)|HEAP_ALLOCATE|[170]|Bytes:8
13:53:59.0 (87634165)|VARIABLE_SCOPE_BEGIN|[170]|descField|Schema.DescribeFieldResult|true|false
13:53:59.0 (87694200)|VARIABLE_ASSIGNMENT|[170]|descField|"common.api.soap.wsdl.Field@6e6ab464"|0x4e83e5cc
13:53:59.0 (87704767)|HEAP_ALLOCATE|[172]|Bytes:15
13:53:59.0 (87721610)|STATEMENT_EXECUTE|[172]
13:53:59.0 (87731821)|HEAP_ALLOCATE|[169]|Bytes:5
13:53:59.0 (87741583)|VARIABLE_SCOPE_BEGIN|[169]|key|String|false|false
13:53:59.0 (87748127)|VARIABLE_ASSIGNMENT|[169]|key|"accountsource"
13:53:59.0 (87751286)|STATEMENT_EXECUTE|[169]
13:53:59.0 (87752904)|STATEMENT_EXECUTE|[170]
13:53:59.0 (87884457)|HEAP_ALLOCATE|[170]|Bytes:8
13:53:59.0 (87894210)|VARIABLE_SCOPE_BEGIN|[170]|descField|Schema.DescribeFieldResult|true|false
13:53:59.0 (87953734)|VARIABLE_ASSIGNMENT|[170]|descField|"common.api.soap.wsdl.Field@f19fe8aa"|0x2ce3327f
13:53:59.0 (87964095)|HEAP_ALLOCATE|[172]|Bytes:13
13:53:59.0 (87981148)|STATEMENT_EXECUTE|[172]
13:53:59.0 (87991328)|HEAP_ALLOCATE|[169]|Bytes:5
13:53:59.0 (88001034)|VARIABLE_SCOPE_BEGIN|[169]|key|String|false|false
13:53:59.0 (88008288)|VARIABLE_ASSIGNMENT|[169]|key|"dunsnumber"
13:53:59.0 (88011429)|STATEMENT_EXECUTE|[169]
13:53:59.0 (88013032)|STATEMENT_EXECUTE|[170]
13:53:59.0 (88149507)|HEAP_ALLOCATE|[170]|Bytes:8
13:53:59.0 (88158916)|VARIABLE_SCOPE_BEGIN|[170]|descField|Schema.DescribeFieldResult|true|false
13:53:59.0 (88217978)|VARIABLE_ASSIGNMENT|[170]|descField|"common.api.soap.wsdl.Field@528a98f9"|0x4e0560d4
13:53:59.0 (88228549)|HEAP_ALLOCATE|[172]|Bytes:10
13:53:59.0 (88245633)|STATEMENT_EXECUTE|[172]
13:53:59.0 (88255866)|HEAP_ALLOCATE|[169]|Bytes:5
13:53:59.0 (88265707)|VARIABLE_SCOPE_BEGIN|[169]|key|String|false|false
13:53:59.0 (88272670)|VARIABLE_ASSIGNMENT|[169]|key|"tradestyle"
13:53:59.0 (88275686)|STATEMENT_EXECUTE|[169]
13:53:59.0 (88277303)|STATEMENT_EXECUTE|[170]
13:53:59.0 (88409402)|HEAP_ALLOCATE|[170]|Bytes:8
13:53:59.0 (88418718)|VARIABLE_SCOPE_BEGIN|[170]|descField|Schema.DescribeFieldResult|true|false
13:53:59.0 (88477745)|VARIABLE_ASSIGNMENT|[170]|descField|"common.api.soap.wsdl.Field@58ee6860"|0x49251b81
13:53:59.0 (88488290)|HEAP_ALLOCATE|[172]|Bytes:10
13:53:59.0 (88509204)|STATEMENT_EXECUTE|[172]
13:53:59.0 (88519782)|HEAP_ALLOCATE|[169]|Bytes:5
13:53:59.0 (88529597)|VARIABLE_SCOPE_BEGIN|[169]|key|String|false|false
13:53:59.0 (88536183)|VARIABLE_ASSIGNMENT|[169]|key|"naicscode"
13:53:59.0 (88539333)|STATEMENT_EXECUTE|[169]
13:53:59.0 (88540922)|STATEMENT_EXECUTE|[170]
13:53:59.0 (88673119)|HEAP_ALLOCATE|[170]|Bytes:8
13:53:59.0 (88682487)|VARIABLE_SCOPE_BEGIN|[170]|descField|Schema.DescribeFieldResult|true|false
13:53:59.0 (88741765)|VARIABLE_ASSIGNMENT|[170]|descField|"common.api.soap.wsdl.Field@90edd8c9"|0x1de995c5
13:53:59.0 (88752461)|HEAP_ALLOCATE|[172]|Bytes:9
13:53:59.0 (88769479)|STATEMENT_EXECUTE|[172]
13:53:59.0 (88779741)|HEAP_ALLOCATE|[169]|Bytes:5
13:53:59.0 (88789364)|VARIABLE_SCOPE_BEGIN|[169]|key|String|false|false
13:53:59.0 (88795781)|VARIABLE_ASSIGNMENT|[169]|key|"naicsdesc"
13:53:59.0 (88798821)|STATEMENT_EXECUTE|[169]
13:53:59.0 (88800404)|STATEMENT_EXECUTE|[170]
13:53:59.0 (88931140)|HEAP_ALLOCATE|[170]|Bytes:8
13:53:59.0 (88940413)|VARIABLE_SCOPE_BEGIN|[170]|descField|Schema.DescribeFieldResult|true|false
13:53:59.0 (88999574)|VARIABLE_ASSIGNMENT|[170]|descField|"common.api.soap.wsdl.Field@20ae48c"|0x40450dcc
13:53:59.0 (89010336)|HEAP_ALLOCATE|[172]|Bytes:9
13:53:59.0 (89027908)|STATEMENT_EXECUTE|[172]
13:53:59.0 (89038174)|HEAP_ALLOCATE|[169]|Bytes:5
13:53:59.0 (89047899)|VARIABLE_SCOPE_BEGIN|[169]|key|String|false|false
13:53:59.0 (89054455)|VARIABLE_ASSIGNMENT|[169]|key|"yearstarted"
13:53:59.0 (89057568)|STATEMENT_EXECUTE|[169]
13:53:59.0 (89059128)|STATEMENT_EXECUTE|[170]
13:53:59.0 (89189953)|HEAP_ALLOCATE|[170]|Bytes:8
13:53:59.0 (89199147)|VARIABLE_SCOPE_BEGIN|[170]|descField|Schema.DescribeFieldResult|true|false
13:53:59.0 (89258247)|VARIABLE_ASSIGNMENT|[170]|descField|"common.api.soap.wsdl.Field@ac7a4a3e"|0x6d1e0bf3
13:53:59.0 (89268932)|HEAP_ALLOCATE|[172]|Bytes:11
13:53:59.0 (89285818)|STATEMENT_EXECUTE|[172]
13:53:59.0 (89295991)|HEAP_ALLOCATE|[169]|Bytes:5
13:53:59.0 (89305583)|VARIABLE_SCOPE_BEGIN|[169]|key|String|false|false
13:53:59.0 (89311926)|VARIABLE_ASSIGNMENT|[169]|key|"sicdesc"
13:53:59.0 (89315014)|STATEMENT_EXECUTE|[169]
13:53:59.0 (89316540)|STATEMENT_EXECUTE|[170]
13:53:59.0 (89446193)|HEAP_ALLOCATE|[170]|Bytes:8
13:53:59.0 (89455521)|VARIABLE_SCOPE_BEGIN|[170]|descField|Schema.DescribeFieldResult|true|false
13:53:59.0 (89519536)|VARIABLE_ASSIGNMENT|[170]|descField|"common.api.soap.wsdl.Field@bcb9cfdf"|0x2f276a6a
13:53:59.0 (89529935)|HEAP_ALLOCATE|[172]|Bytes:7
13:53:59.0 (89546871)|STATEMENT_EXECUTE|[172]
13:53:59.0 (89557217)|HEAP_ALLOCATE|[169]|Bytes:5
13:53:59.0 (89567097)|VARIABLE_SCOPE_BEGIN|[169]|key|String|false|false
13:53:59.0 (89573753)|VARIABLE_ASSIGNMENT|[169]|key|"dandbcompanyid"
13:53:59.0 (89576795)|STATEMENT_EXECUTE|[169]
13:53:59.0 (89578343)|STATEMENT_EXECUTE|[170]
13:53:59.0 (89765429)|HEAP_ALLOCATE|[170]|Bytes:8
13:53:59.0 (89774785)|VARIABLE_SCOPE_BEGIN|[170]|descField|Schema.DescribeFieldResult|true|false
13:53:59.0 (89835642)|VARIABLE_ASSIGNMENT|[170]|descField|"common.api.soap.wsdl.Field@cddd50bf"|0x2e8efd04
13:53:59.0 (89846274)|HEAP_ALLOCATE|[172]|Bytes:14
13:53:59.0 (89863428)|STATEMENT_EXECUTE|[172]
13:53:59.0 (89873636)|HEAP_ALLOCATE|[169]|Bytes:5
13:53:59.0 (89883413)|VARIABLE_SCOPE_BEGIN|[169]|key|String|false|false
13:53:59.0 (89891310)|VARIABLE_ASSIGNMENT|[169]|key|"permanent_partner_ma (8 more) ..."
13:53:59.0 (89894830)|STATEMENT_EXECUTE|[169]
13:53:59.0 (89896433)|STATEMENT_EXECUTE|[170]
13:53:59.0 (90041654)|HEAP_ALLOCATE|[170]|Bytes:8
13:53:59.0 (90051649)|VARIABLE_SCOPE_BEGIN|[170]|descField|Schema.DescribeFieldResult|true|false
13:53:59.0 (90112871)|VARIABLE_ASSIGNMENT|[170]|descField|"common.api.soap.wsdl.Field@b8a640bb"|0xba3ee72
13:53:59.0 (90123447)|HEAP_ALLOCATE|[172]|Bytes:28
13:53:59.0 (90140638)|STATEMENT_EXECUTE|[172]
13:53:59.0 (90150897)|HEAP_ALLOCATE|[169]|Bytes:5
13:53:59.0 (90160867)|VARIABLE_SCOPE_BEGIN|[169]|key|String|false|false
13:53:59.0 (90167640)|VARIABLE_ASSIGNMENT|[169]|key|"partner_manager__c"
13:53:59.0 (90170764)|STATEMENT_EXECUTE|[169]
13:53:59.0 (90172353)|STATEMENT_EXECUTE|[170]
13:53:59.0 (90346250)|HEAP_ALLOCATE|[170]|Bytes:8
13:53:59.0 (90355655)|VARIABLE_SCOPE_BEGIN|[170]|descField|Schema.DescribeFieldResult|true|false
13:53:59.0 (90416745)|VARIABLE_ASSIGNMENT|[170]|descField|"common.api.soap.wsdl.Field@d5839920"|0x20f11c68
13:53:59.0 (90427380)|HEAP_ALLOCATE|[172]|Bytes:18
13:53:59.0 (90444428)|STATEMENT_EXECUTE|[172]
13:53:59.0 (90454659)|HEAP_ALLOCATE|[169]|Bytes:5
13:53:59.0 (90464323)|VARIABLE_SCOPE_BEGIN|[169]|key|String|false|false
13:53:59.0 (90470766)|VARIABLE_ASSIGNMENT|[169]|key|"id__c"
13:53:59.0 (90474163)|STATEMENT_EXECUTE|[169]
13:53:59.0 (90475799)|STATEMENT_EXECUTE|[170]
13:53:59.0 (90604809)|HEAP_ALLOCATE|[170]|Bytes:8
13:53:59.0 (90614003)|VARIABLE_SCOPE_BEGIN|[170]|descField|Schema.DescribeFieldResult|true|false
13:53:59.0 (90673511)|VARIABLE_ASSIGNMENT|[170]|descField|"common.api.soap.wsdl.Field@a06bec3a"|0x34bc3c29
13:53:59.0 (90683986)|HEAP_ALLOCATE|[172]|Bytes:5
13:53:59.0 (90701006)|STATEMENT_EXECUTE|[172]
13:53:59.0 (90711305)|HEAP_ALLOCATE|[169]|Bytes:5
13:53:59.0 (90721021)|VARIABLE_SCOPE_BEGIN|[169]|key|String|false|false
13:53:59.0 (90727580)|VARIABLE_ASSIGNMENT|[169]|key|"external_id__c"
13:53:59.0 (90730698)|STATEMENT_EXECUTE|[169]
13:53:59.0 (90732327)|STATEMENT_EXECUTE|[170]
13:53:59.0 (90856234)|HEAP_ALLOCATE|[170]|Bytes:8
13:53:59.0 (90865538)|VARIABLE_SCOPE_BEGIN|[170]|descField|Schema.DescribeFieldResult|true|false
13:53:59.0 (90925518)|VARIABLE_ASSIGNMENT|[170]|descField|"common.api.soap.wsdl.Field@ffc23010"|0x5d156b95
13:53:59.0 (90936033)|HEAP_ALLOCATE|[172]|Bytes:14
13:53:59.0 (90953238)|STATEMENT_EXECUTE|[172]
13:53:59.0 (90963590)|HEAP_ALLOCATE|[169]|Bytes:5
13:53:59.0 (90973458)|VARIABLE_SCOPE_BEGIN|[169]|key|String|false|false
13:53:59.0 (90981275)|VARIABLE_ASSIGNMENT|[169]|key|"open_opportunities__ (1 more) ..."
13:53:59.0 (90984745)|STATEMENT_EXECUTE|[169]
13:53:59.0 (90986302)|STATEMENT_EXECUTE|[170]
13:53:59.0 (91096533)|HEAP_ALLOCATE|[170]|Bytes:8
13:53:59.0 (91106548)|VARIABLE_SCOPE_BEGIN|[170]|descField|Schema.DescribeFieldResult|true|false
13:53:59.0 (91166335)|VARIABLE_ASSIGNMENT|[170]|descField|"common.api.soap.wsdl.Field@e9111d54"|0x6f53e7f6
13:53:59.0 (91176927)|HEAP_ALLOCATE|[172]|Bytes:21
13:53:59.0 (91193766)|STATEMENT_EXECUTE|[172]
13:53:59.0 (91204127)|HEAP_ALLOCATE|[169]|Bytes:5
13:53:59.0 (91213758)|VARIABLE_SCOPE_BEGIN|[169]|key|String|false|false
13:53:59.0 (91221455)|VARIABLE_ASSIGNMENT|[169]|key|"open_opportunities_v (7 more) ..."
13:53:59.0 (91224795)|STATEMENT_EXECUTE|[169]
13:53:59.0 (91226357)|STATEMENT_EXECUTE|[170]
13:53:59.0 (91335235)|HEAP_ALLOCATE|[170]|Bytes:8
13:53:59.0 (91344587)|VARIABLE_SCOPE_BEGIN|[170]|descField|Schema.DescribeFieldResult|true|false
13:53:59.0 (91404662)|VARIABLE_ASSIGNMENT|[170]|descField|"common.api.soap.wsdl.Field@b9447dde"|0x44034a53
13:53:59.0 (91415225)|HEAP_ALLOCATE|[172]|Bytes:27
13:53:59.0 (91432135)|STATEMENT_EXECUTE|[172]
13:53:59.0 (91442641)|HEAP_ALLOCATE|[169]|Bytes:5
13:53:59.0 (91452524)|VARIABLE_SCOPE_BEGIN|[169]|key|String|false|false
13:53:59.0 (91459366)|VARIABLE_ASSIGNMENT|[169]|key|"rating_indicator__c"
13:53:59.0 (91462504)|STATEMENT_EXECUTE|[169]
13:53:59.0 (91464153)|STATEMENT_EXECUTE|[170]
13:53:59.0 (92070414)|HEAP_ALLOCATE|[170]|Bytes:8
13:53:59.0 (92081463)|VARIABLE_SCOPE_BEGIN|[170]|descField|Schema.DescribeFieldResult|true|false
13:53:59.0 (92143673)|VARIABLE_ASSIGNMENT|[170]|descField|"common.api.soap.wsdl.Field@bebd15bc"|0x4f89b01b
13:53:59.0 (92154580)|HEAP_ALLOCATE|[172]|Bytes:19
13:53:59.0 (92172349)|STATEMENT_EXECUTE|[172]
13:53:59.0 (92183013)|HEAP_ALLOCATE|[169]|Bytes:5
13:53:59.0 (92193484)|VARIABLE_SCOPE_BEGIN|[169]|key|String|false|false
13:53:59.0 (92200454)|VARIABLE_ASSIGNMENT|[169]|key|"external_id__pc"
13:53:59.0 (92203616)|STATEMENT_EXECUTE|[169]
13:53:59.0 (92205217)|STATEMENT_EXECUTE|[170]
13:53:59.0 (105372652)|HEAP_ALLOCATE|[170]|Bytes:8
13:53:59.0 (105383980)|VARIABLE_SCOPE_BEGIN|[170]|descField|Schema.DescribeFieldResult|true|false
13:53:59.0 (105448560)|VARIABLE_ASSIGNMENT|[170]|descField|"common.api.soap.wsdl.Field@8ba45eed"|0xb542a58
13:53:59.0 (105459612)|HEAP_ALLOCATE|[172]|Bytes:15
13:53:59.0 (105477901)|STATEMENT_EXECUTE|[172]
13:53:59.0 (105488748)|HEAP_ALLOCATE|[169]|Bytes:5
13:53:59.0 (105502854)|VARIABLE_SCOPE_BEGIN|[169]|key|String|false|false
13:53:59.0 (105511889)|VARIABLE_ASSIGNMENT|[169]|key|"activeliveagentuser_ (3 more) ..."
13:53:59.0 (105515593)|STATEMENT_EXECUTE|[169]
13:53:59.0 (105517263)|STATEMENT_EXECUTE|[170]
13:53:59.0 (105649749)|HEAP_ALLOCATE|[170]|Bytes:8
13:53:59.0 (105659190)|VARIABLE_SCOPE_BEGIN|[170]|descField|Schema.DescribeFieldResult|true|false
13:53:59.0 (105720855)|VARIABLE_ASSIGNMENT|[170]|descField|"common.api.soap.wsdl.Field@fe990c36"|0x5199531d
13:53:59.0 (105731703)|HEAP_ALLOCATE|[172]|Bytes:23
13:53:59.0 (105748876)|STATEMENT_EXECUTE|[172]
13:53:59.0 (105759327)|HEAP_ALLOCATE|[169]|Bytes:5
13:53:59.0 (105770538)|VARIABLE_ASSIGNMENT|[169]|key|null
13:53:59.0 (105802541)|STATEMENT_EXECUTE|[181]
13:53:59.0 (105805542)|STATEMENT_EXECUTE|[190]
13:53:59.0 (105813791)|METHOD_EXIT|[178]|01p360000053CeU|CellCrud.squery(String)
13:53:59.0 (105829673)|VARIABLE_ASSIGNMENT|[178]|recordList|{"s":1,"v":"List of size 63 too large to display"}|0x20a9925e
13:53:59.0 (105833385)|STATEMENT_EXECUTE|[181]
13:53:59.0 (105841460)|METHOD_ENTRY|[181]||System.JSON.serialize(Object)
13:53:59.0 (109801615)|METHOD_EXIT|[181]||System.JSON.serialize(Object)
13:53:59.0 (109821021)|SYSTEM_MODE_EXIT|false
13:53:59.109 (109864893)|CUMULATIVE_LIMIT_USAGE
13:53:59.109 (109864893)|LIMIT_USAGE_FOR_NS|(default)|
  Number of SOQL queries: 1 out of 100
  Number of query rows: 63 out of 50000
  Number of SOSL queries: 0 out of 20
  Number of DML statements: 0 out of 150
  Number of DML rows: 0 out of 10000
  Maximum CPU time: 0 out of 10000
  Maximum heap size: 0 out of 6000000
  Number of callouts: 0 out of 100
  Number of Email Invocations: 0 out of 10
  Number of future calls: 0 out of 50
  Number of queueable jobs added to the queue: 0 out of 50
  Number of Mobile Apex push calls: 0 out of 10

13:53:59.109 (109864893)|CUMULATIVE_LIMIT_USAGE_END

13:53:59.0 (109928080)|CODE_UNIT_FINISHED|CellController.forceLoadData
