36.0 APEX_CODE,FINEST;APEX_PROFILING,INFO;CALLOUT,INFO;DB,INFO;SYSTEM,DEBUG;VALIDATION,INFO;VISUALFORCE,INFO;WORKFLOW,INFO
13:52:30.0 (770693)|EXECUTION_STARTED
13:52:30.0 (826016)|CODE_UNIT_STARTED|[EXTERNAL]|aura
13:52:30.0 (1369390)|HEAP_ALLOCATE|[72]|Bytes:3
13:52:30.0 (1455610)|HEAP_ALLOCATE|[77]|Bytes:152
13:52:30.0 (1473122)|HEAP_ALLOCATE|[342]|Bytes:408
13:52:30.0 (1486895)|HEAP_ALLOCATE|[355]|Bytes:408
13:52:30.0 (1500051)|HEAP_ALLOCATE|[467]|Bytes:48
13:52:30.0 (1532671)|HEAP_ALLOCATE|[139]|Bytes:6
13:52:30.0 (1559314)|HEAP_ALLOCATE|[EXTERNAL]|Bytes:7
13:52:30.0 (1599338)|HEAP_ALLOCATE|[EXTERNAL]|Bytes:7
13:52:30.0 (1714148)|HEAP_ALLOCATE|[EXTERNAL]|Bytes:51
13:52:30.0 (1725108)|HEAP_ALLOCATE|[EXTERNAL]|Bytes:51
13:52:30.0 (2849423)|CODE_UNIT_STARTED|[EXTERNAL]|01p360000053CeT|CellController.forceLoadData
13:52:30.0 (3003021)|HEAP_ALLOCATE|[EXTERNAL]|Bytes:19
13:52:30.0 (3010182)|HEAP_ALLOCATE|[EXTERNAL]|Bytes:22
13:52:30.0 (3022185)|METHOD_ENTRY|[1]|01p360000053CeT|CellController.CellController()
13:52:30.0 (3033791)|STATEMENT_EXECUTE|[1]
13:52:30.0 (3042812)|STATEMENT_EXECUTE|[1]
13:52:30.0 (3085879)|HEAP_ALLOCATE|[50]|Bytes:5
13:52:30.0 (3113763)|HEAP_ALLOCATE|[56]|Bytes:5
13:52:30.0 (3122545)|HEAP_ALLOCATE|[64]|Bytes:7
13:52:30.0 (3144666)|SYSTEM_MODE_ENTER|false
13:52:30.0 (3162807)|HEAP_ALLOCATE|[EXTERNAL]|Bytes:5
13:52:30.0 (3168971)|STATEMENT_EXECUTE|[2]
13:52:30.0 (3171059)|STATEMENT_EXECUTE|[69]
13:52:30.0 (3176769)|SYSTEM_MODE_EXIT|false
13:52:30.0 (3184808)|METHOD_EXIT|[1]|CellController
13:52:30.0 (3189640)|HEAP_ALLOCATE|[EXTERNAL]|Bytes:7
13:52:30.0 (3192208)|HEAP_ALLOCATE|[EXTERNAL]|Bytes:51
13:52:30.0 (3196940)|SYSTEM_MODE_ENTER|false
13:52:30.0 (3208162)|VARIABLE_SCOPE_BEGIN|[149]|objectName|String|false|false
13:52:30.0 (3246531)|VARIABLE_ASSIGNMENT|[149]|objectName|"Account"
13:52:30.0 (3251548)|VARIABLE_SCOPE_BEGIN|[149]|fields|String|false|false
13:52:30.0 (3259331)|VARIABLE_ASSIGNMENT|[149]|fields|"Name, AccountNumber, (31 more) ..."
13:52:30.0 (3278656)|HEAP_ALLOCATE|[150]|Bytes:5
13:52:30.0 (3284481)|STATEMENT_EXECUTE|[149]
13:52:30.0 (3287579)|STATEMENT_EXECUTE|[150]
13:52:30.0 (37934707)|HEAP_ALLOCATE|[155]|Bytes:1992
13:52:30.0 (37979510)|STATEMENT_EXECUTE|[155]
13:52:30.0 (37982826)|STATEMENT_EXECUTE|[161]
13:52:30.0 (37992453)|VARIABLE_SCOPE_BEGIN|[161]|recordList|List<SObject>|true|false
13:52:30.0 (38003929)|VARIABLE_ASSIGNMENT|[161]|recordList|null|
13:52:30.0 (38008251)|STATEMENT_EXECUTE|[165]
13:52:30.0 (38010096)|STATEMENT_EXECUTE|[167]
13:52:30.0 (43165820)|HEAP_ALLOCATE|[167]|Bytes:1992
13:52:30.0 (43890209)|HEAP_ALLOCATE|[167]|Bytes:4
13:52:30.0 (46330686)|HEAP_ALLOCATE|[167]|Bytes:428
13:52:30.0 (46343173)|VARIABLE_SCOPE_BEGIN|[167]|fieldMap|Map<String,Schema.SObjectField>|true|false
13:52:30.0 (46596312)|VARIABLE_ASSIGNMENT|[167]|fieldMap|"{accountnumber=AccountNumber, accountsource=AccountSource, activeliveagentuser__pc=ActiveLiveAgentUser__pc, annualrevenue=AnnualRevenue, billingaddress=BillingAddress, billingcity=BillingCity, billingcountry=BillingCountry, billinglatitude=BillingLatitude, billinglongitude=BillingLongitude, billingpostalcode=BillingPostalCode, ...}"|0x3c027996
13:52:30.0 (46608314)|HEAP_ALLOCATE|[168]|Bytes:1
13:52:30.0 (46666994)|HEAP_ALLOCATE|[168]|Bytes:47
13:52:30.0 (46679726)|HEAP_ALLOCATE|[168]|Bytes:1
13:52:30.0 (46713804)|HEAP_ALLOCATE|[168]|Bytes:4
13:52:30.0 (46717807)|HEAP_ALLOCATE|[168]|Bytes:13
13:52:30.0 (46719765)|HEAP_ALLOCATE|[168]|Bytes:8
13:52:30.0 (46721473)|HEAP_ALLOCATE|[168]|Bytes:5
13:52:30.0 (46723686)|HEAP_ALLOCATE|[168]|Bytes:13
13:52:30.0 (46727485)|HEAP_ALLOCATE|[168]|Bytes:24
13:52:30.0 (46807617)|HEAP_ALLOCATE|[168]|Bytes:5
13:52:30.0 (46830209)|VARIABLE_SCOPE_BEGIN|[168]|field|String|false|false
13:52:30.0 (46839209)|VARIABLE_ASSIGNMENT|[168]|field|"Name"
13:52:30.0 (46844602)|STATEMENT_EXECUTE|[168]
13:52:30.0 (46874643)|HEAP_ALLOCATE|[169]|Bytes:4
13:52:30.0 (46902065)|STATEMENT_EXECUTE|[169]
13:52:30.0 (46913246)|HEAP_ALLOCATE|[168]|Bytes:5
13:52:30.0 (46923743)|VARIABLE_SCOPE_BEGIN|[168]|field|String|false|false
13:52:30.0 (46931581)|VARIABLE_ASSIGNMENT|[168]|field|"AccountNumber"
13:52:30.0 (46935362)|STATEMENT_EXECUTE|[168]
13:52:30.0 (46947084)|HEAP_ALLOCATE|[169]|Bytes:13
13:52:30.0 (46964463)|STATEMENT_EXECUTE|[169]
13:52:30.0 (46973415)|HEAP_ALLOCATE|[168]|Bytes:5
13:52:30.0 (46982573)|VARIABLE_SCOPE_BEGIN|[168]|field|String|false|false
13:52:30.0 (46993161)|VARIABLE_ASSIGNMENT|[168]|field|"Industry"
13:52:30.0 (46996920)|STATEMENT_EXECUTE|[168]
13:52:30.0 (47008576)|HEAP_ALLOCATE|[169]|Bytes:8
13:52:30.0 (47026584)|STATEMENT_EXECUTE|[169]
13:52:30.0 (47035485)|HEAP_ALLOCATE|[168]|Bytes:5
13:52:30.0 (47044643)|VARIABLE_SCOPE_BEGIN|[168]|field|String|false|false
13:52:30.0 (47051370)|VARIABLE_ASSIGNMENT|[168]|field|"Phone"
13:52:30.0 (47054832)|STATEMENT_EXECUTE|[168]
13:52:30.0 (47065472)|HEAP_ALLOCATE|[169]|Bytes:5
13:52:30.0 (47081452)|STATEMENT_EXECUTE|[169]
13:52:30.0 (47089914)|HEAP_ALLOCATE|[168]|Bytes:5
13:52:30.0 (47115688)|VARIABLE_SCOPE_BEGIN|[168]|field|String|false|false
13:52:30.0 (47125782)|VARIABLE_ASSIGNMENT|[168]|field|"AnnualRevenue"
13:52:30.0 (47130042)|STATEMENT_EXECUTE|[168]
13:52:30.0 (47143802)|HEAP_ALLOCATE|[169]|Bytes:13
13:52:30.0 (47161618)|STATEMENT_EXECUTE|[169]
13:52:30.0 (47171217)|HEAP_ALLOCATE|[168]|Bytes:5
13:52:30.0 (47181652)|VARIABLE_ASSIGNMENT|[168]|field|null
13:52:30.0 (47186069)|STATEMENT_EXECUTE|[175]
13:52:30.0 (47217140)|HEAP_ALLOCATE|[175]|Bytes:47
13:52:30.0 (47241037)|HEAP_ALLOCATE|[175]|Bytes:47
13:52:30.0 (47248903)|VARIABLE_SCOPE_BEGIN|[175]|escapedFields|String|false|false
13:52:30.0 (47257874)|VARIABLE_ASSIGNMENT|[175]|escapedFields|"Name,AccountNumber,I (27 more) ..."
13:52:30.0 (47261863)|STATEMENT_EXECUTE|[176]
13:52:30.0 (47283451)|HEAP_ALLOCATE|[176]|Bytes:7
13:52:30.0 (47292978)|VARIABLE_SCOPE_BEGIN|[176]|escapedObject|String|false|false
13:52:30.0 (47299388)|VARIABLE_ASSIGNMENT|[176]|escapedObject|"Account"
13:52:30.0 (47302736)|STATEMENT_EXECUTE|[177]
13:52:30.0 (47305747)|HEAP_ALLOCATE|[177]|Bytes:7
13:52:30.0 (47309221)|HEAP_ALLOCATE|[177]|Bytes:6
13:52:30.0 (47312386)|HEAP_ALLOCATE|[177]|Bytes:32
13:52:30.0 (47321792)|HEAP_ALLOCATE|[177]|Bytes:99
13:52:30.0 (47325648)|VARIABLE_SCOPE_BEGIN|[177]|soql|String|false|false
13:52:30.0 (47331940)|VARIABLE_ASSIGNMENT|[177]|soql|"select Name,AccountN (79 more) ..."
13:52:30.0 (47335109)|STATEMENT_EXECUTE|[178]
13:52:30.0 (71169486)|HEAP_ALLOCATE|[178]|Bytes:10
13:52:30.0 (71185294)|HEAP_ALLOCATE|[178]|Bytes:31
13:52:30.0 (71188946)|HEAP_ALLOCATE|[178]|Bytes:7
13:52:30.0 (71217557)|METHOD_ENTRY|[1]|01p360000053CeU|CellCrud.CellCrud()
13:52:30.0 (71226817)|STATEMENT_EXECUTE|[1]
13:52:30.0 (71238880)|STATEMENT_EXECUTE|[1]
13:52:30.0 (71249728)|HEAP_ALLOCATE|[178]|Bytes:5
13:52:30.0 (71253781)|STATEMENT_EXECUTE|[2]
13:52:30.0 (71265254)|METHOD_EXIT|[1]|CellCrud
13:52:30.0 (71307783)|METHOD_ENTRY|[178]|01p360000053CeU|CellCrud.squery(String)
13:52:30.0 (71342900)|VARIABLE_SCOPE_BEGIN|[142]|soql|String|false|false
13:52:30.0 (71364085)|VARIABLE_ASSIGNMENT|[142]|soql|"select Name,AccountN (79 more) ..."
13:52:30.0 (71375009)|HEAP_ALLOCATE|[143]|Bytes:5
13:52:30.0 (71380710)|STATEMENT_EXECUTE|[142]
13:52:30.0 (71382784)|STATEMENT_EXECUTE|[143]
13:52:30.0 (71387405)|VARIABLE_SCOPE_BEGIN|[143]|records|List<SObject>|true|false
13:52:30.0 (71394550)|VARIABLE_ASSIGNMENT|[143]|records|null|
13:52:30.0 (71397230)|STATEMENT_EXECUTE|[144]
13:52:30.0 (71398735)|STATEMENT_EXECUTE|[144]
13:52:30.0 (71400454)|STATEMENT_EXECUTE|[145]
13:52:30.0 (71750059)|SOQL_EXECUTE_BEGIN|[145]|Aggregations:0|select Name,AccountNumber,Industry,Phone,AnnualRevenue from Account order by CreatedDate desc, Name
13:52:30.0 (88803893)|SOQL_EXECUTE_END|[145]|Rows:63
13:52:30.0 (88822967)|HEAP_ALLOCATE|[145]|Bytes:256
13:52:30.0 (88936751)|HEAP_ALLOCATE|[145]|Bytes:9080
13:52:30.0 (89030805)|HEAP_ALLOCATE|[145]|Bytes:256
13:52:30.0 (89064817)|VARIABLE_ASSIGNMENT|[145]|records|{"s":1,"v":"List of size 63 too large to display"}|0x43c593b6
13:52:30.0 (89170565)|STATEMENT_EXECUTE|[151]
13:52:30.0 (89173734)|STATEMENT_EXECUTE|[153]
13:52:30.0 (89202617)|HEAP_ALLOCATE|[153]|Bytes:24
13:52:30.0 (89276171)|VARIABLE_SCOPE_BEGIN|[153]|targetType|Schema.SObjectType|true|false
13:52:30.0 (89368676)|VARIABLE_ASSIGNMENT|[153]|targetType|"common.apex.runtime.impl.ApexSObjectTypeToken@27fde7a3"|0x27fde7a3
13:52:30.0 (89376643)|STATEMENT_EXECUTE|[154]
13:52:30.0 (89378738)|STATEMENT_EXECUTE|[160]
13:52:30.0 (89449118)|HEAP_ALLOCATE|[160]|Bytes:4
13:52:30.0 (89500825)|VARIABLE_SCOPE_BEGIN|[160]|sobjResult|Schema.DescribeSObjectResult|true|false
13:52:30.0 (89571347)|VARIABLE_ASSIGNMENT|[160]|sobjResult|"common.api.soap.wsdl.DescribeSObjectResult@63f4b343"|0x48ca98c9
13:52:30.0 (89578759)|STATEMENT_EXECUTE|[163]
13:52:30.0 (89965737)|HEAP_ALLOCATE|[163]|Bytes:428
13:52:30.0 (89977089)|VARIABLE_SCOPE_BEGIN|[163]|m|Map<String,Schema.SObjectField>|true|false
13:52:30.0 (90122252)|VARIABLE_ASSIGNMENT|[163]|m|"{accountnumber=AccountNumber, accountsource=AccountSource, activeliveagentuser__pc=ActiveLiveAgentUser__pc, annualrevenue=AnnualRevenue, billingaddress=BillingAddress, billingcity=BillingCity, billingcountry=BillingCountry, billinglatitude=BillingLatitude, billinglongitude=BillingLongitude, billingpostalcode=BillingPostalCode, ...}"|0x69d97d80
13:52:30.0 (90131841)|STATEMENT_EXECUTE|[165]
13:52:30.0 (90142457)|HEAP_ALLOCATE|[165]|Bytes:24
13:52:30.0 (90205524)|HEAP_ALLOCATE|[165]|Bytes:18
13:52:30.0 (90215755)|SYSTEM_METHOD_ENTRY|[1]|JSON.JSON()
13:52:30.0 (90219405)|STATEMENT_EXECUTE|[1]
13:52:30.0 (90227795)|SYSTEM_METHOD_EXIT|[1]|JSON
13:52:30.0 (90241756)|METHOD_ENTRY|[165]||System.JSON.serialize(Object)
13:52:30.0 (90370494)|METHOD_EXIT|[165]||System.JSON.serialize(Object)
13:52:30.0 (90377245)|VARIABLE_SCOPE_BEGIN|[165]|object_json|String|false|false
13:52:30.0 (90389670)|VARIABLE_ASSIGNMENT|[165]|object_json|"{\"attributes\":{\"type (210 more) ..."
13:52:30.0 (90394401)|STATEMENT_EXECUTE|[166]
13:52:30.0 (90404047)|METHOD_ENTRY|[166]||System.JSON.deserializeUntyped(String)
13:52:30.0 (90977389)|HEAP_ALLOCATE|[11]|Bytes:12
13:52:30.0 (91053629)|METHOD_EXIT|[166]||System.JSON.deserializeUntyped(String)
13:52:30.0 (91064207)|VARIABLE_SCOPE_BEGIN|[166]|object_map|Map<String,ANY>|true|false
13:52:30.0 (91086475)|VARIABLE_ASSIGNMENT|[166]|object_map|{"s":1,"v":"Map of size 6 too large to display"}|0x7bf9f4b7
13:52:30.0 (91092180)|STATEMENT_EXECUTE|[168]
13:52:30.0 (91107436)|HEAP_ALLOCATE|[168]|Bytes:4
13:52:30.0 (91149146)|VARIABLE_SCOPE_BEGIN|[168]|forbiddenFields|Set<String>|true|false
13:52:30.0 (91188173)|VARIABLE_ASSIGNMENT|[168]|forbiddenFields|{"s":1,"v":[]}|0x67e937d1
13:52:30.0 (91197168)|HEAP_ALLOCATE|[169]|Bytes:4
13:52:30.0 (91269132)|HEAP_ALLOCATE|[169]|Bytes:1944
13:52:30.0 (91298236)|HEAP_ALLOCATE|[169]|Bytes:424
13:52:30.0 (91324387)|HEAP_ALLOCATE|[169]|Bytes:5
13:52:30.0 (91340162)|VARIABLE_SCOPE_BEGIN|[169]|key|String|false|false
13:52:30.0 (91348121)|VARIABLE_ASSIGNMENT|[169]|key|"id"
13:52:30.0 (91353145)|STATEMENT_EXECUTE|[169]
13:52:30.0 (91354993)|STATEMENT_EXECUTE|[170]
13:52:30.0 (92070275)|HEAP_ALLOCATE|[170]|Bytes:8
13:52:30.0 (92103024)|VARIABLE_SCOPE_BEGIN|[170]|descField|Schema.DescribeFieldResult|true|false
13:52:30.0 (92164059)|VARIABLE_ASSIGNMENT|[170]|descField|"common.api.soap.wsdl.Field@1174a3a9"|0x624f7d86
13:52:30.0 (92184750)|HEAP_ALLOCATE|[172]|Bytes:2
13:52:30.0 (92224176)|STATEMENT_EXECUTE|[172]
13:52:30.0 (92239095)|STATEMENT_EXECUTE|[173]
13:52:30.0 (92251158)|HEAP_ALLOCATE|[169]|Bytes:5
13:52:30.0 (92262549)|VARIABLE_SCOPE_BEGIN|[169]|key|String|false|false
13:52:30.0 (92270837)|VARIABLE_ASSIGNMENT|[169]|key|"isdeleted"
13:52:30.0 (92274616)|STATEMENT_EXECUTE|[169]
13:52:30.0 (92276299)|STATEMENT_EXECUTE|[170]
13:52:30.0 (92397744)|HEAP_ALLOCATE|[170]|Bytes:8
13:52:30.0 (92407695)|VARIABLE_SCOPE_BEGIN|[170]|descField|Schema.DescribeFieldResult|true|false
13:52:30.0 (92468113)|VARIABLE_ASSIGNMENT|[170]|descField|"common.api.soap.wsdl.Field@ab089fbd"|0x39400947
13:52:30.0 (92479276)|HEAP_ALLOCATE|[172]|Bytes:9
13:52:30.0 (92496254)|STATEMENT_EXECUTE|[172]
13:52:30.0 (92506534)|HEAP_ALLOCATE|[169]|Bytes:5
13:52:30.0 (92517239)|VARIABLE_SCOPE_BEGIN|[169]|key|String|false|false
13:52:30.0 (92524864)|VARIABLE_ASSIGNMENT|[169]|key|"masterrecordid"
13:52:30.0 (92528505)|STATEMENT_EXECUTE|[169]
13:52:30.0 (92530161)|STATEMENT_EXECUTE|[170]
13:52:30.0 (92665684)|HEAP_ALLOCATE|[170]|Bytes:8
13:52:30.0 (92675520)|VARIABLE_SCOPE_BEGIN|[170]|descField|Schema.DescribeFieldResult|true|false
13:52:30.0 (92731706)|VARIABLE_ASSIGNMENT|[170]|descField|"common.api.soap.wsdl.Field@ba5c247"|0xe0e7c74
13:52:30.0 (92742826)|HEAP_ALLOCATE|[172]|Bytes:14
13:52:30.0 (92759836)|STATEMENT_EXECUTE|[172]
13:52:30.0 (92770202)|HEAP_ALLOCATE|[169]|Bytes:5
13:52:30.0 (92780834)|VARIABLE_SCOPE_BEGIN|[169]|key|String|false|false
13:52:30.0 (92788195)|VARIABLE_ASSIGNMENT|[169]|key|"name"
13:52:30.0 (92791824)|STATEMENT_EXECUTE|[169]
13:52:30.0 (92793464)|STATEMENT_EXECUTE|[170]
13:52:30.0 (92928110)|HEAP_ALLOCATE|[170]|Bytes:8
13:52:30.0 (92938149)|VARIABLE_SCOPE_BEGIN|[170]|descField|Schema.DescribeFieldResult|true|false
13:52:30.0 (92992920)|VARIABLE_ASSIGNMENT|[170]|descField|"common.api.soap.wsdl.Field@1706b56e"|0x22f6d5be
13:52:30.0 (93003525)|HEAP_ALLOCATE|[172]|Bytes:4
13:52:30.0 (93021255)|STATEMENT_EXECUTE|[172]
13:52:30.0 (93027592)|STATEMENT_EXECUTE|[173]
13:52:30.0 (93038588)|HEAP_ALLOCATE|[169]|Bytes:5
13:52:30.0 (93049009)|VARIABLE_SCOPE_BEGIN|[169]|key|String|false|false
13:52:30.0 (93056615)|VARIABLE_ASSIGNMENT|[169]|key|"lastname"
13:52:30.0 (93060244)|STATEMENT_EXECUTE|[169]
13:52:30.0 (93061912)|STATEMENT_EXECUTE|[170]
13:52:30.0 (93184082)|HEAP_ALLOCATE|[170]|Bytes:8
13:52:30.0 (93193741)|VARIABLE_SCOPE_BEGIN|[170]|descField|Schema.DescribeFieldResult|true|false
13:52:30.0 (93248643)|VARIABLE_ASSIGNMENT|[170]|descField|"common.api.soap.wsdl.Field@916fb496"|0x2c50a581
13:52:30.0 (93259126)|HEAP_ALLOCATE|[172]|Bytes:8
13:52:30.0 (93275865)|STATEMENT_EXECUTE|[172]
13:52:30.0 (93286015)|HEAP_ALLOCATE|[169]|Bytes:5
13:52:30.0 (93296364)|VARIABLE_SCOPE_BEGIN|[169]|key|String|false|false
13:52:30.0 (93303687)|VARIABLE_ASSIGNMENT|[169]|key|"firstname"
13:52:30.0 (93307452)|STATEMENT_EXECUTE|[169]
13:52:30.0 (93309143)|STATEMENT_EXECUTE|[170]
13:52:30.0 (93426641)|HEAP_ALLOCATE|[170]|Bytes:8
13:52:30.0 (93440740)|VARIABLE_SCOPE_BEGIN|[170]|descField|Schema.DescribeFieldResult|true|false
13:52:30.0 (93495623)|VARIABLE_ASSIGNMENT|[170]|descField|"common.api.soap.wsdl.Field@5f938caa"|0x1537b3e2
13:52:30.0 (93506341)|HEAP_ALLOCATE|[172]|Bytes:9
13:52:30.0 (93522901)|STATEMENT_EXECUTE|[172]
13:52:30.0 (93533154)|HEAP_ALLOCATE|[169]|Bytes:5
13:52:30.0 (93543406)|VARIABLE_SCOPE_BEGIN|[169]|key|String|false|false
13:52:30.0 (93550803)|VARIABLE_ASSIGNMENT|[169]|key|"salutation"
13:52:30.0 (93554487)|STATEMENT_EXECUTE|[169]
13:52:30.0 (93556100)|STATEMENT_EXECUTE|[170]
13:52:30.0 (93679271)|HEAP_ALLOCATE|[170]|Bytes:8
13:52:30.0 (93688861)|VARIABLE_SCOPE_BEGIN|[170]|descField|Schema.DescribeFieldResult|true|false
13:52:30.0 (93743010)|VARIABLE_ASSIGNMENT|[170]|descField|"common.api.soap.wsdl.Field@e7136d6d"|0x4d38ef97
13:52:30.0 (93753441)|HEAP_ALLOCATE|[172]|Bytes:10
13:52:30.0 (93769692)|STATEMENT_EXECUTE|[172]
13:52:30.0 (93779821)|HEAP_ALLOCATE|[169]|Bytes:5
13:52:30.0 (93789716)|VARIABLE_SCOPE_BEGIN|[169]|key|String|false|false
13:52:30.0 (93800259)|VARIABLE_ASSIGNMENT|[169]|key|"type"
13:52:30.0 (93804595)|STATEMENT_EXECUTE|[169]
13:52:30.0 (93806291)|STATEMENT_EXECUTE|[170]
13:52:30.0 (94110395)|HEAP_ALLOCATE|[170]|Bytes:8
13:52:30.0 (94121206)|VARIABLE_SCOPE_BEGIN|[170]|descField|Schema.DescribeFieldResult|true|false
13:52:30.0 (94176329)|VARIABLE_ASSIGNMENT|[170]|descField|"common.api.soap.wsdl.Field@34785526"|0x4c2a3777
13:52:30.0 (94187196)|HEAP_ALLOCATE|[172]|Bytes:4
13:52:30.0 (94204089)|STATEMENT_EXECUTE|[172]
13:52:30.0 (94214387)|HEAP_ALLOCATE|[169]|Bytes:5
13:52:30.0 (94224558)|VARIABLE_SCOPE_BEGIN|[169]|key|String|false|false
13:52:30.0 (94232078)|VARIABLE_ASSIGNMENT|[169]|key|"recordtypeid"
13:52:30.0 (94235781)|STATEMENT_EXECUTE|[169]
13:52:30.0 (94237521)|STATEMENT_EXECUTE|[170]
13:52:30.0 (94392608)|HEAP_ALLOCATE|[170]|Bytes:8
13:52:30.0 (94402189)|VARIABLE_SCOPE_BEGIN|[170]|descField|Schema.DescribeFieldResult|true|false
13:52:30.0 (94461217)|VARIABLE_ASSIGNMENT|[170]|descField|"common.api.soap.wsdl.Field@4446c5e3"|0x7a0cb11e
13:52:30.0 (94472163)|HEAP_ALLOCATE|[172]|Bytes:12
13:52:30.0 (94489354)|STATEMENT_EXECUTE|[172]
13:52:30.0 (94499452)|HEAP_ALLOCATE|[169]|Bytes:5
13:52:30.0 (94509630)|VARIABLE_SCOPE_BEGIN|[169]|key|String|false|false
13:52:30.0 (94516810)|VARIABLE_ASSIGNMENT|[169]|key|"parentid"
13:52:30.0 (94520447)|STATEMENT_EXECUTE|[169]
13:52:30.0 (94522151)|STATEMENT_EXECUTE|[170]
13:52:30.0 (94691727)|HEAP_ALLOCATE|[170]|Bytes:8
13:52:30.0 (94701417)|VARIABLE_SCOPE_BEGIN|[170]|descField|Schema.DescribeFieldResult|true|false
13:52:30.0 (94755973)|VARIABLE_ASSIGNMENT|[170]|descField|"common.api.soap.wsdl.Field@49934359"|0x73d2ea83
13:52:30.0 (94766383)|HEAP_ALLOCATE|[172]|Bytes:8
13:52:30.0 (94783207)|STATEMENT_EXECUTE|[172]
13:52:30.0 (94793474)|HEAP_ALLOCATE|[169]|Bytes:5
13:52:30.0 (94803402)|VARIABLE_SCOPE_BEGIN|[169]|key|String|false|false
13:52:30.0 (94810722)|VARIABLE_ASSIGNMENT|[169]|key|"billingstreet"
13:52:30.0 (94814419)|STATEMENT_EXECUTE|[169]
13:52:30.0 (94816036)|STATEMENT_EXECUTE|[170]
13:52:30.0 (94948384)|HEAP_ALLOCATE|[170]|Bytes:8
13:52:30.0 (94958261)|VARIABLE_SCOPE_BEGIN|[170]|descField|Schema.DescribeFieldResult|true|false
13:52:30.0 (95012322)|VARIABLE_ASSIGNMENT|[170]|descField|"common.api.soap.wsdl.Field@80a2d631"|0x2051f3ff
13:52:30.0 (95023574)|HEAP_ALLOCATE|[172]|Bytes:13
13:52:30.0 (95039979)|STATEMENT_EXECUTE|[172]
13:52:30.0 (95050128)|HEAP_ALLOCATE|[169]|Bytes:5
13:52:30.0 (95060070)|VARIABLE_SCOPE_BEGIN|[169]|key|String|false|false
13:52:30.0 (95067511)|VARIABLE_ASSIGNMENT|[169]|key|"billingcity"
13:52:30.0 (95071135)|STATEMENT_EXECUTE|[169]
13:52:30.0 (95072850)|STATEMENT_EXECUTE|[170]
13:52:30.0 (95193269)|HEAP_ALLOCATE|[170]|Bytes:8
13:52:30.0 (95202629)|VARIABLE_SCOPE_BEGIN|[170]|descField|Schema.DescribeFieldResult|true|false
13:52:30.0 (95255932)|VARIABLE_ASSIGNMENT|[170]|descField|"common.api.soap.wsdl.Field@11a91fe6"|0x675ddd5d
13:52:30.0 (95266337)|HEAP_ALLOCATE|[172]|Bytes:11
13:52:30.0 (95282869)|STATEMENT_EXECUTE|[172]
13:52:30.0 (95292877)|HEAP_ALLOCATE|[169]|Bytes:5
13:52:30.0 (95302667)|VARIABLE_SCOPE_BEGIN|[169]|key|String|false|false
13:52:30.0 (95310037)|VARIABLE_ASSIGNMENT|[169]|key|"billingstate"
13:52:30.0 (95313581)|STATEMENT_EXECUTE|[169]
13:52:30.0 (95315280)|STATEMENT_EXECUTE|[170]
13:52:30.0 (95439255)|HEAP_ALLOCATE|[170]|Bytes:8
13:52:30.0 (95448697)|VARIABLE_SCOPE_BEGIN|[170]|descField|Schema.DescribeFieldResult|true|false
13:52:30.0 (95502714)|VARIABLE_ASSIGNMENT|[170]|descField|"common.api.soap.wsdl.Field@caca4980"|0x66d2e8b3
13:52:30.0 (95513315)|HEAP_ALLOCATE|[172]|Bytes:12
13:52:30.0 (95529681)|STATEMENT_EXECUTE|[172]
13:52:30.0 (95539635)|HEAP_ALLOCATE|[169]|Bytes:5
13:52:30.0 (95549416)|VARIABLE_SCOPE_BEGIN|[169]|key|String|false|false
13:52:30.0 (95556726)|VARIABLE_ASSIGNMENT|[169]|key|"billingpostalcode"
13:52:30.0 (95560264)|STATEMENT_EXECUTE|[169]
13:52:30.0 (95561870)|STATEMENT_EXECUTE|[170]
13:52:30.0 (95680300)|HEAP_ALLOCATE|[170]|Bytes:8
13:52:30.0 (95689685)|VARIABLE_SCOPE_BEGIN|[170]|descField|Schema.DescribeFieldResult|true|false
13:52:30.0 (95743153)|VARIABLE_ASSIGNMENT|[170]|descField|"common.api.soap.wsdl.Field@3306b725"|0x1489c972
13:52:30.0 (95753920)|HEAP_ALLOCATE|[172]|Bytes:17
13:52:30.0 (95770558)|STATEMENT_EXECUTE|[172]
13:52:30.0 (95780446)|HEAP_ALLOCATE|[169]|Bytes:5
13:52:30.0 (95790268)|VARIABLE_SCOPE_BEGIN|[169]|key|String|false|false
13:52:30.0 (95797541)|VARIABLE_ASSIGNMENT|[169]|key|"billingcountry"
13:52:30.0 (95801103)|STATEMENT_EXECUTE|[169]
13:52:30.0 (95802797)|STATEMENT_EXECUTE|[170]
13:52:30.0 (95921826)|HEAP_ALLOCATE|[170]|Bytes:8
13:52:30.0 (95931004)|VARIABLE_SCOPE_BEGIN|[170]|descField|Schema.DescribeFieldResult|true|false
13:52:30.0 (95983813)|VARIABLE_ASSIGNMENT|[170]|descField|"common.api.soap.wsdl.Field@cd59c98f"|0x9483e7
13:52:30.0 (95994409)|HEAP_ALLOCATE|[172]|Bytes:14
13:52:30.0 (96010832)|STATEMENT_EXECUTE|[172]
13:52:30.0 (96021836)|HEAP_ALLOCATE|[169]|Bytes:5
13:52:30.0 (96031758)|VARIABLE_SCOPE_BEGIN|[169]|key|String|false|false
13:52:30.0 (96039189)|VARIABLE_ASSIGNMENT|[169]|key|"billinglatitude"
13:52:30.0 (96042695)|STATEMENT_EXECUTE|[169]
13:52:30.0 (96044731)|STATEMENT_EXECUTE|[170]
13:52:30.0 (96166128)|HEAP_ALLOCATE|[170]|Bytes:8
13:52:30.0 (96175448)|VARIABLE_SCOPE_BEGIN|[170]|descField|Schema.DescribeFieldResult|true|false
13:52:30.0 (96228660)|VARIABLE_ASSIGNMENT|[170]|descField|"common.api.soap.wsdl.Field@9a0ef54a"|0x671b1290
13:52:30.0 (96239117)|HEAP_ALLOCATE|[172]|Bytes:15
13:52:30.0 (96255371)|STATEMENT_EXECUTE|[172]
13:52:30.0 (96265362)|HEAP_ALLOCATE|[169]|Bytes:5
13:52:30.0 (96275090)|VARIABLE_SCOPE_BEGIN|[169]|key|String|false|false
13:52:30.0 (96282451)|VARIABLE_ASSIGNMENT|[169]|key|"billinglongitude"
13:52:30.0 (96285982)|STATEMENT_EXECUTE|[169]
13:52:30.0 (96287644)|STATEMENT_EXECUTE|[170]
13:52:30.0 (96407106)|HEAP_ALLOCATE|[170]|Bytes:8
13:52:30.0 (96416719)|VARIABLE_SCOPE_BEGIN|[170]|descField|Schema.DescribeFieldResult|true|false
13:52:30.0 (96473614)|VARIABLE_ASSIGNMENT|[170]|descField|"common.api.soap.wsdl.Field@be6c92d0"|0x215f4fbe
13:52:30.0 (96484306)|HEAP_ALLOCATE|[172]|Bytes:16
13:52:30.0 (96500573)|STATEMENT_EXECUTE|[172]
13:52:30.0 (96514296)|HEAP_ALLOCATE|[169]|Bytes:5
13:52:30.0 (96524552)|VARIABLE_SCOPE_BEGIN|[169]|key|String|false|false
13:52:30.0 (96531921)|VARIABLE_ASSIGNMENT|[169]|key|"billingaddress"
13:52:30.0 (96535584)|STATEMENT_EXECUTE|[169]
13:52:30.0 (96537231)|STATEMENT_EXECUTE|[170]
13:52:30.0 (96646235)|HEAP_ALLOCATE|[170]|Bytes:8
13:52:30.0 (96655443)|VARIABLE_SCOPE_BEGIN|[170]|descField|Schema.DescribeFieldResult|true|false
13:52:30.0 (96708473)|VARIABLE_ASSIGNMENT|[170]|descField|"common.api.soap.wsdl.Field@2d6c4e3b"|0x3d41d4b
13:52:30.0 (96719020)|HEAP_ALLOCATE|[172]|Bytes:14
13:52:30.0 (96735071)|STATEMENT_EXECUTE|[172]
13:52:30.0 (96745050)|HEAP_ALLOCATE|[169]|Bytes:5
13:52:30.0 (96754778)|VARIABLE_SCOPE_BEGIN|[169]|key|String|false|false
13:52:30.0 (96762039)|VARIABLE_ASSIGNMENT|[169]|key|"shippingstreet"
13:52:30.0 (96765461)|STATEMENT_EXECUTE|[169]
13:52:30.0 (96767139)|STATEMENT_EXECUTE|[170]
13:52:30.0 (96896024)|HEAP_ALLOCATE|[170]|Bytes:8
13:52:30.0 (96905309)|VARIABLE_SCOPE_BEGIN|[170]|descField|Schema.DescribeFieldResult|true|false
13:52:30.0 (96958818)|VARIABLE_ASSIGNMENT|[170]|descField|"common.api.soap.wsdl.Field@9a7124b6"|0x51b24773
13:52:30.0 (96969361)|HEAP_ALLOCATE|[172]|Bytes:14
13:52:30.0 (96985704)|STATEMENT_EXECUTE|[172]
13:52:30.0 (96995600)|HEAP_ALLOCATE|[169]|Bytes:5
13:52:30.0 (97005480)|VARIABLE_SCOPE_BEGIN|[169]|key|String|false|false
13:52:30.0 (97013393)|VARIABLE_ASSIGNMENT|[169]|key|"shippingcity"
13:52:30.0 (97016992)|STATEMENT_EXECUTE|[169]
13:52:30.0 (97018662)|STATEMENT_EXECUTE|[170]
13:52:30.0 (97135699)|HEAP_ALLOCATE|[170]|Bytes:8
13:52:30.0 (97144941)|VARIABLE_SCOPE_BEGIN|[170]|descField|Schema.DescribeFieldResult|true|false
13:52:30.0 (97198367)|VARIABLE_ASSIGNMENT|[170]|descField|"common.api.soap.wsdl.Field@58cc69d0"|0x74da3e17
13:52:30.0 (97208871)|HEAP_ALLOCATE|[172]|Bytes:12
13:52:30.0 (97225061)|STATEMENT_EXECUTE|[172]
13:52:30.0 (97234884)|HEAP_ALLOCATE|[169]|Bytes:5
13:52:30.0 (97244602)|VARIABLE_SCOPE_BEGIN|[169]|key|String|false|false
13:52:30.0 (97252109)|VARIABLE_ASSIGNMENT|[169]|key|"shippingstate"
13:52:30.0 (97255648)|STATEMENT_EXECUTE|[169]
13:52:30.0 (97257319)|STATEMENT_EXECUTE|[170]
13:52:30.0 (97375356)|HEAP_ALLOCATE|[170]|Bytes:8
13:52:30.0 (97384534)|VARIABLE_SCOPE_BEGIN|[170]|descField|Schema.DescribeFieldResult|true|false
13:52:30.0 (97441566)|VARIABLE_ASSIGNMENT|[170]|descField|"common.api.soap.wsdl.Field@bea5db4e"|0x9281786
13:52:30.0 (97452176)|HEAP_ALLOCATE|[172]|Bytes:13
13:52:30.0 (97468358)|STATEMENT_EXECUTE|[172]
13:52:30.0 (97478224)|HEAP_ALLOCATE|[169]|Bytes:5
13:52:30.0 (97488007)|VARIABLE_SCOPE_BEGIN|[169]|key|String|false|false
13:52:30.0 (97495371)|VARIABLE_ASSIGNMENT|[169]|key|"shippingpostalcode"
13:52:30.0 (97498915)|STATEMENT_EXECUTE|[169]
13:52:30.0 (97500592)|STATEMENT_EXECUTE|[170]
13:52:30.0 (97617404)|HEAP_ALLOCATE|[170]|Bytes:8
13:52:30.0 (97626752)|VARIABLE_SCOPE_BEGIN|[170]|descField|Schema.DescribeFieldResult|true|false
13:52:30.0 (97679053)|VARIABLE_ASSIGNMENT|[170]|descField|"common.api.soap.wsdl.Field@ba881ab8"|0x2053637d
13:52:30.0 (97689816)|HEAP_ALLOCATE|[172]|Bytes:18
13:52:30.0 (97705992)|STATEMENT_EXECUTE|[172]
13:52:30.0 (97715758)|HEAP_ALLOCATE|[169]|Bytes:5
13:52:30.0 (97725614)|VARIABLE_SCOPE_BEGIN|[169]|key|String|false|false
13:52:30.0 (97732933)|VARIABLE_ASSIGNMENT|[169]|key|"shippingcountry"
13:52:30.0 (97736473)|STATEMENT_EXECUTE|[169]
13:52:30.0 (97738158)|STATEMENT_EXECUTE|[170]
13:52:30.0 (97856116)|HEAP_ALLOCATE|[170]|Bytes:8
13:52:30.0 (97865384)|VARIABLE_SCOPE_BEGIN|[170]|descField|Schema.DescribeFieldResult|true|false
13:52:30.0 (97917816)|VARIABLE_ASSIGNMENT|[170]|descField|"common.api.soap.wsdl.Field@509f9d62"|0x59fd7320
13:52:30.0 (97928130)|HEAP_ALLOCATE|[172]|Bytes:15
13:52:30.0 (97944205)|STATEMENT_EXECUTE|[172]
13:52:30.0 (97954046)|HEAP_ALLOCATE|[169]|Bytes:5
13:52:30.0 (97963847)|VARIABLE_SCOPE_BEGIN|[169]|key|String|false|false
13:52:30.0 (97971092)|VARIABLE_ASSIGNMENT|[169]|key|"shippinglatitude"
13:52:30.0 (97974570)|STATEMENT_EXECUTE|[169]
13:52:30.0 (97976281)|STATEMENT_EXECUTE|[170]
13:52:30.0 (98094987)|HEAP_ALLOCATE|[170]|Bytes:8
13:52:30.0 (98104994)|VARIABLE_SCOPE_BEGIN|[170]|descField|Schema.DescribeFieldResult|true|false
13:52:30.0 (98158137)|VARIABLE_ASSIGNMENT|[170]|descField|"common.api.soap.wsdl.Field@5122d29f"|0x3bf54279
13:52:30.0 (98168515)|HEAP_ALLOCATE|[172]|Bytes:16
13:52:30.0 (98184700)|STATEMENT_EXECUTE|[172]
13:52:30.0 (98194566)|HEAP_ALLOCATE|[169]|Bytes:5
13:52:30.0 (98204381)|VARIABLE_SCOPE_BEGIN|[169]|key|String|false|false
13:52:30.0 (98211853)|VARIABLE_ASSIGNMENT|[169]|key|"shippinglongitude"
13:52:30.0 (98215327)|STATEMENT_EXECUTE|[169]
13:52:30.0 (98216991)|STATEMENT_EXECUTE|[170]
13:52:30.0 (98335665)|HEAP_ALLOCATE|[170]|Bytes:8
13:52:30.0 (98344919)|VARIABLE_SCOPE_BEGIN|[170]|descField|Schema.DescribeFieldResult|true|false
13:52:30.0 (98397342)|VARIABLE_ASSIGNMENT|[170]|descField|"common.api.soap.wsdl.Field@4ccc77b3"|0x4eb0696e
13:52:30.0 (98407835)|HEAP_ALLOCATE|[172]|Bytes:17
13:52:30.0 (98423742)|STATEMENT_EXECUTE|[172]
13:52:30.0 (98437262)|HEAP_ALLOCATE|[169]|Bytes:5
13:52:30.0 (98448098)|VARIABLE_SCOPE_BEGIN|[169]|key|String|false|false
13:52:30.0 (98455552)|VARIABLE_ASSIGNMENT|[169]|key|"shippingaddress"
13:52:30.0 (98459060)|STATEMENT_EXECUTE|[169]
13:52:30.0 (98460855)|STATEMENT_EXECUTE|[170]
13:52:30.0 (98561601)|HEAP_ALLOCATE|[170]|Bytes:8
13:52:30.0 (98570838)|VARIABLE_SCOPE_BEGIN|[170]|descField|Schema.DescribeFieldResult|true|false
13:52:30.0 (98623855)|VARIABLE_ASSIGNMENT|[170]|descField|"common.api.soap.wsdl.Field@fae3838b"|0x57f0c607
13:52:30.0 (98634233)|HEAP_ALLOCATE|[172]|Bytes:15
13:52:30.0 (98650195)|STATEMENT_EXECUTE|[172]
13:52:30.0 (98660144)|HEAP_ALLOCATE|[169]|Bytes:5
13:52:30.0 (98669884)|VARIABLE_SCOPE_BEGIN|[169]|key|String|false|false
13:52:30.0 (98677024)|VARIABLE_ASSIGNMENT|[169]|key|"phone"
13:52:30.0 (98680591)|STATEMENT_EXECUTE|[169]
13:52:30.0 (98682215)|STATEMENT_EXECUTE|[170]
13:52:30.0 (98815766)|HEAP_ALLOCATE|[170]|Bytes:8
13:52:30.0 (98825124)|VARIABLE_SCOPE_BEGIN|[170]|descField|Schema.DescribeFieldResult|true|false
13:52:30.0 (98878206)|VARIABLE_ASSIGNMENT|[170]|descField|"common.api.soap.wsdl.Field@6e723c16"|0x5e2017e0
13:52:30.0 (98888470)|HEAP_ALLOCATE|[172]|Bytes:5
13:52:30.0 (98904781)|STATEMENT_EXECUTE|[172]
13:52:30.0 (98911039)|STATEMENT_EXECUTE|[173]
13:52:30.0 (98921402)|HEAP_ALLOCATE|[169]|Bytes:5
13:52:30.0 (98931342)|VARIABLE_SCOPE_BEGIN|[169]|key|String|false|false
13:52:30.0 (98938246)|VARIABLE_ASSIGNMENT|[169]|key|"fax"
13:52:30.0 (98941854)|STATEMENT_EXECUTE|[169]
13:52:30.0 (98943484)|STATEMENT_EXECUTE|[170]
13:52:30.0 (99076878)|HEAP_ALLOCATE|[170]|Bytes:8
13:52:30.0 (99086992)|VARIABLE_SCOPE_BEGIN|[170]|descField|Schema.DescribeFieldResult|true|false
13:52:30.0 (99142007)|VARIABLE_ASSIGNMENT|[170]|descField|"common.api.soap.wsdl.Field@da5dd140"|0x4b12ec49
13:52:30.0 (99152501)|HEAP_ALLOCATE|[172]|Bytes:3
13:52:30.0 (99168900)|STATEMENT_EXECUTE|[172]
13:52:30.0 (99178796)|HEAP_ALLOCATE|[169]|Bytes:5
13:52:30.0 (99188565)|VARIABLE_SCOPE_BEGIN|[169]|key|String|false|false
13:52:30.0 (99195742)|VARIABLE_ASSIGNMENT|[169]|key|"accountnumber"
13:52:30.0 (99199440)|STATEMENT_EXECUTE|[169]
13:52:30.0 (99201056)|STATEMENT_EXECUTE|[170]
13:52:30.0 (99301638)|HEAP_ALLOCATE|[170]|Bytes:8
13:52:30.0 (99310857)|VARIABLE_SCOPE_BEGIN|[170]|descField|Schema.DescribeFieldResult|true|false
13:52:30.0 (99363890)|VARIABLE_ASSIGNMENT|[170]|descField|"common.api.soap.wsdl.Field@c4f58c88"|0x5862cab0
13:52:30.0 (99374114)|HEAP_ALLOCATE|[172]|Bytes:13
13:52:30.0 (99390200)|STATEMENT_EXECUTE|[172]
13:52:30.0 (99400129)|HEAP_ALLOCATE|[169]|Bytes:5
13:52:30.0 (99409817)|VARIABLE_SCOPE_BEGIN|[169]|key|String|false|false
13:52:30.0 (99420519)|VARIABLE_ASSIGNMENT|[169]|key|"website"
13:52:30.0 (99424171)|STATEMENT_EXECUTE|[169]
13:52:30.0 (99425814)|STATEMENT_EXECUTE|[170]
13:52:30.0 (99564823)|HEAP_ALLOCATE|[170]|Bytes:8
13:52:30.0 (99574123)|VARIABLE_SCOPE_BEGIN|[170]|descField|Schema.DescribeFieldResult|true|false
13:52:30.0 (99626967)|VARIABLE_ASSIGNMENT|[170]|descField|"common.api.soap.wsdl.Field@fcb691e8"|0xbdaefd9
13:52:30.0 (99637694)|HEAP_ALLOCATE|[172]|Bytes:7
13:52:30.0 (99653987)|STATEMENT_EXECUTE|[172]
13:52:30.0 (99663826)|HEAP_ALLOCATE|[169]|Bytes:5
13:52:30.0 (99673666)|VARIABLE_SCOPE_BEGIN|[169]|key|String|false|false
13:52:30.0 (99680742)|VARIABLE_ASSIGNMENT|[169]|key|"photourl"
13:52:30.0 (99684251)|STATEMENT_EXECUTE|[169]
13:52:30.0 (99685855)|STATEMENT_EXECUTE|[170]
13:52:30.0 (99790606)|HEAP_ALLOCATE|[170]|Bytes:8
13:52:30.0 (99799858)|VARIABLE_SCOPE_BEGIN|[170]|descField|Schema.DescribeFieldResult|true|false
13:52:30.0 (99852293)|VARIABLE_ASSIGNMENT|[170]|descField|"common.api.soap.wsdl.Field@85bbf8b0"|0xf96a714
13:52:30.0 (99862705)|HEAP_ALLOCATE|[172]|Bytes:8
13:52:30.0 (99879208)|STATEMENT_EXECUTE|[172]
13:52:30.0 (99889131)|HEAP_ALLOCATE|[169]|Bytes:5
13:52:30.0 (99898913)|VARIABLE_SCOPE_BEGIN|[169]|key|String|false|false
13:52:30.0 (99905986)|VARIABLE_ASSIGNMENT|[169]|key|"sic"
13:52:30.0 (99909499)|STATEMENT_EXECUTE|[169]
13:52:30.0 (99911145)|STATEMENT_EXECUTE|[170]
13:52:30.0 (100013270)|HEAP_ALLOCATE|[170]|Bytes:8
13:52:30.0 (100024084)|VARIABLE_SCOPE_BEGIN|[170]|descField|Schema.DescribeFieldResult|true|false
13:52:30.0 (100077674)|VARIABLE_ASSIGNMENT|[170]|descField|"common.api.soap.wsdl.Field@63a5fa08"|0x5fff5c99
13:52:30.0 (100088036)|HEAP_ALLOCATE|[172]|Bytes:3
13:52:30.0 (100104240)|STATEMENT_EXECUTE|[172]
13:52:30.0 (100114320)|HEAP_ALLOCATE|[169]|Bytes:5
13:52:30.0 (100124111)|VARIABLE_SCOPE_BEGIN|[169]|key|String|false|false
13:52:30.0 (100131268)|VARIABLE_ASSIGNMENT|[169]|key|"industry"
13:52:30.0 (100134806)|STATEMENT_EXECUTE|[169]
13:52:30.0 (100136579)|STATEMENT_EXECUTE|[170]
13:52:30.0 (100261529)|HEAP_ALLOCATE|[170]|Bytes:8
13:52:30.0 (100270833)|VARIABLE_SCOPE_BEGIN|[170]|descField|Schema.DescribeFieldResult|true|false
13:52:30.0 (100323367)|VARIABLE_ASSIGNMENT|[170]|descField|"common.api.soap.wsdl.Field@8dbfa398"|0x3c9f7540
13:52:30.0 (100333628)|HEAP_ALLOCATE|[172]|Bytes:8
13:52:30.0 (100350009)|STATEMENT_EXECUTE|[172]
13:52:30.0 (100356414)|STATEMENT_EXECUTE|[173]
13:52:30.0 (100366665)|HEAP_ALLOCATE|[169]|Bytes:5
13:52:30.0 (100376887)|VARIABLE_SCOPE_BEGIN|[169]|key|String|false|false
13:52:30.0 (100384389)|VARIABLE_ASSIGNMENT|[169]|key|"annualrevenue"
13:52:30.0 (100387996)|STATEMENT_EXECUTE|[169]
13:52:30.0 (100389717)|STATEMENT_EXECUTE|[170]
13:52:30.0 (100535107)|HEAP_ALLOCATE|[170]|Bytes:8
13:52:30.0 (100544652)|VARIABLE_SCOPE_BEGIN|[170]|descField|Schema.DescribeFieldResult|true|false
13:52:30.0 (100597749)|VARIABLE_ASSIGNMENT|[170]|descField|"common.api.soap.wsdl.Field@269fb2a8"|0x1cd83c7e
13:52:30.0 (100608246)|HEAP_ALLOCATE|[172]|Bytes:13
13:52:30.0 (100624728)|STATEMENT_EXECUTE|[172]
13:52:30.0 (100631089)|STATEMENT_EXECUTE|[173]
13:52:30.0 (100641169)|HEAP_ALLOCATE|[169]|Bytes:5
13:52:30.0 (100651180)|VARIABLE_SCOPE_BEGIN|[169]|key|String|false|false
13:52:30.0 (100658621)|VARIABLE_ASSIGNMENT|[169]|key|"numberofemployees"
13:52:30.0 (100662228)|STATEMENT_EXECUTE|[169]
13:52:30.0 (100663977)|STATEMENT_EXECUTE|[170]
13:52:30.0 (100790836)|HEAP_ALLOCATE|[170]|Bytes:8
13:52:30.0 (100800617)|VARIABLE_SCOPE_BEGIN|[170]|descField|Schema.DescribeFieldResult|true|false
13:52:30.0 (100853500)|VARIABLE_ASSIGNMENT|[170]|descField|"common.api.soap.wsdl.Field@b2e4be75"|0xe649b32
13:52:30.0 (100864277)|HEAP_ALLOCATE|[172]|Bytes:17
13:52:30.0 (100880479)|STATEMENT_EXECUTE|[172]
13:52:30.0 (100890419)|HEAP_ALLOCATE|[169]|Bytes:5
13:52:30.0 (100900243)|VARIABLE_SCOPE_BEGIN|[169]|key|String|false|false
13:52:30.0 (100907495)|VARIABLE_ASSIGNMENT|[169]|key|"ownership"
13:52:30.0 (100910968)|STATEMENT_EXECUTE|[169]
13:52:30.0 (100912638)|STATEMENT_EXECUTE|[170]
13:52:30.0 (101016493)|HEAP_ALLOCATE|[170]|Bytes:8
13:52:30.0 (101026631)|VARIABLE_SCOPE_BEGIN|[170]|descField|Schema.DescribeFieldResult|true|false
13:52:30.0 (101079891)|VARIABLE_ASSIGNMENT|[170]|descField|"common.api.soap.wsdl.Field@5b94ce33"|0x399449aa
13:52:30.0 (101090033)|HEAP_ALLOCATE|[172]|Bytes:9
13:52:30.0 (101105975)|STATEMENT_EXECUTE|[172]
13:52:30.0 (101116930)|HEAP_ALLOCATE|[169]|Bytes:5
13:52:30.0 (101126652)|VARIABLE_SCOPE_BEGIN|[169]|key|String|false|false
13:52:30.0 (101134026)|VARIABLE_ASSIGNMENT|[169]|key|"tickersymbol"
13:52:30.0 (101137505)|STATEMENT_EXECUTE|[169]
13:52:30.0 (101139164)|STATEMENT_EXECUTE|[170]
13:52:30.0 (101242406)|HEAP_ALLOCATE|[170]|Bytes:8
13:52:30.0 (101251757)|VARIABLE_SCOPE_BEGIN|[170]|descField|Schema.DescribeFieldResult|true|false
13:52:30.0 (101305187)|VARIABLE_ASSIGNMENT|[170]|descField|"common.api.soap.wsdl.Field@291a609"|0x196aad06
13:52:30.0 (101315447)|HEAP_ALLOCATE|[172]|Bytes:12
13:52:30.0 (101331586)|STATEMENT_EXECUTE|[172]
13:52:30.0 (101341368)|HEAP_ALLOCATE|[169]|Bytes:5
13:52:30.0 (101351153)|VARIABLE_SCOPE_BEGIN|[169]|key|String|false|false
13:52:30.0 (101358408)|VARIABLE_ASSIGNMENT|[169]|key|"description"
13:52:30.0 (101361860)|STATEMENT_EXECUTE|[169]
13:52:30.0 (101363470)|STATEMENT_EXECUTE|[170]
13:52:30.0 (101503458)|HEAP_ALLOCATE|[170]|Bytes:8
13:52:30.0 (101512994)|VARIABLE_SCOPE_BEGIN|[170]|descField|Schema.DescribeFieldResult|true|false
13:52:30.0 (101566180)|VARIABLE_ASSIGNMENT|[170]|descField|"common.api.soap.wsdl.Field@2fc7b9f"|0x73eecd67
13:52:30.0 (101576923)|HEAP_ALLOCATE|[172]|Bytes:11
13:52:30.0 (101593512)|STATEMENT_EXECUTE|[172]
13:52:30.0 (101603390)|HEAP_ALLOCATE|[169]|Bytes:5
13:52:30.0 (101613137)|VARIABLE_SCOPE_BEGIN|[169]|key|String|false|false
13:52:30.0 (101620312)|VARIABLE_ASSIGNMENT|[169]|key|"rating"
13:52:30.0 (101623837)|STATEMENT_EXECUTE|[169]
13:52:30.0 (101625438)|STATEMENT_EXECUTE|[170]
13:52:30.0 (101734638)|HEAP_ALLOCATE|[170]|Bytes:8
13:52:30.0 (101743880)|VARIABLE_SCOPE_BEGIN|[170]|descField|Schema.DescribeFieldResult|true|false
13:52:30.0 (101796298)|VARIABLE_ASSIGNMENT|[170]|descField|"common.api.soap.wsdl.Field@2d23f23e"|0x450b970c
13:52:30.0 (101806708)|HEAP_ALLOCATE|[172]|Bytes:6
13:52:30.0 (101822842)|STATEMENT_EXECUTE|[172]
13:52:30.0 (101832931)|HEAP_ALLOCATE|[169]|Bytes:5
13:52:30.0 (101842740)|VARIABLE_SCOPE_BEGIN|[169]|key|String|false|false
13:52:30.0 (101849798)|VARIABLE_ASSIGNMENT|[169]|key|"site"
13:52:30.0 (101853272)|STATEMENT_EXECUTE|[169]
13:52:30.0 (101855347)|STATEMENT_EXECUTE|[170]
13:52:30.0 (101958277)|HEAP_ALLOCATE|[170]|Bytes:8
13:52:30.0 (101967636)|VARIABLE_SCOPE_BEGIN|[170]|descField|Schema.DescribeFieldResult|true|false
13:52:30.0 (102020122)|VARIABLE_ASSIGNMENT|[170]|descField|"common.api.soap.wsdl.Field@7b6e9cbf"|0x4076dfdf
13:52:30.0 (102031188)|HEAP_ALLOCATE|[172]|Bytes:4
13:52:30.0 (102047339)|STATEMENT_EXECUTE|[172]
13:52:30.0 (102057209)|HEAP_ALLOCATE|[169]|Bytes:5
13:52:30.0 (102067116)|VARIABLE_SCOPE_BEGIN|[169]|key|String|false|false
13:52:30.0 (102074138)|VARIABLE_ASSIGNMENT|[169]|key|"ownerid"
13:52:30.0 (102077643)|STATEMENT_EXECUTE|[169]
13:52:30.0 (102079319)|STATEMENT_EXECUTE|[170]
13:52:30.0 (102222133)|HEAP_ALLOCATE|[170]|Bytes:8
13:52:30.0 (102231595)|VARIABLE_SCOPE_BEGIN|[170]|descField|Schema.DescribeFieldResult|true|false
13:52:30.0 (102284993)|VARIABLE_ASSIGNMENT|[170]|descField|"common.api.soap.wsdl.Field@4dc022d"|0x4d891698
13:52:30.0 (102295425)|HEAP_ALLOCATE|[172]|Bytes:7
13:52:30.0 (102311626)|STATEMENT_EXECUTE|[172]
13:52:30.0 (102321838)|HEAP_ALLOCATE|[169]|Bytes:5
13:52:30.0 (102331634)|VARIABLE_SCOPE_BEGIN|[169]|key|String|false|false
13:52:30.0 (102338707)|VARIABLE_ASSIGNMENT|[169]|key|"createddate"
13:52:30.0 (102342122)|STATEMENT_EXECUTE|[169]
13:52:30.0 (102344001)|STATEMENT_EXECUTE|[170]
13:52:30.0 (102486484)|HEAP_ALLOCATE|[170]|Bytes:8
13:52:30.0 (102495951)|VARIABLE_SCOPE_BEGIN|[170]|descField|Schema.DescribeFieldResult|true|false
13:52:30.0 (102549125)|VARIABLE_ASSIGNMENT|[170]|descField|"common.api.soap.wsdl.Field@a3dc2858"|0x378cea7c
13:52:30.0 (102559618)|HEAP_ALLOCATE|[172]|Bytes:11
13:52:30.0 (102576062)|STATEMENT_EXECUTE|[172]
13:52:30.0 (102586164)|HEAP_ALLOCATE|[169]|Bytes:5
13:52:30.0 (102596026)|VARIABLE_SCOPE_BEGIN|[169]|key|String|false|false
13:52:30.0 (102603205)|VARIABLE_ASSIGNMENT|[169]|key|"createdbyid"
13:52:30.0 (102606623)|STATEMENT_EXECUTE|[169]
13:52:30.0 (102608268)|STATEMENT_EXECUTE|[170]
13:52:30.0 (102751981)|HEAP_ALLOCATE|[170]|Bytes:8
13:52:30.0 (102761633)|VARIABLE_SCOPE_BEGIN|[170]|descField|Schema.DescribeFieldResult|true|false
13:52:30.0 (102816064)|VARIABLE_ASSIGNMENT|[170]|descField|"common.api.soap.wsdl.Field@a2a6c5f2"|0x4fd8f4a7
13:52:30.0 (102826476)|HEAP_ALLOCATE|[172]|Bytes:11
13:52:30.0 (102842859)|STATEMENT_EXECUTE|[172]
13:52:30.0 (102852719)|HEAP_ALLOCATE|[169]|Bytes:5
13:52:30.0 (102862572)|VARIABLE_SCOPE_BEGIN|[169]|key|String|false|false
13:52:30.0 (102870015)|VARIABLE_ASSIGNMENT|[169]|key|"lastmodifieddate"
13:52:30.0 (102873481)|STATEMENT_EXECUTE|[169]
13:52:30.0 (102875147)|STATEMENT_EXECUTE|[170]
13:52:30.0 (103008557)|HEAP_ALLOCATE|[170]|Bytes:8
13:52:30.0 (103018825)|VARIABLE_SCOPE_BEGIN|[170]|descField|Schema.DescribeFieldResult|true|false
13:52:30.0 (103072361)|VARIABLE_ASSIGNMENT|[170]|descField|"common.api.soap.wsdl.Field@5abde882"|0xa981f56
13:52:30.0 (103082761)|HEAP_ALLOCATE|[172]|Bytes:16
13:52:30.0 (103099031)|STATEMENT_EXECUTE|[172]
13:52:30.0 (103109000)|HEAP_ALLOCATE|[169]|Bytes:5
13:52:30.0 (103118783)|VARIABLE_SCOPE_BEGIN|[169]|key|String|false|false
13:52:30.0 (103126417)|VARIABLE_ASSIGNMENT|[169]|key|"lastmodifiedbyid"
13:52:30.0 (103129856)|STATEMENT_EXECUTE|[169]
13:52:30.0 (103131474)|STATEMENT_EXECUTE|[170]
13:52:30.0 (103275113)|HEAP_ALLOCATE|[170]|Bytes:8
13:52:30.0 (103284619)|VARIABLE_SCOPE_BEGIN|[170]|descField|Schema.DescribeFieldResult|true|false
13:52:30.0 (103338646)|VARIABLE_ASSIGNMENT|[170]|descField|"common.api.soap.wsdl.Field@25487ce5"|0x1a5a9204
13:52:30.0 (103349033)|HEAP_ALLOCATE|[172]|Bytes:16
13:52:30.0 (103365393)|STATEMENT_EXECUTE|[172]
13:52:30.0 (103375408)|HEAP_ALLOCATE|[169]|Bytes:5
13:52:30.0 (103385225)|VARIABLE_SCOPE_BEGIN|[169]|key|String|false|false
13:52:30.0 (103392678)|VARIABLE_ASSIGNMENT|[169]|key|"systemmodstamp"
13:52:30.0 (103396203)|STATEMENT_EXECUTE|[169]
13:52:30.0 (103397885)|STATEMENT_EXECUTE|[170]
13:52:30.0 (103504454)|HEAP_ALLOCATE|[170]|Bytes:8
13:52:30.0 (103513732)|VARIABLE_SCOPE_BEGIN|[170]|descField|Schema.DescribeFieldResult|true|false
13:52:30.0 (103566893)|VARIABLE_ASSIGNMENT|[170]|descField|"common.api.soap.wsdl.Field@3a04ed04"|0x7f7addc2
13:52:30.0 (103577600)|HEAP_ALLOCATE|[172]|Bytes:14
13:52:30.0 (103593728)|STATEMENT_EXECUTE|[172]
13:52:30.0 (103603528)|HEAP_ALLOCATE|[169]|Bytes:5
13:52:30.0 (103613261)|VARIABLE_SCOPE_BEGIN|[169]|key|String|false|false
13:52:30.0 (103620716)|VARIABLE_ASSIGNMENT|[169]|key|"lastactivitydate"
13:52:30.0 (103624190)|STATEMENT_EXECUTE|[169]
13:52:30.0 (103625846)|STATEMENT_EXECUTE|[170]
13:52:30.0 (103727915)|HEAP_ALLOCATE|[170]|Bytes:8
13:52:30.0 (103737230)|VARIABLE_SCOPE_BEGIN|[170]|descField|Schema.DescribeFieldResult|true|false
13:52:30.0 (103790504)|VARIABLE_ASSIGNMENT|[170]|descField|"common.api.soap.wsdl.Field@5fea2c26"|0x3ed37cf1
13:52:30.0 (103800755)|HEAP_ALLOCATE|[172]|Bytes:16
13:52:30.0 (103816739)|STATEMENT_EXECUTE|[172]
13:52:30.0 (103826477)|HEAP_ALLOCATE|[169]|Bytes:5
13:52:30.0 (103836263)|VARIABLE_SCOPE_BEGIN|[169]|key|String|false|false
13:52:30.0 (103843593)|VARIABLE_ASSIGNMENT|[169]|key|"lastvieweddate"
13:52:30.0 (103847044)|STATEMENT_EXECUTE|[169]
13:52:30.0 (103849079)|STATEMENT_EXECUTE|[170]
13:52:30.0 (103949724)|HEAP_ALLOCATE|[170]|Bytes:8
13:52:30.0 (103959036)|VARIABLE_SCOPE_BEGIN|[170]|descField|Schema.DescribeFieldResult|true|false
13:52:30.0 (104012292)|VARIABLE_ASSIGNMENT|[170]|descField|"common.api.soap.wsdl.Field@110710f7"|0x3cae6d14
13:52:30.0 (104023351)|HEAP_ALLOCATE|[172]|Bytes:14
13:52:30.0 (104039491)|STATEMENT_EXECUTE|[172]
13:52:30.0 (104049205)|HEAP_ALLOCATE|[169]|Bytes:5
13:52:30.0 (104059004)|VARIABLE_SCOPE_BEGIN|[169]|key|String|false|false
13:52:30.0 (104066344)|VARIABLE_ASSIGNMENT|[169]|key|"lastreferenceddate"
13:52:30.0 (104069919)|STATEMENT_EXECUTE|[169]
13:52:30.0 (104071576)|STATEMENT_EXECUTE|[170]
13:52:30.0 (104171779)|HEAP_ALLOCATE|[170]|Bytes:8
13:52:30.0 (104181032)|VARIABLE_SCOPE_BEGIN|[170]|descField|Schema.DescribeFieldResult|true|false
13:52:30.0 (104233555)|VARIABLE_ASSIGNMENT|[170]|descField|"common.api.soap.wsdl.Field@9018175b"|0x60a873be
13:52:30.0 (104243894)|HEAP_ALLOCATE|[172]|Bytes:18
13:52:30.0 (104263356)|STATEMENT_EXECUTE|[172]
13:52:30.0 (104273218)|HEAP_ALLOCATE|[169]|Bytes:5
13:52:30.0 (104283089)|VARIABLE_SCOPE_BEGIN|[169]|key|String|false|false
13:52:30.0 (104291754)|VARIABLE_ASSIGNMENT|[169]|key|"isexcludedfromrealig (1 more) ..."
13:52:30.0 (104295555)|STATEMENT_EXECUTE|[169]
13:52:30.0 (104297251)|STATEMENT_EXECUTE|[170]
13:52:30.0 (104394973)|HEAP_ALLOCATE|[170]|Bytes:8
13:52:30.0 (104404311)|VARIABLE_SCOPE_BEGIN|[170]|descField|Schema.DescribeFieldResult|true|false
13:52:30.0 (104461093)|VARIABLE_ASSIGNMENT|[170]|descField|"common.api.soap.wsdl.Field@bd83a11f"|0xc7c6fa0
13:52:30.0 (104471703)|HEAP_ALLOCATE|[172]|Bytes:21
13:52:30.0 (104487776)|STATEMENT_EXECUTE|[172]
13:52:30.0 (104497532)|HEAP_ALLOCATE|[169]|Bytes:5
13:52:30.0 (104507258)|VARIABLE_SCOPE_BEGIN|[169]|key|String|false|false
13:52:30.0 (104514390)|VARIABLE_ASSIGNMENT|[169]|key|"ispartner"
13:52:30.0 (104517875)|STATEMENT_EXECUTE|[169]
13:52:30.0 (104519495)|STATEMENT_EXECUTE|[170]
13:52:30.0 (104629941)|HEAP_ALLOCATE|[170]|Bytes:8
13:52:30.0 (104639688)|VARIABLE_SCOPE_BEGIN|[170]|descField|Schema.DescribeFieldResult|true|false
13:52:30.0 (104693227)|VARIABLE_ASSIGNMENT|[170]|descField|"common.api.soap.wsdl.Field@c5e750f"|0x72c58df1
13:52:30.0 (104703511)|HEAP_ALLOCATE|[172]|Bytes:9
13:52:30.0 (104719559)|STATEMENT_EXECUTE|[172]
13:52:30.0 (104729376)|HEAP_ALLOCATE|[169]|Bytes:5
13:52:30.0 (104739032)|VARIABLE_SCOPE_BEGIN|[169]|key|String|false|false
13:52:30.0 (104746275)|VARIABLE_ASSIGNMENT|[169]|key|"iscustomerportal"
13:52:30.0 (104749697)|STATEMENT_EXECUTE|[169]
13:52:30.0 (104751348)|STATEMENT_EXECUTE|[170]
13:52:30.0 (104857149)|HEAP_ALLOCATE|[170]|Bytes:8
13:52:30.0 (104866434)|VARIABLE_SCOPE_BEGIN|[170]|descField|Schema.DescribeFieldResult|true|false
13:52:30.0 (104918523)|VARIABLE_ASSIGNMENT|[170]|descField|"common.api.soap.wsdl.Field@a1d1e3e1"|0x3d2a8e84
13:52:30.0 (104929070)|HEAP_ALLOCATE|[172]|Bytes:16
13:52:30.0 (104945175)|STATEMENT_EXECUTE|[172]
13:52:30.0 (104955045)|HEAP_ALLOCATE|[169]|Bytes:5
13:52:30.0 (104965008)|VARIABLE_SCOPE_BEGIN|[169]|key|String|false|false
13:52:30.0 (104972454)|VARIABLE_ASSIGNMENT|[169]|key|"personcontactid"
13:52:30.0 (104976134)|STATEMENT_EXECUTE|[169]
13:52:30.0 (104977795)|STATEMENT_EXECUTE|[170]
13:52:30.0 (105133793)|HEAP_ALLOCATE|[170]|Bytes:8
13:52:30.0 (105144113)|VARIABLE_SCOPE_BEGIN|[170]|descField|Schema.DescribeFieldResult|true|false
13:52:30.0 (105198115)|VARIABLE_ASSIGNMENT|[170]|descField|"common.api.soap.wsdl.Field@4f6dc52b"|0x21968064
13:52:30.0 (105208568)|HEAP_ALLOCATE|[172]|Bytes:15
13:52:30.0 (105224915)|STATEMENT_EXECUTE|[172]
13:52:30.0 (105234697)|HEAP_ALLOCATE|[169]|Bytes:5
13:52:30.0 (105244502)|VARIABLE_SCOPE_BEGIN|[169]|key|String|false|false
13:52:30.0 (105251846)|VARIABLE_ASSIGNMENT|[169]|key|"ispersonaccount"
13:52:30.0 (105255342)|STATEMENT_EXECUTE|[169]
13:52:30.0 (105256973)|STATEMENT_EXECUTE|[170]
13:52:30.0 (105362582)|HEAP_ALLOCATE|[170]|Bytes:8
13:52:30.0 (105371983)|VARIABLE_SCOPE_BEGIN|[170]|descField|Schema.DescribeFieldResult|true|false
13:52:30.0 (105424836)|VARIABLE_ASSIGNMENT|[170]|descField|"common.api.soap.wsdl.Field@e4d47a82"|0x17a9e32d
13:52:30.0 (105439258)|HEAP_ALLOCATE|[172]|Bytes:15
13:52:30.0 (105455596)|STATEMENT_EXECUTE|[172]
13:52:30.0 (105465585)|HEAP_ALLOCATE|[169]|Bytes:5
13:52:30.0 (105475269)|VARIABLE_SCOPE_BEGIN|[169]|key|String|false|false
13:52:30.0 (105482822)|VARIABLE_ASSIGNMENT|[169]|key|"personmailingstreet"
13:52:30.0 (105486341)|STATEMENT_EXECUTE|[169]
13:52:30.0 (105487947)|STATEMENT_EXECUTE|[170]
13:52:30.0 (105619294)|HEAP_ALLOCATE|[170]|Bytes:8
13:52:30.0 (105628654)|VARIABLE_SCOPE_BEGIN|[170]|descField|Schema.DescribeFieldResult|true|false
13:52:30.0 (105682106)|VARIABLE_ASSIGNMENT|[170]|descField|"common.api.soap.wsdl.Field@cf4e2c8a"|0x183e0cb8
13:52:30.0 (105692484)|HEAP_ALLOCATE|[172]|Bytes:19
13:52:30.0 (105708804)|STATEMENT_EXECUTE|[172]
13:52:30.0 (105718611)|HEAP_ALLOCATE|[169]|Bytes:5
13:52:30.0 (105728254)|VARIABLE_SCOPE_BEGIN|[169]|key|String|false|false
13:52:30.0 (105735551)|VARIABLE_ASSIGNMENT|[169]|key|"personmailingcity"
13:52:30.0 (105739568)|STATEMENT_EXECUTE|[169]
13:52:30.0 (105741269)|STATEMENT_EXECUTE|[170]
13:52:30.0 (105862669)|HEAP_ALLOCATE|[170]|Bytes:8
13:52:30.0 (105871970)|VARIABLE_SCOPE_BEGIN|[170]|descField|Schema.DescribeFieldResult|true|false
13:52:30.0 (105924583)|VARIABLE_ASSIGNMENT|[170]|descField|"common.api.soap.wsdl.Field@595821ac"|0x341db512
13:52:30.0 (105935100)|HEAP_ALLOCATE|[172]|Bytes:17
13:52:30.0 (105951176)|STATEMENT_EXECUTE|[172]
13:52:30.0 (105960944)|HEAP_ALLOCATE|[169]|Bytes:5
13:52:30.0 (105970677)|VARIABLE_SCOPE_BEGIN|[169]|key|String|false|false
13:52:30.0 (105978178)|VARIABLE_ASSIGNMENT|[169]|key|"personmailingstate"
13:52:30.0 (105981616)|STATEMENT_EXECUTE|[169]
13:52:30.0 (105983293)|STATEMENT_EXECUTE|[170]
13:52:30.0 (106107539)|HEAP_ALLOCATE|[170]|Bytes:8
13:52:30.0 (106117722)|VARIABLE_SCOPE_BEGIN|[170]|descField|Schema.DescribeFieldResult|true|false
13:52:30.0 (106171007)|VARIABLE_ASSIGNMENT|[170]|descField|"common.api.soap.wsdl.Field@707b4269"|0xecfbd8c
13:52:30.0 (106181903)|HEAP_ALLOCATE|[172]|Bytes:18
13:52:30.0 (106198015)|STATEMENT_EXECUTE|[172]
13:52:30.0 (106207907)|HEAP_ALLOCATE|[169]|Bytes:5
13:52:30.0 (106217640)|VARIABLE_SCOPE_BEGIN|[169]|key|String|false|false
13:52:30.0 (106225957)|VARIABLE_ASSIGNMENT|[169]|key|"personmailingpostalc (3 more) ..."
13:52:30.0 (106229678)|STATEMENT_EXECUTE|[169]
13:52:30.0 (106231361)|STATEMENT_EXECUTE|[170]
13:52:30.0 (106351510)|HEAP_ALLOCATE|[170]|Bytes:8
13:52:30.0 (106360877)|VARIABLE_SCOPE_BEGIN|[170]|descField|Schema.DescribeFieldResult|true|false
13:52:30.0 (106413040)|VARIABLE_ASSIGNMENT|[170]|descField|"common.api.soap.wsdl.Field@19bb8cb4"|0x476ee582
13:52:30.0 (106423270)|HEAP_ALLOCATE|[172]|Bytes:23
13:52:30.0 (106444128)|STATEMENT_EXECUTE|[172]
13:52:30.0 (106454238)|HEAP_ALLOCATE|[169]|Bytes:5
13:52:30.0 (106464106)|VARIABLE_SCOPE_BEGIN|[169]|key|String|false|false
13:52:30.0 (106471911)|VARIABLE_ASSIGNMENT|[169]|key|"personmailingcountry"
13:52:30.0 (106475468)|STATEMENT_EXECUTE|[169]
13:52:30.0 (106477432)|STATEMENT_EXECUTE|[170]
13:52:30.0 (106602128)|HEAP_ALLOCATE|[170]|Bytes:8
13:52:30.0 (106611466)|VARIABLE_SCOPE_BEGIN|[170]|descField|Schema.DescribeFieldResult|true|false
13:52:30.0 (106664687)|VARIABLE_ASSIGNMENT|[170]|descField|"common.api.soap.wsdl.Field@ae8d56fa"|0x50b1a9f8
13:52:30.0 (106675097)|HEAP_ALLOCATE|[172]|Bytes:20
13:52:30.0 (106691284)|STATEMENT_EXECUTE|[172]
13:52:30.0 (106701158)|HEAP_ALLOCATE|[169]|Bytes:5
13:52:30.0 (106710918)|VARIABLE_SCOPE_BEGIN|[169]|key|String|false|false
13:52:30.0 (106719123)|VARIABLE_ASSIGNMENT|[169]|key|"personmailinglatitud (1 more) ..."
13:52:30.0 (106722717)|STATEMENT_EXECUTE|[169]
13:52:30.0 (106724370)|STATEMENT_EXECUTE|[170]
13:52:30.0 (106855616)|HEAP_ALLOCATE|[170]|Bytes:8
13:52:30.0 (106865012)|VARIABLE_SCOPE_BEGIN|[170]|descField|Schema.DescribeFieldResult|true|false
13:52:30.0 (106917426)|VARIABLE_ASSIGNMENT|[170]|descField|"common.api.soap.wsdl.Field@215ddcc"|0xfa272a3
13:52:30.0 (106927803)|HEAP_ALLOCATE|[172]|Bytes:21
13:52:30.0 (106944761)|STATEMENT_EXECUTE|[172]
13:52:30.0 (106954580)|HEAP_ALLOCATE|[169]|Bytes:5
13:52:30.0 (106964573)|VARIABLE_SCOPE_BEGIN|[169]|key|String|false|false
13:52:30.0 (106972665)|VARIABLE_ASSIGNMENT|[169]|key|"personmailinglongitu (2 more) ..."
13:52:30.0 (106976382)|STATEMENT_EXECUTE|[169]
13:52:30.0 (106978106)|STATEMENT_EXECUTE|[170]
13:52:30.0 (107103361)|HEAP_ALLOCATE|[170]|Bytes:8
13:52:30.0 (107113603)|VARIABLE_SCOPE_BEGIN|[170]|descField|Schema.DescribeFieldResult|true|false
13:52:30.0 (107166159)|VARIABLE_ASSIGNMENT|[170]|descField|"common.api.soap.wsdl.Field@65e11ab6"|0x4eb5a084
13:52:30.0 (107176583)|HEAP_ALLOCATE|[172]|Bytes:22
13:52:30.0 (107192845)|STATEMENT_EXECUTE|[172]
13:52:30.0 (107202632)|HEAP_ALLOCATE|[169]|Bytes:5
13:52:30.0 (107212586)|VARIABLE_SCOPE_BEGIN|[169]|key|String|false|false
13:52:30.0 (107220026)|VARIABLE_ASSIGNMENT|[169]|key|"personmailingaddress"
13:52:30.0 (107223801)|STATEMENT_EXECUTE|[169]
13:52:30.0 (107225506)|STATEMENT_EXECUTE|[170]
13:52:30.0 (107327913)|HEAP_ALLOCATE|[170]|Bytes:8
13:52:30.0 (107337554)|VARIABLE_SCOPE_BEGIN|[170]|descField|Schema.DescribeFieldResult|true|false
13:52:30.0 (107389943)|VARIABLE_ASSIGNMENT|[170]|descField|"common.api.soap.wsdl.Field@e3672c9b"|0x10cf4b94
13:52:30.0 (107400247)|HEAP_ALLOCATE|[172]|Bytes:20
13:52:30.0 (107416333)|STATEMENT_EXECUTE|[172]
13:52:30.0 (107426177)|HEAP_ALLOCATE|[169]|Bytes:5
13:52:30.0 (107441357)|VARIABLE_SCOPE_BEGIN|[169]|key|String|false|false
13:52:30.0 (107448902)|VARIABLE_ASSIGNMENT|[169]|key|"personotherstreet"
13:52:30.0 (107452549)|STATEMENT_EXECUTE|[169]
13:52:30.0 (107454253)|STATEMENT_EXECUTE|[170]
13:52:30.0 (107584972)|HEAP_ALLOCATE|[170]|Bytes:8
13:52:30.0 (107594421)|VARIABLE_SCOPE_BEGIN|[170]|descField|Schema.DescribeFieldResult|true|false
13:52:30.0 (107647466)|VARIABLE_ASSIGNMENT|[170]|descField|"common.api.soap.wsdl.Field@76cf9c75"|0x359a0656
13:52:30.0 (107657920)|HEAP_ALLOCATE|[172]|Bytes:17
13:52:30.0 (107674277)|STATEMENT_EXECUTE|[172]
13:52:30.0 (107684213)|HEAP_ALLOCATE|[169]|Bytes:5
13:52:30.0 (107694437)|VARIABLE_SCOPE_BEGIN|[169]|key|String|false|false
13:52:30.0 (107701835)|VARIABLE_ASSIGNMENT|[169]|key|"personothercity"
13:52:30.0 (107705389)|STATEMENT_EXECUTE|[169]
13:52:30.0 (107706991)|STATEMENT_EXECUTE|[170]
13:52:30.0 (107826383)|HEAP_ALLOCATE|[170]|Bytes:8
13:52:30.0 (107835887)|VARIABLE_SCOPE_BEGIN|[170]|descField|Schema.DescribeFieldResult|true|false
13:52:30.0 (107889047)|VARIABLE_ASSIGNMENT|[170]|descField|"common.api.soap.wsdl.Field@a43af71b"|0xfc09750
13:52:30.0 (107899501)|HEAP_ALLOCATE|[172]|Bytes:15
13:52:30.0 (107915843)|STATEMENT_EXECUTE|[172]
13:52:30.0 (107925707)|HEAP_ALLOCATE|[169]|Bytes:5
13:52:30.0 (107935477)|VARIABLE_SCOPE_BEGIN|[169]|key|String|false|false
13:52:30.0 (107942713)|VARIABLE_ASSIGNMENT|[169]|key|"personotherstate"
13:52:30.0 (107946149)|STATEMENT_EXECUTE|[169]
13:52:30.0 (107947790)|STATEMENT_EXECUTE|[170]
13:52:30.0 (108112014)|HEAP_ALLOCATE|[170]|Bytes:8
13:52:30.0 (108122600)|VARIABLE_SCOPE_BEGIN|[170]|descField|Schema.DescribeFieldResult|true|false
13:52:30.0 (108177413)|VARIABLE_ASSIGNMENT|[170]|descField|"common.api.soap.wsdl.Field@fe9a5f67"|0x5de84bb5
13:52:30.0 (108188216)|HEAP_ALLOCATE|[172]|Bytes:16
13:52:30.0 (108204758)|STATEMENT_EXECUTE|[172]
13:52:30.0 (108214946)|HEAP_ALLOCATE|[169]|Bytes:5
13:52:30.0 (108224833)|VARIABLE_SCOPE_BEGIN|[169]|key|String|false|false
13:52:30.0 (108233413)|VARIABLE_ASSIGNMENT|[169]|key|"personotherpostalcod (1 more) ..."
13:52:30.0 (108237255)|STATEMENT_EXECUTE|[169]
13:52:30.0 (108239049)|STATEMENT_EXECUTE|[170]
13:52:30.0 (108359503)|HEAP_ALLOCATE|[170]|Bytes:8
13:52:30.0 (108368812)|VARIABLE_SCOPE_BEGIN|[170]|descField|Schema.DescribeFieldResult|true|false
13:52:30.0 (108421453)|VARIABLE_ASSIGNMENT|[170]|descField|"common.api.soap.wsdl.Field@c749c55e"|0x696b5ec3
13:52:30.0 (108439996)|HEAP_ALLOCATE|[172]|Bytes:21
13:52:30.0 (108456678)|STATEMENT_EXECUTE|[172]
13:52:30.0 (108466662)|HEAP_ALLOCATE|[169]|Bytes:5
13:52:30.0 (108476489)|VARIABLE_SCOPE_BEGIN|[169]|key|String|false|false
13:52:30.0 (108484298)|VARIABLE_ASSIGNMENT|[169]|key|"personothercountry"
13:52:30.0 (108488155)|STATEMENT_EXECUTE|[169]
13:52:30.0 (108489944)|STATEMENT_EXECUTE|[170]
13:52:30.0 (108613171)|HEAP_ALLOCATE|[170]|Bytes:8
13:52:30.0 (108622523)|VARIABLE_SCOPE_BEGIN|[170]|descField|Schema.DescribeFieldResult|true|false
13:52:30.0 (108675528)|VARIABLE_ASSIGNMENT|[170]|descField|"common.api.soap.wsdl.Field@c15612e9"|0x23a927da
13:52:30.0 (108686033)|HEAP_ALLOCATE|[172]|Bytes:18
13:52:30.0 (108702255)|STATEMENT_EXECUTE|[172]
13:52:30.0 (108712052)|HEAP_ALLOCATE|[169]|Bytes:5
13:52:30.0 (108721859)|VARIABLE_SCOPE_BEGIN|[169]|key|String|false|false
13:52:30.0 (108729284)|VARIABLE_ASSIGNMENT|[169]|key|"personotherlatitude"
13:52:30.0 (108732874)|STATEMENT_EXECUTE|[169]
13:52:30.0 (108734523)|STATEMENT_EXECUTE|[170]
13:52:30.0 (108859715)|HEAP_ALLOCATE|[170]|Bytes:8
13:52:30.0 (108869171)|VARIABLE_SCOPE_BEGIN|[170]|descField|Schema.DescribeFieldResult|true|false
13:52:30.0 (108922108)|VARIABLE_ASSIGNMENT|[170]|descField|"common.api.soap.wsdl.Field@11f1b123"|0x2c45166e
13:52:30.0 (108932866)|HEAP_ALLOCATE|[172]|Bytes:19
13:52:30.0 (108949093)|STATEMENT_EXECUTE|[172]
13:52:30.0 (108958788)|HEAP_ALLOCATE|[169]|Bytes:5
13:52:30.0 (108968577)|VARIABLE_SCOPE_BEGIN|[169]|key|String|false|false
13:52:30.0 (108976106)|VARIABLE_ASSIGNMENT|[169]|key|"personotherlongitude"
13:52:30.0 (108979574)|STATEMENT_EXECUTE|[169]
13:52:30.0 (108981268)|STATEMENT_EXECUTE|[170]
13:52:30.0 (109105651)|HEAP_ALLOCATE|[170]|Bytes:8
13:52:30.0 (109115876)|VARIABLE_SCOPE_BEGIN|[170]|descField|Schema.DescribeFieldResult|true|false
13:52:30.0 (109168357)|VARIABLE_ASSIGNMENT|[170]|descField|"common.api.soap.wsdl.Field@50c006fa"|0x272fda48
13:52:30.0 (109178981)|HEAP_ALLOCATE|[172]|Bytes:20
13:52:30.0 (109195014)|STATEMENT_EXECUTE|[172]
13:52:30.0 (109204748)|HEAP_ALLOCATE|[169]|Bytes:5
13:52:30.0 (109214416)|VARIABLE_SCOPE_BEGIN|[169]|key|String|false|false
13:52:30.0 (109221786)|VARIABLE_ASSIGNMENT|[169]|key|"personotheraddress"
13:52:30.0 (109225312)|STATEMENT_EXECUTE|[169]
13:52:30.0 (109227460)|STATEMENT_EXECUTE|[170]
13:52:30.0 (109332110)|HEAP_ALLOCATE|[170]|Bytes:8
13:52:30.0 (109341464)|VARIABLE_SCOPE_BEGIN|[170]|descField|Schema.DescribeFieldResult|true|false
13:52:30.0 (109394235)|VARIABLE_ASSIGNMENT|[170]|descField|"common.api.soap.wsdl.Field@be3e84cd"|0x2dfcb7e9
13:52:30.0 (109404724)|HEAP_ALLOCATE|[172]|Bytes:18
13:52:30.0 (109424191)|STATEMENT_EXECUTE|[172]
13:52:30.0 (109438364)|HEAP_ALLOCATE|[169]|Bytes:5
13:52:30.0 (109448807)|VARIABLE_SCOPE_BEGIN|[169]|key|String|false|false
13:52:30.0 (109456531)|VARIABLE_ASSIGNMENT|[169]|key|"personmobilephone"
13:52:30.0 (109460080)|STATEMENT_EXECUTE|[169]
13:52:30.0 (109461787)|STATEMENT_EXECUTE|[170]
13:52:30.0 (109600610)|HEAP_ALLOCATE|[170]|Bytes:8
13:52:30.0 (109610249)|VARIABLE_SCOPE_BEGIN|[170]|descField|Schema.DescribeFieldResult|true|false
13:52:30.0 (109663003)|VARIABLE_ASSIGNMENT|[170]|descField|"common.api.soap.wsdl.Field@d63362d1"|0x7f03d02d
13:52:30.0 (109673439)|HEAP_ALLOCATE|[172]|Bytes:17
13:52:30.0 (109689656)|STATEMENT_EXECUTE|[172]
13:52:30.0 (109699841)|HEAP_ALLOCATE|[169]|Bytes:5
13:52:30.0 (109709671)|VARIABLE_SCOPE_BEGIN|[169]|key|String|false|false
13:52:30.0 (109716934)|VARIABLE_ASSIGNMENT|[169]|key|"personhomephone"
13:52:30.0 (109720562)|STATEMENT_EXECUTE|[169]
13:52:30.0 (109722268)|STATEMENT_EXECUTE|[170]
13:52:30.0 (109858422)|HEAP_ALLOCATE|[170]|Bytes:8
13:52:30.0 (109868005)|VARIABLE_SCOPE_BEGIN|[170]|descField|Schema.DescribeFieldResult|true|false
13:52:30.0 (109921564)|VARIABLE_ASSIGNMENT|[170]|descField|"common.api.soap.wsdl.Field@91e10528"|0x2c15337a
13:52:30.0 (109931963)|HEAP_ALLOCATE|[172]|Bytes:15
13:52:30.0 (109947971)|STATEMENT_EXECUTE|[172]
13:52:30.0 (109957984)|HEAP_ALLOCATE|[169]|Bytes:5
13:52:30.0 (109967722)|VARIABLE_SCOPE_BEGIN|[169]|key|String|false|false
13:52:30.0 (109974921)|VARIABLE_ASSIGNMENT|[169]|key|"personotherphone"
13:52:30.0 (109978425)|STATEMENT_EXECUTE|[169]
13:52:30.0 (109980103)|STATEMENT_EXECUTE|[170]
13:52:30.0 (110115668)|HEAP_ALLOCATE|[170]|Bytes:8
13:52:30.0 (110126164)|VARIABLE_SCOPE_BEGIN|[170]|descField|Schema.DescribeFieldResult|true|false
13:52:30.0 (110178805)|VARIABLE_ASSIGNMENT|[170]|descField|"common.api.soap.wsdl.Field@1453f315"|0x5aee720d
13:52:30.0 (110189302)|HEAP_ALLOCATE|[172]|Bytes:16
13:52:30.0 (110205424)|STATEMENT_EXECUTE|[172]
13:52:30.0 (110215256)|HEAP_ALLOCATE|[169]|Bytes:5
13:52:30.0 (110224975)|VARIABLE_SCOPE_BEGIN|[169]|key|String|false|false
13:52:30.0 (110232487)|VARIABLE_ASSIGNMENT|[169]|key|"personassistantphone"
13:52:30.0 (110236105)|STATEMENT_EXECUTE|[169]
13:52:30.0 (110237843)|STATEMENT_EXECUTE|[170]
13:52:30.0 (110372971)|HEAP_ALLOCATE|[170]|Bytes:8
13:52:30.0 (110382382)|VARIABLE_SCOPE_BEGIN|[170]|descField|Schema.DescribeFieldResult|true|false
13:52:30.0 (110439830)|VARIABLE_ASSIGNMENT|[170]|descField|"common.api.soap.wsdl.Field@35fe187d"|0x29fe8c20
13:52:30.0 (110450531)|HEAP_ALLOCATE|[172]|Bytes:20
13:52:30.0 (110467159)|STATEMENT_EXECUTE|[172]
13:52:30.0 (110477085)|HEAP_ALLOCATE|[169]|Bytes:5
13:52:30.0 (110486905)|VARIABLE_SCOPE_BEGIN|[169]|key|String|false|false
13:52:30.0 (110494335)|VARIABLE_ASSIGNMENT|[169]|key|"personemail"
13:52:30.0 (110497938)|STATEMENT_EXECUTE|[169]
13:52:30.0 (110499612)|STATEMENT_EXECUTE|[170]
13:52:30.0 (110633744)|HEAP_ALLOCATE|[170]|Bytes:8
13:52:30.0 (110643338)|VARIABLE_SCOPE_BEGIN|[170]|descField|Schema.DescribeFieldResult|true|false
13:52:30.0 (110696460)|VARIABLE_ASSIGNMENT|[170]|descField|"common.api.soap.wsdl.Field@3c2686dc"|0x2a69b472
13:52:30.0 (110706878)|HEAP_ALLOCATE|[172]|Bytes:11
13:52:30.0 (110723198)|STATEMENT_EXECUTE|[172]
13:52:30.0 (110733204)|HEAP_ALLOCATE|[169]|Bytes:5
13:52:30.0 (110743005)|VARIABLE_SCOPE_BEGIN|[169]|key|String|false|false
13:52:30.0 (110750240)|VARIABLE_ASSIGNMENT|[169]|key|"persontitle"
13:52:30.0 (110753695)|STATEMENT_EXECUTE|[169]
13:52:30.0 (110755281)|STATEMENT_EXECUTE|[170]
13:52:30.0 (110889844)|HEAP_ALLOCATE|[170]|Bytes:8
13:52:30.0 (110899176)|VARIABLE_SCOPE_BEGIN|[170]|descField|Schema.DescribeFieldResult|true|false
13:52:30.0 (110952392)|VARIABLE_ASSIGNMENT|[170]|descField|"common.api.soap.wsdl.Field@cb90566a"|0x2e597872
13:52:30.0 (110963185)|HEAP_ALLOCATE|[172]|Bytes:11
13:52:30.0 (110979328)|STATEMENT_EXECUTE|[172]
13:52:30.0 (110989243)|HEAP_ALLOCATE|[169]|Bytes:5
13:52:30.0 (110998981)|VARIABLE_SCOPE_BEGIN|[169]|key|String|false|false
13:52:30.0 (111006173)|VARIABLE_ASSIGNMENT|[169]|key|"persondepartment"
13:52:30.0 (111010541)|STATEMENT_EXECUTE|[169]
13:52:30.0 (111012162)|STATEMENT_EXECUTE|[170]
13:52:30.0 (111147435)|HEAP_ALLOCATE|[170]|Bytes:8
13:52:30.0 (111156814)|VARIABLE_SCOPE_BEGIN|[170]|descField|Schema.DescribeFieldResult|true|false
13:52:30.0 (111209529)|VARIABLE_ASSIGNMENT|[170]|descField|"common.api.soap.wsdl.Field@e91a31fc"|0x49be71ba
13:52:30.0 (111219794)|HEAP_ALLOCATE|[172]|Bytes:16
13:52:30.0 (111236041)|STATEMENT_EXECUTE|[172]
13:52:30.0 (111246055)|HEAP_ALLOCATE|[169]|Bytes:5
13:52:30.0 (111255847)|VARIABLE_SCOPE_BEGIN|[169]|key|String|false|false
13:52:30.0 (111263131)|VARIABLE_ASSIGNMENT|[169]|key|"personassistantname"
13:52:30.0 (111267005)|STATEMENT_EXECUTE|[169]
13:52:30.0 (111268681)|STATEMENT_EXECUTE|[170]
13:52:30.0 (111402416)|HEAP_ALLOCATE|[170]|Bytes:8
13:52:30.0 (111411926)|VARIABLE_SCOPE_BEGIN|[170]|descField|Schema.DescribeFieldResult|true|false
13:52:30.0 (111469093)|VARIABLE_ASSIGNMENT|[170]|descField|"common.api.soap.wsdl.Field@20bf6223"|0x24c4fe71
13:52:30.0 (111479577)|HEAP_ALLOCATE|[172]|Bytes:19
13:52:30.0 (111495766)|STATEMENT_EXECUTE|[172]
13:52:30.0 (111505772)|HEAP_ALLOCATE|[169]|Bytes:5
13:52:30.0 (111515516)|VARIABLE_SCOPE_BEGIN|[169]|key|String|false|false
13:52:30.0 (111522689)|VARIABLE_ASSIGNMENT|[169]|key|"personleadsource"
13:52:30.0 (111526207)|STATEMENT_EXECUTE|[169]
13:52:30.0 (111527797)|STATEMENT_EXECUTE|[170]
13:52:30.0 (111664019)|HEAP_ALLOCATE|[170]|Bytes:8
13:52:30.0 (111673536)|VARIABLE_SCOPE_BEGIN|[170]|descField|Schema.DescribeFieldResult|true|false
13:52:30.0 (111726584)|VARIABLE_ASSIGNMENT|[170]|descField|"common.api.soap.wsdl.Field@2c6229ba"|0x5f92e3f7
13:52:30.0 (111736889)|HEAP_ALLOCATE|[172]|Bytes:16
13:52:30.0 (111777574)|STATEMENT_EXECUTE|[172]
13:52:30.0 (111795885)|HEAP_ALLOCATE|[169]|Bytes:5
13:52:30.0 (111808354)|VARIABLE_SCOPE_BEGIN|[169]|key|String|false|false
13:52:30.0 (111816585)|VARIABLE_ASSIGNMENT|[169]|key|"personbirthdate"
13:52:30.0 (111820695)|STATEMENT_EXECUTE|[169]
13:52:30.0 (111822428)|STATEMENT_EXECUTE|[170]
13:52:30.0 (111963474)|HEAP_ALLOCATE|[170]|Bytes:8
13:52:30.0 (111973102)|VARIABLE_SCOPE_BEGIN|[170]|descField|Schema.DescribeFieldResult|true|false
13:52:30.0 (112027411)|VARIABLE_ASSIGNMENT|[170]|descField|"common.api.soap.wsdl.Field@f4012a69"|0x6191a494
13:52:30.0 (112038981)|HEAP_ALLOCATE|[172]|Bytes:15
13:52:30.0 (112055331)|STATEMENT_EXECUTE|[172]
13:52:30.0 (112065221)|HEAP_ALLOCATE|[169]|Bytes:5
13:52:30.0 (112075025)|VARIABLE_SCOPE_BEGIN|[169]|key|String|false|false
13:52:30.0 (112083456)|VARIABLE_ASSIGNMENT|[169]|key|"personhasoptedoutofe (4 more) ..."
13:52:30.0 (112087215)|STATEMENT_EXECUTE|[169]
13:52:30.0 (112088953)|STATEMENT_EXECUTE|[170]
13:52:30.0 (112207293)|HEAP_ALLOCATE|[170]|Bytes:8
13:52:30.0 (112216780)|VARIABLE_SCOPE_BEGIN|[170]|descField|Schema.DescribeFieldResult|true|false
13:52:30.0 (112269456)|VARIABLE_ASSIGNMENT|[170]|descField|"common.api.soap.wsdl.Field@706f29cf"|0x5c0abdd2
13:52:30.0 (112280125)|HEAP_ALLOCATE|[172]|Bytes:24
13:52:30.0 (112296228)|STATEMENT_EXECUTE|[172]
13:52:30.0 (112306162)|HEAP_ALLOCATE|[169]|Bytes:5
13:52:30.0 (112315808)|VARIABLE_SCOPE_BEGIN|[169]|key|String|false|false
13:52:30.0 (112323913)|VARIABLE_ASSIGNMENT|[169]|key|"personhasoptedoutoff (2 more) ..."
13:52:30.0 (112327575)|STATEMENT_EXECUTE|[169]
13:52:30.0 (112329241)|STATEMENT_EXECUTE|[170]
13:52:30.0 (112448111)|HEAP_ALLOCATE|[170]|Bytes:8
13:52:30.0 (112457680)|VARIABLE_SCOPE_BEGIN|[170]|descField|Schema.DescribeFieldResult|true|false
13:52:30.0 (112511312)|VARIABLE_ASSIGNMENT|[170]|descField|"common.api.soap.wsdl.Field@99000d34"|0x608093a3
13:52:30.0 (112521793)|HEAP_ALLOCATE|[172]|Bytes:22
13:52:30.0 (112537957)|STATEMENT_EXECUTE|[172]
13:52:30.0 (112547966)|HEAP_ALLOCATE|[169]|Bytes:5
13:52:30.0 (112557603)|VARIABLE_SCOPE_BEGIN|[169]|key|String|false|false
13:52:30.0 (112565072)|VARIABLE_ASSIGNMENT|[169]|key|"persondonotcall"
13:52:30.0 (112568587)|STATEMENT_EXECUTE|[169]
13:52:30.0 (112570327)|STATEMENT_EXECUTE|[170]
13:52:30.0 (112682445)|HEAP_ALLOCATE|[170]|Bytes:8
13:52:30.0 (112691915)|VARIABLE_SCOPE_BEGIN|[170]|descField|Schema.DescribeFieldResult|true|false
13:52:30.0 (112744850)|VARIABLE_ASSIGNMENT|[170]|descField|"common.api.soap.wsdl.Field@ce5968f6"|0x37be8a9c
13:52:30.0 (112755445)|HEAP_ALLOCATE|[172]|Bytes:15
13:52:30.0 (112771640)|STATEMENT_EXECUTE|[172]
13:52:30.0 (112781538)|HEAP_ALLOCATE|[169]|Bytes:5
13:52:30.0 (112791211)|VARIABLE_SCOPE_BEGIN|[169]|key|String|false|false
13:52:30.0 (112799441)|VARIABLE_ASSIGNMENT|[169]|key|"personlastcurequestd (3 more) ..."
13:52:30.0 (112803135)|STATEMENT_EXECUTE|[169]
13:52:30.0 (112804882)|STATEMENT_EXECUTE|[170]
13:52:30.0 (112915153)|HEAP_ALLOCATE|[170]|Bytes:8
13:52:30.0 (112924613)|VARIABLE_SCOPE_BEGIN|[170]|descField|Schema.DescribeFieldResult|true|false
13:52:30.0 (112978242)|VARIABLE_ASSIGNMENT|[170]|descField|"common.api.soap.wsdl.Field@b0a84cd6"|0x67b3c11e
13:52:30.0 (112988718)|HEAP_ALLOCATE|[172]|Bytes:23
13:52:30.0 (113004892)|STATEMENT_EXECUTE|[172]
13:52:30.0 (113015765)|HEAP_ALLOCATE|[169]|Bytes:5
13:52:30.0 (113025474)|VARIABLE_SCOPE_BEGIN|[169]|key|String|false|false
13:52:30.0 (113033602)|VARIABLE_ASSIGNMENT|[169]|key|"personlastcuupdateda (2 more) ..."
13:52:30.0 (113037324)|STATEMENT_EXECUTE|[169]
13:52:30.0 (113038980)|STATEMENT_EXECUTE|[170]
13:52:30.0 (113148942)|HEAP_ALLOCATE|[170]|Bytes:8
13:52:30.0 (113158345)|VARIABLE_SCOPE_BEGIN|[170]|descField|Schema.DescribeFieldResult|true|false
13:52:30.0 (113211164)|VARIABLE_ASSIGNMENT|[170]|descField|"common.api.soap.wsdl.Field@e4465127"|0x65ae0979
13:52:30.0 (113221662)|HEAP_ALLOCATE|[172]|Bytes:22
13:52:30.0 (113237803)|STATEMENT_EXECUTE|[172]
13:52:30.0 (113247663)|HEAP_ALLOCATE|[169]|Bytes:5
13:52:30.0 (113257432)|VARIABLE_SCOPE_BEGIN|[169]|key|String|false|false
13:52:30.0 (113265868)|VARIABLE_ASSIGNMENT|[169]|key|"personemailbouncedre (4 more) ..."
13:52:30.0 (113269466)|STATEMENT_EXECUTE|[169]
13:52:30.0 (113271136)|STATEMENT_EXECUTE|[170]
13:52:30.0 (113390397)|HEAP_ALLOCATE|[170]|Bytes:8
13:52:30.0 (113399832)|VARIABLE_SCOPE_BEGIN|[170]|descField|Schema.DescribeFieldResult|true|false
13:52:30.0 (113457194)|VARIABLE_ASSIGNMENT|[170]|descField|"common.api.soap.wsdl.Field@105a38e2"|0x65455920
13:52:30.0 (113467808)|HEAP_ALLOCATE|[172]|Bytes:24
13:52:30.0 (113484137)|STATEMENT_EXECUTE|[172]
13:52:30.0 (113494076)|HEAP_ALLOCATE|[169]|Bytes:5
13:52:30.0 (113503994)|VARIABLE_SCOPE_BEGIN|[169]|key|String|false|false
13:52:30.0 (113512114)|VARIABLE_ASSIGNMENT|[169]|key|"personemailbouncedda (2 more) ..."
13:52:30.0 (113515687)|STATEMENT_EXECUTE|[169]
13:52:30.0 (113517313)|STATEMENT_EXECUTE|[170]
13:52:30.0 (113636931)|HEAP_ALLOCATE|[170]|Bytes:8
13:52:30.0 (113646232)|VARIABLE_SCOPE_BEGIN|[170]|descField|Schema.DescribeFieldResult|true|false
13:52:30.0 (113699222)|VARIABLE_ASSIGNMENT|[170]|descField|"common.api.soap.wsdl.Field@2b24cf3b"|0x587d2018
13:52:30.0 (113709882)|HEAP_ALLOCATE|[172]|Bytes:22
13:52:30.0 (113725953)|STATEMENT_EXECUTE|[172]
13:52:30.0 (113735861)|HEAP_ALLOCATE|[169]|Bytes:5
13:52:30.0 (113745533)|VARIABLE_SCOPE_BEGIN|[169]|key|String|false|false
13:52:30.0 (113752717)|VARIABLE_ASSIGNMENT|[169]|key|"jigsaw"
13:52:30.0 (113756346)|STATEMENT_EXECUTE|[169]
13:52:30.0 (113758081)|STATEMENT_EXECUTE|[170]
13:52:30.0 (113890323)|HEAP_ALLOCATE|[170]|Bytes:8
13:52:30.0 (113899877)|VARIABLE_SCOPE_BEGIN|[170]|descField|Schema.DescribeFieldResult|true|false
13:52:30.0 (113952518)|VARIABLE_ASSIGNMENT|[170]|descField|"common.api.soap.wsdl.Field@ed147d22"|0x32df352a
13:52:30.0 (113962863)|HEAP_ALLOCATE|[172]|Bytes:6
13:52:30.0 (113979101)|STATEMENT_EXECUTE|[172]
13:52:30.0 (113989149)|HEAP_ALLOCATE|[169]|Bytes:5
13:52:30.0 (113999022)|VARIABLE_SCOPE_BEGIN|[169]|key|String|false|false
13:52:30.0 (114006560)|VARIABLE_ASSIGNMENT|[169]|key|"jigsawcompanyid"
13:52:30.0 (114011259)|STATEMENT_EXECUTE|[169]
13:52:30.0 (114012968)|STATEMENT_EXECUTE|[170]
13:52:30.0 (114128246)|HEAP_ALLOCATE|[170]|Bytes:8
13:52:30.0 (114137726)|VARIABLE_SCOPE_BEGIN|[170]|descField|Schema.DescribeFieldResult|true|false
13:52:30.0 (114190963)|VARIABLE_ASSIGNMENT|[170]|descField|"common.api.soap.wsdl.Field@e0e9bf27"|0x5cdc2d09
13:52:30.0 (114201454)|HEAP_ALLOCATE|[172]|Bytes:15
13:52:30.0 (114217516)|STATEMENT_EXECUTE|[172]
13:52:30.0 (114227450)|HEAP_ALLOCATE|[169]|Bytes:5
13:52:30.0 (114237346)|VARIABLE_SCOPE_BEGIN|[169]|key|String|false|false
13:52:30.0 (114244442)|VARIABLE_ASSIGNMENT|[169]|key|"accountsource"
13:52:30.0 (114247952)|STATEMENT_EXECUTE|[169]
13:52:30.0 (114249596)|STATEMENT_EXECUTE|[170]
13:52:30.0 (114375739)|HEAP_ALLOCATE|[170]|Bytes:8
13:52:30.0 (114385078)|VARIABLE_SCOPE_BEGIN|[170]|descField|Schema.DescribeFieldResult|true|false
13:52:30.0 (114441993)|VARIABLE_ASSIGNMENT|[170]|descField|"common.api.soap.wsdl.Field@9ab4f200"|0x18588739
13:52:30.0 (114452862)|HEAP_ALLOCATE|[172]|Bytes:13
13:52:30.0 (114469125)|STATEMENT_EXECUTE|[172]
13:52:30.0 (114479090)|HEAP_ALLOCATE|[169]|Bytes:5
13:52:30.0 (114488777)|VARIABLE_SCOPE_BEGIN|[169]|key|String|false|false
13:52:30.0 (114495862)|VARIABLE_ASSIGNMENT|[169]|key|"dunsnumber"
13:52:30.0 (114499569)|STATEMENT_EXECUTE|[169]
13:52:30.0 (114501223)|STATEMENT_EXECUTE|[170]
13:52:30.0 (114627386)|HEAP_ALLOCATE|[170]|Bytes:8
13:52:30.0 (114636678)|VARIABLE_SCOPE_BEGIN|[170]|descField|Schema.DescribeFieldResult|true|false
13:52:30.0 (114691267)|VARIABLE_ASSIGNMENT|[170]|descField|"common.api.soap.wsdl.Field@fc21288c"|0x3e20b678
13:52:30.0 (114701939)|HEAP_ALLOCATE|[172]|Bytes:10
13:52:30.0 (114718213)|STATEMENT_EXECUTE|[172]
13:52:30.0 (114728110)|HEAP_ALLOCATE|[169]|Bytes:5
13:52:30.0 (114737788)|VARIABLE_SCOPE_BEGIN|[169]|key|String|false|false
13:52:30.0 (114744906)|VARIABLE_ASSIGNMENT|[169]|key|"tradestyle"
13:52:30.0 (114748548)|STATEMENT_EXECUTE|[169]
13:52:30.0 (114750149)|STATEMENT_EXECUTE|[170]
13:52:30.0 (114875255)|HEAP_ALLOCATE|[170]|Bytes:8
13:52:30.0 (114884568)|VARIABLE_SCOPE_BEGIN|[170]|descField|Schema.DescribeFieldResult|true|false
13:52:30.0 (114937297)|VARIABLE_ASSIGNMENT|[170]|descField|"common.api.soap.wsdl.Field@cb49ee5f"|0x756c7dc7
13:52:30.0 (114947816)|HEAP_ALLOCATE|[172]|Bytes:10
13:52:30.0 (114964268)|STATEMENT_EXECUTE|[172]
13:52:30.0 (114974193)|HEAP_ALLOCATE|[169]|Bytes:5
13:52:30.0 (114983909)|VARIABLE_SCOPE_BEGIN|[169]|key|String|false|false
13:52:30.0 (114991099)|VARIABLE_ASSIGNMENT|[169]|key|"naicscode"
13:52:30.0 (114994630)|STATEMENT_EXECUTE|[169]
13:52:30.0 (114996274)|STATEMENT_EXECUTE|[170]
13:52:30.0 (115121149)|HEAP_ALLOCATE|[170]|Bytes:8
13:52:30.0 (115131295)|VARIABLE_SCOPE_BEGIN|[170]|descField|Schema.DescribeFieldResult|true|false
13:52:30.0 (115183752)|VARIABLE_ASSIGNMENT|[170]|descField|"common.api.soap.wsdl.Field@89dafc02"|0x5af3eeeb
13:52:30.0 (115193955)|HEAP_ALLOCATE|[172]|Bytes:9
13:52:30.0 (115209994)|STATEMENT_EXECUTE|[172]
13:52:30.0 (115219779)|HEAP_ALLOCATE|[169]|Bytes:5
13:52:30.0 (115229876)|VARIABLE_SCOPE_BEGIN|[169]|key|String|false|false
13:52:30.0 (115236919)|VARIABLE_ASSIGNMENT|[169]|key|"naicsdesc"
13:52:30.0 (115240504)|STATEMENT_EXECUTE|[169]
13:52:30.0 (115242152)|STATEMENT_EXECUTE|[170]
13:52:30.0 (115366740)|HEAP_ALLOCATE|[170]|Bytes:8
13:52:30.0 (115376005)|VARIABLE_SCOPE_BEGIN|[170]|descField|Schema.DescribeFieldResult|true|false
13:52:30.0 (115428391)|VARIABLE_ASSIGNMENT|[170]|descField|"common.api.soap.wsdl.Field@e902fbff"|0x70cff1a2
13:52:30.0 (115444252)|HEAP_ALLOCATE|[172]|Bytes:9
13:52:30.0 (115460639)|STATEMENT_EXECUTE|[172]
13:52:30.0 (115470590)|HEAP_ALLOCATE|[169]|Bytes:5
13:52:30.0 (115480311)|VARIABLE_SCOPE_BEGIN|[169]|key|String|false|false
13:52:30.0 (115487623)|VARIABLE_ASSIGNMENT|[169]|key|"yearstarted"
13:52:30.0 (115491236)|STATEMENT_EXECUTE|[169]
13:52:30.0 (115492903)|STATEMENT_EXECUTE|[170]
13:52:30.0 (115617827)|HEAP_ALLOCATE|[170]|Bytes:8
13:52:30.0 (115627183)|VARIABLE_SCOPE_BEGIN|[170]|descField|Schema.DescribeFieldResult|true|false
13:52:30.0 (115680848)|VARIABLE_ASSIGNMENT|[170]|descField|"common.api.soap.wsdl.Field@b1fd7f66"|0x1dc75b30
13:52:30.0 (115691149)|HEAP_ALLOCATE|[172]|Bytes:11
13:52:30.0 (115707359)|STATEMENT_EXECUTE|[172]
13:52:30.0 (115717148)|HEAP_ALLOCATE|[169]|Bytes:5
13:52:30.0 (115726799)|VARIABLE_SCOPE_BEGIN|[169]|key|String|false|false
13:52:30.0 (115733818)|VARIABLE_ASSIGNMENT|[169]|key|"sicdesc"
13:52:30.0 (115737447)|STATEMENT_EXECUTE|[169]
13:52:30.0 (115739112)|STATEMENT_EXECUTE|[170]
13:52:30.0 (115863910)|HEAP_ALLOCATE|[170]|Bytes:8
13:52:30.0 (115873315)|VARIABLE_SCOPE_BEGIN|[170]|descField|Schema.DescribeFieldResult|true|false
13:52:30.0 (115925565)|VARIABLE_ASSIGNMENT|[170]|descField|"common.api.soap.wsdl.Field@f1c4260c"|0x3e7a8533
13:52:30.0 (115935926)|HEAP_ALLOCATE|[172]|Bytes:7
13:52:30.0 (115951970)|STATEMENT_EXECUTE|[172]
13:52:30.0 (115961803)|HEAP_ALLOCATE|[169]|Bytes:5
13:52:30.0 (115971577)|VARIABLE_SCOPE_BEGIN|[169]|key|String|false|false
13:52:30.0 (115978704)|VARIABLE_ASSIGNMENT|[169]|key|"dandbcompanyid"
13:52:30.0 (115982689)|STATEMENT_EXECUTE|[169]
13:52:30.0 (115984372)|STATEMENT_EXECUTE|[170]
13:52:30.0 (116171637)|HEAP_ALLOCATE|[170]|Bytes:8
13:52:30.0 (116181922)|VARIABLE_SCOPE_BEGIN|[170]|descField|Schema.DescribeFieldResult|true|false
13:52:30.0 (116235654)|VARIABLE_ASSIGNMENT|[170]|descField|"common.api.soap.wsdl.Field@67fc78ad"|0x2cc479a8
13:52:30.0 (116246150)|HEAP_ALLOCATE|[172]|Bytes:14
13:52:30.0 (116262645)|STATEMENT_EXECUTE|[172]
13:52:30.0 (116272613)|HEAP_ALLOCATE|[169]|Bytes:5
13:52:30.0 (116282484)|VARIABLE_SCOPE_BEGIN|[169]|key|String|false|false
13:52:30.0 (116290761)|VARIABLE_ASSIGNMENT|[169]|key|"permanent_partner_ma (8 more) ..."
13:52:30.0 (116294509)|STATEMENT_EXECUTE|[169]
13:52:30.0 (116296173)|STATEMENT_EXECUTE|[170]
13:52:30.0 (116443957)|HEAP_ALLOCATE|[170]|Bytes:8
13:52:30.0 (116453718)|VARIABLE_SCOPE_BEGIN|[170]|descField|Schema.DescribeFieldResult|true|false
13:52:30.0 (116507727)|VARIABLE_ASSIGNMENT|[170]|descField|"common.api.soap.wsdl.Field@beb0bf0e"|0xbd9313
13:52:30.0 (116518913)|HEAP_ALLOCATE|[172]|Bytes:28
13:52:30.0 (116535383)|STATEMENT_EXECUTE|[172]
13:52:30.0 (116545416)|HEAP_ALLOCATE|[169]|Bytes:5
13:52:30.0 (116555254)|VARIABLE_SCOPE_BEGIN|[169]|key|String|false|false
13:52:30.0 (116562506)|VARIABLE_ASSIGNMENT|[169]|key|"partner_manager__c"
13:52:30.0 (116565988)|STATEMENT_EXECUTE|[169]
13:52:30.0 (116567661)|STATEMENT_EXECUTE|[170]
13:52:30.0 (116740865)|HEAP_ALLOCATE|[170]|Bytes:8
13:52:30.0 (116750379)|VARIABLE_SCOPE_BEGIN|[170]|descField|Schema.DescribeFieldResult|true|false
13:52:30.0 (116804916)|VARIABLE_ASSIGNMENT|[170]|descField|"common.api.soap.wsdl.Field@10cb30bc"|0x4fffaa72
13:52:30.0 (116815352)|HEAP_ALLOCATE|[172]|Bytes:18
13:52:30.0 (116831735)|STATEMENT_EXECUTE|[172]
13:52:30.0 (116841831)|HEAP_ALLOCATE|[169]|Bytes:5
13:52:30.0 (116851747)|VARIABLE_SCOPE_BEGIN|[169]|key|String|false|false
13:52:30.0 (116859294)|VARIABLE_ASSIGNMENT|[169]|key|"id__c"
13:52:30.0 (116862840)|STATEMENT_EXECUTE|[169]
13:52:30.0 (116864517)|STATEMENT_EXECUTE|[170]
13:52:30.0 (116979686)|HEAP_ALLOCATE|[170]|Bytes:8
13:52:30.0 (116989011)|VARIABLE_SCOPE_BEGIN|[170]|descField|Schema.DescribeFieldResult|true|false
13:52:30.0 (117041699)|VARIABLE_ASSIGNMENT|[170]|descField|"common.api.soap.wsdl.Field@b99fcf8b"|0xd8986af
13:52:30.0 (117052980)|HEAP_ALLOCATE|[172]|Bytes:5
13:52:30.0 (117069173)|STATEMENT_EXECUTE|[172]
13:52:30.0 (117079272)|HEAP_ALLOCATE|[169]|Bytes:5
13:52:30.0 (117089045)|VARIABLE_SCOPE_BEGIN|[169]|key|String|false|false
13:52:30.0 (117096401)|VARIABLE_ASSIGNMENT|[169]|key|"external_id__c"
13:52:30.0 (117099942)|STATEMENT_EXECUTE|[169]
13:52:30.0 (117101569)|STATEMENT_EXECUTE|[170]
13:52:30.0 (117218444)|HEAP_ALLOCATE|[170]|Bytes:8
13:52:30.0 (117227841)|VARIABLE_SCOPE_BEGIN|[170]|descField|Schema.DescribeFieldResult|true|false
13:52:30.0 (117281012)|VARIABLE_ASSIGNMENT|[170]|descField|"common.api.soap.wsdl.Field@1384507c"|0x290d8174
13:52:30.0 (117291360)|HEAP_ALLOCATE|[172]|Bytes:14
13:52:30.0 (117307558)|STATEMENT_EXECUTE|[172]
13:52:30.0 (117317935)|HEAP_ALLOCATE|[169]|Bytes:5
13:52:30.0 (117327641)|VARIABLE_SCOPE_BEGIN|[169]|key|String|false|false
13:52:30.0 (117341036)|VARIABLE_ASSIGNMENT|[169]|key|"open_opportunities__ (1 more) ..."
13:52:30.0 (117344919)|STATEMENT_EXECUTE|[169]
13:52:30.0 (117346581)|STATEMENT_EXECUTE|[170]
13:52:30.0 (117455728)|HEAP_ALLOCATE|[170]|Bytes:8
13:52:30.0 (117464999)|VARIABLE_SCOPE_BEGIN|[170]|descField|Schema.DescribeFieldResult|true|false
13:52:30.0 (117517765)|VARIABLE_ASSIGNMENT|[170]|descField|"common.api.soap.wsdl.Field@822bac76"|0x65565e10
13:52:30.0 (117528366)|HEAP_ALLOCATE|[172]|Bytes:21
13:52:30.0 (117544534)|STATEMENT_EXECUTE|[172]
13:52:30.0 (117554571)|HEAP_ALLOCATE|[169]|Bytes:5
13:52:30.0 (117564343)|VARIABLE_SCOPE_BEGIN|[169]|key|String|false|false
13:52:30.0 (117572245)|VARIABLE_ASSIGNMENT|[169]|key|"open_opportunities_v (7 more) ..."
13:52:30.0 (117575954)|STATEMENT_EXECUTE|[169]
13:52:30.0 (117577636)|STATEMENT_EXECUTE|[170]
13:52:30.0 (117679613)|HEAP_ALLOCATE|[170]|Bytes:8
13:52:30.0 (117689267)|VARIABLE_SCOPE_BEGIN|[170]|descField|Schema.DescribeFieldResult|true|false
13:52:30.0 (117742658)|VARIABLE_ASSIGNMENT|[170]|descField|"common.api.soap.wsdl.Field@8f4e4cf9"|0x4686bbfc
13:52:30.0 (117753018)|HEAP_ALLOCATE|[172]|Bytes:27
13:52:30.0 (117769248)|STATEMENT_EXECUTE|[172]
13:52:30.0 (117779146)|HEAP_ALLOCATE|[169]|Bytes:5
13:52:30.0 (117788910)|VARIABLE_SCOPE_BEGIN|[169]|key|String|false|false
13:52:30.0 (117796422)|VARIABLE_ASSIGNMENT|[169]|key|"rating_indicator__c"
13:52:30.0 (117799882)|STATEMENT_EXECUTE|[169]
13:52:30.0 (117801560)|STATEMENT_EXECUTE|[170]
13:52:30.0 (118336385)|HEAP_ALLOCATE|[170]|Bytes:8
13:52:30.0 (118347686)|VARIABLE_SCOPE_BEGIN|[170]|descField|Schema.DescribeFieldResult|true|false
13:52:30.0 (118402587)|VARIABLE_ASSIGNMENT|[170]|descField|"common.api.soap.wsdl.Field@445a9e19"|0x7bb5d539
13:52:30.0 (118413327)|HEAP_ALLOCATE|[172]|Bytes:19
13:52:30.0 (118430158)|STATEMENT_EXECUTE|[172]
13:52:30.0 (118446043)|HEAP_ALLOCATE|[169]|Bytes:5
13:52:30.0 (118456562)|VARIABLE_SCOPE_BEGIN|[169]|key|String|false|false
13:52:30.0 (118464699)|VARIABLE_ASSIGNMENT|[169]|key|"external_id__pc"
13:52:30.0 (118468478)|STATEMENT_EXECUTE|[169]
13:52:30.0 (118470128)|STATEMENT_EXECUTE|[170]
13:52:30.0 (118967165)|HEAP_ALLOCATE|[170]|Bytes:8
13:52:30.0 (118977297)|VARIABLE_SCOPE_BEGIN|[170]|descField|Schema.DescribeFieldResult|true|false
13:52:30.0 (119032203)|VARIABLE_ASSIGNMENT|[170]|descField|"common.api.soap.wsdl.Field@d1d58a94"|0x275c02c8
13:52:30.0 (119043722)|HEAP_ALLOCATE|[172]|Bytes:15
13:52:30.0 (119060503)|STATEMENT_EXECUTE|[172]
13:52:30.0 (119070720)|HEAP_ALLOCATE|[169]|Bytes:5
13:52:30.0 (119080874)|VARIABLE_SCOPE_BEGIN|[169]|key|String|false|false
13:52:30.0 (119089759)|VARIABLE_ASSIGNMENT|[169]|key|"activeliveagentuser_ (3 more) ..."
13:52:30.0 (119093523)|STATEMENT_EXECUTE|[169]
13:52:30.0 (119095184)|STATEMENT_EXECUTE|[170]
13:52:30.0 (119216857)|HEAP_ALLOCATE|[170]|Bytes:8
13:52:30.0 (119226455)|VARIABLE_SCOPE_BEGIN|[170]|descField|Schema.DescribeFieldResult|true|false
13:52:30.0 (119279978)|VARIABLE_ASSIGNMENT|[170]|descField|"common.api.soap.wsdl.Field@a143b21f"|0x641a54b0
13:52:30.0 (119290531)|HEAP_ALLOCATE|[172]|Bytes:23
13:52:30.0 (119307003)|STATEMENT_EXECUTE|[172]
13:52:30.0 (119317129)|HEAP_ALLOCATE|[169]|Bytes:5
13:52:30.0 (119328546)|VARIABLE_ASSIGNMENT|[169]|key|null
13:52:30.0 (119360339)|STATEMENT_EXECUTE|[181]
13:52:30.0 (119363505)|STATEMENT_EXECUTE|[190]
13:52:30.0 (119373458)|METHOD_EXIT|[178]|01p360000053CeU|CellCrud.squery(String)
13:52:30.0 (119388535)|VARIABLE_ASSIGNMENT|[178]|recordList|{"s":1,"v":"List of size 63 too large to display"}|0x43c593b6
13:52:30.0 (119392505)|STATEMENT_EXECUTE|[181]
13:52:30.0 (119401136)|METHOD_ENTRY|[181]||System.JSON.serialize(Object)
13:52:30.0 (124099068)|METHOD_EXIT|[181]||System.JSON.serialize(Object)
13:52:30.0 (124114159)|SYSTEM_MODE_EXIT|false
13:52:30.124 (124163064)|CUMULATIVE_LIMIT_USAGE
13:52:30.124 (124163064)|LIMIT_USAGE_FOR_NS|(default)|
  Number of SOQL queries: 1 out of 100
  Number of query rows: 63 out of 50000
  Number of SOSL queries: 0 out of 20
  Number of DML statements: 0 out of 150
  Number of DML rows: 0 out of 10000
  Maximum CPU time: 0 out of 10000
  Maximum heap size: 0 out of 6000000
  Number of callouts: 0 out of 100
  Number of Email Invocations: 0 out of 10
  Number of future calls: 0 out of 50
  Number of queueable jobs added to the queue: 0 out of 50
  Number of Mobile Apex push calls: 0 out of 10

13:52:30.124 (124163064)|CUMULATIVE_LIMIT_USAGE_END

13:52:30.0 (124217989)|CODE_UNIT_FINISHED|CellController.forceLoadData
