36.0 APEX_CODE,FINEST;APEX_PROFILING,INFO;CALLOUT,INFO;DB,INFO;SYSTEM,DEBUG;VALIDATION,INFO;VISUALFORCE,INFO;WORKFLOW,INFO
12:44:01.0 (352819)|EXECUTION_STARTED
12:44:01.0 (386821)|CODE_UNIT_STARTED|[EXTERNAL]|01p360000052k4g|AccountGeoExtension.getLocalAccounts
12:44:01.0 (546335)|HEAP_ALLOCATE|[72]|Bytes:3
12:44:01.0 (574469)|HEAP_ALLOCATE|[77]|Bytes:152
12:44:01.0 (585309)|HEAP_ALLOCATE|[342]|Bytes:408
12:44:01.0 (602689)|HEAP_ALLOCATE|[355]|Bytes:408
12:44:01.0 (617117)|HEAP_ALLOCATE|[467]|Bytes:48
12:44:01.0 (641055)|HEAP_ALLOCATE|[139]|Bytes:6
12:44:01.0 (659272)|HEAP_ALLOCATE|[EXTERNAL]|Bytes:1
12:44:01.0 (663518)|HEAP_ALLOCATE|[EXTERNAL]|Bytes:4
12:44:01.0 (672753)|METHOD_ENTRY|[1]|01p360000052k4g|AccountGeoExtension.AccountGeoExtension()
12:44:01.0 (683791)|STATEMENT_EXECUTE|[1]
12:44:01.0 (691972)|STATEMENT_EXECUTE|[1]
12:44:01.0 (696669)|METHOD_EXIT|[1]|AccountGeoExtension
12:44:01.0 (712710)|HEAP_ALLOCATE|[EXTERNAL]|Bytes:28
12:44:01.0 (716003)|HEAP_ALLOCATE|[EXTERNAL]|Bytes:28
12:44:01.0 (717971)|HEAP_ALLOCATE|[EXTERNAL]|Bytes:28
12:44:01.0 (727425)|SYSTEM_MODE_ENTER|false
12:44:01.0 (742158)|VARIABLE_SCOPE_BEGIN|[5]|latitude|Double|false|false
12:44:01.0 (770995)|VARIABLE_ASSIGNMENT|[5]|latitude|33.849145
12:44:01.0 (776834)|VARIABLE_SCOPE_BEGIN|[5]|longitude|Double|false|false
12:44:01.0 (782055)|VARIABLE_ASSIGNMENT|[5]|longitude|-84.3620913
12:44:01.0 (785432)|VARIABLE_SCOPE_BEGIN|[5]|maxDistance|Double|false|false
12:44:01.0 (790313)|VARIABLE_ASSIGNMENT|[5]|maxDistance|40
12:44:01.0 (801100)|STATEMENT_EXECUTE|[5]
12:44:01.0 (73794999)|HEAP_DUMP|[6]|07n36000000PCDC|AccountGeoExtension|none|6
12:44:01.0 (73808857)|STATEMENT_EXECUTE|[6]
12:44:01.0 (73823984)|HEAP_ALLOCATE|[6]|Bytes:24
12:44:01.0 (73940033)|HEAP_ALLOCATE|[6]|Bytes:9
12:44:01.0 (73955511)|HEAP_ALLOCATE|[6]|Bytes:12
12:44:01.0 (73974702)|HEAP_ALLOCATE|[6]|Bytes:11
12:44:01.0 (73982827)|HEAP_ALLOCATE|[6]|Bytes:11
12:44:01.0 (73992777)|HEAP_ALLOCATE|[6]|Bytes:2
12:44:01.0 (74010507)|HEAP_ALLOCATE|[6]|Bytes:69
12:44:01.0 (74071236)|HEAP_ALLOCATE|[50]|Bytes:5
12:44:01.0 (74100982)|HEAP_ALLOCATE|[56]|Bytes:5
12:44:01.0 (74109699)|HEAP_ALLOCATE|[64]|Bytes:7
12:44:01.0 (74155614)|USER_DEBUG|[6]|DEBUG|searching for latitude: 33.849145 longitude: -84.3620913 distance: 40
12:44:01.0 (74171830)|STATEMENT_EXECUTE|[7]
12:44:01.0 (74176029)|HEAP_ALLOCATE|[7]|Bytes:227
12:44:01.0 (74188366)|HEAP_ALLOCATE|[7]|Bytes:4
12:44:01.0 (74199533)|HEAP_ALLOCATE|[7]|Bytes:7
12:44:01.0 (74258815)|HEAP_ALLOCATE|[7]|Bytes:28
12:44:01.0 (74267737)|HEAP_ALLOCATE|[7]|Bytes:7
12:44:01.0 (74279492)|HEAP_ALLOCATE|[7]|Bytes:28
12:44:01.0 (74284785)|HEAP_ALLOCATE|[7]|Bytes:7
12:44:01.0 (74294214)|HEAP_ALLOCATE|[7]|Bytes:28
12:44:01.0 (78015096)|SOQL_EXECUTE_BEGIN|[7]|Aggregations:0|SELECT Name, Id, Owner.FirstName, Owner.LastName, Permanent_Partner_Manager__c, Partner_Manager__c, BillingLatitude, BillingLongitude FROM Account WHERE DISTANCE(BillingAddress, GEOLOCATION(:tmpVar1, :tmpVar2), 'mi') < :tmpVar3
12:44:01.0 (82702813)|SOQL_EXECUTE_END|[7]|Rows:0
12:44:01.0 (82724017)|HEAP_ALLOCATE|[7]|Bytes:4
12:44:01.0 (82739627)|HEAP_ALLOCATE|[7]|Bytes:0
12:44:01.0 (82793247)|HEAP_ALLOCATE|[7]|Bytes:4
12:44:01.0 (82809719)|VARIABLE_SCOPE_BEGIN|[7]|localAccounts|List<Account>|true|false
12:44:01.0 (82841212)|VARIABLE_ASSIGNMENT|[7]|localAccounts|{"s":1,"v":[]}|0x29ec50a9
12:44:01.0 (96944256)|HEAP_DUMP|[11]|07n36000000PCDD|AccountGeoExtension|none|11
12:44:01.0 (96959127)|STATEMENT_EXECUTE|[11]
12:44:01.0 (96974481)|HEAP_ALLOCATE|[11]|Bytes:7
12:44:01.0 (97123047)|HEAP_ALLOCATE|[11]|Bytes:1
12:44:01.0 (97134830)|HEAP_ALLOCATE|[11]|Bytes:9
12:44:01.0 (97146901)|HEAP_ALLOCATE|[11]|Bytes:17
12:44:01.0 (97166869)|USER_DEBUG|[11]|DEBUG| Found 0 accounts
12:44:01.0 (97179185)|STATEMENT_EXECUTE|[12]
12:44:01.0 (97193933)|SYSTEM_MODE_EXIT|false
12:44:01.97 (97238436)|CUMULATIVE_LIMIT_USAGE
12:44:01.97 (97238436)|LIMIT_USAGE_FOR_NS|(default)|
  Number of SOQL queries: 1 out of 100
  Number of query rows: 0 out of 50000
  Number of SOSL queries: 0 out of 20
  Number of DML statements: 0 out of 150
  Number of DML rows: 0 out of 10000
  Maximum CPU time: 0 out of 10000
  Maximum heap size: 0 out of 6000000
  Number of callouts: 0 out of 100
  Number of Email Invocations: 0 out of 10
  Number of future calls: 0 out of 50
  Number of queueable jobs added to the queue: 0 out of 50
  Number of Mobile Apex push calls: 0 out of 10

12:44:01.97 (97238436)|CUMULATIVE_LIMIT_USAGE_END

12:44:01.0 (97282486)|CODE_UNIT_FINISHED|AccountGeoExtension.getLocalAccounts
12:44:01.0 (99150253)|EXECUTION_FINISHED
