36.0 APEX_CODE,FINEST;APEX_PROFILING,INFO;CALLOUT,INFO;DB,INFO;SYSTEM,DEBUG;VALIDATION,INFO;VISUALFORCE,INFO;WORKFLOW,INFO
13:11:53.0 (663663)|EXECUTION_STARTED
13:11:53.0 (712870)|CODE_UNIT_STARTED|[EXTERNAL]|01p360000053AMn|BatchLatLongGenerator
13:11:53.0 (2897610)|HEAP_ALLOCATE|[72]|Bytes:3
13:11:53.0 (2958689)|HEAP_ALLOCATE|[77]|Bytes:152
13:11:53.0 (2977906)|HEAP_ALLOCATE|[342]|Bytes:408
13:11:53.0 (2991863)|HEAP_ALLOCATE|[355]|Bytes:408
13:11:53.0 (3004971)|HEAP_ALLOCATE|[467]|Bytes:48
13:11:53.0 (3039150)|HEAP_ALLOCATE|[139]|Bytes:6
13:11:53.0 (4115232)|HEAP_ALLOCATE|[EXTERNAL]|Bytes:143
13:11:53.0 (13601951)|HEAP_ALLOCATE|[EXTERNAL]|Bytes:11
13:11:53.0 (13619600)|SYSTEM_METHOD_ENTRY|[15]|BatchableContextImpl.BatchableContextImpl()
13:11:53.0 (13630221)|STATEMENT_EXECUTE|[15]
13:11:53.0 (13644842)|SYSTEM_METHOD_EXIT|[15]|BatchableContextImpl
13:11:53.0 (13652167)|HEAP_ALLOCATE|[EXTERNAL]|Bytes:12
13:11:53.0 (13656471)|HEAP_ALLOCATE|[EXTERNAL]|Bytes:4
13:11:53.0 (13662559)|VARIABLE_SCOPE_BEGIN|[31]|this|Database.BatchableContextImpl|true|false
13:11:53.0 (13738872)|VARIABLE_ASSIGNMENT|[31]|this|{}|0x7ef948d3
13:11:53.0 (13745246)|VARIABLE_SCOPE_BEGIN|[31]|jobId|Id|false|false
13:11:53.0 (13845065)|VARIABLE_ASSIGNMENT|[31]|jobId|"70736000006EcqaAAC"
13:11:53.0 (13850645)|VARIABLE_SCOPE_BEGIN|[31]|childJobId|Id|false|false
13:11:53.0 (13856233)|VARIABLE_ASSIGNMENT|[31]|childJobId|null
13:11:53.0 (14878934)|HEAP_ALLOCATE|[EXTERNAL]|Bytes:77
13:11:53.0 (14886605)|HEAP_ALLOCATE|[EXTERNAL]|Bytes:10
13:11:53.0 (14889505)|HEAP_ALLOCATE|[EXTERNAL]|Bytes:2
13:11:53.0 (14897123)|METHOD_ENTRY|[1]|01p360000053AMn|BatchLatLongGenerator.BatchLatLongGenerator()
13:11:53.0 (14905160)|STATEMENT_EXECUTE|[1]
13:11:53.0 (14912740)|STATEMENT_EXECUTE|[1]
13:11:53.0 (14917158)|METHOD_EXIT|[1]|BatchLatLongGenerator
13:11:53.0 (14921884)|HEAP_ALLOCATE|[EXTERNAL]|Bytes:8
13:11:53.0 (14924420)|HEAP_ALLOCATE|[EXTERNAL]|Bytes:12
13:11:53.0 (14933740)|VARIABLE_SCOPE_BEGIN|[11]|this|BatchLatLongGenerator|true|false
13:11:53.0 (14961219)|VARIABLE_ASSIGNMENT|[11]|this|{"query":"Select Id, Name, Bil (115 more) ..."}|0x13c68298
13:11:53.0 (14967320)|VARIABLE_SCOPE_BEGIN|[11]|BC|Database.BatchableContext|true|false
13:11:53.0 (15027220)|VARIABLE_ASSIGNMENT|[11]|BC|{"jobId":"70736000006EcqaAAC"}|0x7ef948d3
13:11:53.0 (15044246)|STATEMENT_EXECUTE|[11]
13:11:53.0 (15046648)|STATEMENT_EXECUTE|[12]
13:11:53.0 (15072689)|HEAP_ALLOCATE|[50]|Bytes:5
13:11:53.0 (15091824)|HEAP_ALLOCATE|[56]|Bytes:5
13:11:53.0 (15100767)|HEAP_ALLOCATE|[64]|Bytes:7
13:11:53.0 (17495026)|SOQL_EXECUTE_BEGIN|[12]|Aggregations:0|Select Id, Name, BillingLatitude,BillingLongitude,BillingStreet,BillingCity,BillingState, BillingCountry,BillingPostalCode from Account
13:11:53.0 (63831025)|SOQL_EXECUTE_END|[12]|Rows:63
13:11:53.0 (63904508)|HEAP_ALLOCATE|[12]|Bytes:20
13:11:53.91 (91620592)|CUMULATIVE_LIMIT_USAGE
13:11:53.91 (91620592)|LIMIT_USAGE_FOR_NS|(default)|
  Number of SOQL queries: 0 out of 200
  Number of query rows: 0 out of 50000
  Number of SOSL queries: 0 out of 20
  Number of DML statements: 0 out of 150
  Number of DML rows: 0 out of 10000
  Maximum CPU time: 0 out of 60000
  Maximum heap size: 0 out of 12000000
  Number of callouts: 0 out of 0
  Number of Email Invocations: 0 out of 10
  Number of future calls: 0 out of 0
  Number of queueable jobs added to the queue: 0 out of 1
  Number of Mobile Apex push calls: 0 out of 10

13:11:53.91 (91620592)|CUMULATIVE_LIMIT_USAGE_END

13:11:53.0 (91670466)|CODE_UNIT_FINISHED|BatchLatLongGenerator
13:11:53.0 (93119775)|EXECUTION_FINISHED
