36.0 APEX_CODE,FINEST;APEX_PROFILING,INFO;CALLOUT,INFO;DB,INFO;SYSTEM,DEBUG;VALIDATION,INFO;VISUALFORCE,INFO;WORKFLOW,INFO
13:11:56.0 (55574)|EXECUTION_STARTED
13:11:56.0 (101802)|CODE_UNIT_STARTED|[EXTERNAL]|01p360000053AMn|BatchLatLongGenerator
13:11:56.0 (728659)|HEAP_ALLOCATE|[EXTERNAL]|Bytes:77
13:11:56.0 (751346)|HEAP_ALLOCATE|[EXTERNAL]|Bytes:10
13:11:56.0 (755059)|HEAP_ALLOCATE|[EXTERNAL]|Bytes:2
13:11:56.0 (773001)|METHOD_ENTRY|[1]|01p360000053AMn|BatchLatLongGenerator.BatchLatLongGenerator()
13:11:56.0 (784053)|STATEMENT_EXECUTE|[1]
13:11:56.0 (794643)|STATEMENT_EXECUTE|[1]
13:11:56.0 (803711)|METHOD_EXIT|[1]|BatchLatLongGenerator
13:11:56.0 (810990)|HEAP_ALLOCATE|[EXTERNAL]|Bytes:8
13:11:56.0 (830868)|HEAP_ALLOCATE|[EXTERNAL]|Bytes:11
13:11:56.0 (840123)|SYSTEM_METHOD_ENTRY|[15]|BatchableContextImpl.BatchableContextImpl()
13:11:56.0 (844351)|STATEMENT_EXECUTE|[15]
13:11:56.0 (852904)|SYSTEM_METHOD_EXIT|[15]|BatchableContextImpl
13:11:56.0 (856230)|HEAP_ALLOCATE|[EXTERNAL]|Bytes:12
13:11:56.0 (883831)|HEAP_ALLOCATE|[EXTERNAL]|Bytes:44
13:11:56.0 (893402)|VARIABLE_SCOPE_BEGIN|[15]|this|BatchLatLongGenerator|true|false
13:11:56.0 (963262)|VARIABLE_ASSIGNMENT|[15]|this|{"query":"Select Id, Name, Bil (115 more) ..."}|0x1f72ff4a
13:11:56.0 (968130)|VARIABLE_SCOPE_BEGIN|[15]|BC|Database.BatchableContext|true|false
13:11:56.0 (1099031)|VARIABLE_ASSIGNMENT|[15]|BC|{"childJobId":"70736000006EcquAAC","jobId":"70736000006EcqaAAC"}|0x5c436aeb
13:11:56.0 (1105996)|VARIABLE_SCOPE_BEGIN|[15]|scope|List<SObject>|true|false
13:11:56.0 (1123520)|VARIABLE_ASSIGNMENT|[15]|scope|{"s":1,"v":"List of size 10 too large to display"}|0x28a8da54
13:11:56.0 (1135367)|STATEMENT_EXECUTE|[15]
13:11:56.0 (1230813)|HEAP_ALLOCATE|[50]|Bytes:5
13:11:56.0 (1262218)|HEAP_ALLOCATE|[56]|Bytes:5
13:11:56.0 (1272630)|HEAP_ALLOCATE|[64]|Bytes:7
13:11:56.0 (1304459)|HEAP_ALLOCATE|[17]|Bytes:5
13:11:56.0 (1352765)|HEAP_ALLOCATE|[17]|Bytes:32
13:11:56.0 (1367202)|VARIABLE_SCOPE_BEGIN|[17]|acc|Account|true|false
13:11:56.0 (1394611)|VARIABLE_ASSIGNMENT|[17]|acc|{"s":1,"v":{"Id":"00136000008NvuQAAS","Name":"Southern Sound Co.","BillingStreet":"309 8th Ave","BillingCity":"Santa Cruz","BillingState":"CA","BillingCountry":"USA","BillingPostalCode":"95062"}}|0x692d7177
13:11:56.0 (1402857)|STATEMENT_EXECUTE|[17]
13:11:56.0 (1405661)|STATEMENT_EXECUTE|[19]
13:11:56.0 (1412296)|VARIABLE_SCOPE_BEGIN|[19]|address|String|false|false
13:11:56.0 (1418218)|VARIABLE_ASSIGNMENT|[19]|address|""
13:11:56.0 (1431617)|STATEMENT_EXECUTE|[21]
13:11:56.0 (1434343)|STATEMENT_EXECUTE|[22]
13:11:56.0 (1439059)|HEAP_ALLOCATE|[22]|Bytes:1
13:11:56.0 (1456541)|HEAP_ALLOCATE|[22]|Bytes:12
13:11:56.0 (1462088)|HEAP_ALLOCATE|[22]|Bytes:12
13:11:56.0 (1468940)|VARIABLE_ASSIGNMENT|[22]|address|"309 8th Ave,"
13:11:56.0 (1478449)|STATEMENT_EXECUTE|[24]
13:11:56.0 (1480929)|STATEMENT_EXECUTE|[25]
13:11:56.0 (1487898)|HEAP_ALLOCATE|[25]|Bytes:11
13:11:56.0 (1492571)|HEAP_ALLOCATE|[25]|Bytes:23
13:11:56.0 (1499733)|VARIABLE_ASSIGNMENT|[25]|address|"309 8th Ave,Santa Cr (3 more) ..."
13:11:56.0 (1508054)|STATEMENT_EXECUTE|[27]
13:11:56.0 (1510422)|STATEMENT_EXECUTE|[28]
13:11:56.0 (1516824)|HEAP_ALLOCATE|[28]|Bytes:3
13:11:56.0 (1521413)|HEAP_ALLOCATE|[28]|Bytes:26
13:11:56.0 (1528061)|VARIABLE_ASSIGNMENT|[28]|address|"309 8th Ave,Santa Cr (6 more) ..."
13:11:56.0 (1536059)|STATEMENT_EXECUTE|[30]
13:11:56.0 (1538506)|STATEMENT_EXECUTE|[31]
13:11:56.0 (1544809)|HEAP_ALLOCATE|[31]|Bytes:4
13:11:56.0 (1549780)|HEAP_ALLOCATE|[31]|Bytes:30
13:11:56.0 (1556563)|VARIABLE_ASSIGNMENT|[31]|address|"309 8th Ave,Santa Cr (10 more) ..."
13:11:56.0 (1564917)|STATEMENT_EXECUTE|[33]
13:11:56.0 (1567316)|STATEMENT_EXECUTE|[34]
13:11:56.0 (1573655)|HEAP_ALLOCATE|[34]|Bytes:6
13:11:56.0 (1578288)|HEAP_ALLOCATE|[34]|Bytes:36
13:11:56.0 (1584925)|VARIABLE_ASSIGNMENT|[34]|address|"309 8th Ave,Santa Cr (16 more) ..."
13:11:56.0 (1613449)|STATEMENT_EXECUTE|[37]
13:11:56.0 (1616548)|STATEMENT_EXECUTE|[38]
13:11:56.0 (1652723)|VARIABLE_SCOPE_BEGIN|[38]|req|System.HttpRequest|true|false
13:11:56.0 (1701101)|VARIABLE_ASSIGNMENT|[38]|req|"System.HttpRequest[Endpoint=null, Method=null]"|0x139b2909
13:11:56.0 (1708350)|STATEMENT_EXECUTE|[40]
13:11:56.0 (1713100)|HEAP_ALLOCATE|[40]|Bytes:5
13:11:56.0 (1729045)|HEAP_ALLOCATE|[40]|Bytes:15
13:11:56.0 (1741110)|SYSTEM_METHOD_ENTRY|[1]|EncodingUtil.EncodingUtil()
13:11:56.0 (1745382)|STATEMENT_EXECUTE|[1]
13:11:56.0 (1753562)|SYSTEM_METHOD_EXIT|[1]|EncodingUtil
13:11:56.0 (1785326)|METHOD_ENTRY|[40]||System.EncodingUtil.urlEncode(String, String)
13:11:56.0 (1854818)|METHOD_EXIT|[40]||System.EncodingUtil.urlEncode(String, String)
13:11:56.0 (1869845)|VARIABLE_ASSIGNMENT|[40]|address|"309+8th+Ave%2CSanta+ (26 more) ..."
13:11:56.0 (1878649)|STATEMENT_EXECUTE|[41]
13:11:56.0 (1885587)|HEAP_ALLOCATE|[41]|Bytes:57
13:11:56.0 (1891468)|HEAP_ALLOCATE|[41]|Bytes:12
13:11:56.0 (1904100)|HEAP_ALLOCATE|[41]|Bytes:115
13:11:56.0 (1971090)|STATEMENT_EXECUTE|[42]
13:11:56.0 (1978028)|HEAP_ALLOCATE|[42]|Bytes:3
13:11:56.0 (2011293)|STATEMENT_EXECUTE|[43]
13:11:56.0 (2043278)|VARIABLE_SCOPE_BEGIN|[43]|http|System.Http|true|false
13:11:56.0 (2100256)|VARIABLE_ASSIGNMENT|[43]|http|"System.Http[]"|0x758f1fc2
13:11:56.0 (2108511)|STATEMENT_EXECUTE|[44]
13:11:56.0 (2116150)|VARIABLE_SCOPE_BEGIN|[44]|res|System.HttpResponse|true|false
13:11:56.0 (2124232)|VARIABLE_ASSIGNMENT|[44]|res|null|
13:11:56.0 (2138876)|HEAP_ALLOCATE|[45]|Bytes:57
13:11:56.0 (2150943)|SYSTEM_METHOD_ENTRY|[1]|Test.Test()
13:11:56.0 (2155237)|STATEMENT_EXECUTE|[1]
13:11:56.0 (2163306)|SYSTEM_METHOD_EXIT|[1]|Test
13:11:56.0 (2172767)|METHOD_ENTRY|[45]||System.Test.isRunningTest()
13:11:56.0 (2194446)|METHOD_EXIT|[45]||System.Test.isRunningTest()
13:11:56.0 (2202301)|STATEMENT_EXECUTE|[45]
13:11:56.0 (2204911)|STATEMENT_EXECUTE|[46]
13:11:56.0 (2272331)|CALLOUT_REQUEST|[46]|System.HttpRequest[Endpoint=https://maps.googleapis.com/maps/api/geocode/xml?address=309+8th+Ave%2CSanta+Cruz%2CCA%2CUSA%2C95062%2C&sensor=true, Method=GET]
13:11:56.0 (23693814)|HEAP_ALLOCATE|[EXTERNAL]|Bytes:743
13:11:56.0 (23788013)|CALLOUT_RESPONSE|[46]|System.HttpResponse[Status=OK, StatusCode=200]
13:11:56.0 (23808273)|HEAP_ALLOCATE|[46]|Bytes:314
13:11:56.0 (23901466)|VARIABLE_ASSIGNMENT|[46]|res|"System.HttpResponse[Status=OK, StatusCode=200]"|0x77ab7ecd
13:11:56.0 (23916068)|STATEMENT_EXECUTE|[57]
13:11:56.0 (24071856)|VARIABLE_SCOPE_BEGIN|[57]|doc|dom.Document|true|false
13:11:56.0 (24115544)|VARIABLE_ASSIGNMENT|[57]|doc|"Document[]"|0x3d32d250
13:11:56.0 (24124297)|STATEMENT_EXECUTE|[59]
13:11:56.0 (24155271)|VARIABLE_SCOPE_BEGIN|[59]|geocodeResponse|dom.XmlNode|true|false
13:11:56.0 (24219459)|VARIABLE_ASSIGNMENT|[59]|geocodeResponse|"XMLNode[ELEMENT,GeocodeResponse,null,null,null,[XMLNode[TEXT,null,null,null,null,null,\n ,], XMLNode[ELEMENT,status,null,null,null,[XMLNode[TEXT,null,null,null,null,null,OVER_QUERY_LIMIT,]],null,], XMLNode[TEXT,null,null,null,null,null,\n ,], XMLNode[ELEMENT,error_message,null,null,null,[XMLNode[TEXT,null,null,null,null,null,You have exceeded your daily request quota for this API. We recommend registering for a key at the Google Developers Console: https://console.developers.google.com/,]],null,], XMLNode[TEXT,null,null,null,null,null,\n,]],null,]"|0x7e8e5e8d
13:11:56.0 (24232621)|STATEMENT_EXECUTE|[60]
13:11:56.0 (24235309)|STATEMENT_EXECUTE|[62]
13:11:56.0 (24240595)|HEAP_ALLOCATE|[62]|Bytes:6
13:11:56.0 (24281295)|VARIABLE_SCOPE_BEGIN|[62]|result|dom.XmlNode|true|false
13:11:56.0 (24290311)|VARIABLE_ASSIGNMENT|[62]|result|null|
13:11:56.0 (24295904)|STATEMENT_EXECUTE|[63]
13:11:56.0 (24323479)|HEAP_ALLOCATE|[17]|Bytes:5
13:11:56.0 (24368300)|HEAP_ALLOCATE|[17]|Bytes:32
13:11:56.0 (24381339)|VARIABLE_SCOPE_BEGIN|[17]|acc|Account|true|false
13:11:56.0 (24414162)|VARIABLE_ASSIGNMENT|[17]|acc|{"s":1,"v":{"Id":"00136000008NvuRAAS","Name":"Steve Sutherland","BillingStreet":"851 Jenifer St","BillingCity":"Madison","BillingState":"WI","BillingCountry":"USA","BillingPostalCode":"53703"}}|0x73f22f91
13:11:56.0 (24421784)|STATEMENT_EXECUTE|[17]
13:11:56.0 (24424402)|STATEMENT_EXECUTE|[19]
13:11:56.0 (24429211)|VARIABLE_SCOPE_BEGIN|[19]|address|String|false|false
13:11:56.0 (24435208)|VARIABLE_ASSIGNMENT|[19]|address|""
13:11:56.0 (24448830)|STATEMENT_EXECUTE|[21]
13:11:56.0 (24451526)|STATEMENT_EXECUTE|[22]
13:11:56.0 (24465090)|HEAP_ALLOCATE|[22]|Bytes:15
13:11:56.0 (24470601)|HEAP_ALLOCATE|[22]|Bytes:15
13:11:56.0 (24477234)|VARIABLE_ASSIGNMENT|[22]|address|"851 Jenifer St,"
13:11:56.0 (24485725)|STATEMENT_EXECUTE|[24]
13:11:56.0 (24488148)|STATEMENT_EXECUTE|[25]
13:11:56.0 (24494362)|HEAP_ALLOCATE|[25]|Bytes:8
13:11:56.0 (24498842)|HEAP_ALLOCATE|[25]|Bytes:23
13:11:56.0 (24506842)|VARIABLE_ASSIGNMENT|[25]|address|"851 Jenifer St,Madis (3 more) ..."
13:11:56.0 (24514611)|STATEMENT_EXECUTE|[27]
13:11:56.0 (24517082)|STATEMENT_EXECUTE|[28]
13:11:56.0 (24522887)|HEAP_ALLOCATE|[28]|Bytes:3
13:11:56.0 (24527166)|HEAP_ALLOCATE|[28]|Bytes:26
13:11:56.0 (24533633)|VARIABLE_ASSIGNMENT|[28]|address|"851 Jenifer St,Madis (6 more) ..."
13:11:56.0 (24541642)|STATEMENT_EXECUTE|[30]
13:11:56.0 (24544043)|STATEMENT_EXECUTE|[31]
13:11:56.0 (24549680)|HEAP_ALLOCATE|[31]|Bytes:4
13:11:56.0 (24554177)|HEAP_ALLOCATE|[31]|Bytes:30
13:11:56.0 (24560827)|VARIABLE_ASSIGNMENT|[31]|address|"851 Jenifer St,Madis (10 more) ..."
13:11:56.0 (24568494)|STATEMENT_EXECUTE|[33]
13:11:56.0 (24570830)|STATEMENT_EXECUTE|[34]
13:11:56.0 (24576575)|HEAP_ALLOCATE|[34]|Bytes:6
13:11:56.0 (24580844)|HEAP_ALLOCATE|[34]|Bytes:36
13:11:56.0 (24587190)|VARIABLE_ASSIGNMENT|[34]|address|"851 Jenifer St,Madis (16 more) ..."
13:11:56.0 (24600893)|STATEMENT_EXECUTE|[37]
13:11:56.0 (24603553)|STATEMENT_EXECUTE|[38]
13:11:56.0 (24622137)|VARIABLE_SCOPE_BEGIN|[38]|req|System.HttpRequest|true|false
13:11:56.0 (24662247)|VARIABLE_ASSIGNMENT|[38]|req|"System.HttpRequest[Endpoint=null, Method=null]"|0x5f036a34
13:11:56.0 (24669556)|STATEMENT_EXECUTE|[40]
13:11:56.0 (24686940)|METHOD_ENTRY|[40]||System.EncodingUtil.urlEncode(String, String)
13:11:56.0 (24733960)|METHOD_EXIT|[40]||System.EncodingUtil.urlEncode(String, String)
13:11:56.0 (24744270)|VARIABLE_ASSIGNMENT|[40]|address|"851+Jenifer+St%2CMad (26 more) ..."
13:11:56.0 (24749529)|STATEMENT_EXECUTE|[41]
13:11:56.0 (24757809)|HEAP_ALLOCATE|[41]|Bytes:115
13:11:56.0 (24779513)|STATEMENT_EXECUTE|[42]
13:11:56.0 (24791582)|STATEMENT_EXECUTE|[43]
13:11:56.0 (24803305)|VARIABLE_SCOPE_BEGIN|[43]|http|System.Http|true|false
13:11:56.0 (24839682)|VARIABLE_ASSIGNMENT|[43]|http|"System.Http[]"|0x78fed1fc
13:11:56.0 (24846293)|STATEMENT_EXECUTE|[44]
13:11:56.0 (24850282)|VARIABLE_SCOPE_BEGIN|[44]|res|System.HttpResponse|true|false
13:11:56.0 (24856267)|VARIABLE_ASSIGNMENT|[44]|res|null|
13:11:56.0 (24866118)|METHOD_ENTRY|[45]||System.Test.isRunningTest()
13:11:56.0 (24877768)|METHOD_EXIT|[45]||System.Test.isRunningTest()
13:11:56.0 (24884668)|STATEMENT_EXECUTE|[45]
13:11:56.0 (24887179)|STATEMENT_EXECUTE|[46]
13:11:56.0 (27185356)|CALLOUT_REQUEST|[46]|System.HttpRequest[Endpoint=https://maps.googleapis.com/maps/api/geocode/xml?address=851+Jenifer+St%2CMadison%2CWI%2CUSA%2C53703%2C&sensor=true, Method=GET]
13:11:56.0 (43979017)|HEAP_ALLOCATE|[EXTERNAL]|Bytes:743
13:11:56.0 (44051333)|CALLOUT_RESPONSE|[46]|System.HttpResponse[Status=OK, StatusCode=200]
13:11:56.0 (44072581)|HEAP_ALLOCATE|[46]|Bytes:314
13:11:56.0 (44134108)|VARIABLE_ASSIGNMENT|[46]|res|"System.HttpResponse[Status=OK, StatusCode=200]"|0x5b69b6b2
13:11:56.0 (44147222)|STATEMENT_EXECUTE|[57]
13:11:56.0 (44259029)|VARIABLE_SCOPE_BEGIN|[57]|doc|dom.Document|true|false
13:11:56.0 (44294794)|VARIABLE_ASSIGNMENT|[57]|doc|"Document[]"|0x79b136ad
13:11:56.0 (44303152)|STATEMENT_EXECUTE|[59]
13:11:56.0 (44326538)|VARIABLE_SCOPE_BEGIN|[59]|geocodeResponse|dom.XmlNode|true|false
13:11:56.0 (44383522)|VARIABLE_ASSIGNMENT|[59]|geocodeResponse|"XMLNode[ELEMENT,GeocodeResponse,null,null,null,[XMLNode[TEXT,null,null,null,null,null,\n ,], XMLNode[ELEMENT,status,null,null,null,[XMLNode[TEXT,null,null,null,null,null,OVER_QUERY_LIMIT,]],null,], XMLNode[TEXT,null,null,null,null,null,\n ,], XMLNode[ELEMENT,error_message,null,null,null,[XMLNode[TEXT,null,null,null,null,null,You have exceeded your daily request quota for this API. We recommend registering for a key at the Google Developers Console: https://console.developers.google.com/,]],null,], XMLNode[TEXT,null,null,null,null,null,\n,]],null,]"|0x34a3be1e
13:11:56.0 (44395021)|STATEMENT_EXECUTE|[60]
13:11:56.0 (44397748)|STATEMENT_EXECUTE|[62]
13:11:56.0 (44418463)|VARIABLE_SCOPE_BEGIN|[62]|result|dom.XmlNode|true|false
13:11:56.0 (44426394)|VARIABLE_ASSIGNMENT|[62]|result|null|
13:11:56.0 (44431233)|STATEMENT_EXECUTE|[63]
13:11:56.0 (44453195)|HEAP_ALLOCATE|[17]|Bytes:5
13:11:56.0 (44489172)|HEAP_ALLOCATE|[17]|Bytes:32
13:11:56.0 (44500356)|VARIABLE_SCOPE_BEGIN|[17]|acc|Account|true|false
13:11:56.0 (44530717)|VARIABLE_ASSIGNMENT|[17]|acc|{"s":1,"v":{"Id":"00136000008NvuSAAS","Name":"Styles and Sound Inc (1 more) ...","BillingStreet":"50 Fremont","BillingCity":"San Francsico","BillingState":"CA","BillingCountry":"USA","BillingPostalCode":"94105-5188"}}|0x79e51dd7
13:11:56.0 (44537962)|STATEMENT_EXECUTE|[17]
13:11:56.0 (44540482)|STATEMENT_EXECUTE|[19]
13:11:56.0 (44544992)|VARIABLE_SCOPE_BEGIN|[19]|address|String|false|false
13:11:56.0 (44550501)|VARIABLE_ASSIGNMENT|[19]|address|""
13:11:56.0 (44563930)|STATEMENT_EXECUTE|[21]
13:11:56.0 (44566572)|STATEMENT_EXECUTE|[22]
13:11:56.0 (44577362)|HEAP_ALLOCATE|[22]|Bytes:11
13:11:56.0 (44582754)|HEAP_ALLOCATE|[22]|Bytes:11
13:11:56.0 (44589232)|VARIABLE_ASSIGNMENT|[22]|address|"50 Fremont,"
13:11:56.0 (44597450)|STATEMENT_EXECUTE|[24]
13:11:56.0 (44599934)|STATEMENT_EXECUTE|[25]
13:11:56.0 (44605921)|HEAP_ALLOCATE|[25]|Bytes:14
13:11:56.0 (44610215)|HEAP_ALLOCATE|[25]|Bytes:25
13:11:56.0 (44617165)|VARIABLE_ASSIGNMENT|[25]|address|"50 Fremont,San Franc (5 more) ..."
13:11:56.0 (44625078)|STATEMENT_EXECUTE|[27]
13:11:56.0 (44627483)|STATEMENT_EXECUTE|[28]
13:11:56.0 (44633105)|HEAP_ALLOCATE|[28]|Bytes:3
13:11:56.0 (44637486)|HEAP_ALLOCATE|[28]|Bytes:28
13:11:56.0 (44643977)|VARIABLE_ASSIGNMENT|[28]|address|"50 Fremont,San Franc (8 more) ..."
13:11:56.0 (44651323)|STATEMENT_EXECUTE|[30]
13:11:56.0 (44653720)|STATEMENT_EXECUTE|[31]
13:11:56.0 (44659248)|HEAP_ALLOCATE|[31]|Bytes:4
13:11:56.0 (44663640)|HEAP_ALLOCATE|[31]|Bytes:32
13:11:56.0 (44670172)|VARIABLE_ASSIGNMENT|[31]|address|"50 Fremont,San Franc (12 more) ..."
13:11:56.0 (44677308)|STATEMENT_EXECUTE|[33]
13:11:56.0 (44679802)|STATEMENT_EXECUTE|[34]
13:11:56.0 (44685450)|HEAP_ALLOCATE|[34]|Bytes:11
13:11:56.0 (44689658)|HEAP_ALLOCATE|[34]|Bytes:43
13:11:56.0 (44695985)|VARIABLE_ASSIGNMENT|[34]|address|"50 Fremont,San Franc (23 more) ..."
13:11:56.0 (44709409)|STATEMENT_EXECUTE|[37]
13:11:56.0 (44712043)|STATEMENT_EXECUTE|[38]
13:11:56.0 (44725565)|VARIABLE_SCOPE_BEGIN|[38]|req|System.HttpRequest|true|false
13:11:56.0 (44763956)|VARIABLE_ASSIGNMENT|[38]|req|"System.HttpRequest[Endpoint=null, Method=null]"|0x6fafe87f
13:11:56.0 (44771358)|STATEMENT_EXECUTE|[40]
13:11:56.0 (44784583)|METHOD_ENTRY|[40]||System.EncodingUtil.urlEncode(String, String)
13:11:56.0 (44826648)|METHOD_EXIT|[40]||System.EncodingUtil.urlEncode(String, String)
13:11:56.0 (44836840)|VARIABLE_ASSIGNMENT|[40]|address|"50+Fremont%2CSan+Fra (33 more) ..."
13:11:56.0 (44842049)|STATEMENT_EXECUTE|[41]
13:11:56.0 (44849331)|HEAP_ALLOCATE|[41]|Bytes:122
13:11:56.0 (44869444)|STATEMENT_EXECUTE|[42]
13:11:56.0 (44880838)|STATEMENT_EXECUTE|[43]
13:11:56.0 (44891780)|VARIABLE_SCOPE_BEGIN|[43]|http|System.Http|true|false
13:11:56.0 (44927124)|VARIABLE_ASSIGNMENT|[43]|http|"System.Http[]"|0x3621a1d2
13:11:56.0 (44933959)|STATEMENT_EXECUTE|[44]
13:11:56.0 (44937934)|VARIABLE_SCOPE_BEGIN|[44]|res|System.HttpResponse|true|false
13:11:56.0 (44943819)|VARIABLE_ASSIGNMENT|[44]|res|null|
13:11:56.0 (44952494)|METHOD_ENTRY|[45]||System.Test.isRunningTest()
13:11:56.0 (44963894)|METHOD_EXIT|[45]||System.Test.isRunningTest()
13:11:56.0 (44970685)|STATEMENT_EXECUTE|[45]
13:11:56.0 (44973167)|STATEMENT_EXECUTE|[46]
13:11:56.0 (47182998)|CALLOUT_REQUEST|[46]|System.HttpRequest[Endpoint=https://maps.googleapis.com/maps/api/geocode/xml?address=50+Fremont%2CSan+Francsico%2CCA%2CUSA%2C94105-5188%2C&sensor=true, Method=GET]
13:11:56.0 (62296610)|HEAP_ALLOCATE|[EXTERNAL]|Bytes:743
13:11:56.0 (62356928)|CALLOUT_RESPONSE|[46]|System.HttpResponse[Status=OK, StatusCode=200]
13:11:56.0 (62370551)|HEAP_ALLOCATE|[46]|Bytes:314
13:11:56.0 (62427645)|VARIABLE_ASSIGNMENT|[46]|res|"System.HttpResponse[Status=OK, StatusCode=200]"|0x3e069d2e
13:11:56.0 (62438863)|STATEMENT_EXECUTE|[57]
13:11:56.0 (62545523)|VARIABLE_SCOPE_BEGIN|[57]|doc|dom.Document|true|false
13:11:56.0 (62581169)|VARIABLE_ASSIGNMENT|[57]|doc|"Document[]"|0x241f1b6f
13:11:56.0 (62589588)|STATEMENT_EXECUTE|[59]
13:11:56.0 (62611881)|VARIABLE_SCOPE_BEGIN|[59]|geocodeResponse|dom.XmlNode|true|false
13:11:56.0 (62666697)|VARIABLE_ASSIGNMENT|[59]|geocodeResponse|"XMLNode[ELEMENT,GeocodeResponse,null,null,null,[XMLNode[TEXT,null,null,null,null,null,\n ,], XMLNode[ELEMENT,status,null,null,null,[XMLNode[TEXT,null,null,null,null,null,OVER_QUERY_LIMIT,]],null,], XMLNode[TEXT,null,null,null,null,null,\n ,], XMLNode[ELEMENT,error_message,null,null,null,[XMLNode[TEXT,null,null,null,null,null,You have exceeded your daily request quota for this API. We recommend registering for a key at the Google Developers Console: https://console.developers.google.com/,]],null,], XMLNode[TEXT,null,null,null,null,null,\n,]],null,]"|0x4f24aad9
13:11:56.0 (62678211)|STATEMENT_EXECUTE|[60]
13:11:56.0 (62686177)|STATEMENT_EXECUTE|[62]
13:11:56.0 (62707779)|VARIABLE_SCOPE_BEGIN|[62]|result|dom.XmlNode|true|false
13:11:56.0 (62716139)|VARIABLE_ASSIGNMENT|[62]|result|null|
13:11:56.0 (62721296)|STATEMENT_EXECUTE|[63]
13:11:56.0 (62739844)|HEAP_ALLOCATE|[17]|Bytes:5
13:11:56.0 (62767009)|HEAP_ALLOCATE|[17]|Bytes:32
13:11:56.0 (62776813)|VARIABLE_SCOPE_BEGIN|[17]|acc|Account|true|false
13:11:56.0 (62802446)|VARIABLE_ASSIGNMENT|[17]|acc|{"s":1,"v":{"Id":"00136000008NvuTAAS","Name":"Tammy Baxter","BillingStreet":"2350 Jones St.","BillingCity":"San Francisco","BillingState":"CA","BillingCountry":"USA","BillingPostalCode":"94113"}}|0x73baa9bb
13:11:56.0 (62809783)|STATEMENT_EXECUTE|[17]
13:11:56.0 (62812301)|STATEMENT_EXECUTE|[19]
13:11:56.0 (62816453)|VARIABLE_SCOPE_BEGIN|[19]|address|String|false|false
13:11:56.0 (62821976)|VARIABLE_ASSIGNMENT|[19]|address|""
13:11:56.0 (62834843)|STATEMENT_EXECUTE|[21]
13:11:56.0 (62837459)|STATEMENT_EXECUTE|[22]
13:11:56.0 (62848041)|HEAP_ALLOCATE|[22]|Bytes:15
13:11:56.0 (62853497)|HEAP_ALLOCATE|[22]|Bytes:15
13:11:56.0 (62860209)|VARIABLE_ASSIGNMENT|[22]|address|"2350 Jones St.,"
13:11:56.0 (62868818)|STATEMENT_EXECUTE|[24]
13:11:56.0 (62871267)|STATEMENT_EXECUTE|[25]
13:11:56.0 (62877366)|HEAP_ALLOCATE|[25]|Bytes:14
13:11:56.0 (62882021)|HEAP_ALLOCATE|[25]|Bytes:29
13:11:56.0 (62889507)|VARIABLE_ASSIGNMENT|[25]|address|"2350 Jones St.,San F (9 more) ..."
13:11:56.0 (62897648)|STATEMENT_EXECUTE|[27]
13:11:56.0 (62900185)|STATEMENT_EXECUTE|[28]
13:11:56.0 (62906090)|HEAP_ALLOCATE|[28]|Bytes:3
13:11:56.0 (62910387)|HEAP_ALLOCATE|[28]|Bytes:32
13:11:56.0 (62917040)|VARIABLE_ASSIGNMENT|[28]|address|"2350 Jones St.,San F (12 more) ..."
13:11:56.0 (62924327)|STATEMENT_EXECUTE|[30]
13:11:56.0 (62926665)|STATEMENT_EXECUTE|[31]
13:11:56.0 (62932350)|HEAP_ALLOCATE|[31]|Bytes:4
13:11:56.0 (62936651)|HEAP_ALLOCATE|[31]|Bytes:36
13:11:56.0 (62943256)|VARIABLE_ASSIGNMENT|[31]|address|"2350 Jones St.,San F (16 more) ..."
13:11:56.0 (62950509)|STATEMENT_EXECUTE|[33]
13:11:56.0 (62952966)|STATEMENT_EXECUTE|[34]
13:11:56.0 (62958696)|HEAP_ALLOCATE|[34]|Bytes:6
13:11:56.0 (62963006)|HEAP_ALLOCATE|[34]|Bytes:42
13:11:56.0 (62969324)|VARIABLE_ASSIGNMENT|[34]|address|"2350 Jones St.,San F (22 more) ..."
13:11:56.0 (62982540)|STATEMENT_EXECUTE|[37]
13:11:56.0 (62985322)|STATEMENT_EXECUTE|[38]
13:11:56.0 (62998801)|VARIABLE_SCOPE_BEGIN|[38]|req|System.HttpRequest|true|false
13:11:56.0 (63036813)|VARIABLE_ASSIGNMENT|[38]|req|"System.HttpRequest[Endpoint=null, Method=null]"|0x795fb50f
13:11:56.0 (63044937)|STATEMENT_EXECUTE|[40]
13:11:56.0 (63058754)|METHOD_ENTRY|[40]||System.EncodingUtil.urlEncode(String, String)
13:11:56.0 (63098529)|METHOD_EXIT|[40]||System.EncodingUtil.urlEncode(String, String)
13:11:56.0 (63108363)|VARIABLE_ASSIGNMENT|[40]|address|"2350+Jones+St.%2CSan (32 more) ..."
13:11:56.0 (63113615)|STATEMENT_EXECUTE|[41]
13:11:56.0 (63120905)|HEAP_ALLOCATE|[41]|Bytes:121
13:11:56.0 (63141260)|STATEMENT_EXECUTE|[42]
13:11:56.0 (63152784)|STATEMENT_EXECUTE|[43]
13:11:56.0 (63163265)|VARIABLE_SCOPE_BEGIN|[43]|http|System.Http|true|false
13:11:56.0 (63198758)|VARIABLE_ASSIGNMENT|[43]|http|"System.Http[]"|0x4fdf193b
13:11:56.0 (63205665)|STATEMENT_EXECUTE|[44]
13:11:56.0 (63209531)|VARIABLE_SCOPE_BEGIN|[44]|res|System.HttpResponse|true|false
13:11:56.0 (63215410)|VARIABLE_ASSIGNMENT|[44]|res|null|
13:11:56.0 (63224253)|METHOD_ENTRY|[45]||System.Test.isRunningTest()
13:11:56.0 (63235316)|METHOD_EXIT|[45]||System.Test.isRunningTest()
13:11:56.0 (63242177)|STATEMENT_EXECUTE|[45]
13:11:56.0 (63244606)|STATEMENT_EXECUTE|[46]
13:11:56.0 (65226042)|CALLOUT_REQUEST|[46]|System.HttpRequest[Endpoint=https://maps.googleapis.com/maps/api/geocode/xml?address=2350+Jones+St.%2CSan+Francisco%2CCA%2CUSA%2C94113%2C&sensor=true, Method=GET]
13:11:56.0 (87276575)|HEAP_ALLOCATE|[EXTERNAL]|Bytes:743
13:11:56.0 (87328491)|CALLOUT_RESPONSE|[46]|System.HttpResponse[Status=OK, StatusCode=200]
13:11:56.0 (87340544)|HEAP_ALLOCATE|[46]|Bytes:314
13:11:56.0 (87389473)|VARIABLE_ASSIGNMENT|[46]|res|"System.HttpResponse[Status=OK, StatusCode=200]"|0x4f6fdd9a
13:11:56.0 (87398746)|STATEMENT_EXECUTE|[57]
13:11:56.0 (87486637)|VARIABLE_SCOPE_BEGIN|[57]|doc|dom.Document|true|false
13:11:56.0 (87520350)|VARIABLE_ASSIGNMENT|[57]|doc|"Document[]"|0x64302320
13:11:56.0 (87528424)|STATEMENT_EXECUTE|[59]
13:11:56.0 (87548742)|VARIABLE_SCOPE_BEGIN|[59]|geocodeResponse|dom.XmlNode|true|false
13:11:56.0 (87601558)|VARIABLE_ASSIGNMENT|[59]|geocodeResponse|"XMLNode[ELEMENT,GeocodeResponse,null,null,null,[XMLNode[TEXT,null,null,null,null,null,\n ,], XMLNode[ELEMENT,status,null,null,null,[XMLNode[TEXT,null,null,null,null,null,OVER_QUERY_LIMIT,]],null,], XMLNode[TEXT,null,null,null,null,null,\n ,], XMLNode[ELEMENT,error_message,null,null,null,[XMLNode[TEXT,null,null,null,null,null,You have exceeded your daily request quota for this API. We recommend registering for a key at the Google Developers Console: https://console.developers.google.com/,]],null,], XMLNode[TEXT,null,null,null,null,null,\n,]],null,]"|0xf277925
13:11:56.0 (87612453)|STATEMENT_EXECUTE|[60]
13:11:56.0 (87615000)|STATEMENT_EXECUTE|[62]
13:11:56.0 (87633379)|VARIABLE_SCOPE_BEGIN|[62]|result|dom.XmlNode|true|false
13:11:56.0 (87640433)|VARIABLE_ASSIGNMENT|[62]|result|null|
13:11:56.0 (87645037)|STATEMENT_EXECUTE|[63]
13:11:56.0 (87661256)|HEAP_ALLOCATE|[17]|Bytes:5
13:11:56.0 (87688148)|HEAP_ALLOCATE|[17]|Bytes:32
13:11:56.0 (87696970)|VARIABLE_SCOPE_BEGIN|[17]|acc|Account|true|false
13:11:56.0 (87718666)|VARIABLE_ASSIGNMENT|[17]|acc|{"s":1,"v":{"Id":"00136000008NvuUAAS","Name":"Tech Labs","BillingStreet":"800 3rd Street","BillingCity":"San Francisco","BillingState":"California","BillingCountry":"United States","BillingPostalCode":"94105-5188"}}|0x6fb50c93
13:11:56.0 (87726183)|STATEMENT_EXECUTE|[17]
13:11:56.0 (87728636)|STATEMENT_EXECUTE|[19]
13:11:56.0 (87732675)|VARIABLE_SCOPE_BEGIN|[19]|address|String|false|false
13:11:56.0 (87737823)|VARIABLE_ASSIGNMENT|[19]|address|""
13:11:56.0 (87749512)|STATEMENT_EXECUTE|[21]
13:11:56.0 (87752003)|STATEMENT_EXECUTE|[22]
13:11:56.0 (87760201)|HEAP_ALLOCATE|[22]|Bytes:15
13:11:56.0 (87765499)|HEAP_ALLOCATE|[22]|Bytes:15
13:11:56.0 (87772426)|VARIABLE_ASSIGNMENT|[22]|address|"800 3rd Street,"
13:11:56.0 (87780219)|STATEMENT_EXECUTE|[24]
13:11:56.0 (87782479)|STATEMENT_EXECUTE|[25]
13:11:56.0 (87788323)|HEAP_ALLOCATE|[25]|Bytes:14
13:11:56.0 (87792629)|HEAP_ALLOCATE|[25]|Bytes:29
13:11:56.0 (87799460)|VARIABLE_ASSIGNMENT|[25]|address|"800 3rd Street,San F (9 more) ..."
13:11:56.0 (87806780)|STATEMENT_EXECUTE|[27]
13:11:56.0 (87809126)|STATEMENT_EXECUTE|[28]
13:11:56.0 (87815107)|HEAP_ALLOCATE|[28]|Bytes:11
13:11:56.0 (87819029)|HEAP_ALLOCATE|[28]|Bytes:40
13:11:56.0 (87825585)|VARIABLE_ASSIGNMENT|[28]|address|"800 3rd Street,San F (20 more) ..."
13:11:56.0 (87832665)|STATEMENT_EXECUTE|[30]
13:11:56.0 (87835037)|STATEMENT_EXECUTE|[31]
13:11:56.0 (87840616)|HEAP_ALLOCATE|[31]|Bytes:14
13:11:56.0 (87844559)|HEAP_ALLOCATE|[31]|Bytes:54
13:11:56.0 (87850975)|VARIABLE_ASSIGNMENT|[31]|address|"800 3rd Street,San F (34 more) ..."
13:11:56.0 (87857924)|STATEMENT_EXECUTE|[33]
13:11:56.0 (87860232)|STATEMENT_EXECUTE|[34]
13:11:56.0 (87865807)|HEAP_ALLOCATE|[34]|Bytes:11
13:11:56.0 (87869825)|HEAP_ALLOCATE|[34]|Bytes:65
13:11:56.0 (87876004)|VARIABLE_ASSIGNMENT|[34]|address|"800 3rd Street,San F (45 more) ..."
13:11:56.0 (87888720)|STATEMENT_EXECUTE|[37]
13:11:56.0 (87891262)|STATEMENT_EXECUTE|[38]
13:11:56.0 (87903085)|VARIABLE_SCOPE_BEGIN|[38]|req|System.HttpRequest|true|false
13:11:56.0 (87940011)|VARIABLE_ASSIGNMENT|[38]|req|"System.HttpRequest[Endpoint=null, Method=null]"|0x5e878ff2
13:11:56.0 (87947479)|STATEMENT_EXECUTE|[40]
13:11:56.0 (87958065)|METHOD_ENTRY|[40]||System.EncodingUtil.urlEncode(String, String)
13:11:56.0 (87994049)|METHOD_EXIT|[40]||System.EncodingUtil.urlEncode(String, String)
13:11:56.0 (88003914)|VARIABLE_ASSIGNMENT|[40]|address|"800+3rd+Street%2CSan (55 more) ..."
13:11:56.0 (88009791)|STATEMENT_EXECUTE|[41]
13:11:56.0 (88016524)|HEAP_ALLOCATE|[41]|Bytes:144
13:11:56.0 (88035421)|STATEMENT_EXECUTE|[42]
13:11:56.0 (88045762)|STATEMENT_EXECUTE|[43]
13:11:56.0 (88055581)|VARIABLE_SCOPE_BEGIN|[43]|http|System.Http|true|false
13:11:56.0 (88096722)|VARIABLE_ASSIGNMENT|[43]|http|"System.Http[]"|0xf11263c
13:11:56.0 (88103969)|STATEMENT_EXECUTE|[44]
13:11:56.0 (88108046)|VARIABLE_SCOPE_BEGIN|[44]|res|System.HttpResponse|true|false
13:11:56.0 (88113943)|VARIABLE_ASSIGNMENT|[44]|res|null|
13:11:56.0 (88122207)|METHOD_ENTRY|[45]||System.Test.isRunningTest()
13:11:56.0 (88133323)|METHOD_EXIT|[45]||System.Test.isRunningTest()
13:11:56.0 (88140414)|STATEMENT_EXECUTE|[45]
13:11:56.0 (88142758)|STATEMENT_EXECUTE|[46]
13:11:56.0 (90065579)|CALLOUT_REQUEST|[46]|System.HttpRequest[Endpoint=https://maps.googleapis.com/maps/api/geocode/xml?address=800+3rd+Street%2CSan+Francisco%2CCalifornia%2CUnited+States%2C94105-5188%2C&sensor=true, Method=GET]
13:11:56.0 (104073820)|HEAP_ALLOCATE|[EXTERNAL]|Bytes:743
13:11:56.0 (104132538)|CALLOUT_RESPONSE|[46]|System.HttpResponse[Status=OK, StatusCode=200]
13:11:56.0 (104144688)|HEAP_ALLOCATE|[46]|Bytes:314
13:11:56.0 (104192919)|VARIABLE_ASSIGNMENT|[46]|res|"System.HttpResponse[Status=OK, StatusCode=200]"|0x3d9d33dd
13:11:56.0 (104202112)|STATEMENT_EXECUTE|[57]
13:11:56.0 (104292060)|VARIABLE_SCOPE_BEGIN|[57]|doc|dom.Document|true|false
13:11:56.0 (104325716)|VARIABLE_ASSIGNMENT|[57]|doc|"Document[]"|0x11feefad
13:11:56.0 (104333706)|STATEMENT_EXECUTE|[59]
13:11:56.0 (104353415)|VARIABLE_SCOPE_BEGIN|[59]|geocodeResponse|dom.XmlNode|true|false
13:11:56.0 (104406546)|VARIABLE_ASSIGNMENT|[59]|geocodeResponse|"XMLNode[ELEMENT,GeocodeResponse,null,null,null,[XMLNode[TEXT,null,null,null,null,null,\n ,], XMLNode[ELEMENT,status,null,null,null,[XMLNode[TEXT,null,null,null,null,null,OVER_QUERY_LIMIT,]],null,], XMLNode[TEXT,null,null,null,null,null,\n ,], XMLNode[ELEMENT,error_message,null,null,null,[XMLNode[TEXT,null,null,null,null,null,You have exceeded your daily request quota for this API. We recommend registering for a key at the Google Developers Console: https://console.developers.google.com/,]],null,], XMLNode[TEXT,null,null,null,null,null,\n,]],null,]"|0x319c6be1
13:11:56.0 (104417073)|STATEMENT_EXECUTE|[60]
13:11:56.0 (104419410)|STATEMENT_EXECUTE|[62]
13:11:56.0 (104437656)|VARIABLE_SCOPE_BEGIN|[62]|result|dom.XmlNode|true|false
13:11:56.0 (104444707)|VARIABLE_ASSIGNMENT|[62]|result|null|
13:11:56.0 (104449272)|STATEMENT_EXECUTE|[63]
13:11:56.0 (104465396)|HEAP_ALLOCATE|[17]|Bytes:5
13:11:56.0 (104492607)|HEAP_ALLOCATE|[17]|Bytes:32
13:11:56.0 (104501972)|VARIABLE_SCOPE_BEGIN|[17]|acc|Account|true|false
13:11:56.0 (104524941)|VARIABLE_ASSIGNMENT|[17]|acc|{"s":1,"v":{"Id":"00136000008NvuVAAS","Name":"Towson Inc.","BillingStreet":"1678 50th Ave","BillingCity":"Alameda","BillingState":"CA","BillingCountry":"USA","BillingPostalCode":"94601"}}|0x3308c740
13:11:56.0 (104532379)|STATEMENT_EXECUTE|[17]
13:11:56.0 (104534815)|STATEMENT_EXECUTE|[19]
13:11:56.0 (104538877)|VARIABLE_SCOPE_BEGIN|[19]|address|String|false|false
13:11:56.0 (104544106)|VARIABLE_ASSIGNMENT|[19]|address|""
13:11:56.0 (104556026)|STATEMENT_EXECUTE|[21]
13:11:56.0 (104558458)|STATEMENT_EXECUTE|[22]
13:11:56.0 (104566836)|HEAP_ALLOCATE|[22]|Bytes:14
13:11:56.0 (104571912)|HEAP_ALLOCATE|[22]|Bytes:14
13:11:56.0 (104578983)|VARIABLE_ASSIGNMENT|[22]|address|"1678 50th Ave,"
13:11:56.0 (104586508)|STATEMENT_EXECUTE|[24]
13:11:56.0 (104588795)|STATEMENT_EXECUTE|[25]
13:11:56.0 (104594676)|HEAP_ALLOCATE|[25]|Bytes:8
13:11:56.0 (104598920)|HEAP_ALLOCATE|[25]|Bytes:22
13:11:56.0 (104605878)|VARIABLE_ASSIGNMENT|[25]|address|"1678 50th Ave,Alamed (2 more) ..."
13:11:56.0 (104613148)|STATEMENT_EXECUTE|[27]
13:11:56.0 (104615463)|STATEMENT_EXECUTE|[28]
13:11:56.0 (104621187)|HEAP_ALLOCATE|[28]|Bytes:3
13:11:56.0 (104625159)|HEAP_ALLOCATE|[28]|Bytes:25
13:11:56.0 (104631619)|VARIABLE_ASSIGNMENT|[28]|address|"1678 50th Ave,Alamed (5 more) ..."
13:11:56.0 (104638557)|STATEMENT_EXECUTE|[30]
13:11:56.0 (104640833)|STATEMENT_EXECUTE|[31]
13:11:56.0 (104646469)|HEAP_ALLOCATE|[31]|Bytes:4
13:11:56.0 (104650543)|HEAP_ALLOCATE|[31]|Bytes:29
13:11:56.0 (104656950)|VARIABLE_ASSIGNMENT|[31]|address|"1678 50th Ave,Alamed (9 more) ..."
13:11:56.0 (104664084)|STATEMENT_EXECUTE|[33]
13:11:56.0 (104666453)|STATEMENT_EXECUTE|[34]
13:11:56.0 (104672342)|HEAP_ALLOCATE|[34]|Bytes:6
13:11:56.0 (104676345)|HEAP_ALLOCATE|[34]|Bytes:35
13:11:56.0 (104682778)|VARIABLE_ASSIGNMENT|[34]|address|"1678 50th Ave,Alamed (15 more) ..."
13:11:56.0 (104695765)|STATEMENT_EXECUTE|[37]
13:11:56.0 (104698300)|STATEMENT_EXECUTE|[38]
13:11:56.0 (104710397)|VARIABLE_SCOPE_BEGIN|[38]|req|System.HttpRequest|true|false
13:11:56.0 (104747169)|VARIABLE_ASSIGNMENT|[38]|req|"System.HttpRequest[Endpoint=null, Method=null]"|0x67df1927
13:11:56.0 (104754236)|STATEMENT_EXECUTE|[40]
13:11:56.0 (104765315)|METHOD_ENTRY|[40]||System.EncodingUtil.urlEncode(String, String)
13:11:56.0 (104800195)|METHOD_EXIT|[40]||System.EncodingUtil.urlEncode(String, String)
13:11:56.0 (104809891)|VARIABLE_ASSIGNMENT|[40]|address|"1678+50th+Ave%2CAlam (25 more) ..."
13:11:56.0 (104815111)|STATEMENT_EXECUTE|[41]
13:11:56.0 (104822030)|HEAP_ALLOCATE|[41]|Bytes:114
13:11:56.0 (104841341)|STATEMENT_EXECUTE|[42]
13:11:56.0 (104852221)|STATEMENT_EXECUTE|[43]
13:11:56.0 (104862285)|VARIABLE_SCOPE_BEGIN|[43]|http|System.Http|true|false
13:11:56.0 (104896961)|VARIABLE_ASSIGNMENT|[43]|http|"System.Http[]"|0x53abb153
13:11:56.0 (104903746)|STATEMENT_EXECUTE|[44]
13:11:56.0 (104907707)|VARIABLE_SCOPE_BEGIN|[44]|res|System.HttpResponse|true|false
13:11:56.0 (104913612)|VARIABLE_ASSIGNMENT|[44]|res|null|
13:11:56.0 (104921887)|METHOD_ENTRY|[45]||System.Test.isRunningTest()
13:11:56.0 (104932846)|METHOD_EXIT|[45]||System.Test.isRunningTest()
13:11:56.0 (104939534)|STATEMENT_EXECUTE|[45]
13:11:56.0 (104942117)|STATEMENT_EXECUTE|[46]
13:11:56.0 (107360141)|CALLOUT_REQUEST|[46]|System.HttpRequest[Endpoint=https://maps.googleapis.com/maps/api/geocode/xml?address=1678+50th+Ave%2CAlameda%2CCA%2CUSA%2C94601%2C&sensor=true, Method=GET]
13:11:56.0 (123331478)|HEAP_ALLOCATE|[EXTERNAL]|Bytes:743
13:11:56.0 (123395052)|CALLOUT_RESPONSE|[46]|System.HttpResponse[Status=OK, StatusCode=200]
13:11:56.0 (123410843)|HEAP_ALLOCATE|[46]|Bytes:314
13:11:56.0 (123478458)|VARIABLE_ASSIGNMENT|[46]|res|"System.HttpResponse[Status=OK, StatusCode=200]"|0x20be3783
13:11:56.0 (123491165)|STATEMENT_EXECUTE|[57]
13:11:56.0 (123604386)|VARIABLE_SCOPE_BEGIN|[57]|doc|dom.Document|true|false
13:11:56.0 (123640451)|VARIABLE_ASSIGNMENT|[57]|doc|"Document[]"|0x27cd1c27
13:11:56.0 (123648731)|STATEMENT_EXECUTE|[59]
13:11:56.0 (123671099)|VARIABLE_SCOPE_BEGIN|[59]|geocodeResponse|dom.XmlNode|true|false
13:11:56.0 (123728215)|VARIABLE_ASSIGNMENT|[59]|geocodeResponse|"XMLNode[ELEMENT,GeocodeResponse,null,null,null,[XMLNode[TEXT,null,null,null,null,null,\n ,], XMLNode[ELEMENT,status,null,null,null,[XMLNode[TEXT,null,null,null,null,null,OVER_QUERY_LIMIT,]],null,], XMLNode[TEXT,null,null,null,null,null,\n ,], XMLNode[ELEMENT,error_message,null,null,null,[XMLNode[TEXT,null,null,null,null,null,You have exceeded your daily request quota for this API. We recommend registering for a key at the Google Developers Console: https://console.developers.google.com/,]],null,], XMLNode[TEXT,null,null,null,null,null,\n,]],null,]"|0x74bb686d
13:11:56.0 (123739669)|STATEMENT_EXECUTE|[60]
13:11:56.0 (123742250)|STATEMENT_EXECUTE|[62]
13:11:56.0 (123763443)|VARIABLE_SCOPE_BEGIN|[62]|result|dom.XmlNode|true|false
13:11:56.0 (123771633)|VARIABLE_ASSIGNMENT|[62]|result|null|
13:11:56.0 (123776431)|STATEMENT_EXECUTE|[63]
13:11:56.0 (123797073)|HEAP_ALLOCATE|[17]|Bytes:5
13:11:56.0 (123834406)|HEAP_ALLOCATE|[17]|Bytes:32
13:11:56.0 (123845806)|VARIABLE_SCOPE_BEGIN|[17]|acc|Account|true|false
13:11:56.0 (123873248)|VARIABLE_ASSIGNMENT|[17]|acc|{"s":1,"v":{"Id":"00136000008NvuWAAS","Name":"Troy Bullock","BillingStreet":"2708 Chilton Pl","BillingCity":"Charlotte","BillingState":"NC","BillingCountry":"USA","BillingPostalCode":"28207"}}|0x3b1ec3ce
13:11:56.0 (123880579)|STATEMENT_EXECUTE|[17]
13:11:56.0 (123883046)|STATEMENT_EXECUTE|[19]
13:11:56.0 (123887414)|VARIABLE_SCOPE_BEGIN|[19]|address|String|false|false
13:11:56.0 (123892543)|VARIABLE_ASSIGNMENT|[19]|address|""
13:11:56.0 (123905578)|STATEMENT_EXECUTE|[21]
13:11:56.0 (123908257)|STATEMENT_EXECUTE|[22]
13:11:56.0 (123916659)|HEAP_ALLOCATE|[22]|Bytes:16
13:11:56.0 (123922061)|HEAP_ALLOCATE|[22]|Bytes:16
13:11:56.0 (123928393)|VARIABLE_ASSIGNMENT|[22]|address|"2708 Chilton Pl,"
13:11:56.0 (123936834)|STATEMENT_EXECUTE|[24]
13:11:56.0 (123939250)|STATEMENT_EXECUTE|[25]
13:11:56.0 (123945157)|HEAP_ALLOCATE|[25]|Bytes:10
13:11:56.0 (123949496)|HEAP_ALLOCATE|[25]|Bytes:26
13:11:56.0 (123956936)|VARIABLE_ASSIGNMENT|[25]|address|"2708 Chilton Pl,Char (6 more) ..."
13:11:56.0 (123964272)|STATEMENT_EXECUTE|[27]
13:11:56.0 (123966702)|STATEMENT_EXECUTE|[28]
13:11:56.0 (123972424)|HEAP_ALLOCATE|[28]|Bytes:3
13:11:56.0 (123976577)|HEAP_ALLOCATE|[28]|Bytes:29
13:11:56.0 (123983142)|VARIABLE_ASSIGNMENT|[28]|address|"2708 Chilton Pl,Char (9 more) ..."
13:11:56.0 (123990538)|STATEMENT_EXECUTE|[30]
13:11:56.0 (123992910)|STATEMENT_EXECUTE|[31]
13:11:56.0 (123998577)|HEAP_ALLOCATE|[31]|Bytes:4
13:11:56.0 (124002877)|HEAP_ALLOCATE|[31]|Bytes:33
13:11:56.0 (124010424)|VARIABLE_ASSIGNMENT|[31]|address|"2708 Chilton Pl,Char (13 more) ..."
13:11:56.0 (124017955)|STATEMENT_EXECUTE|[33]
13:11:56.0 (124020331)|STATEMENT_EXECUTE|[34]
13:11:56.0 (124026302)|HEAP_ALLOCATE|[34]|Bytes:6
13:11:56.0 (124030451)|HEAP_ALLOCATE|[34]|Bytes:39
13:11:56.0 (124036671)|VARIABLE_ASSIGNMENT|[34]|address|"2708 Chilton Pl,Char (19 more) ..."
13:11:56.0 (124050002)|STATEMENT_EXECUTE|[37]
13:11:56.0 (124052757)|STATEMENT_EXECUTE|[38]
13:11:56.0 (124068602)|VARIABLE_SCOPE_BEGIN|[38]|req|System.HttpRequest|true|false
13:11:56.0 (124116025)|VARIABLE_ASSIGNMENT|[38]|req|"System.HttpRequest[Endpoint=null, Method=null]"|0x6acdf901
13:11:56.0 (124123479)|STATEMENT_EXECUTE|[40]
13:11:56.0 (124138320)|METHOD_ENTRY|[40]||System.EncodingUtil.urlEncode(String, String)
13:11:56.0 (124182246)|METHOD_EXIT|[40]||System.EncodingUtil.urlEncode(String, String)
13:11:56.0 (124192535)|VARIABLE_ASSIGNMENT|[40]|address|"2708+Chilton+Pl%2CCh (29 more) ..."
13:11:56.0 (124197951)|STATEMENT_EXECUTE|[41]
13:11:56.0 (124206067)|HEAP_ALLOCATE|[41]|Bytes:118
13:11:56.0 (124227326)|STATEMENT_EXECUTE|[42]
13:11:56.0 (124239159)|STATEMENT_EXECUTE|[43]
13:11:56.0 (124250163)|VARIABLE_SCOPE_BEGIN|[43]|http|System.Http|true|false
13:11:56.0 (124286169)|VARIABLE_ASSIGNMENT|[43]|http|"System.Http[]"|0xa791093
13:11:56.0 (124293003)|STATEMENT_EXECUTE|[44]
13:11:56.0 (124296932)|VARIABLE_SCOPE_BEGIN|[44]|res|System.HttpResponse|true|false
13:11:56.0 (124302799)|VARIABLE_ASSIGNMENT|[44]|res|null|
13:11:56.0 (124311587)|METHOD_ENTRY|[45]||System.Test.isRunningTest()
13:11:56.0 (124322888)|METHOD_EXIT|[45]||System.Test.isRunningTest()
13:11:56.0 (124329645)|STATEMENT_EXECUTE|[45]
13:11:56.0 (124332322)|STATEMENT_EXECUTE|[46]
13:11:56.0 (126258924)|CALLOUT_REQUEST|[46]|System.HttpRequest[Endpoint=https://maps.googleapis.com/maps/api/geocode/xml?address=2708+Chilton+Pl%2CCharlotte%2CNC%2CUSA%2C28207%2C&sensor=true, Method=GET]
13:11:56.0 (140489950)|HEAP_ALLOCATE|[EXTERNAL]|Bytes:743
13:11:56.0 (140576827)|CALLOUT_RESPONSE|[46]|System.HttpResponse[Status=OK, StatusCode=200]
13:11:56.0 (140592632)|HEAP_ALLOCATE|[46]|Bytes:314
13:11:56.0 (140671477)|VARIABLE_ASSIGNMENT|[46]|res|"System.HttpResponse[Status=OK, StatusCode=200]"|0x23215c4c
13:11:56.0 (140685152)|STATEMENT_EXECUTE|[57]
13:11:56.0 (140810596)|VARIABLE_SCOPE_BEGIN|[57]|doc|dom.Document|true|false
13:11:56.0 (140847708)|VARIABLE_ASSIGNMENT|[57]|doc|"Document[]"|0x748de1a5
13:11:56.0 (140855856)|STATEMENT_EXECUTE|[59]
13:11:56.0 (140879304)|VARIABLE_SCOPE_BEGIN|[59]|geocodeResponse|dom.XmlNode|true|false
13:11:56.0 (140939651)|VARIABLE_ASSIGNMENT|[59]|geocodeResponse|"XMLNode[ELEMENT,GeocodeResponse,null,null,null,[XMLNode[TEXT,null,null,null,null,null,\n ,], XMLNode[ELEMENT,status,null,null,null,[XMLNode[TEXT,null,null,null,null,null,OVER_QUERY_LIMIT,]],null,], XMLNode[TEXT,null,null,null,null,null,\n ,], XMLNode[ELEMENT,error_message,null,null,null,[XMLNode[TEXT,null,null,null,null,null,You have exceeded your daily request quota for this API. We recommend registering for a key at the Google Developers Console: https://console.developers.google.com/,]],null,], XMLNode[TEXT,null,null,null,null,null,\n,]],null,]"|0x6f0db285
13:11:56.0 (140950865)|STATEMENT_EXECUTE|[60]
13:11:56.0 (140953426)|STATEMENT_EXECUTE|[62]
13:11:56.0 (140975446)|VARIABLE_SCOPE_BEGIN|[62]|result|dom.XmlNode|true|false
13:11:56.0 (140984067)|VARIABLE_ASSIGNMENT|[62]|result|null|
13:11:56.0 (140988813)|STATEMENT_EXECUTE|[63]
13:11:56.0 (141011232)|HEAP_ALLOCATE|[17]|Bytes:5
13:11:56.0 (141042952)|HEAP_ALLOCATE|[17]|Bytes:32
13:11:56.0 (141053507)|VARIABLE_SCOPE_BEGIN|[17]|acc|Account|true|false
13:11:56.0 (141092031)|VARIABLE_ASSIGNMENT|[17]|acc|{"s":1,"v":{"Id":"00136000008NvuXAAS","Name":"Tyconet","BillingStreet":"5815 Fairview Pl N","BillingCity":"King","BillingState":"WA","BillingCountry":"USA","BillingPostalCode":"98109"}}|0x7dcfdd6d
13:11:56.0 (141100010)|STATEMENT_EXECUTE|[17]
13:11:56.0 (141102542)|STATEMENT_EXECUTE|[19]
13:11:56.0 (141106749)|VARIABLE_SCOPE_BEGIN|[19]|address|String|false|false
13:11:56.0 (141112256)|VARIABLE_ASSIGNMENT|[19]|address|""
13:11:56.0 (141125229)|STATEMENT_EXECUTE|[21]
13:11:56.0 (141127899)|STATEMENT_EXECUTE|[22]
13:11:56.0 (141138821)|HEAP_ALLOCATE|[22]|Bytes:19
13:11:56.0 (141144248)|HEAP_ALLOCATE|[22]|Bytes:19
13:11:56.0 (141150831)|VARIABLE_ASSIGNMENT|[22]|address|"5815 Fairview Pl N,"
13:11:56.0 (141159324)|STATEMENT_EXECUTE|[24]
13:11:56.0 (141161819)|STATEMENT_EXECUTE|[25]
13:11:56.0 (141167945)|HEAP_ALLOCATE|[25]|Bytes:5
13:11:56.0 (141172315)|HEAP_ALLOCATE|[25]|Bytes:24
13:11:56.0 (141179928)|VARIABLE_ASSIGNMENT|[25]|address|"5815 Fairview Pl N,K (4 more) ..."
13:11:56.0 (141187789)|STATEMENT_EXECUTE|[27]
13:11:56.0 (141190278)|STATEMENT_EXECUTE|[28]
13:11:56.0 (141196019)|HEAP_ALLOCATE|[28]|Bytes:3
13:11:56.0 (141200203)|HEAP_ALLOCATE|[28]|Bytes:27
13:11:56.0 (141206544)|VARIABLE_ASSIGNMENT|[28]|address|"5815 Fairview Pl N,K (7 more) ..."
13:11:56.0 (141214342)|STATEMENT_EXECUTE|[30]
13:11:56.0 (141216733)|STATEMENT_EXECUTE|[31]
13:11:56.0 (141222372)|HEAP_ALLOCATE|[31]|Bytes:4
13:11:56.0 (141226847)|HEAP_ALLOCATE|[31]|Bytes:31
13:11:56.0 (141233464)|VARIABLE_ASSIGNMENT|[31]|address|"5815 Fairview Pl N,K (11 more) ..."
13:11:56.0 (141241291)|STATEMENT_EXECUTE|[33]
13:11:56.0 (141243687)|STATEMENT_EXECUTE|[34]
13:11:56.0 (141249444)|HEAP_ALLOCATE|[34]|Bytes:6
13:11:56.0 (141253877)|HEAP_ALLOCATE|[34]|Bytes:37
13:11:56.0 (141260212)|VARIABLE_ASSIGNMENT|[34]|address|"5815 Fairview Pl N,K (17 more) ..."
13:11:56.0 (141274002)|STATEMENT_EXECUTE|[37]
13:11:56.0 (141276608)|STATEMENT_EXECUTE|[38]
13:11:56.0 (141296834)|VARIABLE_SCOPE_BEGIN|[38]|req|System.HttpRequest|true|false
13:11:56.0 (141336196)|VARIABLE_ASSIGNMENT|[38]|req|"System.HttpRequest[Endpoint=null, Method=null]"|0x54252da4
13:11:56.0 (141343553)|STATEMENT_EXECUTE|[40]
13:11:56.0 (141360156)|METHOD_ENTRY|[40]||System.EncodingUtil.urlEncode(String, String)
13:11:56.0 (141403939)|METHOD_EXIT|[40]||System.EncodingUtil.urlEncode(String, String)
13:11:56.0 (141413763)|VARIABLE_ASSIGNMENT|[40]|address|"5815+Fairview+Pl+N%2 (27 more) ..."
13:11:56.0 (141418873)|STATEMENT_EXECUTE|[41]
13:11:56.0 (141426806)|HEAP_ALLOCATE|[41]|Bytes:116
13:11:56.0 (141447689)|STATEMENT_EXECUTE|[42]
13:11:56.0 (141459556)|STATEMENT_EXECUTE|[43]
13:11:56.0 (141471080)|VARIABLE_SCOPE_BEGIN|[43]|http|System.Http|true|false
13:11:56.0 (141506969)|VARIABLE_ASSIGNMENT|[43]|http|"System.Http[]"|0x4da574b4
13:11:56.0 (141513510)|STATEMENT_EXECUTE|[44]
13:11:56.0 (141517430)|VARIABLE_SCOPE_BEGIN|[44]|res|System.HttpResponse|true|false
13:11:56.0 (141523329)|VARIABLE_ASSIGNMENT|[44]|res|null|
13:11:56.0 (141533249)|METHOD_ENTRY|[45]||System.Test.isRunningTest()
13:11:56.0 (141545049)|METHOD_EXIT|[45]||System.Test.isRunningTest()
13:11:56.0 (141551783)|STATEMENT_EXECUTE|[45]
13:11:56.0 (141554176)|STATEMENT_EXECUTE|[46]
13:11:56.0 (143590259)|CALLOUT_REQUEST|[46]|System.HttpRequest[Endpoint=https://maps.googleapis.com/maps/api/geocode/xml?address=5815+Fairview+Pl+N%2CKing%2CWA%2CUSA%2C98109%2C&sensor=true, Method=GET]
13:11:56.0 (158293608)|HEAP_ALLOCATE|[EXTERNAL]|Bytes:743
13:11:56.0 (158378871)|CALLOUT_RESPONSE|[46]|System.HttpResponse[Status=OK, StatusCode=200]
13:11:56.0 (158397249)|HEAP_ALLOCATE|[46]|Bytes:314
13:11:56.0 (158479656)|VARIABLE_ASSIGNMENT|[46]|res|"System.HttpResponse[Status=OK, StatusCode=200]"|0x31e9a304
13:11:56.0 (158494009)|STATEMENT_EXECUTE|[57]
13:11:56.0 (158625774)|VARIABLE_SCOPE_BEGIN|[57]|doc|dom.Document|true|false
13:11:56.0 (158662710)|VARIABLE_ASSIGNMENT|[57]|doc|"Document[]"|0xc443067
13:11:56.0 (158670807)|STATEMENT_EXECUTE|[59]
13:11:56.0 (158694818)|VARIABLE_SCOPE_BEGIN|[59]|geocodeResponse|dom.XmlNode|true|false
13:11:56.0 (158759263)|VARIABLE_ASSIGNMENT|[59]|geocodeResponse|"XMLNode[ELEMENT,GeocodeResponse,null,null,null,[XMLNode[TEXT,null,null,null,null,null,\n ,], XMLNode[ELEMENT,status,null,null,null,[XMLNode[TEXT,null,null,null,null,null,OVER_QUERY_LIMIT,]],null,], XMLNode[TEXT,null,null,null,null,null,\n ,], XMLNode[ELEMENT,error_message,null,null,null,[XMLNode[TEXT,null,null,null,null,null,You have exceeded your daily request quota for this API. We recommend registering for a key at the Google Developers Console: https://console.developers.google.com/,]],null,], XMLNode[TEXT,null,null,null,null,null,\n,]],null,]"|0x1178ca23
13:11:56.0 (158771023)|STATEMENT_EXECUTE|[60]
13:11:56.0 (158773607)|STATEMENT_EXECUTE|[62]
13:11:56.0 (158795908)|VARIABLE_SCOPE_BEGIN|[62]|result|dom.XmlNode|true|false
13:11:56.0 (158803658)|VARIABLE_ASSIGNMENT|[62]|result|null|
13:11:56.0 (158808805)|STATEMENT_EXECUTE|[63]
13:11:56.0 (158836506)|HEAP_ALLOCATE|[17]|Bytes:5
13:11:56.0 (158880078)|HEAP_ALLOCATE|[17]|Bytes:32
13:11:56.0 (158892979)|VARIABLE_SCOPE_BEGIN|[17]|acc|Account|true|false
13:11:56.0 (158920608)|VARIABLE_ASSIGNMENT|[17]|acc|{"s":1,"v":{"Id":"00136000008NvuYAAS","Name":"UlyssesNet","BillingStreet":"6805 15th Ave NW","BillingCity":"King","BillingState":"WA","BillingCountry":"USA","BillingPostalCode":"98117"}}|0x17859db7
13:11:56.0 (158927826)|STATEMENT_EXECUTE|[17]
13:11:56.0 (158930387)|STATEMENT_EXECUTE|[19]
13:11:56.0 (158935424)|VARIABLE_SCOPE_BEGIN|[19]|address|String|false|false
13:11:56.0 (158940737)|VARIABLE_ASSIGNMENT|[19]|address|""
13:11:56.0 (158953663)|STATEMENT_EXECUTE|[21]
13:11:56.0 (158956493)|STATEMENT_EXECUTE|[22]
13:11:56.0 (158968340)|HEAP_ALLOCATE|[22]|Bytes:17
13:11:56.0 (158973838)|HEAP_ALLOCATE|[22]|Bytes:17
13:11:56.0 (158980188)|VARIABLE_ASSIGNMENT|[22]|address|"6805 15th Ave NW,"
13:11:56.0 (158988824)|STATEMENT_EXECUTE|[24]
13:11:56.0 (158991280)|STATEMENT_EXECUTE|[25]
13:11:56.0 (158997542)|HEAP_ALLOCATE|[25]|Bytes:5
13:11:56.0 (159001863)|HEAP_ALLOCATE|[25]|Bytes:22
13:11:56.0 (159010721)|VARIABLE_ASSIGNMENT|[25]|address|"6805 15th Ave NW,Kin (2 more) ..."
13:11:56.0 (159018829)|STATEMENT_EXECUTE|[27]
13:11:56.0 (159021218)|STATEMENT_EXECUTE|[28]
13:11:56.0 (159026987)|HEAP_ALLOCATE|[28]|Bytes:3
13:11:56.0 (159031108)|HEAP_ALLOCATE|[28]|Bytes:25
13:11:56.0 (159037613)|VARIABLE_ASSIGNMENT|[28]|address|"6805 15th Ave NW,Kin (5 more) ..."
13:11:56.0 (159045414)|STATEMENT_EXECUTE|[30]
13:11:56.0 (159047786)|STATEMENT_EXECUTE|[31]
13:11:56.0 (159053489)|HEAP_ALLOCATE|[31]|Bytes:4
13:11:56.0 (159057813)|HEAP_ALLOCATE|[31]|Bytes:29
13:11:56.0 (159064030)|VARIABLE_ASSIGNMENT|[31]|address|"6805 15th Ave NW,Kin (9 more) ..."
13:11:56.0 (159071400)|STATEMENT_EXECUTE|[33]
13:11:56.0 (159073817)|STATEMENT_EXECUTE|[34]
13:11:56.0 (159085156)|HEAP_ALLOCATE|[34]|Bytes:6
13:11:56.0 (159089733)|HEAP_ALLOCATE|[34]|Bytes:35
13:11:56.0 (159097031)|VARIABLE_ASSIGNMENT|[34]|address|"6805 15th Ave NW,Kin (15 more) ..."
13:11:56.0 (159111777)|STATEMENT_EXECUTE|[37]
13:11:56.0 (159114414)|STATEMENT_EXECUTE|[38]
13:11:56.0 (159133858)|VARIABLE_SCOPE_BEGIN|[38]|req|System.HttpRequest|true|false
13:11:56.0 (159176788)|VARIABLE_ASSIGNMENT|[38]|req|"System.HttpRequest[Endpoint=null, Method=null]"|0x6b88edc0
13:11:56.0 (159184015)|STATEMENT_EXECUTE|[40]
13:11:56.0 (159200735)|METHOD_ENTRY|[40]||System.EncodingUtil.urlEncode(String, String)
13:11:56.0 (159246648)|METHOD_EXIT|[40]||System.EncodingUtil.urlEncode(String, String)
13:11:56.0 (159256945)|VARIABLE_ASSIGNMENT|[40]|address|"6805+15th+Ave+NW%2CK (25 more) ..."
13:11:56.0 (159262296)|STATEMENT_EXECUTE|[41]
13:11:56.0 (159270315)|HEAP_ALLOCATE|[41]|Bytes:114
13:11:56.0 (159291499)|STATEMENT_EXECUTE|[42]
13:11:56.0 (159303194)|STATEMENT_EXECUTE|[43]
13:11:56.0 (159315045)|VARIABLE_SCOPE_BEGIN|[43]|http|System.Http|true|false
13:11:56.0 (159351428)|VARIABLE_ASSIGNMENT|[43]|http|"System.Http[]"|0x119cdce3
13:11:56.0 (159358124)|STATEMENT_EXECUTE|[44]
13:11:56.0 (159362125)|VARIABLE_SCOPE_BEGIN|[44]|res|System.HttpResponse|true|false
13:11:56.0 (159367644)|VARIABLE_ASSIGNMENT|[44]|res|null|
13:11:56.0 (159377318)|METHOD_ENTRY|[45]||System.Test.isRunningTest()
13:11:56.0 (159388621)|METHOD_EXIT|[45]||System.Test.isRunningTest()
13:11:56.0 (159395604)|STATEMENT_EXECUTE|[45]
13:11:56.0 (159398235)|STATEMENT_EXECUTE|[46]
13:11:56.0 (161918169)|CALLOUT_REQUEST|[46]|System.HttpRequest[Endpoint=https://maps.googleapis.com/maps/api/geocode/xml?address=6805+15th+Ave+NW%2CKing%2CWA%2CUSA%2C98117%2C&sensor=true, Method=GET]
13:11:56.0 (175972144)|HEAP_ALLOCATE|[EXTERNAL]|Bytes:743
13:11:56.0 (176025581)|CALLOUT_RESPONSE|[46]|System.HttpResponse[Status=OK, StatusCode=200]
13:11:56.0 (176039075)|HEAP_ALLOCATE|[46]|Bytes:314
13:11:56.0 (176099075)|VARIABLE_ASSIGNMENT|[46]|res|"System.HttpResponse[Status=OK, StatusCode=200]"|0x249088f
13:11:56.0 (176110269)|STATEMENT_EXECUTE|[57]
13:11:56.0 (176200626)|VARIABLE_SCOPE_BEGIN|[57]|doc|dom.Document|true|false
13:11:56.0 (176236019)|VARIABLE_ASSIGNMENT|[57]|doc|"Document[]"|0x26681847
13:11:56.0 (176244767)|STATEMENT_EXECUTE|[59]
13:11:56.0 (176265320)|VARIABLE_SCOPE_BEGIN|[59]|geocodeResponse|dom.XmlNode|true|false
13:11:56.0 (176321726)|VARIABLE_ASSIGNMENT|[59]|geocodeResponse|"XMLNode[ELEMENT,GeocodeResponse,null,null,null,[XMLNode[TEXT,null,null,null,null,null,\n ,], XMLNode[ELEMENT,status,null,null,null,[XMLNode[TEXT,null,null,null,null,null,OVER_QUERY_LIMIT,]],null,], XMLNode[TEXT,null,null,null,null,null,\n ,], XMLNode[ELEMENT,error_message,null,null,null,[XMLNode[TEXT,null,null,null,null,null,You have exceeded your daily request quota for this API. We recommend registering for a key at the Google Developers Console: https://console.developers.google.com/,]],null,], XMLNode[TEXT,null,null,null,null,null,\n,]],null,]"|0x2cb9b27b
13:11:56.0 (176332704)|STATEMENT_EXECUTE|[60]
13:11:56.0 (176335386)|STATEMENT_EXECUTE|[62]
13:11:56.0 (176355813)|VARIABLE_SCOPE_BEGIN|[62]|result|dom.XmlNode|true|false
13:11:56.0 (176363253)|VARIABLE_ASSIGNMENT|[62]|result|null|
13:11:56.0 (176368145)|STATEMENT_EXECUTE|[63]
13:11:56.0 (176385675)|HEAP_ALLOCATE|[17]|Bytes:5
13:11:56.0 (176413598)|HEAP_ALLOCATE|[17]|Bytes:32
13:11:56.0 (176423234)|VARIABLE_SCOPE_BEGIN|[17]|acc|Account|true|false
13:11:56.0 (176449836)|VARIABLE_ASSIGNMENT|[17]|acc|{"s":1,"v":{"Id":"00136000008NvuZAAS","Name":"United Partners (Bay (6 more) ...","BillingStreet":"333 Dolores St","BillingCity":"San Francisco","BillingState":"CA","BillingCountry":"USA","BillingPostalCode":"94110"}}|0x5fca0005
13:11:56.0 (176457264)|STATEMENT_EXECUTE|[17]
13:11:56.0 (176459796)|STATEMENT_EXECUTE|[19]
13:11:56.0 (176464036)|VARIABLE_SCOPE_BEGIN|[19]|address|String|false|false
13:11:56.0 (176469472)|VARIABLE_ASSIGNMENT|[19]|address|""
13:11:56.0 (176481772)|STATEMENT_EXECUTE|[21]
13:11:56.0 (176484512)|STATEMENT_EXECUTE|[22]
13:11:56.0 (176493094)|HEAP_ALLOCATE|[22]|Bytes:15
13:11:56.0 (176498696)|HEAP_ALLOCATE|[22]|Bytes:15
13:11:56.0 (176505101)|VARIABLE_ASSIGNMENT|[22]|address|"333 Dolores St,"
13:11:56.0 (176513226)|STATEMENT_EXECUTE|[24]
13:11:56.0 (176515937)|STATEMENT_EXECUTE|[25]
13:11:56.0 (176522135)|HEAP_ALLOCATE|[25]|Bytes:14
13:11:56.0 (176526389)|HEAP_ALLOCATE|[25]|Bytes:29
13:11:56.0 (176533225)|VARIABLE_ASSIGNMENT|[25]|address|"333 Dolores St,San F (9 more) ..."
13:11:56.0 (176540784)|STATEMENT_EXECUTE|[27]
13:11:56.0 (176543184)|STATEMENT_EXECUTE|[28]
13:11:56.0 (176548988)|HEAP_ALLOCATE|[28]|Bytes:3
13:11:56.0 (176553161)|HEAP_ALLOCATE|[28]|Bytes:32
13:11:56.0 (176559628)|VARIABLE_ASSIGNMENT|[28]|address|"333 Dolores St,San F (12 more) ..."
13:11:56.0 (176566938)|STATEMENT_EXECUTE|[30]
13:11:56.0 (176569403)|STATEMENT_EXECUTE|[31]
13:11:56.0 (176574958)|HEAP_ALLOCATE|[31]|Bytes:4
13:11:56.0 (176579275)|HEAP_ALLOCATE|[31]|Bytes:36
13:11:56.0 (176585532)|VARIABLE_ASSIGNMENT|[31]|address|"333 Dolores St,San F (16 more) ..."
13:11:56.0 (176592673)|STATEMENT_EXECUTE|[33]
13:11:56.0 (176595095)|STATEMENT_EXECUTE|[34]
13:11:56.0 (176600804)|HEAP_ALLOCATE|[34]|Bytes:6
13:11:56.0 (176604923)|HEAP_ALLOCATE|[34]|Bytes:42
13:11:56.0 (176611309)|VARIABLE_ASSIGNMENT|[34]|address|"333 Dolores St,San F (22 more) ..."
13:11:56.0 (176624509)|STATEMENT_EXECUTE|[37]
13:11:56.0 (176627212)|STATEMENT_EXECUTE|[38]
13:11:56.0 (176638878)|VARIABLE_SCOPE_BEGIN|[38]|req|System.HttpRequest|true|false
13:11:56.0 (176676715)|VARIABLE_ASSIGNMENT|[38]|req|"System.HttpRequest[Endpoint=null, Method=null]"|0x158d7603
13:11:56.0 (176683859)|STATEMENT_EXECUTE|[40]
13:11:56.0 (176696823)|METHOD_ENTRY|[40]||System.EncodingUtil.urlEncode(String, String)
13:11:56.0 (176733908)|METHOD_EXIT|[40]||System.EncodingUtil.urlEncode(String, String)
13:11:56.0 (176743759)|VARIABLE_ASSIGNMENT|[40]|address|"333+Dolores+St%2CSan (32 more) ..."
13:11:56.0 (176748766)|STATEMENT_EXECUTE|[41]
13:11:56.0 (176755499)|HEAP_ALLOCATE|[41]|Bytes:121
13:11:56.0 (176774420)|STATEMENT_EXECUTE|[42]
13:11:56.0 (176785003)|STATEMENT_EXECUTE|[43]
13:11:56.0 (176794622)|VARIABLE_SCOPE_BEGIN|[43]|http|System.Http|true|false
13:11:56.0 (176829548)|VARIABLE_ASSIGNMENT|[43]|http|"System.Http[]"|0x120ab0ac
13:11:56.0 (176836594)|STATEMENT_EXECUTE|[44]
13:11:56.0 (176840552)|VARIABLE_SCOPE_BEGIN|[44]|res|System.HttpResponse|true|false
13:11:56.0 (176846325)|VARIABLE_ASSIGNMENT|[44]|res|null|
13:11:56.0 (176855113)|METHOD_ENTRY|[45]||System.Test.isRunningTest()
13:11:56.0 (176866384)|METHOD_EXIT|[45]||System.Test.isRunningTest()
13:11:56.0 (176873402)|STATEMENT_EXECUTE|[45]
13:11:56.0 (176875836)|STATEMENT_EXECUTE|[46]
13:11:56.0 (178829352)|CALLOUT_REQUEST|[46]|System.HttpRequest[Endpoint=https://maps.googleapis.com/maps/api/geocode/xml?address=333+Dolores+St%2CSan+Francisco%2CCA%2CUSA%2C94110%2C&sensor=true, Method=GET]
13:11:56.0 (194260201)|HEAP_ALLOCATE|[EXTERNAL]|Bytes:743
13:11:56.0 (194313884)|CALLOUT_RESPONSE|[46]|System.HttpResponse[Status=OK, StatusCode=200]
13:11:56.0 (194326991)|HEAP_ALLOCATE|[46]|Bytes:314
13:11:56.0 (194377327)|VARIABLE_ASSIGNMENT|[46]|res|"System.HttpResponse[Status=OK, StatusCode=200]"|0x32dd3dd3
13:11:56.0 (194386999)|STATEMENT_EXECUTE|[57]
13:11:56.0 (194479351)|VARIABLE_SCOPE_BEGIN|[57]|doc|dom.Document|true|false
13:11:56.0 (194514197)|VARIABLE_ASSIGNMENT|[57]|doc|"Document[]"|0x52e3808e
13:11:56.0 (194522726)|STATEMENT_EXECUTE|[59]
13:11:56.0 (194544137)|VARIABLE_SCOPE_BEGIN|[59]|geocodeResponse|dom.XmlNode|true|false
13:11:56.0 (194598523)|VARIABLE_ASSIGNMENT|[59]|geocodeResponse|"XMLNode[ELEMENT,GeocodeResponse,null,null,null,[XMLNode[TEXT,null,null,null,null,null,\n ,], XMLNode[ELEMENT,status,null,null,null,[XMLNode[TEXT,null,null,null,null,null,OVER_QUERY_LIMIT,]],null,], XMLNode[TEXT,null,null,null,null,null,\n ,], XMLNode[ELEMENT,error_message,null,null,null,[XMLNode[TEXT,null,null,null,null,null,You have exceeded your daily request quota for this API. We recommend registering for a key at the Google Developers Console: https://console.developers.google.com/,]],null,], XMLNode[TEXT,null,null,null,null,null,\n,]],null,]"|0x20a7da1e
13:11:56.0 (194609697)|STATEMENT_EXECUTE|[60]
13:11:56.0 (194612456)|STATEMENT_EXECUTE|[62]
13:11:56.0 (194631870)|VARIABLE_SCOPE_BEGIN|[62]|result|dom.XmlNode|true|false
13:11:56.0 (194639537)|VARIABLE_ASSIGNMENT|[62]|result|null|
13:11:56.0 (194644368)|STATEMENT_EXECUTE|[63]
13:11:56.0 (194660806)|HEAP_ALLOCATE|[17]|Bytes:5
13:11:56.0 (194673769)|VARIABLE_ASSIGNMENT|[17]|acc|null|
13:11:56.0 (194678803)|STATEMENT_EXECUTE|[88]
13:11:56.0 (194734369)|DML_BEGIN|[88]|Op:Update|Type:Account|Rows:10
13:11:56.0 (194755699)|HEAP_ALLOCATE|[EXTERNAL]|Bytes:44
13:11:56.0 (207976498)|CODE_UNIT_STARTED|[EXTERNAL]|DuplicateDetector
13:11:56.0 (207994044)|DUPLICATE_DETECTION_BEGIN
13:11:56.0 (208041774)|DUPLICATE_DETECTION_RULE_INVOCATION|DuplicateRuleId:0Bm36000000pmhL|DuplicateRuleName:Standard Account duplicate rule|DmlType:UPDATE
13:11:56.0 (208048001)|DUPLICATE_DETECTION_END
13:11:56.0 (208093988)|CODE_UNIT_FINISHED|DuplicateDetector
13:11:56.0 (261030243)|DML_END|[88]
13:11:56.0 (261093266)|HEAP_ALLOCATE|[EXTERNAL]|Bytes:44
13:11:56.0 (261138559)|CODE_UNIT_FINISHED|BatchLatLongGenerator
13:11:56.0 (262183976)|EXECUTION_FINISHED
