36.0 APEX_CODE,FINEST;APEX_PROFILING,INFO;CALLOUT,INFO;DB,INFO;SYSTEM,DEBUG;VALIDATION,INFO;VISUALFORCE,INFO;WORKFLOW,INFO
13:21:13.0 (83139)|EXECUTION_STARTED
13:21:13.0 (129967)|CODE_UNIT_STARTED|[EXTERNAL]|01p360000053AMn|BatchLatLongGenerator
13:21:13.0 (1105052)|HEAP_ALLOCATE|[EXTERNAL]|Bytes:77
13:21:13.0 (1127926)|HEAP_ALLOCATE|[EXTERNAL]|Bytes:10
13:21:13.0 (1131824)|HEAP_ALLOCATE|[EXTERNAL]|Bytes:14
13:21:13.0 (1148093)|METHOD_ENTRY|[1]|01p360000053AMn|BatchLatLongGenerator.BatchLatLongGenerator()
13:21:13.0 (1159192)|STATEMENT_EXECUTE|[1]
13:21:13.0 (1169757)|STATEMENT_EXECUTE|[1]
13:21:13.0 (1177926)|METHOD_EXIT|[1]|BatchLatLongGenerator
13:21:13.0 (1185700)|HEAP_ALLOCATE|[EXTERNAL]|Bytes:8
13:21:13.0 (1189196)|HEAP_ALLOCATE|[EXTERNAL]|Bytes:12
13:21:13.0 (1265902)|HEAP_ALLOCATE|[EXTERNAL]|Bytes:44
13:21:13.0 (1280560)|VARIABLE_SCOPE_BEGIN|[15]|this|BatchLatLongGenerator|true|false
13:21:13.0 (1354998)|VARIABLE_ASSIGNMENT|[15]|this|{"query":"Select Id, Name, Bil (115 more) ..."}|0x16bc95a2
13:21:13.0 (1362083)|VARIABLE_SCOPE_BEGIN|[15]|BC|Database.BatchableContext|true|false
13:21:13.0 (1473029)|VARIABLE_ASSIGNMENT|[15]|BC|{"childJobId":"70736000006EeVsAAK","jobId":"70736000006EeVnAAK"}|0xf0e2b11
13:21:13.0 (1481352)|VARIABLE_SCOPE_BEGIN|[15]|scope|List<SObject>|true|false
13:21:13.0 (1498739)|VARIABLE_ASSIGNMENT|[15]|scope|{"s":1,"v":"List of size 10 too large to display"}|0x2f3f1bb9
13:21:13.0 (1515805)|STATEMENT_EXECUTE|[15]
13:21:13.0 (1883991)|HEAP_ALLOCATE|[50]|Bytes:5
13:21:13.0 (1916325)|HEAP_ALLOCATE|[56]|Bytes:5
13:21:13.0 (1926133)|HEAP_ALLOCATE|[64]|Bytes:7
13:21:13.0 (1989607)|HEAP_ALLOCATE|[17]|Bytes:5
13:21:13.0 (2043669)|HEAP_ALLOCATE|[17]|Bytes:32
13:21:13.0 (2057760)|VARIABLE_SCOPE_BEGIN|[17]|acc|Account|true|false
13:21:13.0 (2086247)|VARIABLE_ASSIGNMENT|[17]|acc|{"s":1,"v":{"Id":"00136000008vIeSAAU","Name":"Coca Cola (HQ)","BillingStreet":"1 Coca Cola Place So (7 more) ...","BillingCity":"Atlanta","BillingState":"GA","BillingCountry":"United States","BillingPostalCode":"30303"}}|0x14385abe
13:21:13.0 (2093154)|STATEMENT_EXECUTE|[17]
13:21:13.0 (2095311)|STATEMENT_EXECUTE|[18]
13:21:13.0 (2099399)|HEAP_ALLOCATE|[18]|Bytes:28
13:21:13.0 (2168046)|HEAP_ALLOCATE|[18]|Bytes:42
13:21:13.0 (2217687)|USER_DEBUG|[18]|DEBUG|Starting encode for account Coca Cola (HQ)
13:21:13.0 (2226596)|STATEMENT_EXECUTE|[19]
13:21:13.0 (2232196)|VARIABLE_SCOPE_BEGIN|[19]|address|String|false|false
13:21:13.0 (2239921)|VARIABLE_ASSIGNMENT|[19]|address|""
13:21:13.0 (2289244)|STATEMENT_EXECUTE|[21]
13:21:13.0 (2291977)|STATEMENT_EXECUTE|[22]
13:21:13.0 (2298080)|HEAP_ALLOCATE|[22]|Bytes:1
13:21:13.0 (2305837)|HEAP_ALLOCATE|[22]|Bytes:28
13:21:13.0 (2310619)|HEAP_ALLOCATE|[22]|Bytes:28
13:21:13.0 (2319210)|VARIABLE_ASSIGNMENT|[22]|address|"1 Coca Cola Place So (8 more) ..."
13:21:13.0 (2338848)|STATEMENT_EXECUTE|[24]
13:21:13.0 (2341098)|STATEMENT_EXECUTE|[25]
13:21:13.0 (2348677)|HEAP_ALLOCATE|[25]|Bytes:8
13:21:13.0 (2353371)|HEAP_ALLOCATE|[25]|Bytes:36
13:21:13.0 (2360863)|VARIABLE_ASSIGNMENT|[25]|address|"1 Coca Cola Place So (16 more) ..."
13:21:13.0 (2377624)|STATEMENT_EXECUTE|[27]
13:21:13.0 (2379768)|STATEMENT_EXECUTE|[28]
13:21:13.0 (2387016)|HEAP_ALLOCATE|[28]|Bytes:3
13:21:13.0 (2391445)|HEAP_ALLOCATE|[28]|Bytes:39
13:21:13.0 (2398402)|VARIABLE_ASSIGNMENT|[28]|address|"1 Coca Cola Place So (19 more) ..."
13:21:13.0 (2414495)|STATEMENT_EXECUTE|[30]
13:21:13.0 (2416590)|STATEMENT_EXECUTE|[31]
13:21:13.0 (2423471)|HEAP_ALLOCATE|[31]|Bytes:14
13:21:13.0 (2428521)|HEAP_ALLOCATE|[31]|Bytes:53
13:21:13.0 (2435359)|VARIABLE_ASSIGNMENT|[31]|address|"1 Coca Cola Place So (33 more) ..."
13:21:13.0 (2451364)|STATEMENT_EXECUTE|[33]
13:21:13.0 (2453462)|STATEMENT_EXECUTE|[34]
13:21:13.0 (2460322)|HEAP_ALLOCATE|[34]|Bytes:6
13:21:13.0 (2464813)|HEAP_ALLOCATE|[34]|Bytes:59
13:21:13.0 (2471371)|VARIABLE_ASSIGNMENT|[34]|address|"1 Coca Cola Place So (39 more) ..."
13:21:13.0 (2498005)|STATEMENT_EXECUTE|[37]
13:21:13.0 (2500268)|STATEMENT_EXECUTE|[38]
13:21:13.0 (2528944)|VARIABLE_SCOPE_BEGIN|[38]|req|System.HttpRequest|true|false
13:21:13.0 (2577343)|VARIABLE_ASSIGNMENT|[38]|req|"System.HttpRequest[Endpoint=null, Method=null]"|0x41f5703d
13:21:13.0 (2583654)|STATEMENT_EXECUTE|[39]
13:21:13.0 (2587591)|HEAP_ALLOCATE|[39]|Bytes:20
13:21:13.0 (2611709)|USER_DEBUG|[39]|DEBUG|Address is not blank
13:21:13.0 (2618899)|STATEMENT_EXECUTE|[41]
13:21:13.0 (2622333)|HEAP_ALLOCATE|[41]|Bytes:5
13:21:13.0 (2669094)|HEAP_ALLOCATE|[41]|Bytes:15
13:21:13.0 (2679048)|SYSTEM_METHOD_ENTRY|[1]|EncodingUtil.EncodingUtil()
13:21:13.0 (2682888)|STATEMENT_EXECUTE|[1]
13:21:13.0 (2690980)|SYSTEM_METHOD_EXIT|[1]|EncodingUtil
13:21:13.0 (2706310)|METHOD_ENTRY|[41]||System.EncodingUtil.urlEncode(String, String)
13:21:13.0 (2788537)|METHOD_EXIT|[41]||System.EncodingUtil.urlEncode(String, String)
13:21:13.0 (2799929)|VARIABLE_ASSIGNMENT|[41]|address|"1+Coca+Cola+Place+So (49 more) ..."
13:21:13.0 (2804490)|STATEMENT_EXECUTE|[42]
13:21:13.0 (2808111)|HEAP_ALLOCATE|[42]|Bytes:11
13:21:13.0 (2814939)|HEAP_ALLOCATE|[42]|Bytes:80
13:21:13.0 (2835872)|USER_DEBUG|[42]|DEBUG|address is 1+Coca+Cola+Place+Southeast%2CAtlanta%2CGA%2CUnited+States%2C30303%2C
13:21:13.0 (2843149)|STATEMENT_EXECUTE|[43]
13:21:13.0 (2846938)|HEAP_ALLOCATE|[43]|Bytes:57
13:21:13.0 (2850456)|HEAP_ALLOCATE|[43]|Bytes:12
13:21:13.0 (2860155)|HEAP_ALLOCATE|[43]|Bytes:138
13:21:13.0 (2925581)|STATEMENT_EXECUTE|[44]
13:21:13.0 (2930068)|HEAP_ALLOCATE|[44]|Bytes:3
13:21:13.0 (2960201)|STATEMENT_EXECUTE|[45]
13:21:13.0 (2977874)|VARIABLE_SCOPE_BEGIN|[45]|http|System.Http|true|false
13:21:13.0 (3024305)|VARIABLE_ASSIGNMENT|[45]|http|"System.Http[]"|0x61b8ed39
13:21:13.0 (3031433)|STATEMENT_EXECUTE|[46]
13:21:13.0 (3038129)|VARIABLE_SCOPE_BEGIN|[46]|res|System.HttpResponse|true|false
13:21:13.0 (3045769)|VARIABLE_ASSIGNMENT|[46]|res|null|
13:21:13.0 (3089343)|HEAP_ALLOCATE|[47]|Bytes:57
13:21:13.0 (3098961)|SYSTEM_METHOD_ENTRY|[1]|Test.Test()
13:21:13.0 (3102258)|STATEMENT_EXECUTE|[1]
13:21:13.0 (3109165)|SYSTEM_METHOD_EXIT|[1]|Test
13:21:13.0 (3120644)|METHOD_ENTRY|[47]||System.Test.isRunningTest()
13:21:13.0 (3151666)|METHOD_EXIT|[47]||System.Test.isRunningTest()
13:21:13.0 (3162435)|STATEMENT_EXECUTE|[47]
13:21:13.0 (3164370)|STATEMENT_EXECUTE|[48]
13:21:13.0 (3241676)|CALLOUT_REQUEST|[48]|System.HttpRequest[Endpoint=https://maps.googleapis.com/maps/api/geocode/xml?address=1+Coca+Cola+Place+Southeast%2CAtlanta%2CGA%2CUnited+States%2C30303%2C&sensor=true, Method=GET]
13:21:13.0 (158940415)|HEAP_ALLOCATE|[EXTERNAL]|Bytes:743
13:21:13.0 (159035586)|CALLOUT_RESPONSE|[48]|System.HttpResponse[Status=OK, StatusCode=200]
13:21:13.0 (159061309)|HEAP_ALLOCATE|[48]|Bytes:314
13:21:13.0 (159151840)|VARIABLE_ASSIGNMENT|[48]|res|"System.HttpResponse[Status=OK, StatusCode=200]"|0x21fc06ad
13:21:13.0 (159187233)|STATEMENT_EXECUTE|[59]
13:21:13.0 (159378619)|VARIABLE_SCOPE_BEGIN|[59]|doc|dom.Document|true|false
13:21:13.0 (159417824)|VARIABLE_ASSIGNMENT|[59]|doc|"Document[]"|0x4f9d7b11
13:21:13.0 (159424482)|STATEMENT_EXECUTE|[61]
13:21:13.0 (159467299)|VARIABLE_SCOPE_BEGIN|[61]|geocodeResponse|dom.XmlNode|true|false
13:21:13.0 (159560048)|VARIABLE_ASSIGNMENT|[61]|geocodeResponse|"XMLNode[ELEMENT,GeocodeResponse,null,null,null,[XMLNode[TEXT,null,null,null,null,null,\n ,], XMLNode[ELEMENT,status,null,null,null,[XMLNode[TEXT,null,null,null,null,null,OVER_QUERY_LIMIT,]],null,], XMLNode[TEXT,null,null,null,null,null,\n ,], XMLNode[ELEMENT,error_message,null,null,null,[XMLNode[TEXT,null,null,null,null,null,You have exceeded your daily request quota for this API. We recommend registering for a key at the Google Developers Console: https://console.developers.google.com/,]],null,], XMLNode[TEXT,null,null,null,null,null,\n,]],null,]"|0x1a2ac3de
13:21:13.0 (159572780)|STATEMENT_EXECUTE|[62]
13:21:13.0 (159575071)|STATEMENT_EXECUTE|[64]
13:21:13.0 (159580071)|HEAP_ALLOCATE|[64]|Bytes:6
13:21:13.0 (159629087)|VARIABLE_SCOPE_BEGIN|[64]|result|dom.XmlNode|true|false
13:21:13.0 (159639400)|VARIABLE_ASSIGNMENT|[64]|result|null|
13:21:13.0 (159643933)|STATEMENT_EXECUTE|[65]
13:21:13.0 (159666968)|HEAP_ALLOCATE|[17]|Bytes:5
13:21:13.0 (159697286)|HEAP_ALLOCATE|[17]|Bytes:32
13:21:13.0 (159708737)|VARIABLE_SCOPE_BEGIN|[17]|acc|Account|true|false
13:21:13.0 (159760937)|VARIABLE_ASSIGNMENT|[17]|acc|{"s":1,"v":{"Id":"00136000008NvtnAAC","Name":"Allied Technologies","BillingStreet":"16909 SE Alder St","BillingCity":"Multnomah","BillingState":"OR","BillingCountry":"USA","BillingPostalCode":"97233"}}|0x3201215f
13:21:13.0 (159772132)|STATEMENT_EXECUTE|[17]
13:21:13.0 (159776117)|STATEMENT_EXECUTE|[18]
13:21:13.0 (159794670)|HEAP_ALLOCATE|[18]|Bytes:47
13:21:13.0 (159814086)|USER_DEBUG|[18]|DEBUG|Starting encode for account Allied Technologies
13:21:13.0 (159820971)|STATEMENT_EXECUTE|[19]
13:21:13.0 (159825311)|VARIABLE_SCOPE_BEGIN|[19]|address|String|false|false
13:21:13.0 (159832477)|VARIABLE_ASSIGNMENT|[19]|address|""
13:21:13.0 (159840221)|STATEMENT_EXECUTE|[21]
13:21:13.0 (159842090)|STATEMENT_EXECUTE|[22]
13:21:13.0 (159848553)|HEAP_ALLOCATE|[22]|Bytes:18
13:21:13.0 (159853166)|HEAP_ALLOCATE|[22]|Bytes:18
13:21:13.0 (159858885)|VARIABLE_ASSIGNMENT|[22]|address|"16909 SE Alder St,"
13:21:13.0 (159865912)|STATEMENT_EXECUTE|[24]
13:21:13.0 (159867723)|STATEMENT_EXECUTE|[25]
13:21:13.0 (159873177)|HEAP_ALLOCATE|[25]|Bytes:10
13:21:13.0 (159877415)|HEAP_ALLOCATE|[25]|Bytes:28
13:21:13.0 (159884775)|VARIABLE_ASSIGNMENT|[25]|address|"16909 SE Alder St,Mu (8 more) ..."
13:21:13.0 (159891860)|STATEMENT_EXECUTE|[27]
13:21:13.0 (159893688)|STATEMENT_EXECUTE|[28]
13:21:13.0 (159899045)|HEAP_ALLOCATE|[28]|Bytes:3
13:21:13.0 (159903245)|HEAP_ALLOCATE|[28]|Bytes:31
13:21:13.0 (159909103)|VARIABLE_ASSIGNMENT|[28]|address|"16909 SE Alder St,Mu (11 more) ..."
13:21:13.0 (159929831)|STATEMENT_EXECUTE|[30]
13:21:13.0 (159934161)|STATEMENT_EXECUTE|[31]
13:21:13.0 (159946012)|HEAP_ALLOCATE|[31]|Bytes:4
13:21:13.0 (159953784)|HEAP_ALLOCATE|[31]|Bytes:35
13:21:13.0 (159966751)|VARIABLE_ASSIGNMENT|[31]|address|"16909 SE Alder St,Mu (15 more) ..."
13:21:13.0 (159980049)|STATEMENT_EXECUTE|[33]
13:21:13.0 (159982376)|STATEMENT_EXECUTE|[34]
13:21:13.0 (159989335)|HEAP_ALLOCATE|[34]|Bytes:6
13:21:13.0 (159994617)|HEAP_ALLOCATE|[34]|Bytes:41
13:21:13.0 (160001712)|VARIABLE_ASSIGNMENT|[34]|address|"16909 SE Alder St,Mu (21 more) ..."
13:21:13.0 (160022782)|STATEMENT_EXECUTE|[37]
13:21:13.0 (160024746)|STATEMENT_EXECUTE|[38]
13:21:13.0 (160041033)|VARIABLE_SCOPE_BEGIN|[38]|req|System.HttpRequest|true|false
13:21:13.0 (160088807)|VARIABLE_ASSIGNMENT|[38]|req|"System.HttpRequest[Endpoint=null, Method=null]"|0x738990dc
13:21:13.0 (160094875)|STATEMENT_EXECUTE|[39]
13:21:13.0 (160106498)|USER_DEBUG|[39]|DEBUG|Address is not blank
13:21:13.0 (160112017)|STATEMENT_EXECUTE|[41]
13:21:13.0 (160127457)|METHOD_ENTRY|[41]||System.EncodingUtil.urlEncode(String, String)
13:21:13.0 (160169243)|METHOD_EXIT|[41]||System.EncodingUtil.urlEncode(String, String)
13:21:13.0 (160179589)|VARIABLE_ASSIGNMENT|[41]|address|"16909+SE+Alder+St%2C (31 more) ..."
13:21:13.0 (160183780)|STATEMENT_EXECUTE|[42]
13:21:13.0 (160189667)|HEAP_ALLOCATE|[42]|Bytes:62
13:21:13.0 (160215468)|USER_DEBUG|[42]|DEBUG|address is 16909+SE+Alder+St%2CMultnomah%2COR%2CUSA%2C97233%2C
13:21:13.0 (160226080)|STATEMENT_EXECUTE|[43]
13:21:13.0 (160238542)|HEAP_ALLOCATE|[43]|Bytes:120
13:21:13.0 (160267739)|STATEMENT_EXECUTE|[44]
13:21:13.0 (160280347)|STATEMENT_EXECUTE|[45]
13:21:13.0 (160291833)|VARIABLE_SCOPE_BEGIN|[45]|http|System.Http|true|false
13:21:13.0 (160333885)|VARIABLE_ASSIGNMENT|[45]|http|"System.Http[]"|0x1b90354f
13:21:13.0 (160339912)|STATEMENT_EXECUTE|[46]
13:21:13.0 (160343345)|VARIABLE_SCOPE_BEGIN|[46]|res|System.HttpResponse|true|false
13:21:13.0 (160348968)|VARIABLE_ASSIGNMENT|[46]|res|null|
13:21:13.0 (160358219)|METHOD_ENTRY|[47]||System.Test.isRunningTest()
13:21:13.0 (160369281)|METHOD_EXIT|[47]||System.Test.isRunningTest()
13:21:13.0 (160375005)|STATEMENT_EXECUTE|[47]
13:21:13.0 (160376646)|STATEMENT_EXECUTE|[48]
13:21:13.0 (163072980)|CALLOUT_REQUEST|[48]|System.HttpRequest[Endpoint=https://maps.googleapis.com/maps/api/geocode/xml?address=16909+SE+Alder+St%2CMultnomah%2COR%2CUSA%2C97233%2C&sensor=true, Method=GET]
13:21:13.0 (178503894)|HEAP_ALLOCATE|[EXTERNAL]|Bytes:743
13:21:13.0 (178562764)|CALLOUT_RESPONSE|[48]|System.HttpResponse[Status=OK, StatusCode=200]
13:21:13.0 (178577288)|HEAP_ALLOCATE|[48]|Bytes:314
13:21:13.0 (178640166)|VARIABLE_ASSIGNMENT|[48]|res|"System.HttpResponse[Status=OK, StatusCode=200]"|0x66a19615
13:21:13.0 (178650754)|STATEMENT_EXECUTE|[59]
13:21:13.0 (178767396)|VARIABLE_SCOPE_BEGIN|[59]|doc|dom.Document|true|false
13:21:13.0 (178803182)|VARIABLE_ASSIGNMENT|[59]|doc|"Document[]"|0x6efcc8bc
13:21:13.0 (178809532)|STATEMENT_EXECUTE|[61]
13:21:13.0 (178831532)|VARIABLE_SCOPE_BEGIN|[61]|geocodeResponse|dom.XmlNode|true|false
13:21:13.0 (178892214)|VARIABLE_ASSIGNMENT|[61]|geocodeResponse|"XMLNode[ELEMENT,GeocodeResponse,null,null,null,[XMLNode[TEXT,null,null,null,null,null,\n ,], XMLNode[ELEMENT,status,null,null,null,[XMLNode[TEXT,null,null,null,null,null,OVER_QUERY_LIMIT,]],null,], XMLNode[TEXT,null,null,null,null,null,\n ,], XMLNode[ELEMENT,error_message,null,null,null,[XMLNode[TEXT,null,null,null,null,null,You have exceeded your daily request quota for this API. We recommend registering for a key at the Google Developers Console: https://console.developers.google.com/,]],null,], XMLNode[TEXT,null,null,null,null,null,\n,]],null,]"|0x5f500d56
13:21:13.0 (178902578)|STATEMENT_EXECUTE|[62]
13:21:13.0 (178904470)|STATEMENT_EXECUTE|[64]
13:21:13.0 (178924615)|VARIABLE_SCOPE_BEGIN|[64]|result|dom.XmlNode|true|false
13:21:13.0 (178932023)|VARIABLE_ASSIGNMENT|[64]|result|null|
13:21:13.0 (178935440)|STATEMENT_EXECUTE|[65]
13:21:13.0 (178954281)|HEAP_ALLOCATE|[17]|Bytes:5
13:21:13.0 (178983999)|HEAP_ALLOCATE|[17]|Bytes:32
13:21:13.0 (178994326)|VARIABLE_SCOPE_BEGIN|[17]|acc|Account|true|false
13:21:13.0 (179022381)|VARIABLE_ASSIGNMENT|[17]|acc|{"s":1,"v":{"Id":"00136000008NvtoAAC","Name":"Anaco Limited","BillingStreet":"5628 SE Alder St","BillingCity":"Multnomah","BillingState":"OR","BillingCountry":"USA","BillingPostalCode":"97215"}}|0x12775949
13:21:13.0 (179029198)|STATEMENT_EXECUTE|[17]
13:21:13.0 (179031015)|STATEMENT_EXECUTE|[18]
13:21:13.0 (179053481)|HEAP_ALLOCATE|[18]|Bytes:41
13:21:13.0 (179080266)|USER_DEBUG|[18]|DEBUG|Starting encode for account Anaco Limited
13:21:13.0 (179092923)|STATEMENT_EXECUTE|[19]
13:21:13.0 (179099664)|VARIABLE_SCOPE_BEGIN|[19]|address|String|false|false
13:21:13.0 (179110081)|VARIABLE_ASSIGNMENT|[19]|address|""
13:21:13.0 (179123297)|STATEMENT_EXECUTE|[21]
13:21:13.0 (179127267)|STATEMENT_EXECUTE|[22]
13:21:13.0 (179139197)|HEAP_ALLOCATE|[22]|Bytes:17
13:21:13.0 (179146752)|HEAP_ALLOCATE|[22]|Bytes:17
13:21:13.0 (179157307)|VARIABLE_ASSIGNMENT|[22]|address|"5628 SE Alder St,"
13:21:13.0 (179170468)|STATEMENT_EXECUTE|[24]
13:21:13.0 (179174550)|STATEMENT_EXECUTE|[25]
13:21:13.0 (179185875)|HEAP_ALLOCATE|[25]|Bytes:10
13:21:13.0 (179193755)|HEAP_ALLOCATE|[25]|Bytes:27
13:21:13.0 (179206461)|VARIABLE_ASSIGNMENT|[25]|address|"5628 SE Alder St,Mul (7 more) ..."
13:21:13.0 (179218916)|STATEMENT_EXECUTE|[27]
13:21:13.0 (179222462)|STATEMENT_EXECUTE|[28]
13:21:13.0 (179232619)|HEAP_ALLOCATE|[28]|Bytes:3
13:21:13.0 (179240954)|HEAP_ALLOCATE|[28]|Bytes:30
13:21:13.0 (179254226)|VARIABLE_ASSIGNMENT|[28]|address|"5628 SE Alder St,Mul (10 more) ..."
13:21:13.0 (179266234)|STATEMENT_EXECUTE|[30]
13:21:13.0 (179268442)|STATEMENT_EXECUTE|[31]
13:21:13.0 (179275119)|HEAP_ALLOCATE|[31]|Bytes:4
13:21:13.0 (179279850)|HEAP_ALLOCATE|[31]|Bytes:34
13:21:13.0 (179286871)|VARIABLE_ASSIGNMENT|[31]|address|"5628 SE Alder St,Mul (14 more) ..."
13:21:13.0 (179293445)|STATEMENT_EXECUTE|[33]
13:21:13.0 (179295166)|STATEMENT_EXECUTE|[34]
13:21:13.0 (179300301)|HEAP_ALLOCATE|[34]|Bytes:6
13:21:13.0 (179304361)|HEAP_ALLOCATE|[34]|Bytes:40
13:21:13.0 (179310518)|VARIABLE_ASSIGNMENT|[34]|address|"5628 SE Alder St,Mul (20 more) ..."
13:21:13.0 (179325373)|STATEMENT_EXECUTE|[37]
13:21:13.0 (179327243)|STATEMENT_EXECUTE|[38]
13:21:13.0 (179340402)|VARIABLE_SCOPE_BEGIN|[38]|req|System.HttpRequest|true|false
13:21:13.0 (179379390)|VARIABLE_ASSIGNMENT|[38]|req|"System.HttpRequest[Endpoint=null, Method=null]"|0x780c742c
13:21:13.0 (179385321)|STATEMENT_EXECUTE|[39]
13:21:13.0 (179396427)|USER_DEBUG|[39]|DEBUG|Address is not blank
13:21:13.0 (179402246)|STATEMENT_EXECUTE|[41]
13:21:13.0 (179413429)|METHOD_ENTRY|[41]||System.EncodingUtil.urlEncode(String, String)
13:21:13.0 (179452736)|METHOD_EXIT|[41]||System.EncodingUtil.urlEncode(String, String)
13:21:13.0 (179462494)|VARIABLE_ASSIGNMENT|[41]|address|"5628+SE+Alder+St%2CM (30 more) ..."
13:21:13.0 (179466123)|STATEMENT_EXECUTE|[42]
13:21:13.0 (179471791)|HEAP_ALLOCATE|[42]|Bytes:61
13:21:13.0 (179481153)|USER_DEBUG|[42]|DEBUG|address is 5628+SE+Alder+St%2CMultnomah%2COR%2CUSA%2C97215%2C
13:21:13.0 (179486137)|STATEMENT_EXECUTE|[43]
13:21:13.0 (179492570)|HEAP_ALLOCATE|[43]|Bytes:119
13:21:13.0 (179511628)|STATEMENT_EXECUTE|[44]
13:21:13.0 (179522043)|STATEMENT_EXECUTE|[45]
13:21:13.0 (179533035)|VARIABLE_SCOPE_BEGIN|[45]|http|System.Http|true|false
13:21:13.0 (179569453)|VARIABLE_ASSIGNMENT|[45]|http|"System.Http[]"|0x2f587355
13:21:13.0 (179575190)|STATEMENT_EXECUTE|[46]
13:21:13.0 (179578419)|VARIABLE_SCOPE_BEGIN|[46]|res|System.HttpResponse|true|false
13:21:13.0 (179584056)|VARIABLE_ASSIGNMENT|[46]|res|null|
13:21:13.0 (179593279)|METHOD_ENTRY|[47]||System.Test.isRunningTest()
13:21:13.0 (179604200)|METHOD_EXIT|[47]||System.Test.isRunningTest()
13:21:13.0 (179610103)|STATEMENT_EXECUTE|[47]
13:21:13.0 (179611766)|STATEMENT_EXECUTE|[48]
13:21:13.0 (181911318)|CALLOUT_REQUEST|[48]|System.HttpRequest[Endpoint=https://maps.googleapis.com/maps/api/geocode/xml?address=5628+SE+Alder+St%2CMultnomah%2COR%2CUSA%2C97215%2C&sensor=true, Method=GET]
13:21:13.0 (268729343)|HEAP_ALLOCATE|[EXTERNAL]|Bytes:743
13:21:13.0 (268833280)|CALLOUT_RESPONSE|[48]|System.HttpResponse[Status=OK, StatusCode=200]
13:21:13.0 (268851039)|HEAP_ALLOCATE|[48]|Bytes:314
13:21:13.0 (268939593)|VARIABLE_ASSIGNMENT|[48]|res|"System.HttpResponse[Status=OK, StatusCode=200]"|0x4ee1e826
13:21:13.0 (268954119)|STATEMENT_EXECUTE|[59]
13:21:13.0 (269096162)|VARIABLE_SCOPE_BEGIN|[59]|doc|dom.Document|true|false
13:21:13.0 (269134070)|VARIABLE_ASSIGNMENT|[59]|doc|"Document[]"|0x1d8de22e
13:21:13.0 (269140536)|STATEMENT_EXECUTE|[61]
13:21:13.0 (269164972)|VARIABLE_SCOPE_BEGIN|[61]|geocodeResponse|dom.XmlNode|true|false
13:21:13.0 (269228525)|VARIABLE_ASSIGNMENT|[61]|geocodeResponse|"XMLNode[ELEMENT,GeocodeResponse,null,null,null,[XMLNode[TEXT,null,null,null,null,null,\n ,], XMLNode[ELEMENT,status,null,null,null,[XMLNode[TEXT,null,null,null,null,null,OVER_QUERY_LIMIT,]],null,], XMLNode[TEXT,null,null,null,null,null,\n ,], XMLNode[ELEMENT,error_message,null,null,null,[XMLNode[TEXT,null,null,null,null,null,You have exceeded your daily request quota for this API. We recommend registering for a key at the Google Developers Console: https://console.developers.google.com/,]],null,], XMLNode[TEXT,null,null,null,null,null,\n,]],null,]"|0x4d386f87
13:21:13.0 (269239798)|STATEMENT_EXECUTE|[62]
13:21:13.0 (269241824)|STATEMENT_EXECUTE|[64]
13:21:13.0 (269263114)|VARIABLE_SCOPE_BEGIN|[64]|result|dom.XmlNode|true|false
13:21:13.0 (269272397)|VARIABLE_ASSIGNMENT|[64]|result|null|
13:21:13.0 (269276076)|STATEMENT_EXECUTE|[65]
13:21:13.0 (269297212)|HEAP_ALLOCATE|[17]|Bytes:5
13:21:13.0 (269327216)|HEAP_ALLOCATE|[17]|Bytes:32
13:21:13.0 (269336095)|VARIABLE_SCOPE_BEGIN|[17]|acc|Account|true|false
13:21:13.0 (269372239)|VARIABLE_ASSIGNMENT|[17]|acc|{"s":1,"v":{"Id":"00136000008NvtpAAC","Name":"Associated Supply Co (1 more) ...","BillingStreet":"2056 Laurel Ave","BillingCity":"Jefferson","BillingState":"TX","BillingCountry":"USA","BillingPostalCode":"77701"}}|0xd7bd61
13:21:13.0 (269378284)|STATEMENT_EXECUTE|[17]
13:21:13.0 (269380282)|STATEMENT_EXECUTE|[18]
13:21:13.0 (269396698)|HEAP_ALLOCATE|[18]|Bytes:49
13:21:13.0 (269414816)|USER_DEBUG|[18]|DEBUG|Starting encode for account Associated Supply Co.
13:21:13.0 (269421388)|STATEMENT_EXECUTE|[19]
13:21:13.0 (269425528)|VARIABLE_SCOPE_BEGIN|[19]|address|String|false|false
13:21:13.0 (269432018)|VARIABLE_ASSIGNMENT|[19]|address|""
13:21:13.0 (269439428)|STATEMENT_EXECUTE|[21]
13:21:13.0 (269441251)|STATEMENT_EXECUTE|[22]
13:21:13.0 (269447847)|HEAP_ALLOCATE|[22]|Bytes:16
13:21:13.0 (269452652)|HEAP_ALLOCATE|[22]|Bytes:16
13:21:13.0 (269458007)|VARIABLE_ASSIGNMENT|[22]|address|"2056 Laurel Ave,"
13:21:13.0 (269464950)|STATEMENT_EXECUTE|[24]
13:21:13.0 (269467162)|STATEMENT_EXECUTE|[25]
13:21:13.0 (269472773)|HEAP_ALLOCATE|[25]|Bytes:10
13:21:13.0 (269476999)|HEAP_ALLOCATE|[25]|Bytes:26
13:21:13.0 (269483100)|VARIABLE_ASSIGNMENT|[25]|address|"2056 Laurel Ave,Jeff (6 more) ..."
13:21:13.0 (269489977)|STATEMENT_EXECUTE|[27]
13:21:13.0 (269491703)|STATEMENT_EXECUTE|[28]
13:21:13.0 (269497083)|HEAP_ALLOCATE|[28]|Bytes:3
13:21:13.0 (269501200)|HEAP_ALLOCATE|[28]|Bytes:29
13:21:13.0 (269506771)|VARIABLE_ASSIGNMENT|[28]|address|"2056 Laurel Ave,Jeff (9 more) ..."
13:21:13.0 (269513449)|STATEMENT_EXECUTE|[30]
13:21:13.0 (269515212)|STATEMENT_EXECUTE|[31]
13:21:13.0 (269520581)|HEAP_ALLOCATE|[31]|Bytes:4
13:21:13.0 (269524806)|HEAP_ALLOCATE|[31]|Bytes:33
13:21:13.0 (269530486)|VARIABLE_ASSIGNMENT|[31]|address|"2056 Laurel Ave,Jeff (13 more) ..."
13:21:13.0 (269536965)|STATEMENT_EXECUTE|[33]
13:21:13.0 (269538745)|STATEMENT_EXECUTE|[34]
13:21:13.0 (269544056)|HEAP_ALLOCATE|[34]|Bytes:6
13:21:13.0 (269547980)|HEAP_ALLOCATE|[34]|Bytes:39
13:21:13.0 (269553923)|VARIABLE_ASSIGNMENT|[34]|address|"2056 Laurel Ave,Jeff (19 more) ..."
13:21:13.0 (269573028)|STATEMENT_EXECUTE|[37]
13:21:13.0 (269574922)|STATEMENT_EXECUTE|[38]
13:21:13.0 (269592257)|VARIABLE_SCOPE_BEGIN|[38]|req|System.HttpRequest|true|false
13:21:13.0 (269633044)|VARIABLE_ASSIGNMENT|[38]|req|"System.HttpRequest[Endpoint=null, Method=null]"|0x41b6d585
13:21:13.0 (269638914)|STATEMENT_EXECUTE|[39]
13:21:13.0 (269650302)|USER_DEBUG|[39]|DEBUG|Address is not blank
13:21:13.0 (269655693)|STATEMENT_EXECUTE|[41]
13:21:13.0 (269672045)|METHOD_ENTRY|[41]||System.EncodingUtil.urlEncode(String, String)
13:21:13.0 (269714965)|METHOD_EXIT|[41]||System.EncodingUtil.urlEncode(String, String)
13:21:13.0 (269724967)|VARIABLE_ASSIGNMENT|[41]|address|"2056+Laurel+Ave%2CJe (29 more) ..."
13:21:13.0 (269728753)|STATEMENT_EXECUTE|[42]
13:21:13.0 (269735105)|HEAP_ALLOCATE|[42]|Bytes:60
13:21:13.0 (269744550)|USER_DEBUG|[42]|DEBUG|address is 2056+Laurel+Ave%2CJefferson%2CTX%2CUSA%2C77701%2C
13:21:13.0 (269749315)|STATEMENT_EXECUTE|[43]
13:21:13.0 (269756491)|HEAP_ALLOCATE|[43]|Bytes:118
13:21:13.0 (269775463)|STATEMENT_EXECUTE|[44]
13:21:13.0 (269786065)|STATEMENT_EXECUTE|[45]
13:21:13.0 (269797667)|VARIABLE_SCOPE_BEGIN|[45]|http|System.Http|true|false
13:21:13.0 (269834263)|VARIABLE_ASSIGNMENT|[45]|http|"System.Http[]"|0x3d92d6a4
13:21:13.0 (269839972)|STATEMENT_EXECUTE|[46]
13:21:13.0 (269843102)|VARIABLE_SCOPE_BEGIN|[46]|res|System.HttpResponse|true|false
13:21:13.0 (269848537)|VARIABLE_ASSIGNMENT|[46]|res|null|
13:21:13.0 (269858474)|METHOD_ENTRY|[47]||System.Test.isRunningTest()
13:21:13.0 (269871537)|METHOD_EXIT|[47]||System.Test.isRunningTest()
13:21:13.0 (269877002)|STATEMENT_EXECUTE|[47]
13:21:13.0 (269878562)|STATEMENT_EXECUTE|[48]
13:21:13.0 (272073833)|CALLOUT_REQUEST|[48]|System.HttpRequest[Endpoint=https://maps.googleapis.com/maps/api/geocode/xml?address=2056+Laurel+Ave%2CJefferson%2CTX%2CUSA%2C77701%2C&sensor=true, Method=GET]
13:21:13.0 (287239019)|HEAP_ALLOCATE|[EXTERNAL]|Bytes:743
13:21:13.0 (287332857)|CALLOUT_RESPONSE|[48]|System.HttpResponse[Status=OK, StatusCode=200]
13:21:13.0 (287352230)|HEAP_ALLOCATE|[48]|Bytes:314
13:21:13.0 (287436846)|VARIABLE_ASSIGNMENT|[48]|res|"System.HttpResponse[Status=OK, StatusCode=200]"|0x760ac4e7
13:21:13.0 (287451134)|STATEMENT_EXECUTE|[59]
13:21:13.0 (287585413)|VARIABLE_SCOPE_BEGIN|[59]|doc|dom.Document|true|false
13:21:13.0 (287638745)|VARIABLE_ASSIGNMENT|[59]|doc|"Document[]"|0x63a277d2
13:21:13.0 (287648220)|STATEMENT_EXECUTE|[61]
13:21:13.0 (287683964)|VARIABLE_SCOPE_BEGIN|[61]|geocodeResponse|dom.XmlNode|true|false
13:21:13.0 (287772007)|VARIABLE_ASSIGNMENT|[61]|geocodeResponse|"XMLNode[ELEMENT,GeocodeResponse,null,null,null,[XMLNode[TEXT,null,null,null,null,null,\n ,], XMLNode[ELEMENT,status,null,null,null,[XMLNode[TEXT,null,null,null,null,null,OVER_QUERY_LIMIT,]],null,], XMLNode[TEXT,null,null,null,null,null,\n ,], XMLNode[ELEMENT,error_message,null,null,null,[XMLNode[TEXT,null,null,null,null,null,You have exceeded your daily request quota for this API. We recommend registering for a key at the Google Developers Console: https://console.developers.google.com/,]],null,], XMLNode[TEXT,null,null,null,null,null,\n,]],null,]"|0x4aef1c36
13:21:13.0 (287787314)|STATEMENT_EXECUTE|[62]
13:21:13.0 (287791007)|STATEMENT_EXECUTE|[64]
13:21:13.0 (287820863)|VARIABLE_SCOPE_BEGIN|[64]|result|dom.XmlNode|true|false
13:21:13.0 (287833547)|VARIABLE_ASSIGNMENT|[64]|result|null|
13:21:13.0 (287840293)|STATEMENT_EXECUTE|[65]
13:21:13.0 (287868563)|HEAP_ALLOCATE|[17]|Bytes:5
13:21:13.0 (287909274)|HEAP_ALLOCATE|[17]|Bytes:40
13:21:13.0 (287924165)|VARIABLE_SCOPE_BEGIN|[17]|acc|Account|true|false
13:21:13.0 (287972055)|VARIABLE_ASSIGNMENT|[17]|acc|{"s":1,"v":{"Id":"00136000008NvtqAAC","Name":"Benjamin Young","BillingLatitude":29.752896,"BillingLongitude":-95.631011,"BillingStreet":"13715 Lakeshore Way  (2 more) ...","BillingCity":"Houston","BillingState":"TX","BillingCountry":"USA","BillingPostalCode":"77077"}}|0x5284877e
13:21:13.0 (287980538)|STATEMENT_EXECUTE|[17]
13:21:13.0 (287982582)|STATEMENT_EXECUTE|[18]
13:21:13.0 (288000903)|HEAP_ALLOCATE|[18]|Bytes:42
13:21:13.0 (288019776)|USER_DEBUG|[18]|DEBUG|Starting encode for account Benjamin Young
13:21:13.0 (288026375)|STATEMENT_EXECUTE|[19]
13:21:13.0 (288030929)|VARIABLE_SCOPE_BEGIN|[19]|address|String|false|false
13:21:13.0 (288037906)|VARIABLE_ASSIGNMENT|[19]|address|""
13:21:13.0 (288049899)|STATEMENT_EXECUTE|[21]
13:21:13.0 (288051799)|STATEMENT_EXECUTE|[22]
13:21:13.0 (288058601)|HEAP_ALLOCATE|[22]|Bytes:23
13:21:13.0 (288063393)|HEAP_ALLOCATE|[22]|Bytes:23
13:21:13.0 (288070223)|VARIABLE_ASSIGNMENT|[22]|address|"13715 Lakeshore Way  (3 more) ..."
13:21:13.0 (288077879)|STATEMENT_EXECUTE|[24]
13:21:13.0 (288079682)|STATEMENT_EXECUTE|[25]
13:21:13.0 (288084901)|HEAP_ALLOCATE|[25]|Bytes:8
13:21:13.0 (288089212)|HEAP_ALLOCATE|[25]|Bytes:31
13:21:13.0 (288095189)|VARIABLE_ASSIGNMENT|[25]|address|"13715 Lakeshore Way  (11 more) ..."
13:21:13.0 (288101978)|STATEMENT_EXECUTE|[27]
13:21:13.0 (288103759)|STATEMENT_EXECUTE|[28]
13:21:13.0 (288109320)|HEAP_ALLOCATE|[28]|Bytes:3
13:21:13.0 (288113239)|HEAP_ALLOCATE|[28]|Bytes:34
13:21:13.0 (288118812)|VARIABLE_ASSIGNMENT|[28]|address|"13715 Lakeshore Way  (14 more) ..."
13:21:13.0 (288125461)|STATEMENT_EXECUTE|[30]
13:21:13.0 (288127215)|STATEMENT_EXECUTE|[31]
13:21:13.0 (288132735)|HEAP_ALLOCATE|[31]|Bytes:4
13:21:13.0 (288136917)|HEAP_ALLOCATE|[31]|Bytes:38
13:21:13.0 (288142320)|VARIABLE_ASSIGNMENT|[31]|address|"13715 Lakeshore Way  (18 more) ..."
13:21:13.0 (288148427)|STATEMENT_EXECUTE|[33]
13:21:13.0 (288150164)|STATEMENT_EXECUTE|[34]
13:21:13.0 (288155580)|HEAP_ALLOCATE|[34]|Bytes:6
13:21:13.0 (288159868)|HEAP_ALLOCATE|[34]|Bytes:44
13:21:13.0 (288165402)|VARIABLE_ASSIGNMENT|[34]|address|"13715 Lakeshore Way  (24 more) ..."
13:21:13.0 (288184508)|STATEMENT_EXECUTE|[37]
13:21:13.0 (288186422)|STATEMENT_EXECUTE|[38]
13:21:13.0 (288202868)|VARIABLE_SCOPE_BEGIN|[38]|req|System.HttpRequest|true|false
13:21:13.0 (288244175)|VARIABLE_ASSIGNMENT|[38]|req|"System.HttpRequest[Endpoint=null, Method=null]"|0x72894c35
13:21:13.0 (288250145)|STATEMENT_EXECUTE|[39]
13:21:13.0 (288261581)|USER_DEBUG|[39]|DEBUG|Address is not blank
13:21:13.0 (288267073)|STATEMENT_EXECUTE|[41]
13:21:13.0 (288282999)|METHOD_ENTRY|[41]||System.EncodingUtil.urlEncode(String, String)
13:21:13.0 (288325918)|METHOD_EXIT|[41]||System.EncodingUtil.urlEncode(String, String)
13:21:13.0 (288335327)|VARIABLE_ASSIGNMENT|[41]|address|"13715+Lakeshore+Way+ (34 more) ..."
13:21:13.0 (288339248)|STATEMENT_EXECUTE|[42]
13:21:13.0 (288345179)|HEAP_ALLOCATE|[42]|Bytes:65
13:21:13.0 (288354442)|USER_DEBUG|[42]|DEBUG|address is 13715+Lakeshore+Way+Cv%2CHouston%2CTX%2CUSA%2C77077%2C
13:21:13.0 (288359150)|STATEMENT_EXECUTE|[43]
13:21:13.0 (288366182)|HEAP_ALLOCATE|[43]|Bytes:123
13:21:13.0 (288384918)|STATEMENT_EXECUTE|[44]
13:21:13.0 (288396391)|STATEMENT_EXECUTE|[45]
13:21:13.0 (288407621)|VARIABLE_SCOPE_BEGIN|[45]|http|System.Http|true|false
13:21:13.0 (288444196)|VARIABLE_ASSIGNMENT|[45]|http|"System.Http[]"|0x30591b97
13:21:13.0 (288449911)|STATEMENT_EXECUTE|[46]
13:21:13.0 (288453128)|VARIABLE_SCOPE_BEGIN|[46]|res|System.HttpResponse|true|false
13:21:13.0 (288458632)|VARIABLE_ASSIGNMENT|[46]|res|null|
13:21:13.0 (288468393)|METHOD_ENTRY|[47]||System.Test.isRunningTest()
13:21:13.0 (288481988)|METHOD_EXIT|[47]||System.Test.isRunningTest()
13:21:13.0 (288487427)|STATEMENT_EXECUTE|[47]
13:21:13.0 (288489045)|STATEMENT_EXECUTE|[48]
13:21:13.0 (290817182)|CALLOUT_REQUEST|[48]|System.HttpRequest[Endpoint=https://maps.googleapis.com/maps/api/geocode/xml?address=13715+Lakeshore+Way+Cv%2CHouston%2CTX%2CUSA%2C77077%2C&sensor=true, Method=GET]
13:21:13.0 (306524597)|HEAP_ALLOCATE|[EXTERNAL]|Bytes:743
13:21:13.0 (306602941)|CALLOUT_RESPONSE|[48]|System.HttpResponse[Status=OK, StatusCode=200]
13:21:13.0 (306619584)|HEAP_ALLOCATE|[48]|Bytes:314
13:21:13.0 (306691319)|VARIABLE_ASSIGNMENT|[48]|res|"System.HttpResponse[Status=OK, StatusCode=200]"|0x104ae57f
13:21:13.0 (306704467)|STATEMENT_EXECUTE|[59]
13:21:13.0 (306823976)|VARIABLE_SCOPE_BEGIN|[59]|doc|dom.Document|true|false
13:21:13.0 (306862242)|VARIABLE_ASSIGNMENT|[59]|doc|"Document[]"|0x23561c81
13:21:13.0 (306869158)|STATEMENT_EXECUTE|[61]
13:21:13.0 (306893401)|VARIABLE_SCOPE_BEGIN|[61]|geocodeResponse|dom.XmlNode|true|false
13:21:13.0 (306959132)|VARIABLE_ASSIGNMENT|[61]|geocodeResponse|"XMLNode[ELEMENT,GeocodeResponse,null,null,null,[XMLNode[TEXT,null,null,null,null,null,\n ,], XMLNode[ELEMENT,status,null,null,null,[XMLNode[TEXT,null,null,null,null,null,OVER_QUERY_LIMIT,]],null,], XMLNode[TEXT,null,null,null,null,null,\n ,], XMLNode[ELEMENT,error_message,null,null,null,[XMLNode[TEXT,null,null,null,null,null,You have exceeded your daily request quota for this API. We recommend registering for a key at the Google Developers Console: https://console.developers.google.com/,]],null,], XMLNode[TEXT,null,null,null,null,null,\n,]],null,]"|0x6d4d9c7e
13:21:13.0 (306969376)|STATEMENT_EXECUTE|[62]
13:21:13.0 (306971482)|STATEMENT_EXECUTE|[64]
13:21:13.0 (306992803)|VARIABLE_SCOPE_BEGIN|[64]|result|dom.XmlNode|true|false
13:21:13.0 (307001356)|VARIABLE_ASSIGNMENT|[64]|result|null|
13:21:13.0 (307006027)|STATEMENT_EXECUTE|[65]
13:21:13.0 (307026566)|HEAP_ALLOCATE|[17]|Bytes:5
13:21:13.0 (307060689)|HEAP_ALLOCATE|[17]|Bytes:32
13:21:13.0 (307072434)|VARIABLE_SCOPE_BEGIN|[17]|acc|Account|true|false
13:21:13.0 (307102977)|VARIABLE_ASSIGNMENT|[17]|acc|{"s":1,"v":{"Id":"00136000008NvtrAAC","Name":"Best Purchase Inc.","BillingStreet":"3401 Walnut Street","BillingCity":"Philadelphia","BillingState":"PA","BillingCountry":"USA","BillingPostalCode":"19104"}}|0x54448a6d
13:21:13.0 (307109650)|STATEMENT_EXECUTE|[17]
13:21:13.0 (307111528)|STATEMENT_EXECUTE|[18]
13:21:13.0 (307127136)|HEAP_ALLOCATE|[18]|Bytes:46
13:21:13.0 (307141916)|USER_DEBUG|[18]|DEBUG|Starting encode for account Best Purchase Inc.
13:21:13.0 (307148313)|STATEMENT_EXECUTE|[19]
13:21:13.0 (307152135)|VARIABLE_SCOPE_BEGIN|[19]|address|String|false|false
13:21:13.0 (307158515)|VARIABLE_ASSIGNMENT|[19]|address|""
13:21:13.0 (307165889)|STATEMENT_EXECUTE|[21]
13:21:13.0 (307167689)|STATEMENT_EXECUTE|[22]
13:21:13.0 (307173928)|HEAP_ALLOCATE|[22]|Bytes:19
13:21:13.0 (307178449)|HEAP_ALLOCATE|[22]|Bytes:19
13:21:13.0 (307184119)|VARIABLE_ASSIGNMENT|[22]|address|"3401 Walnut Street,"
13:21:13.0 (307190966)|STATEMENT_EXECUTE|[24]
13:21:13.0 (307192774)|STATEMENT_EXECUTE|[25]
13:21:13.0 (307198113)|HEAP_ALLOCATE|[25]|Bytes:13
13:21:13.0 (307202262)|HEAP_ALLOCATE|[25]|Bytes:32
13:21:13.0 (307209217)|VARIABLE_ASSIGNMENT|[25]|address|"3401 Walnut Street,P (12 more) ..."
13:21:13.0 (307215803)|STATEMENT_EXECUTE|[27]
13:21:13.0 (307217520)|STATEMENT_EXECUTE|[28]
13:21:13.0 (307222681)|HEAP_ALLOCATE|[28]|Bytes:3
13:21:13.0 (307226781)|HEAP_ALLOCATE|[28]|Bytes:35
13:21:13.0 (307232685)|VARIABLE_ASSIGNMENT|[28]|address|"3401 Walnut Street,P (15 more) ..."
13:21:13.0 (307238959)|STATEMENT_EXECUTE|[30]
13:21:13.0 (307240688)|STATEMENT_EXECUTE|[31]
13:21:13.0 (307245945)|HEAP_ALLOCATE|[31]|Bytes:4
13:21:13.0 (307250267)|HEAP_ALLOCATE|[31]|Bytes:39
13:21:13.0 (307256017)|VARIABLE_ASSIGNMENT|[31]|address|"3401 Walnut Street,P (19 more) ..."
13:21:13.0 (307262159)|STATEMENT_EXECUTE|[33]
13:21:13.0 (307263881)|STATEMENT_EXECUTE|[34]
13:21:13.0 (307268971)|HEAP_ALLOCATE|[34]|Bytes:6
13:21:13.0 (307273305)|HEAP_ALLOCATE|[34]|Bytes:45
13:21:13.0 (307279049)|VARIABLE_ASSIGNMENT|[34]|address|"3401 Walnut Street,P (25 more) ..."
13:21:13.0 (307293893)|STATEMENT_EXECUTE|[37]
13:21:13.0 (307295775)|STATEMENT_EXECUTE|[38]
13:21:13.0 (307309842)|VARIABLE_SCOPE_BEGIN|[38]|req|System.HttpRequest|true|false
13:21:13.0 (307349369)|VARIABLE_ASSIGNMENT|[38]|req|"System.HttpRequest[Endpoint=null, Method=null]"|0x1362fc87
13:21:13.0 (307355378)|STATEMENT_EXECUTE|[39]
13:21:13.0 (307366381)|USER_DEBUG|[39]|DEBUG|Address is not blank
13:21:13.0 (307371747)|STATEMENT_EXECUTE|[41]
13:21:13.0 (307384465)|METHOD_ENTRY|[41]||System.EncodingUtil.urlEncode(String, String)
13:21:13.0 (307426426)|METHOD_EXIT|[41]||System.EncodingUtil.urlEncode(String, String)
13:21:13.0 (307435926)|VARIABLE_ASSIGNMENT|[41]|address|"3401+Walnut+Street%2 (35 more) ..."
13:21:13.0 (307439735)|STATEMENT_EXECUTE|[42]
13:21:13.0 (307445463)|HEAP_ALLOCATE|[42]|Bytes:66
13:21:13.0 (307454488)|USER_DEBUG|[42]|DEBUG|address is 3401+Walnut+Street%2CPhiladelphia%2CPA%2CUSA%2C19104%2C
13:21:13.0 (307459291)|STATEMENT_EXECUTE|[43]
13:21:13.0 (307465021)|HEAP_ALLOCATE|[43]|Bytes:124
13:21:13.0 (307483993)|STATEMENT_EXECUTE|[44]
13:21:13.0 (307494899)|STATEMENT_EXECUTE|[45]
13:21:13.0 (307505853)|VARIABLE_SCOPE_BEGIN|[45]|http|System.Http|true|false
13:21:13.0 (307542641)|VARIABLE_ASSIGNMENT|[45]|http|"System.Http[]"|0x16c9a74
13:21:13.0 (307548269)|STATEMENT_EXECUTE|[46]
13:21:13.0 (307551417)|VARIABLE_SCOPE_BEGIN|[46]|res|System.HttpResponse|true|false
13:21:13.0 (307556921)|VARIABLE_ASSIGNMENT|[46]|res|null|
13:21:13.0 (307566027)|METHOD_ENTRY|[47]||System.Test.isRunningTest()
13:21:13.0 (307577221)|METHOD_EXIT|[47]||System.Test.isRunningTest()
13:21:13.0 (307582689)|STATEMENT_EXECUTE|[47]
13:21:13.0 (307584349)|STATEMENT_EXECUTE|[48]
13:21:13.0 (309580191)|CALLOUT_REQUEST|[48]|System.HttpRequest[Endpoint=https://maps.googleapis.com/maps/api/geocode/xml?address=3401+Walnut+Street%2CPhiladelphia%2CPA%2CUSA%2C19104%2C&sensor=true, Method=GET]
13:21:13.0 (323936615)|HEAP_ALLOCATE|[EXTERNAL]|Bytes:743
13:21:13.0 (323998216)|CALLOUT_RESPONSE|[48]|System.HttpResponse[Status=OK, StatusCode=200]
13:21:13.0 (324010489)|HEAP_ALLOCATE|[48]|Bytes:314
13:21:13.0 (324072051)|VARIABLE_ASSIGNMENT|[48]|res|"System.HttpResponse[Status=OK, StatusCode=200]"|0x40897813
13:21:13.0 (324081041)|STATEMENT_EXECUTE|[59]
13:21:13.0 (324177311)|VARIABLE_SCOPE_BEGIN|[59]|doc|dom.Document|true|false
13:21:13.0 (324212604)|VARIABLE_ASSIGNMENT|[59]|doc|"Document[]"|0x43c09faa
13:21:13.0 (324218777)|STATEMENT_EXECUTE|[61]
13:21:13.0 (324238735)|VARIABLE_SCOPE_BEGIN|[61]|geocodeResponse|dom.XmlNode|true|false
13:21:13.0 (324295426)|VARIABLE_ASSIGNMENT|[61]|geocodeResponse|"XMLNode[ELEMENT,GeocodeResponse,null,null,null,[XMLNode[TEXT,null,null,null,null,null,\n ,], XMLNode[ELEMENT,status,null,null,null,[XMLNode[TEXT,null,null,null,null,null,OVER_QUERY_LIMIT,]],null,], XMLNode[TEXT,null,null,null,null,null,\n ,], XMLNode[ELEMENT,error_message,null,null,null,[XMLNode[TEXT,null,null,null,null,null,You have exceeded your daily request quota for this API. We recommend registering for a key at the Google Developers Console: https://console.developers.google.com/,]],null,], XMLNode[TEXT,null,null,null,null,null,\n,]],null,]"|0x5fa4947e
13:21:13.0 (324305421)|STATEMENT_EXECUTE|[62]
13:21:13.0 (324307249)|STATEMENT_EXECUTE|[64]
13:21:13.0 (324326133)|VARIABLE_SCOPE_BEGIN|[64]|result|dom.XmlNode|true|false
13:21:13.0 (324333573)|VARIABLE_ASSIGNMENT|[64]|result|null|
13:21:13.0 (324336860)|STATEMENT_EXECUTE|[65]
13:21:13.0 (324355131)|HEAP_ALLOCATE|[17]|Bytes:5
13:21:13.0 (324382945)|HEAP_ALLOCATE|[17]|Bytes:32
13:21:13.0 (324392858)|VARIABLE_SCOPE_BEGIN|[17]|acc|Account|true|false
13:21:13.0 (324417495)|VARIABLE_ASSIGNMENT|[17]|acc|{"s":1,"v":{"Id":"00136000008NvtsAAC","Name":"Big Sky & Sons","BillingStreet":"6039 E Northwest Hwy","BillingCity":"Dallas","BillingState":"TX","BillingCountry":"USA","BillingPostalCode":"75225"}}|0x75299d90
13:21:13.0 (324423291)|STATEMENT_EXECUTE|[17]
13:21:13.0 (324425146)|STATEMENT_EXECUTE|[18]
13:21:13.0 (324442437)|HEAP_ALLOCATE|[18]|Bytes:42
13:21:13.0 (324455386)|USER_DEBUG|[18]|DEBUG|Starting encode for account Big Sky & Sons
13:21:13.0 (324461572)|STATEMENT_EXECUTE|[19]
13:21:13.0 (324465077)|VARIABLE_SCOPE_BEGIN|[19]|address|String|false|false
13:21:13.0 (324471112)|VARIABLE_ASSIGNMENT|[19]|address|""
13:21:13.0 (324477852)|STATEMENT_EXECUTE|[21]
13:21:13.0 (324479506)|STATEMENT_EXECUTE|[22]
13:21:13.0 (324485199)|HEAP_ALLOCATE|[22]|Bytes:21
13:21:13.0 (324489546)|HEAP_ALLOCATE|[22]|Bytes:21
13:21:13.0 (324496728)|VARIABLE_ASSIGNMENT|[22]|address|"6039 E Northwest Hwy (1 more) ..."
13:21:13.0 (324503317)|STATEMENT_EXECUTE|[24]
13:21:13.0 (324505151)|STATEMENT_EXECUTE|[25]
13:21:13.0 (324510735)|HEAP_ALLOCATE|[25]|Bytes:7
13:21:13.0 (324514911)|HEAP_ALLOCATE|[25]|Bytes:28
13:21:13.0 (324520654)|VARIABLE_ASSIGNMENT|[25]|address|"6039 E Northwest Hwy (8 more) ..."
13:21:13.0 (324526419)|STATEMENT_EXECUTE|[27]
13:21:13.0 (324528261)|STATEMENT_EXECUTE|[28]
13:21:13.0 (324533162)|HEAP_ALLOCATE|[28]|Bytes:3
13:21:13.0 (324537089)|HEAP_ALLOCATE|[28]|Bytes:31
13:21:13.0 (324542939)|VARIABLE_ASSIGNMENT|[28]|address|"6039 E Northwest Hwy (11 more) ..."
13:21:13.0 (324548993)|STATEMENT_EXECUTE|[30]
13:21:13.0 (324550705)|STATEMENT_EXECUTE|[31]
13:21:13.0 (324555594)|HEAP_ALLOCATE|[31]|Bytes:4
13:21:13.0 (324559649)|HEAP_ALLOCATE|[31]|Bytes:35
13:21:13.0 (324565282)|VARIABLE_ASSIGNMENT|[31]|address|"6039 E Northwest Hwy (15 more) ..."
13:21:13.0 (324571010)|STATEMENT_EXECUTE|[33]
13:21:13.0 (324572672)|STATEMENT_EXECUTE|[34]
13:21:13.0 (324577523)|HEAP_ALLOCATE|[34]|Bytes:6
13:21:13.0 (324581737)|HEAP_ALLOCATE|[34]|Bytes:41
13:21:13.0 (324587187)|VARIABLE_ASSIGNMENT|[34]|address|"6039 E Northwest Hwy (21 more) ..."
13:21:13.0 (324600440)|STATEMENT_EXECUTE|[37]
13:21:13.0 (324602224)|STATEMENT_EXECUTE|[38]
13:21:13.0 (324613693)|VARIABLE_SCOPE_BEGIN|[38]|req|System.HttpRequest|true|false
13:21:13.0 (324651631)|VARIABLE_ASSIGNMENT|[38]|req|"System.HttpRequest[Endpoint=null, Method=null]"|0x7eeb2ac6
13:21:13.0 (324657455)|STATEMENT_EXECUTE|[39]
13:21:13.0 (324667910)|USER_DEBUG|[39]|DEBUG|Address is not blank
13:21:13.0 (324673206)|STATEMENT_EXECUTE|[41]
13:21:13.0 (324682473)|METHOD_ENTRY|[41]||System.EncodingUtil.urlEncode(String, String)
13:21:13.0 (324717583)|METHOD_EXIT|[41]||System.EncodingUtil.urlEncode(String, String)
13:21:13.0 (324726991)|VARIABLE_ASSIGNMENT|[41]|address|"6039+E+Northwest+Hwy (31 more) ..."
13:21:13.0 (324730834)|STATEMENT_EXECUTE|[42]
13:21:13.0 (324735987)|HEAP_ALLOCATE|[42]|Bytes:62
13:21:13.0 (324744289)|USER_DEBUG|[42]|DEBUG|address is 6039+E+Northwest+Hwy%2CDallas%2CTX%2CUSA%2C75225%2C
13:21:13.0 (324749062)|STATEMENT_EXECUTE|[43]
13:21:13.0 (324754226)|HEAP_ALLOCATE|[43]|Bytes:120
13:21:13.0 (324770662)|STATEMENT_EXECUTE|[44]
13:21:13.0 (324780005)|STATEMENT_EXECUTE|[45]
13:21:13.0 (324788501)|VARIABLE_SCOPE_BEGIN|[45]|http|System.Http|true|false
13:21:13.0 (324824206)|VARIABLE_ASSIGNMENT|[45]|http|"System.Http[]"|0x42eda346
13:21:13.0 (324829806)|STATEMENT_EXECUTE|[46]
13:21:13.0 (324832879)|VARIABLE_SCOPE_BEGIN|[46]|res|System.HttpResponse|true|false
13:21:13.0 (324838339)|VARIABLE_ASSIGNMENT|[46]|res|null|
13:21:13.0 (324845810)|METHOD_ENTRY|[47]||System.Test.isRunningTest()
13:21:13.0 (324856784)|METHOD_EXIT|[47]||System.Test.isRunningTest()
13:21:13.0 (324862197)|STATEMENT_EXECUTE|[47]
13:21:13.0 (324863914)|STATEMENT_EXECUTE|[48]
13:21:13.0 (326923664)|CALLOUT_REQUEST|[48]|System.HttpRequest[Endpoint=https://maps.googleapis.com/maps/api/geocode/xml?address=6039+E+Northwest+Hwy%2CDallas%2CTX%2CUSA%2C75225%2C&sensor=true, Method=GET]
13:21:13.0 (341702874)|HEAP_ALLOCATE|[EXTERNAL]|Bytes:743
13:21:13.0 (341769668)|CALLOUT_RESPONSE|[48]|System.HttpResponse[Status=OK, StatusCode=200]
13:21:13.0 (341787043)|HEAP_ALLOCATE|[48]|Bytes:314
13:21:13.0 (341844706)|VARIABLE_ASSIGNMENT|[48]|res|"System.HttpResponse[Status=OK, StatusCode=200]"|0x5baabf66
13:21:13.0 (341854202)|STATEMENT_EXECUTE|[59]
13:21:13.0 (341959960)|VARIABLE_SCOPE_BEGIN|[59]|doc|dom.Document|true|false
13:21:13.0 (341994615)|VARIABLE_ASSIGNMENT|[59]|doc|"Document[]"|0x3df88333
13:21:13.0 (342001078)|STATEMENT_EXECUTE|[61]
13:21:13.0 (342023569)|VARIABLE_SCOPE_BEGIN|[61]|geocodeResponse|dom.XmlNode|true|false
13:21:13.0 (342088970)|VARIABLE_ASSIGNMENT|[61]|geocodeResponse|"XMLNode[ELEMENT,GeocodeResponse,null,null,null,[XMLNode[TEXT,null,null,null,null,null,\n ,], XMLNode[ELEMENT,status,null,null,null,[XMLNode[TEXT,null,null,null,null,null,OVER_QUERY_LIMIT,]],null,], XMLNode[TEXT,null,null,null,null,null,\n ,], XMLNode[ELEMENT,error_message,null,null,null,[XMLNode[TEXT,null,null,null,null,null,You have exceeded your daily request quota for this API. We recommend registering for a key at the Google Developers Console: https://console.developers.google.com/,]],null,], XMLNode[TEXT,null,null,null,null,null,\n,]],null,]"|0x71a9979d
13:21:13.0 (342099290)|STATEMENT_EXECUTE|[62]
13:21:13.0 (342101411)|STATEMENT_EXECUTE|[64]
13:21:13.0 (342121807)|VARIABLE_SCOPE_BEGIN|[64]|result|dom.XmlNode|true|false
13:21:13.0 (342129929)|VARIABLE_ASSIGNMENT|[64]|result|null|
13:21:13.0 (342133635)|STATEMENT_EXECUTE|[65]
13:21:13.0 (342155400)|HEAP_ALLOCATE|[17]|Bytes:5
13:21:13.0 (342187438)|HEAP_ALLOCATE|[17]|Bytes:32
13:21:13.0 (342198318)|VARIABLE_SCOPE_BEGIN|[17]|acc|Account|true|false
13:21:13.0 (342224061)|VARIABLE_ASSIGNMENT|[17]|acc|{"s":1,"v":{"Id":"00136000008NvttAAC","Name":"Bob Warkentine","BillingStreet":"828 7th Ave # 11F","BillingCity":"New York","BillingState":"NY","BillingCountry":"USA","BillingPostalCode":"10019"}}|0x30954593
13:21:13.0 (342230161)|STATEMENT_EXECUTE|[17]
13:21:13.0 (342232022)|STATEMENT_EXECUTE|[18]
13:21:13.0 (342250770)|HEAP_ALLOCATE|[18]|Bytes:42
13:21:13.0 (342265980)|USER_DEBUG|[18]|DEBUG|Starting encode for account Bob Warkentine
13:21:13.0 (342272201)|STATEMENT_EXECUTE|[19]
13:21:13.0 (342276184)|VARIABLE_SCOPE_BEGIN|[19]|address|String|false|false
13:21:13.0 (342282243)|VARIABLE_ASSIGNMENT|[19]|address|""
13:21:13.0 (342289398)|STATEMENT_EXECUTE|[21]
13:21:13.0 (342291169)|STATEMENT_EXECUTE|[22]
13:21:13.0 (342296922)|HEAP_ALLOCATE|[22]|Bytes:18
13:21:13.0 (342301477)|HEAP_ALLOCATE|[22]|Bytes:18
13:21:13.0 (342307019)|VARIABLE_ASSIGNMENT|[22]|address|"828 7th Ave # 11F,"
13:21:13.0 (342313447)|STATEMENT_EXECUTE|[24]
13:21:13.0 (342315199)|STATEMENT_EXECUTE|[25]
13:21:13.0 (342320491)|HEAP_ALLOCATE|[25]|Bytes:9
13:21:13.0 (342324820)|HEAP_ALLOCATE|[25]|Bytes:27
13:21:13.0 (342331083)|VARIABLE_ASSIGNMENT|[25]|address|"828 7th Ave # 11F,Ne (7 more) ..."
13:21:13.0 (342337146)|STATEMENT_EXECUTE|[27]
13:21:13.0 (342338812)|STATEMENT_EXECUTE|[28]
13:21:13.0 (342343823)|HEAP_ALLOCATE|[28]|Bytes:3
13:21:13.0 (342347810)|HEAP_ALLOCATE|[28]|Bytes:30
13:21:13.0 (342353736)|VARIABLE_ASSIGNMENT|[28]|address|"828 7th Ave # 11F,Ne (10 more) ..."
13:21:13.0 (342359587)|STATEMENT_EXECUTE|[30]
13:21:13.0 (342361243)|STATEMENT_EXECUTE|[31]
13:21:13.0 (342366310)|HEAP_ALLOCATE|[31]|Bytes:4
13:21:13.0 (342370550)|HEAP_ALLOCATE|[31]|Bytes:34
13:21:13.0 (342376228)|VARIABLE_ASSIGNMENT|[31]|address|"828 7th Ave # 11F,Ne (14 more) ..."
13:21:13.0 (342382003)|STATEMENT_EXECUTE|[33]
13:21:13.0 (342383623)|STATEMENT_EXECUTE|[34]
13:21:13.0 (342388568)|HEAP_ALLOCATE|[34]|Bytes:6
13:21:13.0 (342392443)|HEAP_ALLOCATE|[34]|Bytes:40
13:21:13.0 (342398043)|VARIABLE_ASSIGNMENT|[34]|address|"828 7th Ave # 11F,Ne (20 more) ..."
13:21:13.0 (342412309)|STATEMENT_EXECUTE|[37]
13:21:13.0 (342414084)|STATEMENT_EXECUTE|[38]
13:21:13.0 (342426110)|VARIABLE_SCOPE_BEGIN|[38]|req|System.HttpRequest|true|false
13:21:13.0 (342464006)|VARIABLE_ASSIGNMENT|[38]|req|"System.HttpRequest[Endpoint=null, Method=null]"|0x3e4a9d68
13:21:13.0 (342470129)|STATEMENT_EXECUTE|[39]
13:21:13.0 (342480667)|USER_DEBUG|[39]|DEBUG|Address is not blank
13:21:13.0 (342486069)|STATEMENT_EXECUTE|[41]
13:21:13.0 (342497184)|METHOD_ENTRY|[41]||System.EncodingUtil.urlEncode(String, String)
13:21:13.0 (342536370)|METHOD_EXIT|[41]||System.EncodingUtil.urlEncode(String, String)
13:21:13.0 (342545945)|VARIABLE_ASSIGNMENT|[41]|address|"828+7th+Ave+%23+11F% (32 more) ..."
13:21:13.0 (342549831)|STATEMENT_EXECUTE|[42]
13:21:13.0 (342554972)|HEAP_ALLOCATE|[42]|Bytes:63
13:21:13.0 (342563671)|USER_DEBUG|[42]|DEBUG|address is 828+7th+Ave+%23+11F%2CNew+York%2CNY%2CUSA%2C10019%2C
13:21:13.0 (342571886)|STATEMENT_EXECUTE|[43]
13:21:13.0 (342578614)|HEAP_ALLOCATE|[43]|Bytes:121
13:21:13.0 (342596384)|STATEMENT_EXECUTE|[44]
13:21:13.0 (342606297)|STATEMENT_EXECUTE|[45]
13:21:13.0 (342615535)|VARIABLE_SCOPE_BEGIN|[45]|http|System.Http|true|false
13:21:13.0 (342651657)|VARIABLE_ASSIGNMENT|[45]|http|"System.Http[]"|0x7afa0291
13:21:13.0 (342657475)|STATEMENT_EXECUTE|[46]
13:21:13.0 (342660866)|VARIABLE_SCOPE_BEGIN|[46]|res|System.HttpResponse|true|false
13:21:13.0 (342666408)|VARIABLE_ASSIGNMENT|[46]|res|null|
13:21:13.0 (342675213)|METHOD_ENTRY|[47]||System.Test.isRunningTest()
13:21:13.0 (342687220)|METHOD_EXIT|[47]||System.Test.isRunningTest()
13:21:13.0 (342693371)|STATEMENT_EXECUTE|[47]
13:21:13.0 (342695014)|STATEMENT_EXECUTE|[48]
13:21:13.0 (344737505)|CALLOUT_REQUEST|[48]|System.HttpRequest[Endpoint=https://maps.googleapis.com/maps/api/geocode/xml?address=828+7th+Ave+%23+11F%2CNew+York%2CNY%2CUSA%2C10019%2C&sensor=true, Method=GET]
13:21:13.0 (359507262)|HEAP_ALLOCATE|[EXTERNAL]|Bytes:743
13:21:13.0 (359579355)|CALLOUT_RESPONSE|[48]|System.HttpResponse[Status=OK, StatusCode=200]
13:21:13.0 (359595260)|HEAP_ALLOCATE|[48]|Bytes:314
13:21:13.0 (359659665)|VARIABLE_ASSIGNMENT|[48]|res|"System.HttpResponse[Status=OK, StatusCode=200]"|0x51a56933
13:21:13.0 (359671117)|STATEMENT_EXECUTE|[59]
13:21:13.0 (359779880)|VARIABLE_SCOPE_BEGIN|[59]|doc|dom.Document|true|false
13:21:13.0 (359814987)|VARIABLE_ASSIGNMENT|[59]|doc|"Document[]"|0xfe531a1
13:21:13.0 (359821264)|STATEMENT_EXECUTE|[61]
13:21:13.0 (359843433)|VARIABLE_SCOPE_BEGIN|[61]|geocodeResponse|dom.XmlNode|true|false
13:21:13.0 (359903651)|VARIABLE_ASSIGNMENT|[61]|geocodeResponse|"XMLNode[ELEMENT,GeocodeResponse,null,null,null,[XMLNode[TEXT,null,null,null,null,null,\n ,], XMLNode[ELEMENT,status,null,null,null,[XMLNode[TEXT,null,null,null,null,null,OVER_QUERY_LIMIT,]],null,], XMLNode[TEXT,null,null,null,null,null,\n ,], XMLNode[ELEMENT,error_message,null,null,null,[XMLNode[TEXT,null,null,null,null,null,You have exceeded your daily request quota for this API. We recommend registering for a key at the Google Developers Console: https://console.developers.google.com/,]],null,], XMLNode[TEXT,null,null,null,null,null,\n,]],null,]"|0x5c895596
13:21:13.0 (359913436)|STATEMENT_EXECUTE|[62]
13:21:13.0 (359915436)|STATEMENT_EXECUTE|[64]
13:21:13.0 (359936704)|VARIABLE_SCOPE_BEGIN|[64]|result|dom.XmlNode|true|false
13:21:13.0 (359944290)|VARIABLE_ASSIGNMENT|[64]|result|null|
13:21:13.0 (359947869)|STATEMENT_EXECUTE|[65]
13:21:13.0 (359972844)|HEAP_ALLOCATE|[17]|Bytes:5
13:21:13.0 (360010011)|HEAP_ALLOCATE|[17]|Bytes:32
13:21:13.0 (360021921)|VARIABLE_SCOPE_BEGIN|[17]|acc|Account|true|false
13:21:13.0 (360054537)|VARIABLE_ASSIGNMENT|[17]|acc|{"s":1,"v":{"Id":"00136000008NvtuAAC","Name":"Bronze Partners","BillingStreet":"500 Market Street","BillingCity":"San Francisco","BillingState":"California","BillingCountry":"United States","BillingPostalCode":"94105-5188"}}|0x4dca0f46
13:21:13.0 (360061185)|STATEMENT_EXECUTE|[17]
13:21:13.0 (360063042)|STATEMENT_EXECUTE|[18]
13:21:13.0 (360084089)|HEAP_ALLOCATE|[18]|Bytes:43
13:21:13.0 (360099968)|USER_DEBUG|[18]|DEBUG|Starting encode for account Bronze Partners
13:21:13.0 (360106136)|STATEMENT_EXECUTE|[19]
13:21:13.0 (360109918)|VARIABLE_SCOPE_BEGIN|[19]|address|String|false|false
13:21:13.0 (360116333)|VARIABLE_ASSIGNMENT|[19]|address|""
13:21:13.0 (360123589)|STATEMENT_EXECUTE|[21]
13:21:13.0 (360125627)|STATEMENT_EXECUTE|[22]
13:21:13.0 (360137806)|HEAP_ALLOCATE|[22]|Bytes:18
13:21:13.0 (360142651)|HEAP_ALLOCATE|[22]|Bytes:18
13:21:13.0 (360148614)|VARIABLE_ASSIGNMENT|[22]|address|"500 Market Street,"
13:21:13.0 (360155966)|STATEMENT_EXECUTE|[24]
13:21:13.0 (360157831)|STATEMENT_EXECUTE|[25]
13:21:13.0 (360163155)|HEAP_ALLOCATE|[25]|Bytes:14
13:21:13.0 (360167216)|HEAP_ALLOCATE|[25]|Bytes:32
13:21:13.0 (360173299)|VARIABLE_ASSIGNMENT|[25]|address|"500 Market Street,Sa (12 more) ..."
13:21:13.0 (360179358)|STATEMENT_EXECUTE|[27]
13:21:13.0 (360181050)|STATEMENT_EXECUTE|[28]
13:21:13.0 (360186234)|HEAP_ALLOCATE|[28]|Bytes:11
13:21:13.0 (360190094)|HEAP_ALLOCATE|[28]|Bytes:43
13:21:13.0 (360195556)|VARIABLE_ASSIGNMENT|[28]|address|"500 Market Street,Sa (23 more) ..."
13:21:13.0 (360201350)|STATEMENT_EXECUTE|[30]
13:21:13.0 (360203164)|STATEMENT_EXECUTE|[31]
13:21:13.0 (360208329)|HEAP_ALLOCATE|[31]|Bytes:14
13:21:13.0 (360212703)|HEAP_ALLOCATE|[31]|Bytes:57
13:21:13.0 (360218040)|VARIABLE_ASSIGNMENT|[31]|address|"500 Market Street,Sa (37 more) ..."
13:21:13.0 (360224098)|STATEMENT_EXECUTE|[33]
13:21:13.0 (360225872)|STATEMENT_EXECUTE|[34]
13:21:13.0 (360231020)|HEAP_ALLOCATE|[34]|Bytes:11
13:21:13.0 (360234920)|HEAP_ALLOCATE|[34]|Bytes:68
13:21:13.0 (360240477)|VARIABLE_ASSIGNMENT|[34]|address|"500 Market Street,Sa (48 more) ..."
13:21:13.0 (360256160)|STATEMENT_EXECUTE|[37]
13:21:13.0 (360258161)|STATEMENT_EXECUTE|[38]
13:21:13.0 (360270941)|VARIABLE_SCOPE_BEGIN|[38]|req|System.HttpRequest|true|false
13:21:13.0 (360308528)|VARIABLE_ASSIGNMENT|[38]|req|"System.HttpRequest[Endpoint=null, Method=null]"|0x37dc0b3d
13:21:13.0 (360314486)|STATEMENT_EXECUTE|[39]
13:21:13.0 (360325256)|USER_DEBUG|[39]|DEBUG|Address is not blank
13:21:13.0 (360330516)|STATEMENT_EXECUTE|[41]
13:21:13.0 (360341499)|METHOD_ENTRY|[41]||System.EncodingUtil.urlEncode(String, String)
13:21:13.0 (360381244)|METHOD_EXIT|[41]||System.EncodingUtil.urlEncode(String, String)
13:21:13.0 (360390667)|VARIABLE_ASSIGNMENT|[41]|address|"500+Market+Street%2C (58 more) ..."
13:21:13.0 (360394369)|STATEMENT_EXECUTE|[42]
13:21:13.0 (360399814)|HEAP_ALLOCATE|[42]|Bytes:89
13:21:13.0 (360408879)|USER_DEBUG|[42]|DEBUG|address is 500+Market+Street%2CSan+Francisco%2CCalifornia%2CUnited+States%2C94105-5188%2C
13:21:13.0 (360413814)|STATEMENT_EXECUTE|[43]
13:21:13.0 (360420573)|HEAP_ALLOCATE|[43]|Bytes:147
13:21:13.0 (360438501)|STATEMENT_EXECUTE|[44]
13:21:13.0 (360449658)|STATEMENT_EXECUTE|[45]
13:21:13.0 (360459057)|VARIABLE_SCOPE_BEGIN|[45]|http|System.Http|true|false
13:21:13.0 (360494665)|VARIABLE_ASSIGNMENT|[45]|http|"System.Http[]"|0x7a19e1f
13:21:13.0 (360500363)|STATEMENT_EXECUTE|[46]
13:21:13.0 (360503531)|VARIABLE_SCOPE_BEGIN|[46]|res|System.HttpResponse|true|false
13:21:13.0 (360508820)|VARIABLE_ASSIGNMENT|[46]|res|null|
13:21:13.0 (360517905)|METHOD_ENTRY|[47]||System.Test.isRunningTest()
13:21:13.0 (360530321)|METHOD_EXIT|[47]||System.Test.isRunningTest()
13:21:13.0 (360536371)|STATEMENT_EXECUTE|[47]
13:21:13.0 (360538384)|STATEMENT_EXECUTE|[48]
13:21:13.0 (362626916)|CALLOUT_REQUEST|[48]|System.HttpRequest[Endpoint=https://maps.googleapis.com/maps/api/geocode/xml?address=500+Market+Street%2CSan+Francisco%2CCalifornia%2CUnited+States%2C94105-5188%2C&sensor=true, Method=GET]
13:21:13.0 (377232091)|HEAP_ALLOCATE|[EXTERNAL]|Bytes:743
13:21:13.0 (377313912)|CALLOUT_RESPONSE|[48]|System.HttpResponse[Status=OK, StatusCode=200]
13:21:13.0 (377334173)|HEAP_ALLOCATE|[48]|Bytes:314
13:21:13.0 (377411665)|VARIABLE_ASSIGNMENT|[48]|res|"System.HttpResponse[Status=OK, StatusCode=200]"|0x492c31e9
13:21:13.0 (377424377)|STATEMENT_EXECUTE|[59]
13:21:13.0 (377550787)|VARIABLE_SCOPE_BEGIN|[59]|doc|dom.Document|true|false
13:21:13.0 (377587980)|VARIABLE_ASSIGNMENT|[59]|doc|"Document[]"|0xbc9112a
13:21:13.0 (377594458)|STATEMENT_EXECUTE|[61]
13:21:13.0 (377617137)|VARIABLE_SCOPE_BEGIN|[61]|geocodeResponse|dom.XmlNode|true|false
13:21:13.0 (377677040)|VARIABLE_ASSIGNMENT|[61]|geocodeResponse|"XMLNode[ELEMENT,GeocodeResponse,null,null,null,[XMLNode[TEXT,null,null,null,null,null,\n ,], XMLNode[ELEMENT,status,null,null,null,[XMLNode[TEXT,null,null,null,null,null,OVER_QUERY_LIMIT,]],null,], XMLNode[TEXT,null,null,null,null,null,\n ,], XMLNode[ELEMENT,error_message,null,null,null,[XMLNode[TEXT,null,null,null,null,null,You have exceeded your daily request quota for this API. We recommend registering for a key at the Google Developers Console: https://console.developers.google.com/,]],null,], XMLNode[TEXT,null,null,null,null,null,\n,]],null,]"|0x4f0ab819
13:21:13.0 (377686818)|STATEMENT_EXECUTE|[62]
13:21:13.0 (377688762)|STATEMENT_EXECUTE|[64]
13:21:13.0 (377708079)|VARIABLE_SCOPE_BEGIN|[64]|result|dom.XmlNode|true|false
13:21:13.0 (377715746)|VARIABLE_ASSIGNMENT|[64]|result|null|
13:21:13.0 (377719183)|STATEMENT_EXECUTE|[65]
13:21:13.0 (377741722)|HEAP_ALLOCATE|[17]|Bytes:5
13:21:13.0 (377775344)|HEAP_ALLOCATE|[17]|Bytes:32
13:21:13.0 (377786600)|VARIABLE_SCOPE_BEGIN|[17]|acc|Account|true|false
13:21:13.0 (377810884)|VARIABLE_ASSIGNMENT|[17]|acc|{"s":1,"v":{"Id":"00136000008NvtvAAC","Name":"Chip Colli","BillingStreet":"2115 1st Ave W.","BillingCity":"Seattle","BillingState":"WA","BillingCountry":"USA","BillingPostalCode":"98119"}}|0x69645944
13:21:13.0 (377816706)|STATEMENT_EXECUTE|[17]
13:21:13.0 (377818643)|STATEMENT_EXECUTE|[18]
13:21:13.0 (377850094)|HEAP_ALLOCATE|[18]|Bytes:38
13:21:13.0 (377871296)|USER_DEBUG|[18]|DEBUG|Starting encode for account Chip Colli
13:21:13.0 (377882615)|STATEMENT_EXECUTE|[19]
13:21:13.0 (377889356)|VARIABLE_SCOPE_BEGIN|[19]|address|String|false|false
13:21:13.0 (377899349)|VARIABLE_ASSIGNMENT|[19]|address|""
13:21:13.0 (377909288)|STATEMENT_EXECUTE|[21]
13:21:13.0 (377911112)|STATEMENT_EXECUTE|[22]
13:21:13.0 (377918117)|HEAP_ALLOCATE|[22]|Bytes:16
13:21:13.0 (377923320)|HEAP_ALLOCATE|[22]|Bytes:16
13:21:13.0 (377929343)|VARIABLE_ASSIGNMENT|[22]|address|"2115 1st Ave W.,"
13:21:13.0 (377936250)|STATEMENT_EXECUTE|[24]
13:21:13.0 (377938436)|STATEMENT_EXECUTE|[25]
13:21:13.0 (377943639)|HEAP_ALLOCATE|[25]|Bytes:8
13:21:13.0 (377947917)|HEAP_ALLOCATE|[25]|Bytes:24
13:21:13.0 (377954391)|VARIABLE_ASSIGNMENT|[25]|address|"2115 1st Ave W.,Seat (4 more) ..."
13:21:13.0 (377960251)|STATEMENT_EXECUTE|[27]
13:21:13.0 (377961987)|STATEMENT_EXECUTE|[28]
13:21:13.0 (377967128)|HEAP_ALLOCATE|[28]|Bytes:3
13:21:13.0 (377971020)|HEAP_ALLOCATE|[28]|Bytes:27
13:21:13.0 (377976583)|VARIABLE_ASSIGNMENT|[28]|address|"2115 1st Ave W.,Seat (7 more) ..."
13:21:13.0 (377982190)|STATEMENT_EXECUTE|[30]
13:21:13.0 (377983818)|STATEMENT_EXECUTE|[31]
13:21:13.0 (377988885)|HEAP_ALLOCATE|[31]|Bytes:4
13:21:13.0 (377993110)|HEAP_ALLOCATE|[31]|Bytes:31
13:21:13.0 (377998788)|VARIABLE_ASSIGNMENT|[31]|address|"2115 1st Ave W.,Seat (11 more) ..."
13:21:13.0 (378005008)|STATEMENT_EXECUTE|[33]
13:21:13.0 (378007557)|STATEMENT_EXECUTE|[34]
13:21:13.0 (378012646)|HEAP_ALLOCATE|[34]|Bytes:6
13:21:13.0 (378016670)|HEAP_ALLOCATE|[34]|Bytes:37
13:21:13.0 (378022604)|VARIABLE_ASSIGNMENT|[34]|address|"2115 1st Ave W.,Seat (17 more) ..."
13:21:13.0 (378037484)|STATEMENT_EXECUTE|[37]
13:21:13.0 (378039349)|STATEMENT_EXECUTE|[38]
13:21:13.0 (378056401)|VARIABLE_SCOPE_BEGIN|[38]|req|System.HttpRequest|true|false
13:21:13.0 (378107278)|VARIABLE_ASSIGNMENT|[38]|req|"System.HttpRequest[Endpoint=null, Method=null]"|0x416f9ef8
13:21:13.0 (378116593)|STATEMENT_EXECUTE|[39]
13:21:13.0 (378131771)|USER_DEBUG|[39]|DEBUG|Address is not blank
13:21:13.0 (378141527)|STATEMENT_EXECUTE|[41]
13:21:13.0 (378155376)|METHOD_ENTRY|[41]||System.EncodingUtil.urlEncode(String, String)
13:21:13.0 (378200343)|METHOD_EXIT|[41]||System.EncodingUtil.urlEncode(String, String)
13:21:13.0 (378210599)|VARIABLE_ASSIGNMENT|[41]|address|"2115+1st+Ave+W.%2CSe (27 more) ..."
13:21:13.0 (378214706)|STATEMENT_EXECUTE|[42]
13:21:13.0 (378220602)|HEAP_ALLOCATE|[42]|Bytes:58
13:21:13.0 (378230197)|USER_DEBUG|[42]|DEBUG|address is 2115+1st+Ave+W.%2CSeattle%2CWA%2CUSA%2C98119%2C
13:21:13.0 (378235124)|STATEMENT_EXECUTE|[43]
13:21:13.0 (378241089)|HEAP_ALLOCATE|[43]|Bytes:116
13:21:13.0 (378259292)|STATEMENT_EXECUTE|[44]
13:21:13.0 (378269153)|STATEMENT_EXECUTE|[45]
13:21:13.0 (378279293)|VARIABLE_SCOPE_BEGIN|[45]|http|System.Http|true|false
13:21:13.0 (378316561)|VARIABLE_ASSIGNMENT|[45]|http|"System.Http[]"|0x183c2d9a
13:21:13.0 (378322447)|STATEMENT_EXECUTE|[46]
13:21:13.0 (378325708)|VARIABLE_SCOPE_BEGIN|[46]|res|System.HttpResponse|true|false
13:21:13.0 (378331337)|VARIABLE_ASSIGNMENT|[46]|res|null|
13:21:13.0 (378340380)|METHOD_ENTRY|[47]||System.Test.isRunningTest()
13:21:13.0 (378352524)|METHOD_EXIT|[47]||System.Test.isRunningTest()
13:21:13.0 (378358322)|STATEMENT_EXECUTE|[47]
13:21:13.0 (378360005)|STATEMENT_EXECUTE|[48]
13:21:13.0 (380312761)|CALLOUT_REQUEST|[48]|System.HttpRequest[Endpoint=https://maps.googleapis.com/maps/api/geocode/xml?address=2115+1st+Ave+W.%2CSeattle%2CWA%2CUSA%2C98119%2C&sensor=true, Method=GET]
13:21:13.0 (394536879)|HEAP_ALLOCATE|[EXTERNAL]|Bytes:743
13:21:13.0 (394590111)|CALLOUT_RESPONSE|[48]|System.HttpResponse[Status=OK, StatusCode=200]
13:21:13.0 (394602600)|HEAP_ALLOCATE|[48]|Bytes:314
13:21:13.0 (394653487)|VARIABLE_ASSIGNMENT|[48]|res|"System.HttpResponse[Status=OK, StatusCode=200]"|0x3574896d
13:21:13.0 (394663064)|STATEMENT_EXECUTE|[59]
13:21:13.0 (394784210)|VARIABLE_SCOPE_BEGIN|[59]|doc|dom.Document|true|false
13:21:13.0 (394820342)|VARIABLE_ASSIGNMENT|[59]|doc|"Document[]"|0x140100b1
13:21:13.0 (394826941)|STATEMENT_EXECUTE|[61]
13:21:13.0 (394848158)|VARIABLE_SCOPE_BEGIN|[61]|geocodeResponse|dom.XmlNode|true|false
13:21:13.0 (394906153)|VARIABLE_ASSIGNMENT|[61]|geocodeResponse|"XMLNode[ELEMENT,GeocodeResponse,null,null,null,[XMLNode[TEXT,null,null,null,null,null,\n ,], XMLNode[ELEMENT,status,null,null,null,[XMLNode[TEXT,null,null,null,null,null,OVER_QUERY_LIMIT,]],null,], XMLNode[TEXT,null,null,null,null,null,\n ,], XMLNode[ELEMENT,error_message,null,null,null,[XMLNode[TEXT,null,null,null,null,null,You have exceeded your daily request quota for this API. We recommend registering for a key at the Google Developers Console: https://console.developers.google.com/,]],null,], XMLNode[TEXT,null,null,null,null,null,\n,]],null,]"|0x24dcbbd7
13:21:13.0 (394916546)|STATEMENT_EXECUTE|[62]
13:21:13.0 (394918553)|STATEMENT_EXECUTE|[64]
13:21:13.0 (394937517)|VARIABLE_SCOPE_BEGIN|[64]|result|dom.XmlNode|true|false
13:21:13.0 (394944685)|VARIABLE_ASSIGNMENT|[64]|result|null|
13:21:13.0 (394948034)|STATEMENT_EXECUTE|[65]
13:21:13.0 (394967768)|HEAP_ALLOCATE|[17]|Bytes:5
13:21:13.0 (394981146)|VARIABLE_ASSIGNMENT|[17]|acc|null|
13:21:13.0 (394985988)|STATEMENT_EXECUTE|[90]
13:21:13.0 (395083057)|DML_BEGIN|[90]|Op:Update|Type:Account|Rows:10
13:21:13.0 (395112642)|HEAP_ALLOCATE|[EXTERNAL]|Bytes:44
13:21:13.0 (417640706)|CODE_UNIT_STARTED|[EXTERNAL]|DuplicateDetector
13:21:13.0 (417658076)|DUPLICATE_DETECTION_BEGIN
13:21:13.0 (418312605)|DUPLICATE_DETECTION_RULE_INVOCATION|DuplicateRuleId:0Bm36000000pmhL|DuplicateRuleName:Standard Account duplicate rule|DmlType:UPDATE
13:21:13.0 (418319088)|DUPLICATE_DETECTION_END
13:21:13.0 (418364212)|CODE_UNIT_FINISHED|DuplicateDetector
13:21:13.0 (485528215)|DML_END|[90]
13:21:13.0 (485662715)|HEAP_ALLOCATE|[EXTERNAL]|Bytes:44
13:21:13.0 (485733737)|CODE_UNIT_FINISHED|BatchLatLongGenerator
13:21:13.0 (486938522)|EXECUTION_FINISHED
