36.0 APEX_CODE,FINEST;APEX_PROFILING,INFO;CALLOUT,INFO;DB,INFO;SYSTEM,DEBUG;VALIDATION,INFO;VISUALFORCE,INFO;WORKFLOW,INFO
12:27:39.0 (422332)|EXECUTION_STARTED
12:27:39.0 (450669)|CODE_UNIT_STARTED|[EXTERNAL]|01p360000052k4g|AccountGeoExtension.getLocalAccounts
12:27:39.0 (683110)|HEAP_ALLOCATE|[72]|Bytes:3
12:27:39.0 (751865)|HEAP_ALLOCATE|[77]|Bytes:152
12:27:39.0 (768522)|HEAP_ALLOCATE|[342]|Bytes:408
12:27:39.0 (785112)|HEAP_ALLOCATE|[355]|Bytes:408
12:27:39.0 (800500)|HEAP_ALLOCATE|[467]|Bytes:48
12:27:39.0 (826358)|HEAP_ALLOCATE|[139]|Bytes:6
12:27:39.0 (846510)|HEAP_ALLOCATE|[EXTERNAL]|Bytes:1
12:27:39.0 (877871)|HEAP_ALLOCATE|[EXTERNAL]|Bytes:4
12:27:39.0 (888326)|METHOD_ENTRY|[1]|01p360000052k4g|AccountGeoExtension.AccountGeoExtension()
12:27:39.0 (892821)|STATEMENT_EXECUTE|[1]
12:27:39.0 (898462)|STATEMENT_EXECUTE|[1]
12:27:39.0 (902484)|METHOD_EXIT|[1]|AccountGeoExtension
12:27:39.0 (920472)|HEAP_ALLOCATE|[EXTERNAL]|Bytes:28
12:27:39.0 (923646)|HEAP_ALLOCATE|[EXTERNAL]|Bytes:28
12:27:39.0 (925642)|HEAP_ALLOCATE|[EXTERNAL]|Bytes:28
12:27:39.0 (939767)|SYSTEM_MODE_ENTER|false
12:27:39.0 (1036756)|VARIABLE_SCOPE_BEGIN|[5]|latitude|Double|false|false
12:27:39.0 (1123611)|VARIABLE_ASSIGNMENT|[5]|latitude|33.849145
12:27:39.0 (1130190)|VARIABLE_SCOPE_BEGIN|[5]|longitude|Double|false|false
12:27:39.0 (1135390)|VARIABLE_ASSIGNMENT|[5]|longitude|-84.3620913
12:27:39.0 (1138724)|VARIABLE_SCOPE_BEGIN|[5]|maxDistance|Double|false|false
12:27:39.0 (1142504)|VARIABLE_ASSIGNMENT|[5]|maxDistance|40
12:27:39.0 (1153313)|STATEMENT_EXECUTE|[5]
12:27:39.0 (1155078)|STATEMENT_EXECUTE|[6]
12:27:39.0 (1159533)|HEAP_ALLOCATE|[6]|Bytes:24
12:27:39.0 (1230002)|HEAP_ALLOCATE|[6]|Bytes:9
12:27:39.0 (1242777)|HEAP_ALLOCATE|[6]|Bytes:12
12:27:39.0 (1254788)|HEAP_ALLOCATE|[6]|Bytes:11
12:27:39.0 (1262055)|HEAP_ALLOCATE|[6]|Bytes:11
12:27:39.0 (1271338)|HEAP_ALLOCATE|[6]|Bytes:2
12:27:39.0 (1286639)|HEAP_ALLOCATE|[6]|Bytes:69
12:27:39.0 (1323693)|HEAP_ALLOCATE|[50]|Bytes:5
12:27:39.0 (1343555)|HEAP_ALLOCATE|[56]|Bytes:5
12:27:39.0 (1351483)|HEAP_ALLOCATE|[64]|Bytes:7
12:27:39.0 (1384032)|USER_DEBUG|[6]|DEBUG|searching for latitude: 33.849145 longitude: -84.3620913 distance: 40
12:27:39.0 (1390914)|STATEMENT_EXECUTE|[7]
12:27:39.0 (1394674)|HEAP_ALLOCATE|[7]|Bytes:227
12:27:39.0 (1404003)|HEAP_ALLOCATE|[7]|Bytes:4
12:27:39.0 (1413212)|HEAP_ALLOCATE|[7]|Bytes:7
12:27:39.0 (1474795)|HEAP_ALLOCATE|[7]|Bytes:28
12:27:39.0 (1484922)|HEAP_ALLOCATE|[7]|Bytes:7
12:27:39.0 (1501796)|HEAP_ALLOCATE|[7]|Bytes:28
12:27:39.0 (1507834)|HEAP_ALLOCATE|[7]|Bytes:7
12:27:39.0 (1519226)|HEAP_ALLOCATE|[7]|Bytes:28
12:27:39.0 (5140465)|SOQL_EXECUTE_BEGIN|[7]|Aggregations:0|SELECT Name, Id, Owner.FirstName, Owner.LastName, Permanent_Partner_Manager__c, Partner_Manager__c, BillingLatitude, BillingLongitude FROM Account WHERE DISTANCE(BillingAddress, GEOLOCATION(:tmpVar1, :tmpVar2), 'mi') < :tmpVar3
12:27:39.0 (13462803)|SOQL_EXECUTE_END|[7]|Rows:0
12:27:39.0 (13480844)|HEAP_ALLOCATE|[7]|Bytes:4
12:27:39.0 (13492046)|HEAP_ALLOCATE|[7]|Bytes:0
12:27:39.0 (13522674)|HEAP_ALLOCATE|[7]|Bytes:4
12:27:39.0 (13534013)|VARIABLE_SCOPE_BEGIN|[7]|localAccounts|List<Account>|true|false
12:27:39.0 (13560099)|VARIABLE_ASSIGNMENT|[7]|localAccounts|{"s":1,"v":[]}|0x4c03eef6
12:27:39.0 (13563487)|STATEMENT_EXECUTE|[11]
12:27:39.0 (13567496)|HEAP_ALLOCATE|[11]|Bytes:7
12:27:39.0 (13663022)|HEAP_ALLOCATE|[11]|Bytes:1
12:27:39.0 (13675303)|HEAP_ALLOCATE|[11]|Bytes:9
12:27:39.0 (13686056)|HEAP_ALLOCATE|[11]|Bytes:17
12:27:39.0 (13697247)|USER_DEBUG|[11]|DEBUG| Found 0 accounts
12:27:39.0 (13702720)|STATEMENT_EXECUTE|[12]
12:27:39.0 (13715254)|SYSTEM_MODE_EXIT|false
12:27:39.13 (13754094)|CUMULATIVE_LIMIT_USAGE
12:27:39.13 (13754094)|LIMIT_USAGE_FOR_NS|(default)|
  Number of SOQL queries: 1 out of 100
  Number of query rows: 0 out of 50000
  Number of SOSL queries: 0 out of 20
  Number of DML statements: 0 out of 150
  Number of DML rows: 0 out of 10000
  Maximum CPU time: 0 out of 10000
  Maximum heap size: 0 out of 6000000
  Number of callouts: 0 out of 100
  Number of Email Invocations: 0 out of 10
  Number of future calls: 0 out of 50
  Number of queueable jobs added to the queue: 0 out of 50
  Number of Mobile Apex push calls: 0 out of 10

12:27:39.13 (13754094)|CUMULATIVE_LIMIT_USAGE_END

12:27:39.0 (13797989)|CODE_UNIT_FINISHED|AccountGeoExtension.getLocalAccounts
12:27:39.0 (15907288)|EXECUTION_FINISHED
