36.0 APEX_CODE,FINEST;APEX_PROFILING,INFO;CALLOUT,INFO;DB,INFO;SYSTEM,DEBUG;VALIDATION,INFO;VISUALFORCE,INFO;WORKFLOW,INFO
Execute Anonymous: BatchLatLongGenerator bJob = new BatchLatLongGenerator();
Execute Anonymous: Database.executeBatch(bJob,10);
13:21:13.8 (8679230)|EXECUTION_STARTED
13:21:13.8 (8690021)|CODE_UNIT_STARTED|[EXTERNAL]|execute_anonymous_apex
13:21:13.8 (10961361)|VARIABLE_SCOPE_BEGIN|[1]|bJob|BatchLatLongGenerator|true|false
13:21:13.8 (11095939)|HEAP_ALLOCATE|[72]|Bytes:3
13:21:13.8 (11153920)|HEAP_ALLOCATE|[77]|Bytes:152
13:21:13.8 (11169255)|HEAP_ALLOCATE|[342]|Bytes:408
13:21:13.8 (11185702)|HEAP_ALLOCATE|[355]|Bytes:408
13:21:13.8 (11202336)|HEAP_ALLOCATE|[467]|Bytes:48
13:21:13.8 (11234476)|HEAP_ALLOCATE|[139]|Bytes:6
13:21:13.8 (11260474)|HEAP_ALLOCATE|[EXTERNAL]|Bytes:3
13:21:13.8 (11297988)|STATEMENT_EXECUTE|[1]
13:21:13.8 (11301507)|STATEMENT_EXECUTE|[1]
13:21:13.8 (11306854)|HEAP_ALLOCATE|[1]|Bytes:77
13:21:13.8 (11311556)|HEAP_ALLOCATE|[1]|Bytes:10
13:21:13.8 (11315019)|HEAP_ALLOCATE|[1]|Bytes:14
13:21:13.8 (11344728)|METHOD_ENTRY|[1]|01p360000053AMn|BatchLatLongGenerator.BatchLatLongGenerator()
13:21:13.8 (11351048)|STATEMENT_EXECUTE|[1]
13:21:13.8 (11356538)|STATEMENT_EXECUTE|[1]
13:21:13.8 (11360986)|METHOD_EXIT|[1]|BatchLatLongGenerator
13:21:13.8 (11385581)|HEAP_ALLOCATE|[1]|Bytes:8
13:21:13.8 (11423826)|HEAP_ALLOCATE|[50]|Bytes:5
13:21:13.8 (11446441)|HEAP_ALLOCATE|[56]|Bytes:5
13:21:13.8 (11455789)|HEAP_ALLOCATE|[64]|Bytes:7
13:21:13.8 (11481578)|SYSTEM_MODE_ENTER|false
13:21:13.8 (11513464)|HEAP_ALLOCATE|[1]|Bytes:5
13:21:13.8 (11538065)|CONSTRUCTOR_ENTRY|[1]|01p360000053AMn|<init>()
13:21:13.8 (11571295)|VARIABLE_SCOPE_BEGIN|[6]|this|BatchLatLongGenerator|true|false
13:21:13.8 (11629499)|VARIABLE_ASSIGNMENT|[6]|this|{}|0x2e0ac565
13:21:13.8 (11636189)|STATEMENT_EXECUTE|[1]
13:21:13.8 (11637732)|STATEMENT_EXECUTE|[3]
13:21:13.8 (11645632)|HEAP_ALLOCATE|[8]|Bytes:6
13:21:13.8 (11667576)|STATEMENT_EXECUTE|[6]
13:21:13.8 (11669495)|STATEMENT_EXECUTE|[8]
13:21:13.8 (11672566)|HEAP_ALLOCATE|[8]|Bytes:135
13:21:13.8 (11692037)|VARIABLE_ASSIGNMENT|[8]|this.query|"Select Id, Name, Bil (115 more) ..."|0x2e0ac565
13:21:13.8 (11706694)|CONSTRUCTOR_EXIT|[1]|01p360000053AMn|<init>()
13:21:13.8 (11714742)|SYSTEM_MODE_EXIT|false
13:21:13.8 (11740799)|VARIABLE_ASSIGNMENT|[1]|bJob|{"query":"Select Id, Name, Bil (115 more) ..."}|0x2e0ac565
13:21:13.8 (11745190)|STATEMENT_EXECUTE|[2]
13:21:13.68 (68863309)|CUMULATIVE_LIMIT_USAGE
13:21:13.68 (68863309)|LIMIT_USAGE_FOR_NS|(default)|
  Number of SOQL queries: 0 out of 100
  Number of query rows: 0 out of 50000
  Number of SOSL queries: 0 out of 20
  Number of DML statements: 0 out of 150
  Number of DML rows: 0 out of 10000
  Maximum CPU time: 0 out of 10000
  Maximum heap size: 0 out of 6000000
  Number of callouts: 0 out of 100
  Number of Email Invocations: 0 out of 10
  Number of future calls: 0 out of 50
  Number of queueable jobs added to the queue: 0 out of 50
  Number of Mobile Apex push calls: 0 out of 10

13:21:13.68 (68863309)|CUMULATIVE_LIMIT_USAGE_END

13:21:13.8 (68907184)|CODE_UNIT_FINISHED|execute_anonymous_apex
13:21:13.8 (70437970)|EXECUTION_FINISHED
