36.0 APEX_CODE,FINEST;APEX_PROFILING,INFO;CALLOUT,INFO;DB,INFO;SYSTEM,DEBUG;VALIDATION,INFO;VISUALFORCE,INFO;WORKFLOW,INFO
13:17:22.0 (682932)|EXECUTION_STARTED
13:17:22.0 (725707)|CODE_UNIT_STARTED|[EXTERNAL]|01p360000053AMn|BatchLatLongGenerator
13:17:22.0 (3209292)|HEAP_ALLOCATE|[72]|Bytes:3
13:17:22.0 (3270485)|HEAP_ALLOCATE|[77]|Bytes:152
13:17:22.0 (3287973)|HEAP_ALLOCATE|[342]|Bytes:408
13:17:22.0 (3306147)|HEAP_ALLOCATE|[355]|Bytes:408
13:17:22.0 (3321860)|HEAP_ALLOCATE|[467]|Bytes:48
13:17:22.0 (3354512)|HEAP_ALLOCATE|[139]|Bytes:6
13:17:22.0 (4459016)|HEAP_ALLOCATE|[EXTERNAL]|Bytes:143
13:17:22.0 (16276876)|HEAP_ALLOCATE|[EXTERNAL]|Bytes:11
13:17:22.0 (16302923)|SYSTEM_METHOD_ENTRY|[15]|BatchableContextImpl.BatchableContextImpl()
13:17:22.0 (16312092)|STATEMENT_EXECUTE|[15]
13:17:22.0 (16325720)|SYSTEM_METHOD_EXIT|[15]|BatchableContextImpl
13:17:22.0 (16334941)|HEAP_ALLOCATE|[EXTERNAL]|Bytes:12
13:17:22.0 (16338263)|HEAP_ALLOCATE|[EXTERNAL]|Bytes:4
13:17:22.0 (16345604)|VARIABLE_SCOPE_BEGIN|[31]|this|Database.BatchableContextImpl|true|false
13:17:22.0 (16419051)|VARIABLE_ASSIGNMENT|[31]|this|{}|0x52087814
13:17:22.0 (16423718)|VARIABLE_SCOPE_BEGIN|[31]|jobId|Id|false|false
13:17:22.0 (16513581)|VARIABLE_ASSIGNMENT|[31]|jobId|"70736000006EdsqAAC"
13:17:22.0 (16519865)|VARIABLE_SCOPE_BEGIN|[31]|childJobId|Id|false|false
13:17:22.0 (16525776)|VARIABLE_ASSIGNMENT|[31]|childJobId|null
13:17:22.0 (17433932)|HEAP_ALLOCATE|[EXTERNAL]|Bytes:77
13:17:22.0 (17442953)|HEAP_ALLOCATE|[EXTERNAL]|Bytes:10
13:17:22.0 (17446268)|HEAP_ALLOCATE|[EXTERNAL]|Bytes:5
13:17:22.0 (17454590)|METHOD_ENTRY|[1]|01p360000053AMn|BatchLatLongGenerator.BatchLatLongGenerator()
13:17:22.0 (17462775)|STATEMENT_EXECUTE|[1]
13:17:22.0 (17470388)|STATEMENT_EXECUTE|[1]
13:17:22.0 (17474651)|METHOD_EXIT|[1]|BatchLatLongGenerator
13:17:22.0 (17479607)|HEAP_ALLOCATE|[EXTERNAL]|Bytes:8
13:17:22.0 (17482258)|HEAP_ALLOCATE|[EXTERNAL]|Bytes:12
13:17:22.0 (17489559)|VARIABLE_SCOPE_BEGIN|[11]|this|BatchLatLongGenerator|true|false
13:17:22.0 (17519798)|VARIABLE_ASSIGNMENT|[11]|this|{"query":"Select Id, Name, Bil (115 more) ..."}|0x522879b
13:17:22.0 (17525741)|VARIABLE_SCOPE_BEGIN|[11]|BC|Database.BatchableContext|true|false
13:17:22.0 (17586351)|VARIABLE_ASSIGNMENT|[11]|BC|{"jobId":"70736000006EdsqAAC"}|0x52087814
13:17:22.0 (17601282)|STATEMENT_EXECUTE|[11]
13:17:22.0 (17603776)|STATEMENT_EXECUTE|[12]
13:17:22.0 (17630685)|HEAP_ALLOCATE|[50]|Bytes:5
13:17:22.0 (17653128)|HEAP_ALLOCATE|[56]|Bytes:5
13:17:22.0 (17662701)|HEAP_ALLOCATE|[64]|Bytes:7
13:17:22.0 (20135566)|SOQL_EXECUTE_BEGIN|[12]|Aggregations:0|Select Id, Name, BillingLatitude,BillingLongitude,BillingStreet,BillingCity,BillingState, BillingCountry,BillingPostalCode from Account
13:17:22.0 (53612819)|SOQL_EXECUTE_END|[12]|Rows:63
13:17:22.0 (53719974)|HEAP_ALLOCATE|[12]|Bytes:20
13:17:22.79 (79282551)|CUMULATIVE_LIMIT_USAGE
13:17:22.79 (79282551)|LIMIT_USAGE_FOR_NS|(default)|
  Number of SOQL queries: 0 out of 200
  Number of query rows: 0 out of 50000
  Number of SOSL queries: 0 out of 20
  Number of DML statements: 0 out of 150
  Number of DML rows: 0 out of 10000
  Maximum CPU time: 0 out of 60000
  Maximum heap size: 0 out of 12000000
  Number of callouts: 0 out of 0
  Number of Email Invocations: 0 out of 10
  Number of future calls: 0 out of 0
  Number of queueable jobs added to the queue: 0 out of 1
  Number of Mobile Apex push calls: 0 out of 10

13:17:22.79 (79282551)|CUMULATIVE_LIMIT_USAGE_END

13:17:22.0 (79352996)|CODE_UNIT_FINISHED|BatchLatLongGenerator
13:17:22.0 (80757341)|EXECUTION_FINISHED
