36.0 APEX_CODE,FINEST;APEX_PROFILING,INFO;CALLOUT,INFO;DB,INFO;SYSTEM,DEBUG;VALIDATION,INFO;VISUALFORCE,INFO;WORKFLOW,INFO
Execute Anonymous: BatchLatLongGenerator bJob = new BatchLatLongGenerator();
Execute Anonymous: Database.executeBatch(bJob,10);
13:12:09.10 (10013878)|EXECUTION_STARTED
13:12:09.10 (10030897)|CODE_UNIT_STARTED|[EXTERNAL]|execute_anonymous_apex
13:12:09.10 (12301379)|VARIABLE_SCOPE_BEGIN|[1]|bJob|BatchLatLongGenerator|true|false
13:12:09.10 (12451909)|HEAP_ALLOCATE|[72]|Bytes:3
13:12:09.10 (12505197)|HEAP_ALLOCATE|[77]|Bytes:152
13:12:09.10 (12518712)|HEAP_ALLOCATE|[342]|Bytes:408
13:12:09.10 (12533412)|HEAP_ALLOCATE|[355]|Bytes:408
13:12:09.10 (12547872)|HEAP_ALLOCATE|[467]|Bytes:48
13:12:09.10 (12582524)|HEAP_ALLOCATE|[139]|Bytes:6
13:12:09.10 (12608212)|HEAP_ALLOCATE|[EXTERNAL]|Bytes:3
13:12:09.10 (12647966)|STATEMENT_EXECUTE|[1]
13:12:09.10 (12651362)|STATEMENT_EXECUTE|[1]
13:12:09.10 (12656076)|HEAP_ALLOCATE|[1]|Bytes:77
13:12:09.10 (12660353)|HEAP_ALLOCATE|[1]|Bytes:10
13:12:09.10 (12663737)|HEAP_ALLOCATE|[1]|Bytes:2
13:12:09.10 (12696162)|METHOD_ENTRY|[1]|01p360000053AMn|BatchLatLongGenerator.BatchLatLongGenerator()
13:12:09.10 (12703595)|STATEMENT_EXECUTE|[1]
13:12:09.10 (12709405)|STATEMENT_EXECUTE|[1]
13:12:09.10 (12714236)|METHOD_EXIT|[1]|BatchLatLongGenerator
13:12:09.10 (12738201)|HEAP_ALLOCATE|[1]|Bytes:8
13:12:09.10 (12775922)|HEAP_ALLOCATE|[50]|Bytes:5
13:12:09.10 (12800477)|HEAP_ALLOCATE|[56]|Bytes:5
13:12:09.10 (12809967)|HEAP_ALLOCATE|[64]|Bytes:7
13:12:09.10 (12838844)|SYSTEM_MODE_ENTER|false
13:12:09.10 (12873189)|HEAP_ALLOCATE|[1]|Bytes:5
13:12:09.10 (12899282)|CONSTRUCTOR_ENTRY|[1]|01p360000053AMn|<init>()
13:12:09.10 (12934607)|VARIABLE_SCOPE_BEGIN|[6]|this|BatchLatLongGenerator|true|false
13:12:09.10 (12999424)|VARIABLE_ASSIGNMENT|[6]|this|{}|0x188dd72b
13:12:09.10 (13007070)|STATEMENT_EXECUTE|[1]
13:12:09.10 (13009644)|STATEMENT_EXECUTE|[3]
13:12:09.10 (13017786)|HEAP_ALLOCATE|[8]|Bytes:6
13:12:09.10 (13041209)|STATEMENT_EXECUTE|[6]
13:12:09.10 (13043564)|STATEMENT_EXECUTE|[8]
13:12:09.10 (13046416)|HEAP_ALLOCATE|[8]|Bytes:135
13:12:09.10 (13066313)|VARIABLE_ASSIGNMENT|[8]|this.query|"Select Id, Name, Bil (115 more) ..."|0x188dd72b
13:12:09.10 (13078498)|CONSTRUCTOR_EXIT|[1]|01p360000053AMn|<init>()
13:12:09.10 (13087622)|SYSTEM_MODE_EXIT|false
13:12:09.10 (13113727)|VARIABLE_ASSIGNMENT|[1]|bJob|{"query":"Select Id, Name, Bil (115 more) ..."}|0x188dd72b
13:12:09.10 (13118796)|STATEMENT_EXECUTE|[2]
13:12:09.65 (65407263)|CUMULATIVE_LIMIT_USAGE
13:12:09.65 (65407263)|LIMIT_USAGE_FOR_NS|(default)|
  Number of SOQL queries: 0 out of 100
  Number of query rows: 0 out of 50000
  Number of SOSL queries: 0 out of 20
  Number of DML statements: 0 out of 150
  Number of DML rows: 0 out of 10000
  Maximum CPU time: 0 out of 10000
  Maximum heap size: 0 out of 6000000
  Number of callouts: 0 out of 100
  Number of Email Invocations: 0 out of 10
  Number of future calls: 0 out of 50
  Number of queueable jobs added to the queue: 0 out of 50
  Number of Mobile Apex push calls: 0 out of 10

13:12:09.65 (65407263)|CUMULATIVE_LIMIT_USAGE_END

13:12:09.10 (65469591)|CODE_UNIT_FINISHED|execute_anonymous_apex
13:12:09.10 (66549014)|EXECUTION_FINISHED
