36.0 APEX_CODE,FINEST;APEX_PROFILING,INFO;CALLOUT,INFO;DB,INFO;SYSTEM,DEBUG;VALIDATION,INFO;VISUALFORCE,INFO;WORKFLOW,INFO
13:40:03.0 (531373)|EXECUTION_STARTED
13:40:03.0 (570025)|CODE_UNIT_STARTED|[EXTERNAL]|01p360000053AMn|BatchLatLongGenerator
13:40:03.0 (3122690)|HEAP_ALLOCATE|[72]|Bytes:3
13:40:03.0 (3185480)|HEAP_ALLOCATE|[77]|Bytes:152
13:40:03.0 (3206978)|HEAP_ALLOCATE|[342]|Bytes:408
13:40:03.0 (3222790)|HEAP_ALLOCATE|[355]|Bytes:408
13:40:03.0 (3237862)|HEAP_ALLOCATE|[467]|Bytes:48
13:40:03.0 (3269418)|HEAP_ALLOCATE|[139]|Bytes:6
13:40:03.0 (4319847)|HEAP_ALLOCATE|[EXTERNAL]|Bytes:143
13:40:03.0 (20461226)|HEAP_ALLOCATE|[EXTERNAL]|Bytes:11
13:40:03.0 (20482287)|SYSTEM_METHOD_ENTRY|[15]|BatchableContextImpl.BatchableContextImpl()
13:40:03.0 (20488230)|STATEMENT_EXECUTE|[15]
13:40:03.0 (20499194)|SYSTEM_METHOD_EXIT|[15]|BatchableContextImpl
13:40:03.0 (20504728)|HEAP_ALLOCATE|[EXTERNAL]|Bytes:12
13:40:03.0 (20508156)|HEAP_ALLOCATE|[EXTERNAL]|Bytes:4
13:40:03.0 (20514756)|VARIABLE_SCOPE_BEGIN|[31]|this|Database.BatchableContextImpl|true|false
13:40:03.0 (20577735)|VARIABLE_ASSIGNMENT|[31]|this|{}|0x41a80e6
13:40:03.0 (20582464)|VARIABLE_SCOPE_BEGIN|[31]|jobId|Id|false|false
13:40:03.0 (20660616)|VARIABLE_ASSIGNMENT|[31]|jobId|"70736000006Ehk0AAC"
13:40:03.0 (20666443)|VARIABLE_SCOPE_BEGIN|[31]|childJobId|Id|false|false
13:40:03.0 (20672211)|VARIABLE_ASSIGNMENT|[31]|childJobId|null
13:40:03.0 (21657773)|HEAP_ALLOCATE|[EXTERNAL]|Bytes:77
13:40:03.0 (21667099)|HEAP_ALLOCATE|[EXTERNAL]|Bytes:11
13:40:03.0 (21670363)|HEAP_ALLOCATE|[EXTERNAL]|Bytes:38
13:40:03.0 (21678504)|METHOD_ENTRY|[1]|01p360000053AMn|BatchLatLongGenerator.BatchLatLongGenerator()
13:40:03.0 (21685069)|STATEMENT_EXECUTE|[1]
13:40:03.0 (21691230)|STATEMENT_EXECUTE|[1]
13:40:03.0 (21695257)|METHOD_EXIT|[1]|BatchLatLongGenerator
13:40:03.0 (21699645)|HEAP_ALLOCATE|[EXTERNAL]|Bytes:8
13:40:03.0 (21701971)|HEAP_ALLOCATE|[EXTERNAL]|Bytes:12
13:40:03.0 (21709711)|VARIABLE_SCOPE_BEGIN|[11]|this|BatchLatLongGenerator|true|false
13:40:03.0 (21736284)|VARIABLE_ASSIGNMENT|[11]|this|{"query":"Select Id, Name, Bil (115 more) ..."}|0x67285af
13:40:03.0 (21741908)|VARIABLE_SCOPE_BEGIN|[11]|BC|Database.BatchableContext|true|false
13:40:03.0 (21803500)|VARIABLE_ASSIGNMENT|[11]|BC|{"jobId":"70736000006Ehk0AAC"}|0x41a80e6
13:40:03.0 (21817733)|STATEMENT_EXECUTE|[11]
13:40:03.0 (21819887)|STATEMENT_EXECUTE|[12]
13:40:03.0 (21842441)|HEAP_ALLOCATE|[50]|Bytes:5
13:40:03.0 (21861064)|HEAP_ALLOCATE|[56]|Bytes:5
13:40:03.0 (21870367)|HEAP_ALLOCATE|[64]|Bytes:7
13:40:03.0 (24228225)|SOQL_EXECUTE_BEGIN|[12]|Aggregations:0|Select Id, Name, BillingLatitude,BillingLongitude,BillingStreet,BillingCity,BillingState, BillingCountry,BillingPostalCode from Account
13:40:03.0 (91245871)|SOQL_EXECUTE_END|[12]|Rows:63
13:40:03.0 (91304664)|HEAP_ALLOCATE|[12]|Bytes:20
13:40:03.146 (146913550)|CUMULATIVE_LIMIT_USAGE
13:40:03.146 (146913550)|LIMIT_USAGE_FOR_NS|(default)|
  Number of SOQL queries: 0 out of 200
  Number of query rows: 0 out of 50000
  Number of SOSL queries: 0 out of 20
  Number of DML statements: 0 out of 150
  Number of DML rows: 0 out of 10000
  Maximum CPU time: 0 out of 60000
  Maximum heap size: 0 out of 12000000
  Number of callouts: 0 out of 0
  Number of Email Invocations: 0 out of 10
  Number of future calls: 0 out of 0
  Number of queueable jobs added to the queue: 0 out of 1
  Number of Mobile Apex push calls: 0 out of 10

13:40:03.146 (146913550)|CUMULATIVE_LIMIT_USAGE_END

13:40:03.0 (146972956)|CODE_UNIT_FINISHED|BatchLatLongGenerator
13:40:03.0 (148040186)|EXECUTION_FINISHED
