36.0 APEX_CODE,FINEST;APEX_PROFILING,INFO;CALLOUT,INFO;DB,INFO;SYSTEM,DEBUG;VALIDATION,INFO;VISUALFORCE,INFO;WORKFLOW,INFO
13:17:25.0 (84408)|EXECUTION_STARTED
13:17:25.0 (127008)|CODE_UNIT_STARTED|[EXTERNAL]|01p360000053AMn|BatchLatLongGenerator
13:17:25.0 (2815997)|HEAP_ALLOCATE|[72]|Bytes:3
13:17:25.0 (2894034)|HEAP_ALLOCATE|[77]|Bytes:152
13:17:25.0 (2917462)|HEAP_ALLOCATE|[342]|Bytes:408
13:17:25.0 (2938417)|HEAP_ALLOCATE|[355]|Bytes:408
13:17:25.0 (2957600)|HEAP_ALLOCATE|[467]|Bytes:48
13:17:25.0 (2993298)|HEAP_ALLOCATE|[139]|Bytes:6
13:17:25.0 (4015234)|HEAP_ALLOCATE|[EXTERNAL]|Bytes:143
13:17:25.0 (4168608)|HEAP_ALLOCATE|[EXTERNAL]|Bytes:11
13:17:25.0 (4186183)|SYSTEM_METHOD_ENTRY|[15]|BatchableContextImpl.BatchableContextImpl()
13:17:25.0 (4194901)|STATEMENT_EXECUTE|[15]
13:17:25.0 (4206260)|SYSTEM_METHOD_EXIT|[15]|BatchableContextImpl
13:17:25.0 (4212407)|HEAP_ALLOCATE|[EXTERNAL]|Bytes:12
13:17:25.0 (4217016)|HEAP_ALLOCATE|[EXTERNAL]|Bytes:4
13:17:25.0 (4224379)|VARIABLE_SCOPE_BEGIN|[31]|this|Database.BatchableContextImpl|true|false
13:17:25.0 (4286646)|VARIABLE_ASSIGNMENT|[31]|this|{}|0x253c7b52
13:17:25.0 (4291718)|VARIABLE_SCOPE_BEGIN|[31]|jobId|Id|false|false
13:17:25.0 (4368761)|VARIABLE_ASSIGNMENT|[31]|jobId|"70736000006EdsqAAC"
13:17:25.0 (4375254)|VARIABLE_SCOPE_BEGIN|[31]|childJobId|Id|false|false
13:17:25.0 (4381256)|VARIABLE_ASSIGNMENT|[31]|childJobId|null
13:17:25.0 (14187324)|HEAP_ALLOCATE|[EXTERNAL]|Bytes:77
13:17:25.0 (14197641)|HEAP_ALLOCATE|[EXTERNAL]|Bytes:10
13:17:25.0 (14200885)|HEAP_ALLOCATE|[EXTERNAL]|Bytes:5
13:17:25.0 (14213724)|METHOD_ENTRY|[1]|01p360000053AMn|BatchLatLongGenerator.BatchLatLongGenerator()
13:17:25.0 (14222187)|STATEMENT_EXECUTE|[1]
13:17:25.0 (14230343)|STATEMENT_EXECUTE|[1]
13:17:25.0 (14236722)|METHOD_EXIT|[1]|BatchLatLongGenerator
13:17:25.0 (14242480)|HEAP_ALLOCATE|[EXTERNAL]|Bytes:8
13:17:25.0 (14245377)|HEAP_ALLOCATE|[EXTERNAL]|Bytes:12
13:17:25.0 (14252554)|VARIABLE_SCOPE_BEGIN|[92]|this|BatchLatLongGenerator|true|false
13:17:25.0 (14286642)|VARIABLE_ASSIGNMENT|[92]|this|{"query":"Select Id, Name, Bil (115 more) ..."}|0x2fe26502
13:17:25.0 (14291554)|VARIABLE_SCOPE_BEGIN|[92]|BC|Database.BatchableContext|true|false
13:17:25.0 (14358611)|VARIABLE_ASSIGNMENT|[92]|BC|{"jobId":"70736000006EdsqAAC"}|0x253c7b52
13:17:25.0 (14374929)|STATEMENT_EXECUTE|[92]
13:17:25.0 (14378065)|STATEMENT_EXECUTE|[94]
13:17:25.0 (14477852)|VARIABLE_SCOPE_BEGIN|[94]|mail|Messaging.SingleEmailMessage|true|false
13:17:25.0 (14524744)|VARIABLE_ASSIGNMENT|[94]|mail|"common.api.soap.wsdl.SingleEmailMessage@3218683c"|0x376644aa
13:17:25.0 (14533152)|STATEMENT_EXECUTE|[95]
13:17:25.0 (14538527)|HEAP_ALLOCATE|[95]|Bytes:56
13:17:25.0 (14551759)|HEAP_ALLOCATE|[95]|Bytes:4
13:17:25.0 (14564854)|HEAP_ALLOCATE|[95]|Bytes:7
13:17:25.0 (14610242)|HEAP_ALLOCATE|[95]|Bytes:85
13:17:25.0 (14625388)|SYSTEM_METHOD_ENTRY|[1]|UserInfo.UserInfo()
13:17:25.0 (14630528)|STATEMENT_EXECUTE|[1]
13:17:25.0 (14639280)|SYSTEM_METHOD_EXIT|[1]|UserInfo
13:17:25.0 (14656035)|METHOD_ENTRY|[95]||System.UserInfo.getUserId()
13:17:25.0 (14755778)|METHOD_EXIT|[95]||System.UserInfo.getUserId()
13:17:25.0 (15783723)|SOQL_EXECUTE_BEGIN|[95]|Aggregations:0|SELECT email, name FROM user WHERE id = :tmpVar1 LIMIT 1
13:17:25.0 (19107071)|SOQL_EXECUTE_END|[95]|Rows:1
13:17:25.0 (19125901)|HEAP_ALLOCATE|[95]|Bytes:8
13:17:25.0 (19139863)|HEAP_ALLOCATE|[95]|Bytes:82
13:17:25.0 (19248267)|HEAP_ALLOCATE|[95]|Bytes:8
13:17:25.0 (19259088)|HEAP_ALLOCATE|[95]|Bytes:30
13:17:25.0 (19347908)|HEAP_ALLOCATE|[95]|Bytes:16
13:17:25.0 (19356754)|VARIABLE_SCOPE_BEGIN|[95]|u|User|true|false
13:17:25.0 (19381644)|VARIABLE_ASSIGNMENT|[95]|u|{"s":1,"v":{"Email":"dscruggs@salesforce. (3 more) ...","Name":"David Scruggs","Id":"00536000001L21qAAC"}}|0x432e97c3
13:17:25.0 (19389985)|STATEMENT_EXECUTE|[97]
13:17:25.0 (19400472)|HEAP_ALLOCATE|[97]|Bytes:4
13:17:25.0 (19515510)|HEAP_ALLOCATE|[EXTERNAL]|Bytes:8
13:17:25.0 (19551491)|STATEMENT_EXECUTE|[98]
13:17:25.0 (19557777)|HEAP_ALLOCATE|[98]|Bytes:39
13:17:25.0 (19605590)|STATEMENT_EXECUTE|[99]
13:17:25.0 (19612580)|VARIABLE_SCOPE_BEGIN|[99]|body|String|false|false
13:17:25.0 (19620536)|VARIABLE_ASSIGNMENT|[99]|body|""
13:17:25.0 (19624342)|STATEMENT_EXECUTE|[100]
13:17:25.0 (19627942)|HEAP_ALLOCATE|[100]|Bytes:3
13:17:25.0 (19650379)|HEAP_ALLOCATE|[100]|Bytes:1
13:17:25.0 (19672724)|HEAP_ALLOCATE|[100]|Bytes:17
13:17:25.0 (19681156)|HEAP_ALLOCATE|[100]|Bytes:17
13:17:25.0 (19689394)|VARIABLE_ASSIGNMENT|[100]|body|"Hi David Scruggs,"
13:17:25.0 (19695170)|STATEMENT_EXECUTE|[101]
13:17:25.0 (19699594)|HEAP_ALLOCATE|[101]|Bytes:65
13:17:25.0 (19704734)|HEAP_ALLOCATE|[101]|Bytes:82
13:17:25.0 (19713574)|VARIABLE_ASSIGNMENT|[101]|body|"Hi David Scruggs,\u003Cbr (62 more) ..."
13:17:25.0 (19717724)|STATEMENT_EXECUTE|[102]
13:17:25.0 (19721522)|HEAP_ALLOCATE|[102]|Bytes:26
13:17:25.0 (19726487)|HEAP_ALLOCATE|[102]|Bytes:108
13:17:25.0 (19733659)|VARIABLE_ASSIGNMENT|[102]|body|"Hi David Scruggs,\u003Cbr (88 more) ..."
13:17:25.0 (19737369)|STATEMENT_EXECUTE|[103]
13:17:25.0 (19768892)|STATEMENT_EXECUTE|[104]
13:17:25.0 (19774459)|HEAP_ALLOCATE|[104]|Bytes:55
13:17:25.0 (19800802)|STATEMENT_EXECUTE|[106]
13:17:25.0 (19823412)|HEAP_ALLOCATE|[106]|Bytes:4
13:17:25.0 (19915038)|HEAP_ALLOCATE|[EXTERNAL]|Bytes:8
13:17:25.0 (19991255)|HEAP_ALLOCATE|[EXTERNAL]|Bytes:8
13:17:25.0 (23761503)|EMAIL_QUEUE|[106]|subject: Case Latitude Longitude batch completed, bccSender: false, saveAsActivity: true, useSignature: true, toAddresses: [dscruggs@salesforce.com], plainTextBody: Account Latitude Longitude Calulation Batch is complete, htmlBody: Hi David Scruggs,<br/><br/>Account Latitude Longitude Calulation Batch is complete<br/><br/>Thank,<br/>Admin, 
13:17:25.0 (23832510)|HEAP_ALLOCATE|[EXTERNAL]|Bytes:8
13:17:25.50 (50138707)|CUMULATIVE_LIMIT_USAGE
13:17:25.50 (50138707)|LIMIT_USAGE_FOR_NS|(default)|
  Number of SOQL queries: 0 out of 200
  Number of query rows: 0 out of 50000
  Number of SOSL queries: 0 out of 20
  Number of DML statements: 0 out of 150
  Number of DML rows: 0 out of 10000
  Maximum CPU time: 0 out of 60000
  Maximum heap size: 0 out of 12000000
  Number of callouts: 0 out of 0
  Number of Email Invocations: 0 out of 10
  Number of future calls: 0 out of 0
  Number of queueable jobs added to the queue: 0 out of 1
  Number of Mobile Apex push calls: 0 out of 10

13:17:25.50 (50138707)|CUMULATIVE_LIMIT_USAGE_END

13:17:25.0 (50187750)|CODE_UNIT_FINISHED|BatchLatLongGenerator
13:17:25.0 (51420271)|EXECUTION_FINISHED
