36.0 APEX_CODE,FINEST;APEX_PROFILING,INFO;CALLOUT,INFO;DB,INFO;SYSTEM,DEBUG;VALIDATION,INFO;VISUALFORCE,INFO;WORKFLOW,INFO
13:34:12.0 (585013)|EXECUTION_STARTED
13:34:12.0 (630337)|CODE_UNIT_STARTED|[EXTERNAL]|01p360000053AMn|BatchLatLongGenerator
13:34:12.0 (3221904)|HEAP_ALLOCATE|[72]|Bytes:3
13:34:12.0 (3287024)|HEAP_ALLOCATE|[77]|Bytes:152
13:34:12.0 (3304158)|HEAP_ALLOCATE|[342]|Bytes:408
13:34:12.0 (3319358)|HEAP_ALLOCATE|[355]|Bytes:408
13:34:12.0 (3333852)|HEAP_ALLOCATE|[467]|Bytes:48
13:34:12.0 (3366245)|HEAP_ALLOCATE|[139]|Bytes:6
13:34:12.0 (4426922)|HEAP_ALLOCATE|[EXTERNAL]|Bytes:143
13:34:12.0 (17529689)|HEAP_ALLOCATE|[EXTERNAL]|Bytes:11
13:34:12.0 (17546578)|SYSTEM_METHOD_ENTRY|[15]|BatchableContextImpl.BatchableContextImpl()
13:34:12.0 (17552656)|STATEMENT_EXECUTE|[15]
13:34:12.0 (17563838)|SYSTEM_METHOD_EXIT|[15]|BatchableContextImpl
13:34:12.0 (17569968)|HEAP_ALLOCATE|[EXTERNAL]|Bytes:12
13:34:12.0 (17574059)|HEAP_ALLOCATE|[EXTERNAL]|Bytes:4
13:34:12.0 (17581588)|VARIABLE_SCOPE_BEGIN|[31]|this|Database.BatchableContextImpl|true|false
13:34:12.0 (17653682)|VARIABLE_ASSIGNMENT|[31]|this|{}|0x3dcd997
13:34:12.0 (17658811)|VARIABLE_SCOPE_BEGIN|[31]|jobId|Id|false|false
13:34:12.0 (17737282)|VARIABLE_ASSIGNMENT|[31]|jobId|"70736000006EgUrAAK"
13:34:12.0 (17743178)|VARIABLE_SCOPE_BEGIN|[31]|childJobId|Id|false|false
13:34:12.0 (17749100)|VARIABLE_ASSIGNMENT|[31]|childJobId|null
13:34:12.0 (18624411)|HEAP_ALLOCATE|[EXTERNAL]|Bytes:77
13:34:12.0 (18632769)|HEAP_ALLOCATE|[EXTERNAL]|Bytes:11
13:34:12.0 (18635855)|HEAP_ALLOCATE|[EXTERNAL]|Bytes:35
13:34:12.0 (18643318)|METHOD_ENTRY|[1]|01p360000053AMn|BatchLatLongGenerator.BatchLatLongGenerator()
13:34:12.0 (18650132)|STATEMENT_EXECUTE|[1]
13:34:12.0 (18656435)|STATEMENT_EXECUTE|[1]
13:34:12.0 (18660615)|METHOD_EXIT|[1]|BatchLatLongGenerator
13:34:12.0 (18665252)|HEAP_ALLOCATE|[EXTERNAL]|Bytes:8
13:34:12.0 (18667877)|HEAP_ALLOCATE|[EXTERNAL]|Bytes:12
13:34:12.0 (18675939)|VARIABLE_SCOPE_BEGIN|[11]|this|BatchLatLongGenerator|true|false
13:34:12.0 (18702572)|VARIABLE_ASSIGNMENT|[11]|this|{"query":"Select Id, Name, Bil (115 more) ..."}|0x1388a221
13:34:12.0 (18708133)|VARIABLE_SCOPE_BEGIN|[11]|BC|Database.BatchableContext|true|false
13:34:12.0 (18768360)|VARIABLE_ASSIGNMENT|[11]|BC|{"jobId":"70736000006EgUrAAK"}|0x3dcd997
13:34:12.0 (18783962)|STATEMENT_EXECUTE|[11]
13:34:12.0 (18786158)|STATEMENT_EXECUTE|[12]
13:34:12.0 (18810800)|HEAP_ALLOCATE|[50]|Bytes:5
13:34:12.0 (18830534)|HEAP_ALLOCATE|[56]|Bytes:5
13:34:12.0 (18840276)|HEAP_ALLOCATE|[64]|Bytes:7
13:34:12.0 (21167550)|SOQL_EXECUTE_BEGIN|[12]|Aggregations:0|Select Id, Name, BillingLatitude,BillingLongitude,BillingStreet,BillingCity,BillingState, BillingCountry,BillingPostalCode from Account
13:34:12.0 (56644739)|SOQL_EXECUTE_END|[12]|Rows:63
13:34:12.0 (56725238)|HEAP_ALLOCATE|[12]|Bytes:20
13:34:12.89 (89283868)|CUMULATIVE_LIMIT_USAGE
13:34:12.89 (89283868)|LIMIT_USAGE_FOR_NS|(default)|
  Number of SOQL queries: 0 out of 200
  Number of query rows: 0 out of 50000
  Number of SOSL queries: 0 out of 20
  Number of DML statements: 0 out of 150
  Number of DML rows: 0 out of 10000
  Maximum CPU time: 0 out of 60000
  Maximum heap size: 0 out of 12000000
  Number of callouts: 0 out of 0
  Number of Email Invocations: 0 out of 10
  Number of future calls: 0 out of 0
  Number of queueable jobs added to the queue: 0 out of 1
  Number of Mobile Apex push calls: 0 out of 10

13:34:12.89 (89283868)|CUMULATIVE_LIMIT_USAGE_END

13:34:12.0 (89335234)|CODE_UNIT_FINISHED|BatchLatLongGenerator
13:34:12.0 (90329890)|EXECUTION_FINISHED
