36.0 APEX_CODE,FINEST;APEX_PROFILING,INFO;CALLOUT,INFO;DB,INFO;SYSTEM,DEBUG;VALIDATION,INFO;VISUALFORCE,INFO;WORKFLOW,INFO
13:58:41.0 (681570)|EXECUTION_STARTED
13:58:41.0 (724729)|CODE_UNIT_STARTED|[EXTERNAL]|01p360000052k4g|AccountGeoExtension.getLocalAccounts
13:58:41.0 (1046269)|HEAP_ALLOCATE|[72]|Bytes:3
13:58:41.0 (1105629)|HEAP_ALLOCATE|[77]|Bytes:152
13:58:41.0 (1126084)|HEAP_ALLOCATE|[342]|Bytes:408
13:58:41.0 (1146164)|HEAP_ALLOCATE|[355]|Bytes:408
13:58:41.0 (1164360)|HEAP_ALLOCATE|[467]|Bytes:48
13:58:41.0 (1196596)|HEAP_ALLOCATE|[139]|Bytes:6
13:58:41.0 (1219912)|HEAP_ALLOCATE|[EXTERNAL]|Bytes:1
13:58:41.0 (1224447)|HEAP_ALLOCATE|[EXTERNAL]|Bytes:4
13:58:41.0 (1240863)|METHOD_ENTRY|[1]|01p360000052k4g|AccountGeoExtension.AccountGeoExtension()
13:58:41.0 (1253688)|STATEMENT_EXECUTE|[1]
13:58:41.0 (1263705)|STATEMENT_EXECUTE|[1]
13:58:41.0 (1275464)|METHOD_EXIT|[1]|AccountGeoExtension
13:58:41.0 (1309438)|HEAP_ALLOCATE|[EXTERNAL]|Bytes:28
13:58:41.0 (1313158)|HEAP_ALLOCATE|[EXTERNAL]|Bytes:28
13:58:41.0 (1315157)|HEAP_ALLOCATE|[EXTERNAL]|Bytes:28
13:58:41.0 (1332449)|SYSTEM_MODE_ENTER|false
13:58:41.0 (1348880)|VARIABLE_SCOPE_BEGIN|[5]|latitude|Double|false|false
13:58:41.0 (1389078)|VARIABLE_ASSIGNMENT|[5]|latitude|33.849145
13:58:41.0 (1394557)|VARIABLE_SCOPE_BEGIN|[5]|longitude|Double|false|false
13:58:41.0 (1400328)|VARIABLE_ASSIGNMENT|[5]|longitude|-84.3620913
13:58:41.0 (1403760)|VARIABLE_SCOPE_BEGIN|[5]|maxDistance|Double|false|false
13:58:41.0 (1408969)|VARIABLE_ASSIGNMENT|[5]|maxDistance|40
13:58:41.0 (1423598)|STATEMENT_EXECUTE|[5]
13:58:41.0 (38847894)|HEAP_DUMP|[6]|07n36000000PCE0|AccountGeoExtension|none|6
13:58:41.0 (38857926)|STATEMENT_EXECUTE|[6]
13:58:41.0 (38867039)|HEAP_ALLOCATE|[6]|Bytes:24
13:58:41.0 (38951945)|HEAP_ALLOCATE|[6]|Bytes:9
13:58:41.0 (38966271)|HEAP_ALLOCATE|[6]|Bytes:12
13:58:41.0 (38978961)|HEAP_ALLOCATE|[6]|Bytes:11
13:58:41.0 (38986499)|HEAP_ALLOCATE|[6]|Bytes:11
13:58:41.0 (38995786)|HEAP_ALLOCATE|[6]|Bytes:2
13:58:41.0 (39020899)|HEAP_ALLOCATE|[6]|Bytes:69
13:58:41.0 (39061449)|HEAP_ALLOCATE|[50]|Bytes:5
13:58:41.0 (39087531)|HEAP_ALLOCATE|[56]|Bytes:5
13:58:41.0 (39096430)|HEAP_ALLOCATE|[64]|Bytes:7
13:58:41.0 (39138847)|USER_DEBUG|[6]|DEBUG|searching for latitude: 33.849145 longitude: -84.3620913 distance: 40
13:58:41.0 (39149086)|STATEMENT_EXECUTE|[7]
13:58:41.0 (39153736)|HEAP_ALLOCATE|[7]|Bytes:227
13:58:41.0 (39166070)|HEAP_ALLOCATE|[7]|Bytes:4
13:58:41.0 (39178774)|HEAP_ALLOCATE|[7]|Bytes:7
13:58:41.0 (39235658)|HEAP_ALLOCATE|[7]|Bytes:28
13:58:41.0 (39245278)|HEAP_ALLOCATE|[7]|Bytes:7
13:58:41.0 (39259516)|HEAP_ALLOCATE|[7]|Bytes:28
13:58:41.0 (39265525)|HEAP_ALLOCATE|[7]|Bytes:7
13:58:41.0 (39276457)|HEAP_ALLOCATE|[7]|Bytes:28
13:58:41.0 (43297612)|SOQL_EXECUTE_BEGIN|[7]|Aggregations:0|SELECT Name, Id, Owner.FirstName, Owner.LastName, Permanent_Partner_Manager__c, Partner_Manager__c, BillingLatitude, BillingLongitude FROM Account WHERE DISTANCE(BillingAddress, GEOLOCATION(:tmpVar1, :tmpVar2), 'mi') < :tmpVar3
13:58:41.0 (52735818)|SOQL_EXECUTE_END|[7]|Rows:1
13:58:41.0 (52758322)|HEAP_ALLOCATE|[7]|Bytes:8
13:58:41.0 (52781912)|HEAP_ALLOCATE|[7]|Bytes:349
13:58:41.0 (52834643)|HEAP_ALLOCATE|[7]|Bytes:8
13:58:41.0 (52845242)|VARIABLE_SCOPE_BEGIN|[7]|localAccounts|List<Account>|true|false
13:58:41.0 (52900147)|VARIABLE_ASSIGNMENT|[7]|localAccounts|{"s":1,"v":[{"s":2,"v":{"Name":"Coca Cola (HQ)","Id":"00136000008vIeSAAU","OwnerId":"00536000001L21qAAC","Permanent_Partner_Ma (8 more) ...":false,"Partner_Manager__c":"00536000001L21qAAC","BillingLatitude":33.770893900000000,"BillingLongitude":-84.398620900000000,"Owner":{"s":3,"v":{"FirstName":"David","LastName":"Scruggs","Id":"00536000001L21qAAC"}}}}]}|0x6c6ee2b8
13:58:41.0 (73281906)|HEAP_DUMP|[11]|07n36000000PCE1|AccountGeoExtension|none|11
13:58:41.0 (73292520)|STATEMENT_EXECUTE|[11]
13:58:41.0 (73303866)|HEAP_ALLOCATE|[11]|Bytes:7
13:58:41.0 (73445580)|HEAP_ALLOCATE|[11]|Bytes:1
13:58:41.0 (73456354)|HEAP_ALLOCATE|[11]|Bytes:9
13:58:41.0 (73467573)|HEAP_ALLOCATE|[11]|Bytes:17
13:58:41.0 (73488743)|USER_DEBUG|[11]|DEBUG| Found 1 accounts
13:58:41.0 (73502124)|STATEMENT_EXECUTE|[12]
13:58:41.0 (73524278)|SYSTEM_MODE_EXIT|false
13:58:41.73 (73566088)|CUMULATIVE_LIMIT_USAGE
13:58:41.73 (73566088)|LIMIT_USAGE_FOR_NS|(default)|
  Number of SOQL queries: 1 out of 100
  Number of query rows: 1 out of 50000
  Number of SOSL queries: 0 out of 20
  Number of DML statements: 0 out of 150
  Number of DML rows: 0 out of 10000
  Maximum CPU time: 0 out of 10000
  Maximum heap size: 0 out of 6000000
  Number of callouts: 0 out of 100
  Number of Email Invocations: 0 out of 10
  Number of future calls: 0 out of 50
  Number of queueable jobs added to the queue: 0 out of 50
  Number of Mobile Apex push calls: 0 out of 10

13:58:41.73 (73566088)|CUMULATIVE_LIMIT_USAGE_END

13:58:41.0 (73623549)|CODE_UNIT_FINISHED|AccountGeoExtension.getLocalAccounts
13:58:41.0 (75529244)|EXECUTION_FINISHED
