36.0 APEX_CODE,FINEST;APEX_PROFILING,INFO;CALLOUT,INFO;DB,INFO;SYSTEM,DEBUG;VALIDATION,INFO;VISUALFORCE,INFO;WORKFLOW,INFO
13:21:14.0 (77680)|EXECUTION_STARTED
13:21:14.0 (123470)|CODE_UNIT_STARTED|[EXTERNAL]|01p360000053AMn|BatchLatLongGenerator
13:21:14.0 (767572)|HEAP_ALLOCATE|[EXTERNAL]|Bytes:77
13:21:14.0 (789679)|HEAP_ALLOCATE|[EXTERNAL]|Bytes:10
13:21:14.0 (793876)|HEAP_ALLOCATE|[EXTERNAL]|Bytes:14
13:21:14.0 (811337)|METHOD_ENTRY|[1]|01p360000053AMn|BatchLatLongGenerator.BatchLatLongGenerator()
13:21:14.0 (823153)|STATEMENT_EXECUTE|[1]
13:21:14.0 (833422)|STATEMENT_EXECUTE|[1]
13:21:14.0 (841759)|METHOD_EXIT|[1]|BatchLatLongGenerator
13:21:14.0 (849170)|HEAP_ALLOCATE|[EXTERNAL]|Bytes:8
13:21:14.0 (869532)|HEAP_ALLOCATE|[EXTERNAL]|Bytes:11
13:21:14.0 (876683)|SYSTEM_METHOD_ENTRY|[15]|BatchableContextImpl.BatchableContextImpl()
13:21:14.0 (880060)|STATEMENT_EXECUTE|[15]
13:21:14.0 (887622)|SYSTEM_METHOD_EXIT|[15]|BatchableContextImpl
13:21:14.0 (890650)|HEAP_ALLOCATE|[EXTERNAL]|Bytes:12
13:21:14.0 (922339)|HEAP_ALLOCATE|[EXTERNAL]|Bytes:44
13:21:14.0 (931085)|VARIABLE_SCOPE_BEGIN|[15]|this|BatchLatLongGenerator|true|false
13:21:14.0 (1007778)|VARIABLE_ASSIGNMENT|[15]|this|{"query":"Select Id, Name, Bil (115 more) ..."}|0x50b7d8be
13:21:14.0 (1013719)|VARIABLE_SCOPE_BEGIN|[15]|BC|Database.BatchableContext|true|false
13:21:14.0 (1129375)|VARIABLE_ASSIGNMENT|[15]|BC|{"childJobId":"70736000006EeVsAAK","jobId":"70736000006EeVnAAK"}|0xf0e2b11
13:21:14.0 (1135409)|VARIABLE_SCOPE_BEGIN|[15]|scope|List<SObject>|true|false
13:21:14.0 (1152329)|VARIABLE_ASSIGNMENT|[15]|scope|{"s":1,"v":"List of size 10 too large to display"}|0x4ee7288
13:21:14.0 (1164929)|STATEMENT_EXECUTE|[15]
13:21:14.0 (1261727)|HEAP_ALLOCATE|[50]|Bytes:5
13:21:14.0 (1295474)|HEAP_ALLOCATE|[56]|Bytes:5
13:21:14.0 (1305193)|HEAP_ALLOCATE|[64]|Bytes:7
13:21:14.0 (1325755)|HEAP_ALLOCATE|[17]|Bytes:5
13:21:14.0 (1372789)|HEAP_ALLOCATE|[17]|Bytes:32
13:21:14.0 (1387755)|VARIABLE_SCOPE_BEGIN|[17]|acc|Account|true|false
13:21:14.0 (1416492)|VARIABLE_ASSIGNMENT|[17]|acc|{"s":1,"v":{"Id":"00136000008Nvu6AAC","Name":"Homeland Audio Co.","BillingStreet":"1984 Gufford Dr","BillingCity":"New Hanover","BillingState":"NC","BillingCountry":"USA","BillingPostalCode":"28403"}}|0x2f43de7b
13:21:14.0 (1423783)|STATEMENT_EXECUTE|[17]
13:21:14.0 (1425973)|STATEMENT_EXECUTE|[18]
13:21:14.0 (1429800)|HEAP_ALLOCATE|[18]|Bytes:28
13:21:14.0 (1463740)|HEAP_ALLOCATE|[18]|Bytes:46
13:21:14.0 (1495997)|USER_DEBUG|[18]|DEBUG|Starting encode for account Homeland Audio Co.
13:21:14.0 (1503637)|STATEMENT_EXECUTE|[19]
13:21:14.0 (1508905)|VARIABLE_SCOPE_BEGIN|[19]|address|String|false|false
13:21:14.0 (1515773)|VARIABLE_ASSIGNMENT|[19]|address|""
13:21:14.0 (1524300)|STATEMENT_EXECUTE|[21]
13:21:14.0 (1525998)|STATEMENT_EXECUTE|[22]
13:21:14.0 (1530119)|HEAP_ALLOCATE|[22]|Bytes:1
13:21:14.0 (1536565)|HEAP_ALLOCATE|[22]|Bytes:16
13:21:14.0 (1540941)|HEAP_ALLOCATE|[22]|Bytes:16
13:21:14.0 (1551696)|VARIABLE_ASSIGNMENT|[22]|address|"1984 Gufford Dr,"
13:21:14.0 (1559909)|STATEMENT_EXECUTE|[24]
13:21:14.0 (1561774)|STATEMENT_EXECUTE|[25]
13:21:14.0 (1567983)|HEAP_ALLOCATE|[25]|Bytes:12
13:21:14.0 (1572551)|HEAP_ALLOCATE|[25]|Bytes:28
13:21:14.0 (1578953)|VARIABLE_ASSIGNMENT|[25]|address|"1984 Gufford Dr,New  (8 more) ..."
13:21:14.0 (1585637)|STATEMENT_EXECUTE|[27]
13:21:14.0 (1587385)|STATEMENT_EXECUTE|[28]
13:21:14.0 (1593097)|HEAP_ALLOCATE|[28]|Bytes:3
13:21:14.0 (1597326)|HEAP_ALLOCATE|[28]|Bytes:31
13:21:14.0 (1603656)|VARIABLE_ASSIGNMENT|[28]|address|"1984 Gufford Dr,New  (11 more) ..."
13:21:14.0 (1610668)|STATEMENT_EXECUTE|[30]
13:21:14.0 (1612455)|STATEMENT_EXECUTE|[31]
13:21:14.0 (1618079)|HEAP_ALLOCATE|[31]|Bytes:4
13:21:14.0 (1622582)|HEAP_ALLOCATE|[31]|Bytes:35
13:21:14.0 (1628391)|VARIABLE_ASSIGNMENT|[31]|address|"1984 Gufford Dr,New  (15 more) ..."
13:21:14.0 (1634861)|STATEMENT_EXECUTE|[33]
13:21:14.0 (1636639)|STATEMENT_EXECUTE|[34]
13:21:14.0 (1642186)|HEAP_ALLOCATE|[34]|Bytes:6
13:21:14.0 (1646414)|HEAP_ALLOCATE|[34]|Bytes:41
13:21:14.0 (1652048)|VARIABLE_ASSIGNMENT|[34]|address|"1984 Gufford Dr,New  (21 more) ..."
13:21:14.0 (1675562)|STATEMENT_EXECUTE|[37]
13:21:14.0 (1677686)|STATEMENT_EXECUTE|[38]
13:21:14.0 (1705358)|VARIABLE_SCOPE_BEGIN|[38]|req|System.HttpRequest|true|false
13:21:14.0 (1755910)|VARIABLE_ASSIGNMENT|[38]|req|"System.HttpRequest[Endpoint=null, Method=null]"|0x23438466
13:21:14.0 (1762075)|STATEMENT_EXECUTE|[39]
13:21:14.0 (1765704)|HEAP_ALLOCATE|[39]|Bytes:20
13:21:14.0 (1779836)|USER_DEBUG|[39]|DEBUG|Address is not blank
13:21:14.0 (1785838)|STATEMENT_EXECUTE|[41]
13:21:14.0 (1789033)|HEAP_ALLOCATE|[41]|Bytes:5
13:21:14.0 (1804564)|HEAP_ALLOCATE|[41]|Bytes:15
13:21:14.0 (1812437)|SYSTEM_METHOD_ENTRY|[1]|EncodingUtil.EncodingUtil()
13:21:14.0 (1815650)|STATEMENT_EXECUTE|[1]
13:21:14.0 (1822042)|SYSTEM_METHOD_EXIT|[1]|EncodingUtil
13:21:14.0 (1831838)|METHOD_ENTRY|[41]||System.EncodingUtil.urlEncode(String, String)
13:21:14.0 (1881326)|METHOD_EXIT|[41]||System.EncodingUtil.urlEncode(String, String)
13:21:14.0 (1891682)|VARIABLE_ASSIGNMENT|[41]|address|"1984+Gufford+Dr%2CNe (31 more) ..."
13:21:14.0 (1895839)|STATEMENT_EXECUTE|[42]
13:21:14.0 (1898706)|HEAP_ALLOCATE|[42]|Bytes:11
13:21:14.0 (1905010)|HEAP_ALLOCATE|[42]|Bytes:62
13:21:14.0 (1915721)|USER_DEBUG|[42]|DEBUG|address is 1984+Gufford+Dr%2CNew+Hanover%2CNC%2CUSA%2C28403%2C
13:21:14.0 (1921003)|STATEMENT_EXECUTE|[43]
13:21:14.0 (1924046)|HEAP_ALLOCATE|[43]|Bytes:57
13:21:14.0 (1927121)|HEAP_ALLOCATE|[43]|Bytes:12
13:21:14.0 (1936435)|HEAP_ALLOCATE|[43]|Bytes:120
13:21:14.0 (1990960)|STATEMENT_EXECUTE|[44]
13:21:14.0 (1994947)|HEAP_ALLOCATE|[44]|Bytes:3
13:21:14.0 (2015271)|STATEMENT_EXECUTE|[45]
13:21:14.0 (2034195)|VARIABLE_SCOPE_BEGIN|[45]|http|System.Http|true|false
13:21:14.0 (2073829)|VARIABLE_ASSIGNMENT|[45]|http|"System.Http[]"|0x3a529b89
13:21:14.0 (2079675)|STATEMENT_EXECUTE|[46]
13:21:14.0 (2086355)|VARIABLE_SCOPE_BEGIN|[46]|res|System.HttpResponse|true|false
13:21:14.0 (2093611)|VARIABLE_ASSIGNMENT|[46]|res|null|
13:21:14.0 (2108453)|HEAP_ALLOCATE|[47]|Bytes:57
13:21:14.0 (2116972)|SYSTEM_METHOD_ENTRY|[1]|Test.Test()
13:21:14.0 (2120165)|STATEMENT_EXECUTE|[1]
13:21:14.0 (2126482)|SYSTEM_METHOD_EXIT|[1]|Test
13:21:14.0 (2134781)|METHOD_ENTRY|[47]||System.Test.isRunningTest()
13:21:14.0 (2157910)|METHOD_EXIT|[47]||System.Test.isRunningTest()
13:21:14.0 (2165407)|STATEMENT_EXECUTE|[47]
13:21:14.0 (2167280)|STATEMENT_EXECUTE|[48]
13:21:14.0 (2232544)|CALLOUT_REQUEST|[48]|System.HttpRequest[Endpoint=https://maps.googleapis.com/maps/api/geocode/xml?address=1984+Gufford+Dr%2CNew+Hanover%2CNC%2CUSA%2C28403%2C&sensor=true, Method=GET]
13:21:14.0 (16790684)|HEAP_ALLOCATE|[EXTERNAL]|Bytes:743
13:21:14.0 (16857951)|CALLOUT_RESPONSE|[48]|System.HttpResponse[Status=OK, StatusCode=200]
13:21:14.0 (16872384)|HEAP_ALLOCATE|[48]|Bytes:314
13:21:14.0 (16918835)|VARIABLE_ASSIGNMENT|[48]|res|"System.HttpResponse[Status=OK, StatusCode=200]"|0xbd32abe
13:21:14.0 (16926834)|STATEMENT_EXECUTE|[59]
13:21:14.0 (17052674)|VARIABLE_SCOPE_BEGIN|[59]|doc|dom.Document|true|false
13:21:14.0 (17089796)|VARIABLE_ASSIGNMENT|[59]|doc|"Document[]"|0x348cff16
13:21:14.0 (17096544)|STATEMENT_EXECUTE|[61]
13:21:14.0 (17125639)|VARIABLE_SCOPE_BEGIN|[61]|geocodeResponse|dom.XmlNode|true|false
13:21:14.0 (17191121)|VARIABLE_ASSIGNMENT|[61]|geocodeResponse|"XMLNode[ELEMENT,GeocodeResponse,null,null,null,[XMLNode[TEXT,null,null,null,null,null,\n ,], XMLNode[ELEMENT,status,null,null,null,[XMLNode[TEXT,null,null,null,null,null,OVER_QUERY_LIMIT,]],null,], XMLNode[TEXT,null,null,null,null,null,\n ,], XMLNode[ELEMENT,error_message,null,null,null,[XMLNode[TEXT,null,null,null,null,null,You have exceeded your daily request quota for this API. We recommend registering for a key at the Google Developers Console: https://console.developers.google.com/,]],null,], XMLNode[TEXT,null,null,null,null,null,\n,]],null,]"|0x7b46805
13:21:14.0 (17220722)|STATEMENT_EXECUTE|[62]
13:21:14.0 (17224496)|STATEMENT_EXECUTE|[64]
13:21:14.0 (17230889)|HEAP_ALLOCATE|[64]|Bytes:6
13:21:14.0 (17269328)|VARIABLE_SCOPE_BEGIN|[64]|result|dom.XmlNode|true|false
13:21:14.0 (17278067)|VARIABLE_ASSIGNMENT|[64]|result|null|
13:21:14.0 (17283001)|STATEMENT_EXECUTE|[65]
13:21:14.0 (17298630)|HEAP_ALLOCATE|[17]|Bytes:5
13:21:14.0 (17323619)|HEAP_ALLOCATE|[17]|Bytes:32
13:21:14.0 (17332408)|VARIABLE_SCOPE_BEGIN|[17]|acc|Account|true|false
13:21:14.0 (17353487)|VARIABLE_ASSIGNMENT|[17]|acc|{"s":1,"v":{"Id":"00136000008Nvu7AAC","Name":"Jon Allegri","BillingStreet":"5823 Bowen Daniel Dr","BillingCity":"Tampa","BillingState":"FL","BillingCountry":"USA","BillingPostalCode":"33616"}}|0x299425a9
13:21:14.0 (17359369)|STATEMENT_EXECUTE|[17]
13:21:14.0 (17361063)|STATEMENT_EXECUTE|[18]
13:21:14.0 (17375181)|HEAP_ALLOCATE|[18]|Bytes:39
13:21:14.0 (17387369)|USER_DEBUG|[18]|DEBUG|Starting encode for account Jon Allegri
13:21:14.0 (17393112)|STATEMENT_EXECUTE|[19]
13:21:14.0 (17396776)|VARIABLE_SCOPE_BEGIN|[19]|address|String|false|false
13:21:14.0 (17415330)|VARIABLE_ASSIGNMENT|[19]|address|""
13:21:14.0 (17423552)|STATEMENT_EXECUTE|[21]
13:21:14.0 (17425284)|STATEMENT_EXECUTE|[22]
13:21:14.0 (17431802)|HEAP_ALLOCATE|[22]|Bytes:21
13:21:14.0 (17436745)|HEAP_ALLOCATE|[22]|Bytes:21
13:21:14.0 (17443338)|VARIABLE_ASSIGNMENT|[22]|address|"5823 Bowen Daniel Dr (1 more) ..."
13:21:14.0 (17449724)|STATEMENT_EXECUTE|[24]
13:21:14.0 (17451483)|STATEMENT_EXECUTE|[25]
13:21:14.0 (17456575)|HEAP_ALLOCATE|[25]|Bytes:6
13:21:14.0 (17460805)|HEAP_ALLOCATE|[25]|Bytes:27
13:21:14.0 (17466677)|VARIABLE_ASSIGNMENT|[25]|address|"5823 Bowen Daniel Dr (7 more) ..."
13:21:14.0 (17472283)|STATEMENT_EXECUTE|[27]
13:21:14.0 (17473954)|STATEMENT_EXECUTE|[28]
13:21:14.0 (17478858)|HEAP_ALLOCATE|[28]|Bytes:3
13:21:14.0 (17482732)|HEAP_ALLOCATE|[28]|Bytes:30
13:21:14.0 (17488534)|VARIABLE_ASSIGNMENT|[28]|address|"5823 Bowen Daniel Dr (10 more) ..."
13:21:14.0 (17494325)|STATEMENT_EXECUTE|[30]
13:21:14.0 (17495973)|STATEMENT_EXECUTE|[31]
13:21:14.0 (17500849)|HEAP_ALLOCATE|[31]|Bytes:4
13:21:14.0 (17504920)|HEAP_ALLOCATE|[31]|Bytes:34
13:21:14.0 (17510421)|VARIABLE_ASSIGNMENT|[31]|address|"5823 Bowen Daniel Dr (14 more) ..."
13:21:14.0 (17516045)|STATEMENT_EXECUTE|[33]
13:21:14.0 (17517635)|STATEMENT_EXECUTE|[34]
13:21:14.0 (17522554)|HEAP_ALLOCATE|[34]|Bytes:6
13:21:14.0 (17526507)|HEAP_ALLOCATE|[34]|Bytes:40
13:21:14.0 (17532248)|VARIABLE_ASSIGNMENT|[34]|address|"5823 Bowen Daniel Dr (20 more) ..."
13:21:14.0 (17547983)|STATEMENT_EXECUTE|[37]
13:21:14.0 (17550118)|STATEMENT_EXECUTE|[38]
13:21:14.0 (17560835)|VARIABLE_SCOPE_BEGIN|[38]|req|System.HttpRequest|true|false
13:21:14.0 (17598808)|VARIABLE_ASSIGNMENT|[38]|req|"System.HttpRequest[Endpoint=null, Method=null]"|0x3b807cff
13:21:14.0 (17604919)|STATEMENT_EXECUTE|[39]
13:21:14.0 (17615414)|USER_DEBUG|[39]|DEBUG|Address is not blank
13:21:14.0 (17620743)|STATEMENT_EXECUTE|[41]
13:21:14.0 (17627732)|METHOD_ENTRY|[41]||System.EncodingUtil.urlEncode(String, String)
13:21:14.0 (17660373)|METHOD_EXIT|[41]||System.EncodingUtil.urlEncode(String, String)
13:21:14.0 (17669791)|VARIABLE_ASSIGNMENT|[41]|address|"5823+Bowen+Daniel+Dr (30 more) ..."
13:21:14.0 (17673485)|STATEMENT_EXECUTE|[42]
13:21:14.0 (17678452)|HEAP_ALLOCATE|[42]|Bytes:61
13:21:14.0 (17687230)|USER_DEBUG|[42]|DEBUG|address is 5823+Bowen+Daniel+Dr%2CTampa%2CFL%2CUSA%2C33616%2C
13:21:14.0 (17691772)|STATEMENT_EXECUTE|[43]
13:21:14.0 (17696826)|HEAP_ALLOCATE|[43]|Bytes:119
13:21:14.0 (17712882)|STATEMENT_EXECUTE|[44]
13:21:14.0 (17721491)|STATEMENT_EXECUTE|[45]
13:21:14.0 (17729382)|VARIABLE_SCOPE_BEGIN|[45]|http|System.Http|true|false
13:21:14.0 (17764027)|VARIABLE_ASSIGNMENT|[45]|http|"System.Http[]"|0x4c77f987
13:21:14.0 (17769871)|STATEMENT_EXECUTE|[46]
13:21:14.0 (17773179)|VARIABLE_SCOPE_BEGIN|[46]|res|System.HttpResponse|true|false
13:21:14.0 (17778702)|VARIABLE_ASSIGNMENT|[46]|res|null|
13:21:14.0 (17786492)|METHOD_ENTRY|[47]||System.Test.isRunningTest()
13:21:14.0 (17796648)|METHOD_EXIT|[47]||System.Test.isRunningTest()
13:21:14.0 (17801830)|STATEMENT_EXECUTE|[47]
13:21:14.0 (17803481)|STATEMENT_EXECUTE|[48]
13:21:14.0 (19778144)|CALLOUT_REQUEST|[48]|System.HttpRequest[Endpoint=https://maps.googleapis.com/maps/api/geocode/xml?address=5823+Bowen+Daniel+Dr%2CTampa%2CFL%2CUSA%2C33616%2C&sensor=true, Method=GET]
13:21:14.0 (35131384)|HEAP_ALLOCATE|[EXTERNAL]|Bytes:743
13:21:14.0 (35192128)|CALLOUT_RESPONSE|[48]|System.HttpResponse[Status=OK, StatusCode=200]
13:21:14.0 (35206851)|HEAP_ALLOCATE|[48]|Bytes:314
13:21:14.0 (35264627)|VARIABLE_ASSIGNMENT|[48]|res|"System.HttpResponse[Status=OK, StatusCode=200]"|0x44606284
13:21:14.0 (35275151)|STATEMENT_EXECUTE|[59]
13:21:14.0 (35374447)|VARIABLE_SCOPE_BEGIN|[59]|doc|dom.Document|true|false
13:21:14.0 (35408724)|VARIABLE_ASSIGNMENT|[59]|doc|"Document[]"|0x2722cf7b
13:21:14.0 (35414837)|STATEMENT_EXECUTE|[61]
13:21:14.0 (35436765)|VARIABLE_SCOPE_BEGIN|[61]|geocodeResponse|dom.XmlNode|true|false
13:21:14.0 (35494608)|VARIABLE_ASSIGNMENT|[61]|geocodeResponse|"XMLNode[ELEMENT,GeocodeResponse,null,null,null,[XMLNode[TEXT,null,null,null,null,null,\n ,], XMLNode[ELEMENT,status,null,null,null,[XMLNode[TEXT,null,null,null,null,null,OVER_QUERY_LIMIT,]],null,], XMLNode[TEXT,null,null,null,null,null,\n ,], XMLNode[ELEMENT,error_message,null,null,null,[XMLNode[TEXT,null,null,null,null,null,You have exceeded your daily request quota for this API. We recommend registering for a key at the Google Developers Console: https://console.developers.google.com/,]],null,], XMLNode[TEXT,null,null,null,null,null,\n,]],null,]"|0x35d3a8fb
13:21:14.0 (35504453)|STATEMENT_EXECUTE|[62]
13:21:14.0 (35506349)|STATEMENT_EXECUTE|[64]
13:21:14.0 (35526218)|VARIABLE_SCOPE_BEGIN|[64]|result|dom.XmlNode|true|false
13:21:14.0 (35533516)|VARIABLE_ASSIGNMENT|[64]|result|null|
13:21:14.0 (35536711)|STATEMENT_EXECUTE|[65]
13:21:14.0 (35563419)|HEAP_ALLOCATE|[17]|Bytes:5
13:21:14.0 (35595768)|HEAP_ALLOCATE|[17]|Bytes:24
13:21:14.0 (35605799)|VARIABLE_SCOPE_BEGIN|[17]|acc|Account|true|false
13:21:14.0 (35629056)|VARIABLE_ASSIGNMENT|[17]|acc|{"s":1,"v":{"Id":"00136000008Nvu8AAC","Name":"Jones Audio Corp","BillingState":"CA","BillingCountry":"USA","BillingPostalCode":"94105-5188"}}|0x45edca08
13:21:14.0 (35634926)|STATEMENT_EXECUTE|[17]
13:21:14.0 (35636702)|STATEMENT_EXECUTE|[18]
13:21:14.0 (35655436)|HEAP_ALLOCATE|[18]|Bytes:44
13:21:14.0 (35670811)|USER_DEBUG|[18]|DEBUG|Starting encode for account Jones Audio Corp
13:21:14.0 (35676822)|STATEMENT_EXECUTE|[19]
13:21:14.0 (35680483)|VARIABLE_SCOPE_BEGIN|[19]|address|String|false|false
13:21:14.0 (35686500)|VARIABLE_ASSIGNMENT|[19]|address|""
13:21:14.0 (35692481)|STATEMENT_EXECUTE|[21]
13:21:14.0 (35696019)|STATEMENT_EXECUTE|[24]
13:21:14.0 (35700735)|STATEMENT_EXECUTE|[27]
13:21:14.0 (35702331)|STATEMENT_EXECUTE|[28]
13:21:14.0 (35708554)|HEAP_ALLOCATE|[28]|Bytes:3
13:21:14.0 (35713113)|HEAP_ALLOCATE|[28]|Bytes:3
13:21:14.0 (35718721)|VARIABLE_ASSIGNMENT|[28]|address|"CA,"
13:21:14.0 (35725331)|STATEMENT_EXECUTE|[30]
13:21:14.0 (35727042)|STATEMENT_EXECUTE|[31]
13:21:14.0 (35732489)|HEAP_ALLOCATE|[31]|Bytes:4
13:21:14.0 (35736596)|HEAP_ALLOCATE|[31]|Bytes:7
13:21:14.0 (35741494)|VARIABLE_ASSIGNMENT|[31]|address|"CA,USA,"
13:21:14.0 (35747448)|STATEMENT_EXECUTE|[33]
13:21:14.0 (35749241)|STATEMENT_EXECUTE|[34]
13:21:14.0 (35754167)|HEAP_ALLOCATE|[34]|Bytes:11
13:21:14.0 (35758154)|HEAP_ALLOCATE|[34]|Bytes:18
13:21:14.0 (35763145)|VARIABLE_ASSIGNMENT|[34]|address|"CA,USA,94105-5188,"
13:21:14.0 (35776957)|STATEMENT_EXECUTE|[37]
13:21:14.0 (35778866)|STATEMENT_EXECUTE|[38]
13:21:14.0 (35790306)|VARIABLE_SCOPE_BEGIN|[38]|req|System.HttpRequest|true|false
13:21:14.0 (35827503)|VARIABLE_ASSIGNMENT|[38]|req|"System.HttpRequest[Endpoint=null, Method=null]"|0x2def473
13:21:14.0 (35833310)|STATEMENT_EXECUTE|[39]
13:21:14.0 (35843768)|USER_DEBUG|[39]|DEBUG|Address is not blank
13:21:14.0 (35848846)|STATEMENT_EXECUTE|[41]
13:21:14.0 (35858971)|METHOD_ENTRY|[41]||System.EncodingUtil.urlEncode(String, String)
13:21:14.0 (35895407)|METHOD_EXIT|[41]||System.EncodingUtil.urlEncode(String, String)
13:21:14.0 (35905139)|VARIABLE_ASSIGNMENT|[41]|address|"CA%2CUSA%2C94105-518 (4 more) ..."
13:21:14.0 (35909164)|STATEMENT_EXECUTE|[42]
13:21:14.0 (35914214)|HEAP_ALLOCATE|[42]|Bytes:35
13:21:14.0 (35923142)|USER_DEBUG|[42]|DEBUG|address is CA%2CUSA%2C94105-5188%2C
13:21:14.0 (35927763)|STATEMENT_EXECUTE|[43]
13:21:14.0 (35934181)|HEAP_ALLOCATE|[43]|Bytes:93
13:21:14.0 (35951159)|STATEMENT_EXECUTE|[44]
13:21:14.0 (35960763)|STATEMENT_EXECUTE|[45]
13:21:14.0 (35969946)|VARIABLE_SCOPE_BEGIN|[45]|http|System.Http|true|false
13:21:14.0 (36005324)|VARIABLE_ASSIGNMENT|[45]|http|"System.Http[]"|0x1b8a58b9
13:21:14.0 (36011802)|STATEMENT_EXECUTE|[46]
13:21:14.0 (36014946)|VARIABLE_SCOPE_BEGIN|[46]|res|System.HttpResponse|true|false
13:21:14.0 (36020368)|VARIABLE_ASSIGNMENT|[46]|res|null|
13:21:14.0 (36028911)|METHOD_ENTRY|[47]||System.Test.isRunningTest()
13:21:14.0 (36040093)|METHOD_EXIT|[47]||System.Test.isRunningTest()
13:21:14.0 (36045684)|STATEMENT_EXECUTE|[47]
13:21:14.0 (36047428)|STATEMENT_EXECUTE|[48]
13:21:14.0 (38052605)|CALLOUT_REQUEST|[48]|System.HttpRequest[Endpoint=https://maps.googleapis.com/maps/api/geocode/xml?address=CA%2CUSA%2C94105-5188%2C&sensor=true, Method=GET]
13:21:14.0 (52617981)|HEAP_ALLOCATE|[EXTERNAL]|Bytes:743
13:21:14.0 (52678790)|CALLOUT_RESPONSE|[48]|System.HttpResponse[Status=OK, StatusCode=200]
13:21:14.0 (52693715)|HEAP_ALLOCATE|[48]|Bytes:314
13:21:14.0 (52752817)|VARIABLE_ASSIGNMENT|[48]|res|"System.HttpResponse[Status=OK, StatusCode=200]"|0x6c472b92
13:21:14.0 (52763025)|STATEMENT_EXECUTE|[59]
13:21:14.0 (52863061)|VARIABLE_SCOPE_BEGIN|[59]|doc|dom.Document|true|false
13:21:14.0 (52897152)|VARIABLE_ASSIGNMENT|[59]|doc|"Document[]"|0xba01c49
13:21:14.0 (52903143)|STATEMENT_EXECUTE|[61]
13:21:14.0 (52923986)|VARIABLE_SCOPE_BEGIN|[61]|geocodeResponse|dom.XmlNode|true|false
13:21:14.0 (52982531)|VARIABLE_ASSIGNMENT|[61]|geocodeResponse|"XMLNode[ELEMENT,GeocodeResponse,null,null,null,[XMLNode[TEXT,null,null,null,null,null,\n ,], XMLNode[ELEMENT,status,null,null,null,[XMLNode[TEXT,null,null,null,null,null,OVER_QUERY_LIMIT,]],null,], XMLNode[TEXT,null,null,null,null,null,\n ,], XMLNode[ELEMENT,error_message,null,null,null,[XMLNode[TEXT,null,null,null,null,null,You have exceeded your daily request quota for this API. We recommend registering for a key at the Google Developers Console: https://console.developers.google.com/,]],null,], XMLNode[TEXT,null,null,null,null,null,\n,]],null,]"|0x2867e143
13:21:14.0 (52992860)|STATEMENT_EXECUTE|[62]
13:21:14.0 (52994841)|STATEMENT_EXECUTE|[64]
13:21:14.0 (53014491)|VARIABLE_SCOPE_BEGIN|[64]|result|dom.XmlNode|true|false
13:21:14.0 (53022874)|VARIABLE_ASSIGNMENT|[64]|result|null|
13:21:14.0 (53026334)|STATEMENT_EXECUTE|[65]
13:21:14.0 (53048269)|HEAP_ALLOCATE|[17]|Bytes:5
13:21:14.0 (53079785)|HEAP_ALLOCATE|[17]|Bytes:32
13:21:14.0 (53089712)|VARIABLE_SCOPE_BEGIN|[17]|acc|Account|true|false
13:21:14.0 (53115086)|VARIABLE_ASSIGNMENT|[17]|acc|{"s":1,"v":{"Id":"00136000008Nvu9AAC","Name":"Kari Rende","BillingStreet":"245 W Winthrop Ave","BillingCity":"Elmhurst","BillingState":"IL","BillingCountry":"USA","BillingPostalCode":"60126"}}|0x68eb75a1
13:21:14.0 (53120883)|STATEMENT_EXECUTE|[17]
13:21:14.0 (53122749)|STATEMENT_EXECUTE|[18]
13:21:14.0 (53141420)|HEAP_ALLOCATE|[18]|Bytes:38
13:21:14.0 (53156543)|USER_DEBUG|[18]|DEBUG|Starting encode for account Kari Rende
13:21:14.0 (53161917)|STATEMENT_EXECUTE|[19]
13:21:14.0 (53165663)|VARIABLE_SCOPE_BEGIN|[19]|address|String|false|false
13:21:14.0 (53171910)|VARIABLE_ASSIGNMENT|[19]|address|""
13:21:14.0 (53179041)|STATEMENT_EXECUTE|[21]
13:21:14.0 (53180833)|STATEMENT_EXECUTE|[22]
13:21:14.0 (53187103)|HEAP_ALLOCATE|[22]|Bytes:19
13:21:14.0 (53191603)|HEAP_ALLOCATE|[22]|Bytes:19
13:21:14.0 (53197027)|VARIABLE_ASSIGNMENT|[22]|address|"245 W Winthrop Ave,"
13:21:14.0 (53203787)|STATEMENT_EXECUTE|[24]
13:21:14.0 (53205559)|STATEMENT_EXECUTE|[25]
13:21:14.0 (53210998)|HEAP_ALLOCATE|[25]|Bytes:9
13:21:14.0 (53215247)|HEAP_ALLOCATE|[25]|Bytes:28
13:21:14.0 (53221565)|VARIABLE_ASSIGNMENT|[25]|address|"245 W Winthrop Ave,E (8 more) ..."
13:21:14.0 (53227696)|STATEMENT_EXECUTE|[27]
13:21:14.0 (53229461)|STATEMENT_EXECUTE|[28]
13:21:14.0 (53234739)|HEAP_ALLOCATE|[28]|Bytes:3
13:21:14.0 (53238846)|HEAP_ALLOCATE|[28]|Bytes:31
13:21:14.0 (53244593)|VARIABLE_ASSIGNMENT|[28]|address|"245 W Winthrop Ave,E (11 more) ..."
13:21:14.0 (53250677)|STATEMENT_EXECUTE|[30]
13:21:14.0 (53252402)|STATEMENT_EXECUTE|[31]
13:21:14.0 (53257424)|HEAP_ALLOCATE|[31]|Bytes:4
13:21:14.0 (53261526)|HEAP_ALLOCATE|[31]|Bytes:35
13:21:14.0 (53267187)|VARIABLE_ASSIGNMENT|[31]|address|"245 W Winthrop Ave,E (15 more) ..."
13:21:14.0 (53272792)|STATEMENT_EXECUTE|[33]
13:21:14.0 (53274482)|STATEMENT_EXECUTE|[34]
13:21:14.0 (53279770)|HEAP_ALLOCATE|[34]|Bytes:6
13:21:14.0 (53283904)|HEAP_ALLOCATE|[34]|Bytes:41
13:21:14.0 (53289299)|VARIABLE_ASSIGNMENT|[34]|address|"245 W Winthrop Ave,E (21 more) ..."
13:21:14.0 (53303258)|STATEMENT_EXECUTE|[37]
13:21:14.0 (53305224)|STATEMENT_EXECUTE|[38]
13:21:14.0 (53317023)|VARIABLE_SCOPE_BEGIN|[38]|req|System.HttpRequest|true|false
13:21:14.0 (53354236)|VARIABLE_ASSIGNMENT|[38]|req|"System.HttpRequest[Endpoint=null, Method=null]"|0x3d25c895
13:21:14.0 (53360385)|STATEMENT_EXECUTE|[39]
13:21:14.0 (53371012)|USER_DEBUG|[39]|DEBUG|Address is not blank
13:21:14.0 (53376180)|STATEMENT_EXECUTE|[41]
13:21:14.0 (53386115)|METHOD_ENTRY|[41]||System.EncodingUtil.urlEncode(String, String)
13:21:14.0 (53425304)|METHOD_EXIT|[41]||System.EncodingUtil.urlEncode(String, String)
13:21:14.0 (53435352)|VARIABLE_ASSIGNMENT|[41]|address|"245+W+Winthrop+Ave%2 (31 more) ..."
13:21:14.0 (53439190)|STATEMENT_EXECUTE|[42]
13:21:14.0 (53444745)|HEAP_ALLOCATE|[42]|Bytes:62
13:21:14.0 (53453667)|USER_DEBUG|[42]|DEBUG|address is 245+W+Winthrop+Ave%2CElmhurst%2CIL%2CUSA%2C60126%2C
13:21:14.0 (53458444)|STATEMENT_EXECUTE|[43]
13:21:14.0 (53464533)|HEAP_ALLOCATE|[43]|Bytes:120
13:21:14.0 (53481451)|STATEMENT_EXECUTE|[44]
13:21:14.0 (53491358)|STATEMENT_EXECUTE|[45]
13:21:14.0 (53500201)|VARIABLE_SCOPE_BEGIN|[45]|http|System.Http|true|false
13:21:14.0 (53535173)|VARIABLE_ASSIGNMENT|[45]|http|"System.Http[]"|0x21965b4b
13:21:14.0 (53540797)|STATEMENT_EXECUTE|[46]
13:21:14.0 (53548929)|VARIABLE_SCOPE_BEGIN|[46]|res|System.HttpResponse|true|false
13:21:14.0 (53555057)|VARIABLE_ASSIGNMENT|[46]|res|null|
13:21:14.0 (53564096)|METHOD_ENTRY|[47]||System.Test.isRunningTest()
13:21:14.0 (53576449)|METHOD_EXIT|[47]||System.Test.isRunningTest()
13:21:14.0 (53582277)|STATEMENT_EXECUTE|[47]
13:21:14.0 (53584030)|STATEMENT_EXECUTE|[48]
13:21:14.0 (55507968)|CALLOUT_REQUEST|[48]|System.HttpRequest[Endpoint=https://maps.googleapis.com/maps/api/geocode/xml?address=245+W+Winthrop+Ave%2CElmhurst%2CIL%2CUSA%2C60126%2C&sensor=true, Method=GET]
13:21:14.0 (82136200)|HEAP_ALLOCATE|[EXTERNAL]|Bytes:743
13:21:14.0 (82231583)|CALLOUT_RESPONSE|[48]|System.HttpResponse[Status=OK, StatusCode=200]
13:21:14.0 (82255610)|HEAP_ALLOCATE|[48]|Bytes:314
13:21:14.0 (82353609)|VARIABLE_ASSIGNMENT|[48]|res|"System.HttpResponse[Status=OK, StatusCode=200]"|0xf8f703b
13:21:14.0 (82368310)|STATEMENT_EXECUTE|[59]
13:21:14.0 (82501918)|VARIABLE_SCOPE_BEGIN|[59]|doc|dom.Document|true|false
13:21:14.0 (82539891)|VARIABLE_ASSIGNMENT|[59]|doc|"Document[]"|0x2329f352
13:21:14.0 (82549038)|STATEMENT_EXECUTE|[61]
13:21:14.0 (82584405)|VARIABLE_SCOPE_BEGIN|[61]|geocodeResponse|dom.XmlNode|true|false
13:21:14.0 (82663977)|VARIABLE_ASSIGNMENT|[61]|geocodeResponse|"XMLNode[ELEMENT,GeocodeResponse,null,null,null,[XMLNode[TEXT,null,null,null,null,null,\n ,], XMLNode[ELEMENT,status,null,null,null,[XMLNode[TEXT,null,null,null,null,null,OVER_QUERY_LIMIT,]],null,], XMLNode[TEXT,null,null,null,null,null,\n ,], XMLNode[ELEMENT,error_message,null,null,null,[XMLNode[TEXT,null,null,null,null,null,You have exceeded your daily request quota for this API. We recommend registering for a key at the Google Developers Console: https://console.developers.google.com/,]],null,], XMLNode[TEXT,null,null,null,null,null,\n,]],null,]"|0x27ca1835
13:21:14.0 (82675639)|STATEMENT_EXECUTE|[62]
13:21:14.0 (82677739)|STATEMENT_EXECUTE|[64]
13:21:14.0 (82703185)|VARIABLE_SCOPE_BEGIN|[64]|result|dom.XmlNode|true|false
13:21:14.0 (82712379)|VARIABLE_ASSIGNMENT|[64]|result|null|
13:21:14.0 (82716160)|STATEMENT_EXECUTE|[65]
13:21:14.0 (82747442)|HEAP_ALLOCATE|[17]|Bytes:5
13:21:14.0 (82795921)|HEAP_ALLOCATE|[17]|Bytes:32
13:21:14.0 (82816571)|VARIABLE_SCOPE_BEGIN|[17]|acc|Account|true|false
13:21:14.0 (82854780)|VARIABLE_ASSIGNMENT|[17]|acc|{"s":1,"v":{"Id":"00136000008NvuAAAS","Name":"Larry Baxter","BillingStreet":"1351 Palisades Beach (5 more) ...","BillingCity":"Santa Monica","BillingState":"CA","BillingCountry":"USA","BillingPostalCode":"90401"}}|0x37ef134a
13:21:14.0 (82861330)|STATEMENT_EXECUTE|[17]
13:21:14.0 (82863358)|STATEMENT_EXECUTE|[18]
13:21:14.0 (82890172)|HEAP_ALLOCATE|[18]|Bytes:40
13:21:14.0 (82911284)|USER_DEBUG|[18]|DEBUG|Starting encode for account Larry Baxter
13:21:14.0 (82918481)|STATEMENT_EXECUTE|[19]
13:21:14.0 (82922760)|VARIABLE_SCOPE_BEGIN|[19]|address|String|false|false
13:21:14.0 (82929239)|VARIABLE_ASSIGNMENT|[19]|address|""
13:21:14.0 (82936784)|STATEMENT_EXECUTE|[21]
13:21:14.0 (82938790)|STATEMENT_EXECUTE|[22]
13:21:14.0 (82945371)|HEAP_ALLOCATE|[22]|Bytes:26
13:21:14.0 (82950024)|HEAP_ALLOCATE|[22]|Bytes:26
13:21:14.0 (82956254)|VARIABLE_ASSIGNMENT|[22]|address|"1351 Palisades Beach (6 more) ..."
13:21:14.0 (82966510)|STATEMENT_EXECUTE|[24]
13:21:14.0 (82970619)|STATEMENT_EXECUTE|[25]
13:21:14.0 (82981986)|HEAP_ALLOCATE|[25]|Bytes:13
13:21:14.0 (82991189)|HEAP_ALLOCATE|[25]|Bytes:39
13:21:14.0 (83004502)|VARIABLE_ASSIGNMENT|[25]|address|"1351 Palisades Beach (19 more) ..."
13:21:14.0 (83020577)|STATEMENT_EXECUTE|[27]
13:21:14.0 (83024658)|STATEMENT_EXECUTE|[28]
13:21:14.0 (83036462)|HEAP_ALLOCATE|[28]|Bytes:3
13:21:14.0 (83046224)|HEAP_ALLOCATE|[28]|Bytes:42
13:21:14.0 (83056505)|VARIABLE_ASSIGNMENT|[28]|address|"1351 Palisades Beach (22 more) ..."
13:21:14.0 (83065974)|STATEMENT_EXECUTE|[30]
13:21:14.0 (83067983)|STATEMENT_EXECUTE|[31]
13:21:14.0 (83073835)|HEAP_ALLOCATE|[31]|Bytes:4
13:21:14.0 (83078370)|HEAP_ALLOCATE|[31]|Bytes:46
13:21:14.0 (83084645)|VARIABLE_ASSIGNMENT|[31]|address|"1351 Palisades Beach (26 more) ..."
13:21:14.0 (83091084)|STATEMENT_EXECUTE|[33]
13:21:14.0 (83092858)|STATEMENT_EXECUTE|[34]
13:21:14.0 (83098491)|HEAP_ALLOCATE|[34]|Bytes:6
13:21:14.0 (83102753)|HEAP_ALLOCATE|[34]|Bytes:52
13:21:14.0 (83108282)|VARIABLE_ASSIGNMENT|[34]|address|"1351 Palisades Beach (32 more) ..."
13:21:14.0 (83128215)|STATEMENT_EXECUTE|[37]
13:21:14.0 (83130124)|STATEMENT_EXECUTE|[38]
13:21:14.0 (83146908)|VARIABLE_SCOPE_BEGIN|[38]|req|System.HttpRequest|true|false
13:21:14.0 (83188929)|VARIABLE_ASSIGNMENT|[38]|req|"System.HttpRequest[Endpoint=null, Method=null]"|0x4395a324
13:21:14.0 (83195234)|STATEMENT_EXECUTE|[39]
13:21:14.0 (83212437)|USER_DEBUG|[39]|DEBUG|Address is not blank
13:21:14.0 (83222987)|STATEMENT_EXECUTE|[41]
13:21:14.0 (83245536)|METHOD_ENTRY|[41]||System.EncodingUtil.urlEncode(String, String)
13:21:14.0 (83301779)|METHOD_EXIT|[41]||System.EncodingUtil.urlEncode(String, String)
13:21:14.0 (83311813)|VARIABLE_ASSIGNMENT|[41]|address|"1351+Palisades+Beach (42 more) ..."
13:21:14.0 (83315897)|STATEMENT_EXECUTE|[42]
13:21:14.0 (83321899)|HEAP_ALLOCATE|[42]|Bytes:73
13:21:14.0 (83332050)|USER_DEBUG|[42]|DEBUG|address is 1351+Palisades+Beach+Road%2CSanta+Monica%2CCA%2CUSA%2C90401%2C
13:21:14.0 (83341900)|STATEMENT_EXECUTE|[43]
13:21:14.0 (83349586)|HEAP_ALLOCATE|[43]|Bytes:131
13:21:14.0 (83369176)|STATEMENT_EXECUTE|[44]
13:21:14.0 (83379978)|STATEMENT_EXECUTE|[45]
13:21:14.0 (83391077)|VARIABLE_SCOPE_BEGIN|[45]|http|System.Http|true|false
13:21:14.0 (83431078)|VARIABLE_ASSIGNMENT|[45]|http|"System.Http[]"|0x58b6c50b
13:21:14.0 (83439625)|STATEMENT_EXECUTE|[46]
13:21:14.0 (83445016)|VARIABLE_SCOPE_BEGIN|[46]|res|System.HttpResponse|true|false
13:21:14.0 (83454995)|VARIABLE_ASSIGNMENT|[46]|res|null|
13:21:14.0 (83468874)|METHOD_ENTRY|[47]||System.Test.isRunningTest()
13:21:14.0 (83491336)|METHOD_EXIT|[47]||System.Test.isRunningTest()
13:21:14.0 (83503556)|STATEMENT_EXECUTE|[47]
13:21:14.0 (83507366)|STATEMENT_EXECUTE|[48]
13:21:14.0 (85342678)|CALLOUT_REQUEST|[48]|System.HttpRequest[Endpoint=https://maps.googleapis.com/maps/api/geocode/xml?address=1351+Palisades+Beach+Road%2CSanta+Monica%2CCA%2CUSA%2C90401%2C&sensor=true, Method=GET]
13:21:14.0 (106913757)|HEAP_ALLOCATE|[EXTERNAL]|Bytes:743
13:21:14.0 (106988805)|CALLOUT_RESPONSE|[48]|System.HttpResponse[Status=OK, StatusCode=200]
13:21:14.0 (107007184)|HEAP_ALLOCATE|[48]|Bytes:314
13:21:14.0 (107085241)|VARIABLE_ASSIGNMENT|[48]|res|"System.HttpResponse[Status=OK, StatusCode=200]"|0x6dd9d637
13:21:14.0 (107098034)|STATEMENT_EXECUTE|[59]
13:21:14.0 (107217647)|VARIABLE_SCOPE_BEGIN|[59]|doc|dom.Document|true|false
13:21:14.0 (107258202)|VARIABLE_ASSIGNMENT|[59]|doc|"Document[]"|0x27f557e7
13:21:14.0 (107264982)|STATEMENT_EXECUTE|[61]
13:21:14.0 (107288130)|VARIABLE_SCOPE_BEGIN|[61]|geocodeResponse|dom.XmlNode|true|false
13:21:14.0 (107349643)|VARIABLE_ASSIGNMENT|[61]|geocodeResponse|"XMLNode[ELEMENT,GeocodeResponse,null,null,null,[XMLNode[TEXT,null,null,null,null,null,\n ,], XMLNode[ELEMENT,status,null,null,null,[XMLNode[TEXT,null,null,null,null,null,OVER_QUERY_LIMIT,]],null,], XMLNode[TEXT,null,null,null,null,null,\n ,], XMLNode[ELEMENT,error_message,null,null,null,[XMLNode[TEXT,null,null,null,null,null,You have exceeded your daily request quota for this API. We recommend registering for a key at the Google Developers Console: https://console.developers.google.com/,]],null,], XMLNode[TEXT,null,null,null,null,null,\n,]],null,]"|0x5b340369
13:21:14.0 (107360308)|STATEMENT_EXECUTE|[62]
13:21:14.0 (107362334)|STATEMENT_EXECUTE|[64]
13:21:14.0 (107384943)|VARIABLE_SCOPE_BEGIN|[64]|result|dom.XmlNode|true|false
13:21:14.0 (107393215)|VARIABLE_ASSIGNMENT|[64]|result|null|
13:21:14.0 (107396816)|STATEMENT_EXECUTE|[65]
13:21:14.0 (107424182)|HEAP_ALLOCATE|[17]|Bytes:5
13:21:14.0 (107462745)|HEAP_ALLOCATE|[17]|Bytes:32
13:21:14.0 (107476219)|VARIABLE_SCOPE_BEGIN|[17]|acc|Account|true|false
13:21:14.0 (107507638)|VARIABLE_ASSIGNMENT|[17]|acc|{"s":1,"v":{"Id":"00136000008NvuBAAS","Name":"Mike Malmin","BillingStreet":"6452 Knyghton Rd","BillingCity":"Indianapolis","BillingState":"IN","BillingCountry":"USA","BillingPostalCode":"46220"}}|0x2d950932
13:21:14.0 (107513904)|STATEMENT_EXECUTE|[17]
13:21:14.0 (107515863)|STATEMENT_EXECUTE|[18]
13:21:14.0 (107539205)|HEAP_ALLOCATE|[18]|Bytes:39
13:21:14.0 (107562166)|USER_DEBUG|[18]|DEBUG|Starting encode for account Mike Malmin
13:21:14.0 (107568949)|STATEMENT_EXECUTE|[19]
13:21:14.0 (107572948)|VARIABLE_SCOPE_BEGIN|[19]|address|String|false|false
13:21:14.0 (107579550)|VARIABLE_ASSIGNMENT|[19]|address|""
13:21:14.0 (107587493)|STATEMENT_EXECUTE|[21]
13:21:14.0 (107589714)|STATEMENT_EXECUTE|[22]
13:21:14.0 (107596277)|HEAP_ALLOCATE|[22]|Bytes:17
13:21:14.0 (107601197)|HEAP_ALLOCATE|[22]|Bytes:17
13:21:14.0 (107606858)|VARIABLE_ASSIGNMENT|[22]|address|"6452 Knyghton Rd,"
13:21:14.0 (107614456)|STATEMENT_EXECUTE|[24]
13:21:14.0 (107616518)|STATEMENT_EXECUTE|[25]
13:21:14.0 (107621921)|HEAP_ALLOCATE|[25]|Bytes:13
13:21:14.0 (107626201)|HEAP_ALLOCATE|[25]|Bytes:30
13:21:14.0 (107632937)|VARIABLE_ASSIGNMENT|[25]|address|"6452 Knyghton Rd,Ind (10 more) ..."
13:21:14.0 (107639380)|STATEMENT_EXECUTE|[27]
13:21:14.0 (107641153)|STATEMENT_EXECUTE|[28]
13:21:14.0 (107646374)|HEAP_ALLOCATE|[28]|Bytes:3
13:21:14.0 (107650860)|HEAP_ALLOCATE|[28]|Bytes:33
13:21:14.0 (107656508)|VARIABLE_ASSIGNMENT|[28]|address|"6452 Knyghton Rd,Ind (13 more) ..."
13:21:14.0 (107663056)|STATEMENT_EXECUTE|[30]
13:21:14.0 (107664874)|STATEMENT_EXECUTE|[31]
13:21:14.0 (107669987)|HEAP_ALLOCATE|[31]|Bytes:4
13:21:14.0 (107674335)|HEAP_ALLOCATE|[31]|Bytes:37
13:21:14.0 (107679939)|VARIABLE_ASSIGNMENT|[31]|address|"6452 Knyghton Rd,Ind (17 more) ..."
13:21:14.0 (107686453)|STATEMENT_EXECUTE|[33]
13:21:14.0 (107688274)|STATEMENT_EXECUTE|[34]
13:21:14.0 (107693476)|HEAP_ALLOCATE|[34]|Bytes:6
13:21:14.0 (107697703)|HEAP_ALLOCATE|[34]|Bytes:43
13:21:14.0 (107703150)|VARIABLE_ASSIGNMENT|[34]|address|"6452 Knyghton Rd,Ind (23 more) ..."
13:21:14.0 (107721110)|STATEMENT_EXECUTE|[37]
13:21:14.0 (107723153)|STATEMENT_EXECUTE|[38]
13:21:14.0 (107738630)|VARIABLE_SCOPE_BEGIN|[38]|req|System.HttpRequest|true|false
13:21:14.0 (107777717)|VARIABLE_ASSIGNMENT|[38]|req|"System.HttpRequest[Endpoint=null, Method=null]"|0xe5e0ad9
13:21:14.0 (107783786)|STATEMENT_EXECUTE|[39]
13:21:14.0 (107795538)|USER_DEBUG|[39]|DEBUG|Address is not blank
13:21:14.0 (107800985)|STATEMENT_EXECUTE|[41]
13:21:14.0 (107814101)|METHOD_ENTRY|[41]||System.EncodingUtil.urlEncode(String, String)
13:21:14.0 (107856883)|METHOD_EXIT|[41]||System.EncodingUtil.urlEncode(String, String)
13:21:14.0 (107866879)|VARIABLE_ASSIGNMENT|[41]|address|"6452+Knyghton+Rd%2CI (33 more) ..."
13:21:14.0 (107870780)|STATEMENT_EXECUTE|[42]
13:21:14.0 (107876099)|HEAP_ALLOCATE|[42]|Bytes:64
13:21:14.0 (107884897)|USER_DEBUG|[42]|DEBUG|address is 6452+Knyghton+Rd%2CIndianapolis%2CIN%2CUSA%2C46220%2C
13:21:14.0 (107890098)|STATEMENT_EXECUTE|[43]
13:21:14.0 (107896699)|HEAP_ALLOCATE|[43]|Bytes:122
13:21:14.0 (107914748)|STATEMENT_EXECUTE|[44]
13:21:14.0 (107925462)|STATEMENT_EXECUTE|[45]
13:21:14.0 (107935791)|VARIABLE_SCOPE_BEGIN|[45]|http|System.Http|true|false
13:21:14.0 (107972406)|VARIABLE_ASSIGNMENT|[45]|http|"System.Http[]"|0x78cd4adb
13:21:14.0 (107978310)|STATEMENT_EXECUTE|[46]
13:21:14.0 (107981566)|VARIABLE_SCOPE_BEGIN|[46]|res|System.HttpResponse|true|false
13:21:14.0 (107987102)|VARIABLE_ASSIGNMENT|[46]|res|null|
13:21:14.0 (107996491)|METHOD_ENTRY|[47]||System.Test.isRunningTest()
13:21:14.0 (108008899)|METHOD_EXIT|[47]||System.Test.isRunningTest()
13:21:14.0 (108016465)|STATEMENT_EXECUTE|[47]
13:21:14.0 (108018179)|STATEMENT_EXECUTE|[48]
13:21:14.0 (109876714)|CALLOUT_REQUEST|[48]|System.HttpRequest[Endpoint=https://maps.googleapis.com/maps/api/geocode/xml?address=6452+Knyghton+Rd%2CIndianapolis%2CIN%2CUSA%2C46220%2C&sensor=true, Method=GET]
13:21:14.0 (126072080)|HEAP_ALLOCATE|[EXTERNAL]|Bytes:743
13:21:14.0 (126140313)|CALLOUT_RESPONSE|[48]|System.HttpResponse[Status=OK, StatusCode=200]
13:21:14.0 (126157914)|HEAP_ALLOCATE|[48]|Bytes:314
13:21:14.0 (126229711)|VARIABLE_ASSIGNMENT|[48]|res|"System.HttpResponse[Status=OK, StatusCode=200]"|0x620b0dd
13:21:14.0 (126241796)|STATEMENT_EXECUTE|[59]
13:21:14.0 (126358202)|VARIABLE_SCOPE_BEGIN|[59]|doc|dom.Document|true|false
13:21:14.0 (126394282)|VARIABLE_ASSIGNMENT|[59]|doc|"Document[]"|0xf2dbb7c
13:21:14.0 (126400749)|STATEMENT_EXECUTE|[61]
13:21:14.0 (126422870)|VARIABLE_SCOPE_BEGIN|[61]|geocodeResponse|dom.XmlNode|true|false
13:21:14.0 (126482757)|VARIABLE_ASSIGNMENT|[61]|geocodeResponse|"XMLNode[ELEMENT,GeocodeResponse,null,null,null,[XMLNode[TEXT,null,null,null,null,null,\n ,], XMLNode[ELEMENT,status,null,null,null,[XMLNode[TEXT,null,null,null,null,null,OVER_QUERY_LIMIT,]],null,], XMLNode[TEXT,null,null,null,null,null,\n ,], XMLNode[ELEMENT,error_message,null,null,null,[XMLNode[TEXT,null,null,null,null,null,You have exceeded your daily request quota for this API. We recommend registering for a key at the Google Developers Console: https://console.developers.google.com/,]],null,], XMLNode[TEXT,null,null,null,null,null,\n,]],null,]"|0xa282726
13:21:14.0 (126493749)|STATEMENT_EXECUTE|[62]
13:21:14.0 (126495727)|STATEMENT_EXECUTE|[64]
13:21:14.0 (126517735)|VARIABLE_SCOPE_BEGIN|[64]|result|dom.XmlNode|true|false
13:21:14.0 (126526230)|VARIABLE_ASSIGNMENT|[64]|result|null|
13:21:14.0 (126529880)|STATEMENT_EXECUTE|[65]
13:21:14.0 (126559648)|HEAP_ALLOCATE|[17]|Bytes:5
13:21:14.0 (126598769)|HEAP_ALLOCATE|[17]|Bytes:32
13:21:14.0 (126611531)|VARIABLE_SCOPE_BEGIN|[17]|acc|Account|true|false
13:21:14.0 (126643000)|VARIABLE_ASSIGNMENT|[17]|acc|{"s":1,"v":{"Id":"00136000008NvuCAAS","Name":"Missoula & Sons Inc.","BillingStreet":"440 South La Salle S (5 more) ...","BillingCity":"Chicago","BillingState":"IL","BillingCountry":"USA","BillingPostalCode":"60605"}}|0xb80ab2c
13:21:14.0 (126649348)|STATEMENT_EXECUTE|[17]
13:21:14.0 (126651216)|STATEMENT_EXECUTE|[18]
13:21:14.0 (126673870)|HEAP_ALLOCATE|[18]|Bytes:48
13:21:14.0 (126690099)|USER_DEBUG|[18]|DEBUG|Starting encode for account Missoula & Sons Inc.
13:21:14.0 (126696274)|STATEMENT_EXECUTE|[19]
13:21:14.0 (126700457)|VARIABLE_SCOPE_BEGIN|[19]|address|String|false|false
13:21:14.0 (126706783)|VARIABLE_ASSIGNMENT|[19]|address|""
13:21:14.0 (126714037)|STATEMENT_EXECUTE|[21]
13:21:14.0 (126716091)|STATEMENT_EXECUTE|[22]
13:21:14.0 (126722541)|HEAP_ALLOCATE|[22]|Bytes:26
13:21:14.0 (126727184)|HEAP_ALLOCATE|[22]|Bytes:26
13:21:14.0 (126733335)|VARIABLE_ASSIGNMENT|[22]|address|"440 South La Salle S (6 more) ..."
13:21:14.0 (126740606)|STATEMENT_EXECUTE|[24]
13:21:14.0 (126742616)|STATEMENT_EXECUTE|[25]
13:21:14.0 (126748022)|HEAP_ALLOCATE|[25]|Bytes:8
13:21:14.0 (126752391)|HEAP_ALLOCATE|[25]|Bytes:34
13:21:14.0 (126758172)|VARIABLE_ASSIGNMENT|[25]|address|"440 South La Salle S (14 more) ..."
13:21:14.0 (126764635)|STATEMENT_EXECUTE|[27]
13:21:14.0 (126766482)|STATEMENT_EXECUTE|[28]
13:21:14.0 (126771658)|HEAP_ALLOCATE|[28]|Bytes:3
13:21:14.0 (126775759)|HEAP_ALLOCATE|[28]|Bytes:37
13:21:14.0 (126781223)|VARIABLE_ASSIGNMENT|[28]|address|"440 South La Salle S (17 more) ..."
13:21:14.0 (126787222)|STATEMENT_EXECUTE|[30]
13:21:14.0 (126788934)|STATEMENT_EXECUTE|[31]
13:21:14.0 (126794142)|HEAP_ALLOCATE|[31]|Bytes:4
13:21:14.0 (126798377)|HEAP_ALLOCATE|[31]|Bytes:41
13:21:14.0 (126804339)|VARIABLE_ASSIGNMENT|[31]|address|"440 South La Salle S (21 more) ..."
13:21:14.0 (126810566)|STATEMENT_EXECUTE|[33]
13:21:14.0 (126812215)|STATEMENT_EXECUTE|[34]
13:21:14.0 (126817718)|HEAP_ALLOCATE|[34]|Bytes:6
13:21:14.0 (126821865)|HEAP_ALLOCATE|[34]|Bytes:47
13:21:14.0 (126827341)|VARIABLE_ASSIGNMENT|[34]|address|"440 South La Salle S (27 more) ..."
13:21:14.0 (126844003)|STATEMENT_EXECUTE|[37]
13:21:14.0 (126845925)|STATEMENT_EXECUTE|[38]
13:21:14.0 (126861614)|VARIABLE_SCOPE_BEGIN|[38]|req|System.HttpRequest|true|false
13:21:14.0 (126899974)|VARIABLE_ASSIGNMENT|[38]|req|"System.HttpRequest[Endpoint=null, Method=null]"|0x82554d9
13:21:14.0 (126906077)|STATEMENT_EXECUTE|[39]
13:21:14.0 (126916964)|USER_DEBUG|[39]|DEBUG|Address is not blank
13:21:14.0 (126922367)|STATEMENT_EXECUTE|[41]
13:21:14.0 (126934678)|METHOD_ENTRY|[41]||System.EncodingUtil.urlEncode(String, String)
13:21:14.0 (126977119)|METHOD_EXIT|[41]||System.EncodingUtil.urlEncode(String, String)
13:21:14.0 (126986609)|VARIABLE_ASSIGNMENT|[41]|address|"440+South+La+Salle+S (37 more) ..."
13:21:14.0 (126990569)|STATEMENT_EXECUTE|[42]
13:21:14.0 (126996509)|HEAP_ALLOCATE|[42]|Bytes:68
13:21:14.0 (127005738)|USER_DEBUG|[42]|DEBUG|address is 440+South+La+Salle+Street%2CChicago%2CIL%2CUSA%2C60605%2C
13:21:14.0 (127011973)|STATEMENT_EXECUTE|[43]
13:21:14.0 (127018694)|HEAP_ALLOCATE|[43]|Bytes:126
13:21:14.0 (127037182)|STATEMENT_EXECUTE|[44]
13:21:14.0 (127047532)|STATEMENT_EXECUTE|[45]
13:21:14.0 (127057525)|VARIABLE_SCOPE_BEGIN|[45]|http|System.Http|true|false
13:21:14.0 (127093418)|VARIABLE_ASSIGNMENT|[45]|http|"System.Http[]"|0x21ebe38d
13:21:14.0 (127099252)|STATEMENT_EXECUTE|[46]
13:21:14.0 (127102430)|VARIABLE_SCOPE_BEGIN|[46]|res|System.HttpResponse|true|false
13:21:14.0 (127107790)|VARIABLE_ASSIGNMENT|[46]|res|null|
13:21:14.0 (127117307)|METHOD_ENTRY|[47]||System.Test.isRunningTest()
13:21:14.0 (127131110)|METHOD_EXIT|[47]||System.Test.isRunningTest()
13:21:14.0 (127137699)|STATEMENT_EXECUTE|[47]
13:21:14.0 (127139373)|STATEMENT_EXECUTE|[48]
13:21:14.0 (129018197)|CALLOUT_REQUEST|[48]|System.HttpRequest[Endpoint=https://maps.googleapis.com/maps/api/geocode/xml?address=440+South+La+Salle+Street%2CChicago%2CIL%2CUSA%2C60605%2C&sensor=true, Method=GET]
13:21:14.0 (150495588)|HEAP_ALLOCATE|[EXTERNAL]|Bytes:743
13:21:14.0 (150601920)|CALLOUT_RESPONSE|[48]|System.HttpResponse[Status=OK, StatusCode=200]
13:21:14.0 (150627147)|HEAP_ALLOCATE|[48]|Bytes:314
13:21:14.0 (150707397)|VARIABLE_ASSIGNMENT|[48]|res|"System.HttpResponse[Status=OK, StatusCode=200]"|0x3e03e5f5
13:21:14.0 (150720796)|STATEMENT_EXECUTE|[59]
13:21:14.0 (150839829)|VARIABLE_SCOPE_BEGIN|[59]|doc|dom.Document|true|false
13:21:14.0 (150876620)|VARIABLE_ASSIGNMENT|[59]|doc|"Document[]"|0x2076f3a2
13:21:14.0 (150883045)|STATEMENT_EXECUTE|[61]
13:21:14.0 (150906406)|VARIABLE_SCOPE_BEGIN|[61]|geocodeResponse|dom.XmlNode|true|false
13:21:14.0 (150983904)|VARIABLE_ASSIGNMENT|[61]|geocodeResponse|"XMLNode[ELEMENT,GeocodeResponse,null,null,null,[XMLNode[TEXT,null,null,null,null,null,\n ,], XMLNode[ELEMENT,status,null,null,null,[XMLNode[TEXT,null,null,null,null,null,OVER_QUERY_LIMIT,]],null,], XMLNode[TEXT,null,null,null,null,null,\n ,], XMLNode[ELEMENT,error_message,null,null,null,[XMLNode[TEXT,null,null,null,null,null,You have exceeded your daily request quota for this API. We recommend registering for a key at the Google Developers Console: https://console.developers.google.com/,]],null,], XMLNode[TEXT,null,null,null,null,null,\n,]],null,]"|0x3f699424
13:21:14.0 (150998754)|STATEMENT_EXECUTE|[62]
13:21:14.0 (151002639)|STATEMENT_EXECUTE|[64]
13:21:14.0 (151034120)|VARIABLE_SCOPE_BEGIN|[64]|result|dom.XmlNode|true|false
13:21:14.0 (151044057)|VARIABLE_ASSIGNMENT|[64]|result|null|
13:21:14.0 (151048533)|STATEMENT_EXECUTE|[65]
13:21:14.0 (151076442)|HEAP_ALLOCATE|[17]|Bytes:5
13:21:14.0 (151115940)|HEAP_ALLOCATE|[17]|Bytes:32
13:21:14.0 (151129402)|VARIABLE_SCOPE_BEGIN|[17]|acc|Account|true|false
13:21:14.0 (151161979)|VARIABLE_ASSIGNMENT|[17]|acc|{"s":1,"v":{"Id":"00136000008NvuDAAS","Name":"Morpon Brothers","BillingStreet":"846 Divisadero St","BillingCity":"San Francisco","BillingState":"CA","BillingCountry":"USA","BillingPostalCode":"94117"}}|0x65f15085
13:21:14.0 (151168317)|STATEMENT_EXECUTE|[17]
13:21:14.0 (151170082)|STATEMENT_EXECUTE|[18]
13:21:14.0 (151193931)|HEAP_ALLOCATE|[18]|Bytes:43
13:21:14.0 (151211825)|USER_DEBUG|[18]|DEBUG|Starting encode for account Morpon Brothers
13:21:14.0 (151218459)|STATEMENT_EXECUTE|[19]
13:21:14.0 (151222462)|VARIABLE_SCOPE_BEGIN|[19]|address|String|false|false
13:21:14.0 (151228975)|VARIABLE_ASSIGNMENT|[19]|address|""
13:21:14.0 (151236096)|STATEMENT_EXECUTE|[21]
13:21:14.0 (151238263)|STATEMENT_EXECUTE|[22]
13:21:14.0 (151244697)|HEAP_ALLOCATE|[22]|Bytes:18
13:21:14.0 (151249369)|HEAP_ALLOCATE|[22]|Bytes:18
13:21:14.0 (151254913)|VARIABLE_ASSIGNMENT|[22]|address|"846 Divisadero St,"
13:21:14.0 (151262137)|STATEMENT_EXECUTE|[24]
13:21:14.0 (151264002)|STATEMENT_EXECUTE|[25]
13:21:14.0 (151269943)|HEAP_ALLOCATE|[25]|Bytes:14
13:21:14.0 (151274268)|HEAP_ALLOCATE|[25]|Bytes:32
13:21:14.0 (151281464)|VARIABLE_ASSIGNMENT|[25]|address|"846 Divisadero St,Sa (12 more) ..."
13:21:14.0 (151287847)|STATEMENT_EXECUTE|[27]
13:21:14.0 (151289823)|STATEMENT_EXECUTE|[28]
13:21:14.0 (151295085)|HEAP_ALLOCATE|[28]|Bytes:3
13:21:14.0 (151299431)|HEAP_ALLOCATE|[28]|Bytes:35
13:21:14.0 (151305088)|VARIABLE_ASSIGNMENT|[28]|address|"846 Divisadero St,Sa (15 more) ..."
13:21:14.0 (151311786)|STATEMENT_EXECUTE|[30]
13:21:14.0 (151313570)|STATEMENT_EXECUTE|[31]
13:21:14.0 (151318902)|HEAP_ALLOCATE|[31]|Bytes:4
13:21:14.0 (151323333)|HEAP_ALLOCATE|[31]|Bytes:39
13:21:14.0 (151329019)|VARIABLE_ASSIGNMENT|[31]|address|"846 Divisadero St,Sa (19 more) ..."
13:21:14.0 (151336909)|STATEMENT_EXECUTE|[33]
13:21:14.0 (151340072)|STATEMENT_EXECUTE|[34]
13:21:14.0 (151347895)|HEAP_ALLOCATE|[34]|Bytes:6
13:21:14.0 (151352778)|HEAP_ALLOCATE|[34]|Bytes:45
13:21:14.0 (151358932)|VARIABLE_ASSIGNMENT|[34]|address|"846 Divisadero St,Sa (25 more) ..."
13:21:14.0 (151377491)|STATEMENT_EXECUTE|[37]
13:21:14.0 (151379346)|STATEMENT_EXECUTE|[38]
13:21:14.0 (151394769)|VARIABLE_SCOPE_BEGIN|[38]|req|System.HttpRequest|true|false
13:21:14.0 (151434146)|VARIABLE_ASSIGNMENT|[38]|req|"System.HttpRequest[Endpoint=null, Method=null]"|0x44fc3d83
13:21:14.0 (151440212)|STATEMENT_EXECUTE|[39]
13:21:14.0 (151451863)|USER_DEBUG|[39]|DEBUG|Address is not blank
13:21:14.0 (151457084)|STATEMENT_EXECUTE|[41]
13:21:14.0 (151471543)|METHOD_ENTRY|[41]||System.EncodingUtil.urlEncode(String, String)
13:21:14.0 (151515692)|METHOD_EXIT|[41]||System.EncodingUtil.urlEncode(String, String)
13:21:14.0 (151525582)|VARIABLE_ASSIGNMENT|[41]|address|"846+Divisadero+St%2C (35 more) ..."
13:21:14.0 (151529460)|STATEMENT_EXECUTE|[42]
13:21:14.0 (151535516)|HEAP_ALLOCATE|[42]|Bytes:66
13:21:14.0 (151549895)|USER_DEBUG|[42]|DEBUG|address is 846+Divisadero+St%2CSan+Francisco%2CCA%2CUSA%2C94117%2C
13:21:14.0 (151570870)|STATEMENT_EXECUTE|[43]
13:21:14.0 (151582781)|HEAP_ALLOCATE|[43]|Bytes:124
13:21:14.0 (151612494)|STATEMENT_EXECUTE|[44]
13:21:14.0 (151634199)|STATEMENT_EXECUTE|[45]
13:21:14.0 (151646974)|VARIABLE_SCOPE_BEGIN|[45]|http|System.Http|true|false
13:21:14.0 (151685264)|VARIABLE_ASSIGNMENT|[45]|http|"System.Http[]"|0x20bb4bad
13:21:14.0 (151691294)|STATEMENT_EXECUTE|[46]
13:21:14.0 (151694615)|VARIABLE_SCOPE_BEGIN|[46]|res|System.HttpResponse|true|false
13:21:14.0 (151700192)|VARIABLE_ASSIGNMENT|[46]|res|null|
13:21:14.0 (151710493)|METHOD_ENTRY|[47]||System.Test.isRunningTest()
13:21:14.0 (151724443)|METHOD_EXIT|[47]||System.Test.isRunningTest()
13:21:14.0 (151731414)|STATEMENT_EXECUTE|[47]
13:21:14.0 (151733075)|STATEMENT_EXECUTE|[48]
13:21:14.0 (153820236)|CALLOUT_REQUEST|[48]|System.HttpRequest[Endpoint=https://maps.googleapis.com/maps/api/geocode/xml?address=846+Divisadero+St%2CSan+Francisco%2CCA%2CUSA%2C94117%2C&sensor=true, Method=GET]
13:21:14.0 (169885242)|HEAP_ALLOCATE|[EXTERNAL]|Bytes:743
13:21:14.0 (169962645)|CALLOUT_RESPONSE|[48]|System.HttpResponse[Status=OK, StatusCode=200]
13:21:14.0 (169980163)|HEAP_ALLOCATE|[48]|Bytes:314
13:21:14.0 (170050604)|VARIABLE_ASSIGNMENT|[48]|res|"System.HttpResponse[Status=OK, StatusCode=200]"|0x6bfdd4e
13:21:14.0 (170063898)|STATEMENT_EXECUTE|[59]
13:21:14.0 (170202233)|VARIABLE_SCOPE_BEGIN|[59]|doc|dom.Document|true|false
13:21:14.0 (170239502)|VARIABLE_ASSIGNMENT|[59]|doc|"Document[]"|0xca5096d
13:21:14.0 (170246170)|STATEMENT_EXECUTE|[61]
13:21:14.0 (170268240)|VARIABLE_SCOPE_BEGIN|[61]|geocodeResponse|dom.XmlNode|true|false
13:21:14.0 (170327333)|VARIABLE_ASSIGNMENT|[61]|geocodeResponse|"XMLNode[ELEMENT,GeocodeResponse,null,null,null,[XMLNode[TEXT,null,null,null,null,null,\n ,], XMLNode[ELEMENT,status,null,null,null,[XMLNode[TEXT,null,null,null,null,null,OVER_QUERY_LIMIT,]],null,], XMLNode[TEXT,null,null,null,null,null,\n ,], XMLNode[ELEMENT,error_message,null,null,null,[XMLNode[TEXT,null,null,null,null,null,You have exceeded your daily request quota for this API. We recommend registering for a key at the Google Developers Console: https://console.developers.google.com/,]],null,], XMLNode[TEXT,null,null,null,null,null,\n,]],null,]"|0x13409ff
13:21:14.0 (170338203)|STATEMENT_EXECUTE|[62]
13:21:14.0 (170340411)|STATEMENT_EXECUTE|[64]
13:21:14.0 (170360729)|VARIABLE_SCOPE_BEGIN|[64]|result|dom.XmlNode|true|false
13:21:14.0 (170368799)|VARIABLE_ASSIGNMENT|[64]|result|null|
13:21:14.0 (170372355)|STATEMENT_EXECUTE|[65]
13:21:14.0 (170396928)|HEAP_ALLOCATE|[17]|Bytes:5
13:21:14.0 (170433484)|HEAP_ALLOCATE|[17]|Bytes:32
13:21:14.0 (170445970)|VARIABLE_SCOPE_BEGIN|[17]|acc|Account|true|false
13:21:14.0 (170476082)|VARIABLE_ASSIGNMENT|[17]|acc|{"s":1,"v":{"Id":"00136000008NvuEAAS","Name":"Net Inc.","BillingStreet":"504 West 24th Street","BillingCity":"Austin","BillingState":"TX","BillingCountry":"USA","BillingPostalCode":"78705"}}|0x60ffc2ce
13:21:14.0 (170482564)|STATEMENT_EXECUTE|[17]
13:21:14.0 (170484419)|STATEMENT_EXECUTE|[18]
13:21:14.0 (170505792)|HEAP_ALLOCATE|[18]|Bytes:36
13:21:14.0 (170522442)|USER_DEBUG|[18]|DEBUG|Starting encode for account Net Inc.
13:21:14.0 (170549753)|STATEMENT_EXECUTE|[19]
13:21:14.0 (170557159)|VARIABLE_SCOPE_BEGIN|[19]|address|String|false|false
13:21:14.0 (170567381)|VARIABLE_ASSIGNMENT|[19]|address|""
13:21:14.0 (170580297)|STATEMENT_EXECUTE|[21]
13:21:14.0 (170584038)|STATEMENT_EXECUTE|[22]
13:21:14.0 (170596452)|HEAP_ALLOCATE|[22]|Bytes:21
13:21:14.0 (170602428)|HEAP_ALLOCATE|[22]|Bytes:21
13:21:14.0 (170611256)|VARIABLE_ASSIGNMENT|[22]|address|"504 West 24th Street (1 more) ..."
13:21:14.0 (170619888)|STATEMENT_EXECUTE|[24]
13:21:14.0 (170621844)|STATEMENT_EXECUTE|[25]
13:21:14.0 (170627189)|HEAP_ALLOCATE|[25]|Bytes:7
13:21:14.0 (170631487)|HEAP_ALLOCATE|[25]|Bytes:28
13:21:14.0 (170637533)|VARIABLE_ASSIGNMENT|[25]|address|"504 West 24th Street (8 more) ..."
13:21:14.0 (170644113)|STATEMENT_EXECUTE|[27]
13:21:14.0 (170645936)|STATEMENT_EXECUTE|[28]
13:21:14.0 (170651086)|HEAP_ALLOCATE|[28]|Bytes:3
13:21:14.0 (170655075)|HEAP_ALLOCATE|[28]|Bytes:31
13:21:14.0 (170660937)|VARIABLE_ASSIGNMENT|[28]|address|"504 West 24th Street (11 more) ..."
13:21:14.0 (170667537)|STATEMENT_EXECUTE|[30]
13:21:14.0 (170669342)|STATEMENT_EXECUTE|[31]
13:21:14.0 (170674421)|HEAP_ALLOCATE|[31]|Bytes:4
13:21:14.0 (170678581)|HEAP_ALLOCATE|[31]|Bytes:35
13:21:14.0 (170684174)|VARIABLE_ASSIGNMENT|[31]|address|"504 West 24th Street (15 more) ..."
13:21:14.0 (170690614)|STATEMENT_EXECUTE|[33]
13:21:14.0 (170692418)|STATEMENT_EXECUTE|[34]
13:21:14.0 (170697339)|HEAP_ALLOCATE|[34]|Bytes:6
13:21:14.0 (170701233)|HEAP_ALLOCATE|[34]|Bytes:41
13:21:14.0 (170706858)|VARIABLE_ASSIGNMENT|[34]|address|"504 West 24th Street (21 more) ..."
13:21:14.0 (170722863)|STATEMENT_EXECUTE|[37]
13:21:14.0 (170724831)|STATEMENT_EXECUTE|[38]
13:21:14.0 (170739512)|VARIABLE_SCOPE_BEGIN|[38]|req|System.HttpRequest|true|false
13:21:14.0 (170789536)|VARIABLE_ASSIGNMENT|[38]|req|"System.HttpRequest[Endpoint=null, Method=null]"|0x18523632
13:21:14.0 (170798742)|STATEMENT_EXECUTE|[39]
13:21:14.0 (170814737)|USER_DEBUG|[39]|DEBUG|Address is not blank
13:21:14.0 (170824344)|STATEMENT_EXECUTE|[41]
13:21:14.0 (170841736)|METHOD_ENTRY|[41]||System.EncodingUtil.urlEncode(String, String)
13:21:14.0 (170888064)|METHOD_EXIT|[41]||System.EncodingUtil.urlEncode(String, String)
13:21:14.0 (170898199)|VARIABLE_ASSIGNMENT|[41]|address|"504+West+24th+Street (31 more) ..."
13:21:14.0 (170902467)|STATEMENT_EXECUTE|[42]
13:21:14.0 (170908299)|HEAP_ALLOCATE|[42]|Bytes:62
13:21:14.0 (170917822)|USER_DEBUG|[42]|DEBUG|address is 504+West+24th+Street%2CAustin%2CTX%2CUSA%2C78705%2C
13:21:14.0 (170923003)|STATEMENT_EXECUTE|[43]
13:21:14.0 (170929937)|HEAP_ALLOCATE|[43]|Bytes:120
13:21:14.0 (170948052)|STATEMENT_EXECUTE|[44]
13:21:14.0 (170957943)|STATEMENT_EXECUTE|[45]
13:21:14.0 (170968383)|VARIABLE_SCOPE_BEGIN|[45]|http|System.Http|true|false
13:21:14.0 (171005239)|VARIABLE_ASSIGNMENT|[45]|http|"System.Http[]"|0x1dc237a9
13:21:14.0 (171012022)|STATEMENT_EXECUTE|[46]
13:21:14.0 (171015427)|VARIABLE_SCOPE_BEGIN|[46]|res|System.HttpResponse|true|false
13:21:14.0 (171021031)|VARIABLE_ASSIGNMENT|[46]|res|null|
13:21:14.0 (171030840)|METHOD_ENTRY|[47]||System.Test.isRunningTest()
13:21:14.0 (171044200)|METHOD_EXIT|[47]||System.Test.isRunningTest()
13:21:14.0 (171051185)|STATEMENT_EXECUTE|[47]
13:21:14.0 (171052911)|STATEMENT_EXECUTE|[48]
13:21:14.0 (173131574)|CALLOUT_REQUEST|[48]|System.HttpRequest[Endpoint=https://maps.googleapis.com/maps/api/geocode/xml?address=504+West+24th+Street%2CAustin%2CTX%2CUSA%2C78705%2C&sensor=true, Method=GET]
13:21:14.0 (189340857)|HEAP_ALLOCATE|[EXTERNAL]|Bytes:743
13:21:14.0 (189439445)|CALLOUT_RESPONSE|[48]|System.HttpResponse[Status=OK, StatusCode=200]
13:21:14.0 (189459999)|HEAP_ALLOCATE|[48]|Bytes:314
13:21:14.0 (189547426)|VARIABLE_ASSIGNMENT|[48]|res|"System.HttpResponse[Status=OK, StatusCode=200]"|0x4794f38a
13:21:14.0 (189561158)|STATEMENT_EXECUTE|[59]
13:21:14.0 (189681867)|VARIABLE_SCOPE_BEGIN|[59]|doc|dom.Document|true|false
13:21:14.0 (189722354)|VARIABLE_ASSIGNMENT|[59]|doc|"Document[]"|0x31c3cd01
13:21:14.0 (189728979)|STATEMENT_EXECUTE|[61]
13:21:14.0 (189752684)|VARIABLE_SCOPE_BEGIN|[61]|geocodeResponse|dom.XmlNode|true|false
13:21:14.0 (189840996)|VARIABLE_ASSIGNMENT|[61]|geocodeResponse|"XMLNode[ELEMENT,GeocodeResponse,null,null,null,[XMLNode[TEXT,null,null,null,null,null,\n ,], XMLNode[ELEMENT,status,null,null,null,[XMLNode[TEXT,null,null,null,null,null,OVER_QUERY_LIMIT,]],null,], XMLNode[TEXT,null,null,null,null,null,\n ,], XMLNode[ELEMENT,error_message,null,null,null,[XMLNode[TEXT,null,null,null,null,null,You have exceeded your daily request quota for this API. We recommend registering for a key at the Google Developers Console: https://console.developers.google.com/,]],null,], XMLNode[TEXT,null,null,null,null,null,\n,]],null,]"|0x29f8c717
13:21:14.0 (189852636)|STATEMENT_EXECUTE|[62]
13:21:14.0 (189854710)|STATEMENT_EXECUTE|[64]
13:21:14.0 (189879961)|VARIABLE_SCOPE_BEGIN|[64]|result|dom.XmlNode|true|false
13:21:14.0 (189888848)|VARIABLE_ASSIGNMENT|[64]|result|null|
13:21:14.0 (189892483)|STATEMENT_EXECUTE|[65]
13:21:14.0 (189920619)|HEAP_ALLOCATE|[17]|Bytes:5
13:21:14.0 (189973730)|HEAP_ALLOCATE|[17]|Bytes:32
13:21:14.0 (189988846)|VARIABLE_SCOPE_BEGIN|[17]|acc|Account|true|false
13:21:14.0 (190025484)|VARIABLE_ASSIGNMENT|[17]|acc|{"s":1,"v":{"Id":"00136000008NvuFAAS","Name":"Nicole Grace","BillingStreet":"1839 Faifield Beach  (2 more) ...","BillingCity":"Fairfield","BillingState":"CT","BillingCountry":"USA","BillingPostalCode":"6824"}}|0x28bf1b39
13:21:14.0 (190033111)|STATEMENT_EXECUTE|[17]
13:21:14.0 (190035041)|STATEMENT_EXECUTE|[18]
13:21:14.0 (190059782)|HEAP_ALLOCATE|[18]|Bytes:40
13:21:14.0 (190078409)|USER_DEBUG|[18]|DEBUG|Starting encode for account Nicole Grace
13:21:14.0 (190085323)|STATEMENT_EXECUTE|[19]
13:21:14.0 (190089959)|VARIABLE_SCOPE_BEGIN|[19]|address|String|false|false
13:21:14.0 (190096433)|VARIABLE_ASSIGNMENT|[19]|address|""
13:21:14.0 (190103956)|STATEMENT_EXECUTE|[21]
13:21:14.0 (190105707)|STATEMENT_EXECUTE|[22]
13:21:14.0 (190112010)|HEAP_ALLOCATE|[22]|Bytes:23
13:21:14.0 (190116704)|HEAP_ALLOCATE|[22]|Bytes:23
13:21:14.0 (190123526)|VARIABLE_ASSIGNMENT|[22]|address|"1839 Faifield Beach  (3 more) ..."
13:21:14.0 (190131147)|STATEMENT_EXECUTE|[24]
13:21:14.0 (190133009)|STATEMENT_EXECUTE|[25]
13:21:14.0 (190138605)|HEAP_ALLOCATE|[25]|Bytes:10
13:21:14.0 (190143187)|HEAP_ALLOCATE|[25]|Bytes:33
13:21:14.0 (190149193)|VARIABLE_ASSIGNMENT|[25]|address|"1839 Faifield Beach  (13 more) ..."
13:21:14.0 (190155798)|STATEMENT_EXECUTE|[27]
13:21:14.0 (190157532)|STATEMENT_EXECUTE|[28]
13:21:14.0 (190162855)|HEAP_ALLOCATE|[28]|Bytes:3
13:21:14.0 (190167286)|HEAP_ALLOCATE|[28]|Bytes:36
13:21:14.0 (190172809)|VARIABLE_ASSIGNMENT|[28]|address|"1839 Faifield Beach  (16 more) ..."
13:21:14.0 (190179331)|STATEMENT_EXECUTE|[30]
13:21:14.0 (190181082)|STATEMENT_EXECUTE|[31]
13:21:14.0 (190186388)|HEAP_ALLOCATE|[31]|Bytes:4
13:21:14.0 (190190840)|HEAP_ALLOCATE|[31]|Bytes:40
13:21:14.0 (190196695)|VARIABLE_ASSIGNMENT|[31]|address|"1839 Faifield Beach  (20 more) ..."
13:21:14.0 (190203215)|STATEMENT_EXECUTE|[33]
13:21:14.0 (190205048)|STATEMENT_EXECUTE|[34]
13:21:14.0 (190210230)|HEAP_ALLOCATE|[34]|Bytes:5
13:21:14.0 (190214496)|HEAP_ALLOCATE|[34]|Bytes:45
13:21:14.0 (190220213)|VARIABLE_ASSIGNMENT|[34]|address|"1839 Faifield Beach  (25 more) ..."
13:21:14.0 (190237966)|STATEMENT_EXECUTE|[37]
13:21:14.0 (190239860)|STATEMENT_EXECUTE|[38]
13:21:14.0 (190255563)|VARIABLE_SCOPE_BEGIN|[38]|req|System.HttpRequest|true|false
13:21:14.0 (190295239)|VARIABLE_ASSIGNMENT|[38]|req|"System.HttpRequest[Endpoint=null, Method=null]"|0x4857a507
13:21:14.0 (190301390)|STATEMENT_EXECUTE|[39]
13:21:14.0 (190313057)|USER_DEBUG|[39]|DEBUG|Address is not blank
13:21:14.0 (190318622)|STATEMENT_EXECUTE|[41]
13:21:14.0 (190332699)|METHOD_ENTRY|[41]||System.EncodingUtil.urlEncode(String, String)
13:21:14.0 (190378456)|METHOD_EXIT|[41]||System.EncodingUtil.urlEncode(String, String)
13:21:14.0 (190388139)|VARIABLE_ASSIGNMENT|[41]|address|"1839+Faifield+Beach+ (35 more) ..."
13:21:14.0 (190392237)|STATEMENT_EXECUTE|[42]
13:21:14.0 (190397778)|HEAP_ALLOCATE|[42]|Bytes:66
13:21:14.0 (190407054)|USER_DEBUG|[42]|DEBUG|address is 1839+Faifield+Beach+Rd%2CFairfield%2CCT%2CUSA%2C6824%2C
13:21:14.0 (190412038)|STATEMENT_EXECUTE|[43]
13:21:14.0 (190418835)|HEAP_ALLOCATE|[43]|Bytes:124
13:21:14.0 (190436847)|STATEMENT_EXECUTE|[44]
13:21:14.0 (190446796)|STATEMENT_EXECUTE|[45]
13:21:14.0 (190456780)|VARIABLE_SCOPE_BEGIN|[45]|http|System.Http|true|false
13:21:14.0 (190494080)|VARIABLE_ASSIGNMENT|[45]|http|"System.Http[]"|0x8fc715b
13:21:14.0 (190499995)|STATEMENT_EXECUTE|[46]
13:21:14.0 (190503250)|VARIABLE_SCOPE_BEGIN|[46]|res|System.HttpResponse|true|false
13:21:14.0 (190508747)|VARIABLE_ASSIGNMENT|[46]|res|null|
13:21:14.0 (190518250)|METHOD_ENTRY|[47]||System.Test.isRunningTest()
13:21:14.0 (190531696)|METHOD_EXIT|[47]||System.Test.isRunningTest()
13:21:14.0 (190538426)|STATEMENT_EXECUTE|[47]
13:21:14.0 (190540542)|STATEMENT_EXECUTE|[48]
13:21:14.0 (192702113)|CALLOUT_REQUEST|[48]|System.HttpRequest[Endpoint=https://maps.googleapis.com/maps/api/geocode/xml?address=1839+Faifield+Beach+Rd%2CFairfield%2CCT%2CUSA%2C6824%2C&sensor=true, Method=GET]
13:21:14.0 (206796183)|HEAP_ALLOCATE|[EXTERNAL]|Bytes:743
13:21:14.0 (206865918)|CALLOUT_RESPONSE|[48]|System.HttpResponse[Status=OK, StatusCode=200]
13:21:14.0 (206881091)|HEAP_ALLOCATE|[48]|Bytes:314
13:21:14.0 (206943243)|VARIABLE_ASSIGNMENT|[48]|res|"System.HttpResponse[Status=OK, StatusCode=200]"|0x302dca43
13:21:14.0 (206953715)|STATEMENT_EXECUTE|[59]
13:21:14.0 (207064337)|VARIABLE_SCOPE_BEGIN|[59]|doc|dom.Document|true|false
13:21:14.0 (207100668)|VARIABLE_ASSIGNMENT|[59]|doc|"Document[]"|0x4b53b2fb
13:21:14.0 (207107192)|STATEMENT_EXECUTE|[61]
13:21:14.0 (207128611)|VARIABLE_SCOPE_BEGIN|[61]|geocodeResponse|dom.XmlNode|true|false
13:21:14.0 (207186843)|VARIABLE_ASSIGNMENT|[61]|geocodeResponse|"XMLNode[ELEMENT,GeocodeResponse,null,null,null,[XMLNode[TEXT,null,null,null,null,null,\n ,], XMLNode[ELEMENT,status,null,null,null,[XMLNode[TEXT,null,null,null,null,null,OVER_QUERY_LIMIT,]],null,], XMLNode[TEXT,null,null,null,null,null,\n ,], XMLNode[ELEMENT,error_message,null,null,null,[XMLNode[TEXT,null,null,null,null,null,You have exceeded your daily request quota for this API. We recommend registering for a key at the Google Developers Console: https://console.developers.google.com/,]],null,], XMLNode[TEXT,null,null,null,null,null,\n,]],null,]"|0x45b34583
13:21:14.0 (207196649)|STATEMENT_EXECUTE|[62]
13:21:14.0 (207198645)|STATEMENT_EXECUTE|[64]
13:21:14.0 (207219487)|VARIABLE_SCOPE_BEGIN|[64]|result|dom.XmlNode|true|false
13:21:14.0 (207227184)|VARIABLE_ASSIGNMENT|[64]|result|null|
13:21:14.0 (207230458)|STATEMENT_EXECUTE|[65]
13:21:14.0 (207254044)|HEAP_ALLOCATE|[17]|Bytes:5
13:21:14.0 (207268583)|VARIABLE_ASSIGNMENT|[17]|acc|null|
13:21:14.0 (207273821)|STATEMENT_EXECUTE|[90]
13:21:14.0 (207349056)|DML_BEGIN|[90]|Op:Update|Type:Account|Rows:10
13:21:14.0 (207379779)|HEAP_ALLOCATE|[EXTERNAL]|Bytes:44
13:21:14.0 (222771664)|CODE_UNIT_STARTED|[EXTERNAL]|DuplicateDetector
13:21:14.0 (222789791)|DUPLICATE_DETECTION_BEGIN
13:21:14.0 (222848987)|DUPLICATE_DETECTION_RULE_INVOCATION|DuplicateRuleId:0Bm36000000pmhL|DuplicateRuleName:Standard Account duplicate rule|DmlType:UPDATE
13:21:14.0 (222854300)|DUPLICATE_DETECTION_END
13:21:14.0 (222900559)|CODE_UNIT_FINISHED|DuplicateDetector
13:21:14.0 (264302924)|DML_END|[90]
13:21:14.0 (264434686)|EXCEPTION_THROWN|[90]|System.DmlException: Update failed. First exception on row 4 with id 00136000008NvuAAAS; first error: INVALID_FIELD_FOR_INSERT_UPDATE, Account: bad field names on insert/update call: Name: [Name]
13:21:14.0 (272947465)|HEAP_ALLOCATE|[90]|Bytes:178
13:21:14.0 (273029237)|FATAL_ERROR|System.DmlException: Update failed. First exception on row 4 with id 00136000008NvuAAAS; first error: INVALID_FIELD_FOR_INSERT_UPDATE, Account: bad field names on insert/update call: Name: [Name]

Class.BatchLatLongGenerator.execute: line 90, column 1
