36.0 APEX_CODE,FINEST;APEX_PROFILING,INFO;CALLOUT,INFO;DB,INFO;SYSTEM,DEBUG;VALIDATION,INFO;VISUALFORCE,INFO;WORKFLOW,INFO
12:45:06.0 (811512)|EXECUTION_STARTED
12:45:06.0 (852257)|CODE_UNIT_STARTED|[EXTERNAL]|01p360000052k4g|AccountGeoExtension.getLocalAccounts
12:45:06.0 (1123338)|HEAP_ALLOCATE|[72]|Bytes:3
12:45:06.0 (1172367)|HEAP_ALLOCATE|[77]|Bytes:152
12:45:06.0 (1188606)|HEAP_ALLOCATE|[342]|Bytes:408
12:45:06.0 (1203995)|HEAP_ALLOCATE|[355]|Bytes:408
12:45:06.0 (1218148)|HEAP_ALLOCATE|[467]|Bytes:48
12:45:06.0 (1246351)|HEAP_ALLOCATE|[139]|Bytes:6
12:45:06.0 (1267712)|HEAP_ALLOCATE|[EXTERNAL]|Bytes:1
12:45:06.0 (1272441)|HEAP_ALLOCATE|[EXTERNAL]|Bytes:4
12:45:06.0 (1289314)|METHOD_ENTRY|[1]|01p360000052k4g|AccountGeoExtension.AccountGeoExtension()
12:45:06.0 (1303257)|STATEMENT_EXECUTE|[1]
12:45:06.0 (1312327)|STATEMENT_EXECUTE|[1]
12:45:06.0 (1318018)|METHOD_EXIT|[1]|AccountGeoExtension
12:45:06.0 (1345512)|HEAP_ALLOCATE|[EXTERNAL]|Bytes:28
12:45:06.0 (1349168)|HEAP_ALLOCATE|[EXTERNAL]|Bytes:28
12:45:06.0 (1351333)|HEAP_ALLOCATE|[EXTERNAL]|Bytes:28
12:45:06.0 (1364217)|SYSTEM_MODE_ENTER|false
12:45:06.0 (1377388)|VARIABLE_SCOPE_BEGIN|[5]|latitude|Double|false|false
12:45:06.0 (1416815)|VARIABLE_ASSIGNMENT|[5]|latitude|33.849145
12:45:06.0 (1421201)|VARIABLE_SCOPE_BEGIN|[5]|longitude|Double|false|false
12:45:06.0 (1425739)|VARIABLE_ASSIGNMENT|[5]|longitude|-84.3620913
12:45:06.0 (1427982)|VARIABLE_SCOPE_BEGIN|[5]|maxDistance|Double|false|false
12:45:06.0 (1432249)|VARIABLE_ASSIGNMENT|[5]|maxDistance|40
12:45:06.0 (1446582)|STATEMENT_EXECUTE|[5]
12:45:06.0 (24331307)|HEAP_DUMP|[6]|07n36000000PCDH|AccountGeoExtension|none|6
12:45:06.0 (24352539)|STATEMENT_EXECUTE|[6]
12:45:06.0 (24368777)|HEAP_ALLOCATE|[6]|Bytes:24
12:45:06.0 (24507380)|HEAP_ALLOCATE|[6]|Bytes:9
12:45:06.0 (24524826)|HEAP_ALLOCATE|[6]|Bytes:12
12:45:06.0 (24539092)|HEAP_ALLOCATE|[6]|Bytes:11
12:45:06.0 (24547612)|HEAP_ALLOCATE|[6]|Bytes:11
12:45:06.0 (24558193)|HEAP_ALLOCATE|[6]|Bytes:2
12:45:06.0 (24577069)|HEAP_ALLOCATE|[6]|Bytes:69
12:45:06.0 (24639870)|HEAP_ALLOCATE|[50]|Bytes:5
12:45:06.0 (24677204)|HEAP_ALLOCATE|[56]|Bytes:5
12:45:06.0 (24687228)|HEAP_ALLOCATE|[64]|Bytes:7
12:45:06.0 (24731199)|USER_DEBUG|[6]|DEBUG|searching for latitude: 33.849145 longitude: -84.3620913 distance: 40
12:45:06.0 (24747678)|STATEMENT_EXECUTE|[7]
12:45:06.0 (24752091)|HEAP_ALLOCATE|[7]|Bytes:227
12:45:06.0 (24764501)|HEAP_ALLOCATE|[7]|Bytes:4
12:45:06.0 (24775919)|HEAP_ALLOCATE|[7]|Bytes:7
12:45:06.0 (24831351)|HEAP_ALLOCATE|[7]|Bytes:28
12:45:06.0 (24840035)|HEAP_ALLOCATE|[7]|Bytes:7
12:45:06.0 (24851764)|HEAP_ALLOCATE|[7]|Bytes:28
12:45:06.0 (24857430)|HEAP_ALLOCATE|[7]|Bytes:7
12:45:06.0 (24866993)|HEAP_ALLOCATE|[7]|Bytes:28
12:45:06.0 (29516588)|SOQL_EXECUTE_BEGIN|[7]|Aggregations:0|SELECT Name, Id, Owner.FirstName, Owner.LastName, Permanent_Partner_Manager__c, Partner_Manager__c, BillingLatitude, BillingLongitude FROM Account WHERE DISTANCE(BillingAddress, GEOLOCATION(:tmpVar1, :tmpVar2), 'mi') < :tmpVar3
12:45:06.0 (35473503)|SOQL_EXECUTE_END|[7]|Rows:0
12:45:06.0 (35497285)|HEAP_ALLOCATE|[7]|Bytes:4
12:45:06.0 (35513080)|HEAP_ALLOCATE|[7]|Bytes:0
12:45:06.0 (35579653)|HEAP_ALLOCATE|[7]|Bytes:4
12:45:06.0 (35600769)|VARIABLE_SCOPE_BEGIN|[7]|localAccounts|List<Account>|true|false
12:45:06.0 (35638331)|VARIABLE_ASSIGNMENT|[7]|localAccounts|{"s":1,"v":[]}|0x3678a29a
12:45:06.0 (54037857)|HEAP_DUMP|[11]|07n36000000PCDM|AccountGeoExtension|none|11
12:45:06.0 (54059814)|STATEMENT_EXECUTE|[11]
12:45:06.0 (54081468)|HEAP_ALLOCATE|[11]|Bytes:7
12:45:06.0 (54294677)|HEAP_ALLOCATE|[11]|Bytes:1
12:45:06.0 (54306446)|HEAP_ALLOCATE|[11]|Bytes:9
12:45:06.0 (54322140)|HEAP_ALLOCATE|[11]|Bytes:17
12:45:06.0 (54343122)|USER_DEBUG|[11]|DEBUG| Found 0 accounts
12:45:06.0 (54358647)|STATEMENT_EXECUTE|[12]
12:45:06.0 (54375601)|SYSTEM_MODE_EXIT|false
12:45:06.54 (54420787)|CUMULATIVE_LIMIT_USAGE
12:45:06.54 (54420787)|LIMIT_USAGE_FOR_NS|(default)|
  Number of SOQL queries: 1 out of 100
  Number of query rows: 0 out of 50000
  Number of SOSL queries: 0 out of 20
  Number of DML statements: 0 out of 150
  Number of DML rows: 0 out of 10000
  Maximum CPU time: 0 out of 10000
  Maximum heap size: 0 out of 6000000
  Number of callouts: 0 out of 100
  Number of Email Invocations: 0 out of 10
  Number of future calls: 0 out of 50
  Number of queueable jobs added to the queue: 0 out of 50
  Number of Mobile Apex push calls: 0 out of 10

12:45:06.54 (54420787)|CUMULATIVE_LIMIT_USAGE_END

12:45:06.0 (54474260)|CODE_UNIT_FINISHED|AccountGeoExtension.getLocalAccounts
12:45:06.0 (56911104)|EXECUTION_FINISHED
