36.0 APEX_CODE,FINEST;APEX_PROFILING,INFO;CALLOUT,INFO;DB,INFO;SYSTEM,DEBUG;VALIDATION,INFO;VISUALFORCE,INFO;WORKFLOW,INFO
15:54:10.0 (470621)|EXECUTION_STARTED
15:54:10.0 (501494)|CODE_UNIT_STARTED|[EXTERNAL]|01p360000052k4g|AccountGeoExtension.findLocalAccounts
15:54:10.0 (938746)|HEAP_ALLOCATE|[72]|Bytes:3
15:54:10.0 (1005951)|HEAP_ALLOCATE|[77]|Bytes:152
15:54:10.0 (1029631)|HEAP_ALLOCATE|[342]|Bytes:408
15:54:10.0 (1056403)|HEAP_ALLOCATE|[355]|Bytes:408
15:54:10.0 (1075171)|HEAP_ALLOCATE|[467]|Bytes:48
15:54:10.0 (1115317)|HEAP_ALLOCATE|[139]|Bytes:6
15:54:10.0 (1141826)|HEAP_ALLOCATE|[EXTERNAL]|Bytes:7
15:54:10.0 (1146555)|HEAP_ALLOCATE|[EXTERNAL]|Bytes:7
15:54:10.0 (1165446)|METHOD_ENTRY|[1]|01p360000052k4g|AccountGeoExtension.AccountGeoExtension()
15:54:10.0 (1177483)|STATEMENT_EXECUTE|[1]
15:54:10.0 (1187950)|STATEMENT_EXECUTE|[1]
15:54:10.0 (1230295)|HEAP_ALLOCATE|[50]|Bytes:5
15:54:10.0 (1259416)|HEAP_ALLOCATE|[56]|Bytes:5
15:54:10.0 (1267848)|HEAP_ALLOCATE|[64]|Bytes:7
15:54:10.0 (1297792)|SYSTEM_MODE_ENTER|false
15:54:10.0 (1320132)|HEAP_ALLOCATE|[EXTERNAL]|Bytes:5
15:54:10.0 (1328685)|SYSTEM_MODE_EXIT|false
15:54:10.0 (1341799)|METHOD_EXIT|[1]|AccountGeoExtension
15:54:10.0 (1366485)|HEAP_ALLOCATE|[EXTERNAL]|Bytes:28
15:54:10.0 (1369873)|HEAP_ALLOCATE|[EXTERNAL]|Bytes:28
15:54:10.0 (1371802)|HEAP_ALLOCATE|[EXTERNAL]|Bytes:28
15:54:10.0 (1380190)|SYSTEM_MODE_ENTER|false
15:54:10.0 (1391081)|VARIABLE_SCOPE_BEGIN|[16]|latitude|Double|false|false
15:54:10.0 (1418255)|VARIABLE_ASSIGNMENT|[16]|latitude|33.849145
15:54:10.0 (1422931)|VARIABLE_SCOPE_BEGIN|[16]|longitude|Double|false|false
15:54:10.0 (1427216)|VARIABLE_ASSIGNMENT|[16]|longitude|-84.3620913
15:54:10.0 (1430193)|VARIABLE_SCOPE_BEGIN|[16]|maxDistance|Double|false|false
15:54:10.0 (1433607)|VARIABLE_ASSIGNMENT|[16]|maxDistance|40
15:54:10.0 (1448802)|HEAP_ALLOCATE|[17]|Bytes:5
15:54:10.0 (1456407)|STATEMENT_EXECUTE|[16]
15:54:10.0 (1460022)|STATEMENT_EXECUTE|[17]
15:54:10.0 (1464218)|HEAP_ALLOCATE|[17]|Bytes:24
15:54:10.0 (1546986)|HEAP_ALLOCATE|[17]|Bytes:9
15:54:10.0 (1561052)|HEAP_ALLOCATE|[17]|Bytes:12
15:54:10.0 (1573824)|HEAP_ALLOCATE|[17]|Bytes:11
15:54:10.0 (1581359)|HEAP_ALLOCATE|[17]|Bytes:11
15:54:10.0 (1590893)|HEAP_ALLOCATE|[17]|Bytes:2
15:54:10.0 (1611891)|HEAP_ALLOCATE|[17]|Bytes:69
15:54:10.0 (1650852)|USER_DEBUG|[17]|DEBUG|searching for latitude: 33.849145 longitude: -84.3620913 distance: 40
15:54:10.0 (1661849)|STATEMENT_EXECUTE|[18]
15:54:10.0 (1666069)|HEAP_ALLOCATE|[18]|Bytes:317
15:54:10.0 (1678117)|HEAP_ALLOCATE|[18]|Bytes:4
15:54:10.0 (1694576)|HEAP_ALLOCATE|[18]|Bytes:7
15:54:10.0 (1750296)|HEAP_ALLOCATE|[18]|Bytes:28
15:54:10.0 (1761327)|HEAP_ALLOCATE|[18]|Bytes:7
15:54:10.0 (1777103)|HEAP_ALLOCATE|[18]|Bytes:28
15:54:10.0 (1783285)|HEAP_ALLOCATE|[18]|Bytes:7
15:54:10.0 (1795530)|HEAP_ALLOCATE|[18]|Bytes:28
15:54:10.0 (1801112)|HEAP_ALLOCATE|[18]|Bytes:7
15:54:10.0 (1812753)|HEAP_ALLOCATE|[18]|Bytes:28
15:54:10.0 (1818031)|HEAP_ALLOCATE|[18]|Bytes:7
15:54:10.0 (1829508)|HEAP_ALLOCATE|[18]|Bytes:28
15:54:10.0 (3686648)|SOQL_EXECUTE_BEGIN|[18]|Aggregations:0|SELECT Name, Id, Owner.FirstName, Owner.LastName, Permanent_Partner_Manager__c, Partner_Manager__c, BillingLatitude, BillingLongitude FROM Account WHERE DISTANCE(BillingAddress, GEOLOCATION(:tmpVar1, :tmpVar2), 'mi') < :tmpVar3 ORDER BY  distance(BillingAddress, geolocation( :tmpVar4, :tmpVar5),'mi') ASC NULLS FIRST
15:54:10.0 (30922376)|SOQL_EXECUTE_END|[18]|Rows:2
15:54:10.0 (30958522)|HEAP_ALLOCATE|[18]|Bytes:12
15:54:10.0 (30991391)|HEAP_ALLOCATE|[18]|Bytes:545
15:54:10.0 (31047023)|HEAP_ALLOCATE|[18]|Bytes:12
15:54:10.0 (31075514)|SYSTEM_MODE_EXIT|false
15:54:10.31 (31146862)|CUMULATIVE_LIMIT_USAGE
15:54:10.31 (31146862)|LIMIT_USAGE_FOR_NS|(default)|
  Number of SOQL queries: 1 out of 100
  Number of query rows: 2 out of 50000
  Number of SOSL queries: 0 out of 20
  Number of DML statements: 0 out of 150
  Number of DML rows: 0 out of 10000
  Maximum CPU time: 0 out of 10000
  Maximum heap size: 0 out of 6000000
  Number of callouts: 0 out of 100
  Number of Email Invocations: 0 out of 10
  Number of future calls: 0 out of 50
  Number of queueable jobs added to the queue: 0 out of 50
  Number of Mobile Apex push calls: 0 out of 10

15:54:10.31 (31146862)|CUMULATIVE_LIMIT_USAGE_END

15:54:10.0 (31211075)|CODE_UNIT_FINISHED|AccountGeoExtension.findLocalAccounts
15:54:10.0 (33418488)|EXECUTION_FINISHED
