36.0 APEX_CODE,FINEST;APEX_PROFILING,INFO;CALLOUT,INFO;DB,INFO;SYSTEM,DEBUG;VALIDATION,INFO;VISUALFORCE,INFO;WORKFLOW,INFO
13:17:23.0 (59991)|EXECUTION_STARTED
13:17:23.0 (104809)|CODE_UNIT_STARTED|[EXTERNAL]|01p360000053AMn|BatchLatLongGenerator
13:17:23.0 (704353)|HEAP_ALLOCATE|[EXTERNAL]|Bytes:77
13:17:23.0 (722240)|HEAP_ALLOCATE|[EXTERNAL]|Bytes:10
13:17:23.0 (725769)|HEAP_ALLOCATE|[EXTERNAL]|Bytes:5
13:17:23.0 (738083)|METHOD_ENTRY|[1]|01p360000053AMn|BatchLatLongGenerator.BatchLatLongGenerator()
13:17:23.0 (752572)|STATEMENT_EXECUTE|[1]
13:17:23.0 (762000)|STATEMENT_EXECUTE|[1]
13:17:23.0 (768930)|METHOD_EXIT|[1]|BatchLatLongGenerator
13:17:23.0 (773302)|HEAP_ALLOCATE|[EXTERNAL]|Bytes:8
13:17:23.0 (784716)|HEAP_ALLOCATE|[EXTERNAL]|Bytes:11
13:17:23.0 (791177)|SYSTEM_METHOD_ENTRY|[15]|BatchableContextImpl.BatchableContextImpl()
13:17:23.0 (794319)|STATEMENT_EXECUTE|[15]
13:17:23.0 (800236)|SYSTEM_METHOD_EXIT|[15]|BatchableContextImpl
13:17:23.0 (802983)|HEAP_ALLOCATE|[EXTERNAL]|Bytes:12
13:17:23.0 (818657)|HEAP_ALLOCATE|[EXTERNAL]|Bytes:44
13:17:23.0 (825806)|VARIABLE_SCOPE_BEGIN|[15]|this|BatchLatLongGenerator|true|false
13:17:23.0 (895558)|VARIABLE_ASSIGNMENT|[15]|this|{"query":"Select Id, Name, Bil (115 more) ..."}|0x3c262d8f
13:17:23.0 (900338)|VARIABLE_SCOPE_BEGIN|[15]|BC|Database.BatchableContext|true|false
13:17:23.0 (1020794)|VARIABLE_ASSIGNMENT|[15]|BC|{"childJobId":"70736000006EdsYAAS","jobId":"70736000006EdsqAAC"}|0x37e9ac76
13:17:23.0 (1027483)|VARIABLE_SCOPE_BEGIN|[15]|scope|List<SObject>|true|false
13:17:23.0 (1045325)|VARIABLE_ASSIGNMENT|[15]|scope|{"s":1,"v":"List of size 10 too large to display"}|0x195d0f01
13:17:23.0 (1053426)|STATEMENT_EXECUTE|[15]
13:17:23.0 (1113185)|HEAP_ALLOCATE|[50]|Bytes:5
13:17:23.0 (1131357)|HEAP_ALLOCATE|[56]|Bytes:5
13:17:23.0 (1139957)|HEAP_ALLOCATE|[64]|Bytes:7
13:17:23.0 (1158065)|HEAP_ALLOCATE|[17]|Bytes:5
13:17:23.0 (1191788)|HEAP_ALLOCATE|[17]|Bytes:32
13:17:23.0 (1201333)|VARIABLE_SCOPE_BEGIN|[17]|acc|Account|true|false
13:17:23.0 (1226645)|VARIABLE_ASSIGNMENT|[17]|acc|{"s":1,"v":{"Id":"00136000008Nvu6AAC","Name":"Homeland Audio Co.","BillingStreet":"1984 Gufford Dr","BillingCity":"New Hanover","BillingState":"NC","BillingCountry":"USA","BillingPostalCode":"28403"}}|0x652921a6
13:17:23.0 (1232802)|STATEMENT_EXECUTE|[17]
13:17:23.0 (1234907)|STATEMENT_EXECUTE|[19]
13:17:23.0 (1240192)|VARIABLE_SCOPE_BEGIN|[19]|address|String|false|false
13:17:23.0 (1245375)|VARIABLE_ASSIGNMENT|[19]|address|""
13:17:23.0 (1257599)|STATEMENT_EXECUTE|[21]
13:17:23.0 (1259592)|STATEMENT_EXECUTE|[22]
13:17:23.0 (1264200)|HEAP_ALLOCATE|[22]|Bytes:1
13:17:23.0 (1283010)|HEAP_ALLOCATE|[22]|Bytes:16
13:17:23.0 (1288172)|HEAP_ALLOCATE|[22]|Bytes:16
13:17:23.0 (1295166)|VARIABLE_ASSIGNMENT|[22]|address|"1984 Gufford Dr,"
13:17:23.0 (1303467)|STATEMENT_EXECUTE|[24]
13:17:23.0 (1305466)|STATEMENT_EXECUTE|[25]
13:17:23.0 (1311456)|HEAP_ALLOCATE|[25]|Bytes:12
13:17:23.0 (1315776)|HEAP_ALLOCATE|[25]|Bytes:28
13:17:23.0 (1322751)|VARIABLE_ASSIGNMENT|[25]|address|"1984 Gufford Dr,New  (8 more) ..."
13:17:23.0 (1330112)|STATEMENT_EXECUTE|[27]
13:17:23.0 (1332116)|STATEMENT_EXECUTE|[28]
13:17:23.0 (1337842)|HEAP_ALLOCATE|[28]|Bytes:3
13:17:23.0 (1342069)|HEAP_ALLOCATE|[28]|Bytes:31
13:17:23.0 (1348440)|VARIABLE_ASSIGNMENT|[28]|address|"1984 Gufford Dr,New  (11 more) ..."
13:17:23.0 (1355188)|STATEMENT_EXECUTE|[30]
13:17:23.0 (1357061)|STATEMENT_EXECUTE|[31]
13:17:23.0 (1362576)|HEAP_ALLOCATE|[31]|Bytes:4
13:17:23.0 (1367328)|HEAP_ALLOCATE|[31]|Bytes:35
13:17:23.0 (1373595)|VARIABLE_ASSIGNMENT|[31]|address|"1984 Gufford Dr,New  (15 more) ..."
13:17:23.0 (1380528)|STATEMENT_EXECUTE|[33]
13:17:23.0 (1382619)|STATEMENT_EXECUTE|[34]
13:17:23.0 (1388308)|HEAP_ALLOCATE|[34]|Bytes:6
13:17:23.0 (1392615)|HEAP_ALLOCATE|[34]|Bytes:41
13:17:23.0 (1398821)|VARIABLE_ASSIGNMENT|[34]|address|"1984 Gufford Dr,New  (21 more) ..."
13:17:23.0 (1416450)|STATEMENT_EXECUTE|[37]
13:17:23.0 (1418888)|STATEMENT_EXECUTE|[38]
13:17:23.0 (1452782)|VARIABLE_SCOPE_BEGIN|[38]|req|System.HttpRequest|true|false
13:17:23.0 (1500471)|VARIABLE_ASSIGNMENT|[38]|req|"System.HttpRequest[Endpoint=null, Method=null]"|0x234f6256
13:17:23.0 (1506745)|STATEMENT_EXECUTE|[40]
13:17:23.0 (1510884)|HEAP_ALLOCATE|[40]|Bytes:5
13:17:23.0 (1525476)|HEAP_ALLOCATE|[40]|Bytes:15
13:17:23.0 (1533777)|SYSTEM_METHOD_ENTRY|[1]|EncodingUtil.EncodingUtil()
13:17:23.0 (1537129)|STATEMENT_EXECUTE|[1]
13:17:23.0 (1543997)|SYSTEM_METHOD_EXIT|[1]|EncodingUtil
13:17:23.0 (1553438)|METHOD_ENTRY|[40]||System.EncodingUtil.urlEncode(String, String)
13:17:23.0 (1600188)|METHOD_EXIT|[40]||System.EncodingUtil.urlEncode(String, String)
13:17:23.0 (1611171)|VARIABLE_ASSIGNMENT|[40]|address|"1984+Gufford+Dr%2CNe (31 more) ..."
13:17:23.0 (1615770)|STATEMENT_EXECUTE|[41]
13:17:23.0 (1619415)|HEAP_ALLOCATE|[41]|Bytes:57
13:17:23.0 (1622893)|HEAP_ALLOCATE|[41]|Bytes:12
13:17:23.0 (1631693)|HEAP_ALLOCATE|[41]|Bytes:120
13:17:23.0 (1688704)|STATEMENT_EXECUTE|[42]
13:17:23.0 (1693082)|HEAP_ALLOCATE|[42]|Bytes:3
13:17:23.0 (1716131)|STATEMENT_EXECUTE|[43]
13:17:23.0 (1740767)|VARIABLE_SCOPE_BEGIN|[43]|http|System.Http|true|false
13:17:23.0 (1784532)|VARIABLE_ASSIGNMENT|[43]|http|"System.Http[]"|0x5fdc4e32
13:17:23.0 (1790346)|STATEMENT_EXECUTE|[44]
13:17:23.0 (1796605)|VARIABLE_SCOPE_BEGIN|[44]|res|System.HttpResponse|true|false
13:17:23.0 (1803260)|VARIABLE_ASSIGNMENT|[44]|res|null|
13:17:23.0 (1817544)|HEAP_ALLOCATE|[45]|Bytes:57
13:17:23.0 (1826347)|SYSTEM_METHOD_ENTRY|[1]|Test.Test()
13:17:23.0 (1829733)|STATEMENT_EXECUTE|[1]
13:17:23.0 (1836130)|SYSTEM_METHOD_EXIT|[1]|Test
13:17:23.0 (1844021)|METHOD_ENTRY|[45]||System.Test.isRunningTest()
13:17:23.0 (1863692)|METHOD_EXIT|[45]||System.Test.isRunningTest()
13:17:23.0 (1870336)|STATEMENT_EXECUTE|[45]
13:17:23.0 (1872329)|STATEMENT_EXECUTE|[46]
13:17:23.0 (1940645)|CALLOUT_REQUEST|[46]|System.HttpRequest[Endpoint=https://maps.googleapis.com/maps/api/geocode/xml?address=1984+Gufford+Dr%2CNew+Hanover%2CNC%2CUSA%2C28403%2C&sensor=true, Method=GET]
13:17:23.0 (15684996)|HEAP_ALLOCATE|[EXTERNAL]|Bytes:743
13:17:23.0 (15770855)|CALLOUT_RESPONSE|[46]|System.HttpResponse[Status=OK, StatusCode=200]
13:17:23.0 (15790815)|HEAP_ALLOCATE|[46]|Bytes:314
13:17:23.0 (15876309)|VARIABLE_ASSIGNMENT|[46]|res|"System.HttpResponse[Status=OK, StatusCode=200]"|0x73d4707e
13:17:23.0 (15890648)|STATEMENT_EXECUTE|[57]
13:17:23.0 (16041310)|VARIABLE_SCOPE_BEGIN|[57]|doc|dom.Document|true|false
13:17:23.0 (16081398)|VARIABLE_ASSIGNMENT|[57]|doc|"Document[]"|0x2b51f180
13:17:23.0 (16088011)|STATEMENT_EXECUTE|[59]
13:17:23.0 (16117878)|VARIABLE_SCOPE_BEGIN|[59]|geocodeResponse|dom.XmlNode|true|false
13:17:23.0 (16180059)|VARIABLE_ASSIGNMENT|[59]|geocodeResponse|"XMLNode[ELEMENT,GeocodeResponse,null,null,null,[XMLNode[TEXT,null,null,null,null,null,\n ,], XMLNode[ELEMENT,status,null,null,null,[XMLNode[TEXT,null,null,null,null,null,OVER_QUERY_LIMIT,]],null,], XMLNode[TEXT,null,null,null,null,null,\n ,], XMLNode[ELEMENT,error_message,null,null,null,[XMLNode[TEXT,null,null,null,null,null,You have exceeded your daily request quota for this API. We recommend registering for a key at the Google Developers Console: https://console.developers.google.com/,]],null,], XMLNode[TEXT,null,null,null,null,null,\n,]],null,]"|0x46fb624e
13:17:23.0 (16191187)|STATEMENT_EXECUTE|[60]
13:17:23.0 (16193271)|STATEMENT_EXECUTE|[62]
13:17:23.0 (16197595)|HEAP_ALLOCATE|[62]|Bytes:6
13:17:23.0 (16236398)|VARIABLE_SCOPE_BEGIN|[62]|result|dom.XmlNode|true|false
13:17:23.0 (16245800)|VARIABLE_ASSIGNMENT|[62]|result|null|
13:17:23.0 (16250204)|STATEMENT_EXECUTE|[63]
13:17:23.0 (16271098)|HEAP_ALLOCATE|[17]|Bytes:5
13:17:23.0 (16302616)|HEAP_ALLOCATE|[17]|Bytes:32
13:17:23.0 (16314531)|VARIABLE_SCOPE_BEGIN|[17]|acc|Account|true|false
13:17:23.0 (16347487)|VARIABLE_ASSIGNMENT|[17]|acc|{"s":1,"v":{"Id":"00136000008Nvu7AAC","Name":"Jon Allegri","BillingStreet":"5823 Bowen Daniel Dr","BillingCity":"Tampa","BillingState":"FL","BillingCountry":"USA","BillingPostalCode":"33616"}}|0x7beb097d
13:17:23.0 (16353296)|STATEMENT_EXECUTE|[17]
13:17:23.0 (16355356)|STATEMENT_EXECUTE|[19]
13:17:23.0 (16360063)|VARIABLE_SCOPE_BEGIN|[19]|address|String|false|false
13:17:23.0 (16365607)|VARIABLE_ASSIGNMENT|[19]|address|""
13:17:23.0 (16377595)|STATEMENT_EXECUTE|[21]
13:17:23.0 (16379681)|STATEMENT_EXECUTE|[22]
13:17:23.0 (16390643)|HEAP_ALLOCATE|[22]|Bytes:21
13:17:23.0 (16395490)|HEAP_ALLOCATE|[22]|Bytes:21
13:17:23.0 (16403317)|VARIABLE_ASSIGNMENT|[22]|address|"5823 Bowen Daniel Dr (1 more) ..."
13:17:23.0 (16410872)|STATEMENT_EXECUTE|[24]
13:17:23.0 (16412836)|STATEMENT_EXECUTE|[25]
13:17:23.0 (16418254)|HEAP_ALLOCATE|[25]|Bytes:6
13:17:23.0 (16422295)|HEAP_ALLOCATE|[25]|Bytes:27
13:17:23.0 (16428664)|VARIABLE_ASSIGNMENT|[25]|address|"5823 Bowen Daniel Dr (7 more) ..."
13:17:23.0 (16435426)|STATEMENT_EXECUTE|[27]
13:17:23.0 (16437543)|STATEMENT_EXECUTE|[28]
13:17:23.0 (16442885)|HEAP_ALLOCATE|[28]|Bytes:3
13:17:23.0 (16446933)|HEAP_ALLOCATE|[28]|Bytes:30
13:17:23.0 (16453197)|VARIABLE_ASSIGNMENT|[28]|address|"5823 Bowen Daniel Dr (10 more) ..."
13:17:23.0 (16459764)|STATEMENT_EXECUTE|[30]
13:17:23.0 (16461626)|STATEMENT_EXECUTE|[31]
13:17:23.0 (16466842)|HEAP_ALLOCATE|[31]|Bytes:4
13:17:23.0 (16470995)|HEAP_ALLOCATE|[31]|Bytes:34
13:17:23.0 (16477227)|VARIABLE_ASSIGNMENT|[31]|address|"5823 Bowen Daniel Dr (14 more) ..."
13:17:23.0 (16484262)|STATEMENT_EXECUTE|[33]
13:17:23.0 (16486240)|STATEMENT_EXECUTE|[34]
13:17:23.0 (16491341)|HEAP_ALLOCATE|[34]|Bytes:6
13:17:23.0 (16495216)|HEAP_ALLOCATE|[34]|Bytes:40
13:17:23.0 (16501078)|VARIABLE_ASSIGNMENT|[34]|address|"5823 Bowen Daniel Dr (20 more) ..."
13:17:23.0 (16513789)|STATEMENT_EXECUTE|[37]
13:17:23.0 (16516059)|STATEMENT_EXECUTE|[38]
13:17:23.0 (16531589)|VARIABLE_SCOPE_BEGIN|[38]|req|System.HttpRequest|true|false
13:17:23.0 (16571890)|VARIABLE_ASSIGNMENT|[38]|req|"System.HttpRequest[Endpoint=null, Method=null]"|0x2b6cd1fe
13:17:23.0 (16578069)|STATEMENT_EXECUTE|[40]
13:17:23.0 (16596839)|METHOD_ENTRY|[40]||System.EncodingUtil.urlEncode(String, String)
13:17:23.0 (16641679)|METHOD_EXIT|[40]||System.EncodingUtil.urlEncode(String, String)
13:17:23.0 (16652469)|VARIABLE_ASSIGNMENT|[40]|address|"5823+Bowen+Daniel+Dr (30 more) ..."
13:17:23.0 (16656759)|STATEMENT_EXECUTE|[41]
13:17:23.0 (16664696)|HEAP_ALLOCATE|[41]|Bytes:119
13:17:23.0 (16685226)|STATEMENT_EXECUTE|[42]
13:17:23.0 (16697245)|STATEMENT_EXECUTE|[43]
13:17:23.0 (16707909)|VARIABLE_SCOPE_BEGIN|[43]|http|System.Http|true|false
13:17:23.0 (16744623)|VARIABLE_ASSIGNMENT|[43]|http|"System.Http[]"|0x1261024c
13:17:23.0 (16750454)|STATEMENT_EXECUTE|[44]
13:17:23.0 (16753868)|VARIABLE_SCOPE_BEGIN|[44]|res|System.HttpResponse|true|false
13:17:23.0 (16759533)|VARIABLE_ASSIGNMENT|[44]|res|null|
13:17:23.0 (16769095)|METHOD_ENTRY|[45]||System.Test.isRunningTest()
13:17:23.0 (16780036)|METHOD_EXIT|[45]||System.Test.isRunningTest()
13:17:23.0 (16786771)|STATEMENT_EXECUTE|[45]
13:17:23.0 (16790764)|STATEMENT_EXECUTE|[46]
13:17:23.0 (19002554)|CALLOUT_REQUEST|[46]|System.HttpRequest[Endpoint=https://maps.googleapis.com/maps/api/geocode/xml?address=5823+Bowen+Daniel+Dr%2CTampa%2CFL%2CUSA%2C33616%2C&sensor=true, Method=GET]
13:17:23.0 (33748036)|HEAP_ALLOCATE|[EXTERNAL]|Bytes:743
13:17:23.0 (33830673)|CALLOUT_RESPONSE|[46]|System.HttpResponse[Status=OK, StatusCode=200]
13:17:23.0 (33847691)|HEAP_ALLOCATE|[46]|Bytes:314
13:17:23.0 (33935780)|VARIABLE_ASSIGNMENT|[46]|res|"System.HttpResponse[Status=OK, StatusCode=200]"|0x6e981cfc
13:17:23.0 (33950421)|STATEMENT_EXECUTE|[57]
13:17:23.0 (34091517)|VARIABLE_SCOPE_BEGIN|[57]|doc|dom.Document|true|false
13:17:23.0 (34130990)|VARIABLE_ASSIGNMENT|[57]|doc|"Document[]"|0x19d0c339
13:17:23.0 (34137383)|STATEMENT_EXECUTE|[59]
13:17:23.0 (34161623)|VARIABLE_SCOPE_BEGIN|[59]|geocodeResponse|dom.XmlNode|true|false
13:17:23.0 (34220632)|VARIABLE_ASSIGNMENT|[59]|geocodeResponse|"XMLNode[ELEMENT,GeocodeResponse,null,null,null,[XMLNode[TEXT,null,null,null,null,null,\n ,], XMLNode[ELEMENT,status,null,null,null,[XMLNode[TEXT,null,null,null,null,null,OVER_QUERY_LIMIT,]],null,], XMLNode[TEXT,null,null,null,null,null,\n ,], XMLNode[ELEMENT,error_message,null,null,null,[XMLNode[TEXT,null,null,null,null,null,You have exceeded your daily request quota for this API. We recommend registering for a key at the Google Developers Console: https://console.developers.google.com/,]],null,], XMLNode[TEXT,null,null,null,null,null,\n,]],null,]"|0xb83b34d
13:17:23.0 (34229791)|STATEMENT_EXECUTE|[60]
13:17:23.0 (34231865)|STATEMENT_EXECUTE|[62]
13:17:23.0 (34254612)|VARIABLE_SCOPE_BEGIN|[62]|result|dom.XmlNode|true|false
13:17:23.0 (34264690)|VARIABLE_ASSIGNMENT|[62]|result|null|
13:17:23.0 (34271349)|STATEMENT_EXECUTE|[63]
13:17:23.0 (34300931)|HEAP_ALLOCATE|[17]|Bytes:5
13:17:23.0 (34343833)|HEAP_ALLOCATE|[17]|Bytes:24
13:17:23.0 (34355665)|VARIABLE_SCOPE_BEGIN|[17]|acc|Account|true|false
13:17:23.0 (34386853)|VARIABLE_ASSIGNMENT|[17]|acc|{"s":1,"v":{"Id":"00136000008Nvu8AAC","Name":"Jones Audio Corp","BillingState":"CA","BillingCountry":"USA","BillingPostalCode":"94105-5188"}}|0x95a93df
13:17:23.0 (34392834)|STATEMENT_EXECUTE|[17]
13:17:23.0 (34394889)|STATEMENT_EXECUTE|[19]
13:17:23.0 (34398790)|VARIABLE_SCOPE_BEGIN|[19]|address|String|false|false
13:17:23.0 (34404085)|VARIABLE_ASSIGNMENT|[19]|address|""
13:17:23.0 (34413516)|STATEMENT_EXECUTE|[21]
13:17:23.0 (34417394)|STATEMENT_EXECUTE|[24]
13:17:23.0 (34423467)|STATEMENT_EXECUTE|[27]
13:17:23.0 (34425229)|STATEMENT_EXECUTE|[28]
13:17:23.0 (34436431)|HEAP_ALLOCATE|[28]|Bytes:3
13:17:23.0 (34441558)|HEAP_ALLOCATE|[28]|Bytes:3
13:17:23.0 (34447328)|VARIABLE_ASSIGNMENT|[28]|address|"CA,"
13:17:23.0 (34454502)|STATEMENT_EXECUTE|[30]
13:17:23.0 (34456430)|STATEMENT_EXECUTE|[31]
13:17:23.0 (34461700)|HEAP_ALLOCATE|[31]|Bytes:4
13:17:23.0 (34465866)|HEAP_ALLOCATE|[31]|Bytes:7
13:17:23.0 (34471408)|VARIABLE_ASSIGNMENT|[31]|address|"CA,USA,"
13:17:23.0 (34478090)|STATEMENT_EXECUTE|[33]
13:17:23.0 (34480010)|STATEMENT_EXECUTE|[34]
13:17:23.0 (34488862)|HEAP_ALLOCATE|[34]|Bytes:11
13:17:23.0 (34493056)|HEAP_ALLOCATE|[34]|Bytes:18
13:17:23.0 (34498862)|VARIABLE_ASSIGNMENT|[34]|address|"CA,USA,94105-5188,"
13:17:23.0 (34512070)|STATEMENT_EXECUTE|[37]
13:17:23.0 (34514343)|STATEMENT_EXECUTE|[38]
13:17:23.0 (34530027)|VARIABLE_SCOPE_BEGIN|[38]|req|System.HttpRequest|true|false
13:17:23.0 (34570903)|VARIABLE_ASSIGNMENT|[38]|req|"System.HttpRequest[Endpoint=null, Method=null]"|0x278b01f4
13:17:23.0 (34577198)|STATEMENT_EXECUTE|[40]
13:17:23.0 (34595392)|METHOD_ENTRY|[40]||System.EncodingUtil.urlEncode(String, String)
13:17:23.0 (34650794)|METHOD_EXIT|[40]||System.EncodingUtil.urlEncode(String, String)
13:17:23.0 (34668439)|VARIABLE_ASSIGNMENT|[40]|address|"CA%2CUSA%2C94105-518 (4 more) ..."
13:17:23.0 (34676152)|STATEMENT_EXECUTE|[41]
13:17:23.0 (34688059)|HEAP_ALLOCATE|[41]|Bytes:93
13:17:23.0 (34712213)|STATEMENT_EXECUTE|[42]
13:17:23.0 (34724471)|STATEMENT_EXECUTE|[43]
13:17:23.0 (34736546)|VARIABLE_SCOPE_BEGIN|[43]|http|System.Http|true|false
13:17:23.0 (34777175)|VARIABLE_ASSIGNMENT|[43]|http|"System.Http[]"|0x2ed202aa
13:17:23.0 (34783673)|STATEMENT_EXECUTE|[44]
13:17:23.0 (34787089)|VARIABLE_SCOPE_BEGIN|[44]|res|System.HttpResponse|true|false
13:17:23.0 (34792510)|VARIABLE_ASSIGNMENT|[44]|res|null|
13:17:23.0 (34801797)|METHOD_ENTRY|[45]||System.Test.isRunningTest()
13:17:23.0 (34813530)|METHOD_EXIT|[45]||System.Test.isRunningTest()
13:17:23.0 (34819437)|STATEMENT_EXECUTE|[45]
13:17:23.0 (34821247)|STATEMENT_EXECUTE|[46]
13:17:23.0 (36710411)|CALLOUT_REQUEST|[46]|System.HttpRequest[Endpoint=https://maps.googleapis.com/maps/api/geocode/xml?address=CA%2CUSA%2C94105-5188%2C&sensor=true, Method=GET]
13:17:23.0 (52164730)|HEAP_ALLOCATE|[EXTERNAL]|Bytes:743
13:17:23.0 (52248118)|CALLOUT_RESPONSE|[46]|System.HttpResponse[Status=OK, StatusCode=200]
13:17:23.0 (52263638)|HEAP_ALLOCATE|[46]|Bytes:314
13:17:23.0 (52345987)|VARIABLE_ASSIGNMENT|[46]|res|"System.HttpResponse[Status=OK, StatusCode=200]"|0x1a30ae57
13:17:23.0 (52359837)|STATEMENT_EXECUTE|[57]
13:17:23.0 (52490391)|VARIABLE_SCOPE_BEGIN|[57]|doc|dom.Document|true|false
13:17:23.0 (52528260)|VARIABLE_ASSIGNMENT|[57]|doc|"Document[]"|0x1110d5ea
13:17:23.0 (52534392)|STATEMENT_EXECUTE|[59]
13:17:23.0 (52556948)|VARIABLE_SCOPE_BEGIN|[59]|geocodeResponse|dom.XmlNode|true|false
13:17:23.0 (52616051)|VARIABLE_ASSIGNMENT|[59]|geocodeResponse|"XMLNode[ELEMENT,GeocodeResponse,null,null,null,[XMLNode[TEXT,null,null,null,null,null,\n ,], XMLNode[ELEMENT,status,null,null,null,[XMLNode[TEXT,null,null,null,null,null,OVER_QUERY_LIMIT,]],null,], XMLNode[TEXT,null,null,null,null,null,\n ,], XMLNode[ELEMENT,error_message,null,null,null,[XMLNode[TEXT,null,null,null,null,null,You have exceeded your daily request quota for this API. We recommend registering for a key at the Google Developers Console: https://console.developers.google.com/,]],null,], XMLNode[TEXT,null,null,null,null,null,\n,]],null,]"|0x7db0c1cb
13:17:23.0 (52625935)|STATEMENT_EXECUTE|[60]
13:17:23.0 (52627863)|STATEMENT_EXECUTE|[62]
13:17:23.0 (52650002)|VARIABLE_SCOPE_BEGIN|[62]|result|dom.XmlNode|true|false
13:17:23.0 (52658078)|VARIABLE_ASSIGNMENT|[62]|result|null|
13:17:23.0 (52661825)|STATEMENT_EXECUTE|[63]
13:17:23.0 (52682667)|HEAP_ALLOCATE|[17]|Bytes:5
13:17:23.0 (52714138)|HEAP_ALLOCATE|[17]|Bytes:32
13:17:23.0 (52724709)|VARIABLE_SCOPE_BEGIN|[17]|acc|Account|true|false
13:17:23.0 (52757207)|VARIABLE_ASSIGNMENT|[17]|acc|{"s":1,"v":{"Id":"00136000008Nvu9AAC","Name":"Kari Rende","BillingStreet":"245 W Winthrop Ave","BillingCity":"Elmhurst","BillingState":"IL","BillingCountry":"USA","BillingPostalCode":"60126"}}|0xfc028ca
13:17:23.0 (52763126)|STATEMENT_EXECUTE|[17]
13:17:23.0 (52765084)|STATEMENT_EXECUTE|[19]
13:17:23.0 (52769972)|VARIABLE_SCOPE_BEGIN|[19]|address|String|false|false
13:17:23.0 (52775108)|VARIABLE_ASSIGNMENT|[19]|address|""
13:17:23.0 (52788099)|STATEMENT_EXECUTE|[21]
13:17:23.0 (52791655)|STATEMENT_EXECUTE|[22]
13:17:23.0 (52802673)|HEAP_ALLOCATE|[22]|Bytes:19
13:17:23.0 (52807967)|HEAP_ALLOCATE|[22]|Bytes:19
13:17:23.0 (52814720)|VARIABLE_ASSIGNMENT|[22]|address|"245 W Winthrop Ave,"
13:17:23.0 (52822510)|STATEMENT_EXECUTE|[24]
13:17:23.0 (52824446)|STATEMENT_EXECUTE|[25]
13:17:23.0 (52829695)|HEAP_ALLOCATE|[25]|Bytes:9
13:17:23.0 (52833670)|HEAP_ALLOCATE|[25]|Bytes:28
13:17:23.0 (52841447)|VARIABLE_ASSIGNMENT|[25]|address|"245 W Winthrop Ave,E (8 more) ..."
13:17:23.0 (52848353)|STATEMENT_EXECUTE|[27]
13:17:23.0 (52850331)|STATEMENT_EXECUTE|[28]
13:17:23.0 (52855862)|HEAP_ALLOCATE|[28]|Bytes:3
13:17:23.0 (52859841)|HEAP_ALLOCATE|[28]|Bytes:31
13:17:23.0 (52866140)|VARIABLE_ASSIGNMENT|[28]|address|"245 W Winthrop Ave,E (11 more) ..."
13:17:23.0 (52872560)|STATEMENT_EXECUTE|[30]
13:17:23.0 (52874378)|STATEMENT_EXECUTE|[31]
13:17:23.0 (52879417)|HEAP_ALLOCATE|[31]|Bytes:4
13:17:23.0 (52883613)|HEAP_ALLOCATE|[31]|Bytes:35
13:17:23.0 (52889633)|VARIABLE_ASSIGNMENT|[31]|address|"245 W Winthrop Ave,E (15 more) ..."
13:17:23.0 (52896335)|STATEMENT_EXECUTE|[33]
13:17:23.0 (52898244)|STATEMENT_EXECUTE|[34]
13:17:23.0 (52903456)|HEAP_ALLOCATE|[34]|Bytes:6
13:17:23.0 (52907374)|HEAP_ALLOCATE|[34]|Bytes:41
13:17:23.0 (52913361)|VARIABLE_ASSIGNMENT|[34]|address|"245 W Winthrop Ave,E (21 more) ..."
13:17:23.0 (52925780)|STATEMENT_EXECUTE|[37]
13:17:23.0 (52928081)|STATEMENT_EXECUTE|[38]
13:17:23.0 (52943261)|VARIABLE_SCOPE_BEGIN|[38]|req|System.HttpRequest|true|false
13:17:23.0 (53010200)|VARIABLE_ASSIGNMENT|[38]|req|"System.HttpRequest[Endpoint=null, Method=null]"|0x109d7d73
13:17:23.0 (53017985)|STATEMENT_EXECUTE|[40]
13:17:23.0 (53036918)|METHOD_ENTRY|[40]||System.EncodingUtil.urlEncode(String, String)
13:17:23.0 (53081416)|METHOD_EXIT|[40]||System.EncodingUtil.urlEncode(String, String)
13:17:23.0 (53092280)|VARIABLE_ASSIGNMENT|[40]|address|"245+W+Winthrop+Ave%2 (31 more) ..."
13:17:23.0 (53096490)|STATEMENT_EXECUTE|[41]
13:17:23.0 (53104279)|HEAP_ALLOCATE|[41]|Bytes:120
13:17:23.0 (53124750)|STATEMENT_EXECUTE|[42]
13:17:23.0 (53136655)|STATEMENT_EXECUTE|[43]
13:17:23.0 (53147458)|VARIABLE_SCOPE_BEGIN|[43]|http|System.Http|true|false
13:17:23.0 (53183404)|VARIABLE_ASSIGNMENT|[43]|http|"System.Http[]"|0x7c7072ab
13:17:23.0 (53189267)|STATEMENT_EXECUTE|[44]
13:17:23.0 (53192603)|VARIABLE_SCOPE_BEGIN|[44]|res|System.HttpResponse|true|false
13:17:23.0 (53197983)|VARIABLE_ASSIGNMENT|[44]|res|null|
13:17:23.0 (53208027)|METHOD_ENTRY|[45]||System.Test.isRunningTest()
13:17:23.0 (53219600)|METHOD_EXIT|[45]||System.Test.isRunningTest()
13:17:23.0 (53225461)|STATEMENT_EXECUTE|[45]
13:17:23.0 (53227295)|STATEMENT_EXECUTE|[46]
13:17:23.0 (55131199)|CALLOUT_REQUEST|[46]|System.HttpRequest[Endpoint=https://maps.googleapis.com/maps/api/geocode/xml?address=245+W+Winthrop+Ave%2CElmhurst%2CIL%2CUSA%2C60126%2C&sensor=true, Method=GET]
13:17:23.0 (70041738)|HEAP_ALLOCATE|[EXTERNAL]|Bytes:743
13:17:23.0 (70138494)|CALLOUT_RESPONSE|[46]|System.HttpResponse[Status=OK, StatusCode=200]
13:17:23.0 (70155027)|HEAP_ALLOCATE|[46]|Bytes:314
13:17:23.0 (70261328)|VARIABLE_ASSIGNMENT|[46]|res|"System.HttpResponse[Status=OK, StatusCode=200]"|0x685d63a
13:17:23.0 (70278964)|STATEMENT_EXECUTE|[57]
13:17:23.0 (70418180)|VARIABLE_SCOPE_BEGIN|[57]|doc|dom.Document|true|false
13:17:23.0 (70457632)|VARIABLE_ASSIGNMENT|[57]|doc|"Document[]"|0x4fffee39
13:17:23.0 (70463901)|STATEMENT_EXECUTE|[59]
13:17:23.0 (70487960)|VARIABLE_SCOPE_BEGIN|[59]|geocodeResponse|dom.XmlNode|true|false
13:17:23.0 (70547615)|VARIABLE_ASSIGNMENT|[59]|geocodeResponse|"XMLNode[ELEMENT,GeocodeResponse,null,null,null,[XMLNode[TEXT,null,null,null,null,null,\n ,], XMLNode[ELEMENT,status,null,null,null,[XMLNode[TEXT,null,null,null,null,null,OVER_QUERY_LIMIT,]],null,], XMLNode[TEXT,null,null,null,null,null,\n ,], XMLNode[ELEMENT,error_message,null,null,null,[XMLNode[TEXT,null,null,null,null,null,You have exceeded your daily request quota for this API. We recommend registering for a key at the Google Developers Console: https://console.developers.google.com/,]],null,], XMLNode[TEXT,null,null,null,null,null,\n,]],null,]"|0x26113a02
13:17:23.0 (70557026)|STATEMENT_EXECUTE|[60]
13:17:23.0 (70559081)|STATEMENT_EXECUTE|[62]
13:17:23.0 (70581561)|VARIABLE_SCOPE_BEGIN|[62]|result|dom.XmlNode|true|false
13:17:23.0 (70589847)|VARIABLE_ASSIGNMENT|[62]|result|null|
13:17:23.0 (70593434)|STATEMENT_EXECUTE|[63]
13:17:23.0 (70613818)|HEAP_ALLOCATE|[17]|Bytes:5
13:17:23.0 (70667427)|HEAP_ALLOCATE|[17]|Bytes:32
13:17:23.0 (70681779)|VARIABLE_SCOPE_BEGIN|[17]|acc|Account|true|false
13:17:23.0 (70716109)|VARIABLE_ASSIGNMENT|[17]|acc|{"s":1,"v":{"Id":"00136000008NvuAAAS","Name":"Larry Baxter","BillingStreet":"1351 Palisades Beach (5 more) ...","BillingCity":"Santa Monica","BillingState":"CA","BillingCountry":"USA","BillingPostalCode":"90401"}}|0x21d4c776
13:17:23.0 (70722333)|STATEMENT_EXECUTE|[17]
13:17:23.0 (70724408)|STATEMENT_EXECUTE|[19]
13:17:23.0 (70729293)|VARIABLE_SCOPE_BEGIN|[19]|address|String|false|false
13:17:23.0 (70734694)|VARIABLE_ASSIGNMENT|[19]|address|""
13:17:23.0 (70746930)|STATEMENT_EXECUTE|[21]
13:17:23.0 (70749022)|STATEMENT_EXECUTE|[22]
13:17:23.0 (70759319)|HEAP_ALLOCATE|[22]|Bytes:26
13:17:23.0 (70764388)|HEAP_ALLOCATE|[22]|Bytes:26
13:17:23.0 (70772051)|VARIABLE_ASSIGNMENT|[22]|address|"1351 Palisades Beach (6 more) ..."
13:17:23.0 (70779541)|STATEMENT_EXECUTE|[24]
13:17:23.0 (70781880)|STATEMENT_EXECUTE|[25]
13:17:23.0 (70788941)|HEAP_ALLOCATE|[25]|Bytes:13
13:17:23.0 (70794746)|HEAP_ALLOCATE|[25]|Bytes:39
13:17:23.0 (70830810)|VARIABLE_ASSIGNMENT|[25]|address|"1351 Palisades Beach (19 more) ..."
13:17:23.0 (70841138)|STATEMENT_EXECUTE|[27]
13:17:23.0 (70843328)|STATEMENT_EXECUTE|[28]
13:17:23.0 (70849791)|HEAP_ALLOCATE|[28]|Bytes:3
13:17:23.0 (70854222)|HEAP_ALLOCATE|[28]|Bytes:42
13:17:23.0 (70860780)|VARIABLE_ASSIGNMENT|[28]|address|"1351 Palisades Beach (22 more) ..."
13:17:23.0 (70867408)|STATEMENT_EXECUTE|[30]
13:17:23.0 (70869269)|STATEMENT_EXECUTE|[31]
13:17:23.0 (70874246)|HEAP_ALLOCATE|[31]|Bytes:4
13:17:23.0 (70879744)|HEAP_ALLOCATE|[31]|Bytes:46
13:17:23.0 (70894743)|VARIABLE_ASSIGNMENT|[31]|address|"1351 Palisades Beach (26 more) ..."
13:17:23.0 (70908648)|STATEMENT_EXECUTE|[33]
13:17:23.0 (70911056)|STATEMENT_EXECUTE|[34]
13:17:23.0 (70918852)|HEAP_ALLOCATE|[34]|Bytes:6
13:17:23.0 (70923495)|HEAP_ALLOCATE|[34]|Bytes:52
13:17:23.0 (70931572)|VARIABLE_ASSIGNMENT|[34]|address|"1351 Palisades Beach (32 more) ..."
13:17:23.0 (70957986)|STATEMENT_EXECUTE|[37]
13:17:23.0 (70960916)|STATEMENT_EXECUTE|[38]
13:17:23.0 (70978136)|VARIABLE_SCOPE_BEGIN|[38]|req|System.HttpRequest|true|false
13:17:23.0 (71023943)|VARIABLE_ASSIGNMENT|[38]|req|"System.HttpRequest[Endpoint=null, Method=null]"|0x948e170
13:17:23.0 (71031087)|STATEMENT_EXECUTE|[40]
13:17:23.0 (71049994)|METHOD_ENTRY|[40]||System.EncodingUtil.urlEncode(String, String)
13:17:23.0 (71099302)|METHOD_EXIT|[40]||System.EncodingUtil.urlEncode(String, String)
13:17:23.0 (71110614)|VARIABLE_ASSIGNMENT|[40]|address|"1351+Palisades+Beach (42 more) ..."
13:17:23.0 (71117463)|STATEMENT_EXECUTE|[41]
13:17:23.0 (71129021)|HEAP_ALLOCATE|[41]|Bytes:131
13:17:23.0 (71155334)|STATEMENT_EXECUTE|[42]
13:17:23.0 (71167937)|STATEMENT_EXECUTE|[43]
13:17:23.0 (71179416)|VARIABLE_SCOPE_BEGIN|[43]|http|System.Http|true|false
13:17:23.0 (71216613)|VARIABLE_ASSIGNMENT|[43]|http|"System.Http[]"|0x1698b440
13:17:23.0 (71222485)|STATEMENT_EXECUTE|[44]
13:17:23.0 (71225805)|VARIABLE_SCOPE_BEGIN|[44]|res|System.HttpResponse|true|false
13:17:23.0 (71231535)|VARIABLE_ASSIGNMENT|[44]|res|null|
13:17:23.0 (71241713)|METHOD_ENTRY|[45]||System.Test.isRunningTest()
13:17:23.0 (71253413)|METHOD_EXIT|[45]||System.Test.isRunningTest()
13:17:23.0 (71259665)|STATEMENT_EXECUTE|[45]
13:17:23.0 (71261517)|STATEMENT_EXECUTE|[46]
13:17:23.0 (73864467)|CALLOUT_REQUEST|[46]|System.HttpRequest[Endpoint=https://maps.googleapis.com/maps/api/geocode/xml?address=1351+Palisades+Beach+Road%2CSanta+Monica%2CCA%2CUSA%2C90401%2C&sensor=true, Method=GET]
13:17:23.0 (88317132)|HEAP_ALLOCATE|[EXTERNAL]|Bytes:743
13:17:23.0 (88399587)|CALLOUT_RESPONSE|[46]|System.HttpResponse[Status=OK, StatusCode=200]
13:17:23.0 (88415858)|HEAP_ALLOCATE|[46]|Bytes:314
13:17:23.0 (88501796)|VARIABLE_ASSIGNMENT|[46]|res|"System.HttpResponse[Status=OK, StatusCode=200]"|0xca019b1
13:17:23.0 (88516825)|STATEMENT_EXECUTE|[57]
13:17:23.0 (88653280)|VARIABLE_SCOPE_BEGIN|[57]|doc|dom.Document|true|false
13:17:23.0 (88695723)|VARIABLE_ASSIGNMENT|[57]|doc|"Document[]"|0x3338e935
13:17:23.0 (88702422)|STATEMENT_EXECUTE|[59]
13:17:23.0 (88727111)|VARIABLE_SCOPE_BEGIN|[59]|geocodeResponse|dom.XmlNode|true|false
13:17:23.0 (88787147)|VARIABLE_ASSIGNMENT|[59]|geocodeResponse|"XMLNode[ELEMENT,GeocodeResponse,null,null,null,[XMLNode[TEXT,null,null,null,null,null,\n ,], XMLNode[ELEMENT,status,null,null,null,[XMLNode[TEXT,null,null,null,null,null,OVER_QUERY_LIMIT,]],null,], XMLNode[TEXT,null,null,null,null,null,\n ,], XMLNode[ELEMENT,error_message,null,null,null,[XMLNode[TEXT,null,null,null,null,null,You have exceeded your daily request quota for this API. We recommend registering for a key at the Google Developers Console: https://console.developers.google.com/,]],null,], XMLNode[TEXT,null,null,null,null,null,\n,]],null,]"|0x3b54f316
13:17:23.0 (88797103)|STATEMENT_EXECUTE|[60]
13:17:23.0 (88799236)|STATEMENT_EXECUTE|[62]
13:17:23.0 (88822269)|VARIABLE_SCOPE_BEGIN|[62]|result|dom.XmlNode|true|false
13:17:23.0 (88831066)|VARIABLE_ASSIGNMENT|[62]|result|null|
13:17:23.0 (88834894)|STATEMENT_EXECUTE|[63]
13:17:23.0 (88860616)|HEAP_ALLOCATE|[17]|Bytes:5
13:17:23.0 (88905588)|HEAP_ALLOCATE|[17]|Bytes:32
13:17:23.0 (88918311)|VARIABLE_SCOPE_BEGIN|[17]|acc|Account|true|false
13:17:23.0 (88951798)|VARIABLE_ASSIGNMENT|[17]|acc|{"s":1,"v":{"Id":"00136000008NvuBAAS","Name":"Mike Malmin","BillingStreet":"6452 Knyghton Rd","BillingCity":"Indianapolis","BillingState":"IN","BillingCountry":"USA","BillingPostalCode":"46220"}}|0x4dca517c
13:17:23.0 (88957745)|STATEMENT_EXECUTE|[17]
13:17:23.0 (88959745)|STATEMENT_EXECUTE|[19]
13:17:23.0 (88964886)|VARIABLE_SCOPE_BEGIN|[19]|address|String|false|false
13:17:23.0 (88970282)|VARIABLE_ASSIGNMENT|[19]|address|""
13:17:23.0 (88983274)|STATEMENT_EXECUTE|[21]
13:17:23.0 (88985318)|STATEMENT_EXECUTE|[22]
13:17:23.0 (89001585)|HEAP_ALLOCATE|[22]|Bytes:17
13:17:23.0 (89007933)|HEAP_ALLOCATE|[22]|Bytes:17
13:17:23.0 (89014845)|VARIABLE_ASSIGNMENT|[22]|address|"6452 Knyghton Rd,"
13:17:23.0 (89022800)|STATEMENT_EXECUTE|[24]
13:17:23.0 (89024900)|STATEMENT_EXECUTE|[25]
13:17:23.0 (89030672)|HEAP_ALLOCATE|[25]|Bytes:13
13:17:23.0 (89034570)|HEAP_ALLOCATE|[25]|Bytes:30
13:17:23.0 (89041601)|VARIABLE_ASSIGNMENT|[25]|address|"6452 Knyghton Rd,Ind (10 more) ..."
13:17:23.0 (89048521)|STATEMENT_EXECUTE|[27]
13:17:23.0 (89050557)|STATEMENT_EXECUTE|[28]
13:17:23.0 (89055774)|HEAP_ALLOCATE|[28]|Bytes:3
13:17:23.0 (89059921)|HEAP_ALLOCATE|[28]|Bytes:33
13:17:23.0 (89066036)|VARIABLE_ASSIGNMENT|[28]|address|"6452 Knyghton Rd,Ind (13 more) ..."
13:17:23.0 (89072867)|STATEMENT_EXECUTE|[30]
13:17:23.0 (89074633)|STATEMENT_EXECUTE|[31]
13:17:23.0 (89079622)|HEAP_ALLOCATE|[31]|Bytes:4
13:17:23.0 (89083796)|HEAP_ALLOCATE|[31]|Bytes:37
13:17:23.0 (89089773)|VARIABLE_ASSIGNMENT|[31]|address|"6452 Knyghton Rd,Ind (17 more) ..."
13:17:23.0 (89096544)|STATEMENT_EXECUTE|[33]
13:17:23.0 (89098542)|STATEMENT_EXECUTE|[34]
13:17:23.0 (89103704)|HEAP_ALLOCATE|[34]|Bytes:6
13:17:23.0 (89107647)|HEAP_ALLOCATE|[34]|Bytes:43
13:17:23.0 (89113615)|VARIABLE_ASSIGNMENT|[34]|address|"6452 Knyghton Rd,Ind (23 more) ..."
13:17:23.0 (89126455)|STATEMENT_EXECUTE|[37]
13:17:23.0 (89128792)|STATEMENT_EXECUTE|[38]
13:17:23.0 (89144804)|VARIABLE_SCOPE_BEGIN|[38]|req|System.HttpRequest|true|false
13:17:23.0 (89185922)|VARIABLE_ASSIGNMENT|[38]|req|"System.HttpRequest[Endpoint=null, Method=null]"|0x412bb4e5
13:17:23.0 (89192125)|STATEMENT_EXECUTE|[40]
13:17:23.0 (89209653)|METHOD_ENTRY|[40]||System.EncodingUtil.urlEncode(String, String)
13:17:23.0 (89253715)|METHOD_EXIT|[40]||System.EncodingUtil.urlEncode(String, String)
13:17:23.0 (89264525)|VARIABLE_ASSIGNMENT|[40]|address|"6452+Knyghton+Rd%2CI (33 more) ..."
13:17:23.0 (89268792)|STATEMENT_EXECUTE|[41]
13:17:23.0 (89276890)|HEAP_ALLOCATE|[41]|Bytes:122
13:17:23.0 (89297653)|STATEMENT_EXECUTE|[42]
13:17:23.0 (89309715)|STATEMENT_EXECUTE|[43]
13:17:23.0 (89320372)|VARIABLE_SCOPE_BEGIN|[43]|http|System.Http|true|false
13:17:23.0 (89356256)|VARIABLE_ASSIGNMENT|[43]|http|"System.Http[]"|0x29fe0544
13:17:23.0 (89362172)|STATEMENT_EXECUTE|[44]
13:17:23.0 (89365455)|VARIABLE_SCOPE_BEGIN|[44]|res|System.HttpResponse|true|false
13:17:23.0 (89370912)|VARIABLE_ASSIGNMENT|[44]|res|null|
13:17:23.0 (89380701)|METHOD_ENTRY|[45]||System.Test.isRunningTest()
13:17:23.0 (89392144)|METHOD_EXIT|[45]||System.Test.isRunningTest()
13:17:23.0 (89398336)|STATEMENT_EXECUTE|[45]
13:17:23.0 (89400400)|STATEMENT_EXECUTE|[46]
13:17:23.0 (91912566)|CALLOUT_REQUEST|[46]|System.HttpRequest[Endpoint=https://maps.googleapis.com/maps/api/geocode/xml?address=6452+Knyghton+Rd%2CIndianapolis%2CIN%2CUSA%2C46220%2C&sensor=true, Method=GET]
13:17:23.0 (105840980)|HEAP_ALLOCATE|[EXTERNAL]|Bytes:743
13:17:23.0 (105907169)|CALLOUT_RESPONSE|[46]|System.HttpResponse[Status=OK, StatusCode=200]
13:17:23.0 (105921427)|HEAP_ALLOCATE|[46]|Bytes:314
13:17:23.0 (106006107)|VARIABLE_ASSIGNMENT|[46]|res|"System.HttpResponse[Status=OK, StatusCode=200]"|0x1a350b3e
13:17:23.0 (106019858)|STATEMENT_EXECUTE|[57]
13:17:23.0 (106143865)|VARIABLE_SCOPE_BEGIN|[57]|doc|dom.Document|true|false
13:17:23.0 (106181477)|VARIABLE_ASSIGNMENT|[57]|doc|"Document[]"|0x8f62119
13:17:23.0 (106187959)|STATEMENT_EXECUTE|[59]
13:17:23.0 (106210225)|VARIABLE_SCOPE_BEGIN|[59]|geocodeResponse|dom.XmlNode|true|false
13:17:23.0 (106267866)|VARIABLE_ASSIGNMENT|[59]|geocodeResponse|"XMLNode[ELEMENT,GeocodeResponse,null,null,null,[XMLNode[TEXT,null,null,null,null,null,\n ,], XMLNode[ELEMENT,status,null,null,null,[XMLNode[TEXT,null,null,null,null,null,OVER_QUERY_LIMIT,]],null,], XMLNode[TEXT,null,null,null,null,null,\n ,], XMLNode[ELEMENT,error_message,null,null,null,[XMLNode[TEXT,null,null,null,null,null,You have exceeded your daily request quota for this API. We recommend registering for a key at the Google Developers Console: https://console.developers.google.com/,]],null,], XMLNode[TEXT,null,null,null,null,null,\n,]],null,]"|0x379d3ca1
13:17:23.0 (106276751)|STATEMENT_EXECUTE|[60]
13:17:23.0 (106278749)|STATEMENT_EXECUTE|[62]
13:17:23.0 (106300299)|VARIABLE_SCOPE_BEGIN|[62]|result|dom.XmlNode|true|false
13:17:23.0 (106308417)|VARIABLE_ASSIGNMENT|[62]|result|null|
13:17:23.0 (106312377)|STATEMENT_EXECUTE|[63]
13:17:23.0 (106332740)|HEAP_ALLOCATE|[17]|Bytes:5
13:17:23.0 (106367044)|HEAP_ALLOCATE|[17]|Bytes:32
13:17:23.0 (106378484)|VARIABLE_SCOPE_BEGIN|[17]|acc|Account|true|false
13:17:23.0 (106411239)|VARIABLE_ASSIGNMENT|[17]|acc|{"s":1,"v":{"Id":"00136000008NvuCAAS","Name":"Missoula & Sons Inc.","BillingStreet":"440 South La Salle S (5 more) ...","BillingCity":"Chicago","BillingState":"IL","BillingCountry":"USA","BillingPostalCode":"60605"}}|0x77fb1e0a
13:17:23.0 (106417302)|STATEMENT_EXECUTE|[17]
13:17:23.0 (106419350)|STATEMENT_EXECUTE|[19]
13:17:23.0 (106423677)|VARIABLE_SCOPE_BEGIN|[19]|address|String|false|false
13:17:23.0 (106428733)|VARIABLE_ASSIGNMENT|[19]|address|""
13:17:23.0 (106441027)|STATEMENT_EXECUTE|[21]
13:17:23.0 (106442952)|STATEMENT_EXECUTE|[22]
13:17:23.0 (106452067)|HEAP_ALLOCATE|[22]|Bytes:26
13:17:23.0 (106457319)|HEAP_ALLOCATE|[22]|Bytes:26
13:17:23.0 (106464206)|VARIABLE_ASSIGNMENT|[22]|address|"440 South La Salle S (6 more) ..."
13:17:23.0 (106472141)|STATEMENT_EXECUTE|[24]
13:17:23.0 (106474349)|STATEMENT_EXECUTE|[25]
13:17:23.0 (106479948)|HEAP_ALLOCATE|[25]|Bytes:8
13:17:23.0 (106484033)|HEAP_ALLOCATE|[25]|Bytes:34
13:17:23.0 (106490403)|VARIABLE_ASSIGNMENT|[25]|address|"440 South La Salle S (14 more) ..."
13:17:23.0 (106498098)|STATEMENT_EXECUTE|[27]
13:17:23.0 (106500148)|STATEMENT_EXECUTE|[28]
13:17:23.0 (106505475)|HEAP_ALLOCATE|[28]|Bytes:3
13:17:23.0 (106509578)|HEAP_ALLOCATE|[28]|Bytes:37
13:17:23.0 (106515586)|VARIABLE_ASSIGNMENT|[28]|address|"440 South La Salle S (17 more) ..."
13:17:23.0 (106522268)|STATEMENT_EXECUTE|[30]
13:17:23.0 (106524038)|STATEMENT_EXECUTE|[31]
13:17:23.0 (106529113)|HEAP_ALLOCATE|[31]|Bytes:4
13:17:23.0 (106533195)|HEAP_ALLOCATE|[31]|Bytes:41
13:17:23.0 (106539392)|VARIABLE_ASSIGNMENT|[31]|address|"440 South La Salle S (21 more) ..."
13:17:23.0 (106546229)|STATEMENT_EXECUTE|[33]
13:17:23.0 (106548122)|STATEMENT_EXECUTE|[34]
13:17:23.0 (106553401)|HEAP_ALLOCATE|[34]|Bytes:6
13:17:23.0 (106557324)|HEAP_ALLOCATE|[34]|Bytes:47
13:17:23.0 (106563727)|VARIABLE_ASSIGNMENT|[34]|address|"440 South La Salle S (27 more) ..."
13:17:23.0 (106575991)|STATEMENT_EXECUTE|[37]
13:17:23.0 (106578047)|STATEMENT_EXECUTE|[38]
13:17:23.0 (106592636)|VARIABLE_SCOPE_BEGIN|[38]|req|System.HttpRequest|true|false
13:17:23.0 (106631156)|VARIABLE_ASSIGNMENT|[38]|req|"System.HttpRequest[Endpoint=null, Method=null]"|0x45a58730
13:17:23.0 (106637133)|STATEMENT_EXECUTE|[40]
13:17:23.0 (106654280)|METHOD_ENTRY|[40]||System.EncodingUtil.urlEncode(String, String)
13:17:23.0 (106699397)|METHOD_EXIT|[40]||System.EncodingUtil.urlEncode(String, String)
13:17:23.0 (106725583)|VARIABLE_ASSIGNMENT|[40]|address|"440+South+La+Salle+S (37 more) ..."
13:17:23.0 (106730944)|STATEMENT_EXECUTE|[41]
13:17:23.0 (106739388)|HEAP_ALLOCATE|[41]|Bytes:126
13:17:23.0 (106760190)|STATEMENT_EXECUTE|[42]
13:17:23.0 (106771558)|STATEMENT_EXECUTE|[43]
13:17:23.0 (106782090)|VARIABLE_SCOPE_BEGIN|[43]|http|System.Http|true|false
13:17:23.0 (106841230)|VARIABLE_ASSIGNMENT|[43]|http|"System.Http[]"|0x2244cb7d
13:17:23.0 (106847526)|STATEMENT_EXECUTE|[44]
13:17:23.0 (106850933)|VARIABLE_SCOPE_BEGIN|[44]|res|System.HttpResponse|true|false
13:17:23.0 (106856491)|VARIABLE_ASSIGNMENT|[44]|res|null|
13:17:23.0 (106866810)|METHOD_ENTRY|[45]||System.Test.isRunningTest()
13:17:23.0 (106878324)|METHOD_EXIT|[45]||System.Test.isRunningTest()
13:17:23.0 (106884421)|STATEMENT_EXECUTE|[45]
13:17:23.0 (106886332)|STATEMENT_EXECUTE|[46]
13:17:23.0 (108816546)|CALLOUT_REQUEST|[46]|System.HttpRequest[Endpoint=https://maps.googleapis.com/maps/api/geocode/xml?address=440+South+La+Salle+Street%2CChicago%2CIL%2CUSA%2C60605%2C&sensor=true, Method=GET]
13:17:23.0 (122295490)|HEAP_ALLOCATE|[EXTERNAL]|Bytes:743
13:17:23.0 (122383223)|CALLOUT_RESPONSE|[46]|System.HttpResponse[Status=OK, StatusCode=200]
13:17:23.0 (122401864)|HEAP_ALLOCATE|[46]|Bytes:314
13:17:23.0 (122497951)|VARIABLE_ASSIGNMENT|[46]|res|"System.HttpResponse[Status=OK, StatusCode=200]"|0x1b07e48d
13:17:23.0 (122512701)|STATEMENT_EXECUTE|[57]
13:17:23.0 (122647625)|VARIABLE_SCOPE_BEGIN|[57]|doc|dom.Document|true|false
13:17:23.0 (122686446)|VARIABLE_ASSIGNMENT|[57]|doc|"Document[]"|0x31e50153
13:17:23.0 (122692826)|STATEMENT_EXECUTE|[59]
13:17:23.0 (122716154)|VARIABLE_SCOPE_BEGIN|[59]|geocodeResponse|dom.XmlNode|true|false
13:17:23.0 (122774622)|VARIABLE_ASSIGNMENT|[59]|geocodeResponse|"XMLNode[ELEMENT,GeocodeResponse,null,null,null,[XMLNode[TEXT,null,null,null,null,null,\n ,], XMLNode[ELEMENT,status,null,null,null,[XMLNode[TEXT,null,null,null,null,null,OVER_QUERY_LIMIT,]],null,], XMLNode[TEXT,null,null,null,null,null,\n ,], XMLNode[ELEMENT,error_message,null,null,null,[XMLNode[TEXT,null,null,null,null,null,You have exceeded your daily request quota for this API. We recommend registering for a key at the Google Developers Console: https://console.developers.google.com/,]],null,], XMLNode[TEXT,null,null,null,null,null,\n,]],null,]"|0x50f78502
13:17:23.0 (122783762)|STATEMENT_EXECUTE|[60]
13:17:23.0 (122785880)|STATEMENT_EXECUTE|[62]
13:17:23.0 (122808731)|VARIABLE_SCOPE_BEGIN|[62]|result|dom.XmlNode|true|false
13:17:23.0 (122817220)|VARIABLE_ASSIGNMENT|[62]|result|null|
13:17:23.0 (122820996)|STATEMENT_EXECUTE|[63]
13:17:23.0 (122847371)|HEAP_ALLOCATE|[17]|Bytes:5
13:17:23.0 (122886571)|HEAP_ALLOCATE|[17]|Bytes:32
13:17:23.0 (122900253)|VARIABLE_SCOPE_BEGIN|[17]|acc|Account|true|false
13:17:23.0 (122934288)|VARIABLE_ASSIGNMENT|[17]|acc|{"s":1,"v":{"Id":"00136000008NvuDAAS","Name":"Morpon Brothers","BillingStreet":"846 Divisadero St","BillingCity":"San Francisco","BillingState":"CA","BillingCountry":"USA","BillingPostalCode":"94117"}}|0x650cfe1f
13:17:23.0 (122940403)|STATEMENT_EXECUTE|[17]
13:17:23.0 (122942475)|STATEMENT_EXECUTE|[19]
13:17:23.0 (122947103)|VARIABLE_SCOPE_BEGIN|[19]|address|String|false|false
13:17:23.0 (122952395)|VARIABLE_ASSIGNMENT|[19]|address|""
13:17:23.0 (122965192)|STATEMENT_EXECUTE|[21]
13:17:23.0 (122967291)|STATEMENT_EXECUTE|[22]
13:17:23.0 (122978914)|HEAP_ALLOCATE|[22]|Bytes:18
13:17:23.0 (122983964)|HEAP_ALLOCATE|[22]|Bytes:18
13:17:23.0 (122990092)|VARIABLE_ASSIGNMENT|[22]|address|"846 Divisadero St,"
13:17:23.0 (123002479)|STATEMENT_EXECUTE|[24]
13:17:23.0 (123005598)|STATEMENT_EXECUTE|[25]
13:17:23.0 (123011657)|HEAP_ALLOCATE|[25]|Bytes:14
13:17:23.0 (123015890)|HEAP_ALLOCATE|[25]|Bytes:32
13:17:23.0 (123023673)|VARIABLE_ASSIGNMENT|[25]|address|"846 Divisadero St,Sa (12 more) ..."
13:17:23.0 (123030854)|STATEMENT_EXECUTE|[27]
13:17:23.0 (123032896)|STATEMENT_EXECUTE|[28]
13:17:23.0 (123038149)|HEAP_ALLOCATE|[28]|Bytes:3
13:17:23.0 (123042228)|HEAP_ALLOCATE|[28]|Bytes:35
13:17:23.0 (123048211)|VARIABLE_ASSIGNMENT|[28]|address|"846 Divisadero St,Sa (15 more) ..."
13:17:23.0 (123054722)|STATEMENT_EXECUTE|[30]
13:17:23.0 (123056489)|STATEMENT_EXECUTE|[31]
13:17:23.0 (123061397)|HEAP_ALLOCATE|[31]|Bytes:4
13:17:23.0 (123065679)|HEAP_ALLOCATE|[31]|Bytes:39
13:17:23.0 (123071616)|VARIABLE_ASSIGNMENT|[31]|address|"846 Divisadero St,Sa (19 more) ..."
13:17:23.0 (123078368)|STATEMENT_EXECUTE|[33]
13:17:23.0 (123080297)|STATEMENT_EXECUTE|[34]
13:17:23.0 (123085474)|HEAP_ALLOCATE|[34]|Bytes:6
13:17:23.0 (123089433)|HEAP_ALLOCATE|[34]|Bytes:45
13:17:23.0 (123095257)|VARIABLE_ASSIGNMENT|[34]|address|"846 Divisadero St,Sa (25 more) ..."
13:17:23.0 (123108017)|STATEMENT_EXECUTE|[37]
13:17:23.0 (123110248)|STATEMENT_EXECUTE|[38]
13:17:23.0 (123127315)|VARIABLE_SCOPE_BEGIN|[38]|req|System.HttpRequest|true|false
13:17:23.0 (123167196)|VARIABLE_ASSIGNMENT|[38]|req|"System.HttpRequest[Endpoint=null, Method=null]"|0x418b4dbf
13:17:23.0 (123173433)|STATEMENT_EXECUTE|[40]
13:17:23.0 (123191776)|METHOD_ENTRY|[40]||System.EncodingUtil.urlEncode(String, String)
13:17:23.0 (123240337)|METHOD_EXIT|[40]||System.EncodingUtil.urlEncode(String, String)
13:17:23.0 (123255061)|VARIABLE_ASSIGNMENT|[40]|address|"846+Divisadero+St%2C (35 more) ..."
13:17:23.0 (123259639)|STATEMENT_EXECUTE|[41]
13:17:23.0 (123267583)|HEAP_ALLOCATE|[41]|Bytes:124
13:17:23.0 (123288658)|STATEMENT_EXECUTE|[42]
13:17:23.0 (123300279)|STATEMENT_EXECUTE|[43]
13:17:23.0 (123310835)|VARIABLE_SCOPE_BEGIN|[43]|http|System.Http|true|false
13:17:23.0 (123346736)|VARIABLE_ASSIGNMENT|[43]|http|"System.Http[]"|0x344e72dc
13:17:23.0 (123352539)|STATEMENT_EXECUTE|[44]
13:17:23.0 (123356014)|VARIABLE_SCOPE_BEGIN|[44]|res|System.HttpResponse|true|false
13:17:23.0 (123361331)|VARIABLE_ASSIGNMENT|[44]|res|null|
13:17:23.0 (123371402)|METHOD_ENTRY|[45]||System.Test.isRunningTest()
13:17:23.0 (123382804)|METHOD_EXIT|[45]||System.Test.isRunningTest()
13:17:23.0 (123388836)|STATEMENT_EXECUTE|[45]
13:17:23.0 (123390688)|STATEMENT_EXECUTE|[46]
13:17:23.0 (126171225)|CALLOUT_REQUEST|[46]|System.HttpRequest[Endpoint=https://maps.googleapis.com/maps/api/geocode/xml?address=846+Divisadero+St%2CSan+Francisco%2CCA%2CUSA%2C94117%2C&sensor=true, Method=GET]
13:17:23.0 (141953308)|HEAP_ALLOCATE|[EXTERNAL]|Bytes:743
13:17:23.0 (142036357)|CALLOUT_RESPONSE|[46]|System.HttpResponse[Status=OK, StatusCode=200]
13:17:23.0 (142052820)|HEAP_ALLOCATE|[46]|Bytes:314
13:17:23.0 (142137226)|VARIABLE_ASSIGNMENT|[46]|res|"System.HttpResponse[Status=OK, StatusCode=200]"|0x62238e0a
13:17:23.0 (142151142)|STATEMENT_EXECUTE|[57]
13:17:23.0 (142282412)|VARIABLE_SCOPE_BEGIN|[57]|doc|dom.Document|true|false
13:17:23.0 (142321614)|VARIABLE_ASSIGNMENT|[57]|doc|"Document[]"|0x318b9753
13:17:23.0 (142328740)|STATEMENT_EXECUTE|[59]
13:17:23.0 (142353214)|VARIABLE_SCOPE_BEGIN|[59]|geocodeResponse|dom.XmlNode|true|false
13:17:23.0 (142415149)|VARIABLE_ASSIGNMENT|[59]|geocodeResponse|"XMLNode[ELEMENT,GeocodeResponse,null,null,null,[XMLNode[TEXT,null,null,null,null,null,\n ,], XMLNode[ELEMENT,status,null,null,null,[XMLNode[TEXT,null,null,null,null,null,OVER_QUERY_LIMIT,]],null,], XMLNode[TEXT,null,null,null,null,null,\n ,], XMLNode[ELEMENT,error_message,null,null,null,[XMLNode[TEXT,null,null,null,null,null,You have exceeded your daily request quota for this API. We recommend registering for a key at the Google Developers Console: https://console.developers.google.com/,]],null,], XMLNode[TEXT,null,null,null,null,null,\n,]],null,]"|0x4c5f7d3
13:17:23.0 (142423909)|STATEMENT_EXECUTE|[60]
13:17:23.0 (142425990)|STATEMENT_EXECUTE|[62]
13:17:23.0 (142448143)|VARIABLE_SCOPE_BEGIN|[62]|result|dom.XmlNode|true|false
13:17:23.0 (142456931)|VARIABLE_ASSIGNMENT|[62]|result|null|
13:17:23.0 (142461104)|STATEMENT_EXECUTE|[63]
13:17:23.0 (142480459)|HEAP_ALLOCATE|[17]|Bytes:5
13:17:23.0 (142508821)|HEAP_ALLOCATE|[17]|Bytes:32
13:17:23.0 (142517464)|VARIABLE_SCOPE_BEGIN|[17]|acc|Account|true|false
13:17:23.0 (142548751)|VARIABLE_ASSIGNMENT|[17]|acc|{"s":1,"v":{"Id":"00136000008NvuEAAS","Name":"Net Inc.","BillingStreet":"504 West 24th Street","BillingCity":"Austin","BillingState":"TX","BillingCountry":"USA","BillingPostalCode":"78705"}}|0x672fe6bd
13:17:23.0 (142554715)|STATEMENT_EXECUTE|[17]
13:17:23.0 (142556880)|STATEMENT_EXECUTE|[19]
13:17:23.0 (142561023)|VARIABLE_SCOPE_BEGIN|[19]|address|String|false|false
13:17:23.0 (142566259)|VARIABLE_ASSIGNMENT|[19]|address|""
13:17:23.0 (142578084)|STATEMENT_EXECUTE|[21]
13:17:23.0 (142580267)|STATEMENT_EXECUTE|[22]
13:17:23.0 (142591984)|HEAP_ALLOCATE|[22]|Bytes:21
13:17:23.0 (142597069)|HEAP_ALLOCATE|[22]|Bytes:21
13:17:23.0 (142605076)|VARIABLE_ASSIGNMENT|[22]|address|"504 West 24th Street (1 more) ..."
13:17:23.0 (142612714)|STATEMENT_EXECUTE|[24]
13:17:23.0 (142614988)|STATEMENT_EXECUTE|[25]
13:17:23.0 (142620273)|HEAP_ALLOCATE|[25]|Bytes:7
13:17:23.0 (142624300)|HEAP_ALLOCATE|[25]|Bytes:28
13:17:23.0 (142630544)|VARIABLE_ASSIGNMENT|[25]|address|"504 West 24th Street (8 more) ..."
13:17:23.0 (142637259)|STATEMENT_EXECUTE|[27]
13:17:23.0 (142639308)|STATEMENT_EXECUTE|[28]
13:17:23.0 (142644446)|HEAP_ALLOCATE|[28]|Bytes:3
13:17:23.0 (142648751)|HEAP_ALLOCATE|[28]|Bytes:31
13:17:23.0 (142654842)|VARIABLE_ASSIGNMENT|[28]|address|"504 West 24th Street (11 more) ..."
13:17:23.0 (142661512)|STATEMENT_EXECUTE|[30]
13:17:23.0 (142663499)|STATEMENT_EXECUTE|[31]
13:17:23.0 (142668631)|HEAP_ALLOCATE|[31]|Bytes:4
13:17:23.0 (142672876)|HEAP_ALLOCATE|[31]|Bytes:35
13:17:23.0 (142678903)|VARIABLE_ASSIGNMENT|[31]|address|"504 West 24th Street (15 more) ..."
13:17:23.0 (142692323)|STATEMENT_EXECUTE|[33]
13:17:23.0 (142694365)|STATEMENT_EXECUTE|[34]
13:17:23.0 (142703248)|HEAP_ALLOCATE|[34]|Bytes:6
13:17:23.0 (142707500)|HEAP_ALLOCATE|[34]|Bytes:41
13:17:23.0 (142714432)|VARIABLE_ASSIGNMENT|[34]|address|"504 West 24th Street (21 more) ..."
13:17:23.0 (142727192)|STATEMENT_EXECUTE|[37]
13:17:23.0 (142729354)|STATEMENT_EXECUTE|[38]
13:17:23.0 (142745706)|VARIABLE_SCOPE_BEGIN|[38]|req|System.HttpRequest|true|false
13:17:23.0 (142789191)|VARIABLE_ASSIGNMENT|[38]|req|"System.HttpRequest[Endpoint=null, Method=null]"|0x1902778c
13:17:23.0 (142795268)|STATEMENT_EXECUTE|[40]
13:17:23.0 (142813287)|METHOD_ENTRY|[40]||System.EncodingUtil.urlEncode(String, String)
13:17:23.0 (142858792)|METHOD_EXIT|[40]||System.EncodingUtil.urlEncode(String, String)
13:17:23.0 (142869731)|VARIABLE_ASSIGNMENT|[40]|address|"504+West+24th+Street (31 more) ..."
13:17:23.0 (142873903)|STATEMENT_EXECUTE|[41]
13:17:23.0 (142881409)|HEAP_ALLOCATE|[41]|Bytes:120
13:17:23.0 (142902449)|STATEMENT_EXECUTE|[42]
13:17:23.0 (142938748)|STATEMENT_EXECUTE|[43]
13:17:23.0 (142950907)|VARIABLE_SCOPE_BEGIN|[43]|http|System.Http|true|false
13:17:23.0 (142987457)|VARIABLE_ASSIGNMENT|[43]|http|"System.Http[]"|0x5f8e50c7
13:17:23.0 (142993395)|STATEMENT_EXECUTE|[44]
13:17:23.0 (142996745)|VARIABLE_SCOPE_BEGIN|[44]|res|System.HttpResponse|true|false
13:17:23.0 (143002373)|VARIABLE_ASSIGNMENT|[44]|res|null|
13:17:23.0 (143012962)|METHOD_ENTRY|[45]||System.Test.isRunningTest()
13:17:23.0 (143024132)|METHOD_EXIT|[45]||System.Test.isRunningTest()
13:17:23.0 (143029891)|STATEMENT_EXECUTE|[45]
13:17:23.0 (143031838)|STATEMENT_EXECUTE|[46]
13:17:23.0 (145260817)|CALLOUT_REQUEST|[46]|System.HttpRequest[Endpoint=https://maps.googleapis.com/maps/api/geocode/xml?address=504+West+24th+Street%2CAustin%2CTX%2CUSA%2C78705%2C&sensor=true, Method=GET]
13:17:23.0 (168660079)|HEAP_ALLOCATE|[EXTERNAL]|Bytes:743
13:17:23.0 (168745083)|CALLOUT_RESPONSE|[46]|System.HttpResponse[Status=OK, StatusCode=200]
13:17:23.0 (168761481)|HEAP_ALLOCATE|[46]|Bytes:314
13:17:23.0 (168849205)|VARIABLE_ASSIGNMENT|[46]|res|"System.HttpResponse[Status=OK, StatusCode=200]"|0x51662b4f
13:17:23.0 (168863522)|STATEMENT_EXECUTE|[57]
13:17:23.0 (168990489)|VARIABLE_SCOPE_BEGIN|[57]|doc|dom.Document|true|false
13:17:23.0 (169035060)|VARIABLE_ASSIGNMENT|[57]|doc|"Document[]"|0x1be7b996
13:17:23.0 (169042289)|STATEMENT_EXECUTE|[59]
13:17:23.0 (169066610)|VARIABLE_SCOPE_BEGIN|[59]|geocodeResponse|dom.XmlNode|true|false
13:17:23.0 (169126555)|VARIABLE_ASSIGNMENT|[59]|geocodeResponse|"XMLNode[ELEMENT,GeocodeResponse,null,null,null,[XMLNode[TEXT,null,null,null,null,null,\n ,], XMLNode[ELEMENT,status,null,null,null,[XMLNode[TEXT,null,null,null,null,null,OVER_QUERY_LIMIT,]],null,], XMLNode[TEXT,null,null,null,null,null,\n ,], XMLNode[ELEMENT,error_message,null,null,null,[XMLNode[TEXT,null,null,null,null,null,You have exceeded your daily request quota for this API. We recommend registering for a key at the Google Developers Console: https://console.developers.google.com/,]],null,], XMLNode[TEXT,null,null,null,null,null,\n,]],null,]"|0x686b5961
13:17:23.0 (169136086)|STATEMENT_EXECUTE|[60]
13:17:23.0 (169138216)|STATEMENT_EXECUTE|[62]
13:17:23.0 (169160675)|VARIABLE_SCOPE_BEGIN|[62]|result|dom.XmlNode|true|false
13:17:23.0 (169169354)|VARIABLE_ASSIGNMENT|[62]|result|null|
13:17:23.0 (169176005)|STATEMENT_EXECUTE|[63]
13:17:23.0 (169194661)|HEAP_ALLOCATE|[17]|Bytes:5
13:17:23.0 (169224237)|HEAP_ALLOCATE|[17]|Bytes:32
13:17:23.0 (169234997)|VARIABLE_SCOPE_BEGIN|[17]|acc|Account|true|false
13:17:23.0 (169267083)|VARIABLE_ASSIGNMENT|[17]|acc|{"s":1,"v":{"Id":"00136000008NvuFAAS","Name":"Nicole Grace","BillingStreet":"1839 Faifield Beach  (2 more) ...","BillingCity":"Fairfield","BillingState":"CT","BillingCountry":"USA","BillingPostalCode":"6824"}}|0x5b5d879c
13:17:23.0 (169273262)|STATEMENT_EXECUTE|[17]
13:17:23.0 (169275645)|STATEMENT_EXECUTE|[19]
13:17:23.0 (169280449)|VARIABLE_SCOPE_BEGIN|[19]|address|String|false|false
13:17:23.0 (169285898)|VARIABLE_ASSIGNMENT|[19]|address|""
13:17:23.0 (169297718)|STATEMENT_EXECUTE|[21]
13:17:23.0 (169299854)|STATEMENT_EXECUTE|[22]
13:17:23.0 (169311442)|HEAP_ALLOCATE|[22]|Bytes:23
13:17:23.0 (169316427)|HEAP_ALLOCATE|[22]|Bytes:23
13:17:23.0 (169323684)|VARIABLE_ASSIGNMENT|[22]|address|"1839 Faifield Beach  (3 more) ..."
13:17:23.0 (169331410)|STATEMENT_EXECUTE|[24]
13:17:23.0 (169333459)|STATEMENT_EXECUTE|[25]
13:17:23.0 (169338862)|HEAP_ALLOCATE|[25]|Bytes:10
13:17:23.0 (169342818)|HEAP_ALLOCATE|[25]|Bytes:33
13:17:23.0 (169349215)|VARIABLE_ASSIGNMENT|[25]|address|"1839 Faifield Beach  (13 more) ..."
13:17:23.0 (169356286)|STATEMENT_EXECUTE|[27]
13:17:23.0 (169358257)|STATEMENT_EXECUTE|[28]
13:17:23.0 (169363597)|HEAP_ALLOCATE|[28]|Bytes:3
13:17:23.0 (169367638)|HEAP_ALLOCATE|[28]|Bytes:36
13:17:23.0 (169373735)|VARIABLE_ASSIGNMENT|[28]|address|"1839 Faifield Beach  (16 more) ..."
13:17:23.0 (169380419)|STATEMENT_EXECUTE|[30]
13:17:23.0 (169382202)|STATEMENT_EXECUTE|[31]
13:17:23.0 (169387330)|HEAP_ALLOCATE|[31]|Bytes:4
13:17:23.0 (169391446)|HEAP_ALLOCATE|[31]|Bytes:40
13:17:23.0 (169397611)|VARIABLE_ASSIGNMENT|[31]|address|"1839 Faifield Beach  (20 more) ..."
13:17:23.0 (169404460)|STATEMENT_EXECUTE|[33]
13:17:23.0 (169406422)|STATEMENT_EXECUTE|[34]
13:17:23.0 (169411686)|HEAP_ALLOCATE|[34]|Bytes:5
13:17:23.0 (169415759)|HEAP_ALLOCATE|[34]|Bytes:45
13:17:23.0 (169421767)|VARIABLE_ASSIGNMENT|[34]|address|"1839 Faifield Beach  (25 more) ..."
13:17:23.0 (169434379)|STATEMENT_EXECUTE|[37]
13:17:23.0 (169436638)|STATEMENT_EXECUTE|[38]
13:17:23.0 (169453558)|VARIABLE_SCOPE_BEGIN|[38]|req|System.HttpRequest|true|false
13:17:23.0 (169494682)|VARIABLE_ASSIGNMENT|[38]|req|"System.HttpRequest[Endpoint=null, Method=null]"|0x3b01f3eb
13:17:23.0 (169500775)|STATEMENT_EXECUTE|[40]
13:17:23.0 (169519134)|METHOD_ENTRY|[40]||System.EncodingUtil.urlEncode(String, String)
13:17:23.0 (169565808)|METHOD_EXIT|[40]||System.EncodingUtil.urlEncode(String, String)
13:17:23.0 (169576738)|VARIABLE_ASSIGNMENT|[40]|address|"1839+Faifield+Beach+ (35 more) ..."
13:17:23.0 (169581297)|STATEMENT_EXECUTE|[41]
13:17:23.0 (169589128)|HEAP_ALLOCATE|[41]|Bytes:124
13:17:23.0 (169610063)|STATEMENT_EXECUTE|[42]
13:17:23.0 (169622049)|STATEMENT_EXECUTE|[43]
13:17:23.0 (169632774)|VARIABLE_SCOPE_BEGIN|[43]|http|System.Http|true|false
13:17:23.0 (169669306)|VARIABLE_ASSIGNMENT|[43]|http|"System.Http[]"|0x2f1e2485
13:17:23.0 (169675352)|STATEMENT_EXECUTE|[44]
13:17:23.0 (169678744)|VARIABLE_SCOPE_BEGIN|[44]|res|System.HttpResponse|true|false
13:17:23.0 (169684192)|VARIABLE_ASSIGNMENT|[44]|res|null|
13:17:23.0 (169694143)|METHOD_ENTRY|[45]||System.Test.isRunningTest()
13:17:23.0 (169705768)|METHOD_EXIT|[45]||System.Test.isRunningTest()
13:17:23.0 (169712032)|STATEMENT_EXECUTE|[45]
13:17:23.0 (169714064)|STATEMENT_EXECUTE|[46]
13:17:23.0 (171865394)|CALLOUT_REQUEST|[46]|System.HttpRequest[Endpoint=https://maps.googleapis.com/maps/api/geocode/xml?address=1839+Faifield+Beach+Rd%2CFairfield%2CCT%2CUSA%2C6824%2C&sensor=true, Method=GET]
13:17:23.0 (192913420)|HEAP_ALLOCATE|[EXTERNAL]|Bytes:743
13:17:23.0 (193036193)|CALLOUT_RESPONSE|[46]|System.HttpResponse[Status=OK, StatusCode=200]
13:17:23.0 (193064486)|HEAP_ALLOCATE|[46]|Bytes:314
13:17:23.0 (193207353)|VARIABLE_ASSIGNMENT|[46]|res|"System.HttpResponse[Status=OK, StatusCode=200]"|0x6a0b5f2f
13:17:23.0 (193229346)|STATEMENT_EXECUTE|[57]
13:17:23.0 (193422012)|VARIABLE_SCOPE_BEGIN|[57]|doc|dom.Document|true|false
13:17:23.0 (193475481)|VARIABLE_ASSIGNMENT|[57]|doc|"Document[]"|0x5df9104
13:17:23.0 (193485771)|STATEMENT_EXECUTE|[59]
13:17:23.0 (193520418)|VARIABLE_SCOPE_BEGIN|[59]|geocodeResponse|dom.XmlNode|true|false
13:17:23.0 (193604917)|VARIABLE_ASSIGNMENT|[59]|geocodeResponse|"XMLNode[ELEMENT,GeocodeResponse,null,null,null,[XMLNode[TEXT,null,null,null,null,null,\n ,], XMLNode[ELEMENT,status,null,null,null,[XMLNode[TEXT,null,null,null,null,null,OVER_QUERY_LIMIT,]],null,], XMLNode[TEXT,null,null,null,null,null,\n ,], XMLNode[ELEMENT,error_message,null,null,null,[XMLNode[TEXT,null,null,null,null,null,You have exceeded your daily request quota for this API. We recommend registering for a key at the Google Developers Console: https://console.developers.google.com/,]],null,], XMLNode[TEXT,null,null,null,null,null,\n,]],null,]"|0x7e6b8de0
13:17:23.0 (193617809)|STATEMENT_EXECUTE|[60]
13:17:23.0 (193621422)|STATEMENT_EXECUTE|[62]
13:17:23.0 (193650936)|VARIABLE_SCOPE_BEGIN|[62]|result|dom.XmlNode|true|false
13:17:23.0 (193661866)|VARIABLE_ASSIGNMENT|[62]|result|null|
13:17:23.0 (193668362)|STATEMENT_EXECUTE|[63]
13:17:23.0 (193699420)|HEAP_ALLOCATE|[17]|Bytes:5
13:17:23.0 (193726326)|VARIABLE_ASSIGNMENT|[17]|acc|null|
13:17:23.0 (193734163)|STATEMENT_EXECUTE|[88]
13:17:23.0 (193823749)|DML_BEGIN|[88]|Op:Update|Type:Account|Rows:10
13:17:23.0 (193860135)|HEAP_ALLOCATE|[EXTERNAL]|Bytes:44
13:17:23.0 (212204327)|CODE_UNIT_STARTED|[EXTERNAL]|DuplicateDetector
13:17:23.0 (212223829)|DUPLICATE_DETECTION_BEGIN
13:17:23.0 (212277707)|DUPLICATE_DETECTION_RULE_INVOCATION|DuplicateRuleId:0Bm36000000pmhL|DuplicateRuleName:Standard Account duplicate rule|DmlType:UPDATE
13:17:23.0 (212281929)|DUPLICATE_DETECTION_END
13:17:23.0 (212324963)|CODE_UNIT_FINISHED|DuplicateDetector
13:17:23.0 (248975464)|DML_END|[88]
13:17:23.0 (249182919)|EXCEPTION_THROWN|[88]|System.DmlException: Update failed. First exception on row 4 with id 00136000008NvuAAAS; first error: INVALID_FIELD_FOR_INSERT_UPDATE, Account: bad field names on insert/update call: Name: [Name]
13:17:23.0 (257243119)|HEAP_ALLOCATE|[88]|Bytes:178
13:17:23.0 (257316290)|FATAL_ERROR|System.DmlException: Update failed. First exception on row 4 with id 00136000008NvuAAAS; first error: INVALID_FIELD_FOR_INSERT_UPDATE, Account: bad field names on insert/update call: Name: [Name]

Class.BatchLatLongGenerator.execute: line 88, column 1
