36.0 APEX_CODE,FINEST;APEX_PROFILING,INFO;CALLOUT,INFO;DB,INFO;SYSTEM,DEBUG;VALIDATION,INFO;VISUALFORCE,INFO;WORKFLOW,INFO
15:50:40.2 (2896419)|EXECUTION_STARTED
15:50:40.2 (2930310)|CODE_UNIT_STARTED|[EXTERNAL]|aura
15:50:40.2 (3376211)|HEAP_ALLOCATE|[72]|Bytes:3
15:50:40.2 (3447475)|HEAP_ALLOCATE|[77]|Bytes:152
15:50:40.2 (3469282)|HEAP_ALLOCATE|[342]|Bytes:408
15:50:40.2 (3492682)|HEAP_ALLOCATE|[355]|Bytes:408
15:50:40.2 (3514614)|HEAP_ALLOCATE|[467]|Bytes:48
15:50:40.2 (3555526)|HEAP_ALLOCATE|[139]|Bytes:6
15:50:40.2 (3587893)|HEAP_ALLOCATE|[EXTERNAL]|Bytes:25
15:50:40.2 (3604075)|HEAP_ALLOCATE|[EXTERNAL]|Bytes:25
15:50:40.2 (5123849)|CODE_UNIT_STARTED|[EXTERNAL]|01p360000052k4g|AccountGeoExtension.greeting
15:50:40.2 (5280067)|HEAP_ALLOCATE|[EXTERNAL]|Bytes:5
15:50:40.2 (5286305)|HEAP_ALLOCATE|[EXTERNAL]|Bytes:2
15:50:40.2 (5305661)|METHOD_ENTRY|[1]|01p360000052k4g|AccountGeoExtension.AccountGeoExtension()
15:50:40.2 (5319119)|STATEMENT_EXECUTE|[1]
15:50:40.2 (5330630)|STATEMENT_EXECUTE|[1]
15:50:40.2 (5370416)|HEAP_ALLOCATE|[50]|Bytes:5
15:50:40.2 (5401674)|HEAP_ALLOCATE|[56]|Bytes:5
15:50:40.2 (5411404)|HEAP_ALLOCATE|[64]|Bytes:7
15:50:40.2 (5442883)|SYSTEM_MODE_ENTER|false
15:50:40.2 (5464100)|HEAP_ALLOCATE|[EXTERNAL]|Bytes:5
15:50:40.2 (5473814)|SYSTEM_MODE_EXIT|false
15:50:40.2 (5486696)|METHOD_EXIT|[1]|AccountGeoExtension
15:50:40.2 (5492223)|HEAP_ALLOCATE|[EXTERNAL]|Bytes:25
15:50:40.2 (5500063)|SYSTEM_MODE_ENTER|false
15:50:40.2 (5513655)|VARIABLE_SCOPE_BEGIN|[26]|caller|String|false|false
15:50:40.2 (5543421)|VARIABLE_ASSIGNMENT|[26]|caller|"LightningAccountMapH (5 more) ..."
15:50:40.2 (5558706)|HEAP_ALLOCATE|[27]|Bytes:5
15:50:40.2 (5566550)|STATEMENT_EXECUTE|[26]
15:50:40.2 (5570029)|STATEMENT_EXECUTE|[27]
15:50:40.2 (5574284)|HEAP_ALLOCATE|[27]|Bytes:6
15:50:40.2 (5588306)|HEAP_ALLOCATE|[27]|Bytes:31
15:50:40.2 (5601059)|SYSTEM_MODE_EXIT|false
15:50:40.5 (5638951)|CUMULATIVE_LIMIT_USAGE
15:50:40.5 (5638951)|LIMIT_USAGE_FOR_NS|(default)|
  Number of SOQL queries: 0 out of 100
  Number of query rows: 0 out of 50000
  Number of SOSL queries: 0 out of 20
  Number of DML statements: 0 out of 150
  Number of DML rows: 0 out of 10000
  Maximum CPU time: 0 out of 10000
  Maximum heap size: 0 out of 6000000
  Number of callouts: 0 out of 100
  Number of Email Invocations: 0 out of 10
  Number of future calls: 0 out of 50
  Number of queueable jobs added to the queue: 0 out of 50
  Number of Mobile Apex push calls: 0 out of 10

15:50:40.5 (5638951)|CUMULATIVE_LIMIT_USAGE_END

15:50:40.2 (5685112)|CODE_UNIT_FINISHED|AccountGeoExtension.greeting
