36.0 APEX_CODE,FINEST;APEX_PROFILING,INFO;CALLOUT,INFO;DB,INFO;SYSTEM,DEBUG;VALIDATION,INFO;VISUALFORCE,INFO;WORKFLOW,INFO
13:55:46.0 (474913)|EXECUTION_STARTED
13:55:46.0 (510829)|CODE_UNIT_STARTED|[EXTERNAL]|aura
13:55:46.0 (1042179)|HEAP_ALLOCATE|[72]|Bytes:3
13:55:46.0 (1113306)|HEAP_ALLOCATE|[77]|Bytes:152
13:55:46.0 (1136375)|HEAP_ALLOCATE|[342]|Bytes:408
13:55:46.0 (1157725)|HEAP_ALLOCATE|[355]|Bytes:408
13:55:46.0 (1177263)|HEAP_ALLOCATE|[467]|Bytes:48
13:55:46.0 (1219948)|HEAP_ALLOCATE|[139]|Bytes:6
13:55:46.0 (1253782)|HEAP_ALLOCATE|[EXTERNAL]|Bytes:234
13:55:46.0 (1271654)|HEAP_ALLOCATE|[EXTERNAL]|Bytes:234
13:55:46.0 (2680792)|CODE_UNIT_STARTED|[EXTERNAL]|01p360000053CeT|CellController.forceUpdate
13:55:46.0 (2892838)|HEAP_ALLOCATE|[EXTERNAL]|Bytes:19
13:55:46.0 (2899755)|HEAP_ALLOCATE|[EXTERNAL]|Bytes:22
13:55:46.0 (2917985)|METHOD_ENTRY|[1]|01p360000053CeT|CellController.CellController()
13:55:46.0 (2928279)|STATEMENT_EXECUTE|[1]
13:55:46.0 (2938482)|STATEMENT_EXECUTE|[1]
13:55:46.0 (2981726)|HEAP_ALLOCATE|[50]|Bytes:5
13:55:46.0 (3011775)|HEAP_ALLOCATE|[56]|Bytes:5
13:55:46.0 (3022699)|HEAP_ALLOCATE|[64]|Bytes:7
13:55:46.0 (3054022)|SYSTEM_MODE_ENTER|false
13:55:46.0 (3078304)|HEAP_ALLOCATE|[EXTERNAL]|Bytes:5
13:55:46.0 (3083941)|STATEMENT_EXECUTE|[2]
13:55:46.0 (3085903)|STATEMENT_EXECUTE|[69]
13:55:46.0 (3092646)|SYSTEM_MODE_EXIT|false
13:55:46.0 (3105369)|METHOD_EXIT|[1]|CellController
13:55:46.0 (3110751)|HEAP_ALLOCATE|[EXTERNAL]|Bytes:234
13:55:46.0 (3118924)|SYSTEM_MODE_ENTER|false
13:55:46.0 (3132367)|VARIABLE_SCOPE_BEGIN|[18]|recordList|String|false|false
13:55:46.0 (3164990)|VARIABLE_ASSIGNMENT|[18]|recordList|"[{\"Name\":\"Coca Cola  (214 more) ..."
13:55:46.0 (3180058)|HEAP_ALLOCATE|[19]|Bytes:5
13:55:46.0 (3184604)|STATEMENT_EXECUTE|[18]
13:55:46.0 (3186540)|STATEMENT_EXECUTE|[19]
13:55:46.0 (3206066)|METHOD_ENTRY|[19]|01p360000053CeT|CellController.convertJSONToListOfSObject(String)
13:55:46.0 (3240240)|VARIABLE_SCOPE_BEGIN|[23]|json|String|false|false
13:55:46.0 (3250036)|VARIABLE_ASSIGNMENT|[23]|json|"[{\"Name\":\"Coca Cola  (214 more) ..."
13:55:46.0 (3257926)|HEAP_ALLOCATE|[24]|Bytes:5
13:55:46.0 (3262390)|STATEMENT_EXECUTE|[23]
13:55:46.0 (3264160)|STATEMENT_EXECUTE|[24]
13:55:46.0 (3333519)|HEAP_ALLOCATE|[24]|Bytes:18
13:55:46.0 (3349822)|SYSTEM_METHOD_ENTRY|[1]|JSON.JSON()
13:55:46.0 (3353944)|STATEMENT_EXECUTE|[1]
13:55:46.0 (3365863)|SYSTEM_METHOD_EXIT|[1]|JSON
13:55:46.0 (3381170)|METHOD_ENTRY|[24]||System.JSON.deserializeUntyped(String)
13:55:46.0 (4020743)|HEAP_ALLOCATE|[11]|Bytes:12
13:55:46.0 (4333295)|METHOD_EXIT|[24]||System.JSON.deserializeUntyped(String)
13:55:46.0 (4344740)|VARIABLE_SCOPE_BEGIN|[24]|values|List<ANY>|true|false
13:55:46.0 (4380011)|HEAP_ALLOCATE|[EXTERNAL]|Bytes:8
13:55:46.0 (4411703)|VARIABLE_ASSIGNMENT|[24]|values|{"s":1,"v":[{"s":2,"v":"Map of size 9 too large to display"}]}|0x7e2ed00
13:55:46.0 (4417388)|STATEMENT_EXECUTE|[26]
13:55:46.0 (4425053)|HEAP_ALLOCATE|[26]|Bytes:4
13:55:46.0 (4469113)|VARIABLE_SCOPE_BEGIN|[26]|newSObjectsList|List<SObject>|true|false
13:55:46.0 (4479766)|HEAP_ALLOCATE|[EXTERNAL]|Bytes:4
13:55:46.0 (4491987)|VARIABLE_ASSIGNMENT|[26]|newSObjectsList|{"s":1,"v":[]}|0x5c3bd209
13:55:46.0 (4605424)|HEAP_ALLOCATE|[27]|Bytes:5
13:55:46.0 (4629202)|HEAP_ALLOCATE|[27]|Bytes:40
13:55:46.0 (4640564)|VARIABLE_SCOPE_BEGIN|[27]|v|Object|false|false
13:55:46.0 (4659644)|VARIABLE_ASSIGNMENT|[27]|v|{"s":1,"v":"Map of size 9 too large to display"}
13:55:46.0 (4665513)|STATEMENT_EXECUTE|[27]
13:55:46.0 (4667349)|STATEMENT_EXECUTE|[28]
13:55:46.0 (4672181)|VARIABLE_SCOPE_BEGIN|[28]|m|Map<String,ANY>|true|false
13:55:46.0 (4683660)|VARIABLE_ASSIGNMENT|[28]|m|{"s":1,"v":"Map of size 9 too large to display"}|0xe8da2b3
13:55:46.0 (4688711)|HEAP_ALLOCATE|[30]|Bytes:11
13:55:46.0 (4728232)|STATEMENT_EXECUTE|[30]
13:55:46.0 (4731101)|STATEMENT_EXECUTE|[36]
13:55:46.0 (38305442)|HEAP_ALLOCATE|[36]|Bytes:1992
13:55:46.0 (38379608)|VARIABLE_SCOPE_BEGIN|[36]|targetType|Schema.SObjectType|true|false
13:55:46.0 (38508249)|VARIABLE_ASSIGNMENT|[36]|targetType|"common.apex.runtime.impl.ApexSObjectTypeToken@1168498d"|0x1168498d
13:55:46.0 (38519393)|STATEMENT_EXECUTE|[38]
13:55:46.0 (38522379)|STATEMENT_EXECUTE|[44]
13:55:46.0 (38653137)|HEAP_ALLOCATE|[44]|Bytes:4
13:55:46.0 (38664190)|VARIABLE_SCOPE_BEGIN|[44]|o|SObject|true|false
13:55:46.0 (38684431)|VARIABLE_ASSIGNMENT|[44]|o|{}|0x703ad6e8
13:55:46.0 (38689459)|STATEMENT_EXECUTE|[46]
13:55:46.0 (39316713)|HEAP_ALLOCATE|[46]|Bytes:4
13:55:46.0 (42012790)|HEAP_ALLOCATE|[46]|Bytes:428
13:55:46.0 (42024839)|VARIABLE_SCOPE_BEGIN|[46]|fields|Map<String,Schema.SObjectField>|true|false
13:55:46.0 (42202487)|VARIABLE_ASSIGNMENT|[46]|fields|"{accountnumber=AccountNumber, accountsource=AccountSource, activeliveagentuser__pc=ActiveLiveAgentUser__pc, annualrevenue=AnnualRevenue, billingaddress=BillingAddress, billingcity=BillingCity, billingcountry=BillingCountry, billinglatitude=BillingLatitude, billinglongitude=BillingLongitude, billingpostalcode=BillingPostalCode, ...}"|0x74f621c2
13:55:46.0 (42228306)|HEAP_ALLOCATE|[47]|Bytes:4
13:55:46.0 (42345802)|HEAP_ALLOCATE|[47]|Bytes:121
13:55:46.0 (42373089)|HEAP_ALLOCATE|[47]|Bytes:36
13:55:46.0 (42423158)|HEAP_ALLOCATE|[47]|Bytes:5
13:55:46.0 (42447269)|VARIABLE_SCOPE_BEGIN|[47]|fieldName|String|false|false
13:55:46.0 (42456919)|VARIABLE_ASSIGNMENT|[47]|fieldName|"Name"
13:55:46.0 (42461822)|STATEMENT_EXECUTE|[47]
13:55:46.0 (42463844)|STATEMENT_EXECUTE|[49]
13:55:46.0 (42513657)|VARIABLE_SCOPE_BEGIN|[49]|fi|Schema.SObjectField|true|false
13:55:46.0 (42572634)|VARIABLE_ASSIGNMENT|[49]|fi|"common.apex.runtime.impl.ApexFieldToken@766dab0e"|0x766dab0e
13:55:46.0 (42580243)|STATEMENT_EXECUTE|[50]
13:55:46.0 (42585248)|HEAP_ALLOCATE|[51]|Bytes:2
13:55:46.0 (42940493)|HEAP_ALLOCATE|[51]|Bytes:8
13:55:46.0 (42998178)|HEAP_ALLOCATE|[51]|Bytes:8
13:55:46.0 (43023504)|STATEMENT_EXECUTE|[51]
13:55:46.0 (43064906)|HEAP_ALLOCATE|[52]|Bytes:8
13:55:46.0 (44280714)|HEAP_ALLOCATE|[52]|Bytes:12
13:55:46.0 (44329325)|HEAP_ALLOCATE|[52]|Bytes:6
13:55:46.0 (44340689)|HEAP_ALLOCATE|[52]|Bytes:4
13:55:46.0 (44354219)|STATEMENT_EXECUTE|[56]
13:55:46.0 (44356440)|STATEMENT_EXECUTE|[57]
13:55:46.0 (44473383)|HEAP_ALLOCATE|[47]|Bytes:5
13:55:46.0 (44486939)|VARIABLE_SCOPE_BEGIN|[47]|fieldName|String|false|false
13:55:46.0 (44495580)|VARIABLE_ASSIGNMENT|[47]|fieldName|"Industry"
13:55:46.0 (44499642)|STATEMENT_EXECUTE|[47]
13:55:46.0 (44501091)|STATEMENT_EXECUTE|[49]
13:55:46.0 (44516482)|VARIABLE_SCOPE_BEGIN|[49]|fi|Schema.SObjectField|true|false
13:55:46.0 (44574001)|VARIABLE_ASSIGNMENT|[49]|fi|"common.apex.runtime.impl.ApexFieldToken@779a3d52"|0x779a3d52
13:55:46.0 (44581703)|STATEMENT_EXECUTE|[50]
13:55:46.0 (45790618)|HEAP_ALLOCATE|[51]|Bytes:8
13:55:46.0 (45829227)|HEAP_ALLOCATE|[51]|Bytes:8
13:55:46.0 (45842176)|STATEMENT_EXECUTE|[51]
13:55:46.0 (45863469)|HEAP_ALLOCATE|[52]|Bytes:8
13:55:46.0 (45892845)|HEAP_ALLOCATE|[52]|Bytes:12
13:55:46.0 (45916497)|HEAP_ALLOCATE|[52]|Bytes:8
13:55:46.0 (45934367)|STATEMENT_EXECUTE|[56]
13:55:46.0 (45936645)|STATEMENT_EXECUTE|[57]
13:55:46.0 (45997965)|HEAP_ALLOCATE|[47]|Bytes:5
13:55:46.0 (46011388)|VARIABLE_SCOPE_BEGIN|[47]|fieldName|String|false|false
13:55:46.0 (46020456)|VARIABLE_ASSIGNMENT|[47]|fieldName|"Phone"
13:55:46.0 (46024293)|STATEMENT_EXECUTE|[47]
13:55:46.0 (46025782)|STATEMENT_EXECUTE|[49]
13:55:46.0 (46040909)|VARIABLE_SCOPE_BEGIN|[49]|fi|Schema.SObjectField|true|false
13:55:46.0 (46093985)|VARIABLE_ASSIGNMENT|[49]|fi|"common.apex.runtime.impl.ApexFieldToken@4ff628c2"|0x4ff628c2
13:55:46.0 (46100914)|STATEMENT_EXECUTE|[50]
13:55:46.0 (46262118)|HEAP_ALLOCATE|[51]|Bytes:8
13:55:46.0 (46296055)|HEAP_ALLOCATE|[51]|Bytes:8
13:55:46.0 (46308023)|STATEMENT_EXECUTE|[51]
13:55:46.0 (46327772)|HEAP_ALLOCATE|[52]|Bytes:8
13:55:46.0 (46355344)|HEAP_ALLOCATE|[52]|Bytes:12
13:55:46.0 (46378265)|HEAP_ALLOCATE|[52]|Bytes:5
13:55:46.0 (46395432)|STATEMENT_EXECUTE|[56]
13:55:46.0 (46397614)|STATEMENT_EXECUTE|[57]
13:55:46.0 (46457104)|HEAP_ALLOCATE|[47]|Bytes:5
13:55:46.0 (46469777)|VARIABLE_SCOPE_BEGIN|[47]|fieldName|String|false|false
13:55:46.0 (46477967)|VARIABLE_ASSIGNMENT|[47]|fieldName|"AnnualRevenue"
13:55:46.0 (46481703)|STATEMENT_EXECUTE|[47]
13:55:46.0 (46483134)|STATEMENT_EXECUTE|[49]
13:55:46.0 (46497857)|VARIABLE_SCOPE_BEGIN|[49]|fi|Schema.SObjectField|true|false
13:55:46.0 (46553707)|VARIABLE_ASSIGNMENT|[49]|fi|"common.apex.runtime.impl.ApexFieldToken@374c4fcc"|0x374c4fcc
13:55:46.0 (46560658)|STATEMENT_EXECUTE|[50]
13:55:46.0 (46740847)|HEAP_ALLOCATE|[51]|Bytes:8
13:55:46.0 (46774597)|HEAP_ALLOCATE|[51]|Bytes:8
13:55:46.0 (46786839)|STATEMENT_EXECUTE|[51]
13:55:46.0 (46806484)|HEAP_ALLOCATE|[52]|Bytes:8
13:55:46.0 (46833241)|HEAP_ALLOCATE|[52]|Bytes:12
13:55:46.0 (46856067)|HEAP_ALLOCATE|[52]|Bytes:8
13:55:46.0 (46872839)|STATEMENT_EXECUTE|[56]
13:55:46.0 (46874954)|STATEMENT_EXECUTE|[57]
13:55:46.0 (46939815)|HEAP_ALLOCATE|[47]|Bytes:5
13:55:46.0 (46952470)|VARIABLE_SCOPE_BEGIN|[47]|fieldName|String|false|false
13:55:46.0 (46960388)|VARIABLE_ASSIGNMENT|[47]|fieldName|"Id"
13:55:46.0 (46964128)|STATEMENT_EXECUTE|[47]
13:55:46.0 (46965638)|STATEMENT_EXECUTE|[49]
13:55:46.0 (46980017)|VARIABLE_SCOPE_BEGIN|[49]|fi|Schema.SObjectField|true|false
13:55:46.0 (47031156)|VARIABLE_ASSIGNMENT|[49]|fi|"common.apex.runtime.impl.ApexFieldToken@5be7e811"|0x5be7e811
13:55:46.0 (47038890)|STATEMENT_EXECUTE|[50]
13:55:46.0 (47050503)|STATEMENT_EXECUTE|[51]
13:55:46.0 (47167015)|HEAP_ALLOCATE|[52]|Bytes:8
13:55:46.0 (47196798)|HEAP_ALLOCATE|[52]|Bytes:12
13:55:46.0 (47219741)|HEAP_ALLOCATE|[52]|Bytes:2
13:55:46.0 (47236641)|STATEMENT_EXECUTE|[56]
13:55:46.0 (47238850)|STATEMENT_EXECUTE|[57]
13:55:46.0 (47290609)|HEAP_ALLOCATE|[47]|Bytes:5
13:55:46.0 (47303022)|VARIABLE_SCOPE_BEGIN|[47]|fieldName|String|false|false
13:55:46.0 (47311596)|VARIABLE_ASSIGNMENT|[47]|fieldName|"BillingLatitude"
13:55:46.0 (47315607)|STATEMENT_EXECUTE|[47]
13:55:46.0 (47317139)|STATEMENT_EXECUTE|[49]
13:55:46.0 (47331490)|VARIABLE_SCOPE_BEGIN|[49]|fi|Schema.SObjectField|true|false
13:55:46.0 (47382788)|VARIABLE_ASSIGNMENT|[49]|fi|"common.apex.runtime.impl.ApexFieldToken@21df0670"|0x21df0670
13:55:46.0 (47389662)|STATEMENT_EXECUTE|[50]
13:55:46.0 (47538763)|HEAP_ALLOCATE|[51]|Bytes:8
13:55:46.0 (47578033)|HEAP_ALLOCATE|[51]|Bytes:8
13:55:46.0 (47590821)|STATEMENT_EXECUTE|[51]
13:55:46.0 (47610668)|HEAP_ALLOCATE|[52]|Bytes:8
13:55:46.0 (47637059)|HEAP_ALLOCATE|[52]|Bytes:12
13:55:46.0 (47659428)|HEAP_ALLOCATE|[52]|Bytes:6
13:55:46.0 (47676149)|STATEMENT_EXECUTE|[56]
13:55:46.0 (47678227)|STATEMENT_EXECUTE|[57]
13:55:46.0 (47696097)|HEAP_ALLOCATE|[57]|Bytes:28
13:55:46.0 (47750188)|HEAP_ALLOCATE|[47]|Bytes:5
13:55:46.0 (47762461)|VARIABLE_SCOPE_BEGIN|[47]|fieldName|String|false|false
13:55:46.0 (47770433)|VARIABLE_ASSIGNMENT|[47]|fieldName|"isDirty"
13:55:46.0 (47774274)|STATEMENT_EXECUTE|[47]
13:55:46.0 (47775758)|STATEMENT_EXECUTE|[49]
13:55:46.0 (47787900)|VARIABLE_SCOPE_BEGIN|[49]|fi|Schema.SObjectField|true|false
13:55:46.0 (47794425)|VARIABLE_ASSIGNMENT|[49]|fi|null|
13:55:46.0 (47797582)|STATEMENT_EXECUTE|[50]
13:55:46.0 (47805872)|HEAP_ALLOCATE|[47]|Bytes:5
13:55:46.0 (47815257)|VARIABLE_SCOPE_BEGIN|[47]|fieldName|String|false|false
13:55:46.0 (47821241)|VARIABLE_ASSIGNMENT|[47]|fieldName|"BillingLongitude"
13:55:46.0 (47824252)|STATEMENT_EXECUTE|[47]
13:55:46.0 (47825613)|STATEMENT_EXECUTE|[49]
13:55:46.0 (47838625)|VARIABLE_SCOPE_BEGIN|[49]|fi|Schema.SObjectField|true|false
13:55:46.0 (47888941)|VARIABLE_ASSIGNMENT|[49]|fi|"common.apex.runtime.impl.ApexFieldToken@7aca227"|0x7aca227
13:55:46.0 (47895860)|STATEMENT_EXECUTE|[50]
13:55:46.0 (48033956)|HEAP_ALLOCATE|[51]|Bytes:8
13:55:46.0 (48068247)|HEAP_ALLOCATE|[51]|Bytes:8
13:55:46.0 (48079924)|STATEMENT_EXECUTE|[51]
13:55:46.0 (48099317)|HEAP_ALLOCATE|[52]|Bytes:8
13:55:46.0 (48124983)|HEAP_ALLOCATE|[52]|Bytes:12
13:55:46.0 (48146832)|HEAP_ALLOCATE|[52]|Bytes:6
13:55:46.0 (48163883)|STATEMENT_EXECUTE|[56]
13:55:46.0 (48165939)|STATEMENT_EXECUTE|[57]
13:55:46.0 (48178121)|HEAP_ALLOCATE|[57]|Bytes:28
13:55:46.0 (48229425)|HEAP_ALLOCATE|[47]|Bytes:5
13:55:46.0 (48241148)|VARIABLE_SCOPE_BEGIN|[47]|fieldName|String|false|false
13:55:46.0 (48249199)|VARIABLE_ASSIGNMENT|[47]|fieldName|"sobjectType"
13:55:46.0 (48253068)|STATEMENT_EXECUTE|[47]
13:55:46.0 (48254559)|STATEMENT_EXECUTE|[49]
13:55:46.0 (48266143)|VARIABLE_SCOPE_BEGIN|[49]|fi|Schema.SObjectField|true|false
13:55:46.0 (48271223)|VARIABLE_ASSIGNMENT|[49]|fi|null|
13:55:46.0 (48274206)|STATEMENT_EXECUTE|[50]
13:55:46.0 (48282474)|HEAP_ALLOCATE|[47]|Bytes:5
13:55:46.0 (48291598)|VARIABLE_ASSIGNMENT|[47]|fieldName|null
13:55:46.0 (48295078)|STATEMENT_EXECUTE|[63]
13:55:46.0 (48338146)|HEAP_ALLOCATE|[EXTERNAL]|Bytes:4
13:55:46.0 (48357909)|HEAP_ALLOCATE|[27]|Bytes:5
13:55:46.0 (48373205)|VARIABLE_ASSIGNMENT|[27]|v|null
13:55:46.0 (48378126)|STATEMENT_EXECUTE|[66]
13:55:46.0 (48392313)|METHOD_EXIT|[19]|01p360000053CeT|CellController.convertJSONToListOfSObject(String)
13:55:46.0 (48399134)|VARIABLE_SCOPE_BEGIN|[19]|soList|List<SObject>|true|false
13:55:46.0 (48434761)|VARIABLE_ASSIGNMENT|[19]|soList|{"s":1,"v":[{"Name":"Coca Cola (HQ)","Industry":"Food & Beverage","Phone":"(404) 676-2121","AnnualRevenue":44294000000,"Id":"00136000008vIeSAAU","BillingLatitude":33.7708939,"BillingLongitude":-84.3986209}]}|0x5c3bd209
13:55:46.0 (48439963)|STATEMENT_EXECUTE|[20]
13:55:46.0 (52153026)|HEAP_ALLOCATE|[20]|Bytes:10
13:55:46.0 (52162385)|HEAP_ALLOCATE|[20]|Bytes:31
13:55:46.0 (52165890)|HEAP_ALLOCATE|[20]|Bytes:7
13:55:46.0 (52193439)|METHOD_ENTRY|[1]|01p360000053CeU|CellCrud.CellCrud()
13:55:46.0 (52199442)|STATEMENT_EXECUTE|[1]
13:55:46.0 (52208619)|STATEMENT_EXECUTE|[1]
13:55:46.0 (52216157)|HEAP_ALLOCATE|[20]|Bytes:5
13:55:46.0 (52219771)|STATEMENT_EXECUTE|[2]
13:55:46.0 (52231509)|METHOD_EXIT|[1]|CellCrud
13:55:46.0 (52268621)|METHOD_ENTRY|[20]|01p360000053CeU|CellCrud.supdate(List<SObject>)
13:55:46.0 (52302576)|VARIABLE_SCOPE_BEGIN|[64]|os|List<SObject>|true|false
13:55:46.0 (52328956)|VARIABLE_ASSIGNMENT|[64]|os|{"s":1,"v":[{"Name":"Coca Cola (HQ)","Industry":"Food & Beverage","Phone":"(404) 676-2121","AnnualRevenue":44294000000,"Id":"00136000008vIeSAAU","BillingLatitude":33.7708939,"BillingLongitude":-84.3986209}]}|0x5c3bd209
13:55:46.0 (52340657)|HEAP_ALLOCATE|[65]|Bytes:5
13:55:46.0 (52345802)|STATEMENT_EXECUTE|[64]
13:55:46.0 (52347642)|STATEMENT_EXECUTE|[65]
13:55:46.0 (52371621)|METHOD_ENTRY|[65]|01p360000053CeU|CellCrud.supdate(List<SObject>, Boolean)
13:55:46.0 (52441396)|VARIABLE_SCOPE_BEGIN|[72]|os|List<SObject>|true|false
13:55:46.0 (52464761)|VARIABLE_ASSIGNMENT|[72]|os|{"s":1,"v":[{"Name":"Coca Cola (HQ)","Industry":"Food & Beverage","Phone":"(404) 676-2121","AnnualRevenue":44294000000,"Id":"00136000008vIeSAAU","BillingLatitude":33.7708939,"BillingLongitude":-84.3986209}]}|0x5c3bd209
13:55:46.0 (52474392)|VARIABLE_SCOPE_BEGIN|[72]|strict|Boolean|false|false
13:55:46.0 (52479565)|VARIABLE_ASSIGNMENT|[72]|strict|false
13:55:46.0 (52486248)|HEAP_ALLOCATE|[73]|Bytes:5
13:55:46.0 (52491203)|STATEMENT_EXECUTE|[72]
13:55:46.0 (52521113)|STATEMENT_EXECUTE|[73]
13:55:46.0 (52523722)|STATEMENT_EXECUTE|[77]
13:55:46.0 (52537283)|HEAP_ALLOCATE|[77]|Bytes:32
13:55:46.0 (52611284)|VARIABLE_SCOPE_BEGIN|[77]|targetType|Schema.SObjectType|true|false
13:55:46.0 (52675546)|VARIABLE_ASSIGNMENT|[77]|targetType|"common.apex.runtime.impl.ApexSObjectTypeToken@1168498d"|0x1168498d
13:55:46.0 (52683515)|STATEMENT_EXECUTE|[78]
13:55:46.0 (52685440)|STATEMENT_EXECUTE|[84]
13:55:46.0 (52733254)|HEAP_ALLOCATE|[84]|Bytes:4
13:55:46.0 (52781012)|VARIABLE_SCOPE_BEGIN|[84]|sobjResult|Schema.DescribeSObjectResult|true|false
13:55:46.0 (52852637)|VARIABLE_ASSIGNMENT|[84]|sobjResult|"common.api.soap.wsdl.DescribeSObjectResult@63f4b343"|0x4ef226a5
13:55:46.0 (52859814)|STATEMENT_EXECUTE|[87]
13:55:46.0 (53218272)|HEAP_ALLOCATE|[87]|Bytes:428
13:55:46.0 (53229922)|VARIABLE_SCOPE_BEGIN|[87]|m|Map<String,Schema.SObjectField>|true|false
13:55:46.0 (53383748)|VARIABLE_ASSIGNMENT|[87]|m|"{accountnumber=AccountNumber, accountsource=AccountSource, activeliveagentuser__pc=ActiveLiveAgentUser__pc, annualrevenue=AnnualRevenue, billingaddress=BillingAddress, billingcity=BillingCity, billingcountry=BillingCountry, billinglatitude=BillingLatitude, billinglongitude=BillingLongitude, billingpostalcode=BillingPostalCode, ...}"|0x57567cb5
13:55:46.0 (53392065)|STATEMENT_EXECUTE|[90]
13:55:46.0 (53398703)|HEAP_ALLOCATE|[90]|Bytes:4
13:55:46.0 (53429891)|VARIABLE_SCOPE_BEGIN|[90]|os4u|List<SObject>|true|false
13:55:46.0 (53441508)|HEAP_ALLOCATE|[EXTERNAL]|Bytes:4
13:55:46.0 (53454104)|VARIABLE_ASSIGNMENT|[90]|os4u|{"s":1,"v":[]}|0x1bb32297
13:55:46.0 (53498727)|HEAP_ALLOCATE|[91]|Bytes:5
13:55:46.0 (53513857)|HEAP_ALLOCATE|[91]|Bytes:32
13:55:46.0 (53530773)|VARIABLE_SCOPE_BEGIN|[91]|o|SObject|true|false
13:55:46.0 (53555175)|VARIABLE_ASSIGNMENT|[91]|o|{"Name":"Coca Cola (HQ)","Industry":"Food & Beverage","Phone":"(404) 676-2121","AnnualRevenue":44294000000,"Id":"00136000008vIeSAAU","BillingLatitude":33.7708939,"BillingLongitude":-84.3986209}|0x703ad6e8
13:55:46.0 (53561344)|STATEMENT_EXECUTE|[91]
13:55:46.0 (53563061)|STATEMENT_EXECUTE|[92]
13:55:46.0 (53637817)|HEAP_ALLOCATE|[92]|Bytes:8
13:55:46.0 (53647389)|VARIABLE_SCOPE_BEGIN|[92]|o4u|SObject|true|false
13:55:46.0 (53661115)|VARIABLE_ASSIGNMENT|[92]|o4u|{"Id":"00136000008vIeSAAU"}|0x6ca34861
13:55:46.0 (53665574)|STATEMENT_EXECUTE|[93]
13:55:46.0 (53669584)|VARIABLE_SCOPE_BEGIN|[93]|update_required|Boolean|false|false
13:55:46.0 (53673499)|HEAP_ALLOCATE|[93]|Bytes:5
13:55:46.0 (53678203)|VARIABLE_ASSIGNMENT|[93]|update_required|false
13:55:46.0 (53680560)|STATEMENT_EXECUTE|[95]
13:55:46.0 (53693660)|METHOD_ENTRY|[95]||System.JSON.serialize(Object)
13:55:46.0 (54017432)|METHOD_EXIT|[95]||System.JSON.serialize(Object)
13:55:46.0 (54025273)|VARIABLE_SCOPE_BEGIN|[95]|object_json|String|false|false
13:55:46.0 (54037480)|VARIABLE_ASSIGNMENT|[95]|object_json|"{\"attributes\":{\"type (270 more) ..."
13:55:46.0 (54041465)|STATEMENT_EXECUTE|[96]
13:55:46.0 (54051583)|METHOD_ENTRY|[96]||System.JSON.deserializeUntyped(String)
13:55:46.0 (54653527)|METHOD_EXIT|[96]||System.JSON.deserializeUntyped(String)
13:55:46.0 (54663127)|VARIABLE_SCOPE_BEGIN|[96]|object_map|Map<String,ANY>|true|false
13:55:46.0 (54691817)|VARIABLE_ASSIGNMENT|[96]|object_map|{"s":1,"v":"Map of size 8 too large to display"}|0x33bb8c5e
13:55:46.0 (54699483)|HEAP_ALLOCATE|[99]|Bytes:4
13:55:46.0 (54780650)|HEAP_ALLOCATE|[99]|Bytes:1944
13:55:46.0 (54808773)|HEAP_ALLOCATE|[99]|Bytes:424
13:55:46.0 (54830211)|HEAP_ALLOCATE|[99]|Bytes:5
13:55:46.0 (54844380)|VARIABLE_SCOPE_BEGIN|[99]|key|String|false|false
13:55:46.0 (54851870)|VARIABLE_ASSIGNMENT|[99]|key|"id"
13:55:46.0 (54855969)|STATEMENT_EXECUTE|[99]
13:55:46.0 (54858108)|STATEMENT_EXECUTE|[100]
13:55:46.0 (54939621)|HEAP_ALLOCATE|[100]|Bytes:8
13:55:46.0 (54974910)|VARIABLE_SCOPE_BEGIN|[100]|descField|Schema.DescribeFieldResult|true|false
13:55:46.0 (55041357)|VARIABLE_ASSIGNMENT|[100]|descField|"common.api.soap.wsdl.Field@9c6b6a15"|0x55c9daa8
13:55:46.0 (55063714)|HEAP_ALLOCATE|[103]|Bytes:2
13:55:46.0 (55102842)|STATEMENT_EXECUTE|[103]
13:55:46.0 (55107387)|STATEMENT_EXECUTE|[104]
13:55:46.0 (55121701)|STATEMENT_EXECUTE|[109]
13:55:46.0 (55133749)|HEAP_ALLOCATE|[99]|Bytes:5
13:55:46.0 (55145323)|VARIABLE_SCOPE_BEGIN|[99]|key|String|false|false
13:55:46.0 (55152854)|VARIABLE_ASSIGNMENT|[99]|key|"isdeleted"
13:55:46.0 (55156266)|STATEMENT_EXECUTE|[99]
13:55:46.0 (55157814)|STATEMENT_EXECUTE|[100]
13:55:46.0 (55291839)|HEAP_ALLOCATE|[100]|Bytes:8
13:55:46.0 (55302138)|VARIABLE_SCOPE_BEGIN|[100]|descField|Schema.DescribeFieldResult|true|false
13:55:46.0 (55362727)|VARIABLE_ASSIGNMENT|[100]|descField|"common.api.soap.wsdl.Field@dadba84b"|0x67587ab8
13:55:46.0 (55374062)|HEAP_ALLOCATE|[103]|Bytes:9
13:55:46.0 (55391126)|STATEMENT_EXECUTE|[103]
13:55:46.0 (55401052)|HEAP_ALLOCATE|[99]|Bytes:5
13:55:46.0 (55411846)|VARIABLE_SCOPE_BEGIN|[99]|key|String|false|false
13:55:46.0 (55419211)|VARIABLE_ASSIGNMENT|[99]|key|"masterrecordid"
13:55:46.0 (55422300)|STATEMENT_EXECUTE|[99]
13:55:46.0 (55423843)|STATEMENT_EXECUTE|[100]
13:55:46.0 (55571853)|HEAP_ALLOCATE|[100]|Bytes:8
13:55:46.0 (55581999)|VARIABLE_SCOPE_BEGIN|[100]|descField|Schema.DescribeFieldResult|true|false
13:55:46.0 (55643846)|VARIABLE_ASSIGNMENT|[100]|descField|"common.api.soap.wsdl.Field@26a5ce02"|0x1ad3af18
13:55:46.0 (55654651)|HEAP_ALLOCATE|[103]|Bytes:14
13:55:46.0 (55671820)|STATEMENT_EXECUTE|[103]
13:55:46.0 (55681791)|HEAP_ALLOCATE|[99]|Bytes:5
13:55:46.0 (55692281)|VARIABLE_SCOPE_BEGIN|[99]|key|String|false|false
13:55:46.0 (55699176)|VARIABLE_ASSIGNMENT|[99]|key|"name"
13:55:46.0 (55702355)|STATEMENT_EXECUTE|[99]
13:55:46.0 (55703942)|STATEMENT_EXECUTE|[100]
13:55:46.0 (55752336)|HEAP_ALLOCATE|[100]|Bytes:8
13:55:46.0 (55762652)|VARIABLE_SCOPE_BEGIN|[100]|descField|Schema.DescribeFieldResult|true|false
13:55:46.0 (55821138)|VARIABLE_ASSIGNMENT|[100]|descField|"common.api.soap.wsdl.Field@b625991d"|0x1bd6169d
13:55:46.0 (55831833)|HEAP_ALLOCATE|[103]|Bytes:4
13:55:46.0 (55848416)|STATEMENT_EXECUTE|[103]
13:55:46.0 (55851874)|STATEMENT_EXECUTE|[104]
13:55:46.0 (55857026)|STATEMENT_EXECUTE|[109]
13:55:46.0 (55858592)|STATEMENT_EXECUTE|[110]
13:55:46.0 (55870820)|HEAP_ALLOCATE|[110]|Bytes:4
13:55:46.0 (55879212)|HEAP_ALLOCATE|[110]|Bytes:4
13:55:46.0 (55945053)|HEAP_ALLOCATE|[110]|Bytes:14
13:55:46.0 (55990289)|STATEMENT_EXECUTE|[111]
13:55:46.0 (55996180)|HEAP_ALLOCATE|[111]|Bytes:5
13:55:46.0 (56004042)|VARIABLE_ASSIGNMENT|[111]|update_required|true
13:55:46.0 (56016464)|HEAP_ALLOCATE|[99]|Bytes:5
13:55:46.0 (56027222)|VARIABLE_SCOPE_BEGIN|[99]|key|String|false|false
13:55:46.0 (56033575)|VARIABLE_ASSIGNMENT|[99]|key|"lastname"
13:55:46.0 (56036743)|STATEMENT_EXECUTE|[99]
13:55:46.0 (56038607)|STATEMENT_EXECUTE|[100]
13:55:46.0 (56180009)|HEAP_ALLOCATE|[100]|Bytes:8
13:55:46.0 (56190103)|VARIABLE_SCOPE_BEGIN|[100]|descField|Schema.DescribeFieldResult|true|false
13:55:46.0 (56250258)|VARIABLE_ASSIGNMENT|[100]|descField|"common.api.soap.wsdl.Field@c36811e1"|0x939a445
13:55:46.0 (56260964)|HEAP_ALLOCATE|[103]|Bytes:8
13:55:46.0 (56277659)|STATEMENT_EXECUTE|[103]
13:55:46.0 (56287383)|HEAP_ALLOCATE|[99]|Bytes:5
13:55:46.0 (56297826)|VARIABLE_SCOPE_BEGIN|[99]|key|String|false|false
13:55:46.0 (56304827)|VARIABLE_ASSIGNMENT|[99]|key|"firstname"
13:55:46.0 (56308106)|STATEMENT_EXECUTE|[99]
13:55:46.0 (56309594)|STATEMENT_EXECUTE|[100]
13:55:46.0 (56441981)|HEAP_ALLOCATE|[100]|Bytes:8
13:55:46.0 (56451755)|VARIABLE_SCOPE_BEGIN|[100]|descField|Schema.DescribeFieldResult|true|false
13:55:46.0 (56511105)|VARIABLE_ASSIGNMENT|[100]|descField|"common.api.soap.wsdl.Field@2da530ae"|0xfc96af3
13:55:46.0 (56521580)|HEAP_ALLOCATE|[103]|Bytes:9
13:55:46.0 (56538355)|STATEMENT_EXECUTE|[103]
13:55:46.0 (56553185)|HEAP_ALLOCATE|[99]|Bytes:5
13:55:46.0 (56564044)|VARIABLE_SCOPE_BEGIN|[99]|key|String|false|false
13:55:46.0 (56571301)|VARIABLE_ASSIGNMENT|[99]|key|"salutation"
13:55:46.0 (56574482)|STATEMENT_EXECUTE|[99]
13:55:46.0 (56576038)|STATEMENT_EXECUTE|[100]
13:55:46.0 (56710022)|HEAP_ALLOCATE|[100]|Bytes:8
13:55:46.0 (56719740)|VARIABLE_SCOPE_BEGIN|[100]|descField|Schema.DescribeFieldResult|true|false
13:55:46.0 (56783146)|VARIABLE_ASSIGNMENT|[100]|descField|"common.api.soap.wsdl.Field@45c9ac90"|0x5bb93c0e
13:55:46.0 (56794298)|HEAP_ALLOCATE|[103]|Bytes:10
13:55:46.0 (56811127)|STATEMENT_EXECUTE|[103]
13:55:46.0 (56820809)|HEAP_ALLOCATE|[99]|Bytes:5
13:55:46.0 (56831032)|VARIABLE_SCOPE_BEGIN|[99]|key|String|false|false
13:55:46.0 (56837837)|VARIABLE_ASSIGNMENT|[99]|key|"type"
13:55:46.0 (56841012)|STATEMENT_EXECUTE|[99]
13:55:46.0 (56842507)|STATEMENT_EXECUTE|[100]
13:55:46.0 (56997196)|HEAP_ALLOCATE|[100]|Bytes:8
13:55:46.0 (57006878)|VARIABLE_SCOPE_BEGIN|[100]|descField|Schema.DescribeFieldResult|true|false
13:55:46.0 (57066600)|VARIABLE_ASSIGNMENT|[100]|descField|"common.api.soap.wsdl.Field@601f5b02"|0x7676180a
13:55:46.0 (57077031)|HEAP_ALLOCATE|[103]|Bytes:4
13:55:46.0 (57093447)|STATEMENT_EXECUTE|[103]
13:55:46.0 (57103273)|HEAP_ALLOCATE|[99]|Bytes:5
13:55:46.0 (57113552)|VARIABLE_SCOPE_BEGIN|[99]|key|String|false|false
13:55:46.0 (57120538)|VARIABLE_ASSIGNMENT|[99]|key|"recordtypeid"
13:55:46.0 (57123731)|STATEMENT_EXECUTE|[99]
13:55:46.0 (57125230)|STATEMENT_EXECUTE|[100]
13:55:46.0 (57286945)|HEAP_ALLOCATE|[100]|Bytes:8
13:55:46.0 (57296733)|VARIABLE_SCOPE_BEGIN|[100]|descField|Schema.DescribeFieldResult|true|false
13:55:46.0 (57356038)|VARIABLE_ASSIGNMENT|[100]|descField|"common.api.soap.wsdl.Field@dbfaee0e"|0x4ba01530
13:55:46.0 (57366373)|HEAP_ALLOCATE|[103]|Bytes:12
13:55:46.0 (57383059)|STATEMENT_EXECUTE|[103]
13:55:46.0 (57392892)|HEAP_ALLOCATE|[99]|Bytes:5
13:55:46.0 (57403008)|VARIABLE_SCOPE_BEGIN|[99]|key|String|false|false
13:55:46.0 (57409890)|VARIABLE_ASSIGNMENT|[99]|key|"parentid"
13:55:46.0 (57413409)|STATEMENT_EXECUTE|[99]
13:55:46.0 (57414964)|STATEMENT_EXECUTE|[100]
13:55:46.0 (57605807)|HEAP_ALLOCATE|[100]|Bytes:8
13:55:46.0 (57615671)|VARIABLE_SCOPE_BEGIN|[100]|descField|Schema.DescribeFieldResult|true|false
13:55:46.0 (57674729)|VARIABLE_ASSIGNMENT|[100]|descField|"common.api.soap.wsdl.Field@ef5d35a1"|0x582bbece
13:55:46.0 (57685233)|HEAP_ALLOCATE|[103]|Bytes:8
13:55:46.0 (57701811)|STATEMENT_EXECUTE|[103]
13:55:46.0 (57711587)|HEAP_ALLOCATE|[99]|Bytes:5
13:55:46.0 (57722046)|VARIABLE_SCOPE_BEGIN|[99]|key|String|false|false
13:55:46.0 (57729099)|VARIABLE_ASSIGNMENT|[99]|key|"billingstreet"
13:55:46.0 (57732154)|STATEMENT_EXECUTE|[99]
13:55:46.0 (57733658)|STATEMENT_EXECUTE|[100]
13:55:46.0 (57869557)|HEAP_ALLOCATE|[100]|Bytes:8
13:55:46.0 (57879241)|VARIABLE_SCOPE_BEGIN|[100]|descField|Schema.DescribeFieldResult|true|false
13:55:46.0 (57937616)|VARIABLE_ASSIGNMENT|[100]|descField|"common.api.soap.wsdl.Field@b26430e9"|0x75cddd4a
13:55:46.0 (57948143)|HEAP_ALLOCATE|[103]|Bytes:13
13:55:46.0 (57965030)|STATEMENT_EXECUTE|[103]
13:55:46.0 (57974702)|HEAP_ALLOCATE|[99]|Bytes:5
13:55:46.0 (57985103)|VARIABLE_SCOPE_BEGIN|[99]|key|String|false|false
13:55:46.0 (57992186)|VARIABLE_ASSIGNMENT|[99]|key|"billingcity"
13:55:46.0 (57995360)|STATEMENT_EXECUTE|[99]
13:55:46.0 (57996814)|STATEMENT_EXECUTE|[100]
13:55:46.0 (58127097)|HEAP_ALLOCATE|[100]|Bytes:8
13:55:46.0 (58137507)|VARIABLE_SCOPE_BEGIN|[100]|descField|Schema.DescribeFieldResult|true|false
13:55:46.0 (58195241)|VARIABLE_ASSIGNMENT|[100]|descField|"common.api.soap.wsdl.Field@e219c98f"|0x73ce369c
13:55:46.0 (58205590)|HEAP_ALLOCATE|[103]|Bytes:11
13:55:46.0 (58222152)|STATEMENT_EXECUTE|[103]
13:55:46.0 (58231848)|HEAP_ALLOCATE|[99]|Bytes:5
13:55:46.0 (58242032)|VARIABLE_SCOPE_BEGIN|[99]|key|String|false|false
13:55:46.0 (58249034)|VARIABLE_ASSIGNMENT|[99]|key|"billingstate"
13:55:46.0 (58252039)|STATEMENT_EXECUTE|[99]
13:55:46.0 (58253639)|STATEMENT_EXECUTE|[100]
13:55:46.0 (58382322)|HEAP_ALLOCATE|[100]|Bytes:8
13:55:46.0 (58391970)|VARIABLE_SCOPE_BEGIN|[100]|descField|Schema.DescribeFieldResult|true|false
13:55:46.0 (58449520)|VARIABLE_ASSIGNMENT|[100]|descField|"common.api.soap.wsdl.Field@a4fe981c"|0x5fe33b9b
13:55:46.0 (58459865)|HEAP_ALLOCATE|[103]|Bytes:12
13:55:46.0 (58476286)|STATEMENT_EXECUTE|[103]
13:55:46.0 (58486001)|HEAP_ALLOCATE|[99]|Bytes:5
13:55:46.0 (58496038)|VARIABLE_SCOPE_BEGIN|[99]|key|String|false|false
13:55:46.0 (58503134)|VARIABLE_ASSIGNMENT|[99]|key|"billingpostalcode"
13:55:46.0 (58506312)|STATEMENT_EXECUTE|[99]
13:55:46.0 (58507809)|STATEMENT_EXECUTE|[100]
13:55:46.0 (58641158)|HEAP_ALLOCATE|[100]|Bytes:8
13:55:46.0 (58650780)|VARIABLE_SCOPE_BEGIN|[100]|descField|Schema.DescribeFieldResult|true|false
13:55:46.0 (58709017)|VARIABLE_ASSIGNMENT|[100]|descField|"common.api.soap.wsdl.Field@815f5376"|0x49623af8
13:55:46.0 (58719456)|HEAP_ALLOCATE|[103]|Bytes:17
13:55:46.0 (58735999)|STATEMENT_EXECUTE|[103]
13:55:46.0 (58745566)|HEAP_ALLOCATE|[99]|Bytes:5
13:55:46.0 (58759376)|VARIABLE_SCOPE_BEGIN|[99]|key|String|false|false
13:55:46.0 (58767234)|VARIABLE_ASSIGNMENT|[99]|key|"billingcountry"
13:55:46.0 (58770653)|STATEMENT_EXECUTE|[99]
13:55:46.0 (58772180)|STATEMENT_EXECUTE|[100]
13:55:46.0 (58901607)|HEAP_ALLOCATE|[100]|Bytes:8
13:55:46.0 (58911160)|VARIABLE_SCOPE_BEGIN|[100]|descField|Schema.DescribeFieldResult|true|false
13:55:46.0 (58968687)|VARIABLE_ASSIGNMENT|[100]|descField|"common.api.soap.wsdl.Field@98e8eb98"|0x750f007b
13:55:46.0 (58979032)|HEAP_ALLOCATE|[103]|Bytes:14
13:55:46.0 (58995370)|STATEMENT_EXECUTE|[103]
13:55:46.0 (59005089)|HEAP_ALLOCATE|[99]|Bytes:5
13:55:46.0 (59016464)|VARIABLE_SCOPE_BEGIN|[99]|key|String|false|false
13:55:46.0 (59023607)|VARIABLE_ASSIGNMENT|[99]|key|"billinglatitude"
13:55:46.0 (59026859)|STATEMENT_EXECUTE|[99]
13:55:46.0 (59028325)|STATEMENT_EXECUTE|[100]
13:55:46.0 (59073829)|HEAP_ALLOCATE|[100]|Bytes:8
13:55:46.0 (59082264)|VARIABLE_SCOPE_BEGIN|[100]|descField|Schema.DescribeFieldResult|true|false
13:55:46.0 (59139137)|VARIABLE_ASSIGNMENT|[100]|descField|"common.api.soap.wsdl.Field@e57c57a2"|0x1899398a
13:55:46.0 (59149967)|HEAP_ALLOCATE|[103]|Bytes:15
13:55:46.0 (59166410)|STATEMENT_EXECUTE|[103]
13:55:46.0 (59169911)|STATEMENT_EXECUTE|[104]
13:55:46.0 (59175149)|STATEMENT_EXECUTE|[109]
13:55:46.0 (59176790)|STATEMENT_EXECUTE|[110]
13:55:46.0 (59179668)|HEAP_ALLOCATE|[110]|Bytes:15
13:55:46.0 (59183368)|HEAP_ALLOCATE|[110]|Bytes:15
13:55:46.0 (59217089)|HEAP_ALLOCATE|[110]|Bytes:28
13:55:46.0 (59220410)|HEAP_ALLOCATE|[110]|Bytes:28
13:55:46.0 (59262851)|STATEMENT_EXECUTE|[111]
13:55:46.0 (59268629)|HEAP_ALLOCATE|[111]|Bytes:5
13:55:46.0 (59275739)|VARIABLE_ASSIGNMENT|[111]|update_required|true
13:55:46.0 (59286754)|HEAP_ALLOCATE|[99]|Bytes:5
13:55:46.0 (59297235)|VARIABLE_SCOPE_BEGIN|[99]|key|String|false|false
13:55:46.0 (59303379)|VARIABLE_ASSIGNMENT|[99]|key|"billinglongitude"
13:55:46.0 (59306583)|STATEMENT_EXECUTE|[99]
13:55:46.0 (59307978)|STATEMENT_EXECUTE|[100]
13:55:46.0 (59353400)|HEAP_ALLOCATE|[100]|Bytes:8
13:55:46.0 (59362051)|VARIABLE_SCOPE_BEGIN|[100]|descField|Schema.DescribeFieldResult|true|false
13:55:46.0 (59419234)|VARIABLE_ASSIGNMENT|[100]|descField|"common.api.soap.wsdl.Field@9b444434"|0x2a93bc6f
13:55:46.0 (59429594)|HEAP_ALLOCATE|[103]|Bytes:16
13:55:46.0 (59445996)|STATEMENT_EXECUTE|[103]
13:55:46.0 (59449430)|STATEMENT_EXECUTE|[104]
13:55:46.0 (59454417)|STATEMENT_EXECUTE|[109]
13:55:46.0 (59455976)|STATEMENT_EXECUTE|[110]
13:55:46.0 (59458855)|HEAP_ALLOCATE|[110]|Bytes:16
13:55:46.0 (59462496)|HEAP_ALLOCATE|[110]|Bytes:16
13:55:46.0 (59493165)|HEAP_ALLOCATE|[110]|Bytes:28
13:55:46.0 (59496439)|HEAP_ALLOCATE|[110]|Bytes:28
13:55:46.0 (59537060)|STATEMENT_EXECUTE|[111]
13:55:46.0 (59546936)|HEAP_ALLOCATE|[111]|Bytes:5
13:55:46.0 (59554326)|VARIABLE_ASSIGNMENT|[111]|update_required|true
13:55:46.0 (59565563)|HEAP_ALLOCATE|[99]|Bytes:5
13:55:46.0 (59576043)|VARIABLE_SCOPE_BEGIN|[99]|key|String|false|false
13:55:46.0 (59582150)|VARIABLE_ASSIGNMENT|[99]|key|"billingaddress"
13:55:46.0 (59585324)|STATEMENT_EXECUTE|[99]
13:55:46.0 (59586861)|STATEMENT_EXECUTE|[100]
13:55:46.0 (59706267)|HEAP_ALLOCATE|[100]|Bytes:8
13:55:46.0 (59715921)|VARIABLE_SCOPE_BEGIN|[100]|descField|Schema.DescribeFieldResult|true|false
13:55:46.0 (59777645)|VARIABLE_ASSIGNMENT|[100]|descField|"common.api.soap.wsdl.Field@695a7610"|0x20fa6b9d
13:55:46.0 (59788151)|HEAP_ALLOCATE|[103]|Bytes:14
13:55:46.0 (59804582)|STATEMENT_EXECUTE|[103]
13:55:46.0 (59814093)|HEAP_ALLOCATE|[99]|Bytes:5
13:55:46.0 (59824206)|VARIABLE_SCOPE_BEGIN|[99]|key|String|false|false
13:55:46.0 (59831290)|VARIABLE_ASSIGNMENT|[99]|key|"shippingstreet"
13:55:46.0 (59834316)|STATEMENT_EXECUTE|[99]
13:55:46.0 (59835810)|STATEMENT_EXECUTE|[100]
13:55:46.0 (59986002)|HEAP_ALLOCATE|[100]|Bytes:8
13:55:46.0 (59995595)|VARIABLE_SCOPE_BEGIN|[100]|descField|Schema.DescribeFieldResult|true|false
13:55:46.0 (60052980)|VARIABLE_ASSIGNMENT|[100]|descField|"common.api.soap.wsdl.Field@fb6f4824"|0x5a648487
13:55:46.0 (60064099)|HEAP_ALLOCATE|[103]|Bytes:14
13:55:46.0 (60080495)|STATEMENT_EXECUTE|[103]
13:55:46.0 (60090231)|HEAP_ALLOCATE|[99]|Bytes:5
13:55:46.0 (60100924)|VARIABLE_SCOPE_BEGIN|[99]|key|String|false|false
13:55:46.0 (60107815)|VARIABLE_ASSIGNMENT|[99]|key|"shippingcity"
13:55:46.0 (60110961)|STATEMENT_EXECUTE|[99]
13:55:46.0 (60112483)|STATEMENT_EXECUTE|[100]
13:55:46.0 (60240902)|HEAP_ALLOCATE|[100]|Bytes:8
13:55:46.0 (60250440)|VARIABLE_SCOPE_BEGIN|[100]|descField|Schema.DescribeFieldResult|true|false
13:55:46.0 (60308795)|VARIABLE_ASSIGNMENT|[100]|descField|"common.api.soap.wsdl.Field@a6c3cf2c"|0x3604074c
13:55:46.0 (60319197)|HEAP_ALLOCATE|[103]|Bytes:12
13:55:46.0 (60335466)|STATEMENT_EXECUTE|[103]
13:55:46.0 (60345053)|HEAP_ALLOCATE|[99]|Bytes:5
13:55:46.0 (60355297)|VARIABLE_SCOPE_BEGIN|[99]|key|String|false|false
13:55:46.0 (60362184)|VARIABLE_ASSIGNMENT|[99]|key|"shippingstate"
13:55:46.0 (60365203)|STATEMENT_EXECUTE|[99]
13:55:46.0 (60366684)|STATEMENT_EXECUTE|[100]
13:55:46.0 (60493291)|HEAP_ALLOCATE|[100]|Bytes:8
13:55:46.0 (60502899)|VARIABLE_SCOPE_BEGIN|[100]|descField|Schema.DescribeFieldResult|true|false
13:55:46.0 (60565611)|VARIABLE_ASSIGNMENT|[100]|descField|"common.api.soap.wsdl.Field@c7f2b8e5"|0x2b0ef1b9
13:55:46.0 (60576086)|HEAP_ALLOCATE|[103]|Bytes:13
13:55:46.0 (60592431)|STATEMENT_EXECUTE|[103]
13:55:46.0 (60602385)|HEAP_ALLOCATE|[99]|Bytes:5
13:55:46.0 (60612474)|VARIABLE_SCOPE_BEGIN|[99]|key|String|false|false
13:55:46.0 (60619656)|VARIABLE_ASSIGNMENT|[99]|key|"shippingpostalcode"
13:55:46.0 (60622743)|STATEMENT_EXECUTE|[99]
13:55:46.0 (60624221)|STATEMENT_EXECUTE|[100]
13:55:46.0 (60752219)|HEAP_ALLOCATE|[100]|Bytes:8
13:55:46.0 (60761788)|VARIABLE_SCOPE_BEGIN|[100]|descField|Schema.DescribeFieldResult|true|false
13:55:46.0 (60819191)|VARIABLE_ASSIGNMENT|[100]|descField|"common.api.soap.wsdl.Field@3fe2a90d"|0x1afe3d67
13:55:46.0 (60829576)|HEAP_ALLOCATE|[103]|Bytes:18
13:55:46.0 (60845859)|STATEMENT_EXECUTE|[103]
13:55:46.0 (60855467)|HEAP_ALLOCATE|[99]|Bytes:5
13:55:46.0 (60865737)|VARIABLE_SCOPE_BEGIN|[99]|key|String|false|false
13:55:46.0 (60872796)|VARIABLE_ASSIGNMENT|[99]|key|"shippingcountry"
13:55:46.0 (60876202)|STATEMENT_EXECUTE|[99]
13:55:46.0 (60877667)|STATEMENT_EXECUTE|[100]
13:55:46.0 (61004123)|HEAP_ALLOCATE|[100]|Bytes:8
13:55:46.0 (61014473)|VARIABLE_SCOPE_BEGIN|[100]|descField|Schema.DescribeFieldResult|true|false
13:55:46.0 (61071419)|VARIABLE_ASSIGNMENT|[100]|descField|"common.api.soap.wsdl.Field@233a8e7b"|0xcc538ea
13:55:46.0 (61081809)|HEAP_ALLOCATE|[103]|Bytes:15
13:55:46.0 (61098006)|STATEMENT_EXECUTE|[103]
13:55:46.0 (61107646)|HEAP_ALLOCATE|[99]|Bytes:5
13:55:46.0 (61117699)|VARIABLE_SCOPE_BEGIN|[99]|key|String|false|false
13:55:46.0 (61124710)|VARIABLE_ASSIGNMENT|[99]|key|"shippinglatitude"
13:55:46.0 (61127818)|STATEMENT_EXECUTE|[99]
13:55:46.0 (61129279)|STATEMENT_EXECUTE|[100]
13:55:46.0 (61258030)|HEAP_ALLOCATE|[100]|Bytes:8
13:55:46.0 (61267614)|VARIABLE_SCOPE_BEGIN|[100]|descField|Schema.DescribeFieldResult|true|false
13:55:46.0 (61325167)|VARIABLE_ASSIGNMENT|[100]|descField|"common.api.soap.wsdl.Field@46cdaead"|0xa856ecc
13:55:46.0 (61335490)|HEAP_ALLOCATE|[103]|Bytes:16
13:55:46.0 (61352256)|STATEMENT_EXECUTE|[103]
13:55:46.0 (61361841)|HEAP_ALLOCATE|[99]|Bytes:5
13:55:46.0 (61372085)|VARIABLE_SCOPE_BEGIN|[99]|key|String|false|false
13:55:46.0 (61379206)|VARIABLE_ASSIGNMENT|[99]|key|"shippinglongitude"
13:55:46.0 (61382295)|STATEMENT_EXECUTE|[99]
13:55:46.0 (61383754)|STATEMENT_EXECUTE|[100]
13:55:46.0 (61512136)|HEAP_ALLOCATE|[100]|Bytes:8
13:55:46.0 (61521691)|VARIABLE_SCOPE_BEGIN|[100]|descField|Schema.DescribeFieldResult|true|false
13:55:46.0 (61583133)|VARIABLE_ASSIGNMENT|[100]|descField|"common.api.soap.wsdl.Field@8b78bf72"|0x34af469a
13:55:46.0 (61593502)|HEAP_ALLOCATE|[103]|Bytes:17
13:55:46.0 (61610140)|STATEMENT_EXECUTE|[103]
13:55:46.0 (61619687)|HEAP_ALLOCATE|[99]|Bytes:5
13:55:46.0 (61629943)|VARIABLE_SCOPE_BEGIN|[99]|key|String|false|false
13:55:46.0 (61637096)|VARIABLE_ASSIGNMENT|[99]|key|"shippingaddress"
13:55:46.0 (61640190)|STATEMENT_EXECUTE|[99]
13:55:46.0 (61641651)|STATEMENT_EXECUTE|[100]
13:55:46.0 (61751182)|HEAP_ALLOCATE|[100]|Bytes:8
13:55:46.0 (61760857)|VARIABLE_SCOPE_BEGIN|[100]|descField|Schema.DescribeFieldResult|true|false
13:55:46.0 (61818389)|VARIABLE_ASSIGNMENT|[100]|descField|"common.api.soap.wsdl.Field@d662aa02"|0x60f43059
13:55:46.0 (61832538)|HEAP_ALLOCATE|[103]|Bytes:15
13:55:46.0 (61849089)|STATEMENT_EXECUTE|[103]
13:55:46.0 (61858770)|HEAP_ALLOCATE|[99]|Bytes:5
13:55:46.0 (61868857)|VARIABLE_SCOPE_BEGIN|[99]|key|String|false|false
13:55:46.0 (61875613)|VARIABLE_ASSIGNMENT|[99]|key|"phone"
13:55:46.0 (61878815)|STATEMENT_EXECUTE|[99]
13:55:46.0 (61880246)|STATEMENT_EXECUTE|[100]
13:55:46.0 (61925811)|HEAP_ALLOCATE|[100]|Bytes:8
13:55:46.0 (61934375)|VARIABLE_SCOPE_BEGIN|[100]|descField|Schema.DescribeFieldResult|true|false
13:55:46.0 (61990628)|VARIABLE_ASSIGNMENT|[100]|descField|"common.api.soap.wsdl.Field@5e4191e5"|0x7d6c1859
13:55:46.0 (62000932)|HEAP_ALLOCATE|[103]|Bytes:5
13:55:46.0 (62018570)|STATEMENT_EXECUTE|[103]
13:55:46.0 (62022124)|STATEMENT_EXECUTE|[104]
13:55:46.0 (62027303)|STATEMENT_EXECUTE|[109]
13:55:46.0 (62028822)|STATEMENT_EXECUTE|[110]
13:55:46.0 (62031976)|HEAP_ALLOCATE|[110]|Bytes:5
13:55:46.0 (62035769)|HEAP_ALLOCATE|[110]|Bytes:5
13:55:46.0 (62063228)|HEAP_ALLOCATE|[110]|Bytes:14
13:55:46.0 (62100555)|STATEMENT_EXECUTE|[111]
13:55:46.0 (62105975)|HEAP_ALLOCATE|[111]|Bytes:5
13:55:46.0 (62113218)|VARIABLE_ASSIGNMENT|[111]|update_required|true
13:55:46.0 (62124018)|HEAP_ALLOCATE|[99]|Bytes:5
13:55:46.0 (62134178)|VARIABLE_SCOPE_BEGIN|[99]|key|String|false|false
13:55:46.0 (62139943)|VARIABLE_ASSIGNMENT|[99]|key|"fax"
13:55:46.0 (62143183)|STATEMENT_EXECUTE|[99]
13:55:46.0 (62144670)|STATEMENT_EXECUTE|[100]
13:55:46.0 (62305266)|HEAP_ALLOCATE|[100]|Bytes:8
13:55:46.0 (62315023)|VARIABLE_SCOPE_BEGIN|[100]|descField|Schema.DescribeFieldResult|true|false
13:55:46.0 (62372544)|VARIABLE_ASSIGNMENT|[100]|descField|"common.api.soap.wsdl.Field@ddc6fd1e"|0x70f23c84
13:55:46.0 (62382789)|HEAP_ALLOCATE|[103]|Bytes:3
13:55:46.0 (62399107)|STATEMENT_EXECUTE|[103]
13:55:46.0 (62408871)|HEAP_ALLOCATE|[99]|Bytes:5
13:55:46.0 (62419024)|VARIABLE_SCOPE_BEGIN|[99]|key|String|false|false
13:55:46.0 (62426274)|VARIABLE_ASSIGNMENT|[99]|key|"accountnumber"
13:55:46.0 (62429377)|STATEMENT_EXECUTE|[99]
13:55:46.0 (62430825)|STATEMENT_EXECUTE|[100]
13:55:46.0 (62560639)|HEAP_ALLOCATE|[100]|Bytes:8
13:55:46.0 (62570317)|VARIABLE_SCOPE_BEGIN|[100]|descField|Schema.DescribeFieldResult|true|false
13:55:46.0 (62627603)|VARIABLE_ASSIGNMENT|[100]|descField|"common.api.soap.wsdl.Field@14939fbe"|0xbbb59f6
13:55:46.0 (62637984)|HEAP_ALLOCATE|[103]|Bytes:13
13:55:46.0 (62654443)|STATEMENT_EXECUTE|[103]
13:55:46.0 (62664050)|HEAP_ALLOCATE|[99]|Bytes:5
13:55:46.0 (62674150)|VARIABLE_SCOPE_BEGIN|[99]|key|String|false|false
13:55:46.0 (62680982)|VARIABLE_ASSIGNMENT|[99]|key|"website"
13:55:46.0 (62684092)|STATEMENT_EXECUTE|[99]
13:55:46.0 (62685546)|STATEMENT_EXECUTE|[100]
13:55:46.0 (62838439)|HEAP_ALLOCATE|[100]|Bytes:8
13:55:46.0 (62847969)|VARIABLE_SCOPE_BEGIN|[100]|descField|Schema.DescribeFieldResult|true|false
13:55:46.0 (62905647)|VARIABLE_ASSIGNMENT|[100]|descField|"common.api.soap.wsdl.Field@f20cb6fe"|0x8a33549
13:55:46.0 (62916127)|HEAP_ALLOCATE|[103]|Bytes:7
13:55:46.0 (62932418)|STATEMENT_EXECUTE|[103]
13:55:46.0 (62942036)|HEAP_ALLOCATE|[99]|Bytes:5
13:55:46.0 (62951995)|VARIABLE_SCOPE_BEGIN|[99]|key|String|false|false
13:55:46.0 (62958841)|VARIABLE_ASSIGNMENT|[99]|key|"photourl"
13:55:46.0 (62961934)|STATEMENT_EXECUTE|[99]
13:55:46.0 (62963513)|STATEMENT_EXECUTE|[100]
13:55:46.0 (63078717)|HEAP_ALLOCATE|[100]|Bytes:8
13:55:46.0 (63089055)|VARIABLE_SCOPE_BEGIN|[100]|descField|Schema.DescribeFieldResult|true|false
13:55:46.0 (63145877)|VARIABLE_ASSIGNMENT|[100]|descField|"common.api.soap.wsdl.Field@e8a51b83"|0x60d03f7c
13:55:46.0 (63156143)|HEAP_ALLOCATE|[103]|Bytes:8
13:55:46.0 (63172634)|STATEMENT_EXECUTE|[103]
13:55:46.0 (63182302)|HEAP_ALLOCATE|[99]|Bytes:5
13:55:46.0 (63192446)|VARIABLE_SCOPE_BEGIN|[99]|key|String|false|false
13:55:46.0 (63199242)|VARIABLE_ASSIGNMENT|[99]|key|"sic"
13:55:46.0 (63202328)|STATEMENT_EXECUTE|[99]
13:55:46.0 (63203733)|STATEMENT_EXECUTE|[100]
13:55:46.0 (63331531)|HEAP_ALLOCATE|[100]|Bytes:8
13:55:46.0 (63341231)|VARIABLE_SCOPE_BEGIN|[100]|descField|Schema.DescribeFieldResult|true|false
13:55:46.0 (63398828)|VARIABLE_ASSIGNMENT|[100]|descField|"common.api.soap.wsdl.Field@4abd681f"|0x163bf7ac
13:55:46.0 (63409185)|HEAP_ALLOCATE|[103]|Bytes:3
13:55:46.0 (63425483)|STATEMENT_EXECUTE|[103]
13:55:46.0 (63435148)|HEAP_ALLOCATE|[99]|Bytes:5
13:55:46.0 (63445214)|VARIABLE_SCOPE_BEGIN|[99]|key|String|false|false
13:55:46.0 (63452487)|VARIABLE_ASSIGNMENT|[99]|key|"industry"
13:55:46.0 (63455671)|STATEMENT_EXECUTE|[99]
13:55:46.0 (63457070)|STATEMENT_EXECUTE|[100]
13:55:46.0 (63501452)|HEAP_ALLOCATE|[100]|Bytes:8
13:55:46.0 (63509806)|VARIABLE_SCOPE_BEGIN|[100]|descField|Schema.DescribeFieldResult|true|false
13:55:46.0 (63570985)|VARIABLE_ASSIGNMENT|[100]|descField|"common.api.soap.wsdl.Field@ac1e0425"|0x18ea9e7c
13:55:46.0 (63581338)|HEAP_ALLOCATE|[103]|Bytes:8
13:55:46.0 (63597916)|STATEMENT_EXECUTE|[103]
13:55:46.0 (63601452)|STATEMENT_EXECUTE|[104]
13:55:46.0 (63607065)|STATEMENT_EXECUTE|[109]
13:55:46.0 (63608664)|STATEMENT_EXECUTE|[110]
13:55:46.0 (63611636)|HEAP_ALLOCATE|[110]|Bytes:8
13:55:46.0 (63615277)|HEAP_ALLOCATE|[110]|Bytes:8
13:55:46.0 (63642255)|HEAP_ALLOCATE|[110]|Bytes:15
13:55:46.0 (63678913)|STATEMENT_EXECUTE|[111]
13:55:46.0 (63684271)|HEAP_ALLOCATE|[111]|Bytes:5
13:55:46.0 (63691665)|VARIABLE_ASSIGNMENT|[111]|update_required|true
13:55:46.0 (63702377)|HEAP_ALLOCATE|[99]|Bytes:5
13:55:46.0 (63712675)|VARIABLE_SCOPE_BEGIN|[99]|key|String|false|false
13:55:46.0 (63718711)|VARIABLE_ASSIGNMENT|[99]|key|"annualrevenue"
13:55:46.0 (63721742)|STATEMENT_EXECUTE|[99]
13:55:46.0 (63723147)|STATEMENT_EXECUTE|[100]
13:55:46.0 (63767230)|HEAP_ALLOCATE|[100]|Bytes:8
13:55:46.0 (63775599)|VARIABLE_SCOPE_BEGIN|[100]|descField|Schema.DescribeFieldResult|true|false
13:55:46.0 (63832139)|VARIABLE_ASSIGNMENT|[100]|descField|"common.api.soap.wsdl.Field@adf0647b"|0x2e448b5f
13:55:46.0 (63842364)|HEAP_ALLOCATE|[103]|Bytes:13
13:55:46.0 (63858778)|STATEMENT_EXECUTE|[103]
13:55:46.0 (63862699)|STATEMENT_EXECUTE|[104]
13:55:46.0 (63867701)|STATEMENT_EXECUTE|[109]
13:55:46.0 (63869260)|STATEMENT_EXECUTE|[110]
13:55:46.0 (63872018)|HEAP_ALLOCATE|[110]|Bytes:13
13:55:46.0 (63875598)|HEAP_ALLOCATE|[110]|Bytes:13
13:55:46.0 (64024230)|HEAP_ALLOCATE|[110]|Bytes:28
13:55:46.0 (64074758)|STATEMENT_EXECUTE|[111]
13:55:46.0 (64080476)|HEAP_ALLOCATE|[111]|Bytes:5
13:55:46.0 (64087727)|VARIABLE_ASSIGNMENT|[111]|update_required|true
13:55:46.0 (64098823)|HEAP_ALLOCATE|[99]|Bytes:5
13:55:46.0 (64109268)|VARIABLE_SCOPE_BEGIN|[99]|key|String|false|false
13:55:46.0 (64115820)|VARIABLE_ASSIGNMENT|[99]|key|"numberofemployees"
13:55:46.0 (64118881)|STATEMENT_EXECUTE|[99]
13:55:46.0 (64120278)|STATEMENT_EXECUTE|[100]
13:55:46.0 (64272522)|HEAP_ALLOCATE|[100]|Bytes:8
13:55:46.0 (64282317)|VARIABLE_SCOPE_BEGIN|[100]|descField|Schema.DescribeFieldResult|true|false
13:55:46.0 (64340398)|VARIABLE_ASSIGNMENT|[100]|descField|"common.api.soap.wsdl.Field@b706e6ca"|0x628b4e02
13:55:46.0 (64351059)|HEAP_ALLOCATE|[103]|Bytes:17
13:55:46.0 (64367646)|STATEMENT_EXECUTE|[103]
13:55:46.0 (64377321)|HEAP_ALLOCATE|[99]|Bytes:5
13:55:46.0 (64387435)|VARIABLE_SCOPE_BEGIN|[99]|key|String|false|false
13:55:46.0 (64394205)|VARIABLE_ASSIGNMENT|[99]|key|"ownership"
13:55:46.0 (64397391)|STATEMENT_EXECUTE|[99]
13:55:46.0 (64398941)|STATEMENT_EXECUTE|[100]
13:55:46.0 (64525651)|HEAP_ALLOCATE|[100]|Bytes:8
13:55:46.0 (64535416)|VARIABLE_SCOPE_BEGIN|[100]|descField|Schema.DescribeFieldResult|true|false
13:55:46.0 (64597385)|VARIABLE_ASSIGNMENT|[100]|descField|"common.api.soap.wsdl.Field@d466b63b"|0x2c229268
13:55:46.0 (64607852)|HEAP_ALLOCATE|[103]|Bytes:9
13:55:46.0 (64624461)|STATEMENT_EXECUTE|[103]
13:55:46.0 (64634225)|HEAP_ALLOCATE|[99]|Bytes:5
13:55:46.0 (64644267)|VARIABLE_SCOPE_BEGIN|[99]|key|String|false|false
13:55:46.0 (64651219)|VARIABLE_ASSIGNMENT|[99]|key|"tickersymbol"
13:55:46.0 (64654316)|STATEMENT_EXECUTE|[99]
13:55:46.0 (64655923)|STATEMENT_EXECUTE|[100]
13:55:46.0 (64783207)|HEAP_ALLOCATE|[100]|Bytes:8
13:55:46.0 (64793177)|VARIABLE_SCOPE_BEGIN|[100]|descField|Schema.DescribeFieldResult|true|false
13:55:46.0 (64850763)|VARIABLE_ASSIGNMENT|[100]|descField|"common.api.soap.wsdl.Field@b45156cd"|0x567b4ca5
13:55:46.0 (64861065)|HEAP_ALLOCATE|[103]|Bytes:12
13:55:46.0 (64877522)|STATEMENT_EXECUTE|[103]
13:55:46.0 (64887110)|HEAP_ALLOCATE|[99]|Bytes:5
13:55:46.0 (64897256)|VARIABLE_SCOPE_BEGIN|[99]|key|String|false|false
13:55:46.0 (64904112)|VARIABLE_ASSIGNMENT|[99]|key|"description"
13:55:46.0 (64907215)|STATEMENT_EXECUTE|[99]
13:55:46.0 (64908661)|STATEMENT_EXECUTE|[100]
13:55:46.0 (65065864)|HEAP_ALLOCATE|[100]|Bytes:8
13:55:46.0 (65076342)|VARIABLE_SCOPE_BEGIN|[100]|descField|Schema.DescribeFieldResult|true|false
13:55:46.0 (65133944)|VARIABLE_ASSIGNMENT|[100]|descField|"common.api.soap.wsdl.Field@fa2538f2"|0x57c511df
13:55:46.0 (65144374)|HEAP_ALLOCATE|[103]|Bytes:11
13:55:46.0 (65160679)|STATEMENT_EXECUTE|[103]
13:55:46.0 (65170305)|HEAP_ALLOCATE|[99]|Bytes:5
13:55:46.0 (65180289)|VARIABLE_SCOPE_BEGIN|[99]|key|String|false|false
13:55:46.0 (65187467)|VARIABLE_ASSIGNMENT|[99]|key|"rating"
13:55:46.0 (65190584)|STATEMENT_EXECUTE|[99]
13:55:46.0 (65192069)|STATEMENT_EXECUTE|[100]
13:55:46.0 (65319604)|HEAP_ALLOCATE|[100]|Bytes:8
13:55:46.0 (65329333)|VARIABLE_SCOPE_BEGIN|[100]|descField|Schema.DescribeFieldResult|true|false
13:55:46.0 (65386943)|VARIABLE_ASSIGNMENT|[100]|descField|"common.api.soap.wsdl.Field@570a1b3a"|0x19f14c1e
13:55:46.0 (65397267)|HEAP_ALLOCATE|[103]|Bytes:6
13:55:46.0 (65413700)|STATEMENT_EXECUTE|[103]
13:55:46.0 (65423407)|HEAP_ALLOCATE|[99]|Bytes:5
13:55:46.0 (65433545)|VARIABLE_SCOPE_BEGIN|[99]|key|String|false|false
13:55:46.0 (65440163)|VARIABLE_ASSIGNMENT|[99]|key|"site"
13:55:46.0 (65443242)|STATEMENT_EXECUTE|[99]
13:55:46.0 (65444810)|STATEMENT_EXECUTE|[100]
13:55:46.0 (65575911)|HEAP_ALLOCATE|[100]|Bytes:8
13:55:46.0 (65585691)|VARIABLE_SCOPE_BEGIN|[100]|descField|Schema.DescribeFieldResult|true|false
13:55:46.0 (65643171)|VARIABLE_ASSIGNMENT|[100]|descField|"common.api.soap.wsdl.Field@43eaa75"|0x6ecf04ab
13:55:46.0 (65653751)|HEAP_ALLOCATE|[103]|Bytes:4
13:55:46.0 (65670213)|STATEMENT_EXECUTE|[103]
13:55:46.0 (65679920)|HEAP_ALLOCATE|[99]|Bytes:5
13:55:46.0 (65689971)|VARIABLE_SCOPE_BEGIN|[99]|key|String|false|false
13:55:46.0 (65696727)|VARIABLE_ASSIGNMENT|[99]|key|"ownerid"
13:55:46.0 (65700007)|STATEMENT_EXECUTE|[99]
13:55:46.0 (65701504)|STATEMENT_EXECUTE|[100]
13:55:46.0 (65850254)|HEAP_ALLOCATE|[100]|Bytes:8
13:55:46.0 (65859830)|VARIABLE_SCOPE_BEGIN|[100]|descField|Schema.DescribeFieldResult|true|false
13:55:46.0 (65917928)|VARIABLE_ASSIGNMENT|[100]|descField|"common.api.soap.wsdl.Field@9baa00fe"|0x2679971a
13:55:46.0 (65928317)|HEAP_ALLOCATE|[103]|Bytes:7
13:55:46.0 (65944737)|STATEMENT_EXECUTE|[103]
13:55:46.0 (65954403)|HEAP_ALLOCATE|[99]|Bytes:5
13:55:46.0 (65964560)|VARIABLE_SCOPE_BEGIN|[99]|key|String|false|false
13:55:46.0 (65971378)|VARIABLE_ASSIGNMENT|[99]|key|"createddate"
13:55:46.0 (65974692)|STATEMENT_EXECUTE|[99]
13:55:46.0 (65976202)|STATEMENT_EXECUTE|[100]
13:55:46.0 (66125347)|HEAP_ALLOCATE|[100]|Bytes:8
13:55:46.0 (66135899)|VARIABLE_SCOPE_BEGIN|[100]|descField|Schema.DescribeFieldResult|true|false
13:55:46.0 (66193385)|VARIABLE_ASSIGNMENT|[100]|descField|"common.api.soap.wsdl.Field@4325ef8"|0x4d254eb2
13:55:46.0 (66203772)|HEAP_ALLOCATE|[103]|Bytes:11
13:55:46.0 (66220249)|STATEMENT_EXECUTE|[103]
13:55:46.0 (66229912)|HEAP_ALLOCATE|[99]|Bytes:5
13:55:46.0 (66239975)|VARIABLE_SCOPE_BEGIN|[99]|key|String|false|false
13:55:46.0 (66246732)|VARIABLE_ASSIGNMENT|[99]|key|"createdbyid"
13:55:46.0 (66249952)|STATEMENT_EXECUTE|[99]
13:55:46.0 (66251380)|STATEMENT_EXECUTE|[100]
13:55:46.0 (66399284)|HEAP_ALLOCATE|[100]|Bytes:8
13:55:46.0 (66409029)|VARIABLE_SCOPE_BEGIN|[100]|descField|Schema.DescribeFieldResult|true|false
13:55:46.0 (66467230)|VARIABLE_ASSIGNMENT|[100]|descField|"common.api.soap.wsdl.Field@28b7f1b9"|0x7eed8acc
13:55:46.0 (66477593)|HEAP_ALLOCATE|[103]|Bytes:11
13:55:46.0 (66493996)|STATEMENT_EXECUTE|[103]
13:55:46.0 (66503576)|HEAP_ALLOCATE|[99]|Bytes:5
13:55:46.0 (66514210)|VARIABLE_SCOPE_BEGIN|[99]|key|String|false|false
13:55:46.0 (66521355)|VARIABLE_ASSIGNMENT|[99]|key|"lastmodifieddate"
13:55:46.0 (66524455)|STATEMENT_EXECUTE|[99]
13:55:46.0 (66525861)|STATEMENT_EXECUTE|[100]
13:55:46.0 (66671933)|HEAP_ALLOCATE|[100]|Bytes:8
13:55:46.0 (66681506)|VARIABLE_SCOPE_BEGIN|[100]|descField|Schema.DescribeFieldResult|true|false
13:55:46.0 (66738335)|VARIABLE_ASSIGNMENT|[100]|descField|"common.api.soap.wsdl.Field@f6bf8b5f"|0x1b079953
13:55:46.0 (66748595)|HEAP_ALLOCATE|[103]|Bytes:16
13:55:46.0 (66765156)|STATEMENT_EXECUTE|[103]
13:55:46.0 (66774752)|HEAP_ALLOCATE|[99]|Bytes:5
13:55:46.0 (66785074)|VARIABLE_SCOPE_BEGIN|[99]|key|String|false|false
13:55:46.0 (66792238)|VARIABLE_ASSIGNMENT|[99]|key|"lastmodifiedbyid"
13:55:46.0 (66795364)|STATEMENT_EXECUTE|[99]
13:55:46.0 (66796825)|STATEMENT_EXECUTE|[100]
13:55:46.0 (66944772)|HEAP_ALLOCATE|[100]|Bytes:8
13:55:46.0 (66954319)|VARIABLE_SCOPE_BEGIN|[100]|descField|Schema.DescribeFieldResult|true|false
13:55:46.0 (67013004)|VARIABLE_ASSIGNMENT|[100]|descField|"common.api.soap.wsdl.Field@27474571"|0x12c10a29
13:55:46.0 (67024294)|HEAP_ALLOCATE|[103]|Bytes:16
13:55:46.0 (67040793)|STATEMENT_EXECUTE|[103]
13:55:46.0 (67050359)|HEAP_ALLOCATE|[99]|Bytes:5
13:55:46.0 (67060510)|VARIABLE_SCOPE_BEGIN|[99]|key|String|false|false
13:55:46.0 (67067582)|VARIABLE_ASSIGNMENT|[99]|key|"systemmodstamp"
13:55:46.0 (67070646)|STATEMENT_EXECUTE|[99]
13:55:46.0 (67072070)|STATEMENT_EXECUTE|[100]
13:55:46.0 (67183965)|HEAP_ALLOCATE|[100]|Bytes:8
13:55:46.0 (67193471)|VARIABLE_SCOPE_BEGIN|[100]|descField|Schema.DescribeFieldResult|true|false
13:55:46.0 (67250668)|VARIABLE_ASSIGNMENT|[100]|descField|"common.api.soap.wsdl.Field@70cb2b24"|0x5877462a
13:55:46.0 (67260965)|HEAP_ALLOCATE|[103]|Bytes:14
13:55:46.0 (67277443)|STATEMENT_EXECUTE|[103]
13:55:46.0 (67287021)|HEAP_ALLOCATE|[99]|Bytes:5
13:55:46.0 (67297135)|VARIABLE_SCOPE_BEGIN|[99]|key|String|false|false
13:55:46.0 (67304360)|VARIABLE_ASSIGNMENT|[99]|key|"lastactivitydate"
13:55:46.0 (67307640)|STATEMENT_EXECUTE|[99]
13:55:46.0 (67309085)|STATEMENT_EXECUTE|[100]
13:55:46.0 (67423003)|HEAP_ALLOCATE|[100]|Bytes:8
13:55:46.0 (67432561)|VARIABLE_SCOPE_BEGIN|[100]|descField|Schema.DescribeFieldResult|true|false
13:55:46.0 (67490041)|VARIABLE_ASSIGNMENT|[100]|descField|"common.api.soap.wsdl.Field@c3bb799d"|0x12385a4d
13:55:46.0 (67500428)|HEAP_ALLOCATE|[103]|Bytes:16
13:55:46.0 (67516719)|STATEMENT_EXECUTE|[103]
13:55:46.0 (67526329)|HEAP_ALLOCATE|[99]|Bytes:5
13:55:46.0 (67536452)|VARIABLE_SCOPE_BEGIN|[99]|key|String|false|false
13:55:46.0 (67547612)|VARIABLE_ASSIGNMENT|[99]|key|"lastvieweddate"
13:55:46.0 (67550976)|STATEMENT_EXECUTE|[99]
13:55:46.0 (67552532)|STATEMENT_EXECUTE|[100]
13:55:46.0 (67667011)|HEAP_ALLOCATE|[100]|Bytes:8
13:55:46.0 (67676586)|VARIABLE_SCOPE_BEGIN|[100]|descField|Schema.DescribeFieldResult|true|false
13:55:46.0 (67733630)|VARIABLE_ASSIGNMENT|[100]|descField|"common.api.soap.wsdl.Field@ce52df4b"|0x46516dca
13:55:46.0 (67744081)|HEAP_ALLOCATE|[103]|Bytes:14
13:55:46.0 (67760589)|STATEMENT_EXECUTE|[103]
13:55:46.0 (67770177)|HEAP_ALLOCATE|[99]|Bytes:5
13:55:46.0 (67780248)|VARIABLE_SCOPE_BEGIN|[99]|key|String|false|false
13:55:46.0 (67787583)|VARIABLE_ASSIGNMENT|[99]|key|"lastreferenceddate"
13:55:46.0 (67790668)|STATEMENT_EXECUTE|[99]
13:55:46.0 (67792101)|STATEMENT_EXECUTE|[100]
13:55:46.0 (67904781)|HEAP_ALLOCATE|[100]|Bytes:8
13:55:46.0 (67914267)|VARIABLE_SCOPE_BEGIN|[100]|descField|Schema.DescribeFieldResult|true|false
13:55:46.0 (67971502)|VARIABLE_ASSIGNMENT|[100]|descField|"common.api.soap.wsdl.Field@c13747ec"|0x1fee562
13:55:46.0 (67981854)|HEAP_ALLOCATE|[103]|Bytes:18
13:55:46.0 (67998120)|STATEMENT_EXECUTE|[103]
13:55:46.0 (68007779)|HEAP_ALLOCATE|[99]|Bytes:5
13:55:46.0 (68018759)|VARIABLE_SCOPE_BEGIN|[99]|key|String|false|false
13:55:46.0 (68027385)|VARIABLE_ASSIGNMENT|[99]|key|"isexcludedfromrealig (1 more) ..."
13:55:46.0 (68030795)|STATEMENT_EXECUTE|[99]
13:55:46.0 (68032281)|STATEMENT_EXECUTE|[100]
13:55:46.0 (68153376)|HEAP_ALLOCATE|[100]|Bytes:8
13:55:46.0 (68163223)|VARIABLE_SCOPE_BEGIN|[100]|descField|Schema.DescribeFieldResult|true|false
13:55:46.0 (68220994)|VARIABLE_ASSIGNMENT|[100]|descField|"common.api.soap.wsdl.Field@46ca9ca4"|0x7efa69b5
13:55:46.0 (68231286)|HEAP_ALLOCATE|[103]|Bytes:21
13:55:46.0 (68247511)|STATEMENT_EXECUTE|[103]
13:55:46.0 (68257136)|HEAP_ALLOCATE|[99]|Bytes:5
13:55:46.0 (68267380)|VARIABLE_SCOPE_BEGIN|[99]|key|String|false|false
13:55:46.0 (68274037)|VARIABLE_ASSIGNMENT|[99]|key|"ispartner"
13:55:46.0 (68277154)|STATEMENT_EXECUTE|[99]
13:55:46.0 (68278669)|STATEMENT_EXECUTE|[100]
13:55:46.0 (68404190)|HEAP_ALLOCATE|[100]|Bytes:8
13:55:46.0 (68413749)|VARIABLE_SCOPE_BEGIN|[100]|descField|Schema.DescribeFieldResult|true|false
13:55:46.0 (68470831)|VARIABLE_ASSIGNMENT|[100]|descField|"common.api.soap.wsdl.Field@83e6561c"|0x619d115
13:55:46.0 (68481351)|HEAP_ALLOCATE|[103]|Bytes:9
13:55:46.0 (68497835)|STATEMENT_EXECUTE|[103]
13:55:46.0 (68507505)|HEAP_ALLOCATE|[99]|Bytes:5
13:55:46.0 (68517575)|VARIABLE_SCOPE_BEGIN|[99]|key|String|false|false
13:55:46.0 (68525269)|VARIABLE_ASSIGNMENT|[99]|key|"iscustomerportal"
13:55:46.0 (68528336)|STATEMENT_EXECUTE|[99]
13:55:46.0 (68529744)|STATEMENT_EXECUTE|[100]
13:55:46.0 (68653512)|HEAP_ALLOCATE|[100]|Bytes:8
13:55:46.0 (68663121)|VARIABLE_SCOPE_BEGIN|[100]|descField|Schema.DescribeFieldResult|true|false
13:55:46.0 (68720197)|VARIABLE_ASSIGNMENT|[100]|descField|"common.api.soap.wsdl.Field@f55cae72"|0x587525dd
13:55:46.0 (68730595)|HEAP_ALLOCATE|[103]|Bytes:16
13:55:46.0 (68747057)|STATEMENT_EXECUTE|[103]
13:55:46.0 (68756754)|HEAP_ALLOCATE|[99]|Bytes:5
13:55:46.0 (68766995)|VARIABLE_SCOPE_BEGIN|[99]|key|String|false|false
13:55:46.0 (68774103)|VARIABLE_ASSIGNMENT|[99]|key|"personcontactid"
13:55:46.0 (68777289)|STATEMENT_EXECUTE|[99]
13:55:46.0 (68778692)|STATEMENT_EXECUTE|[100]
13:55:46.0 (68942626)|HEAP_ALLOCATE|[100]|Bytes:8
13:55:46.0 (68952366)|VARIABLE_SCOPE_BEGIN|[100]|descField|Schema.DescribeFieldResult|true|false
13:55:46.0 (69010787)|VARIABLE_ASSIGNMENT|[100]|descField|"common.api.soap.wsdl.Field@58245dd8"|0x5544cf28
13:55:46.0 (69022300)|HEAP_ALLOCATE|[103]|Bytes:15
13:55:46.0 (69038886)|STATEMENT_EXECUTE|[103]
13:55:46.0 (69048641)|HEAP_ALLOCATE|[99]|Bytes:5
13:55:46.0 (69058860)|VARIABLE_SCOPE_BEGIN|[99]|key|String|false|false
13:55:46.0 (69065909)|VARIABLE_ASSIGNMENT|[99]|key|"ispersonaccount"
13:55:46.0 (69068950)|STATEMENT_EXECUTE|[99]
13:55:46.0 (69070404)|STATEMENT_EXECUTE|[100]
13:55:46.0 (69187900)|HEAP_ALLOCATE|[100]|Bytes:8
13:55:46.0 (69197485)|VARIABLE_SCOPE_BEGIN|[100]|descField|Schema.DescribeFieldResult|true|false
13:55:46.0 (69254795)|VARIABLE_ASSIGNMENT|[100]|descField|"common.api.soap.wsdl.Field@14612440"|0x29a17c60
13:55:46.0 (69265044)|HEAP_ALLOCATE|[103]|Bytes:15
13:55:46.0 (69281417)|STATEMENT_EXECUTE|[103]
13:55:46.0 (69291132)|HEAP_ALLOCATE|[99]|Bytes:5
13:55:46.0 (69301087)|VARIABLE_SCOPE_BEGIN|[99]|key|String|false|false
13:55:46.0 (69308188)|VARIABLE_ASSIGNMENT|[99]|key|"personmailingstreet"
13:55:46.0 (69311311)|STATEMENT_EXECUTE|[99]
13:55:46.0 (69312783)|STATEMENT_EXECUTE|[100]
13:55:46.0 (69471417)|HEAP_ALLOCATE|[100]|Bytes:8
13:55:46.0 (69481060)|VARIABLE_SCOPE_BEGIN|[100]|descField|Schema.DescribeFieldResult|true|false
13:55:46.0 (69539379)|VARIABLE_ASSIGNMENT|[100]|descField|"common.api.soap.wsdl.Field@99025e37"|0x7c72d53a
13:55:46.0 (69553857)|HEAP_ALLOCATE|[103]|Bytes:19
13:55:46.0 (69570548)|STATEMENT_EXECUTE|[103]
13:55:46.0 (69580252)|HEAP_ALLOCATE|[99]|Bytes:5
13:55:46.0 (69590373)|VARIABLE_SCOPE_BEGIN|[99]|key|String|false|false
13:55:46.0 (69597662)|VARIABLE_ASSIGNMENT|[99]|key|"personmailingcity"
13:55:46.0 (69600915)|STATEMENT_EXECUTE|[99]
13:55:46.0 (69602406)|STATEMENT_EXECUTE|[100]
13:55:46.0 (69739644)|HEAP_ALLOCATE|[100]|Bytes:8
13:55:46.0 (69749232)|VARIABLE_SCOPE_BEGIN|[100]|descField|Schema.DescribeFieldResult|true|false
13:55:46.0 (69806187)|VARIABLE_ASSIGNMENT|[100]|descField|"common.api.soap.wsdl.Field@f02575a3"|0x98bcb8c
13:55:46.0 (69816459)|HEAP_ALLOCATE|[103]|Bytes:17
13:55:46.0 (69832872)|STATEMENT_EXECUTE|[103]
13:55:46.0 (69842745)|HEAP_ALLOCATE|[99]|Bytes:5
13:55:46.0 (69852951)|VARIABLE_SCOPE_BEGIN|[99]|key|String|false|false
13:55:46.0 (69859915)|VARIABLE_ASSIGNMENT|[99]|key|"personmailingstate"
13:55:46.0 (69862954)|STATEMENT_EXECUTE|[99]
13:55:46.0 (69864373)|STATEMENT_EXECUTE|[100]
13:55:46.0 (69998755)|HEAP_ALLOCATE|[100]|Bytes:8
13:55:46.0 (70008276)|VARIABLE_SCOPE_BEGIN|[100]|descField|Schema.DescribeFieldResult|true|false
13:55:46.0 (70067170)|VARIABLE_ASSIGNMENT|[100]|descField|"common.api.soap.wsdl.Field@ecb3a8fe"|0x43199bfd
13:55:46.0 (70077676)|HEAP_ALLOCATE|[103]|Bytes:18
13:55:46.0 (70094074)|STATEMENT_EXECUTE|[103]
13:55:46.0 (70103695)|HEAP_ALLOCATE|[99]|Bytes:5
13:55:46.0 (70113752)|VARIABLE_SCOPE_BEGIN|[99]|key|String|false|false
13:55:46.0 (70122018)|VARIABLE_ASSIGNMENT|[99]|key|"personmailingpostalc (3 more) ..."
13:55:46.0 (70125368)|STATEMENT_EXECUTE|[99]
13:55:46.0 (70126767)|STATEMENT_EXECUTE|[100]
13:55:46.0 (70260692)|HEAP_ALLOCATE|[100]|Bytes:8
13:55:46.0 (70270217)|VARIABLE_SCOPE_BEGIN|[100]|descField|Schema.DescribeFieldResult|true|false
13:55:46.0 (70327777)|VARIABLE_ASSIGNMENT|[100]|descField|"common.api.soap.wsdl.Field@b7859857"|0x13a0e899
13:55:46.0 (70338206)|HEAP_ALLOCATE|[103]|Bytes:23
13:55:46.0 (70354556)|STATEMENT_EXECUTE|[103]
13:55:46.0 (70364136)|HEAP_ALLOCATE|[99]|Bytes:5
13:55:46.0 (70374183)|VARIABLE_SCOPE_BEGIN|[99]|key|String|false|false
13:55:46.0 (70381449)|VARIABLE_ASSIGNMENT|[99]|key|"personmailingcountry"
13:55:46.0 (70384595)|STATEMENT_EXECUTE|[99]
13:55:46.0 (70386041)|STATEMENT_EXECUTE|[100]
13:55:46.0 (70519257)|HEAP_ALLOCATE|[100]|Bytes:8
13:55:46.0 (70528718)|VARIABLE_SCOPE_BEGIN|[100]|descField|Schema.DescribeFieldResult|true|false
13:55:46.0 (70590813)|VARIABLE_ASSIGNMENT|[100]|descField|"common.api.soap.wsdl.Field@7cd68f0c"|0x70a16d83
13:55:46.0 (70601381)|HEAP_ALLOCATE|[103]|Bytes:20
13:55:46.0 (70617812)|STATEMENT_EXECUTE|[103]
13:55:46.0 (70627455)|HEAP_ALLOCATE|[99]|Bytes:5
13:55:46.0 (70637534)|VARIABLE_SCOPE_BEGIN|[99]|key|String|false|false
13:55:46.0 (70646032)|VARIABLE_ASSIGNMENT|[99]|key|"personmailinglatitud (1 more) ..."
13:55:46.0 (70649498)|STATEMENT_EXECUTE|[99]
13:55:46.0 (70650922)|STATEMENT_EXECUTE|[100]
13:55:46.0 (70787491)|HEAP_ALLOCATE|[100]|Bytes:8
13:55:46.0 (70796992)|VARIABLE_SCOPE_BEGIN|[100]|descField|Schema.DescribeFieldResult|true|false
13:55:46.0 (70854079)|VARIABLE_ASSIGNMENT|[100]|descField|"common.api.soap.wsdl.Field@18000d9e"|0x68367479
13:55:46.0 (70864476)|HEAP_ALLOCATE|[103]|Bytes:21
13:55:46.0 (70880782)|STATEMENT_EXECUTE|[103]
13:55:46.0 (70890376)|HEAP_ALLOCATE|[99]|Bytes:5
13:55:46.0 (70900663)|VARIABLE_SCOPE_BEGIN|[99]|key|String|false|false
13:55:46.0 (70908892)|VARIABLE_ASSIGNMENT|[99]|key|"personmailinglongitu (2 more) ..."
13:55:46.0 (70912157)|STATEMENT_EXECUTE|[99]
13:55:46.0 (70913541)|STATEMENT_EXECUTE|[100]
13:55:46.0 (71049295)|HEAP_ALLOCATE|[100]|Bytes:8
13:55:46.0 (71059681)|VARIABLE_SCOPE_BEGIN|[100]|descField|Schema.DescribeFieldResult|true|false
13:55:46.0 (71117164)|VARIABLE_ASSIGNMENT|[100]|descField|"common.api.soap.wsdl.Field@d3fafb99"|0x31e57ca6
13:55:46.0 (71127755)|HEAP_ALLOCATE|[103]|Bytes:22
13:55:46.0 (71144202)|STATEMENT_EXECUTE|[103]
13:55:46.0 (71153917)|HEAP_ALLOCATE|[99]|Bytes:5
13:55:46.0 (71163934)|VARIABLE_SCOPE_BEGIN|[99]|key|String|false|false
13:55:46.0 (71171003)|VARIABLE_ASSIGNMENT|[99]|key|"personmailingaddress"
13:55:46.0 (71174081)|STATEMENT_EXECUTE|[99]
13:55:46.0 (71175647)|STATEMENT_EXECUTE|[100]
13:55:46.0 (71289188)|HEAP_ALLOCATE|[100]|Bytes:8
13:55:46.0 (71298768)|VARIABLE_SCOPE_BEGIN|[100]|descField|Schema.DescribeFieldResult|true|false
13:55:46.0 (71355794)|VARIABLE_ASSIGNMENT|[100]|descField|"common.api.soap.wsdl.Field@9fee1da1"|0x598b03a9
13:55:46.0 (71366072)|HEAP_ALLOCATE|[103]|Bytes:20
13:55:46.0 (71382471)|STATEMENT_EXECUTE|[103]
13:55:46.0 (71392196)|HEAP_ALLOCATE|[99]|Bytes:5
13:55:46.0 (71402318)|VARIABLE_SCOPE_BEGIN|[99]|key|String|false|false
13:55:46.0 (71409432)|VARIABLE_ASSIGNMENT|[99]|key|"personotherstreet"
13:55:46.0 (71412628)|STATEMENT_EXECUTE|[99]
13:55:46.0 (71414025)|STATEMENT_EXECUTE|[100]
13:55:46.0 (71574403)|HEAP_ALLOCATE|[100]|Bytes:8
13:55:46.0 (71584084)|VARIABLE_SCOPE_BEGIN|[100]|descField|Schema.DescribeFieldResult|true|false
13:55:46.0 (71641547)|VARIABLE_ASSIGNMENT|[100]|descField|"common.api.soap.wsdl.Field@7a35bc1f"|0x746b8deb
13:55:46.0 (71651846)|HEAP_ALLOCATE|[103]|Bytes:17
13:55:46.0 (71668168)|STATEMENT_EXECUTE|[103]
13:55:46.0 (71677763)|HEAP_ALLOCATE|[99]|Bytes:5
13:55:46.0 (71687877)|VARIABLE_SCOPE_BEGIN|[99]|key|String|false|false
13:55:46.0 (71694979)|VARIABLE_ASSIGNMENT|[99]|key|"personothercity"
13:55:46.0 (71698036)|STATEMENT_EXECUTE|[99]
13:55:46.0 (71699562)|STATEMENT_EXECUTE|[100]
13:55:46.0 (71833240)|HEAP_ALLOCATE|[100]|Bytes:8
13:55:46.0 (71842876)|VARIABLE_SCOPE_BEGIN|[100]|descField|Schema.DescribeFieldResult|true|false
13:55:46.0 (71900142)|VARIABLE_ASSIGNMENT|[100]|descField|"common.api.soap.wsdl.Field@c977addc"|0x15cb42e4
13:55:46.0 (71910377)|HEAP_ALLOCATE|[103]|Bytes:15
13:55:46.0 (71926807)|STATEMENT_EXECUTE|[103]
13:55:46.0 (71936784)|HEAP_ALLOCATE|[99]|Bytes:5
13:55:46.0 (71946970)|VARIABLE_SCOPE_BEGIN|[99]|key|String|false|false
13:55:46.0 (71953757)|VARIABLE_ASSIGNMENT|[99]|key|"personotherstate"
13:55:46.0 (71956798)|STATEMENT_EXECUTE|[99]
13:55:46.0 (71958187)|STATEMENT_EXECUTE|[100]
13:55:46.0 (72090427)|HEAP_ALLOCATE|[100]|Bytes:8
13:55:46.0 (72100936)|VARIABLE_SCOPE_BEGIN|[100]|descField|Schema.DescribeFieldResult|true|false
13:55:46.0 (72158104)|VARIABLE_ASSIGNMENT|[100]|descField|"common.api.soap.wsdl.Field@b513848c"|0x7e100673
13:55:46.0 (72168332)|HEAP_ALLOCATE|[103]|Bytes:16
13:55:46.0 (72184724)|STATEMENT_EXECUTE|[103]
13:55:46.0 (72194489)|HEAP_ALLOCATE|[99]|Bytes:5
13:55:46.0 (72204737)|VARIABLE_SCOPE_BEGIN|[99]|key|String|false|false
13:55:46.0 (72212982)|VARIABLE_ASSIGNMENT|[99]|key|"personotherpostalcod (1 more) ..."
13:55:46.0 (72216366)|STATEMENT_EXECUTE|[99]
13:55:46.0 (72217793)|STATEMENT_EXECUTE|[100]
13:55:46.0 (72350089)|HEAP_ALLOCATE|[100]|Bytes:8
13:55:46.0 (72359674)|VARIABLE_SCOPE_BEGIN|[100]|descField|Schema.DescribeFieldResult|true|false
13:55:46.0 (72417723)|VARIABLE_ASSIGNMENT|[100]|descField|"common.api.soap.wsdl.Field@2e48fbd4"|0x10f63a96
13:55:46.0 (72428353)|HEAP_ALLOCATE|[103]|Bytes:21
13:55:46.0 (72444545)|STATEMENT_EXECUTE|[103]
13:55:46.0 (72454201)|HEAP_ALLOCATE|[99]|Bytes:5
13:55:46.0 (72464799)|VARIABLE_SCOPE_BEGIN|[99]|key|String|false|false
13:55:46.0 (72471758)|VARIABLE_ASSIGNMENT|[99]|key|"personothercountry"
13:55:46.0 (72474799)|STATEMENT_EXECUTE|[99]
13:55:46.0 (72476236)|STATEMENT_EXECUTE|[100]
13:55:46.0 (72614315)|HEAP_ALLOCATE|[100]|Bytes:8
13:55:46.0 (72623855)|VARIABLE_SCOPE_BEGIN|[100]|descField|Schema.DescribeFieldResult|true|false
13:55:46.0 (72681025)|VARIABLE_ASSIGNMENT|[100]|descField|"common.api.soap.wsdl.Field@bc27b0db"|0x4cfdd4b
13:55:46.0 (72691521)|HEAP_ALLOCATE|[103]|Bytes:18
13:55:46.0 (72707829)|STATEMENT_EXECUTE|[103]
13:55:46.0 (72717441)|HEAP_ALLOCATE|[99]|Bytes:5
13:55:46.0 (72727762)|VARIABLE_SCOPE_BEGIN|[99]|key|String|false|false
13:55:46.0 (72734890)|VARIABLE_ASSIGNMENT|[99]|key|"personotherlatitude"
13:55:46.0 (72738510)|STATEMENT_EXECUTE|[99]
13:55:46.0 (72739923)|STATEMENT_EXECUTE|[100]
13:55:46.0 (72874104)|HEAP_ALLOCATE|[100]|Bytes:8
13:55:46.0 (72883611)|VARIABLE_SCOPE_BEGIN|[100]|descField|Schema.DescribeFieldResult|true|false
13:55:46.0 (72940448)|VARIABLE_ASSIGNMENT|[100]|descField|"common.api.soap.wsdl.Field@d1b86088"|0x194a3de9
13:55:46.0 (72950854)|HEAP_ALLOCATE|[103]|Bytes:19
13:55:46.0 (72967016)|STATEMENT_EXECUTE|[103]
13:55:46.0 (72976669)|HEAP_ALLOCATE|[99]|Bytes:5
13:55:46.0 (72986919)|VARIABLE_SCOPE_BEGIN|[99]|key|String|false|false
13:55:46.0 (72994083)|VARIABLE_ASSIGNMENT|[99]|key|"personotherlongitude"
13:55:46.0 (72997257)|STATEMENT_EXECUTE|[99]
13:55:46.0 (72998718)|STATEMENT_EXECUTE|[100]
13:55:46.0 (73131978)|HEAP_ALLOCATE|[100]|Bytes:8
13:55:46.0 (73142432)|VARIABLE_SCOPE_BEGIN|[100]|descField|Schema.DescribeFieldResult|true|false
13:55:46.0 (73199424)|VARIABLE_ASSIGNMENT|[100]|descField|"common.api.soap.wsdl.Field@4569d2be"|0x5e67d105
13:55:46.0 (73210091)|HEAP_ALLOCATE|[103]|Bytes:20
13:55:46.0 (73226373)|STATEMENT_EXECUTE|[103]
13:55:46.0 (73235941)|HEAP_ALLOCATE|[99]|Bytes:5
13:55:46.0 (73246204)|VARIABLE_SCOPE_BEGIN|[99]|key|String|false|false
13:55:46.0 (73253009)|VARIABLE_ASSIGNMENT|[99]|key|"personotheraddress"
13:55:46.0 (73256139)|STATEMENT_EXECUTE|[99]
13:55:46.0 (73257561)|STATEMENT_EXECUTE|[100]
13:55:46.0 (73371525)|HEAP_ALLOCATE|[100]|Bytes:8
13:55:46.0 (73381320)|VARIABLE_SCOPE_BEGIN|[100]|descField|Schema.DescribeFieldResult|true|false
13:55:46.0 (73438724)|VARIABLE_ASSIGNMENT|[100]|descField|"common.api.soap.wsdl.Field@cd816197"|0x226913bb
13:55:46.0 (73449171)|HEAP_ALLOCATE|[103]|Bytes:18
13:55:46.0 (73465558)|STATEMENT_EXECUTE|[103]
13:55:46.0 (73475280)|HEAP_ALLOCATE|[99]|Bytes:5
13:55:46.0 (73485374)|VARIABLE_SCOPE_BEGIN|[99]|key|String|false|false
13:55:46.0 (73492433)|VARIABLE_ASSIGNMENT|[99]|key|"personmobilephone"
13:55:46.0 (73495521)|STATEMENT_EXECUTE|[99]
13:55:46.0 (73496953)|STATEMENT_EXECUTE|[100]
13:55:46.0 (73660176)|HEAP_ALLOCATE|[100]|Bytes:8
13:55:46.0 (73669831)|VARIABLE_SCOPE_BEGIN|[100]|descField|Schema.DescribeFieldResult|true|false
13:55:46.0 (73727096)|VARIABLE_ASSIGNMENT|[100]|descField|"common.api.soap.wsdl.Field@c27765bd"|0x215c9306
13:55:46.0 (73737598)|HEAP_ALLOCATE|[103]|Bytes:17
13:55:46.0 (73754072)|STATEMENT_EXECUTE|[103]
13:55:46.0 (73763686)|HEAP_ALLOCATE|[99]|Bytes:5
13:55:46.0 (73773890)|VARIABLE_SCOPE_BEGIN|[99]|key|String|false|false
13:55:46.0 (73780993)|VARIABLE_ASSIGNMENT|[99]|key|"personhomephone"
13:55:46.0 (73784153)|STATEMENT_EXECUTE|[99]
13:55:46.0 (73785619)|STATEMENT_EXECUTE|[100]
13:55:46.0 (73942507)|HEAP_ALLOCATE|[100]|Bytes:8
13:55:46.0 (73952222)|VARIABLE_SCOPE_BEGIN|[100]|descField|Schema.DescribeFieldResult|true|false
13:55:46.0 (74009463)|VARIABLE_ASSIGNMENT|[100]|descField|"common.api.soap.wsdl.Field@6678ae7d"|0xdd44418
13:55:46.0 (74020662)|HEAP_ALLOCATE|[103]|Bytes:15
13:55:46.0 (74037359)|STATEMENT_EXECUTE|[103]
13:55:46.0 (74046990)|HEAP_ALLOCATE|[99]|Bytes:5
13:55:46.0 (74057438)|VARIABLE_SCOPE_BEGIN|[99]|key|String|false|false
13:55:46.0 (74064366)|VARIABLE_ASSIGNMENT|[99]|key|"personotherphone"
13:55:46.0 (74067418)|STATEMENT_EXECUTE|[99]
13:55:46.0 (74068907)|STATEMENT_EXECUTE|[100]
13:55:46.0 (74224564)|HEAP_ALLOCATE|[100]|Bytes:8
13:55:46.0 (74234240)|VARIABLE_SCOPE_BEGIN|[100]|descField|Schema.DescribeFieldResult|true|false
13:55:46.0 (74291870)|VARIABLE_ASSIGNMENT|[100]|descField|"common.api.soap.wsdl.Field@fc2f7939"|0x541f9e45
13:55:46.0 (74302146)|HEAP_ALLOCATE|[103]|Bytes:16
13:55:46.0 (74318527)|STATEMENT_EXECUTE|[103]
13:55:46.0 (74328209)|HEAP_ALLOCATE|[99]|Bytes:5
13:55:46.0 (74338473)|VARIABLE_SCOPE_BEGIN|[99]|key|String|false|false
13:55:46.0 (74345517)|VARIABLE_ASSIGNMENT|[99]|key|"personassistantphone"
13:55:46.0 (74348575)|STATEMENT_EXECUTE|[99]
13:55:46.0 (74350129)|STATEMENT_EXECUTE|[100]
13:55:46.0 (74506011)|HEAP_ALLOCATE|[100]|Bytes:8
13:55:46.0 (74515640)|VARIABLE_SCOPE_BEGIN|[100]|descField|Schema.DescribeFieldResult|true|false
13:55:46.0 (74577169)|VARIABLE_ASSIGNMENT|[100]|descField|"common.api.soap.wsdl.Field@61c0bdd0"|0x2cfc4164
13:55:46.0 (74587742)|HEAP_ALLOCATE|[103]|Bytes:20
13:55:46.0 (74604137)|STATEMENT_EXECUTE|[103]
13:55:46.0 (74613621)|HEAP_ALLOCATE|[99]|Bytes:5
13:55:46.0 (74623750)|VARIABLE_SCOPE_BEGIN|[99]|key|String|false|false
13:55:46.0 (74630518)|VARIABLE_ASSIGNMENT|[99]|key|"personemail"
13:55:46.0 (74633616)|STATEMENT_EXECUTE|[99]
13:55:46.0 (74635055)|STATEMENT_EXECUTE|[100]
13:55:46.0 (74789534)|HEAP_ALLOCATE|[100]|Bytes:8
13:55:46.0 (74799307)|VARIABLE_SCOPE_BEGIN|[100]|descField|Schema.DescribeFieldResult|true|false
13:55:46.0 (74857001)|VARIABLE_ASSIGNMENT|[100]|descField|"common.api.soap.wsdl.Field@4ad12f59"|0x29219ec1
13:55:46.0 (74867252)|HEAP_ALLOCATE|[103]|Bytes:11
13:55:46.0 (74883605)|STATEMENT_EXECUTE|[103]
13:55:46.0 (74893219)|HEAP_ALLOCATE|[99]|Bytes:5
13:55:46.0 (74903375)|VARIABLE_SCOPE_BEGIN|[99]|key|String|false|false
13:55:46.0 (74910300)|VARIABLE_ASSIGNMENT|[99]|key|"persontitle"
13:55:46.0 (74913383)|STATEMENT_EXECUTE|[99]
13:55:46.0 (74915121)|STATEMENT_EXECUTE|[100]
13:55:46.0 (75069251)|HEAP_ALLOCATE|[100]|Bytes:8
13:55:46.0 (75079583)|VARIABLE_SCOPE_BEGIN|[100]|descField|Schema.DescribeFieldResult|true|false
13:55:46.0 (75136814)|VARIABLE_ASSIGNMENT|[100]|descField|"common.api.soap.wsdl.Field@404f16e4"|0x6dfe4698
13:55:46.0 (75146953)|HEAP_ALLOCATE|[103]|Bytes:11
13:55:46.0 (75163297)|STATEMENT_EXECUTE|[103]
13:55:46.0 (75172886)|HEAP_ALLOCATE|[99]|Bytes:5
13:55:46.0 (75182969)|VARIABLE_SCOPE_BEGIN|[99]|key|String|false|false
13:55:46.0 (75189935)|VARIABLE_ASSIGNMENT|[99]|key|"persondepartment"
13:55:46.0 (75192989)|STATEMENT_EXECUTE|[99]
13:55:46.0 (75194498)|STATEMENT_EXECUTE|[100]
13:55:46.0 (75349023)|HEAP_ALLOCATE|[100]|Bytes:8
13:55:46.0 (75358600)|VARIABLE_SCOPE_BEGIN|[100]|descField|Schema.DescribeFieldResult|true|false
13:55:46.0 (75415741)|VARIABLE_ASSIGNMENT|[100]|descField|"common.api.soap.wsdl.Field@7e8d720e"|0x42ca1ce6
13:55:46.0 (75426143)|HEAP_ALLOCATE|[103]|Bytes:16
13:55:46.0 (75442916)|STATEMENT_EXECUTE|[103]
13:55:46.0 (75452964)|HEAP_ALLOCATE|[99]|Bytes:5
13:55:46.0 (75462990)|VARIABLE_SCOPE_BEGIN|[99]|key|String|false|false
13:55:46.0 (75469967)|VARIABLE_ASSIGNMENT|[99]|key|"personassistantname"
13:55:46.0 (75473065)|STATEMENT_EXECUTE|[99]
13:55:46.0 (75474486)|STATEMENT_EXECUTE|[100]
13:55:46.0 (75634944)|HEAP_ALLOCATE|[100]|Bytes:8
13:55:46.0 (75644626)|VARIABLE_SCOPE_BEGIN|[100]|descField|Schema.DescribeFieldResult|true|false
13:55:46.0 (75702590)|VARIABLE_ASSIGNMENT|[100]|descField|"common.api.soap.wsdl.Field@952ffd99"|0x6cb23508
13:55:46.0 (75712942)|HEAP_ALLOCATE|[103]|Bytes:19
13:55:46.0 (75729234)|STATEMENT_EXECUTE|[103]
13:55:46.0 (75739084)|HEAP_ALLOCATE|[99]|Bytes:5
13:55:46.0 (75749309)|VARIABLE_SCOPE_BEGIN|[99]|key|String|false|false
13:55:46.0 (75756330)|VARIABLE_ASSIGNMENT|[99]|key|"personleadsource"
13:55:46.0 (75759326)|STATEMENT_EXECUTE|[99]
13:55:46.0 (75760775)|STATEMENT_EXECUTE|[100]
13:55:46.0 (75914491)|HEAP_ALLOCATE|[100]|Bytes:8
13:55:46.0 (75924191)|VARIABLE_SCOPE_BEGIN|[100]|descField|Schema.DescribeFieldResult|true|false
13:55:46.0 (75982190)|VARIABLE_ASSIGNMENT|[100]|descField|"common.api.soap.wsdl.Field@a669cb38"|0x7966996b
13:55:46.0 (75992561)|HEAP_ALLOCATE|[103]|Bytes:16
13:55:46.0 (76008913)|STATEMENT_EXECUTE|[103]
13:55:46.0 (76019315)|HEAP_ALLOCATE|[99]|Bytes:5
13:55:46.0 (76029494)|VARIABLE_SCOPE_BEGIN|[99]|key|String|false|false
13:55:46.0 (76036629)|VARIABLE_ASSIGNMENT|[99]|key|"personbirthdate"
13:55:46.0 (76039770)|STATEMENT_EXECUTE|[99]
13:55:46.0 (76041283)|STATEMENT_EXECUTE|[100]
13:55:46.0 (76198141)|HEAP_ALLOCATE|[100]|Bytes:8
13:55:46.0 (76207800)|VARIABLE_SCOPE_BEGIN|[100]|descField|Schema.DescribeFieldResult|true|false
13:55:46.0 (76265582)|VARIABLE_ASSIGNMENT|[100]|descField|"common.api.soap.wsdl.Field@8a4e2e68"|0x4df01273
13:55:46.0 (76275829)|HEAP_ALLOCATE|[103]|Bytes:15
13:55:46.0 (76292129)|STATEMENT_EXECUTE|[103]
13:55:46.0 (76301716)|HEAP_ALLOCATE|[99]|Bytes:5
13:55:46.0 (76311805)|VARIABLE_SCOPE_BEGIN|[99]|key|String|false|false
13:55:46.0 (76320571)|VARIABLE_ASSIGNMENT|[99]|key|"personhasoptedoutofe (4 more) ..."
13:55:46.0 (76323980)|STATEMENT_EXECUTE|[99]
13:55:46.0 (76325451)|STATEMENT_EXECUTE|[100]
13:55:46.0 (76460671)|HEAP_ALLOCATE|[100]|Bytes:8
13:55:46.0 (76470254)|VARIABLE_SCOPE_BEGIN|[100]|descField|Schema.DescribeFieldResult|true|false
13:55:46.0 (76527824)|VARIABLE_ASSIGNMENT|[100]|descField|"common.api.soap.wsdl.Field@84650a0e"|0x5d26cf2f
13:55:46.0 (76538115)|HEAP_ALLOCATE|[103]|Bytes:24
13:55:46.0 (76558949)|STATEMENT_EXECUTE|[103]
13:55:46.0 (76568836)|HEAP_ALLOCATE|[99]|Bytes:5
13:55:46.0 (76579072)|VARIABLE_SCOPE_BEGIN|[99]|key|String|false|false
13:55:46.0 (76587445)|VARIABLE_ASSIGNMENT|[99]|key|"personhasoptedoutoff (2 more) ..."
13:55:46.0 (76590694)|STATEMENT_EXECUTE|[99]
13:55:46.0 (76592149)|STATEMENT_EXECUTE|[100]
13:55:46.0 (76728661)|HEAP_ALLOCATE|[100]|Bytes:8
13:55:46.0 (76738196)|VARIABLE_SCOPE_BEGIN|[100]|descField|Schema.DescribeFieldResult|true|false
13:55:46.0 (76795858)|VARIABLE_ASSIGNMENT|[100]|descField|"common.api.soap.wsdl.Field@b76fef0c"|0xd718b6d
13:55:46.0 (76806432)|HEAP_ALLOCATE|[103]|Bytes:22
13:55:46.0 (76822764)|STATEMENT_EXECUTE|[103]
13:55:46.0 (76832439)|HEAP_ALLOCATE|[99]|Bytes:5
13:55:46.0 (76842573)|VARIABLE_SCOPE_BEGIN|[99]|key|String|false|false
13:55:46.0 (76849744)|VARIABLE_ASSIGNMENT|[99]|key|"persondonotcall"
13:55:46.0 (76852734)|STATEMENT_EXECUTE|[99]
13:55:46.0 (76854186)|STATEMENT_EXECUTE|[100]
13:55:46.0 (76990444)|HEAP_ALLOCATE|[100]|Bytes:8
13:55:46.0 (77000073)|VARIABLE_SCOPE_BEGIN|[100]|descField|Schema.DescribeFieldResult|true|false
13:55:46.0 (77059009)|VARIABLE_ASSIGNMENT|[100]|descField|"common.api.soap.wsdl.Field@231827f2"|0x1abe8f1
13:55:46.0 (77069358)|HEAP_ALLOCATE|[103]|Bytes:15
13:55:46.0 (77085828)|STATEMENT_EXECUTE|[103]
13:55:46.0 (77095481)|HEAP_ALLOCATE|[99]|Bytes:5
13:55:46.0 (77105551)|VARIABLE_SCOPE_BEGIN|[99]|key|String|false|false
13:55:46.0 (77113911)|VARIABLE_ASSIGNMENT|[99]|key|"personlastcurequestd (3 more) ..."
13:55:46.0 (77117283)|STATEMENT_EXECUTE|[99]
13:55:46.0 (77119129)|STATEMENT_EXECUTE|[100]
13:55:46.0 (77242192)|HEAP_ALLOCATE|[100]|Bytes:8
13:55:46.0 (77251729)|VARIABLE_SCOPE_BEGIN|[100]|descField|Schema.DescribeFieldResult|true|false
13:55:46.0 (77309233)|VARIABLE_ASSIGNMENT|[100]|descField|"common.api.soap.wsdl.Field@35290e51"|0x226a74d1
13:55:46.0 (77319681)|HEAP_ALLOCATE|[103]|Bytes:23
13:55:46.0 (77336037)|STATEMENT_EXECUTE|[103]
13:55:46.0 (77345684)|HEAP_ALLOCATE|[99]|Bytes:5
13:55:46.0 (77355730)|VARIABLE_SCOPE_BEGIN|[99]|key|String|false|false
13:55:46.0 (77363693)|VARIABLE_ASSIGNMENT|[99]|key|"personlastcuupdateda (2 more) ..."
13:55:46.0 (77366912)|STATEMENT_EXECUTE|[99]
13:55:46.0 (77368486)|STATEMENT_EXECUTE|[100]
13:55:46.0 (77488401)|HEAP_ALLOCATE|[100]|Bytes:8
13:55:46.0 (77497835)|VARIABLE_SCOPE_BEGIN|[100]|descField|Schema.DescribeFieldResult|true|false
13:55:46.0 (77559696)|VARIABLE_ASSIGNMENT|[100]|descField|"common.api.soap.wsdl.Field@1f2df08e"|0x7028640f
13:55:46.0 (77570199)|HEAP_ALLOCATE|[103]|Bytes:22
13:55:46.0 (77587089)|STATEMENT_EXECUTE|[103]
13:55:46.0 (77596744)|HEAP_ALLOCATE|[99]|Bytes:5
13:55:46.0 (77606819)|VARIABLE_SCOPE_BEGIN|[99]|key|String|false|false
13:55:46.0 (77615037)|VARIABLE_ASSIGNMENT|[99]|key|"personemailbouncedre (4 more) ..."
13:55:46.0 (77618176)|STATEMENT_EXECUTE|[99]
13:55:46.0 (77619663)|STATEMENT_EXECUTE|[100]
13:55:46.0 (77749588)|HEAP_ALLOCATE|[100]|Bytes:8
13:55:46.0 (77759277)|VARIABLE_SCOPE_BEGIN|[100]|descField|Schema.DescribeFieldResult|true|false
13:55:46.0 (77816423)|VARIABLE_ASSIGNMENT|[100]|descField|"common.api.soap.wsdl.Field@4d93b1e"|0x442992f6
13:55:46.0 (77826852)|HEAP_ALLOCATE|[103]|Bytes:24
13:55:46.0 (77843183)|STATEMENT_EXECUTE|[103]
13:55:46.0 (77853046)|HEAP_ALLOCATE|[99]|Bytes:5
13:55:46.0 (77863088)|VARIABLE_SCOPE_BEGIN|[99]|key|String|false|false
13:55:46.0 (77871027)|VARIABLE_ASSIGNMENT|[99]|key|"personemailbouncedda (2 more) ..."
13:55:46.0 (77874200)|STATEMENT_EXECUTE|[99]
13:55:46.0 (77875661)|STATEMENT_EXECUTE|[100]
13:55:46.0 (78005131)|HEAP_ALLOCATE|[100]|Bytes:8
13:55:46.0 (78015730)|VARIABLE_SCOPE_BEGIN|[100]|descField|Schema.DescribeFieldResult|true|false
13:55:46.0 (78073467)|VARIABLE_ASSIGNMENT|[100]|descField|"common.api.soap.wsdl.Field@c89214b7"|0x4ed08b45
13:55:46.0 (78083792)|HEAP_ALLOCATE|[103]|Bytes:22
13:55:46.0 (78100187)|STATEMENT_EXECUTE|[103]
13:55:46.0 (78110048)|HEAP_ALLOCATE|[99]|Bytes:5
13:55:46.0 (78120101)|VARIABLE_SCOPE_BEGIN|[99]|key|String|false|false
13:55:46.0 (78126878)|VARIABLE_ASSIGNMENT|[99]|key|"jigsaw"
13:55:46.0 (78130034)|STATEMENT_EXECUTE|[99]
13:55:46.0 (78131516)|STATEMENT_EXECUTE|[100]
13:55:46.0 (78280642)|HEAP_ALLOCATE|[100]|Bytes:8
13:55:46.0 (78290413)|VARIABLE_SCOPE_BEGIN|[100]|descField|Schema.DescribeFieldResult|true|false
13:55:46.0 (78348338)|VARIABLE_ASSIGNMENT|[100]|descField|"common.api.soap.wsdl.Field@21e42a52"|0x6294236c
13:55:46.0 (78358602)|HEAP_ALLOCATE|[103]|Bytes:6
13:55:46.0 (78374986)|STATEMENT_EXECUTE|[103]
13:55:46.0 (78384680)|HEAP_ALLOCATE|[99]|Bytes:5
13:55:46.0 (78394700)|VARIABLE_SCOPE_BEGIN|[99]|key|String|false|false
13:55:46.0 (78402418)|VARIABLE_ASSIGNMENT|[99]|key|"jigsawcompanyid"
13:55:46.0 (78405424)|STATEMENT_EXECUTE|[99]
13:55:46.0 (78406858)|STATEMENT_EXECUTE|[100]
13:55:46.0 (78528651)|HEAP_ALLOCATE|[100]|Bytes:8
13:55:46.0 (78538200)|VARIABLE_SCOPE_BEGIN|[100]|descField|Schema.DescribeFieldResult|true|false
13:55:46.0 (78601316)|VARIABLE_ASSIGNMENT|[100]|descField|"common.api.soap.wsdl.Field@eedc3b21"|0xc1f026f
13:55:46.0 (78611878)|HEAP_ALLOCATE|[103]|Bytes:15
13:55:46.0 (78628235)|STATEMENT_EXECUTE|[103]
13:55:46.0 (78637915)|HEAP_ALLOCATE|[99]|Bytes:5
13:55:46.0 (78648074)|VARIABLE_SCOPE_BEGIN|[99]|key|String|false|false
13:55:46.0 (78654881)|VARIABLE_ASSIGNMENT|[99]|key|"accountsource"
13:55:46.0 (78658095)|STATEMENT_EXECUTE|[99]
13:55:46.0 (78659585)|STATEMENT_EXECUTE|[100]
13:55:46.0 (78803547)|HEAP_ALLOCATE|[100]|Bytes:8
13:55:46.0 (78813012)|VARIABLE_SCOPE_BEGIN|[100]|descField|Schema.DescribeFieldResult|true|false
13:55:46.0 (78870725)|VARIABLE_ASSIGNMENT|[100]|descField|"common.api.soap.wsdl.Field@73f85248"|0x4286b7ac
13:55:46.0 (78881369)|HEAP_ALLOCATE|[103]|Bytes:13
13:55:46.0 (78897656)|STATEMENT_EXECUTE|[103]
13:55:46.0 (78907229)|HEAP_ALLOCATE|[99]|Bytes:5
13:55:46.0 (78917212)|VARIABLE_SCOPE_BEGIN|[99]|key|String|false|false
13:55:46.0 (78923951)|VARIABLE_ASSIGNMENT|[99]|key|"dunsnumber"
13:55:46.0 (78927183)|STATEMENT_EXECUTE|[99]
13:55:46.0 (78928652)|STATEMENT_EXECUTE|[100]
13:55:46.0 (79072661)|HEAP_ALLOCATE|[100]|Bytes:8
13:55:46.0 (79083124)|VARIABLE_SCOPE_BEGIN|[100]|descField|Schema.DescribeFieldResult|true|false
13:55:46.0 (79140863)|VARIABLE_ASSIGNMENT|[100]|descField|"common.api.soap.wsdl.Field@26f739"|0x45826574
13:55:46.0 (79151189)|HEAP_ALLOCATE|[103]|Bytes:10
13:55:46.0 (79167534)|STATEMENT_EXECUTE|[103]
13:55:46.0 (79177189)|HEAP_ALLOCATE|[99]|Bytes:5
13:55:46.0 (79187290)|VARIABLE_SCOPE_BEGIN|[99]|key|String|false|false
13:55:46.0 (79194139)|VARIABLE_ASSIGNMENT|[99]|key|"tradestyle"
13:55:46.0 (79197188)|STATEMENT_EXECUTE|[99]
13:55:46.0 (79198748)|STATEMENT_EXECUTE|[100]
13:55:46.0 (79342988)|HEAP_ALLOCATE|[100]|Bytes:8
13:55:46.0 (79352489)|VARIABLE_SCOPE_BEGIN|[100]|descField|Schema.DescribeFieldResult|true|false
13:55:46.0 (79412671)|VARIABLE_ASSIGNMENT|[100]|descField|"common.api.soap.wsdl.Field@c2f5453c"|0x4c401ff6
13:55:46.0 (79423065)|HEAP_ALLOCATE|[103]|Bytes:10
13:55:46.0 (79439461)|STATEMENT_EXECUTE|[103]
13:55:46.0 (79449099)|HEAP_ALLOCATE|[99]|Bytes:5
13:55:46.0 (79459037)|VARIABLE_SCOPE_BEGIN|[99]|key|String|false|false
13:55:46.0 (79465846)|VARIABLE_ASSIGNMENT|[99]|key|"naicscode"
13:55:46.0 (79468869)|STATEMENT_EXECUTE|[99]
13:55:46.0 (79470383)|STATEMENT_EXECUTE|[100]
13:55:46.0 (79620409)|HEAP_ALLOCATE|[100]|Bytes:8
13:55:46.0 (79630054)|VARIABLE_SCOPE_BEGIN|[100]|descField|Schema.DescribeFieldResult|true|false
13:55:46.0 (79687571)|VARIABLE_ASSIGNMENT|[100]|descField|"common.api.soap.wsdl.Field@fca75c72"|0x2aab181e
13:55:46.0 (79697725)|HEAP_ALLOCATE|[103]|Bytes:9
13:55:46.0 (79714109)|STATEMENT_EXECUTE|[103]
13:55:46.0 (79723924)|HEAP_ALLOCATE|[99]|Bytes:5
13:55:46.0 (79734373)|VARIABLE_SCOPE_BEGIN|[99]|key|String|false|false
13:55:46.0 (79741138)|VARIABLE_ASSIGNMENT|[99]|key|"naicsdesc"
13:55:46.0 (79744110)|STATEMENT_EXECUTE|[99]
13:55:46.0 (79745597)|STATEMENT_EXECUTE|[100]
13:55:46.0 (79888079)|HEAP_ALLOCATE|[100]|Bytes:8
13:55:46.0 (79897568)|VARIABLE_SCOPE_BEGIN|[100]|descField|Schema.DescribeFieldResult|true|false
13:55:46.0 (79958346)|VARIABLE_ASSIGNMENT|[100]|descField|"common.api.soap.wsdl.Field@5631ff46"|0x2f77f1
13:55:46.0 (79968841)|HEAP_ALLOCATE|[103]|Bytes:9
13:55:46.0 (79985158)|STATEMENT_EXECUTE|[103]
13:55:46.0 (79995008)|HEAP_ALLOCATE|[99]|Bytes:5
13:55:46.0 (80005112)|VARIABLE_SCOPE_BEGIN|[99]|key|String|false|false
13:55:46.0 (80012783)|VARIABLE_ASSIGNMENT|[99]|key|"yearstarted"
13:55:46.0 (80015946)|STATEMENT_EXECUTE|[99]
13:55:46.0 (80017427)|STATEMENT_EXECUTE|[100]
13:55:46.0 (80160671)|HEAP_ALLOCATE|[100]|Bytes:8
13:55:46.0 (80170274)|VARIABLE_SCOPE_BEGIN|[100]|descField|Schema.DescribeFieldResult|true|false
13:55:46.0 (80227997)|VARIABLE_ASSIGNMENT|[100]|descField|"common.api.soap.wsdl.Field@4b889477"|0x548ccb84
13:55:46.0 (80238273)|HEAP_ALLOCATE|[103]|Bytes:11
13:55:46.0 (80254537)|STATEMENT_EXECUTE|[103]
13:55:46.0 (80264275)|HEAP_ALLOCATE|[99]|Bytes:5
13:55:46.0 (80274321)|VARIABLE_SCOPE_BEGIN|[99]|key|String|false|false
13:55:46.0 (80281200)|VARIABLE_ASSIGNMENT|[99]|key|"sicdesc"
13:55:46.0 (80284251)|STATEMENT_EXECUTE|[99]
13:55:46.0 (80285793)|STATEMENT_EXECUTE|[100]
13:55:46.0 (80428846)|HEAP_ALLOCATE|[100]|Bytes:8
13:55:46.0 (80438372)|VARIABLE_SCOPE_BEGIN|[100]|descField|Schema.DescribeFieldResult|true|false
13:55:46.0 (80495900)|VARIABLE_ASSIGNMENT|[100]|descField|"common.api.soap.wsdl.Field@80a8fb3a"|0x343c363e
13:55:46.0 (80508213)|HEAP_ALLOCATE|[103]|Bytes:7
13:55:46.0 (80525537)|STATEMENT_EXECUTE|[103]
13:55:46.0 (80535243)|HEAP_ALLOCATE|[99]|Bytes:5
13:55:46.0 (80549883)|VARIABLE_SCOPE_BEGIN|[99]|key|String|false|false
13:55:46.0 (80557265)|VARIABLE_ASSIGNMENT|[99]|key|"dandbcompanyid"
13:55:46.0 (80560569)|STATEMENT_EXECUTE|[99]
13:55:46.0 (80562521)|STATEMENT_EXECUTE|[100]
13:55:46.0 (80765385)|HEAP_ALLOCATE|[100]|Bytes:8
13:55:46.0 (80775034)|VARIABLE_SCOPE_BEGIN|[100]|descField|Schema.DescribeFieldResult|true|false
13:55:46.0 (80833252)|VARIABLE_ASSIGNMENT|[100]|descField|"common.api.soap.wsdl.Field@34bbe03b"|0x2354574
13:55:46.0 (80843777)|HEAP_ALLOCATE|[103]|Bytes:14
13:55:46.0 (80860299)|STATEMENT_EXECUTE|[103]
13:55:46.0 (80869929)|HEAP_ALLOCATE|[99]|Bytes:5
13:55:46.0 (80880091)|VARIABLE_SCOPE_BEGIN|[99]|key|String|false|false
13:55:46.0 (80888249)|VARIABLE_ASSIGNMENT|[99]|key|"permanent_partner_ma (8 more) ..."
13:55:46.0 (80891657)|STATEMENT_EXECUTE|[99]
13:55:46.0 (80893132)|STATEMENT_EXECUTE|[100]
13:55:46.0 (81052089)|HEAP_ALLOCATE|[100]|Bytes:8
13:55:46.0 (81062749)|VARIABLE_SCOPE_BEGIN|[100]|descField|Schema.DescribeFieldResult|true|false
13:55:46.0 (81121282)|VARIABLE_ASSIGNMENT|[100]|descField|"common.api.soap.wsdl.Field@5aab572a"|0x2b93745
13:55:46.0 (81131672)|HEAP_ALLOCATE|[103]|Bytes:28
13:55:46.0 (81148465)|STATEMENT_EXECUTE|[103]
13:55:46.0 (81158237)|HEAP_ALLOCATE|[99]|Bytes:5
13:55:46.0 (81168388)|VARIABLE_SCOPE_BEGIN|[99]|key|String|false|false
13:55:46.0 (81175379)|VARIABLE_ASSIGNMENT|[99]|key|"partner_manager__c"
13:55:46.0 (81178439)|STATEMENT_EXECUTE|[99]
13:55:46.0 (81179899)|STATEMENT_EXECUTE|[100]
13:55:46.0 (81367928)|HEAP_ALLOCATE|[100]|Bytes:8
13:55:46.0 (81377738)|VARIABLE_SCOPE_BEGIN|[100]|descField|Schema.DescribeFieldResult|true|false
13:55:46.0 (81436985)|VARIABLE_ASSIGNMENT|[100]|descField|"common.api.soap.wsdl.Field@9d1226a2"|0xe82a3ea
13:55:46.0 (81447437)|HEAP_ALLOCATE|[103]|Bytes:18
13:55:46.0 (81464042)|STATEMENT_EXECUTE|[103]
13:55:46.0 (81473693)|HEAP_ALLOCATE|[99]|Bytes:5
13:55:46.0 (81483912)|VARIABLE_SCOPE_BEGIN|[99]|key|String|false|false
13:55:46.0 (81490820)|VARIABLE_ASSIGNMENT|[99]|key|"id__c"
13:55:46.0 (81493948)|STATEMENT_EXECUTE|[99]
13:55:46.0 (81495529)|STATEMENT_EXECUTE|[100]
13:55:46.0 (81638973)|HEAP_ALLOCATE|[100]|Bytes:8
13:55:46.0 (81648674)|VARIABLE_SCOPE_BEGIN|[100]|descField|Schema.DescribeFieldResult|true|false
13:55:46.0 (81706639)|VARIABLE_ASSIGNMENT|[100]|descField|"common.api.soap.wsdl.Field@fce465dd"|0x68a5d9d2
13:55:46.0 (81716849)|HEAP_ALLOCATE|[103]|Bytes:5
13:55:46.0 (81733246)|STATEMENT_EXECUTE|[103]
13:55:46.0 (81743088)|HEAP_ALLOCATE|[99]|Bytes:5
13:55:46.0 (81753129)|VARIABLE_SCOPE_BEGIN|[99]|key|String|false|false
13:55:46.0 (81760403)|VARIABLE_ASSIGNMENT|[99]|key|"external_id__c"
13:55:46.0 (81763516)|STATEMENT_EXECUTE|[99]
13:55:46.0 (81765009)|STATEMENT_EXECUTE|[100]
13:55:46.0 (81904191)|HEAP_ALLOCATE|[100]|Bytes:8
13:55:46.0 (81913850)|VARIABLE_SCOPE_BEGIN|[100]|descField|Schema.DescribeFieldResult|true|false
13:55:46.0 (81971961)|VARIABLE_ASSIGNMENT|[100]|descField|"common.api.soap.wsdl.Field@f8474892"|0x4b207172
13:55:46.0 (81982417)|HEAP_ALLOCATE|[103]|Bytes:14
13:55:46.0 (81999006)|STATEMENT_EXECUTE|[103]
13:55:46.0 (82008602)|HEAP_ALLOCATE|[99]|Bytes:5
13:55:46.0 (82019628)|VARIABLE_SCOPE_BEGIN|[99]|key|String|false|false
13:55:46.0 (82028454)|VARIABLE_ASSIGNMENT|[99]|key|"open_opportunities__ (1 more) ..."
13:55:46.0 (82031754)|STATEMENT_EXECUTE|[99]
13:55:46.0 (82033132)|STATEMENT_EXECUTE|[100]
13:55:46.0 (82154298)|HEAP_ALLOCATE|[100]|Bytes:8
13:55:46.0 (82163906)|VARIABLE_SCOPE_BEGIN|[100]|descField|Schema.DescribeFieldResult|true|false
13:55:46.0 (82221507)|VARIABLE_ASSIGNMENT|[100]|descField|"common.api.soap.wsdl.Field@53b9db1e"|0x7f4706de
13:55:46.0 (82231843)|HEAP_ALLOCATE|[103]|Bytes:21
13:55:46.0 (82248301)|STATEMENT_EXECUTE|[103]
13:55:46.0 (82257907)|HEAP_ALLOCATE|[99]|Bytes:5
13:55:46.0 (82268006)|VARIABLE_SCOPE_BEGIN|[99]|key|String|false|false
13:55:46.0 (82276321)|VARIABLE_ASSIGNMENT|[99]|key|"open_opportunities_v (7 more) ..."
13:55:46.0 (82279575)|STATEMENT_EXECUTE|[99]
13:55:46.0 (82281067)|STATEMENT_EXECUTE|[100]
13:55:46.0 (82399855)|HEAP_ALLOCATE|[100]|Bytes:8
13:55:46.0 (82409405)|VARIABLE_SCOPE_BEGIN|[100]|descField|Schema.DescribeFieldResult|true|false
13:55:46.0 (82467096)|VARIABLE_ASSIGNMENT|[100]|descField|"common.api.soap.wsdl.Field@939fbcb0"|0x7bc08e9e
13:55:46.0 (82477627)|HEAP_ALLOCATE|[103]|Bytes:27
13:55:46.0 (82494100)|STATEMENT_EXECUTE|[103]
13:55:46.0 (82503612)|HEAP_ALLOCATE|[99]|Bytes:5
13:55:46.0 (82513672)|VARIABLE_SCOPE_BEGIN|[99]|key|String|false|false
13:55:46.0 (82520919)|VARIABLE_ASSIGNMENT|[99]|key|"rating_indicator__c"
13:55:46.0 (82524051)|STATEMENT_EXECUTE|[99]
13:55:46.0 (82525480)|STATEMENT_EXECUTE|[100]
13:55:46.0 (83176577)|HEAP_ALLOCATE|[100]|Bytes:8
13:55:46.0 (83187884)|VARIABLE_SCOPE_BEGIN|[100]|descField|Schema.DescribeFieldResult|true|false
13:55:46.0 (83247956)|VARIABLE_ASSIGNMENT|[100]|descField|"common.api.soap.wsdl.Field@65c9bceb"|0x36dd9e85
13:55:46.0 (83258883)|HEAP_ALLOCATE|[103]|Bytes:19
13:55:46.0 (83276312)|STATEMENT_EXECUTE|[103]
13:55:46.0 (83286676)|HEAP_ALLOCATE|[99]|Bytes:5
13:55:46.0 (83297392)|VARIABLE_SCOPE_BEGIN|[99]|key|String|false|false
13:55:46.0 (83304994)|VARIABLE_ASSIGNMENT|[99]|key|"external_id__pc"
13:55:46.0 (83308091)|STATEMENT_EXECUTE|[99]
13:55:46.0 (83309956)|STATEMENT_EXECUTE|[100]
13:55:46.0 (83828928)|HEAP_ALLOCATE|[100]|Bytes:8
13:55:46.0 (83839191)|VARIABLE_SCOPE_BEGIN|[100]|descField|Schema.DescribeFieldResult|true|false
13:55:46.0 (83899126)|VARIABLE_ASSIGNMENT|[100]|descField|"common.api.soap.wsdl.Field@3bd67c49"|0x1b0e3d7b
13:55:46.0 (83909947)|HEAP_ALLOCATE|[103]|Bytes:15
13:55:46.0 (83927072)|STATEMENT_EXECUTE|[103]
13:55:46.0 (83937249)|HEAP_ALLOCATE|[99]|Bytes:5
13:55:46.0 (83947858)|VARIABLE_SCOPE_BEGIN|[99]|key|String|false|false
13:55:46.0 (83956514)|VARIABLE_ASSIGNMENT|[99]|key|"activeliveagentuser_ (3 more) ..."
13:55:46.0 (83959792)|STATEMENT_EXECUTE|[99]
13:55:46.0 (83961295)|STATEMENT_EXECUTE|[100]
13:55:46.0 (84099235)|HEAP_ALLOCATE|[100]|Bytes:8
13:55:46.0 (84109739)|VARIABLE_SCOPE_BEGIN|[100]|descField|Schema.DescribeFieldResult|true|false
13:55:46.0 (84170748)|VARIABLE_ASSIGNMENT|[100]|descField|"common.api.soap.wsdl.Field@537f5697"|0x431a7b7d
13:55:46.0 (84181547)|HEAP_ALLOCATE|[103]|Bytes:23
13:55:46.0 (84198381)|STATEMENT_EXECUTE|[103]
13:55:46.0 (84208352)|HEAP_ALLOCATE|[99]|Bytes:5
13:55:46.0 (84219120)|VARIABLE_ASSIGNMENT|[99]|key|null
13:55:46.0 (84223175)|STATEMENT_EXECUTE|[117]
13:55:46.0 (84224755)|STATEMENT_EXECUTE|[118]
13:55:46.0 (84260390)|HEAP_ALLOCATE|[EXTERNAL]|Bytes:4
13:55:46.0 (84277107)|HEAP_ALLOCATE|[91]|Bytes:5
13:55:46.0 (84288530)|VARIABLE_ASSIGNMENT|[91]|o|null|
13:55:46.0 (84292433)|STATEMENT_EXECUTE|[122]
13:55:46.0 (84369947)|DML_BEGIN|[122]|Op:Update|Type:SObject|Rows:1
13:55:46.0 (84398945)|HEAP_ALLOCATE|[EXTERNAL]|Bytes:8
13:55:46.0 (106373809)|CODE_UNIT_STARTED|[EXTERNAL]|DuplicateDetector
13:55:46.0 (106394161)|DUPLICATE_DETECTION_BEGIN
13:55:46.0 (110520868)|DUPLICATE_DETECTION_RULE_INVOCATION|DuplicateRuleId:0Bm36000000pmhL|DuplicateRuleName:Standard Account duplicate rule|DmlType:UPDATE
13:55:46.0 (110530145)|DUPLICATE_DETECTION_END
13:55:46.0 (110574026)|CODE_UNIT_FINISHED|DuplicateDetector
13:55:46.0 (166437609)|DML_END|[122]
13:55:46.0 (166576964)|HEAP_ALLOCATE|[EXTERNAL]|Bytes:8
13:55:46.0 (166625334)|METHOD_EXIT|[65]|01p360000053CeU|CellCrud.supdate(List<SObject>, Boolean)
13:55:46.0 (166637902)|METHOD_EXIT|[20]|01p360000053CeU|CellCrud.supdate(List<SObject>)
13:55:46.0 (166654973)|SYSTEM_MODE_EXIT|false
13:55:46.0 (176708467)|CODE_UNIT_STARTED|[EXTERNAL]|DuplicateDetector
13:55:46.0 (176723239)|DUPLICATE_DETECTION_BEGIN
13:55:46.0 (176779486)|DUPLICATE_DETECTION_RULE_INVOCATION|DuplicateRuleId:0Bm36000000pmhL|DuplicateRuleName:Standard Account duplicate rule|DmlType:UPDATE
13:55:46.0 (226425273)|DUPLICATE_DETECTION_END
13:55:46.0 (226474028)|CODE_UNIT_FINISHED|DuplicateDetector
13:55:46.226 (226519620)|CUMULATIVE_LIMIT_USAGE
13:55:46.226 (226519620)|LIMIT_USAGE_FOR_NS|(default)|
  Number of SOQL queries: 0 out of 100
  Number of query rows: 0 out of 50000
  Number of SOSL queries: 0 out of 20
  Number of DML statements: 1 out of 150
  Number of DML rows: 1 out of 10000
  Maximum CPU time: 0 out of 10000
  Maximum heap size: 0 out of 6000000
  Number of callouts: 0 out of 100
  Number of Email Invocations: 0 out of 10
  Number of future calls: 0 out of 50
  Number of queueable jobs added to the queue: 0 out of 50
  Number of Mobile Apex push calls: 0 out of 10

13:55:46.226 (226519620)|CUMULATIVE_LIMIT_USAGE_END

13:55:46.0 (226582405)|CODE_UNIT_FINISHED|CellController.forceUpdate
