36.0 APEX_CODE,FINEST;APEX_PROFILING,INFO;CALLOUT,INFO;DB,INFO;SYSTEM,DEBUG;VALIDATION,INFO;VISUALFORCE,INFO;WORKFLOW,INFO
14:04:34.0 (471267)|EXECUTION_STARTED
14:04:34.0 (512050)|CODE_UNIT_STARTED|[EXTERNAL]|01p360000052k4g|AccountGeoExtension.getLocalAccounts
14:04:34.0 (814845)|HEAP_ALLOCATE|[72]|Bytes:3
14:04:34.0 (885265)|HEAP_ALLOCATE|[77]|Bytes:152
14:04:34.0 (903197)|HEAP_ALLOCATE|[342]|Bytes:408
14:04:34.0 (920756)|HEAP_ALLOCATE|[355]|Bytes:408
14:04:34.0 (937029)|HEAP_ALLOCATE|[467]|Bytes:48
14:04:34.0 (966843)|HEAP_ALLOCATE|[139]|Bytes:6
14:04:34.0 (995551)|HEAP_ALLOCATE|[EXTERNAL]|Bytes:1
14:04:34.0 (1000784)|HEAP_ALLOCATE|[EXTERNAL]|Bytes:4
14:04:34.0 (1012812)|METHOD_ENTRY|[1]|01p360000052k4g|AccountGeoExtension.AccountGeoExtension()
14:04:34.0 (1049637)|STATEMENT_EXECUTE|[1]
14:04:34.0 (1060401)|STATEMENT_EXECUTE|[1]
14:04:34.0 (1065535)|METHOD_EXIT|[1]|AccountGeoExtension
14:04:34.0 (1090873)|HEAP_ALLOCATE|[EXTERNAL]|Bytes:28
14:04:34.0 (1094409)|HEAP_ALLOCATE|[EXTERNAL]|Bytes:28
14:04:34.0 (1096525)|HEAP_ALLOCATE|[EXTERNAL]|Bytes:28
14:04:34.0 (1109491)|SYSTEM_MODE_ENTER|false
14:04:34.0 (1125392)|VARIABLE_SCOPE_BEGIN|[5]|latitude|Double|false|false
14:04:34.0 (1164978)|VARIABLE_ASSIGNMENT|[5]|latitude|33.849145
14:04:34.0 (1169875)|VARIABLE_SCOPE_BEGIN|[5]|longitude|Double|false|false
14:04:34.0 (1174335)|VARIABLE_ASSIGNMENT|[5]|longitude|-84.3620913
14:04:34.0 (1177316)|VARIABLE_SCOPE_BEGIN|[5]|maxDistance|Double|false|false
14:04:34.0 (1182067)|VARIABLE_ASSIGNMENT|[5]|maxDistance|40
14:04:34.0 (1197468)|STATEMENT_EXECUTE|[5]
14:04:34.0 (42625846)|HEAP_DUMP|[6]|07n36000000PCE5|AccountGeoExtension|none|6
14:04:34.0 (42643488)|STATEMENT_EXECUTE|[6]
14:04:34.0 (42667588)|HEAP_ALLOCATE|[6]|Bytes:24
14:04:34.0 (42839435)|HEAP_ALLOCATE|[6]|Bytes:9
14:04:34.0 (42855852)|HEAP_ALLOCATE|[6]|Bytes:12
14:04:34.0 (42893652)|HEAP_ALLOCATE|[6]|Bytes:11
14:04:34.0 (42910019)|HEAP_ALLOCATE|[6]|Bytes:11
14:04:34.0 (42927203)|HEAP_ALLOCATE|[6]|Bytes:2
14:04:34.0 (42955017)|HEAP_ALLOCATE|[6]|Bytes:69
14:04:34.0 (43034935)|HEAP_ALLOCATE|[50]|Bytes:5
14:04:34.0 (43085991)|HEAP_ALLOCATE|[56]|Bytes:5
14:04:34.0 (43105094)|HEAP_ALLOCATE|[64]|Bytes:7
14:04:34.0 (43196736)|USER_DEBUG|[6]|DEBUG|searching for latitude: 33.849145 longitude: -84.3620913 distance: 40
14:04:34.0 (43220309)|STATEMENT_EXECUTE|[7]
14:04:34.0 (43227906)|HEAP_ALLOCATE|[7]|Bytes:317
14:04:34.0 (43260883)|HEAP_ALLOCATE|[7]|Bytes:4
14:04:34.0 (43282589)|HEAP_ALLOCATE|[7]|Bytes:7
14:04:34.0 (43361189)|HEAP_ALLOCATE|[7]|Bytes:28
14:04:34.0 (43377739)|HEAP_ALLOCATE|[7]|Bytes:7
14:04:34.0 (43397767)|HEAP_ALLOCATE|[7]|Bytes:28
14:04:34.0 (43423462)|HEAP_ALLOCATE|[7]|Bytes:7
14:04:34.0 (43443719)|HEAP_ALLOCATE|[7]|Bytes:28
14:04:34.0 (43452517)|HEAP_ALLOCATE|[7]|Bytes:7
14:04:34.0 (43470312)|HEAP_ALLOCATE|[7]|Bytes:28
14:04:34.0 (43479212)|HEAP_ALLOCATE|[7]|Bytes:7
14:04:34.0 (43496452)|HEAP_ALLOCATE|[7]|Bytes:28
14:04:34.0 (48368872)|SOQL_EXECUTE_BEGIN|[7]|Aggregations:0|SELECT Name, Id, Owner.FirstName, Owner.LastName, Permanent_Partner_Manager__c, Partner_Manager__c, BillingLatitude, BillingLongitude FROM Account WHERE DISTANCE(BillingAddress, GEOLOCATION(:tmpVar1, :tmpVar2), 'mi') < :tmpVar3 ORDER BY  distance(BillingAddress, geolocation( :tmpVar4, :tmpVar5),'mi') ASC NULLS FIRST
14:04:34.0 (81262350)|SOQL_EXECUTE_END|[7]|Rows:1
14:04:34.0 (81288690)|HEAP_ALLOCATE|[7]|Bytes:8
14:04:34.0 (81321041)|HEAP_ALLOCATE|[7]|Bytes:349
14:04:34.0 (81395265)|HEAP_ALLOCATE|[7]|Bytes:8
14:04:34.0 (81419541)|VARIABLE_SCOPE_BEGIN|[7]|localAccounts|List<Account>|true|false
14:04:34.0 (81495285)|VARIABLE_ASSIGNMENT|[7]|localAccounts|{"s":1,"v":[{"s":2,"v":{"Name":"Coca Cola (HQ)","Id":"00136000008vIeSAAU","OwnerId":"00536000001L21qAAC","Permanent_Partner_Ma (8 more) ...":false,"Partner_Manager__c":"00536000001L21qAAC","BillingLatitude":33.770893900000000,"BillingLongitude":-84.398620900000000,"Owner":{"s":3,"v":{"FirstName":"David","LastName":"Scruggs","Id":"00536000001L21qAAC"}}}}]}|0x15930059
14:04:34.0 (81518122)|STATEMENT_EXECUTE|[12]
14:04:34.0 (81530659)|HEAP_ALLOCATE|[12]|Bytes:7
14:04:34.0 (81728192)|HEAP_ALLOCATE|[12]|Bytes:1
14:04:34.0 (81747477)|HEAP_ALLOCATE|[12]|Bytes:9
14:04:34.0 (81771761)|HEAP_ALLOCATE|[12]|Bytes:17
14:04:34.0 (81802424)|USER_DEBUG|[12]|DEBUG| Found 1 accounts
14:04:34.0 (81815031)|STATEMENT_EXECUTE|[13]
14:04:34.0 (81836147)|SYSTEM_MODE_EXIT|false
14:04:34.81 (81899921)|CUMULATIVE_LIMIT_USAGE
14:04:34.81 (81899921)|LIMIT_USAGE_FOR_NS|(default)|
  Number of SOQL queries: 1 out of 100
  Number of query rows: 1 out of 50000
  Number of SOSL queries: 0 out of 20
  Number of DML statements: 0 out of 150
  Number of DML rows: 0 out of 10000
  Maximum CPU time: 0 out of 10000
  Maximum heap size: 0 out of 6000000
  Number of callouts: 0 out of 100
  Number of Email Invocations: 0 out of 10
  Number of future calls: 0 out of 50
  Number of queueable jobs added to the queue: 0 out of 50
  Number of Mobile Apex push calls: 0 out of 10

14:04:34.81 (81899921)|CUMULATIVE_LIMIT_USAGE_END

14:04:34.0 (81962485)|CODE_UNIT_FINISHED|AccountGeoExtension.getLocalAccounts
14:04:34.0 (85101027)|EXECUTION_FINISHED
