36.0 APEX_CODE,FINEST;APEX_PROFILING,INFO;CALLOUT,INFO;DB,INFO;SYSTEM,DEBUG;VALIDATION,INFO;VISUALFORCE,INFO;WORKFLOW,INFO
13:21:16.0 (72612)|EXECUTION_STARTED
13:21:16.0 (114284)|CODE_UNIT_STARTED|[EXTERNAL]|01p360000053AMn|BatchLatLongGenerator
13:21:16.0 (817187)|HEAP_ALLOCATE|[EXTERNAL]|Bytes:77
13:21:16.0 (837654)|HEAP_ALLOCATE|[EXTERNAL]|Bytes:10
13:21:16.0 (841458)|HEAP_ALLOCATE|[EXTERNAL]|Bytes:14
13:21:16.0 (858034)|METHOD_ENTRY|[1]|01p360000053AMn|BatchLatLongGenerator.BatchLatLongGenerator()
13:21:16.0 (869959)|STATEMENT_EXECUTE|[1]
13:21:16.0 (879957)|STATEMENT_EXECUTE|[1]
13:21:16.0 (888027)|METHOD_EXIT|[1]|BatchLatLongGenerator
13:21:16.0 (894962)|HEAP_ALLOCATE|[EXTERNAL]|Bytes:8
13:21:16.0 (914791)|HEAP_ALLOCATE|[EXTERNAL]|Bytes:11
13:21:16.0 (921434)|SYSTEM_METHOD_ENTRY|[15]|BatchableContextImpl.BatchableContextImpl()
13:21:16.0 (924746)|STATEMENT_EXECUTE|[15]
13:21:16.0 (931876)|SYSTEM_METHOD_EXIT|[15]|BatchableContextImpl
13:21:16.0 (934921)|HEAP_ALLOCATE|[EXTERNAL]|Bytes:12
13:21:16.0 (963194)|HEAP_ALLOCATE|[EXTERNAL]|Bytes:16
13:21:16.0 (971579)|VARIABLE_SCOPE_BEGIN|[15]|this|BatchLatLongGenerator|true|false
13:21:16.0 (1057499)|VARIABLE_ASSIGNMENT|[15]|this|{"query":"Select Id, Name, Bil (115 more) ..."}|0x25ffef3b
13:21:16.0 (1064075)|VARIABLE_SCOPE_BEGIN|[15]|BC|Database.BatchableContext|true|false
13:21:16.0 (1177642)|VARIABLE_ASSIGNMENT|[15]|BC|{"childJobId":"70736000006EeVsAAK","jobId":"70736000006EeVnAAK"}|0xf0e2b11
13:21:16.0 (1183761)|VARIABLE_SCOPE_BEGIN|[15]|scope|List<SObject>|true|false
13:21:16.0 (1237037)|VARIABLE_ASSIGNMENT|[15]|scope|{"s":1,"v":[{"s":2,"v":{"Id":"00136000008NvtkAAC","Name":"AB Partners, Inc.","BillingStreet":"31 East Roosevelt Ro (2 more) ...","BillingCity":"Chicago","BillingState":"IL","BillingCountry":"USA","BillingPostalCode":"60605"}},{"s":3,"v":{"Id":"00136000008NvtlAAC","Name":"Advanced Interconnec (10 more) ...","BillingStreet":"PO Box 1019","BillingCity":"West Warwick","BillingState":"RI","BillingCountry":"USA","BillingPostalCode":"02893-0919"}},{"s":4,"v":{"Id":"00136000008NvtmAAC","Name":"Aims Social","BillingStreet":"1419 Gunderson Ave","BillingCity":"Cook","BillingState":"IL","BillingCountry":"USA","BillingPostalCode":"60402"}}]}|0x5293e8c8
13:21:16.0 (1252682)|STATEMENT_EXECUTE|[15]
13:21:16.0 (1346324)|HEAP_ALLOCATE|[50]|Bytes:5
13:21:16.0 (1378430)|HEAP_ALLOCATE|[56]|Bytes:5
13:21:16.0 (1388243)|HEAP_ALLOCATE|[64]|Bytes:7
13:21:16.0 (1408093)|HEAP_ALLOCATE|[17]|Bytes:5
13:21:16.0 (1456748)|HEAP_ALLOCATE|[17]|Bytes:32
13:21:16.0 (1471448)|VARIABLE_SCOPE_BEGIN|[17]|acc|Account|true|false
13:21:16.0 (1491193)|VARIABLE_ASSIGNMENT|[17]|acc|{"s":1,"v":{"Id":"00136000008NvtkAAC","Name":"AB Partners, Inc.","BillingStreet":"31 East Roosevelt Ro (2 more) ...","BillingCity":"Chicago","BillingState":"IL","BillingCountry":"USA","BillingPostalCode":"60605"}}|0x787edceb
13:21:16.0 (1497279)|STATEMENT_EXECUTE|[17]
13:21:16.0 (1499416)|STATEMENT_EXECUTE|[18]
13:21:16.0 (1502503)|HEAP_ALLOCATE|[18]|Bytes:28
13:21:16.0 (1533315)|HEAP_ALLOCATE|[18]|Bytes:45
13:21:16.0 (1560937)|USER_DEBUG|[18]|DEBUG|Starting encode for account AB Partners, Inc.
13:21:16.0 (1570459)|STATEMENT_EXECUTE|[19]
13:21:16.0 (1576501)|VARIABLE_SCOPE_BEGIN|[19]|address|String|false|false
13:21:16.0 (1583943)|VARIABLE_ASSIGNMENT|[19]|address|""
13:21:16.0 (1591742)|STATEMENT_EXECUTE|[21]
13:21:16.0 (1593512)|STATEMENT_EXECUTE|[22]
13:21:16.0 (1597446)|HEAP_ALLOCATE|[22]|Bytes:1
13:21:16.0 (1603772)|HEAP_ALLOCATE|[22]|Bytes:23
13:21:16.0 (1608323)|HEAP_ALLOCATE|[22]|Bytes:23
13:21:16.0 (1614799)|VARIABLE_ASSIGNMENT|[22]|address|"31 East Roosevelt Ro (3 more) ..."
13:21:16.0 (1622612)|STATEMENT_EXECUTE|[24]
13:21:16.0 (1624456)|STATEMENT_EXECUTE|[25]
13:21:16.0 (1630618)|HEAP_ALLOCATE|[25]|Bytes:8
13:21:16.0 (1634944)|HEAP_ALLOCATE|[25]|Bytes:31
13:21:16.0 (1641086)|VARIABLE_ASSIGNMENT|[25]|address|"31 East Roosevelt Ro (11 more) ..."
13:21:16.0 (1647695)|STATEMENT_EXECUTE|[27]
13:21:16.0 (1649447)|STATEMENT_EXECUTE|[28]
13:21:16.0 (1655057)|HEAP_ALLOCATE|[28]|Bytes:3
13:21:16.0 (1659093)|HEAP_ALLOCATE|[28]|Bytes:34
13:21:16.0 (1664769)|VARIABLE_ASSIGNMENT|[28]|address|"31 East Roosevelt Ro (14 more) ..."
13:21:16.0 (1671586)|STATEMENT_EXECUTE|[30]
13:21:16.0 (1673361)|STATEMENT_EXECUTE|[31]
13:21:16.0 (1678986)|HEAP_ALLOCATE|[31]|Bytes:4
13:21:16.0 (1683285)|HEAP_ALLOCATE|[31]|Bytes:38
13:21:16.0 (1688937)|VARIABLE_ASSIGNMENT|[31]|address|"31 East Roosevelt Ro (18 more) ..."
13:21:16.0 (1695529)|STATEMENT_EXECUTE|[33]
13:21:16.0 (1697577)|STATEMENT_EXECUTE|[34]
13:21:16.0 (1703116)|HEAP_ALLOCATE|[34]|Bytes:6
13:21:16.0 (1707426)|HEAP_ALLOCATE|[34]|Bytes:44
13:21:16.0 (1713441)|VARIABLE_ASSIGNMENT|[34]|address|"31 East Roosevelt Ro (24 more) ..."
13:21:16.0 (1735935)|STATEMENT_EXECUTE|[37]
13:21:16.0 (1738056)|STATEMENT_EXECUTE|[38]
13:21:16.0 (1765574)|VARIABLE_SCOPE_BEGIN|[38]|req|System.HttpRequest|true|false
13:21:16.0 (1816012)|VARIABLE_ASSIGNMENT|[38]|req|"System.HttpRequest[Endpoint=null, Method=null]"|0x660230b2
13:21:16.0 (1822205)|STATEMENT_EXECUTE|[39]
13:21:16.0 (1825906)|HEAP_ALLOCATE|[39]|Bytes:20
13:21:16.0 (1839740)|USER_DEBUG|[39]|DEBUG|Address is not blank
13:21:16.0 (1845611)|STATEMENT_EXECUTE|[41]
13:21:16.0 (1848965)|HEAP_ALLOCATE|[41]|Bytes:5
13:21:16.0 (1863990)|HEAP_ALLOCATE|[41]|Bytes:15
13:21:16.0 (1871441)|SYSTEM_METHOD_ENTRY|[1]|EncodingUtil.EncodingUtil()
13:21:16.0 (1874590)|STATEMENT_EXECUTE|[1]
13:21:16.0 (1880896)|SYSTEM_METHOD_EXIT|[1]|EncodingUtil
13:21:16.0 (1890655)|METHOD_ENTRY|[41]||System.EncodingUtil.urlEncode(String, String)
13:21:16.0 (1936884)|METHOD_EXIT|[41]||System.EncodingUtil.urlEncode(String, String)
13:21:16.0 (1947216)|VARIABLE_ASSIGNMENT|[41]|address|"31+East+Roosevelt+Ro (34 more) ..."
13:21:16.0 (1951647)|STATEMENT_EXECUTE|[42]
13:21:16.0 (1954593)|HEAP_ALLOCATE|[42]|Bytes:11
13:21:16.0 (1961177)|HEAP_ALLOCATE|[42]|Bytes:65
13:21:16.0 (1971736)|USER_DEBUG|[42]|DEBUG|address is 31+East+Roosevelt+Road%2CChicago%2CIL%2CUSA%2C60605%2C
13:21:16.0 (1976849)|STATEMENT_EXECUTE|[43]
13:21:16.0 (1979834)|HEAP_ALLOCATE|[43]|Bytes:57
13:21:16.0 (1982951)|HEAP_ALLOCATE|[43]|Bytes:12
13:21:16.0 (1996215)|HEAP_ALLOCATE|[43]|Bytes:123
13:21:16.0 (2049773)|STATEMENT_EXECUTE|[44]
13:21:16.0 (2054905)|HEAP_ALLOCATE|[44]|Bytes:3
13:21:16.0 (2075730)|STATEMENT_EXECUTE|[45]
13:21:16.0 (2092918)|VARIABLE_SCOPE_BEGIN|[45]|http|System.Http|true|false
13:21:16.0 (2132498)|VARIABLE_ASSIGNMENT|[45]|http|"System.Http[]"|0x2e2999d5
13:21:16.0 (2138506)|STATEMENT_EXECUTE|[46]
13:21:16.0 (2144756)|VARIABLE_SCOPE_BEGIN|[46]|res|System.HttpResponse|true|false
13:21:16.0 (2151790)|VARIABLE_ASSIGNMENT|[46]|res|null|
13:21:16.0 (2166665)|HEAP_ALLOCATE|[47]|Bytes:57
13:21:16.0 (2174976)|SYSTEM_METHOD_ENTRY|[1]|Test.Test()
13:21:16.0 (2178397)|STATEMENT_EXECUTE|[1]
13:21:16.0 (2184697)|SYSTEM_METHOD_EXIT|[1]|Test
13:21:16.0 (2193157)|METHOD_ENTRY|[47]||System.Test.isRunningTest()
13:21:16.0 (2215866)|METHOD_EXIT|[47]||System.Test.isRunningTest()
13:21:16.0 (2223308)|STATEMENT_EXECUTE|[47]
13:21:16.0 (2225140)|STATEMENT_EXECUTE|[48]
13:21:16.0 (2292304)|CALLOUT_REQUEST|[48]|System.HttpRequest[Endpoint=https://maps.googleapis.com/maps/api/geocode/xml?address=31+East+Roosevelt+Road%2CChicago%2CIL%2CUSA%2C60605%2C&sensor=true, Method=GET]
13:21:16.0 (17261117)|HEAP_ALLOCATE|[EXTERNAL]|Bytes:743
13:21:16.0 (17334654)|CALLOUT_RESPONSE|[48]|System.HttpResponse[Status=OK, StatusCode=200]
13:21:16.0 (17350894)|HEAP_ALLOCATE|[48]|Bytes:314
13:21:16.0 (17397789)|VARIABLE_ASSIGNMENT|[48]|res|"System.HttpResponse[Status=OK, StatusCode=200]"|0x570f83e1
13:21:16.0 (17405592)|STATEMENT_EXECUTE|[59]
13:21:16.0 (17537925)|VARIABLE_SCOPE_BEGIN|[59]|doc|dom.Document|true|false
13:21:16.0 (17574898)|VARIABLE_ASSIGNMENT|[59]|doc|"Document[]"|0x207fbe12
13:21:16.0 (17581419)|STATEMENT_EXECUTE|[61]
13:21:16.0 (17611146)|VARIABLE_SCOPE_BEGIN|[61]|geocodeResponse|dom.XmlNode|true|false
13:21:16.0 (17676174)|VARIABLE_ASSIGNMENT|[61]|geocodeResponse|"XMLNode[ELEMENT,GeocodeResponse,null,null,null,[XMLNode[TEXT,null,null,null,null,null,\n ,], XMLNode[ELEMENT,status,null,null,null,[XMLNode[TEXT,null,null,null,null,null,OVER_QUERY_LIMIT,]],null,], XMLNode[TEXT,null,null,null,null,null,\n ,], XMLNode[ELEMENT,error_message,null,null,null,[XMLNode[TEXT,null,null,null,null,null,You have exceeded your daily request quota for this API. We recommend registering for a key at the Google Developers Console: https://console.developers.google.com/,]],null,], XMLNode[TEXT,null,null,null,null,null,\n,]],null,]"|0x61237ed9
13:21:16.0 (17686442)|STATEMENT_EXECUTE|[62]
13:21:16.0 (17701977)|STATEMENT_EXECUTE|[64]
13:21:16.0 (17708989)|HEAP_ALLOCATE|[64]|Bytes:6
13:21:16.0 (17752981)|VARIABLE_SCOPE_BEGIN|[64]|result|dom.XmlNode|true|false
13:21:16.0 (17766110)|VARIABLE_ASSIGNMENT|[64]|result|null|
13:21:16.0 (17773855)|STATEMENT_EXECUTE|[65]
13:21:16.0 (17792085)|HEAP_ALLOCATE|[17]|Bytes:5
13:21:16.0 (17817243)|HEAP_ALLOCATE|[17]|Bytes:32
13:21:16.0 (17825922)|VARIABLE_SCOPE_BEGIN|[17]|acc|Account|true|false
13:21:16.0 (17846851)|VARIABLE_ASSIGNMENT|[17]|acc|{"s":1,"v":{"Id":"00136000008NvtlAAC","Name":"Advanced Interconnec (10 more) ...","BillingStreet":"PO Box 1019","BillingCity":"West Warwick","BillingState":"RI","BillingCountry":"USA","BillingPostalCode":"02893-0919"}}|0x71c6e795
13:21:16.0 (17853090)|STATEMENT_EXECUTE|[17]
13:21:16.0 (17854844)|STATEMENT_EXECUTE|[18]
13:21:16.0 (17868386)|HEAP_ALLOCATE|[18]|Bytes:58
13:21:16.0 (17880461)|USER_DEBUG|[18]|DEBUG|Starting encode for account Advanced Interconnections Corp
13:21:16.0 (17886045)|STATEMENT_EXECUTE|[19]
13:21:16.0 (17889830)|VARIABLE_SCOPE_BEGIN|[19]|address|String|false|false
13:21:16.0 (17896021)|VARIABLE_ASSIGNMENT|[19]|address|""
13:21:16.0 (17902843)|STATEMENT_EXECUTE|[21]
13:21:16.0 (17904483)|STATEMENT_EXECUTE|[22]
13:21:16.0 (17910267)|HEAP_ALLOCATE|[22]|Bytes:12
13:21:16.0 (17914625)|HEAP_ALLOCATE|[22]|Bytes:12
13:21:16.0 (17919937)|VARIABLE_ASSIGNMENT|[22]|address|"PO Box 1019,"
13:21:16.0 (17925834)|STATEMENT_EXECUTE|[24]
13:21:16.0 (17927463)|STATEMENT_EXECUTE|[25]
13:21:16.0 (17932460)|HEAP_ALLOCATE|[25]|Bytes:13
13:21:16.0 (17936454)|HEAP_ALLOCATE|[25]|Bytes:25
13:21:16.0 (17942507)|VARIABLE_ASSIGNMENT|[25]|address|"PO Box 1019,West War (5 more) ..."
13:21:16.0 (17948311)|STATEMENT_EXECUTE|[27]
13:21:16.0 (17950105)|STATEMENT_EXECUTE|[28]
13:21:16.0 (17954952)|HEAP_ALLOCATE|[28]|Bytes:3
13:21:16.0 (17959027)|HEAP_ALLOCATE|[28]|Bytes:28
13:21:16.0 (17964704)|VARIABLE_ASSIGNMENT|[28]|address|"PO Box 1019,West War (8 more) ..."
13:21:16.0 (17970287)|STATEMENT_EXECUTE|[30]
13:21:16.0 (17971953)|STATEMENT_EXECUTE|[31]
13:21:16.0 (17976754)|HEAP_ALLOCATE|[31]|Bytes:4
13:21:16.0 (17980821)|HEAP_ALLOCATE|[31]|Bytes:32
13:21:16.0 (17986811)|VARIABLE_ASSIGNMENT|[31]|address|"PO Box 1019,West War (12 more) ..."
13:21:16.0 (17992325)|STATEMENT_EXECUTE|[33]
13:21:16.0 (17994090)|STATEMENT_EXECUTE|[34]
13:21:16.0 (17999016)|HEAP_ALLOCATE|[34]|Bytes:11
13:21:16.0 (18002941)|HEAP_ALLOCATE|[34]|Bytes:43
13:21:16.0 (18009938)|VARIABLE_ASSIGNMENT|[34]|address|"PO Box 1019,West War (23 more) ..."
13:21:16.0 (18033023)|STATEMENT_EXECUTE|[37]
13:21:16.0 (18037873)|STATEMENT_EXECUTE|[38]
13:21:16.0 (18052345)|VARIABLE_SCOPE_BEGIN|[38]|req|System.HttpRequest|true|false
13:21:16.0 (18103478)|VARIABLE_ASSIGNMENT|[38]|req|"System.HttpRequest[Endpoint=null, Method=null]"|0x326a419
13:21:16.0 (18110349)|STATEMENT_EXECUTE|[39]
13:21:16.0 (18121472)|USER_DEBUG|[39]|DEBUG|Address is not blank
13:21:16.0 (18126753)|STATEMENT_EXECUTE|[41]
13:21:16.0 (18133952)|METHOD_ENTRY|[41]||System.EncodingUtil.urlEncode(String, String)
13:21:16.0 (18166461)|METHOD_EXIT|[41]||System.EncodingUtil.urlEncode(String, String)
13:21:16.0 (18176374)|VARIABLE_ASSIGNMENT|[41]|address|"PO+Box+1019%2CWest+W (33 more) ..."
13:21:16.0 (18180202)|STATEMENT_EXECUTE|[42]
13:21:16.0 (18185453)|HEAP_ALLOCATE|[42]|Bytes:64
13:21:16.0 (18194275)|USER_DEBUG|[42]|DEBUG|address is PO+Box+1019%2CWest+Warwick%2CRI%2CUSA%2C02893-0919%2C
13:21:16.0 (18198856)|STATEMENT_EXECUTE|[43]
13:21:16.0 (18203434)|HEAP_ALLOCATE|[43]|Bytes:122
13:21:16.0 (18220119)|STATEMENT_EXECUTE|[44]
13:21:16.0 (18228827)|STATEMENT_EXECUTE|[45]
13:21:16.0 (18237202)|VARIABLE_SCOPE_BEGIN|[45]|http|System.Http|true|false
13:21:16.0 (18303014)|VARIABLE_ASSIGNMENT|[45]|http|"System.Http[]"|0x75cf8b38
13:21:16.0 (18310174)|STATEMENT_EXECUTE|[46]
13:21:16.0 (18313825)|VARIABLE_SCOPE_BEGIN|[46]|res|System.HttpResponse|true|false
13:21:16.0 (18320116)|VARIABLE_ASSIGNMENT|[46]|res|null|
13:21:16.0 (18339265)|METHOD_ENTRY|[47]||System.Test.isRunningTest()
13:21:16.0 (18350884)|METHOD_EXIT|[47]||System.Test.isRunningTest()
13:21:16.0 (18356551)|STATEMENT_EXECUTE|[47]
13:21:16.0 (18358277)|STATEMENT_EXECUTE|[48]
13:21:16.0 (21140494)|CALLOUT_REQUEST|[48]|System.HttpRequest[Endpoint=https://maps.googleapis.com/maps/api/geocode/xml?address=PO+Box+1019%2CWest+Warwick%2CRI%2CUSA%2C02893-0919%2C&sensor=true, Method=GET]
13:21:16.0 (35179101)|HEAP_ALLOCATE|[EXTERNAL]|Bytes:743
13:21:16.0 (35245325)|CALLOUT_RESPONSE|[48]|System.HttpResponse[Status=OK, StatusCode=200]
13:21:16.0 (35262167)|HEAP_ALLOCATE|[48]|Bytes:314
13:21:16.0 (35325573)|VARIABLE_ASSIGNMENT|[48]|res|"System.HttpResponse[Status=OK, StatusCode=200]"|0x2b3c1eb5
13:21:16.0 (35336302)|STATEMENT_EXECUTE|[59]
13:21:16.0 (35450292)|VARIABLE_SCOPE_BEGIN|[59]|doc|dom.Document|true|false
13:21:16.0 (35495121)|VARIABLE_ASSIGNMENT|[59]|doc|"Document[]"|0x3bcdef9b
13:21:16.0 (35503842)|STATEMENT_EXECUTE|[61]
13:21:16.0 (35530607)|VARIABLE_SCOPE_BEGIN|[61]|geocodeResponse|dom.XmlNode|true|false
13:21:16.0 (35610221)|VARIABLE_ASSIGNMENT|[61]|geocodeResponse|"XMLNode[ELEMENT,GeocodeResponse,null,null,null,[XMLNode[TEXT,null,null,null,null,null,\n ,], XMLNode[ELEMENT,status,null,null,null,[XMLNode[TEXT,null,null,null,null,null,OVER_QUERY_LIMIT,]],null,], XMLNode[TEXT,null,null,null,null,null,\n ,], XMLNode[ELEMENT,error_message,null,null,null,[XMLNode[TEXT,null,null,null,null,null,You have exceeded your daily request quota for this API. We recommend registering for a key at the Google Developers Console: https://console.developers.google.com/,]],null,], XMLNode[TEXT,null,null,null,null,null,\n,]],null,]"|0x221fb099
13:21:16.0 (35623622)|STATEMENT_EXECUTE|[62]
13:21:16.0 (35627058)|STATEMENT_EXECUTE|[64]
13:21:16.0 (35651901)|VARIABLE_SCOPE_BEGIN|[64]|result|dom.XmlNode|true|false
13:21:16.0 (35662131)|VARIABLE_ASSIGNMENT|[64]|result|null|
13:21:16.0 (35668114)|STATEMENT_EXECUTE|[65]
13:21:16.0 (35690872)|HEAP_ALLOCATE|[17]|Bytes:5
13:21:16.0 (35729105)|HEAP_ALLOCATE|[17]|Bytes:32
13:21:16.0 (35741499)|VARIABLE_SCOPE_BEGIN|[17]|acc|Account|true|false
13:21:16.0 (35770610)|VARIABLE_ASSIGNMENT|[17]|acc|{"s":1,"v":{"Id":"00136000008NvtmAAC","Name":"Aims Social","BillingStreet":"1419 Gunderson Ave","BillingCity":"Cook","BillingState":"IL","BillingCountry":"USA","BillingPostalCode":"60402"}}|0x2b9a58a1
13:21:16.0 (35778981)|STATEMENT_EXECUTE|[17]
13:21:16.0 (35782483)|STATEMENT_EXECUTE|[18]
13:21:16.0 (35802584)|HEAP_ALLOCATE|[18]|Bytes:39
13:21:16.0 (35818489)|USER_DEBUG|[18]|DEBUG|Starting encode for account Aims Social
13:21:16.0 (35827799)|STATEMENT_EXECUTE|[19]
13:21:16.0 (35833488)|VARIABLE_SCOPE_BEGIN|[19]|address|String|false|false
13:21:16.0 (35842220)|VARIABLE_ASSIGNMENT|[19]|address|""
13:21:16.0 (35852906)|STATEMENT_EXECUTE|[21]
13:21:16.0 (35856315)|STATEMENT_EXECUTE|[22]
13:21:16.0 (35866215)|HEAP_ALLOCATE|[22]|Bytes:19
13:21:16.0 (35873177)|HEAP_ALLOCATE|[22]|Bytes:19
13:21:16.0 (35882603)|VARIABLE_ASSIGNMENT|[22]|address|"1419 Gunderson Ave,"
13:21:16.0 (35893575)|STATEMENT_EXECUTE|[24]
13:21:16.0 (35896979)|STATEMENT_EXECUTE|[25]
13:21:16.0 (35906138)|HEAP_ALLOCATE|[25]|Bytes:5
13:21:16.0 (35912784)|HEAP_ALLOCATE|[25]|Bytes:24
13:21:16.0 (35924359)|VARIABLE_ASSIGNMENT|[25]|address|"1419 Gunderson Ave,C (4 more) ..."
13:21:16.0 (35935286)|STATEMENT_EXECUTE|[27]
13:21:16.0 (35938972)|STATEMENT_EXECUTE|[28]
13:21:16.0 (35949786)|HEAP_ALLOCATE|[28]|Bytes:3
13:21:16.0 (35956459)|HEAP_ALLOCATE|[28]|Bytes:27
13:21:16.0 (35967063)|VARIABLE_ASSIGNMENT|[28]|address|"1419 Gunderson Ave,C (7 more) ..."
13:21:16.0 (35977100)|STATEMENT_EXECUTE|[30]
13:21:16.0 (35980586)|STATEMENT_EXECUTE|[31]
13:21:16.0 (35991683)|HEAP_ALLOCATE|[31]|Bytes:4
13:21:16.0 (35999120)|HEAP_ALLOCATE|[31]|Bytes:31
13:21:16.0 (36011993)|VARIABLE_ASSIGNMENT|[31]|address|"1419 Gunderson Ave,C (11 more) ..."
13:21:16.0 (36028026)|STATEMENT_EXECUTE|[33]
13:21:16.0 (36031685)|STATEMENT_EXECUTE|[34]
13:21:16.0 (36041687)|HEAP_ALLOCATE|[34]|Bytes:6
13:21:16.0 (36048144)|HEAP_ALLOCATE|[34]|Bytes:37
13:21:16.0 (36058870)|VARIABLE_ASSIGNMENT|[34]|address|"1419 Gunderson Ave,C (17 more) ..."
13:21:16.0 (36075226)|STATEMENT_EXECUTE|[37]
13:21:16.0 (36078533)|STATEMENT_EXECUTE|[38]
13:21:16.0 (36093235)|VARIABLE_SCOPE_BEGIN|[38]|req|System.HttpRequest|true|false
13:21:16.0 (36149952)|VARIABLE_ASSIGNMENT|[38]|req|"System.HttpRequest[Endpoint=null, Method=null]"|0x725a08d
13:21:16.0 (36159045)|STATEMENT_EXECUTE|[39]
13:21:16.0 (36173335)|USER_DEBUG|[39]|DEBUG|Address is not blank
13:21:16.0 (36181606)|STATEMENT_EXECUTE|[41]
13:21:16.0 (36193942)|METHOD_ENTRY|[41]||System.EncodingUtil.urlEncode(String, String)
13:21:16.0 (36241730)|METHOD_EXIT|[41]||System.EncodingUtil.urlEncode(String, String)
13:21:16.0 (36255103)|VARIABLE_ASSIGNMENT|[41]|address|"1419+Gunderson+Ave%2 (27 more) ..."
13:21:16.0 (36260705)|STATEMENT_EXECUTE|[42]
13:21:16.0 (36267791)|HEAP_ALLOCATE|[42]|Bytes:58
13:21:16.0 (38241396)|USER_DEBUG|[42]|DEBUG|address is 1419+Gunderson+Ave%2CCook%2CIL%2CUSA%2C60402%2C
13:21:16.0 (38250823)|STATEMENT_EXECUTE|[43]
13:21:16.0 (38258403)|HEAP_ALLOCATE|[43]|Bytes:116
13:21:16.0 (38277958)|STATEMENT_EXECUTE|[44]
13:21:16.0 (38287288)|STATEMENT_EXECUTE|[45]
13:21:16.0 (38297148)|VARIABLE_SCOPE_BEGIN|[45]|http|System.Http|true|false
13:21:16.0 (38336809)|VARIABLE_ASSIGNMENT|[45]|http|"System.Http[]"|0x5b860d10
13:21:16.0 (38342851)|STATEMENT_EXECUTE|[46]
13:21:16.0 (38346231)|VARIABLE_SCOPE_BEGIN|[46]|res|System.HttpResponse|true|false
13:21:16.0 (38351902)|VARIABLE_ASSIGNMENT|[46]|res|null|
13:21:16.0 (38361192)|METHOD_ENTRY|[47]||System.Test.isRunningTest()
13:21:16.0 (38372945)|METHOD_EXIT|[47]||System.Test.isRunningTest()
13:21:16.0 (38379028)|STATEMENT_EXECUTE|[47]
13:21:16.0 (38380727)|STATEMENT_EXECUTE|[48]
13:21:16.0 (38422777)|CALLOUT_REQUEST|[48]|System.HttpRequest[Endpoint=https://maps.googleapis.com/maps/api/geocode/xml?address=1419+Gunderson+Ave%2CCook%2CIL%2CUSA%2C60402%2C&sensor=true, Method=GET]
13:21:16.0 (53392238)|HEAP_ALLOCATE|[EXTERNAL]|Bytes:743
13:21:16.0 (53447613)|CALLOUT_RESPONSE|[48]|System.HttpResponse[Status=OK, StatusCode=200]
13:21:16.0 (53461717)|HEAP_ALLOCATE|[48]|Bytes:314
13:21:16.0 (53511021)|VARIABLE_ASSIGNMENT|[48]|res|"System.HttpResponse[Status=OK, StatusCode=200]"|0x65438a70
13:21:16.0 (53519924)|STATEMENT_EXECUTE|[59]
13:21:16.0 (53615265)|VARIABLE_SCOPE_BEGIN|[59]|doc|dom.Document|true|false
13:21:16.0 (53649989)|VARIABLE_ASSIGNMENT|[59]|doc|"Document[]"|0x6fc51660
13:21:16.0 (53656184)|STATEMENT_EXECUTE|[61]
13:21:16.0 (53676547)|VARIABLE_SCOPE_BEGIN|[61]|geocodeResponse|dom.XmlNode|true|false
13:21:16.0 (53733346)|VARIABLE_ASSIGNMENT|[61]|geocodeResponse|"XMLNode[ELEMENT,GeocodeResponse,null,null,null,[XMLNode[TEXT,null,null,null,null,null,\n ,], XMLNode[ELEMENT,status,null,null,null,[XMLNode[TEXT,null,null,null,null,null,OVER_QUERY_LIMIT,]],null,], XMLNode[TEXT,null,null,null,null,null,\n ,], XMLNode[ELEMENT,error_message,null,null,null,[XMLNode[TEXT,null,null,null,null,null,You have exceeded your daily request quota for this API. We recommend registering for a key at the Google Developers Console: https://console.developers.google.com/,]],null,], XMLNode[TEXT,null,null,null,null,null,\n,]],null,]"|0x40f96023
13:21:16.0 (53743362)|STATEMENT_EXECUTE|[62]
13:21:16.0 (53745230)|STATEMENT_EXECUTE|[64]
13:21:16.0 (53764352)|VARIABLE_SCOPE_BEGIN|[64]|result|dom.XmlNode|true|false
13:21:16.0 (53771323)|VARIABLE_ASSIGNMENT|[64]|result|null|
13:21:16.0 (53774567)|STATEMENT_EXECUTE|[65]
13:21:16.0 (53792691)|HEAP_ALLOCATE|[17]|Bytes:5
13:21:16.0 (53806115)|VARIABLE_ASSIGNMENT|[17]|acc|null|
13:21:16.0 (53810268)|STATEMENT_EXECUTE|[90]
13:21:16.0 (53882464)|DML_BEGIN|[90]|Op:Update|Type:Account|Rows:3
13:21:16.0 (53908968)|HEAP_ALLOCATE|[EXTERNAL]|Bytes:16
13:21:16.0 (63640378)|CODE_UNIT_STARTED|[EXTERNAL]|DuplicateDetector
13:21:16.0 (63668060)|DUPLICATE_DETECTION_BEGIN
13:21:16.0 (63735916)|DUPLICATE_DETECTION_RULE_INVOCATION|DuplicateRuleId:0Bm36000000pmhL|DuplicateRuleName:Standard Account duplicate rule|DmlType:UPDATE
13:21:16.0 (63740966)|DUPLICATE_DETECTION_END
13:21:16.0 (63813857)|CODE_UNIT_FINISHED|DuplicateDetector
13:21:16.0 (87390744)|DML_END|[90]
13:21:16.0 (87439959)|HEAP_ALLOCATE|[EXTERNAL]|Bytes:16
13:21:16.0 (87491408)|CODE_UNIT_FINISHED|BatchLatLongGenerator
13:21:16.0 (88614316)|EXECUTION_FINISHED
