36.0 APEX_CODE,FINEST;APEX_PROFILING,INFO;CALLOUT,INFO;DB,INFO;SYSTEM,DEBUG;VALIDATION,INFO;VISUALFORCE,INFO;WORKFLOW,INFO
14:05:12.0 (500519)|EXECUTION_STARTED
14:05:12.0 (536151)|CODE_UNIT_STARTED|[EXTERNAL]|01p360000052k4g|AccountGeoExtension.getLocalAccounts
14:05:12.0 (768737)|HEAP_ALLOCATE|[72]|Bytes:3
14:05:12.0 (813516)|HEAP_ALLOCATE|[77]|Bytes:152
14:05:12.0 (833413)|HEAP_ALLOCATE|[342]|Bytes:408
14:05:12.0 (850284)|HEAP_ALLOCATE|[355]|Bytes:408
14:05:12.0 (865770)|HEAP_ALLOCATE|[467]|Bytes:48
14:05:12.0 (890976)|HEAP_ALLOCATE|[139]|Bytes:6
14:05:12.0 (912791)|HEAP_ALLOCATE|[EXTERNAL]|Bytes:1
14:05:12.0 (917055)|HEAP_ALLOCATE|[EXTERNAL]|Bytes:4
14:05:12.0 (926260)|METHOD_ENTRY|[1]|01p360000052k4g|AccountGeoExtension.AccountGeoExtension()
14:05:12.0 (963292)|STATEMENT_EXECUTE|[1]
14:05:12.0 (972677)|STATEMENT_EXECUTE|[1]
14:05:12.0 (977010)|METHOD_EXIT|[1]|AccountGeoExtension
14:05:12.0 (995940)|HEAP_ALLOCATE|[EXTERNAL]|Bytes:28
14:05:12.0 (999436)|HEAP_ALLOCATE|[EXTERNAL]|Bytes:28
14:05:12.0 (1001358)|HEAP_ALLOCATE|[EXTERNAL]|Bytes:28
14:05:12.0 (1016326)|SYSTEM_MODE_ENTER|false
14:05:12.0 (1032419)|VARIABLE_SCOPE_BEGIN|[5]|latitude|Double|false|false
14:05:12.0 (1066459)|VARIABLE_ASSIGNMENT|[5]|latitude|33.849145
14:05:12.0 (1071731)|VARIABLE_SCOPE_BEGIN|[5]|longitude|Double|false|false
14:05:12.0 (1076929)|VARIABLE_ASSIGNMENT|[5]|longitude|-84.3620913
14:05:12.0 (1080319)|VARIABLE_SCOPE_BEGIN|[5]|maxDistance|Double|false|false
14:05:12.0 (1084401)|VARIABLE_ASSIGNMENT|[5]|maxDistance|40
14:05:12.0 (1097557)|STATEMENT_EXECUTE|[5]
14:05:12.0 (48466178)|HEAP_DUMP|[6]|07n36000000PCEA|AccountGeoExtension|none|6
14:05:12.0 (48478127)|STATEMENT_EXECUTE|[6]
14:05:12.0 (48487685)|HEAP_ALLOCATE|[6]|Bytes:24
14:05:12.0 (48578402)|HEAP_ALLOCATE|[6]|Bytes:9
14:05:12.0 (48591095)|HEAP_ALLOCATE|[6]|Bytes:12
14:05:12.0 (48603780)|HEAP_ALLOCATE|[6]|Bytes:11
14:05:12.0 (48611041)|HEAP_ALLOCATE|[6]|Bytes:11
14:05:12.0 (48620669)|HEAP_ALLOCATE|[6]|Bytes:2
14:05:12.0 (48636654)|HEAP_ALLOCATE|[6]|Bytes:69
14:05:12.0 (48687047)|HEAP_ALLOCATE|[50]|Bytes:5
14:05:12.0 (48713255)|HEAP_ALLOCATE|[56]|Bytes:5
14:05:12.0 (48721854)|HEAP_ALLOCATE|[64]|Bytes:7
14:05:12.0 (48760875)|USER_DEBUG|[6]|DEBUG|searching for latitude: 33.849145 longitude: -84.3620913 distance: 40
14:05:12.0 (48774206)|STATEMENT_EXECUTE|[7]
14:05:12.0 (48778371)|HEAP_ALLOCATE|[7]|Bytes:317
14:05:12.0 (48787339)|HEAP_ALLOCATE|[7]|Bytes:4
14:05:12.0 (48795728)|HEAP_ALLOCATE|[7]|Bytes:7
14:05:12.0 (48850192)|HEAP_ALLOCATE|[7]|Bytes:28
14:05:12.0 (48857867)|HEAP_ALLOCATE|[7]|Bytes:7
14:05:12.0 (48871533)|HEAP_ALLOCATE|[7]|Bytes:28
14:05:12.0 (48877321)|HEAP_ALLOCATE|[7]|Bytes:7
14:05:12.0 (48888238)|HEAP_ALLOCATE|[7]|Bytes:28
14:05:12.0 (48893614)|HEAP_ALLOCATE|[7]|Bytes:7
14:05:12.0 (48904002)|HEAP_ALLOCATE|[7]|Bytes:28
14:05:12.0 (48909538)|HEAP_ALLOCATE|[7]|Bytes:7
14:05:12.0 (48919749)|HEAP_ALLOCATE|[7]|Bytes:28
14:05:12.0 (50886196)|SOQL_EXECUTE_BEGIN|[7]|Aggregations:0|SELECT Name, Id, Owner.FirstName, Owner.LastName, Permanent_Partner_Manager__c, Partner_Manager__c, BillingLatitude, BillingLongitude FROM Account WHERE DISTANCE(BillingAddress, GEOLOCATION(:tmpVar1, :tmpVar2), 'mi') < :tmpVar3 ORDER BY  distance(BillingAddress, geolocation( :tmpVar4, :tmpVar5),'mi') ASC NULLS FIRST
14:05:12.0 (57734509)|SOQL_EXECUTE_END|[7]|Rows:1
14:05:12.0 (57751682)|HEAP_ALLOCATE|[7]|Bytes:8
14:05:12.0 (57769815)|HEAP_ALLOCATE|[7]|Bytes:349
14:05:12.0 (57815739)|HEAP_ALLOCATE|[7]|Bytes:8
14:05:12.0 (57827440)|VARIABLE_SCOPE_BEGIN|[7]|localAccounts|List<Account>|true|false
14:05:12.0 (57864889)|VARIABLE_ASSIGNMENT|[7]|localAccounts|{"s":1,"v":[{"s":2,"v":{"Name":"Coca Cola (HQ)","Id":"00136000008vIeSAAU","OwnerId":"00536000001L21qAAC","Permanent_Partner_Ma (8 more) ...":false,"Partner_Manager__c":"00536000001L21qAAC","BillingLatitude":33.770893900000000,"BillingLongitude":-84.398620900000000,"Owner":{"s":3,"v":{"FirstName":"David","LastName":"Scruggs","Id":"00536000001L21qAAC"}}}}]}|0x26654e9b
14:05:12.0 (57877380)|STATEMENT_EXECUTE|[12]
14:05:12.0 (57882309)|HEAP_ALLOCATE|[12]|Bytes:7
14:05:12.0 (57997853)|HEAP_ALLOCATE|[12]|Bytes:1
14:05:12.0 (58007682)|HEAP_ALLOCATE|[12]|Bytes:9
14:05:12.0 (58020357)|HEAP_ALLOCATE|[12]|Bytes:17
14:05:12.0 (58035126)|USER_DEBUG|[12]|DEBUG| Found 1 accounts
14:05:12.0 (58042203)|STATEMENT_EXECUTE|[13]
14:05:12.0 (58059234)|SYSTEM_MODE_EXIT|false
14:05:12.58 (58102036)|CUMULATIVE_LIMIT_USAGE
14:05:12.58 (58102036)|LIMIT_USAGE_FOR_NS|(default)|
  Number of SOQL queries: 1 out of 100
  Number of query rows: 1 out of 50000
  Number of SOSL queries: 0 out of 20
  Number of DML statements: 0 out of 150
  Number of DML rows: 0 out of 10000
  Maximum CPU time: 0 out of 10000
  Maximum heap size: 0 out of 6000000
  Number of callouts: 0 out of 100
  Number of Email Invocations: 0 out of 10
  Number of future calls: 0 out of 50
  Number of queueable jobs added to the queue: 0 out of 50
  Number of Mobile Apex push calls: 0 out of 10

14:05:12.58 (58102036)|CUMULATIVE_LIMIT_USAGE_END

14:05:12.0 (58150403)|CODE_UNIT_FINISHED|AccountGeoExtension.getLocalAccounts
14:05:12.0 (59863966)|EXECUTION_FINISHED
