36.0 APEX_CODE,FINEST;APEX_PROFILING,INFO;CALLOUT,INFO;DB,INFO;SYSTEM,DEBUG;VALIDATION,INFO;VISUALFORCE,INFO;WORKFLOW,INFO
Execute Anonymous: BatchLatLongGenerator bJob = new BatchLatLongGenerator();
Execute Anonymous: Database.executeBatch(bJob,300);
13:39:55.11 (11014258)|EXECUTION_STARTED
13:39:55.11 (11031914)|CODE_UNIT_STARTED|[EXTERNAL]|execute_anonymous_apex
13:39:55.11 (13625536)|VARIABLE_SCOPE_BEGIN|[1]|bJob|BatchLatLongGenerator|true|false
13:39:55.11 (13779974)|HEAP_ALLOCATE|[72]|Bytes:3
13:39:55.11 (13841183)|HEAP_ALLOCATE|[77]|Bytes:152
13:39:55.11 (13860457)|HEAP_ALLOCATE|[342]|Bytes:408
13:39:55.11 (13879881)|HEAP_ALLOCATE|[355]|Bytes:408
13:39:55.11 (13898596)|HEAP_ALLOCATE|[467]|Bytes:48
13:39:55.11 (13944880)|HEAP_ALLOCATE|[139]|Bytes:6
13:39:55.11 (13987462)|HEAP_ALLOCATE|[EXTERNAL]|Bytes:3
13:39:55.11 (14040872)|STATEMENT_EXECUTE|[1]
13:39:55.11 (14047040)|STATEMENT_EXECUTE|[1]
13:39:55.11 (14055375)|HEAP_ALLOCATE|[1]|Bytes:77
13:39:55.11 (14063638)|HEAP_ALLOCATE|[1]|Bytes:11
13:39:55.11 (14069692)|HEAP_ALLOCATE|[1]|Bytes:38
13:39:55.11 (14126697)|METHOD_ENTRY|[1]|01p360000053AMn|BatchLatLongGenerator.BatchLatLongGenerator()
13:39:55.11 (14138928)|STATEMENT_EXECUTE|[1]
13:39:55.11 (14150042)|STATEMENT_EXECUTE|[1]
13:39:55.11 (14165370)|METHOD_EXIT|[1]|BatchLatLongGenerator
13:39:55.11 (14194684)|HEAP_ALLOCATE|[1]|Bytes:8
13:39:55.11 (14237198)|HEAP_ALLOCATE|[50]|Bytes:5
13:39:55.11 (14261887)|HEAP_ALLOCATE|[56]|Bytes:5
13:39:55.11 (14271867)|HEAP_ALLOCATE|[64]|Bytes:7
13:39:55.11 (14300326)|SYSTEM_MODE_ENTER|false
13:39:55.11 (14336701)|HEAP_ALLOCATE|[1]|Bytes:5
13:39:55.11 (14362968)|CONSTRUCTOR_ENTRY|[1]|01p360000053AMn|<init>()
13:39:55.11 (14400503)|VARIABLE_SCOPE_BEGIN|[6]|this|BatchLatLongGenerator|true|false
13:39:55.11 (14465717)|VARIABLE_ASSIGNMENT|[6]|this|{}|0x6bceb330
13:39:55.11 (14472762)|STATEMENT_EXECUTE|[1]
13:39:55.11 (14474409)|STATEMENT_EXECUTE|[3]
13:39:55.11 (14482599)|HEAP_ALLOCATE|[8]|Bytes:6
13:39:55.11 (14508664)|STATEMENT_EXECUTE|[6]
13:39:55.11 (14510776)|STATEMENT_EXECUTE|[8]
13:39:55.11 (14513806)|HEAP_ALLOCATE|[8]|Bytes:135
13:39:55.11 (14533846)|VARIABLE_ASSIGNMENT|[8]|this.query|"Select Id, Name, Bil (115 more) ..."|0x6bceb330
13:39:55.11 (14549090)|CONSTRUCTOR_EXIT|[1]|01p360000053AMn|<init>()
13:39:55.11 (14558883)|SYSTEM_MODE_EXIT|false
13:39:55.11 (14593866)|VARIABLE_ASSIGNMENT|[1]|bJob|{"query":"Select Id, Name, Bil (115 more) ..."}|0x6bceb330
13:39:55.11 (14599046)|STATEMENT_EXECUTE|[2]
13:39:55.96 (96217133)|CUMULATIVE_LIMIT_USAGE
13:39:55.96 (96217133)|LIMIT_USAGE_FOR_NS|(default)|
  Number of SOQL queries: 0 out of 100
  Number of query rows: 0 out of 50000
  Number of SOSL queries: 0 out of 20
  Number of DML statements: 0 out of 150
  Number of DML rows: 0 out of 10000
  Maximum CPU time: 0 out of 10000
  Maximum heap size: 0 out of 6000000
  Number of callouts: 0 out of 100
  Number of Email Invocations: 0 out of 10
  Number of future calls: 0 out of 50
  Number of queueable jobs added to the queue: 0 out of 50
  Number of Mobile Apex push calls: 0 out of 10

13:39:55.96 (96217133)|CUMULATIVE_LIMIT_USAGE_END

13:39:55.11 (96285969)|CODE_UNIT_FINISHED|execute_anonymous_apex
13:39:55.11 (97549046)|EXECUTION_FINISHED
