36.0 APEX_CODE,FINEST;APEX_PROFILING,INFO;CALLOUT,INFO;DB,INFO;SYSTEM,DEBUG;VALIDATION,INFO;VISUALFORCE,INFO;WORKFLOW,INFO
14:16:07.0 (83526)|EXECUTION_STARTED
14:16:07.0 (121941)|CODE_UNIT_STARTED|[EXTERNAL]|01p360000052k4g|AccountGeoExtension.getLocalAccounts
14:16:07.0 (392604)|HEAP_ALLOCATE|[72]|Bytes:3
14:16:07.0 (460494)|HEAP_ALLOCATE|[77]|Bytes:152
14:16:07.0 (481858)|HEAP_ALLOCATE|[342]|Bytes:408
14:16:07.0 (499838)|HEAP_ALLOCATE|[355]|Bytes:408
14:16:07.0 (517161)|HEAP_ALLOCATE|[467]|Bytes:48
14:16:07.0 (557709)|HEAP_ALLOCATE|[139]|Bytes:6
14:16:07.0 (588772)|HEAP_ALLOCATE|[EXTERNAL]|Bytes:1
14:16:07.0 (593055)|HEAP_ALLOCATE|[EXTERNAL]|Bytes:4
14:16:07.0 (610024)|METHOD_ENTRY|[1]|01p360000052k4g|AccountGeoExtension.AccountGeoExtension()
14:16:07.0 (622820)|STATEMENT_EXECUTE|[1]
14:16:07.0 (633474)|STATEMENT_EXECUTE|[1]
14:16:07.0 (640802)|METHOD_EXIT|[1]|AccountGeoExtension
14:16:07.0 (670182)|HEAP_ALLOCATE|[EXTERNAL]|Bytes:28
14:16:07.0 (673743)|HEAP_ALLOCATE|[EXTERNAL]|Bytes:28
14:16:07.0 (675613)|HEAP_ALLOCATE|[EXTERNAL]|Bytes:28
14:16:07.0 (697957)|SYSTEM_MODE_ENTER|false
14:16:07.0 (712771)|VARIABLE_SCOPE_BEGIN|[5]|latitude|Double|false|false
14:16:07.0 (740369)|VARIABLE_ASSIGNMENT|[5]|latitude|33.849145
14:16:07.0 (745539)|VARIABLE_SCOPE_BEGIN|[5]|longitude|Double|false|false
14:16:07.0 (749976)|VARIABLE_ASSIGNMENT|[5]|longitude|-84.3620913
14:16:07.0 (752902)|VARIABLE_SCOPE_BEGIN|[5]|maxDistance|Double|false|false
14:16:07.0 (757004)|VARIABLE_ASSIGNMENT|[5]|maxDistance|40
14:16:07.0 (771842)|STATEMENT_EXECUTE|[5]
14:16:07.0 (42124271)|HEAP_DUMP|[6]|07n36000000PCEP|AccountGeoExtension|none|6
14:16:07.0 (42132704)|STATEMENT_EXECUTE|[6]
14:16:07.0 (42141014)|HEAP_ALLOCATE|[6]|Bytes:24
14:16:07.0 (42217082)|HEAP_ALLOCATE|[6]|Bytes:9
14:16:07.0 (42231198)|HEAP_ALLOCATE|[6]|Bytes:12
14:16:07.0 (42243537)|HEAP_ALLOCATE|[6]|Bytes:11
14:16:07.0 (42251323)|HEAP_ALLOCATE|[6]|Bytes:11
14:16:07.0 (42260778)|HEAP_ALLOCATE|[6]|Bytes:2
14:16:07.0 (42280780)|HEAP_ALLOCATE|[6]|Bytes:69
14:16:07.0 (42324884)|HEAP_ALLOCATE|[50]|Bytes:5
14:16:07.0 (42353460)|HEAP_ALLOCATE|[56]|Bytes:5
14:16:07.0 (42363019)|HEAP_ALLOCATE|[64]|Bytes:7
14:16:07.0 (42414606)|USER_DEBUG|[6]|DEBUG|searching for latitude: 33.849145 longitude: -84.3620913 distance: 40
14:16:07.0 (42425101)|STATEMENT_EXECUTE|[7]
14:16:07.0 (42429611)|HEAP_ALLOCATE|[7]|Bytes:317
14:16:07.0 (42441731)|HEAP_ALLOCATE|[7]|Bytes:4
14:16:07.0 (42453069)|HEAP_ALLOCATE|[7]|Bytes:7
14:16:07.0 (42511002)|HEAP_ALLOCATE|[7]|Bytes:28
14:16:07.0 (42521174)|HEAP_ALLOCATE|[7]|Bytes:7
14:16:07.0 (42535405)|HEAP_ALLOCATE|[7]|Bytes:28
14:16:07.0 (42541397)|HEAP_ALLOCATE|[7]|Bytes:7
14:16:07.0 (42552426)|HEAP_ALLOCATE|[7]|Bytes:28
14:16:07.0 (42558173)|HEAP_ALLOCATE|[7]|Bytes:7
14:16:07.0 (42568802)|HEAP_ALLOCATE|[7]|Bytes:28
14:16:07.0 (42574467)|HEAP_ALLOCATE|[7]|Bytes:7
14:16:07.0 (42584758)|HEAP_ALLOCATE|[7]|Bytes:28
14:16:07.0 (64221909)|SOQL_EXECUTE_BEGIN|[7]|Aggregations:0|SELECT Name, Id, Owner.FirstName, Owner.LastName, Permanent_Partner_Manager__c, Partner_Manager__c, BillingLatitude, BillingLongitude FROM Account WHERE DISTANCE(BillingAddress, GEOLOCATION(:tmpVar1, :tmpVar2), 'mi') < :tmpVar3 ORDER BY  distance(BillingAddress, geolocation( :tmpVar4, :tmpVar5),'mi') ASC NULLS FIRST
14:16:07.0 (102859490)|SOQL_EXECUTE_END|[7]|Rows:2
14:16:07.0 (102894322)|HEAP_ALLOCATE|[7]|Bytes:12
14:16:07.0 (102929477)|HEAP_ALLOCATE|[7]|Bytes:545
14:16:07.0 (102997201)|HEAP_ALLOCATE|[7]|Bytes:12
14:16:07.0 (103020497)|VARIABLE_SCOPE_BEGIN|[7]|localAccounts|List<Account>|true|false
14:16:07.0 (103095348)|VARIABLE_ASSIGNMENT|[7]|localAccounts|{"s":1,"v":[{"s":2,"v":{"Name":"Pardot","Id":"00136000009QxwuAAC","OwnerId":"00536000001L21qAAC","Permanent_Partner_Ma (8 more) ...":false,"BillingLatitude":33.846941200000000,"BillingLongitude":-84.359523600000000,"Owner":{"s":3,"v":{"FirstName":"David","LastName":"Scruggs","Id":"00536000001L21qAAC"}}}},{"s":4,"v":{"Name":"Coca Cola (HQ)","Id":"00136000008vIeSAAU","OwnerId":"00536000001L21qAAC","Permanent_Partner_Ma (8 more) ...":false,"BillingLatitude":33.770893900000000,"BillingLongitude":-84.398620900000000,"Owner":{"r":3}}}]}|0x70321fa3
14:16:07.0 (103113835)|STATEMENT_EXECUTE|[12]
14:16:07.0 (103123261)|HEAP_ALLOCATE|[12]|Bytes:7
14:16:07.0 (103273652)|HEAP_ALLOCATE|[12]|Bytes:1
14:16:07.0 (103284158)|HEAP_ALLOCATE|[12]|Bytes:9
14:16:07.0 (103298649)|HEAP_ALLOCATE|[12]|Bytes:17
14:16:07.0 (103329017)|USER_DEBUG|[12]|DEBUG| Found 2 accounts
14:16:07.0 (103337803)|STATEMENT_EXECUTE|[13]
14:16:07.0 (103358165)|SYSTEM_MODE_EXIT|false
14:16:07.103 (103416776)|CUMULATIVE_LIMIT_USAGE
14:16:07.103 (103416776)|LIMIT_USAGE_FOR_NS|(default)|
  Number of SOQL queries: 1 out of 100
  Number of query rows: 2 out of 50000
  Number of SOSL queries: 0 out of 20
  Number of DML statements: 0 out of 150
  Number of DML rows: 0 out of 10000
  Maximum CPU time: 0 out of 10000
  Maximum heap size: 0 out of 6000000
  Number of callouts: 0 out of 100
  Number of Email Invocations: 0 out of 10
  Number of future calls: 0 out of 50
  Number of queueable jobs added to the queue: 0 out of 50
  Number of Mobile Apex push calls: 0 out of 10

14:16:07.103 (103416776)|CUMULATIVE_LIMIT_USAGE_END

14:16:07.0 (103490645)|CODE_UNIT_FINISHED|AccountGeoExtension.getLocalAccounts
14:16:07.0 (105809709)|EXECUTION_FINISHED
