36.0 APEX_CODE,FINEST;APEX_PROFILING,INFO;CALLOUT,INFO;DB,INFO;SYSTEM,DEBUG;VALIDATION,INFO;VISUALFORCE,INFO;WORKFLOW,INFO
13:50:19.0 (436062)|EXECUTION_STARTED
13:50:19.0 (469210)|CODE_UNIT_STARTED|[EXTERNAL]|01p360000052k4g|AccountGeoExtension.getLocalAccounts
13:50:19.0 (722372)|HEAP_ALLOCATE|[72]|Bytes:3
13:50:19.0 (790022)|HEAP_ALLOCATE|[77]|Bytes:152
13:50:19.0 (811412)|HEAP_ALLOCATE|[342]|Bytes:408
13:50:19.0 (834222)|HEAP_ALLOCATE|[355]|Bytes:408
13:50:19.0 (855438)|HEAP_ALLOCATE|[467]|Bytes:48
13:50:19.0 (896222)|HEAP_ALLOCATE|[139]|Bytes:6
13:50:19.0 (924185)|HEAP_ALLOCATE|[EXTERNAL]|Bytes:1
13:50:19.0 (929145)|HEAP_ALLOCATE|[EXTERNAL]|Bytes:4
13:50:19.0 (946385)|METHOD_ENTRY|[1]|01p360000052k4g|AccountGeoExtension.AccountGeoExtension()
13:50:19.0 (960870)|STATEMENT_EXECUTE|[1]
13:50:19.0 (971440)|STATEMENT_EXECUTE|[1]
13:50:19.0 (979365)|METHOD_EXIT|[1]|AccountGeoExtension
13:50:19.0 (1009758)|HEAP_ALLOCATE|[EXTERNAL]|Bytes:28
13:50:19.0 (1014704)|HEAP_ALLOCATE|[EXTERNAL]|Bytes:28
13:50:19.0 (1016864)|HEAP_ALLOCATE|[EXTERNAL]|Bytes:28
13:50:19.0 (1031565)|SYSTEM_MODE_ENTER|false
13:50:19.0 (1047666)|VARIABLE_SCOPE_BEGIN|[5]|latitude|Double|false|false
13:50:19.0 (1082799)|VARIABLE_ASSIGNMENT|[5]|latitude|33.849145
13:50:19.0 (1088686)|VARIABLE_SCOPE_BEGIN|[5]|longitude|Double|false|false
13:50:19.0 (1093282)|VARIABLE_ASSIGNMENT|[5]|longitude|-84.3620913
13:50:19.0 (1096277)|VARIABLE_SCOPE_BEGIN|[5]|maxDistance|Double|false|false
13:50:19.0 (1100130)|VARIABLE_ASSIGNMENT|[5]|maxDistance|40
13:50:19.0 (1116032)|STATEMENT_EXECUTE|[5]
13:50:19.0 (34170905)|HEAP_DUMP|[6]|07n36000000PCDl|AccountGeoExtension|none|6
13:50:19.0 (34178763)|STATEMENT_EXECUTE|[6]
13:50:19.0 (34187881)|HEAP_ALLOCATE|[6]|Bytes:24
13:50:19.0 (34270070)|HEAP_ALLOCATE|[6]|Bytes:9
13:50:19.0 (34283791)|HEAP_ALLOCATE|[6]|Bytes:12
13:50:19.0 (34296908)|HEAP_ALLOCATE|[6]|Bytes:11
13:50:19.0 (34304901)|HEAP_ALLOCATE|[6]|Bytes:11
13:50:19.0 (34314669)|HEAP_ALLOCATE|[6]|Bytes:2
13:50:19.0 (34332996)|HEAP_ALLOCATE|[6]|Bytes:69
13:50:19.0 (34375785)|HEAP_ALLOCATE|[50]|Bytes:5
13:50:19.0 (34405031)|HEAP_ALLOCATE|[56]|Bytes:5
13:50:19.0 (34414402)|HEAP_ALLOCATE|[64]|Bytes:7
13:50:19.0 (34461677)|USER_DEBUG|[6]|DEBUG|searching for latitude: 33.849145 longitude: -84.3620913 distance: 40
13:50:19.0 (34473582)|STATEMENT_EXECUTE|[7]
13:50:19.0 (34478704)|HEAP_ALLOCATE|[7]|Bytes:227
13:50:19.0 (34490946)|HEAP_ALLOCATE|[7]|Bytes:4
13:50:19.0 (34503811)|HEAP_ALLOCATE|[7]|Bytes:7
13:50:19.0 (34561758)|HEAP_ALLOCATE|[7]|Bytes:28
13:50:19.0 (34572504)|HEAP_ALLOCATE|[7]|Bytes:7
13:50:19.0 (34587351)|HEAP_ALLOCATE|[7]|Bytes:28
13:50:19.0 (34593384)|HEAP_ALLOCATE|[7]|Bytes:7
13:50:19.0 (34604827)|HEAP_ALLOCATE|[7]|Bytes:28
13:50:19.0 (43943016)|SOQL_EXECUTE_BEGIN|[7]|Aggregations:0|SELECT Name, Id, Owner.FirstName, Owner.LastName, Permanent_Partner_Manager__c, Partner_Manager__c, BillingLatitude, BillingLongitude FROM Account WHERE DISTANCE(BillingAddress, GEOLOCATION(:tmpVar1, :tmpVar2), 'mi') < :tmpVar3
13:50:19.0 (82251643)|SOQL_EXECUTE_END|[7]|Rows:0
13:50:19.0 (82295194)|HEAP_ALLOCATE|[7]|Bytes:4
13:50:19.0 (82318211)|HEAP_ALLOCATE|[7]|Bytes:0
13:50:19.0 (82387534)|HEAP_ALLOCATE|[7]|Bytes:4
13:50:19.0 (82411335)|VARIABLE_SCOPE_BEGIN|[7]|localAccounts|List<Account>|true|false
13:50:19.0 (82453838)|VARIABLE_ASSIGNMENT|[7]|localAccounts|{"s":1,"v":[]}|0x3692316f
13:50:19.0 (109646148)|HEAP_DUMP|[11]|07n36000000PCDm|AccountGeoExtension|none|11
13:50:19.0 (109659930)|STATEMENT_EXECUTE|[11]
13:50:19.0 (109677445)|HEAP_ALLOCATE|[11]|Bytes:7
13:50:19.0 (109860581)|HEAP_ALLOCATE|[11]|Bytes:1
13:50:19.0 (109872002)|HEAP_ALLOCATE|[11]|Bytes:9
13:50:19.0 (109888952)|HEAP_ALLOCATE|[11]|Bytes:17
13:50:19.0 (109918479)|USER_DEBUG|[11]|DEBUG| Found 0 accounts
13:50:19.0 (109933746)|STATEMENT_EXECUTE|[12]
13:50:19.0 (109956097)|SYSTEM_MODE_EXIT|false
13:50:19.110 (110004690)|CUMULATIVE_LIMIT_USAGE
13:50:19.110 (110004690)|LIMIT_USAGE_FOR_NS|(default)|
  Number of SOQL queries: 1 out of 100
  Number of query rows: 0 out of 50000
  Number of SOSL queries: 0 out of 20
  Number of DML statements: 0 out of 150
  Number of DML rows: 0 out of 10000
  Maximum CPU time: 0 out of 10000
  Maximum heap size: 0 out of 6000000
  Number of callouts: 0 out of 100
  Number of Email Invocations: 0 out of 10
  Number of future calls: 0 out of 50
  Number of queueable jobs added to the queue: 0 out of 50
  Number of Mobile Apex push calls: 0 out of 10

13:50:19.110 (110004690)|CUMULATIVE_LIMIT_USAGE_END

13:50:19.0 (110068917)|CODE_UNIT_FINISHED|AccountGeoExtension.getLocalAccounts
13:50:19.0 (111832031)|EXECUTION_FINISHED
