36.0 APEX_CODE,FINEST;APEX_PROFILING,INFO;CALLOUT,INFO;DB,INFO;SYSTEM,DEBUG;VALIDATION,INFO;VISUALFORCE,INFO;WORKFLOW,INFO
13:12:12.0 (47480)|EXECUTION_STARTED
13:12:12.0 (79143)|CODE_UNIT_STARTED|[EXTERNAL]|01p360000053AMn|BatchLatLongGenerator
13:12:12.0 (786227)|HEAP_ALLOCATE|[EXTERNAL]|Bytes:77
13:12:12.0 (805708)|HEAP_ALLOCATE|[EXTERNAL]|Bytes:10
13:12:12.0 (809785)|HEAP_ALLOCATE|[EXTERNAL]|Bytes:2
13:12:12.0 (827966)|METHOD_ENTRY|[1]|01p360000053AMn|BatchLatLongGenerator.BatchLatLongGenerator()
13:12:12.0 (836284)|STATEMENT_EXECUTE|[1]
13:12:12.0 (845927)|STATEMENT_EXECUTE|[1]
13:12:12.0 (854673)|METHOD_EXIT|[1]|BatchLatLongGenerator
13:12:12.0 (860455)|HEAP_ALLOCATE|[EXTERNAL]|Bytes:8
13:12:12.0 (879874)|HEAP_ALLOCATE|[EXTERNAL]|Bytes:11
13:12:12.0 (886375)|SYSTEM_METHOD_ENTRY|[15]|BatchableContextImpl.BatchableContextImpl()
13:12:12.0 (889125)|STATEMENT_EXECUTE|[15]
13:12:12.0 (896203)|SYSTEM_METHOD_EXIT|[15]|BatchableContextImpl
13:12:12.0 (899145)|HEAP_ALLOCATE|[EXTERNAL]|Bytes:12
13:12:12.0 (928654)|HEAP_ALLOCATE|[EXTERNAL]|Bytes:16
13:12:12.0 (938425)|VARIABLE_SCOPE_BEGIN|[15]|this|BatchLatLongGenerator|true|false
13:12:12.0 (1009547)|VARIABLE_ASSIGNMENT|[15]|this|{"query":"Select Id, Name, Bil (115 more) ..."}|0xb810827
13:12:12.0 (1015503)|VARIABLE_SCOPE_BEGIN|[15]|BC|Database.BatchableContext|true|false
13:12:12.0 (1127255)|VARIABLE_ASSIGNMENT|[15]|BC|{"childJobId":"70736000006EcucAAC","jobId":"70736000006EcsiAAC"}|0x7ad2bfb1
13:12:12.0 (1133064)|VARIABLE_SCOPE_BEGIN|[15]|scope|List<SObject>|true|false
13:12:12.0 (1180305)|VARIABLE_ASSIGNMENT|[15]|scope|{"s":1,"v":[{"s":2,"v":{"Id":"00136000008NvtkAAC","Name":"AB Partners, Inc.","BillingStreet":"31 East Roosevelt Ro (2 more) ...","BillingCity":"Chicago","BillingState":"IL","BillingCountry":"USA","BillingPostalCode":"60605"}},{"s":3,"v":{"Id":"00136000008NvtlAAC","Name":"Advanced Interconnec (10 more) ...","BillingStreet":"PO Box 1019","BillingCity":"West Warwick","BillingState":"RI","BillingCountry":"USA","BillingPostalCode":"02893-0919"}},{"s":4,"v":{"Id":"00136000008NvtmAAC","Name":"Aims Social","BillingStreet":"1419 Gunderson Ave","BillingCity":"Cook","BillingState":"IL","BillingCountry":"USA","BillingPostalCode":"60402"}}]}|0x74bed7d9
13:12:12.0 (1195507)|STATEMENT_EXECUTE|[15]
13:12:12.0 (1296278)|HEAP_ALLOCATE|[50]|Bytes:5
13:12:12.0 (1330612)|HEAP_ALLOCATE|[56]|Bytes:5
13:12:12.0 (1340588)|HEAP_ALLOCATE|[64]|Bytes:7
13:12:12.0 (1368123)|HEAP_ALLOCATE|[17]|Bytes:5
13:12:12.0 (1418488)|HEAP_ALLOCATE|[17]|Bytes:32
13:12:12.0 (1433741)|VARIABLE_SCOPE_BEGIN|[17]|acc|Account|true|false
13:12:12.0 (1453641)|VARIABLE_ASSIGNMENT|[17]|acc|{"s":1,"v":{"Id":"00136000008NvtkAAC","Name":"AB Partners, Inc.","BillingStreet":"31 East Roosevelt Ro (2 more) ...","BillingCity":"Chicago","BillingState":"IL","BillingCountry":"USA","BillingPostalCode":"60605"}}|0x53465e5d
13:12:12.0 (1459618)|STATEMENT_EXECUTE|[17]
13:12:12.0 (1461672)|STATEMENT_EXECUTE|[19]
13:12:12.0 (1467905)|VARIABLE_SCOPE_BEGIN|[19]|address|String|false|false
13:12:12.0 (1478353)|VARIABLE_ASSIGNMENT|[19]|address|""
13:12:12.0 (1495629)|STATEMENT_EXECUTE|[21]
13:12:12.0 (1497538)|STATEMENT_EXECUTE|[22]
13:12:12.0 (1502086)|HEAP_ALLOCATE|[22]|Bytes:1
13:12:12.0 (1524824)|HEAP_ALLOCATE|[22]|Bytes:23
13:12:12.0 (1530463)|HEAP_ALLOCATE|[22]|Bytes:23
13:12:12.0 (1538010)|VARIABLE_ASSIGNMENT|[22]|address|"31 East Roosevelt Ro (3 more) ..."
13:12:12.0 (1546031)|STATEMENT_EXECUTE|[24]
13:12:12.0 (1547771)|STATEMENT_EXECUTE|[25]
13:12:12.0 (1554018)|HEAP_ALLOCATE|[25]|Bytes:8
13:12:12.0 (1558484)|HEAP_ALLOCATE|[25]|Bytes:31
13:12:12.0 (1564659)|VARIABLE_ASSIGNMENT|[25]|address|"31 East Roosevelt Ro (11 more) ..."
13:12:12.0 (1571513)|STATEMENT_EXECUTE|[27]
13:12:12.0 (1573165)|STATEMENT_EXECUTE|[28]
13:12:12.0 (1578865)|HEAP_ALLOCATE|[28]|Bytes:3
13:12:12.0 (1583028)|HEAP_ALLOCATE|[28]|Bytes:34
13:12:12.0 (1588832)|VARIABLE_ASSIGNMENT|[28]|address|"31 East Roosevelt Ro (14 more) ..."
13:12:12.0 (1595451)|STATEMENT_EXECUTE|[30]
13:12:12.0 (1597109)|STATEMENT_EXECUTE|[31]
13:12:12.0 (1602349)|HEAP_ALLOCATE|[31]|Bytes:4
13:12:12.0 (1606609)|HEAP_ALLOCATE|[31]|Bytes:38
13:12:12.0 (1612413)|VARIABLE_ASSIGNMENT|[31]|address|"31 East Roosevelt Ro (18 more) ..."
13:12:12.0 (1618512)|STATEMENT_EXECUTE|[33]
13:12:12.0 (1620190)|STATEMENT_EXECUTE|[34]
13:12:12.0 (1625411)|HEAP_ALLOCATE|[34]|Bytes:6
13:12:12.0 (1629601)|HEAP_ALLOCATE|[34]|Bytes:44
13:12:12.0 (1635510)|VARIABLE_ASSIGNMENT|[34]|address|"31 East Roosevelt Ro (24 more) ..."
13:12:12.0 (1672975)|STATEMENT_EXECUTE|[37]
13:12:12.0 (1675366)|STATEMENT_EXECUTE|[38]
13:12:12.0 (1711154)|VARIABLE_SCOPE_BEGIN|[38]|req|System.HttpRequest|true|false
13:12:12.0 (1758851)|VARIABLE_ASSIGNMENT|[38]|req|"System.HttpRequest[Endpoint=null, Method=null]"|0x729d53bd
13:12:12.0 (1764645)|STATEMENT_EXECUTE|[40]
13:12:12.0 (1769054)|HEAP_ALLOCATE|[40]|Bytes:5
13:12:12.0 (1784946)|HEAP_ALLOCATE|[40]|Bytes:15
13:12:12.0 (1793477)|SYSTEM_METHOD_ENTRY|[1]|EncodingUtil.EncodingUtil()
13:12:12.0 (1796176)|STATEMENT_EXECUTE|[1]
13:12:12.0 (1802870)|SYSTEM_METHOD_EXIT|[1]|EncodingUtil
13:12:12.0 (1814448)|METHOD_ENTRY|[40]||System.EncodingUtil.urlEncode(String, String)
13:12:12.0 (1861015)|METHOD_EXIT|[40]||System.EncodingUtil.urlEncode(String, String)
13:12:12.0 (1871657)|VARIABLE_ASSIGNMENT|[40]|address|"31+East+Roosevelt+Ro (34 more) ..."
13:12:12.0 (1875708)|STATEMENT_EXECUTE|[41]
13:12:12.0 (1878618)|HEAP_ALLOCATE|[41]|Bytes:57
13:12:12.0 (1881600)|HEAP_ALLOCATE|[41]|Bytes:12
13:12:12.0 (1890992)|HEAP_ALLOCATE|[41]|Bytes:123
13:12:12.0 (1943240)|STATEMENT_EXECUTE|[42]
13:12:12.0 (1947357)|HEAP_ALLOCATE|[42]|Bytes:3
13:12:12.0 (1967474)|STATEMENT_EXECUTE|[43]
13:12:12.0 (1987568)|VARIABLE_SCOPE_BEGIN|[43]|http|System.Http|true|false
13:12:12.0 (2025856)|VARIABLE_ASSIGNMENT|[43]|http|"System.Http[]"|0x562ede4
13:12:12.0 (2031850)|STATEMENT_EXECUTE|[44]
13:12:12.0 (2038408)|VARIABLE_SCOPE_BEGIN|[44]|res|System.HttpResponse|true|false
13:12:12.0 (2045194)|VARIABLE_ASSIGNMENT|[44]|res|null|
13:12:12.0 (2059531)|HEAP_ALLOCATE|[45]|Bytes:57
13:12:12.0 (2067959)|SYSTEM_METHOD_ENTRY|[1]|Test.Test()
13:12:12.0 (2070400)|STATEMENT_EXECUTE|[1]
13:12:12.0 (2076615)|SYSTEM_METHOD_EXIT|[1]|Test
13:12:12.0 (2084838)|METHOD_ENTRY|[45]||System.Test.isRunningTest()
13:12:12.0 (2107361)|METHOD_EXIT|[45]||System.Test.isRunningTest()
13:12:12.0 (2115222)|STATEMENT_EXECUTE|[45]
13:12:12.0 (2116907)|STATEMENT_EXECUTE|[46]
13:12:12.0 (2182202)|CALLOUT_REQUEST|[46]|System.HttpRequest[Endpoint=https://maps.googleapis.com/maps/api/geocode/xml?address=31+East+Roosevelt+Road%2CChicago%2CIL%2CUSA%2C60605%2C&sensor=true, Method=GET]
13:12:12.0 (17895790)|HEAP_ALLOCATE|[EXTERNAL]|Bytes:743
13:12:12.0 (17962335)|CALLOUT_RESPONSE|[46]|System.HttpResponse[Status=OK, StatusCode=200]
13:12:12.0 (17977755)|HEAP_ALLOCATE|[46]|Bytes:314
13:12:12.0 (18023149)|VARIABLE_ASSIGNMENT|[46]|res|"System.HttpResponse[Status=OK, StatusCode=200]"|0xfe473b2
13:12:12.0 (18030850)|STATEMENT_EXECUTE|[57]
13:12:12.0 (18149352)|VARIABLE_SCOPE_BEGIN|[57]|doc|dom.Document|true|false
13:12:12.0 (18184815)|VARIABLE_ASSIGNMENT|[57]|doc|"Document[]"|0x17fcc948
13:12:12.0 (18190700)|STATEMENT_EXECUTE|[59]
13:12:12.0 (18221132)|VARIABLE_SCOPE_BEGIN|[59]|geocodeResponse|dom.XmlNode|true|false
13:12:12.0 (18284167)|VARIABLE_ASSIGNMENT|[59]|geocodeResponse|"XMLNode[ELEMENT,GeocodeResponse,null,null,null,[XMLNode[TEXT,null,null,null,null,null,\n ,], XMLNode[ELEMENT,status,null,null,null,[XMLNode[TEXT,null,null,null,null,null,OVER_QUERY_LIMIT,]],null,], XMLNode[TEXT,null,null,null,null,null,\n ,], XMLNode[ELEMENT,error_message,null,null,null,[XMLNode[TEXT,null,null,null,null,null,You have exceeded your daily request quota for this API. We recommend registering for a key at the Google Developers Console: https://console.developers.google.com/,]],null,], XMLNode[TEXT,null,null,null,null,null,\n,]],null,]"|0x461d9cd5
13:12:12.0 (18292244)|STATEMENT_EXECUTE|[60]
13:12:12.0 (18294102)|STATEMENT_EXECUTE|[62]
13:12:12.0 (18298055)|HEAP_ALLOCATE|[62]|Bytes:6
13:12:12.0 (18331187)|VARIABLE_SCOPE_BEGIN|[62]|result|dom.XmlNode|true|false
13:12:12.0 (18338598)|VARIABLE_ASSIGNMENT|[62]|result|null|
13:12:12.0 (18343100)|STATEMENT_EXECUTE|[63]
13:12:12.0 (18357595)|HEAP_ALLOCATE|[17]|Bytes:5
13:12:12.0 (18382608)|HEAP_ALLOCATE|[17]|Bytes:32
13:12:12.0 (18390870)|VARIABLE_SCOPE_BEGIN|[17]|acc|Account|true|false
13:12:12.0 (18411208)|VARIABLE_ASSIGNMENT|[17]|acc|{"s":1,"v":{"Id":"00136000008NvtlAAC","Name":"Advanced Interconnec (10 more) ...","BillingStreet":"PO Box 1019","BillingCity":"West Warwick","BillingState":"RI","BillingCountry":"USA","BillingPostalCode":"02893-0919"}}|0x735cac04
13:12:12.0 (18416128)|STATEMENT_EXECUTE|[17]
13:12:12.0 (18417786)|STATEMENT_EXECUTE|[19]
13:12:12.0 (18421194)|VARIABLE_SCOPE_BEGIN|[19]|address|String|false|false
13:12:12.0 (18425793)|VARIABLE_ASSIGNMENT|[19]|address|""
13:12:12.0 (18440728)|STATEMENT_EXECUTE|[21]
13:12:12.0 (18442562)|STATEMENT_EXECUTE|[22]
13:12:12.0 (18450329)|HEAP_ALLOCATE|[22]|Bytes:12
13:12:12.0 (18455562)|HEAP_ALLOCATE|[22]|Bytes:12
13:12:12.0 (18461891)|VARIABLE_ASSIGNMENT|[22]|address|"PO Box 1019,"
13:12:12.0 (18468231)|STATEMENT_EXECUTE|[24]
13:12:12.0 (18470099)|STATEMENT_EXECUTE|[25]
13:12:12.0 (18475104)|HEAP_ALLOCATE|[25]|Bytes:13
13:12:12.0 (18479181)|HEAP_ALLOCATE|[25]|Bytes:25
13:12:12.0 (18485493)|VARIABLE_ASSIGNMENT|[25]|address|"PO Box 1019,West War (5 more) ..."
13:12:12.0 (18491240)|STATEMENT_EXECUTE|[27]
13:12:12.0 (18492687)|STATEMENT_EXECUTE|[28]
13:12:12.0 (18497462)|HEAP_ALLOCATE|[28]|Bytes:3
13:12:12.0 (18501567)|HEAP_ALLOCATE|[28]|Bytes:28
13:12:12.0 (18507440)|VARIABLE_ASSIGNMENT|[28]|address|"PO Box 1019,West War (8 more) ..."
13:12:12.0 (18513091)|STATEMENT_EXECUTE|[30]
13:12:12.0 (18514603)|STATEMENT_EXECUTE|[31]
13:12:12.0 (18519164)|HEAP_ALLOCATE|[31]|Bytes:4
13:12:12.0 (18523194)|HEAP_ALLOCATE|[31]|Bytes:32
13:12:12.0 (18528984)|VARIABLE_ASSIGNMENT|[31]|address|"PO Box 1019,West War (12 more) ..."
13:12:12.0 (18534404)|STATEMENT_EXECUTE|[33]
13:12:12.0 (18535914)|STATEMENT_EXECUTE|[34]
13:12:12.0 (18540568)|HEAP_ALLOCATE|[34]|Bytes:11
13:12:12.0 (18544439)|HEAP_ALLOCATE|[34]|Bytes:43
13:12:12.0 (18550025)|VARIABLE_ASSIGNMENT|[34]|address|"PO Box 1019,West War (23 more) ..."
13:12:12.0 (18560549)|STATEMENT_EXECUTE|[37]
13:12:12.0 (18562267)|STATEMENT_EXECUTE|[38]
13:12:12.0 (18571775)|VARIABLE_SCOPE_BEGIN|[38]|req|System.HttpRequest|true|false
13:12:12.0 (18608008)|VARIABLE_ASSIGNMENT|[38]|req|"System.HttpRequest[Endpoint=null, Method=null]"|0x5482443f
13:12:12.0 (18613403)|STATEMENT_EXECUTE|[40]
13:12:12.0 (18623474)|METHOD_ENTRY|[40]||System.EncodingUtil.urlEncode(String, String)
13:12:12.0 (18656642)|METHOD_EXIT|[40]||System.EncodingUtil.urlEncode(String, String)
13:12:12.0 (18666492)|VARIABLE_ASSIGNMENT|[40]|address|"PO+Box+1019%2CWest+W (33 more) ..."
13:12:12.0 (18669879)|STATEMENT_EXECUTE|[41]
13:12:12.0 (18675527)|HEAP_ALLOCATE|[41]|Bytes:122
13:12:12.0 (18692604)|STATEMENT_EXECUTE|[42]
13:12:12.0 (18701195)|STATEMENT_EXECUTE|[43]
13:12:12.0 (18708749)|VARIABLE_SCOPE_BEGIN|[43]|http|System.Http|true|false
13:12:12.0 (18741485)|VARIABLE_ASSIGNMENT|[43]|http|"System.Http[]"|0x990e425
13:12:12.0 (18746447)|STATEMENT_EXECUTE|[44]
13:12:12.0 (18749721)|VARIABLE_SCOPE_BEGIN|[44]|res|System.HttpResponse|true|false
13:12:12.0 (18754712)|VARIABLE_ASSIGNMENT|[44]|res|null|
13:12:12.0 (18762848)|METHOD_ENTRY|[45]||System.Test.isRunningTest()
13:12:12.0 (18773327)|METHOD_EXIT|[45]||System.Test.isRunningTest()
13:12:12.0 (18778787)|STATEMENT_EXECUTE|[45]
13:12:12.0 (18780394)|STATEMENT_EXECUTE|[46]
13:12:12.0 (21445686)|CALLOUT_REQUEST|[46]|System.HttpRequest[Endpoint=https://maps.googleapis.com/maps/api/geocode/xml?address=PO+Box+1019%2CWest+Warwick%2CRI%2CUSA%2C02893-0919%2C&sensor=true, Method=GET]
13:12:12.0 (48441285)|HEAP_ALLOCATE|[EXTERNAL]|Bytes:743
13:12:12.0 (48529267)|CALLOUT_RESPONSE|[46]|System.HttpResponse[Status=OK, StatusCode=200]
13:12:12.0 (48550087)|HEAP_ALLOCATE|[46]|Bytes:314
13:12:12.0 (48638217)|VARIABLE_ASSIGNMENT|[46]|res|"System.HttpResponse[Status=OK, StatusCode=200]"|0x7f09dc97
13:12:12.0 (48650590)|STATEMENT_EXECUTE|[57]
13:12:12.0 (48774953)|VARIABLE_SCOPE_BEGIN|[57]|doc|dom.Document|true|false
13:12:12.0 (48811279)|VARIABLE_ASSIGNMENT|[57]|doc|"Document[]"|0x76b8dc0d
13:12:12.0 (48816922)|STATEMENT_EXECUTE|[59]
13:12:12.0 (48841020)|VARIABLE_SCOPE_BEGIN|[59]|geocodeResponse|dom.XmlNode|true|false
13:12:12.0 (48901725)|VARIABLE_ASSIGNMENT|[59]|geocodeResponse|"XMLNode[ELEMENT,GeocodeResponse,null,null,null,[XMLNode[TEXT,null,null,null,null,null,\n ,], XMLNode[ELEMENT,status,null,null,null,[XMLNode[TEXT,null,null,null,null,null,OVER_QUERY_LIMIT,]],null,], XMLNode[TEXT,null,null,null,null,null,\n ,], XMLNode[ELEMENT,error_message,null,null,null,[XMLNode[TEXT,null,null,null,null,null,You have exceeded your daily request quota for this API. We recommend registering for a key at the Google Developers Console: https://console.developers.google.com/,]],null,], XMLNode[TEXT,null,null,null,null,null,\n,]],null,]"|0x7fb1d914
13:12:12.0 (48911259)|STATEMENT_EXECUTE|[60]
13:12:12.0 (48913353)|STATEMENT_EXECUTE|[62]
13:12:12.0 (48936842)|VARIABLE_SCOPE_BEGIN|[62]|result|dom.XmlNode|true|false
13:12:12.0 (48944611)|VARIABLE_ASSIGNMENT|[62]|result|null|
13:12:12.0 (48948559)|STATEMENT_EXECUTE|[63]
13:12:12.0 (48973614)|HEAP_ALLOCATE|[17]|Bytes:5
13:12:12.0 (49022666)|HEAP_ALLOCATE|[17]|Bytes:32
13:12:12.0 (49037093)|VARIABLE_SCOPE_BEGIN|[17]|acc|Account|true|false
13:12:12.0 (49067476)|VARIABLE_ASSIGNMENT|[17]|acc|{"s":1,"v":{"Id":"00136000008NvtmAAC","Name":"Aims Social","BillingStreet":"1419 Gunderson Ave","BillingCity":"Cook","BillingState":"IL","BillingCountry":"USA","BillingPostalCode":"60402"}}|0x701f4278
13:12:12.0 (49073028)|STATEMENT_EXECUTE|[17]
13:12:12.0 (49074588)|STATEMENT_EXECUTE|[19]
13:12:12.0 (49079761)|VARIABLE_SCOPE_BEGIN|[19]|address|String|false|false
13:12:12.0 (49084744)|VARIABLE_ASSIGNMENT|[19]|address|""
13:12:12.0 (49103812)|STATEMENT_EXECUTE|[21]
13:12:12.0 (49105763)|STATEMENT_EXECUTE|[22]
13:12:12.0 (49118821)|HEAP_ALLOCATE|[22]|Bytes:19
13:12:12.0 (49124230)|HEAP_ALLOCATE|[22]|Bytes:19
13:12:12.0 (49130287)|VARIABLE_ASSIGNMENT|[22]|address|"1419 Gunderson Ave,"
13:12:12.0 (49137396)|STATEMENT_EXECUTE|[24]
13:12:12.0 (49138979)|STATEMENT_EXECUTE|[25]
13:12:12.0 (49144105)|HEAP_ALLOCATE|[25]|Bytes:5
13:12:12.0 (49148125)|HEAP_ALLOCATE|[25]|Bytes:24
13:12:12.0 (49154969)|VARIABLE_ASSIGNMENT|[25]|address|"1419 Gunderson Ave,C (4 more) ..."
13:12:12.0 (49161789)|STATEMENT_EXECUTE|[27]
13:12:12.0 (49163370)|STATEMENT_EXECUTE|[28]
13:12:12.0 (49168366)|HEAP_ALLOCATE|[28]|Bytes:3
13:12:12.0 (49172279)|HEAP_ALLOCATE|[28]|Bytes:27
13:12:12.0 (49178066)|VARIABLE_ASSIGNMENT|[28]|address|"1419 Gunderson Ave,C (7 more) ..."
13:12:12.0 (49184600)|STATEMENT_EXECUTE|[30]
13:12:12.0 (49186145)|STATEMENT_EXECUTE|[31]
13:12:12.0 (49191222)|HEAP_ALLOCATE|[31]|Bytes:4
13:12:12.0 (49195242)|HEAP_ALLOCATE|[31]|Bytes:31
13:12:12.0 (49201429)|VARIABLE_ASSIGNMENT|[31]|address|"1419 Gunderson Ave,C (11 more) ..."
13:12:12.0 (49207642)|STATEMENT_EXECUTE|[33]
13:12:12.0 (49209198)|STATEMENT_EXECUTE|[34]
13:12:12.0 (49214167)|HEAP_ALLOCATE|[34]|Bytes:6
13:12:12.0 (49218082)|HEAP_ALLOCATE|[34]|Bytes:37
13:12:12.0 (49223654)|VARIABLE_ASSIGNMENT|[34]|address|"1419 Gunderson Ave,C (17 more) ..."
13:12:12.0 (49246168)|STATEMENT_EXECUTE|[37]
13:12:12.0 (49248042)|STATEMENT_EXECUTE|[38]
13:12:12.0 (49263320)|VARIABLE_SCOPE_BEGIN|[38]|req|System.HttpRequest|true|false
13:12:12.0 (49301643)|VARIABLE_ASSIGNMENT|[38]|req|"System.HttpRequest[Endpoint=null, Method=null]"|0x112cbd9d
13:12:12.0 (49307130)|STATEMENT_EXECUTE|[40]
13:12:12.0 (49326045)|METHOD_ENTRY|[40]||System.EncodingUtil.urlEncode(String, String)
13:12:12.0 (49372767)|METHOD_EXIT|[40]||System.EncodingUtil.urlEncode(String, String)
13:12:12.0 (49382778)|VARIABLE_ASSIGNMENT|[40]|address|"1419+Gunderson+Ave%2 (27 more) ..."
13:12:12.0 (49386468)|STATEMENT_EXECUTE|[41]
13:12:12.0 (49393986)|HEAP_ALLOCATE|[41]|Bytes:116
13:12:12.0 (49414102)|STATEMENT_EXECUTE|[42]
13:12:12.0 (49424633)|STATEMENT_EXECUTE|[43]
13:12:12.0 (49439746)|VARIABLE_SCOPE_BEGIN|[43]|http|System.Http|true|false
13:12:12.0 (49475654)|VARIABLE_ASSIGNMENT|[43]|http|"System.Http[]"|0x1098cefc
13:12:12.0 (49481156)|STATEMENT_EXECUTE|[44]
13:12:12.0 (49484501)|VARIABLE_SCOPE_BEGIN|[44]|res|System.HttpResponse|true|false
13:12:12.0 (49489577)|VARIABLE_ASSIGNMENT|[44]|res|null|
13:12:12.0 (49499471)|METHOD_ENTRY|[45]||System.Test.isRunningTest()
13:12:12.0 (49512583)|METHOD_EXIT|[45]||System.Test.isRunningTest()
13:12:12.0 (49518949)|STATEMENT_EXECUTE|[45]
13:12:12.0 (49520576)|STATEMENT_EXECUTE|[46]
13:12:12.0 (51926889)|CALLOUT_REQUEST|[46]|System.HttpRequest[Endpoint=https://maps.googleapis.com/maps/api/geocode/xml?address=1419+Gunderson+Ave%2CCook%2CIL%2CUSA%2C60402%2C&sensor=true, Method=GET]
13:12:12.0 (67168936)|HEAP_ALLOCATE|[EXTERNAL]|Bytes:743
13:12:12.0 (67218448)|CALLOUT_RESPONSE|[46]|System.HttpResponse[Status=OK, StatusCode=200]
13:12:12.0 (67229500)|HEAP_ALLOCATE|[46]|Bytes:314
13:12:12.0 (67272768)|VARIABLE_ASSIGNMENT|[46]|res|"System.HttpResponse[Status=OK, StatusCode=200]"|0x367fa916
13:12:12.0 (67278780)|STATEMENT_EXECUTE|[57]
13:12:12.0 (67351663)|VARIABLE_SCOPE_BEGIN|[57]|doc|dom.Document|true|false
13:12:12.0 (67383547)|VARIABLE_ASSIGNMENT|[57]|doc|"Document[]"|0x78cab590
13:12:12.0 (67388578)|STATEMENT_EXECUTE|[59]
13:12:12.0 (67410250)|VARIABLE_SCOPE_BEGIN|[59]|geocodeResponse|dom.XmlNode|true|false
13:12:12.0 (67472633)|VARIABLE_ASSIGNMENT|[59]|geocodeResponse|"XMLNode[ELEMENT,GeocodeResponse,null,null,null,[XMLNode[TEXT,null,null,null,null,null,\n ,], XMLNode[ELEMENT,status,null,null,null,[XMLNode[TEXT,null,null,null,null,null,OVER_QUERY_LIMIT,]],null,], XMLNode[TEXT,null,null,null,null,null,\n ,], XMLNode[ELEMENT,error_message,null,null,null,[XMLNode[TEXT,null,null,null,null,null,You have exceeded your daily request quota for this API. We recommend registering for a key at the Google Developers Console: https://console.developers.google.com/,]],null,], XMLNode[TEXT,null,null,null,null,null,\n,]],null,]"|0x6d5415a8
13:12:12.0 (67480928)|STATEMENT_EXECUTE|[60]
13:12:12.0 (67482532)|STATEMENT_EXECUTE|[62]
13:12:12.0 (67499199)|VARIABLE_SCOPE_BEGIN|[62]|result|dom.XmlNode|true|false
13:12:12.0 (67505673)|VARIABLE_ASSIGNMENT|[62]|result|null|
13:12:12.0 (67508929)|STATEMENT_EXECUTE|[63]
13:12:12.0 (70079571)|HEAP_ALLOCATE|[17]|Bytes:5
13:12:12.0 (70096893)|VARIABLE_ASSIGNMENT|[17]|acc|null|
13:12:12.0 (70102786)|STATEMENT_EXECUTE|[88]
13:12:12.0 (70177840)|DML_BEGIN|[88]|Op:Update|Type:Account|Rows:3
13:12:12.0 (70202459)|HEAP_ALLOCATE|[EXTERNAL]|Bytes:16
13:12:12.0 (78428993)|CODE_UNIT_STARTED|[EXTERNAL]|DuplicateDetector
13:12:12.0 (78442772)|DUPLICATE_DETECTION_BEGIN
13:12:12.0 (78506059)|DUPLICATE_DETECTION_RULE_INVOCATION|DuplicateRuleId:0Bm36000000pmhL|DuplicateRuleName:Standard Account duplicate rule|DmlType:UPDATE
13:12:12.0 (78512112)|DUPLICATE_DETECTION_END
13:12:12.0 (78551998)|CODE_UNIT_FINISHED|DuplicateDetector
13:12:12.0 (99425401)|DML_END|[88]
13:12:12.0 (99459818)|HEAP_ALLOCATE|[EXTERNAL]|Bytes:16
13:12:12.0 (99493320)|CODE_UNIT_FINISHED|BatchLatLongGenerator
13:12:12.0 (100648850)|EXECUTION_FINISHED
