33.0 APEX_CODE,FINEST;APEX_PROFILING,INFO;CALLOUT,INFO;DB,INFO;SYSTEM,DEBUG;VALIDATION,INFO;VISUALFORCE,INFO;WORKFLOW,INFO
13:52:27.0 (440032)|EXECUTION_STARTED
13:52:27.0 (474262)|CODE_UNIT_STARTED|[EXTERNAL]|06636000001wbt2|VF: /apex/CellStandAloneSample
13:52:27.5 (5110702)|CUMULATIVE_LIMIT_USAGE
13:52:27.5 (5110702)|LIMIT_USAGE_FOR_NS|(default)|
  Number of SOQL queries: 0 out of 100
  Number of query rows: 0 out of 50000
  Number of SOSL queries: 0 out of 20
  Number of DML statements: 0 out of 150
  Number of DML rows: 0 out of 10000
  Maximum CPU time: 0 out of 10000
  Maximum heap size: 0 out of 6000000
  Number of callouts: 0 out of 100
  Number of Email Invocations: 0 out of 10
  Number of future calls: 0 out of 50
  Number of queueable jobs added to the queue: 0 out of 50
  Number of Mobile Apex push calls: 0 out of 10

13:52:27.5 (5110702)|CUMULATIVE_LIMIT_USAGE_END

13:52:27.0 (5174617)|CODE_UNIT_FINISHED|VF: /apex/CellStandAloneSample
13:52:27.0 (6148508)|EXECUTION_FINISHED
