36.0 APEX_CODE,FINEST;APEX_PROFILING,INFO;CALLOUT,INFO;DB,INFO;SYSTEM,DEBUG;VALIDATION,INFO;VISUALFORCE,INFO;WORKFLOW,INFO
13:40:03.0 (508226)|EXECUTION_STARTED
13:40:03.0 (578121)|CODE_UNIT_STARTED|[EXTERNAL]|01p360000053AMn|BatchLatLongGenerator
13:40:03.0 (4245674)|HEAP_ALLOCATE|[72]|Bytes:3
13:40:03.0 (4314765)|HEAP_ALLOCATE|[77]|Bytes:152
13:40:03.0 (4343232)|HEAP_ALLOCATE|[342]|Bytes:408
13:40:03.0 (4358841)|HEAP_ALLOCATE|[355]|Bytes:408
13:40:03.0 (4372046)|HEAP_ALLOCATE|[467]|Bytes:48
13:40:03.0 (4405984)|HEAP_ALLOCATE|[139]|Bytes:6
13:40:03.0 (6684270)|HEAP_ALLOCATE|[EXTERNAL]|Bytes:143
13:40:03.0 (13112847)|HEAP_ALLOCATE|[EXTERNAL]|Bytes:11
13:40:03.0 (13134947)|SYSTEM_METHOD_ENTRY|[15]|BatchableContextImpl.BatchableContextImpl()
13:40:03.0 (13145033)|STATEMENT_EXECUTE|[15]
13:40:03.0 (13158171)|SYSTEM_METHOD_EXIT|[15]|BatchableContextImpl
13:40:03.0 (13165920)|HEAP_ALLOCATE|[EXTERNAL]|Bytes:12
13:40:03.0 (13170467)|HEAP_ALLOCATE|[EXTERNAL]|Bytes:4
13:40:03.0 (13172530)|HEAP_ALLOCATE|[EXTERNAL]|Bytes:4
13:40:03.0 (13178320)|VARIABLE_SCOPE_BEGIN|[31]|this|Database.BatchableContextImpl|true|false
13:40:03.0 (13254304)|VARIABLE_ASSIGNMENT|[31]|this|{}|0x6860b89
13:40:03.0 (13259403)|VARIABLE_SCOPE_BEGIN|[31]|jobId|Id|false|false
13:40:03.0 (13339745)|VARIABLE_ASSIGNMENT|[31]|jobId|"70736000006Ehk0AAC"
13:40:03.0 (13345184)|VARIABLE_SCOPE_BEGIN|[31]|childJobId|Id|false|false
13:40:03.0 (13384036)|VARIABLE_ASSIGNMENT|[31]|childJobId|"70736000006EhjrAAC"
13:40:03.0 (27990010)|HEAP_ALLOCATE|[EXTERNAL]|Bytes:256
13:40:04.963 (1963731835)|CUMULATIVE_LIMIT_USAGE
13:40:04.963 (1963731835)|LIMIT_USAGE_FOR_NS|(default)|
  Number of SOQL queries: 0 out of 200
  Number of query rows: 0 out of 50000
  Number of SOSL queries: 0 out of 20
  Number of DML statements: 0 out of 150
  Number of DML rows: 0 out of 10000
  Maximum CPU time: 0 out of 60000
  Maximum heap size: 0 out of 12000000
  Number of callouts: 0 out of 0
  Number of Email Invocations: 0 out of 10
  Number of future calls: 0 out of 0
  Number of queueable jobs added to the queue: 0 out of 1
  Number of Mobile Apex push calls: 0 out of 10

13:40:04.963 (1963731835)|CUMULATIVE_LIMIT_USAGE_END

13:40:04.963 (1963834440)|CODE_UNIT_FINISHED|BatchLatLongGenerator
13:40:04.963 (1964943899)|EXECUTION_FINISHED
