36.0 APEX_CODE,FINEST;APEX_PROFILING,INFO;CALLOUT,INFO;DB,INFO;SYSTEM,DEBUG;VALIDATION,INFO;VISUALFORCE,INFO;WORKFLOW,INFO
14:15:51.0 (88333)|EXECUTION_STARTED
14:15:51.0 (122183)|CODE_UNIT_STARTED|[EXTERNAL]|aura
14:15:51.0 (592383)|HEAP_ALLOCATE|[72]|Bytes:3
14:15:51.0 (659741)|HEAP_ALLOCATE|[77]|Bytes:152
14:15:51.0 (681716)|HEAP_ALLOCATE|[342]|Bytes:408
14:15:51.0 (699858)|HEAP_ALLOCATE|[355]|Bytes:408
14:15:51.0 (716554)|HEAP_ALLOCATE|[467]|Bytes:48
14:15:51.0 (748410)|HEAP_ALLOCATE|[139]|Bytes:6
14:15:51.0 (778288)|HEAP_ALLOCATE|[EXTERNAL]|Bytes:193
14:15:51.0 (795968)|HEAP_ALLOCATE|[EXTERNAL]|Bytes:193
14:15:51.0 (2022151)|CODE_UNIT_STARTED|[EXTERNAL]|01p360000053CeT|CellController.forceUpdate
14:15:51.0 (2173402)|HEAP_ALLOCATE|[EXTERNAL]|Bytes:19
14:15:51.0 (2180192)|HEAP_ALLOCATE|[EXTERNAL]|Bytes:22
14:15:51.0 (2195407)|METHOD_ENTRY|[1]|01p360000053CeT|CellController.CellController()
14:15:51.0 (2207001)|STATEMENT_EXECUTE|[1]
14:15:51.0 (2215905)|STATEMENT_EXECUTE|[1]
14:15:51.0 (2254838)|HEAP_ALLOCATE|[50]|Bytes:5
14:15:51.0 (2282782)|HEAP_ALLOCATE|[56]|Bytes:5
14:15:51.0 (2292117)|HEAP_ALLOCATE|[64]|Bytes:7
14:15:51.0 (2318247)|SYSTEM_MODE_ENTER|false
14:15:51.0 (2338883)|HEAP_ALLOCATE|[EXTERNAL]|Bytes:5
14:15:51.0 (2344666)|STATEMENT_EXECUTE|[2]
14:15:51.0 (2346727)|STATEMENT_EXECUTE|[69]
14:15:51.0 (2351780)|SYSTEM_MODE_EXIT|false
14:15:51.0 (2363991)|METHOD_EXIT|[1]|CellController
14:15:51.0 (2369100)|HEAP_ALLOCATE|[EXTERNAL]|Bytes:193
14:15:51.0 (2374641)|SYSTEM_MODE_ENTER|false
14:15:51.0 (2387422)|VARIABLE_SCOPE_BEGIN|[18]|recordList|String|false|false
14:15:51.0 (2423068)|VARIABLE_ASSIGNMENT|[18]|recordList|"[{\"Name\":\"Pardot\",\"I (173 more) ..."
14:15:51.0 (2438502)|HEAP_ALLOCATE|[19]|Bytes:5
14:15:51.0 (2443074)|STATEMENT_EXECUTE|[18]
14:15:51.0 (2444959)|STATEMENT_EXECUTE|[19]
14:15:51.0 (2461168)|METHOD_ENTRY|[19]|01p360000053CeT|CellController.convertJSONToListOfSObject(String)
14:15:51.0 (2496302)|VARIABLE_SCOPE_BEGIN|[23]|json|String|false|false
14:15:51.0 (2505716)|VARIABLE_ASSIGNMENT|[23]|json|"[{\"Name\":\"Pardot\",\"I (173 more) ..."
14:15:51.0 (2513815)|HEAP_ALLOCATE|[24]|Bytes:5
14:15:51.0 (2518735)|STATEMENT_EXECUTE|[23]
14:15:51.0 (2520490)|STATEMENT_EXECUTE|[24]
14:15:51.0 (2568394)|HEAP_ALLOCATE|[24]|Bytes:18
14:15:51.0 (2582155)|SYSTEM_METHOD_ENTRY|[1]|JSON.JSON()
14:15:51.0 (2586039)|STATEMENT_EXECUTE|[1]
14:15:51.0 (2595150)|SYSTEM_METHOD_EXIT|[1]|JSON
14:15:51.0 (2608320)|METHOD_ENTRY|[24]||System.JSON.deserializeUntyped(String)
14:15:51.0 (3348032)|METHOD_EXIT|[24]||System.JSON.deserializeUntyped(String)
14:15:51.0 (3359933)|VARIABLE_SCOPE_BEGIN|[24]|values|List<ANY>|true|false
14:15:51.0 (3394132)|HEAP_ALLOCATE|[EXTERNAL]|Bytes:8
14:15:51.0 (3429999)|VARIABLE_ASSIGNMENT|[24]|values|{"s":1,"v":[{"s":2,"v":"Map of size 8 too large to display"}]}|0x3dcae895
14:15:51.0 (3436064)|STATEMENT_EXECUTE|[26]
14:15:51.0 (3443423)|HEAP_ALLOCATE|[26]|Bytes:4
14:15:51.0 (3484532)|VARIABLE_SCOPE_BEGIN|[26]|newSObjectsList|List<SObject>|true|false
14:15:51.0 (3492477)|HEAP_ALLOCATE|[EXTERNAL]|Bytes:4
14:15:51.0 (3505108)|VARIABLE_ASSIGNMENT|[26]|newSObjectsList|{"s":1,"v":[]}|0x33e55eb9
14:15:51.0 (3594185)|HEAP_ALLOCATE|[27]|Bytes:5
14:15:51.0 (3617963)|HEAP_ALLOCATE|[27]|Bytes:36
14:15:51.0 (3628744)|VARIABLE_SCOPE_BEGIN|[27]|v|Object|false|false
14:15:51.0 (3646971)|VARIABLE_ASSIGNMENT|[27]|v|{"s":1,"v":"Map of size 8 too large to display"}
14:15:51.0 (3652385)|STATEMENT_EXECUTE|[27]
14:15:51.0 (3654191)|STATEMENT_EXECUTE|[28]
14:15:51.0 (3658739)|VARIABLE_SCOPE_BEGIN|[28]|m|Map<String,ANY>|true|false
14:15:51.0 (3670176)|VARIABLE_ASSIGNMENT|[28]|m|{"s":1,"v":"Map of size 8 too large to display"}|0x3e328c9e
14:15:51.0 (3675761)|HEAP_ALLOCATE|[30]|Bytes:11
14:15:51.0 (3714082)|STATEMENT_EXECUTE|[30]
14:15:51.0 (3717041)|STATEMENT_EXECUTE|[36]
14:15:51.0 (31643387)|HEAP_ALLOCATE|[36]|Bytes:1992
14:15:51.0 (31699794)|VARIABLE_SCOPE_BEGIN|[36]|targetType|Schema.SObjectType|true|false
14:15:51.0 (31811225)|VARIABLE_ASSIGNMENT|[36]|targetType|"common.apex.runtime.impl.ApexSObjectTypeToken@713c9421"|0x713c9421
14:15:51.0 (31822027)|STATEMENT_EXECUTE|[38]
14:15:51.0 (31824430)|STATEMENT_EXECUTE|[44]
14:15:51.0 (31932146)|HEAP_ALLOCATE|[44]|Bytes:4
14:15:51.0 (31942964)|VARIABLE_SCOPE_BEGIN|[44]|o|SObject|true|false
14:15:51.0 (31958474)|VARIABLE_ASSIGNMENT|[44]|o|{}|0x42493da3
14:15:51.0 (31962812)|STATEMENT_EXECUTE|[46]
14:15:51.0 (32542903)|HEAP_ALLOCATE|[46]|Bytes:4
14:15:51.0 (33552963)|HEAP_ALLOCATE|[46]|Bytes:428
14:15:51.0 (33564709)|VARIABLE_SCOPE_BEGIN|[46]|fields|Map<String,Schema.SObjectField>|true|false
14:15:51.0 (33737646)|VARIABLE_ASSIGNMENT|[46]|fields|"{accountnumber=AccountNumber, accountsource=AccountSource, activeliveagentuser__pc=ActiveLiveAgentUser__pc, annualrevenue=AnnualRevenue, billingaddress=BillingAddress, billingcity=BillingCity, billingcountry=BillingCountry, billinglatitude=BillingLatitude, billinglongitude=BillingLongitude, billingpostalcode=BillingPostalCode, ...}"|0x51ab5a7f
14:15:51.0 (33754316)|HEAP_ALLOCATE|[47]|Bytes:4
14:15:51.0 (33832221)|HEAP_ALLOCATE|[47]|Bytes:104
14:15:51.0 (33854231)|HEAP_ALLOCATE|[47]|Bytes:32
14:15:51.0 (33883492)|HEAP_ALLOCATE|[47]|Bytes:5
14:15:51.0 (33900785)|VARIABLE_SCOPE_BEGIN|[47]|fieldName|String|false|false
14:15:51.0 (33908914)|VARIABLE_ASSIGNMENT|[47]|fieldName|"Name"
14:15:51.0 (33913813)|STATEMENT_EXECUTE|[47]
14:15:51.0 (33915854)|STATEMENT_EXECUTE|[49]
14:15:51.0 (33957818)|VARIABLE_SCOPE_BEGIN|[49]|fi|Schema.SObjectField|true|false
14:15:51.0 (34011820)|VARIABLE_ASSIGNMENT|[49]|fi|"common.apex.runtime.impl.ApexFieldToken@5201b838"|0x5201b838
14:15:51.0 (34020685)|STATEMENT_EXECUTE|[50]
14:15:51.0 (34024812)|HEAP_ALLOCATE|[51]|Bytes:2
14:15:51.0 (34370704)|HEAP_ALLOCATE|[51]|Bytes:8
14:15:51.0 (34423337)|HEAP_ALLOCATE|[51]|Bytes:8
14:15:51.0 (34445907)|STATEMENT_EXECUTE|[51]
14:15:51.0 (34485906)|HEAP_ALLOCATE|[52]|Bytes:8
14:15:51.0 (35424560)|HEAP_ALLOCATE|[52]|Bytes:12
14:15:51.0 (35464538)|HEAP_ALLOCATE|[52]|Bytes:6
14:15:51.0 (35477934)|HEAP_ALLOCATE|[52]|Bytes:4
14:15:51.0 (35492617)|STATEMENT_EXECUTE|[56]
14:15:51.0 (35495067)|STATEMENT_EXECUTE|[57]
14:15:51.0 (35603680)|HEAP_ALLOCATE|[47]|Bytes:5
14:15:51.0 (35616780)|VARIABLE_SCOPE_BEGIN|[47]|fieldName|String|false|false
14:15:51.0 (35625023)|VARIABLE_ASSIGNMENT|[47]|fieldName|"Industry"
14:15:51.0 (35629221)|STATEMENT_EXECUTE|[47]
14:15:51.0 (35631014)|STATEMENT_EXECUTE|[49]
14:15:51.0 (35645629)|VARIABLE_SCOPE_BEGIN|[49]|fi|Schema.SObjectField|true|false
14:15:51.0 (35697888)|VARIABLE_ASSIGNMENT|[49]|fi|"common.apex.runtime.impl.ApexFieldToken@1924b39b"|0x1924b39b
14:15:51.0 (35705058)|STATEMENT_EXECUTE|[50]
14:15:51.0 (36069656)|HEAP_ALLOCATE|[51]|Bytes:8
14:15:51.0 (36106148)|HEAP_ALLOCATE|[51]|Bytes:8
14:15:51.0 (36118980)|STATEMENT_EXECUTE|[51]
14:15:51.0 (36138596)|HEAP_ALLOCATE|[52]|Bytes:8
14:15:51.0 (36165508)|HEAP_ALLOCATE|[52]|Bytes:12
14:15:51.0 (36186252)|HEAP_ALLOCATE|[52]|Bytes:8
14:15:51.0 (36203476)|STATEMENT_EXECUTE|[56]
14:15:51.0 (36205834)|STATEMENT_EXECUTE|[57]
14:15:51.0 (36271018)|HEAP_ALLOCATE|[47]|Bytes:5
14:15:51.0 (36284245)|VARIABLE_SCOPE_BEGIN|[47]|fieldName|String|false|false
14:15:51.0 (36292139)|VARIABLE_ASSIGNMENT|[47]|fieldName|"Phone"
14:15:51.0 (36296111)|STATEMENT_EXECUTE|[47]
14:15:51.0 (36297709)|STATEMENT_EXECUTE|[49]
14:15:51.0 (36312068)|VARIABLE_SCOPE_BEGIN|[49]|fi|Schema.SObjectField|true|false
14:15:51.0 (36364096)|VARIABLE_ASSIGNMENT|[49]|fi|"common.apex.runtime.impl.ApexFieldToken@c1ed5b4"|0xc1ed5b4
14:15:51.0 (36371350)|STATEMENT_EXECUTE|[50]
14:15:51.0 (36535805)|HEAP_ALLOCATE|[51]|Bytes:8
14:15:51.0 (36569689)|HEAP_ALLOCATE|[51]|Bytes:8
14:15:51.0 (36582009)|STATEMENT_EXECUTE|[51]
14:15:51.0 (36601444)|HEAP_ALLOCATE|[52]|Bytes:8
14:15:51.0 (36626948)|HEAP_ALLOCATE|[52]|Bytes:12
14:15:51.0 (36646891)|HEAP_ALLOCATE|[52]|Bytes:5
14:15:51.0 (36664264)|STATEMENT_EXECUTE|[56]
14:15:51.0 (36666558)|STATEMENT_EXECUTE|[57]
14:15:51.0 (36725682)|HEAP_ALLOCATE|[47]|Bytes:5
14:15:51.0 (36738403)|VARIABLE_SCOPE_BEGIN|[47]|fieldName|String|false|false
14:15:51.0 (36745970)|VARIABLE_ASSIGNMENT|[47]|fieldName|"Id"
14:15:51.0 (36750075)|STATEMENT_EXECUTE|[47]
14:15:51.0 (36751690)|STATEMENT_EXECUTE|[49]
14:15:51.0 (36765365)|VARIABLE_SCOPE_BEGIN|[49]|fi|Schema.SObjectField|true|false
14:15:51.0 (36815886)|VARIABLE_ASSIGNMENT|[49]|fi|"common.apex.runtime.impl.ApexFieldToken@b6cacc5"|0xb6cacc5
14:15:51.0 (36822894)|STATEMENT_EXECUTE|[50]
14:15:51.0 (36835158)|STATEMENT_EXECUTE|[51]
14:15:51.0 (36955373)|HEAP_ALLOCATE|[52]|Bytes:8
14:15:51.0 (36984220)|HEAP_ALLOCATE|[52]|Bytes:12
14:15:51.0 (37003929)|HEAP_ALLOCATE|[52]|Bytes:2
14:15:51.0 (37021732)|STATEMENT_EXECUTE|[56]
14:15:51.0 (37024052)|STATEMENT_EXECUTE|[57]
14:15:51.0 (37076197)|HEAP_ALLOCATE|[47]|Bytes:5
14:15:51.0 (37088315)|VARIABLE_SCOPE_BEGIN|[47]|fieldName|String|false|false
14:15:51.0 (37096242)|VARIABLE_ASSIGNMENT|[47]|fieldName|"BillingLatitude"
14:15:51.0 (37100652)|STATEMENT_EXECUTE|[47]
14:15:51.0 (37102284)|STATEMENT_EXECUTE|[49]
14:15:51.0 (37116228)|VARIABLE_SCOPE_BEGIN|[49]|fi|Schema.SObjectField|true|false
14:15:51.0 (37166783)|VARIABLE_ASSIGNMENT|[49]|fi|"common.apex.runtime.impl.ApexFieldToken@1c18e076"|0x1c18e076
14:15:51.0 (37173826)|STATEMENT_EXECUTE|[50]
14:15:51.0 (37327745)|HEAP_ALLOCATE|[51]|Bytes:8
14:15:51.0 (37361257)|HEAP_ALLOCATE|[51]|Bytes:8
14:15:51.0 (37373739)|STATEMENT_EXECUTE|[51]
14:15:51.0 (37393225)|HEAP_ALLOCATE|[52]|Bytes:8
14:15:51.0 (37417564)|HEAP_ALLOCATE|[52]|Bytes:12
14:15:51.0 (37436890)|HEAP_ALLOCATE|[52]|Bytes:6
14:15:51.0 (37453887)|STATEMENT_EXECUTE|[56]
14:15:51.0 (37456109)|STATEMENT_EXECUTE|[57]
14:15:51.0 (37472221)|HEAP_ALLOCATE|[57]|Bytes:28
14:15:51.0 (37526672)|HEAP_ALLOCATE|[47]|Bytes:5
14:15:51.0 (37538847)|VARIABLE_SCOPE_BEGIN|[47]|fieldName|String|false|false
14:15:51.0 (37546487)|VARIABLE_ASSIGNMENT|[47]|fieldName|"isDirty"
14:15:51.0 (37550776)|STATEMENT_EXECUTE|[47]
14:15:51.0 (37552377)|STATEMENT_EXECUTE|[49]
14:15:51.0 (37564013)|VARIABLE_SCOPE_BEGIN|[49]|fi|Schema.SObjectField|true|false
14:15:51.0 (37570052)|VARIABLE_ASSIGNMENT|[49]|fi|null|
14:15:51.0 (37573319)|STATEMENT_EXECUTE|[50]
14:15:51.0 (37581637)|HEAP_ALLOCATE|[47]|Bytes:5
14:15:51.0 (37590472)|VARIABLE_SCOPE_BEGIN|[47]|fieldName|String|false|false
14:15:51.0 (37596411)|VARIABLE_ASSIGNMENT|[47]|fieldName|"BillingLongitude"
14:15:51.0 (37599531)|STATEMENT_EXECUTE|[47]
14:15:51.0 (37601042)|STATEMENT_EXECUTE|[49]
14:15:51.0 (37613496)|VARIABLE_SCOPE_BEGIN|[49]|fi|Schema.SObjectField|true|false
14:15:51.0 (37663573)|VARIABLE_ASSIGNMENT|[49]|fi|"common.apex.runtime.impl.ApexFieldToken@325669c9"|0x325669c9
14:15:51.0 (37670582)|STATEMENT_EXECUTE|[50]
14:15:51.0 (37808271)|HEAP_ALLOCATE|[51]|Bytes:8
14:15:51.0 (37841101)|HEAP_ALLOCATE|[51]|Bytes:8
14:15:51.0 (37853483)|STATEMENT_EXECUTE|[51]
14:15:51.0 (37872487)|HEAP_ALLOCATE|[52]|Bytes:8
14:15:51.0 (37896787)|HEAP_ALLOCATE|[52]|Bytes:12
14:15:51.0 (37916235)|HEAP_ALLOCATE|[52]|Bytes:6
14:15:51.0 (37932891)|STATEMENT_EXECUTE|[56]
14:15:51.0 (37935106)|STATEMENT_EXECUTE|[57]
14:15:51.0 (37947245)|HEAP_ALLOCATE|[57]|Bytes:28
14:15:51.0 (37998292)|HEAP_ALLOCATE|[47]|Bytes:5
14:15:51.0 (38010266)|VARIABLE_SCOPE_BEGIN|[47]|fieldName|String|false|false
14:15:51.0 (38018920)|VARIABLE_ASSIGNMENT|[47]|fieldName|"sobjectType"
14:15:51.0 (38022995)|STATEMENT_EXECUTE|[47]
14:15:51.0 (38024687)|STATEMENT_EXECUTE|[49]
14:15:51.0 (38036041)|VARIABLE_SCOPE_BEGIN|[49]|fi|Schema.SObjectField|true|false
14:15:51.0 (38041164)|VARIABLE_ASSIGNMENT|[49]|fi|null|
14:15:51.0 (38044194)|STATEMENT_EXECUTE|[50]
14:15:51.0 (38052627)|HEAP_ALLOCATE|[47]|Bytes:5
14:15:51.0 (38061481)|VARIABLE_ASSIGNMENT|[47]|fieldName|null
14:15:51.0 (38065142)|STATEMENT_EXECUTE|[63]
14:15:51.0 (38097145)|HEAP_ALLOCATE|[EXTERNAL]|Bytes:4
14:15:51.0 (38113151)|HEAP_ALLOCATE|[27]|Bytes:5
14:15:51.0 (38127150)|VARIABLE_ASSIGNMENT|[27]|v|null
14:15:51.0 (38131595)|STATEMENT_EXECUTE|[66]
14:15:51.0 (38141567)|METHOD_EXIT|[19]|01p360000053CeT|CellController.convertJSONToListOfSObject(String)
14:15:51.0 (38146383)|VARIABLE_SCOPE_BEGIN|[19]|soList|List<SObject>|true|false
14:15:51.0 (38172618)|VARIABLE_ASSIGNMENT|[19]|soList|{"s":1,"v":[{"Name":"Pardot","Industry":"Technology","Phone":"(404) 492-6845","Id":"00136000009QxwuAAC","BillingLatitude":33.8469412,"BillingLongitude":-84.3595236}]}|0x33e55eb9
14:15:51.0 (38177488)|STATEMENT_EXECUTE|[20]
14:15:51.0 (41629357)|HEAP_ALLOCATE|[20]|Bytes:10
14:15:51.0 (41637361)|HEAP_ALLOCATE|[20]|Bytes:31
14:15:51.0 (41640336)|HEAP_ALLOCATE|[20]|Bytes:7
14:15:51.0 (41663945)|METHOD_ENTRY|[1]|01p360000053CeU|CellCrud.CellCrud()
14:15:51.0 (41669160)|STATEMENT_EXECUTE|[1]
14:15:51.0 (41675867)|STATEMENT_EXECUTE|[1]
14:15:51.0 (41682284)|HEAP_ALLOCATE|[20]|Bytes:5
14:15:51.0 (41685979)|STATEMENT_EXECUTE|[2]
14:15:51.0 (41695203)|METHOD_EXIT|[1]|CellCrud
14:15:51.0 (41729735)|METHOD_ENTRY|[20]|01p360000053CeU|CellCrud.supdate(List<SObject>)
14:15:51.0 (41760170)|VARIABLE_SCOPE_BEGIN|[64]|os|List<SObject>|true|false
14:15:51.0 (41782202)|VARIABLE_ASSIGNMENT|[64]|os|{"s":1,"v":[{"Name":"Pardot","Industry":"Technology","Phone":"(404) 492-6845","Id":"00136000009QxwuAAC","BillingLatitude":33.8469412,"BillingLongitude":-84.3595236}]}|0x33e55eb9
14:15:51.0 (41792528)|HEAP_ALLOCATE|[65]|Bytes:5
14:15:51.0 (41798171)|STATEMENT_EXECUTE|[64]
14:15:51.0 (41800104)|STATEMENT_EXECUTE|[65]
14:15:51.0 (41822703)|METHOD_ENTRY|[65]|01p360000053CeU|CellCrud.supdate(List<SObject>, Boolean)
14:15:51.0 (41886907)|VARIABLE_SCOPE_BEGIN|[72]|os|List<SObject>|true|false
14:15:51.0 (41906770)|VARIABLE_ASSIGNMENT|[72]|os|{"s":1,"v":[{"Name":"Pardot","Industry":"Technology","Phone":"(404) 492-6845","Id":"00136000009QxwuAAC","BillingLatitude":33.8469412,"BillingLongitude":-84.3595236}]}|0x33e55eb9
14:15:51.0 (41913962)|VARIABLE_SCOPE_BEGIN|[72]|strict|Boolean|false|false
14:15:51.0 (41918432)|VARIABLE_ASSIGNMENT|[72]|strict|false
14:15:51.0 (41924903)|HEAP_ALLOCATE|[73]|Bytes:5
14:15:51.0 (41929967)|STATEMENT_EXECUTE|[72]
14:15:51.0 (41958742)|STATEMENT_EXECUTE|[73]
14:15:51.0 (41961194)|STATEMENT_EXECUTE|[77]
14:15:51.0 (41973712)|HEAP_ALLOCATE|[77]|Bytes:28
14:15:51.0 (42026268)|VARIABLE_SCOPE_BEGIN|[77]|targetType|Schema.SObjectType|true|false
14:15:51.0 (42081276)|VARIABLE_ASSIGNMENT|[77]|targetType|"common.apex.runtime.impl.ApexSObjectTypeToken@713c9421"|0x713c9421
14:15:51.0 (42088488)|STATEMENT_EXECUTE|[78]
14:15:51.0 (42090515)|STATEMENT_EXECUTE|[84]
14:15:51.0 (42132223)|HEAP_ALLOCATE|[84]|Bytes:4
14:15:51.0 (42174306)|VARIABLE_SCOPE_BEGIN|[84]|sobjResult|Schema.DescribeSObjectResult|true|false
14:15:51.0 (42242209)|VARIABLE_ASSIGNMENT|[84]|sobjResult|"common.api.soap.wsdl.DescribeSObjectResult@63f4b343"|0x2529364e
14:15:51.0 (42249077)|STATEMENT_EXECUTE|[87]
14:15:51.0 (42594602)|HEAP_ALLOCATE|[87]|Bytes:428
14:15:51.0 (42608966)|VARIABLE_SCOPE_BEGIN|[87]|m|Map<String,Schema.SObjectField>|true|false
14:15:51.0 (42770227)|VARIABLE_ASSIGNMENT|[87]|m|"{accountnumber=AccountNumber, accountsource=AccountSource, activeliveagentuser__pc=ActiveLiveAgentUser__pc, annualrevenue=AnnualRevenue, billingaddress=BillingAddress, billingcity=BillingCity, billingcountry=BillingCountry, billinglatitude=BillingLatitude, billinglongitude=BillingLongitude, billingpostalcode=BillingPostalCode, ...}"|0x4b59aed0
14:15:51.0 (42778745)|STATEMENT_EXECUTE|[90]
14:15:51.0 (42784555)|HEAP_ALLOCATE|[90]|Bytes:4
14:15:51.0 (42809346)|VARIABLE_SCOPE_BEGIN|[90]|os4u|List<SObject>|true|false
14:15:51.0 (42816992)|HEAP_ALLOCATE|[EXTERNAL]|Bytes:4
14:15:51.0 (42828510)|VARIABLE_ASSIGNMENT|[90]|os4u|{"s":1,"v":[]}|0x242a848d
14:15:51.0 (42869630)|HEAP_ALLOCATE|[91]|Bytes:5
14:15:51.0 (42883109)|HEAP_ALLOCATE|[91]|Bytes:28
14:15:51.0 (42898271)|VARIABLE_SCOPE_BEGIN|[91]|o|SObject|true|false
14:15:51.0 (42915444)|VARIABLE_ASSIGNMENT|[91]|o|{"Name":"Pardot","Industry":"Technology","Phone":"(404) 492-6845","Id":"00136000009QxwuAAC","BillingLatitude":33.8469412,"BillingLongitude":-84.3595236}|0x42493da3
14:15:51.0 (42921148)|STATEMENT_EXECUTE|[91]
14:15:51.0 (42922898)|STATEMENT_EXECUTE|[92]
14:15:51.0 (42995401)|HEAP_ALLOCATE|[92]|Bytes:8
14:15:51.0 (43004954)|VARIABLE_SCOPE_BEGIN|[92]|o4u|SObject|true|false
14:15:51.0 (43018937)|VARIABLE_ASSIGNMENT|[92]|o4u|{"Id":"00136000009QxwuAAC"}|0x357e278c
14:15:51.0 (43023595)|STATEMENT_EXECUTE|[93]
14:15:51.0 (43027088)|VARIABLE_SCOPE_BEGIN|[93]|update_required|Boolean|false|false
14:15:51.0 (43031414)|HEAP_ALLOCATE|[93]|Bytes:5
14:15:51.0 (43036194)|VARIABLE_ASSIGNMENT|[93]|update_required|false
14:15:51.0 (43038791)|STATEMENT_EXECUTE|[95]
14:15:51.0 (43050850)|METHOD_ENTRY|[95]||System.JSON.serialize(Object)
14:15:51.0 (43205183)|METHOD_EXIT|[95]||System.JSON.serialize(Object)
14:15:51.0 (43214208)|VARIABLE_SCOPE_BEGIN|[95]|object_json|String|false|false
14:15:51.0 (43228722)|VARIABLE_ASSIGNMENT|[95]|object_json|"{\"attributes\":{\"type (229 more) ..."
14:15:51.0 (43236239)|STATEMENT_EXECUTE|[96]
14:15:51.0 (43247817)|METHOD_ENTRY|[96]||System.JSON.deserializeUntyped(String)
14:15:51.0 (43706744)|METHOD_EXIT|[96]||System.JSON.deserializeUntyped(String)
14:15:51.0 (43716064)|VARIABLE_SCOPE_BEGIN|[96]|object_map|Map<String,ANY>|true|false
14:15:51.0 (43741298)|VARIABLE_ASSIGNMENT|[96]|object_map|{"s":1,"v":"Map of size 7 too large to display"}|0x5909ec2b
14:15:51.0 (43748854)|HEAP_ALLOCATE|[99]|Bytes:4
14:15:51.0 (43812749)|HEAP_ALLOCATE|[99]|Bytes:1944
14:15:51.0 (43837708)|HEAP_ALLOCATE|[99]|Bytes:424
14:15:51.0 (43857437)|HEAP_ALLOCATE|[99]|Bytes:5
14:15:51.0 (43869854)|VARIABLE_SCOPE_BEGIN|[99]|key|String|false|false
14:15:51.0 (43876970)|VARIABLE_ASSIGNMENT|[99]|key|"id"
14:15:51.0 (43881271)|STATEMENT_EXECUTE|[99]
14:15:51.0 (43883026)|STATEMENT_EXECUTE|[100]
14:15:51.0 (43955517)|HEAP_ALLOCATE|[100]|Bytes:8
14:15:51.0 (43992356)|VARIABLE_SCOPE_BEGIN|[100]|descField|Schema.DescribeFieldResult|true|false
14:15:51.0 (44082707)|VARIABLE_ASSIGNMENT|[100]|descField|"common.api.soap.wsdl.Field@3cff25d0"|0x2fde1f61
14:15:51.0 (44107147)|HEAP_ALLOCATE|[103]|Bytes:2
14:15:51.0 (44159701)|STATEMENT_EXECUTE|[103]
14:15:51.0 (44166261)|STATEMENT_EXECUTE|[104]
14:15:51.0 (44183572)|STATEMENT_EXECUTE|[109]
14:15:51.0 (44202350)|HEAP_ALLOCATE|[99]|Bytes:5
14:15:51.0 (44223598)|VARIABLE_SCOPE_BEGIN|[99]|key|String|false|false
14:15:51.0 (44235386)|VARIABLE_ASSIGNMENT|[99]|key|"isdeleted"
14:15:51.0 (44241739)|STATEMENT_EXECUTE|[99]
14:15:51.0 (44244688)|STATEMENT_EXECUTE|[100]
14:15:51.0 (44430528)|HEAP_ALLOCATE|[100]|Bytes:8
14:15:51.0 (44445467)|VARIABLE_SCOPE_BEGIN|[100]|descField|Schema.DescribeFieldResult|true|false
14:15:51.0 (44531726)|VARIABLE_ASSIGNMENT|[100]|descField|"common.api.soap.wsdl.Field@70baf8f"|0x7a933678
14:15:51.0 (44546459)|HEAP_ALLOCATE|[103]|Bytes:9
14:15:51.0 (44573881)|STATEMENT_EXECUTE|[103]
14:15:51.0 (44592234)|HEAP_ALLOCATE|[99]|Bytes:5
14:15:51.0 (44614061)|VARIABLE_SCOPE_BEGIN|[99]|key|String|false|false
14:15:51.0 (44625151)|VARIABLE_ASSIGNMENT|[99]|key|"masterrecordid"
14:15:51.0 (44631294)|STATEMENT_EXECUTE|[99]
14:15:51.0 (44634595)|STATEMENT_EXECUTE|[100]
14:15:51.0 (44785920)|HEAP_ALLOCATE|[100]|Bytes:8
14:15:51.0 (44796451)|VARIABLE_SCOPE_BEGIN|[100]|descField|Schema.DescribeFieldResult|true|false
14:15:51.0 (44858284)|VARIABLE_ASSIGNMENT|[100]|descField|"common.api.soap.wsdl.Field@37ede91"|0x14400c19
14:15:51.0 (44869081)|HEAP_ALLOCATE|[103]|Bytes:14
14:15:51.0 (44886606)|STATEMENT_EXECUTE|[103]
14:15:51.0 (44896767)|HEAP_ALLOCATE|[99]|Bytes:5
14:15:51.0 (44907397)|VARIABLE_SCOPE_BEGIN|[99]|key|String|false|false
14:15:51.0 (44914064)|VARIABLE_ASSIGNMENT|[99]|key|"name"
14:15:51.0 (44917442)|STATEMENT_EXECUTE|[99]
14:15:51.0 (44919044)|STATEMENT_EXECUTE|[100]
14:15:51.0 (44964825)|HEAP_ALLOCATE|[100]|Bytes:8
14:15:51.0 (44973824)|VARIABLE_SCOPE_BEGIN|[100]|descField|Schema.DescribeFieldResult|true|false
14:15:51.0 (45032323)|VARIABLE_ASSIGNMENT|[100]|descField|"common.api.soap.wsdl.Field@75f00d39"|0x1aa9c4f9
14:15:51.0 (45043488)|HEAP_ALLOCATE|[103]|Bytes:4
14:15:51.0 (45060378)|STATEMENT_EXECUTE|[103]
14:15:51.0 (45063866)|STATEMENT_EXECUTE|[104]
14:15:51.0 (45069465)|STATEMENT_EXECUTE|[109]
14:15:51.0 (45071130)|STATEMENT_EXECUTE|[110]
14:15:51.0 (45080110)|HEAP_ALLOCATE|[110]|Bytes:4
14:15:51.0 (45086050)|HEAP_ALLOCATE|[110]|Bytes:4
14:15:51.0 (45136942)|HEAP_ALLOCATE|[110]|Bytes:6
14:15:51.0 (45179459)|STATEMENT_EXECUTE|[111]
14:15:51.0 (45185005)|HEAP_ALLOCATE|[111]|Bytes:5
14:15:51.0 (45192112)|VARIABLE_ASSIGNMENT|[111]|update_required|true
14:15:51.0 (45203408)|HEAP_ALLOCATE|[99]|Bytes:5
14:15:51.0 (45213876)|VARIABLE_SCOPE_BEGIN|[99]|key|String|false|false
14:15:51.0 (45219702)|VARIABLE_ASSIGNMENT|[99]|key|"lastname"
14:15:51.0 (45222989)|STATEMENT_EXECUTE|[99]
14:15:51.0 (45224543)|STATEMENT_EXECUTE|[100]
14:15:51.0 (45366972)|HEAP_ALLOCATE|[100]|Bytes:8
14:15:51.0 (45377280)|VARIABLE_SCOPE_BEGIN|[100]|descField|Schema.DescribeFieldResult|true|false
14:15:51.0 (45436323)|VARIABLE_ASSIGNMENT|[100]|descField|"common.api.soap.wsdl.Field@9667bd65"|0x463b2ad3
14:15:51.0 (45446974)|HEAP_ALLOCATE|[103]|Bytes:8
14:15:51.0 (45464034)|STATEMENT_EXECUTE|[103]
14:15:51.0 (45473652)|HEAP_ALLOCATE|[99]|Bytes:5
14:15:51.0 (45483992)|VARIABLE_SCOPE_BEGIN|[99]|key|String|false|false
14:15:51.0 (45490655)|VARIABLE_ASSIGNMENT|[99]|key|"firstname"
14:15:51.0 (45494100)|STATEMENT_EXECUTE|[99]
14:15:51.0 (45495603)|STATEMENT_EXECUTE|[100]
14:15:51.0 (45648944)|HEAP_ALLOCATE|[100]|Bytes:8
14:15:51.0 (45659337)|VARIABLE_SCOPE_BEGIN|[100]|descField|Schema.DescribeFieldResult|true|false
14:15:51.0 (45718183)|VARIABLE_ASSIGNMENT|[100]|descField|"common.api.soap.wsdl.Field@3c453d28"|0x75b6b3fd
14:15:51.0 (45728565)|HEAP_ALLOCATE|[103]|Bytes:9
14:15:51.0 (45745754)|STATEMENT_EXECUTE|[103]
14:15:51.0 (45755828)|HEAP_ALLOCATE|[99]|Bytes:5
14:15:51.0 (45766043)|VARIABLE_SCOPE_BEGIN|[99]|key|String|false|false
14:15:51.0 (45773150)|VARIABLE_ASSIGNMENT|[99]|key|"salutation"
14:15:51.0 (45776530)|STATEMENT_EXECUTE|[99]
14:15:51.0 (45778094)|STATEMENT_EXECUTE|[100]
14:15:51.0 (45909955)|HEAP_ALLOCATE|[100]|Bytes:8
14:15:51.0 (45919964)|VARIABLE_SCOPE_BEGIN|[100]|descField|Schema.DescribeFieldResult|true|false
14:15:51.0 (45997134)|VARIABLE_ASSIGNMENT|[100]|descField|"common.api.soap.wsdl.Field@5ecf7bc7"|0x581ff045
14:15:51.0 (46010676)|HEAP_ALLOCATE|[103]|Bytes:10
14:15:51.0 (46029929)|STATEMENT_EXECUTE|[103]
14:15:51.0 (46039908)|HEAP_ALLOCATE|[99]|Bytes:5
14:15:51.0 (46050419)|VARIABLE_SCOPE_BEGIN|[99]|key|String|false|false
14:15:51.0 (46057357)|VARIABLE_ASSIGNMENT|[99]|key|"type"
14:15:51.0 (46060716)|STATEMENT_EXECUTE|[99]
14:15:51.0 (46062294)|STATEMENT_EXECUTE|[100]
14:15:51.0 (46220897)|HEAP_ALLOCATE|[100]|Bytes:8
14:15:51.0 (46231039)|VARIABLE_SCOPE_BEGIN|[100]|descField|Schema.DescribeFieldResult|true|false
14:15:51.0 (46294296)|VARIABLE_ASSIGNMENT|[100]|descField|"common.api.soap.wsdl.Field@b7f2fc22"|0x1ad6d17e
14:15:51.0 (46305019)|HEAP_ALLOCATE|[103]|Bytes:4
14:15:51.0 (46322326)|STATEMENT_EXECUTE|[103]
14:15:51.0 (46332016)|HEAP_ALLOCATE|[99]|Bytes:5
14:15:51.0 (46342248)|VARIABLE_SCOPE_BEGIN|[99]|key|String|false|false
14:15:51.0 (46349210)|VARIABLE_ASSIGNMENT|[99]|key|"recordtypeid"
14:15:51.0 (46352584)|STATEMENT_EXECUTE|[99]
14:15:51.0 (46354252)|STATEMENT_EXECUTE|[100]
14:15:51.0 (46519913)|HEAP_ALLOCATE|[100]|Bytes:8
14:15:51.0 (46530100)|VARIABLE_SCOPE_BEGIN|[100]|descField|Schema.DescribeFieldResult|true|false
14:15:51.0 (46588468)|VARIABLE_ASSIGNMENT|[100]|descField|"common.api.soap.wsdl.Field@64b04419"|0x40fe3ed0
14:15:51.0 (46598802)|HEAP_ALLOCATE|[103]|Bytes:12
14:15:51.0 (46616041)|STATEMENT_EXECUTE|[103]
14:15:51.0 (46625736)|HEAP_ALLOCATE|[99]|Bytes:5
14:15:51.0 (46636109)|VARIABLE_SCOPE_BEGIN|[99]|key|String|false|false
14:15:51.0 (46642906)|VARIABLE_ASSIGNMENT|[99]|key|"parentid"
14:15:51.0 (46646210)|STATEMENT_EXECUTE|[99]
14:15:51.0 (46647725)|STATEMENT_EXECUTE|[100]
14:15:51.0 (46836901)|HEAP_ALLOCATE|[100]|Bytes:8
14:15:51.0 (46847301)|VARIABLE_SCOPE_BEGIN|[100]|descField|Schema.DescribeFieldResult|true|false
14:15:51.0 (46906240)|VARIABLE_ASSIGNMENT|[100]|descField|"common.api.soap.wsdl.Field@344c95f"|0x445e3571
14:15:51.0 (46916632)|HEAP_ALLOCATE|[103]|Bytes:8
14:15:51.0 (46933418)|STATEMENT_EXECUTE|[103]
14:15:51.0 (46943297)|HEAP_ALLOCATE|[99]|Bytes:5
14:15:51.0 (46953419)|VARIABLE_SCOPE_BEGIN|[99]|key|String|false|false
14:15:51.0 (46960479)|VARIABLE_ASSIGNMENT|[99]|key|"billingstreet"
14:15:51.0 (46963840)|STATEMENT_EXECUTE|[99]
14:15:51.0 (46965460)|STATEMENT_EXECUTE|[100]
14:15:51.0 (47100065)|HEAP_ALLOCATE|[100]|Bytes:8
14:15:51.0 (47110765)|VARIABLE_SCOPE_BEGIN|[100]|descField|Schema.DescribeFieldResult|true|false
14:15:51.0 (47168954)|VARIABLE_ASSIGNMENT|[100]|descField|"common.api.soap.wsdl.Field@18cb4954"|0x12f336fe
14:15:51.0 (47179208)|HEAP_ALLOCATE|[103]|Bytes:13
14:15:51.0 (47196016)|STATEMENT_EXECUTE|[103]
14:15:51.0 (47205859)|HEAP_ALLOCATE|[99]|Bytes:5
14:15:51.0 (47216463)|VARIABLE_SCOPE_BEGIN|[99]|key|String|false|false
14:15:51.0 (47223459)|VARIABLE_ASSIGNMENT|[99]|key|"billingcity"
14:15:51.0 (47226898)|STATEMENT_EXECUTE|[99]
14:15:51.0 (47228507)|STATEMENT_EXECUTE|[100]
14:15:51.0 (47367276)|HEAP_ALLOCATE|[100]|Bytes:8
14:15:51.0 (47377246)|VARIABLE_SCOPE_BEGIN|[100]|descField|Schema.DescribeFieldResult|true|false
14:15:51.0 (47434875)|VARIABLE_ASSIGNMENT|[100]|descField|"common.api.soap.wsdl.Field@b15a8fff"|0x145232ab
14:15:51.0 (47444999)|HEAP_ALLOCATE|[103]|Bytes:11
14:15:51.0 (47461815)|STATEMENT_EXECUTE|[103]
14:15:51.0 (47471624)|HEAP_ALLOCATE|[99]|Bytes:5
14:15:51.0 (47481604)|VARIABLE_SCOPE_BEGIN|[99]|key|String|false|false
14:15:51.0 (47488425)|VARIABLE_ASSIGNMENT|[99]|key|"billingstate"
14:15:51.0 (47491694)|STATEMENT_EXECUTE|[99]
14:15:51.0 (47493304)|STATEMENT_EXECUTE|[100]
14:15:51.0 (47624803)|HEAP_ALLOCATE|[100]|Bytes:8
14:15:51.0 (47634771)|VARIABLE_SCOPE_BEGIN|[100]|descField|Schema.DescribeFieldResult|true|false
14:15:51.0 (47691498)|VARIABLE_ASSIGNMENT|[100]|descField|"common.api.soap.wsdl.Field@5712ae4f"|0x4fb752e6
14:15:51.0 (47701909)|HEAP_ALLOCATE|[103]|Bytes:12
14:15:51.0 (47718761)|STATEMENT_EXECUTE|[103]
14:15:51.0 (47728359)|HEAP_ALLOCATE|[99]|Bytes:5
14:15:51.0 (47738446)|VARIABLE_SCOPE_BEGIN|[99]|key|String|false|false
14:15:51.0 (47745341)|VARIABLE_ASSIGNMENT|[99]|key|"billingpostalcode"
14:15:51.0 (47748658)|STATEMENT_EXECUTE|[99]
14:15:51.0 (47750240)|STATEMENT_EXECUTE|[100]
14:15:51.0 (47880113)|HEAP_ALLOCATE|[100]|Bytes:8
14:15:51.0 (47889966)|VARIABLE_SCOPE_BEGIN|[100]|descField|Schema.DescribeFieldResult|true|false
14:15:51.0 (47946826)|VARIABLE_ASSIGNMENT|[100]|descField|"common.api.soap.wsdl.Field@43790634"|0x4122d38e
14:15:51.0 (47956807)|HEAP_ALLOCATE|[103]|Bytes:17
14:15:51.0 (47973466)|STATEMENT_EXECUTE|[103]
14:15:51.0 (47983127)|HEAP_ALLOCATE|[99]|Bytes:5
14:15:51.0 (47993121)|VARIABLE_SCOPE_BEGIN|[99]|key|String|false|false
14:15:51.0 (47999960)|VARIABLE_ASSIGNMENT|[99]|key|"billingcountry"
14:15:51.0 (48003310)|STATEMENT_EXECUTE|[99]
14:15:51.0 (48005999)|STATEMENT_EXECUTE|[100]
14:15:51.0 (48135525)|HEAP_ALLOCATE|[100]|Bytes:8
14:15:51.0 (48145378)|VARIABLE_SCOPE_BEGIN|[100]|descField|Schema.DescribeFieldResult|true|false
14:15:51.0 (48202470)|VARIABLE_ASSIGNMENT|[100]|descField|"common.api.soap.wsdl.Field@fe2005d2"|0x1d7bc17d
14:15:51.0 (48212900)|HEAP_ALLOCATE|[103]|Bytes:14
14:15:51.0 (48229433)|STATEMENT_EXECUTE|[103]
14:15:51.0 (48238965)|HEAP_ALLOCATE|[99]|Bytes:5
14:15:51.0 (48249014)|VARIABLE_SCOPE_BEGIN|[99]|key|String|false|false
14:15:51.0 (48255870)|VARIABLE_ASSIGNMENT|[99]|key|"billinglatitude"
14:15:51.0 (48263464)|STATEMENT_EXECUTE|[99]
14:15:51.0 (48265111)|STATEMENT_EXECUTE|[100]
14:15:51.0 (48309423)|HEAP_ALLOCATE|[100]|Bytes:8
14:15:51.0 (48318165)|VARIABLE_SCOPE_BEGIN|[100]|descField|Schema.DescribeFieldResult|true|false
14:15:51.0 (48374345)|VARIABLE_ASSIGNMENT|[100]|descField|"common.api.soap.wsdl.Field@a288e51a"|0x1c8c87a
14:15:51.0 (48384354)|HEAP_ALLOCATE|[103]|Bytes:15
14:15:51.0 (48400940)|STATEMENT_EXECUTE|[103]
14:15:51.0 (48404633)|STATEMENT_EXECUTE|[104]
14:15:51.0 (48410315)|STATEMENT_EXECUTE|[109]
14:15:51.0 (48412011)|STATEMENT_EXECUTE|[110]
14:15:51.0 (48414662)|HEAP_ALLOCATE|[110]|Bytes:15
14:15:51.0 (48418240)|HEAP_ALLOCATE|[110]|Bytes:15
14:15:51.0 (48450757)|HEAP_ALLOCATE|[110]|Bytes:28
14:15:51.0 (48453759)|HEAP_ALLOCATE|[110]|Bytes:28
14:15:51.0 (48494024)|STATEMENT_EXECUTE|[111]
14:15:51.0 (48499185)|HEAP_ALLOCATE|[111]|Bytes:5
14:15:51.0 (48506251)|VARIABLE_ASSIGNMENT|[111]|update_required|true
14:15:51.0 (48517056)|HEAP_ALLOCATE|[99]|Bytes:5
14:15:51.0 (48527457)|VARIABLE_SCOPE_BEGIN|[99]|key|String|false|false
14:15:51.0 (48533514)|VARIABLE_ASSIGNMENT|[99]|key|"billinglongitude"
14:15:51.0 (48536918)|STATEMENT_EXECUTE|[99]
14:15:51.0 (48538504)|STATEMENT_EXECUTE|[100]
14:15:51.0 (48581811)|HEAP_ALLOCATE|[100]|Bytes:8
14:15:51.0 (48590631)|VARIABLE_SCOPE_BEGIN|[100]|descField|Schema.DescribeFieldResult|true|false
14:15:51.0 (48647516)|VARIABLE_ASSIGNMENT|[100]|descField|"common.api.soap.wsdl.Field@59d773b6"|0x1e9d75f5
14:15:51.0 (48657797)|HEAP_ALLOCATE|[103]|Bytes:16
14:15:51.0 (48674429)|STATEMENT_EXECUTE|[103]
14:15:51.0 (48677824)|STATEMENT_EXECUTE|[104]
14:15:51.0 (48683260)|STATEMENT_EXECUTE|[109]
14:15:51.0 (48684906)|STATEMENT_EXECUTE|[110]
14:15:51.0 (48687747)|HEAP_ALLOCATE|[110]|Bytes:16
14:15:51.0 (48691237)|HEAP_ALLOCATE|[110]|Bytes:16
14:15:51.0 (48721518)|HEAP_ALLOCATE|[110]|Bytes:28
14:15:51.0 (48724543)|HEAP_ALLOCATE|[110]|Bytes:28
14:15:51.0 (48763567)|STATEMENT_EXECUTE|[111]
14:15:51.0 (48768680)|HEAP_ALLOCATE|[111]|Bytes:5
14:15:51.0 (48775473)|VARIABLE_ASSIGNMENT|[111]|update_required|true
14:15:51.0 (48786113)|HEAP_ALLOCATE|[99]|Bytes:5
14:15:51.0 (48796378)|VARIABLE_SCOPE_BEGIN|[99]|key|String|false|false
14:15:51.0 (48802338)|VARIABLE_ASSIGNMENT|[99]|key|"billingaddress"
14:15:51.0 (48805618)|STATEMENT_EXECUTE|[99]
14:15:51.0 (48807318)|STATEMENT_EXECUTE|[100]
14:15:51.0 (48920483)|HEAP_ALLOCATE|[100]|Bytes:8
14:15:51.0 (48930221)|VARIABLE_SCOPE_BEGIN|[100]|descField|Schema.DescribeFieldResult|true|false
14:15:51.0 (48988076)|VARIABLE_ASSIGNMENT|[100]|descField|"common.api.soap.wsdl.Field@310a544"|0x5652bdb
14:15:51.0 (48998383)|HEAP_ALLOCATE|[103]|Bytes:14
14:15:51.0 (49015185)|STATEMENT_EXECUTE|[103]
14:15:51.0 (49026076)|HEAP_ALLOCATE|[99]|Bytes:5
14:15:51.0 (49036375)|VARIABLE_SCOPE_BEGIN|[99]|key|String|false|false
14:15:51.0 (49043254)|VARIABLE_ASSIGNMENT|[99]|key|"shippingstreet"
14:15:51.0 (49046503)|STATEMENT_EXECUTE|[99]
14:15:51.0 (49048188)|STATEMENT_EXECUTE|[100]
14:15:51.0 (49202513)|HEAP_ALLOCATE|[100]|Bytes:8
14:15:51.0 (49212521)|VARIABLE_SCOPE_BEGIN|[100]|descField|Schema.DescribeFieldResult|true|false
14:15:51.0 (49274036)|VARIABLE_ASSIGNMENT|[100]|descField|"common.api.soap.wsdl.Field@5cc9859c"|0x6c8e63c1
14:15:51.0 (49284295)|HEAP_ALLOCATE|[103]|Bytes:14
14:15:51.0 (49301276)|STATEMENT_EXECUTE|[103]
14:15:51.0 (49311121)|HEAP_ALLOCATE|[99]|Bytes:5
14:15:51.0 (49321208)|VARIABLE_SCOPE_BEGIN|[99]|key|String|false|false
14:15:51.0 (49327938)|VARIABLE_ASSIGNMENT|[99]|key|"shippingcity"
14:15:51.0 (49331615)|STATEMENT_EXECUTE|[99]
14:15:51.0 (49333138)|STATEMENT_EXECUTE|[100]
14:15:51.0 (49462316)|HEAP_ALLOCATE|[100]|Bytes:8
14:15:51.0 (49472121)|VARIABLE_SCOPE_BEGIN|[100]|descField|Schema.DescribeFieldResult|true|false
14:15:51.0 (49528798)|VARIABLE_ASSIGNMENT|[100]|descField|"common.api.soap.wsdl.Field@d89f6a87"|0x4bbaf194
14:15:51.0 (49538930)|HEAP_ALLOCATE|[103]|Bytes:12
14:15:51.0 (49555462)|STATEMENT_EXECUTE|[103]
14:15:51.0 (49565139)|HEAP_ALLOCATE|[99]|Bytes:5
14:15:51.0 (49575180)|VARIABLE_SCOPE_BEGIN|[99]|key|String|false|false
14:15:51.0 (49581849)|VARIABLE_ASSIGNMENT|[99]|key|"shippingstate"
14:15:51.0 (49585050)|STATEMENT_EXECUTE|[99]
14:15:51.0 (49586572)|STATEMENT_EXECUTE|[100]
14:15:51.0 (49714663)|HEAP_ALLOCATE|[100]|Bytes:8
14:15:51.0 (49724549)|VARIABLE_SCOPE_BEGIN|[100]|descField|Schema.DescribeFieldResult|true|false
14:15:51.0 (49781185)|VARIABLE_ASSIGNMENT|[100]|descField|"common.api.soap.wsdl.Field@6a385ea2"|0x1ae09903
14:15:51.0 (49791487)|HEAP_ALLOCATE|[103]|Bytes:13
14:15:51.0 (49808088)|STATEMENT_EXECUTE|[103]
14:15:51.0 (49817557)|HEAP_ALLOCATE|[99]|Bytes:5
14:15:51.0 (49827446)|VARIABLE_SCOPE_BEGIN|[99]|key|String|false|false
14:15:51.0 (49834286)|VARIABLE_ASSIGNMENT|[99]|key|"shippingpostalcode"
14:15:51.0 (49837749)|STATEMENT_EXECUTE|[99]
14:15:51.0 (49839339)|STATEMENT_EXECUTE|[100]
14:15:51.0 (49966631)|HEAP_ALLOCATE|[100]|Bytes:8
14:15:51.0 (49976512)|VARIABLE_SCOPE_BEGIN|[100]|descField|Schema.DescribeFieldResult|true|false
14:15:51.0 (50032823)|VARIABLE_ASSIGNMENT|[100]|descField|"common.api.soap.wsdl.Field@adbe3a05"|0x5ba526d4
14:15:51.0 (50043840)|HEAP_ALLOCATE|[103]|Bytes:18
14:15:51.0 (50060621)|STATEMENT_EXECUTE|[103]
14:15:51.0 (50070304)|HEAP_ALLOCATE|[99]|Bytes:5
14:15:51.0 (50080434)|VARIABLE_SCOPE_BEGIN|[99]|key|String|false|false
14:15:51.0 (50087313)|VARIABLE_ASSIGNMENT|[99]|key|"shippingcountry"
14:15:51.0 (50090541)|STATEMENT_EXECUTE|[99]
14:15:51.0 (50092142)|STATEMENT_EXECUTE|[100]
14:15:51.0 (50238058)|HEAP_ALLOCATE|[100]|Bytes:8
14:15:51.0 (50248428)|VARIABLE_SCOPE_BEGIN|[100]|descField|Schema.DescribeFieldResult|true|false
14:15:51.0 (50310557)|VARIABLE_ASSIGNMENT|[100]|descField|"common.api.soap.wsdl.Field@4dd44b8b"|0x13d95f92
14:15:51.0 (50320833)|HEAP_ALLOCATE|[103]|Bytes:15
14:15:51.0 (50337680)|STATEMENT_EXECUTE|[103]
14:15:51.0 (50347467)|HEAP_ALLOCATE|[99]|Bytes:5
14:15:51.0 (50357546)|VARIABLE_SCOPE_BEGIN|[99]|key|String|false|false
14:15:51.0 (50364463)|VARIABLE_ASSIGNMENT|[99]|key|"shippinglatitude"
14:15:51.0 (50367723)|STATEMENT_EXECUTE|[99]
14:15:51.0 (50369288)|STATEMENT_EXECUTE|[100]
14:15:51.0 (50504304)|HEAP_ALLOCATE|[100]|Bytes:8
14:15:51.0 (50514301)|VARIABLE_SCOPE_BEGIN|[100]|descField|Schema.DescribeFieldResult|true|false
14:15:51.0 (50571129)|VARIABLE_ASSIGNMENT|[100]|descField|"common.api.soap.wsdl.Field@6b70929"|0x2c314c40
14:15:51.0 (50581312)|HEAP_ALLOCATE|[103]|Bytes:16
14:15:51.0 (50598009)|STATEMENT_EXECUTE|[103]
14:15:51.0 (50607665)|HEAP_ALLOCATE|[99]|Bytes:5
14:15:51.0 (50617752)|VARIABLE_SCOPE_BEGIN|[99]|key|String|false|false
14:15:51.0 (50624976)|VARIABLE_ASSIGNMENT|[99]|key|"shippinglongitude"
14:15:51.0 (50628291)|STATEMENT_EXECUTE|[99]
14:15:51.0 (50629916)|STATEMENT_EXECUTE|[100]
14:15:51.0 (50760161)|HEAP_ALLOCATE|[100]|Bytes:8
14:15:51.0 (50770014)|VARIABLE_SCOPE_BEGIN|[100]|descField|Schema.DescribeFieldResult|true|false
14:15:51.0 (50826781)|VARIABLE_ASSIGNMENT|[100]|descField|"common.api.soap.wsdl.Field@a8abae13"|0x15493bf5
14:15:51.0 (50836932)|HEAP_ALLOCATE|[103]|Bytes:17
14:15:51.0 (50853601)|STATEMENT_EXECUTE|[103]
14:15:51.0 (50863318)|HEAP_ALLOCATE|[99]|Bytes:5
14:15:51.0 (50873416)|VARIABLE_SCOPE_BEGIN|[99]|key|String|false|false
14:15:51.0 (50880282)|VARIABLE_ASSIGNMENT|[99]|key|"shippingaddress"
14:15:51.0 (50883464)|STATEMENT_EXECUTE|[99]
14:15:51.0 (50885064)|STATEMENT_EXECUTE|[100]
14:15:51.0 (50990377)|HEAP_ALLOCATE|[100]|Bytes:8
14:15:51.0 (51000163)|VARIABLE_SCOPE_BEGIN|[100]|descField|Schema.DescribeFieldResult|true|false
14:15:51.0 (51057866)|VARIABLE_ASSIGNMENT|[100]|descField|"common.api.soap.wsdl.Field@8313898b"|0x726841d1
14:15:51.0 (51068282)|HEAP_ALLOCATE|[103]|Bytes:15
14:15:51.0 (51084765)|STATEMENT_EXECUTE|[103]
14:15:51.0 (51094318)|HEAP_ALLOCATE|[99]|Bytes:5
14:15:51.0 (51104363)|VARIABLE_SCOPE_BEGIN|[99]|key|String|false|false
14:15:51.0 (51110882)|VARIABLE_ASSIGNMENT|[99]|key|"phone"
14:15:51.0 (51114176)|STATEMENT_EXECUTE|[99]
14:15:51.0 (51115750)|STATEMENT_EXECUTE|[100]
14:15:51.0 (51159501)|HEAP_ALLOCATE|[100]|Bytes:8
14:15:51.0 (51168498)|VARIABLE_SCOPE_BEGIN|[100]|descField|Schema.DescribeFieldResult|true|false
14:15:51.0 (51224084)|VARIABLE_ASSIGNMENT|[100]|descField|"common.api.soap.wsdl.Field@94260070"|0x5cc6087f
14:15:51.0 (51234089)|HEAP_ALLOCATE|[103]|Bytes:5
14:15:51.0 (51250640)|STATEMENT_EXECUTE|[103]
14:15:51.0 (51254135)|STATEMENT_EXECUTE|[104]
14:15:51.0 (51264903)|STATEMENT_EXECUTE|[109]
14:15:51.0 (51266704)|STATEMENT_EXECUTE|[110]
14:15:51.0 (51269660)|HEAP_ALLOCATE|[110]|Bytes:5
14:15:51.0 (51273412)|HEAP_ALLOCATE|[110]|Bytes:5
14:15:51.0 (51300504)|HEAP_ALLOCATE|[110]|Bytes:14
14:15:51.0 (51337422)|STATEMENT_EXECUTE|[111]
14:15:51.0 (51342911)|HEAP_ALLOCATE|[111]|Bytes:5
14:15:51.0 (51349907)|VARIABLE_ASSIGNMENT|[111]|update_required|true
14:15:51.0 (51360644)|HEAP_ALLOCATE|[99]|Bytes:5
14:15:51.0 (51370994)|VARIABLE_SCOPE_BEGIN|[99]|key|String|false|false
14:15:51.0 (51376649)|VARIABLE_ASSIGNMENT|[99]|key|"fax"
14:15:51.0 (51380027)|STATEMENT_EXECUTE|[99]
14:15:51.0 (51381664)|STATEMENT_EXECUTE|[100]
14:15:51.0 (51543909)|HEAP_ALLOCATE|[100]|Bytes:8
14:15:51.0 (51554023)|VARIABLE_SCOPE_BEGIN|[100]|descField|Schema.DescribeFieldResult|true|false
14:15:51.0 (51611536)|VARIABLE_ASSIGNMENT|[100]|descField|"common.api.soap.wsdl.Field@595c3998"|0x6e73637d
14:15:51.0 (51621837)|HEAP_ALLOCATE|[103]|Bytes:3
14:15:51.0 (51638755)|STATEMENT_EXECUTE|[103]
14:15:51.0 (51648440)|HEAP_ALLOCATE|[99]|Bytes:5
14:15:51.0 (51658736)|VARIABLE_SCOPE_BEGIN|[99]|key|String|false|false
14:15:51.0 (51665513)|VARIABLE_ASSIGNMENT|[99]|key|"accountnumber"
14:15:51.0 (51669040)|STATEMENT_EXECUTE|[99]
14:15:51.0 (51670562)|STATEMENT_EXECUTE|[100]
14:15:51.0 (51796346)|HEAP_ALLOCATE|[100]|Bytes:8
14:15:51.0 (51806151)|VARIABLE_SCOPE_BEGIN|[100]|descField|Schema.DescribeFieldResult|true|false
14:15:51.0 (51862553)|VARIABLE_ASSIGNMENT|[100]|descField|"common.api.soap.wsdl.Field@e6937c07"|0x4cd8c9ac
14:15:51.0 (51872637)|HEAP_ALLOCATE|[103]|Bytes:13
14:15:51.0 (51889542)|STATEMENT_EXECUTE|[103]
14:15:51.0 (51899075)|HEAP_ALLOCATE|[99]|Bytes:5
14:15:51.0 (51909000)|VARIABLE_SCOPE_BEGIN|[99]|key|String|false|false
14:15:51.0 (51915645)|VARIABLE_ASSIGNMENT|[99]|key|"website"
14:15:51.0 (51918957)|STATEMENT_EXECUTE|[99]
14:15:51.0 (51920514)|STATEMENT_EXECUTE|[100]
14:15:51.0 (52077854)|HEAP_ALLOCATE|[100]|Bytes:8
14:15:51.0 (52088520)|VARIABLE_SCOPE_BEGIN|[100]|descField|Schema.DescribeFieldResult|true|false
14:15:51.0 (52145334)|VARIABLE_ASSIGNMENT|[100]|descField|"common.api.soap.wsdl.Field@3040c58f"|0x4179a178
14:15:51.0 (52155362)|HEAP_ALLOCATE|[103]|Bytes:7
14:15:51.0 (52172309)|STATEMENT_EXECUTE|[103]
14:15:51.0 (52181958)|HEAP_ALLOCATE|[99]|Bytes:5
14:15:51.0 (52192184)|VARIABLE_SCOPE_BEGIN|[99]|key|String|false|false
14:15:51.0 (52198974)|VARIABLE_ASSIGNMENT|[99]|key|"photourl"
14:15:51.0 (52202449)|STATEMENT_EXECUTE|[99]
14:15:51.0 (52204138)|STATEMENT_EXECUTE|[100]
14:15:51.0 (52326353)|HEAP_ALLOCATE|[100]|Bytes:8
14:15:51.0 (52336297)|VARIABLE_SCOPE_BEGIN|[100]|descField|Schema.DescribeFieldResult|true|false
14:15:51.0 (52392975)|VARIABLE_ASSIGNMENT|[100]|descField|"common.api.soap.wsdl.Field@1e3bb3ad"|0x6a8b746c
14:15:51.0 (52403258)|HEAP_ALLOCATE|[103]|Bytes:8
14:15:51.0 (52419890)|STATEMENT_EXECUTE|[103]
14:15:51.0 (52429496)|HEAP_ALLOCATE|[99]|Bytes:5
14:15:51.0 (52439449)|VARIABLE_SCOPE_BEGIN|[99]|key|String|false|false
14:15:51.0 (52445975)|VARIABLE_ASSIGNMENT|[99]|key|"sic"
14:15:51.0 (52449122)|STATEMENT_EXECUTE|[99]
14:15:51.0 (52450722)|STATEMENT_EXECUTE|[100]
14:15:51.0 (52581741)|HEAP_ALLOCATE|[100]|Bytes:8
14:15:51.0 (52591644)|VARIABLE_SCOPE_BEGIN|[100]|descField|Schema.DescribeFieldResult|true|false
14:15:51.0 (52648503)|VARIABLE_ASSIGNMENT|[100]|descField|"common.api.soap.wsdl.Field@cd0591c7"|0x3d3055f9
14:15:51.0 (52658531)|HEAP_ALLOCATE|[103]|Bytes:3
14:15:51.0 (52675060)|STATEMENT_EXECUTE|[103]
14:15:51.0 (52684507)|HEAP_ALLOCATE|[99]|Bytes:5
14:15:51.0 (52694559)|VARIABLE_SCOPE_BEGIN|[99]|key|String|false|false
14:15:51.0 (52701298)|VARIABLE_ASSIGNMENT|[99]|key|"industry"
14:15:51.0 (52704550)|STATEMENT_EXECUTE|[99]
14:15:51.0 (52706096)|STATEMENT_EXECUTE|[100]
14:15:51.0 (52748590)|HEAP_ALLOCATE|[100]|Bytes:8
14:15:51.0 (52757227)|VARIABLE_SCOPE_BEGIN|[100]|descField|Schema.DescribeFieldResult|true|false
14:15:51.0 (52812585)|VARIABLE_ASSIGNMENT|[100]|descField|"common.api.soap.wsdl.Field@6db75ccb"|0x4167a41c
14:15:51.0 (52822586)|HEAP_ALLOCATE|[103]|Bytes:8
14:15:51.0 (52839087)|STATEMENT_EXECUTE|[103]
14:15:51.0 (52842499)|STATEMENT_EXECUTE|[104]
14:15:51.0 (52847948)|STATEMENT_EXECUTE|[109]
14:15:51.0 (52849659)|STATEMENT_EXECUTE|[110]
14:15:51.0 (52852575)|HEAP_ALLOCATE|[110]|Bytes:8
14:15:51.0 (52856063)|HEAP_ALLOCATE|[110]|Bytes:8
14:15:51.0 (52882259)|HEAP_ALLOCATE|[110]|Bytes:10
14:15:51.0 (52917866)|STATEMENT_EXECUTE|[111]
14:15:51.0 (52923139)|HEAP_ALLOCATE|[111]|Bytes:5
14:15:51.0 (52929997)|VARIABLE_ASSIGNMENT|[111]|update_required|true
14:15:51.0 (52940711)|HEAP_ALLOCATE|[99]|Bytes:5
14:15:51.0 (52951098)|VARIABLE_SCOPE_BEGIN|[99]|key|String|false|false
14:15:51.0 (52956979)|VARIABLE_ASSIGNMENT|[99]|key|"annualrevenue"
14:15:51.0 (52960264)|STATEMENT_EXECUTE|[99]
14:15:51.0 (52961815)|STATEMENT_EXECUTE|[100]
14:15:51.0 (53139710)|HEAP_ALLOCATE|[100]|Bytes:8
14:15:51.0 (53150450)|VARIABLE_SCOPE_BEGIN|[100]|descField|Schema.DescribeFieldResult|true|false
14:15:51.0 (53207464)|VARIABLE_ASSIGNMENT|[100]|descField|"common.api.soap.wsdl.Field@4af02f91"|0x5b24a6b
14:15:51.0 (53217797)|HEAP_ALLOCATE|[103]|Bytes:13
14:15:51.0 (53234669)|STATEMENT_EXECUTE|[103]
14:15:51.0 (53244659)|HEAP_ALLOCATE|[99]|Bytes:5
14:15:51.0 (53254913)|VARIABLE_SCOPE_BEGIN|[99]|key|String|false|false
14:15:51.0 (53266672)|VARIABLE_ASSIGNMENT|[99]|key|"numberofemployees"
14:15:51.0 (53270373)|STATEMENT_EXECUTE|[99]
14:15:51.0 (53271944)|STATEMENT_EXECUTE|[100]
14:15:51.0 (53423219)|HEAP_ALLOCATE|[100]|Bytes:8
14:15:51.0 (53433114)|VARIABLE_SCOPE_BEGIN|[100]|descField|Schema.DescribeFieldResult|true|false
14:15:51.0 (53492986)|VARIABLE_ASSIGNMENT|[100]|descField|"common.api.soap.wsdl.Field@ec1cc146"|0x1ec486bd
14:15:51.0 (53503433)|HEAP_ALLOCATE|[103]|Bytes:17
14:15:51.0 (53520459)|STATEMENT_EXECUTE|[103]
14:15:51.0 (53530148)|HEAP_ALLOCATE|[99]|Bytes:5
14:15:51.0 (53540000)|VARIABLE_SCOPE_BEGIN|[99]|key|String|false|false
14:15:51.0 (53546611)|VARIABLE_ASSIGNMENT|[99]|key|"ownership"
14:15:51.0 (53549862)|STATEMENT_EXECUTE|[99]
14:15:51.0 (53551410)|STATEMENT_EXECUTE|[100]
14:15:51.0 (53678293)|HEAP_ALLOCATE|[100]|Bytes:8
14:15:51.0 (53688073)|VARIABLE_SCOPE_BEGIN|[100]|descField|Schema.DescribeFieldResult|true|false
14:15:51.0 (53744238)|VARIABLE_ASSIGNMENT|[100]|descField|"common.api.soap.wsdl.Field@85aa0ea5"|0x5bee9698
14:15:51.0 (53754459)|HEAP_ALLOCATE|[103]|Bytes:9
14:15:51.0 (53771194)|STATEMENT_EXECUTE|[103]
14:15:51.0 (53780679)|HEAP_ALLOCATE|[99]|Bytes:5
14:15:51.0 (53790802)|VARIABLE_SCOPE_BEGIN|[99]|key|String|false|false
14:15:51.0 (53797672)|VARIABLE_ASSIGNMENT|[99]|key|"tickersymbol"
14:15:51.0 (53800962)|STATEMENT_EXECUTE|[99]
14:15:51.0 (53802618)|STATEMENT_EXECUTE|[100]
14:15:51.0 (53931046)|HEAP_ALLOCATE|[100]|Bytes:8
14:15:51.0 (53941355)|VARIABLE_SCOPE_BEGIN|[100]|descField|Schema.DescribeFieldResult|true|false
14:15:51.0 (53997652)|VARIABLE_ASSIGNMENT|[100]|descField|"common.api.soap.wsdl.Field@fee07ec1"|0x69777bdd
14:15:51.0 (54007771)|HEAP_ALLOCATE|[103]|Bytes:12
14:15:51.0 (54025457)|STATEMENT_EXECUTE|[103]
14:15:51.0 (54035207)|HEAP_ALLOCATE|[99]|Bytes:5
14:15:51.0 (54045314)|VARIABLE_SCOPE_BEGIN|[99]|key|String|false|false
14:15:51.0 (54052084)|VARIABLE_ASSIGNMENT|[99]|key|"description"
14:15:51.0 (54055331)|STATEMENT_EXECUTE|[99]
14:15:51.0 (54056838)|STATEMENT_EXECUTE|[100]
14:15:51.0 (54214005)|HEAP_ALLOCATE|[100]|Bytes:8
14:15:51.0 (54223816)|VARIABLE_SCOPE_BEGIN|[100]|descField|Schema.DescribeFieldResult|true|false
14:15:51.0 (54285443)|VARIABLE_ASSIGNMENT|[100]|descField|"common.api.soap.wsdl.Field@cc196592"|0x356f87b7
14:15:51.0 (54295703)|HEAP_ALLOCATE|[103]|Bytes:11
14:15:51.0 (54312571)|STATEMENT_EXECUTE|[103]
14:15:51.0 (54322520)|HEAP_ALLOCATE|[99]|Bytes:5
14:15:51.0 (54332728)|VARIABLE_SCOPE_BEGIN|[99]|key|String|false|false
14:15:51.0 (54339366)|VARIABLE_ASSIGNMENT|[99]|key|"rating"
14:15:51.0 (54342623)|STATEMENT_EXECUTE|[99]
14:15:51.0 (54344161)|STATEMENT_EXECUTE|[100]
14:15:51.0 (54472013)|HEAP_ALLOCATE|[100]|Bytes:8
14:15:51.0 (54482750)|VARIABLE_SCOPE_BEGIN|[100]|descField|Schema.DescribeFieldResult|true|false
14:15:51.0 (54539705)|VARIABLE_ASSIGNMENT|[100]|descField|"common.api.soap.wsdl.Field@aa8f3811"|0x42a35902
14:15:51.0 (54549818)|HEAP_ALLOCATE|[103]|Bytes:6
14:15:51.0 (54566428)|STATEMENT_EXECUTE|[103]
14:15:51.0 (54576468)|HEAP_ALLOCATE|[99]|Bytes:5
14:15:51.0 (54586904)|VARIABLE_SCOPE_BEGIN|[99]|key|String|false|false
14:15:51.0 (54593400)|VARIABLE_ASSIGNMENT|[99]|key|"site"
14:15:51.0 (54596745)|STATEMENT_EXECUTE|[99]
14:15:51.0 (54598250)|STATEMENT_EXECUTE|[100]
14:15:51.0 (54723578)|HEAP_ALLOCATE|[100]|Bytes:8
14:15:51.0 (54733428)|VARIABLE_SCOPE_BEGIN|[100]|descField|Schema.DescribeFieldResult|true|false
14:15:51.0 (54790016)|VARIABLE_ASSIGNMENT|[100]|descField|"common.api.soap.wsdl.Field@f0fa8df6"|0x2185aba
14:15:51.0 (54800112)|HEAP_ALLOCATE|[103]|Bytes:4
14:15:51.0 (54816790)|STATEMENT_EXECUTE|[103]
14:15:51.0 (54826349)|HEAP_ALLOCATE|[99]|Bytes:5
14:15:51.0 (54836315)|VARIABLE_SCOPE_BEGIN|[99]|key|String|false|false
14:15:51.0 (54842996)|VARIABLE_ASSIGNMENT|[99]|key|"ownerid"
14:15:51.0 (54846267)|STATEMENT_EXECUTE|[99]
14:15:51.0 (54847884)|STATEMENT_EXECUTE|[100]
14:15:51.0 (54999385)|HEAP_ALLOCATE|[100]|Bytes:8
14:15:51.0 (55009484)|VARIABLE_SCOPE_BEGIN|[100]|descField|Schema.DescribeFieldResult|true|false
14:15:51.0 (55068148)|VARIABLE_ASSIGNMENT|[100]|descField|"common.api.soap.wsdl.Field@67cfe11c"|0x1b964c3d
14:15:51.0 (55078301)|HEAP_ALLOCATE|[103]|Bytes:7
14:15:51.0 (55095080)|STATEMENT_EXECUTE|[103]
14:15:51.0 (55104756)|HEAP_ALLOCATE|[99]|Bytes:5
14:15:51.0 (55114641)|VARIABLE_SCOPE_BEGIN|[99]|key|String|false|false
14:15:51.0 (55121266)|VARIABLE_ASSIGNMENT|[99]|key|"createddate"
14:15:51.0 (55124513)|STATEMENT_EXECUTE|[99]
14:15:51.0 (55126114)|STATEMENT_EXECUTE|[100]
14:15:51.0 (55294017)|HEAP_ALLOCATE|[100]|Bytes:8
14:15:51.0 (55304001)|VARIABLE_SCOPE_BEGIN|[100]|descField|Schema.DescribeFieldResult|true|false
14:15:51.0 (55361537)|VARIABLE_ASSIGNMENT|[100]|descField|"common.api.soap.wsdl.Field@6458f877"|0x6e574272
14:15:51.0 (55371755)|HEAP_ALLOCATE|[103]|Bytes:11
14:15:51.0 (55388518)|STATEMENT_EXECUTE|[103]
14:15:51.0 (55398142)|HEAP_ALLOCATE|[99]|Bytes:5
14:15:51.0 (55407978)|VARIABLE_SCOPE_BEGIN|[99]|key|String|false|false
14:15:51.0 (55414574)|VARIABLE_ASSIGNMENT|[99]|key|"createdbyid"
14:15:51.0 (55417813)|STATEMENT_EXECUTE|[99]
14:15:51.0 (55419658)|STATEMENT_EXECUTE|[100]
14:15:51.0 (55580776)|HEAP_ALLOCATE|[100]|Bytes:8
14:15:51.0 (55590698)|VARIABLE_SCOPE_BEGIN|[100]|descField|Schema.DescribeFieldResult|true|false
14:15:51.0 (55648639)|VARIABLE_ASSIGNMENT|[100]|descField|"common.api.soap.wsdl.Field@d3eaf6ee"|0x12b2e03d
14:15:51.0 (55658749)|HEAP_ALLOCATE|[103]|Bytes:11
14:15:51.0 (55675469)|STATEMENT_EXECUTE|[103]
14:15:51.0 (55685253)|HEAP_ALLOCATE|[99]|Bytes:5
14:15:51.0 (55695264)|VARIABLE_SCOPE_BEGIN|[99]|key|String|false|false
14:15:51.0 (55702159)|VARIABLE_ASSIGNMENT|[99]|key|"lastmodifieddate"
14:15:51.0 (55705560)|STATEMENT_EXECUTE|[99]
14:15:51.0 (55707126)|STATEMENT_EXECUTE|[100]
14:15:51.0 (55853234)|HEAP_ALLOCATE|[100]|Bytes:8
14:15:51.0 (55862988)|VARIABLE_SCOPE_BEGIN|[100]|descField|Schema.DescribeFieldResult|true|false
14:15:51.0 (55933615)|VARIABLE_ASSIGNMENT|[100]|descField|"common.api.soap.wsdl.Field@ab3b1638"|0x791300ed
14:15:51.0 (55947410)|HEAP_ALLOCATE|[103]|Bytes:16
14:15:51.0 (55966145)|STATEMENT_EXECUTE|[103]
14:15:51.0 (55976036)|HEAP_ALLOCATE|[99]|Bytes:5
14:15:51.0 (55986183)|VARIABLE_SCOPE_BEGIN|[99]|key|String|false|false
14:15:51.0 (55993428)|VARIABLE_ASSIGNMENT|[99]|key|"lastmodifiedbyid"
14:15:51.0 (55996731)|STATEMENT_EXECUTE|[99]
14:15:51.0 (55998251)|STATEMENT_EXECUTE|[100]
14:15:51.0 (56189550)|HEAP_ALLOCATE|[100]|Bytes:8
14:15:51.0 (56200720)|VARIABLE_SCOPE_BEGIN|[100]|descField|Schema.DescribeFieldResult|true|false
14:15:51.0 (56263777)|VARIABLE_ASSIGNMENT|[100]|descField|"common.api.soap.wsdl.Field@79ebaf30"|0x3d4ffbee
14:15:51.0 (56274430)|HEAP_ALLOCATE|[103]|Bytes:16
14:15:51.0 (56291550)|STATEMENT_EXECUTE|[103]
14:15:51.0 (56301382)|HEAP_ALLOCATE|[99]|Bytes:5
14:15:51.0 (56311697)|VARIABLE_SCOPE_BEGIN|[99]|key|String|false|false
14:15:51.0 (56318619)|VARIABLE_ASSIGNMENT|[99]|key|"systemmodstamp"
14:15:51.0 (56322103)|STATEMENT_EXECUTE|[99]
14:15:51.0 (56323629)|STATEMENT_EXECUTE|[100]
14:15:51.0 (56438952)|HEAP_ALLOCATE|[100]|Bytes:8
14:15:51.0 (56448724)|VARIABLE_SCOPE_BEGIN|[100]|descField|Schema.DescribeFieldResult|true|false
14:15:51.0 (56509389)|VARIABLE_ASSIGNMENT|[100]|descField|"common.api.soap.wsdl.Field@4631c9a1"|0x63f61e20
14:15:51.0 (56519756)|HEAP_ALLOCATE|[103]|Bytes:14
14:15:51.0 (56536753)|STATEMENT_EXECUTE|[103]
14:15:51.0 (56546468)|HEAP_ALLOCATE|[99]|Bytes:5
14:15:51.0 (56556505)|VARIABLE_SCOPE_BEGIN|[99]|key|String|false|false
14:15:51.0 (56563450)|VARIABLE_ASSIGNMENT|[99]|key|"lastactivitydate"
14:15:51.0 (56566753)|STATEMENT_EXECUTE|[99]
14:15:51.0 (56568319)|STATEMENT_EXECUTE|[100]
14:15:51.0 (56685822)|HEAP_ALLOCATE|[100]|Bytes:8
14:15:51.0 (56695757)|VARIABLE_SCOPE_BEGIN|[100]|descField|Schema.DescribeFieldResult|true|false
14:15:51.0 (56752486)|VARIABLE_ASSIGNMENT|[100]|descField|"common.api.soap.wsdl.Field@ec46a28f"|0x521e20d9
14:15:51.0 (56762470)|HEAP_ALLOCATE|[103]|Bytes:16
14:15:51.0 (56778907)|STATEMENT_EXECUTE|[103]
14:15:51.0 (56788491)|HEAP_ALLOCATE|[99]|Bytes:5
14:15:51.0 (56798774)|VARIABLE_SCOPE_BEGIN|[99]|key|String|false|false
14:15:51.0 (56805998)|VARIABLE_ASSIGNMENT|[99]|key|"lastvieweddate"
14:15:51.0 (56809355)|STATEMENT_EXECUTE|[99]
14:15:51.0 (56810911)|STATEMENT_EXECUTE|[100]
14:15:51.0 (56926892)|HEAP_ALLOCATE|[100]|Bytes:8
14:15:51.0 (56936529)|VARIABLE_SCOPE_BEGIN|[100]|descField|Schema.DescribeFieldResult|true|false
14:15:51.0 (56993099)|VARIABLE_ASSIGNMENT|[100]|descField|"common.api.soap.wsdl.Field@57708cd9"|0x5962edfb
14:15:51.0 (57003241)|HEAP_ALLOCATE|[103]|Bytes:14
14:15:51.0 (57021324)|STATEMENT_EXECUTE|[103]
14:15:51.0 (57031123)|HEAP_ALLOCATE|[99]|Bytes:5
14:15:51.0 (57041235)|VARIABLE_SCOPE_BEGIN|[99]|key|String|false|false
14:15:51.0 (57048213)|VARIABLE_ASSIGNMENT|[99]|key|"lastreferenceddate"
14:15:51.0 (57051648)|STATEMENT_EXECUTE|[99]
14:15:51.0 (57053207)|STATEMENT_EXECUTE|[100]
14:15:51.0 (57168563)|HEAP_ALLOCATE|[100]|Bytes:8
14:15:51.0 (57178334)|VARIABLE_SCOPE_BEGIN|[100]|descField|Schema.DescribeFieldResult|true|false
14:15:51.0 (57234570)|VARIABLE_ASSIGNMENT|[100]|descField|"common.api.soap.wsdl.Field@bf5cdd3d"|0x6f306ad7
14:15:51.0 (57244842)|HEAP_ALLOCATE|[103]|Bytes:18
14:15:51.0 (57271287)|STATEMENT_EXECUTE|[103]
14:15:51.0 (57285575)|HEAP_ALLOCATE|[99]|Bytes:5
14:15:51.0 (57297479)|VARIABLE_SCOPE_BEGIN|[99]|key|String|false|false
14:15:51.0 (57305966)|VARIABLE_ASSIGNMENT|[99]|key|"isexcludedfromrealig (1 more) ..."
14:15:51.0 (57309895)|STATEMENT_EXECUTE|[99]
14:15:51.0 (57311449)|STATEMENT_EXECUTE|[100]
14:15:51.0 (57435815)|HEAP_ALLOCATE|[100]|Bytes:8
14:15:51.0 (57445794)|VARIABLE_SCOPE_BEGIN|[100]|descField|Schema.DescribeFieldResult|true|false
14:15:51.0 (57506231)|VARIABLE_ASSIGNMENT|[100]|descField|"common.api.soap.wsdl.Field@f5ce51f5"|0x1df5673
14:15:51.0 (57516613)|HEAP_ALLOCATE|[103]|Bytes:21
14:15:51.0 (57533542)|STATEMENT_EXECUTE|[103]
14:15:51.0 (57543153)|HEAP_ALLOCATE|[99]|Bytes:5
14:15:51.0 (57553293)|VARIABLE_SCOPE_BEGIN|[99]|key|String|false|false
14:15:51.0 (57559942)|VARIABLE_ASSIGNMENT|[99]|key|"ispartner"
14:15:51.0 (57563131)|STATEMENT_EXECUTE|[99]
14:15:51.0 (57564724)|STATEMENT_EXECUTE|[100]
14:15:51.0 (57688455)|HEAP_ALLOCATE|[100]|Bytes:8
14:15:51.0 (57698358)|VARIABLE_SCOPE_BEGIN|[100]|descField|Schema.DescribeFieldResult|true|false
14:15:51.0 (57755050)|VARIABLE_ASSIGNMENT|[100]|descField|"common.api.soap.wsdl.Field@a34d08fe"|0x64f0dd5a
14:15:51.0 (57765055)|HEAP_ALLOCATE|[103]|Bytes:9
14:15:51.0 (57781843)|STATEMENT_EXECUTE|[103]
14:15:51.0 (57791591)|HEAP_ALLOCATE|[99]|Bytes:5
14:15:51.0 (57801712)|VARIABLE_SCOPE_BEGIN|[99]|key|String|false|false
14:15:51.0 (57808625)|VARIABLE_ASSIGNMENT|[99]|key|"iscustomerportal"
14:15:51.0 (57811932)|STATEMENT_EXECUTE|[99]
14:15:51.0 (57813452)|STATEMENT_EXECUTE|[100]
14:15:51.0 (57932941)|HEAP_ALLOCATE|[100]|Bytes:8
14:15:51.0 (57942884)|VARIABLE_SCOPE_BEGIN|[100]|descField|Schema.DescribeFieldResult|true|false
14:15:51.0 (57999465)|VARIABLE_ASSIGNMENT|[100]|descField|"common.api.soap.wsdl.Field@cbda4459"|0x23cd39e9
14:15:51.0 (58009705)|HEAP_ALLOCATE|[103]|Bytes:16
14:15:51.0 (58027125)|STATEMENT_EXECUTE|[103]
14:15:51.0 (58036875)|HEAP_ALLOCATE|[99]|Bytes:5
14:15:51.0 (58047281)|VARIABLE_SCOPE_BEGIN|[99]|key|String|false|false
14:15:51.0 (58054110)|VARIABLE_ASSIGNMENT|[99]|key|"personcontactid"
14:15:51.0 (58057432)|STATEMENT_EXECUTE|[99]
14:15:51.0 (58058976)|STATEMENT_EXECUTE|[100]
14:15:51.0 (58231947)|HEAP_ALLOCATE|[100]|Bytes:8
14:15:51.0 (58242091)|VARIABLE_SCOPE_BEGIN|[100]|descField|Schema.DescribeFieldResult|true|false
14:15:51.0 (58304322)|VARIABLE_ASSIGNMENT|[100]|descField|"common.api.soap.wsdl.Field@288b2a67"|0x7e30bd54
14:15:51.0 (58314343)|HEAP_ALLOCATE|[103]|Bytes:15
14:15:51.0 (58331004)|STATEMENT_EXECUTE|[103]
14:15:51.0 (58340878)|HEAP_ALLOCATE|[99]|Bytes:5
14:15:51.0 (58351069)|VARIABLE_SCOPE_BEGIN|[99]|key|String|false|false
14:15:51.0 (58357974)|VARIABLE_ASSIGNMENT|[99]|key|"ispersonaccount"
14:15:51.0 (58361166)|STATEMENT_EXECUTE|[99]
14:15:51.0 (58362858)|STATEMENT_EXECUTE|[100]
14:15:51.0 (58486393)|HEAP_ALLOCATE|[100]|Bytes:8
14:15:51.0 (58500100)|VARIABLE_SCOPE_BEGIN|[100]|descField|Schema.DescribeFieldResult|true|false
14:15:51.0 (58560054)|VARIABLE_ASSIGNMENT|[100]|descField|"common.api.soap.wsdl.Field@75bc7a2e"|0x59280ce0
14:15:51.0 (58570412)|HEAP_ALLOCATE|[103]|Bytes:15
14:15:51.0 (58587541)|STATEMENT_EXECUTE|[103]
14:15:51.0 (58597311)|HEAP_ALLOCATE|[99]|Bytes:5
14:15:51.0 (58607500)|VARIABLE_SCOPE_BEGIN|[99]|key|String|false|false
14:15:51.0 (58618297)|VARIABLE_ASSIGNMENT|[99]|key|"personmailingstreet"
14:15:51.0 (58624289)|STATEMENT_EXECUTE|[99]
14:15:51.0 (58626231)|STATEMENT_EXECUTE|[100]
14:15:51.0 (58795614)|HEAP_ALLOCATE|[100]|Bytes:8
14:15:51.0 (58805641)|VARIABLE_SCOPE_BEGIN|[100]|descField|Schema.DescribeFieldResult|true|false
14:15:51.0 (58862823)|VARIABLE_ASSIGNMENT|[100]|descField|"common.api.soap.wsdl.Field@adad9b9c"|0x561d7898
14:15:51.0 (58873014)|HEAP_ALLOCATE|[103]|Bytes:19
14:15:51.0 (58889583)|STATEMENT_EXECUTE|[103]
14:15:51.0 (58899419)|HEAP_ALLOCATE|[99]|Bytes:5
14:15:51.0 (58909492)|VARIABLE_SCOPE_BEGIN|[99]|key|String|false|false
14:15:51.0 (58916452)|VARIABLE_ASSIGNMENT|[99]|key|"personmailingcity"
14:15:51.0 (58920014)|STATEMENT_EXECUTE|[99]
14:15:51.0 (58921568)|STATEMENT_EXECUTE|[100]
14:15:51.0 (59061594)|HEAP_ALLOCATE|[100]|Bytes:8
14:15:51.0 (59072266)|VARIABLE_SCOPE_BEGIN|[100]|descField|Schema.DescribeFieldResult|true|false
14:15:51.0 (59129275)|VARIABLE_ASSIGNMENT|[100]|descField|"common.api.soap.wsdl.Field@a1710154"|0x1ca2f634
14:15:51.0 (59139378)|HEAP_ALLOCATE|[103]|Bytes:17
14:15:51.0 (59156355)|STATEMENT_EXECUTE|[103]
14:15:51.0 (59165809)|HEAP_ALLOCATE|[99]|Bytes:5
14:15:51.0 (59175784)|VARIABLE_SCOPE_BEGIN|[99]|key|String|false|false
14:15:51.0 (59182597)|VARIABLE_ASSIGNMENT|[99]|key|"personmailingstate"
14:15:51.0 (59185906)|STATEMENT_EXECUTE|[99]
14:15:51.0 (59187445)|STATEMENT_EXECUTE|[100]
14:15:51.0 (59331240)|HEAP_ALLOCATE|[100]|Bytes:8
14:15:51.0 (59341173)|VARIABLE_SCOPE_BEGIN|[100]|descField|Schema.DescribeFieldResult|true|false
14:15:51.0 (59398020)|VARIABLE_ASSIGNMENT|[100]|descField|"common.api.soap.wsdl.Field@950e4d3a"|0x2876a803
14:15:51.0 (59408135)|HEAP_ALLOCATE|[103]|Bytes:18
14:15:51.0 (59425218)|STATEMENT_EXECUTE|[103]
14:15:51.0 (59434933)|HEAP_ALLOCATE|[99]|Bytes:5
14:15:51.0 (59445146)|VARIABLE_SCOPE_BEGIN|[99]|key|String|false|false
14:15:51.0 (59453066)|VARIABLE_ASSIGNMENT|[99]|key|"personmailingpostalc (3 more) ..."
14:15:51.0 (59456624)|STATEMENT_EXECUTE|[99]
14:15:51.0 (59458160)|STATEMENT_EXECUTE|[100]
14:15:51.0 (59597844)|HEAP_ALLOCATE|[100]|Bytes:8
14:15:51.0 (59607548)|VARIABLE_SCOPE_BEGIN|[100]|descField|Schema.DescribeFieldResult|true|false
14:15:51.0 (59664076)|VARIABLE_ASSIGNMENT|[100]|descField|"common.api.soap.wsdl.Field@d18883ca"|0x2821b709
14:15:51.0 (59674163)|HEAP_ALLOCATE|[103]|Bytes:23
14:15:51.0 (59691005)|STATEMENT_EXECUTE|[103]
14:15:51.0 (59700607)|HEAP_ALLOCATE|[99]|Bytes:5
14:15:51.0 (59710771)|VARIABLE_SCOPE_BEGIN|[99]|key|String|false|false
14:15:51.0 (59717637)|VARIABLE_ASSIGNMENT|[99]|key|"personmailingcountry"
14:15:51.0 (59720988)|STATEMENT_EXECUTE|[99]
14:15:51.0 (59722529)|STATEMENT_EXECUTE|[100]
14:15:51.0 (59857638)|HEAP_ALLOCATE|[100]|Bytes:8
14:15:51.0 (59867732)|VARIABLE_SCOPE_BEGIN|[100]|descField|Schema.DescribeFieldResult|true|false
14:15:51.0 (59924559)|VARIABLE_ASSIGNMENT|[100]|descField|"common.api.soap.wsdl.Field@627404d2"|0x3fff05c7
14:15:51.0 (59934635)|HEAP_ALLOCATE|[103]|Bytes:20
14:15:51.0 (59951267)|STATEMENT_EXECUTE|[103]
14:15:51.0 (59960800)|HEAP_ALLOCATE|[99]|Bytes:5
14:15:51.0 (59970816)|VARIABLE_SCOPE_BEGIN|[99]|key|String|false|false
14:15:51.0 (59978550)|VARIABLE_ASSIGNMENT|[99]|key|"personmailinglatitud (1 more) ..."
14:15:51.0 (59982120)|STATEMENT_EXECUTE|[99]
14:15:51.0 (59983719)|STATEMENT_EXECUTE|[100]
14:15:51.0 (60120116)|HEAP_ALLOCATE|[100]|Bytes:8
14:15:51.0 (60130645)|VARIABLE_SCOPE_BEGIN|[100]|descField|Schema.DescribeFieldResult|true|false
14:15:51.0 (60187544)|VARIABLE_ASSIGNMENT|[100]|descField|"common.api.soap.wsdl.Field@75bcc97c"|0x3ee143c9
14:15:51.0 (60197491)|HEAP_ALLOCATE|[103]|Bytes:21
14:15:51.0 (60214289)|STATEMENT_EXECUTE|[103]
14:15:51.0 (60224036)|HEAP_ALLOCATE|[99]|Bytes:5
14:15:51.0 (60234394)|VARIABLE_SCOPE_BEGIN|[99]|key|String|false|false
14:15:51.0 (60242113)|VARIABLE_ASSIGNMENT|[99]|key|"personmailinglongitu (2 more) ..."
14:15:51.0 (60245644)|STATEMENT_EXECUTE|[99]
14:15:51.0 (60247227)|STATEMENT_EXECUTE|[100]
14:15:51.0 (60388361)|HEAP_ALLOCATE|[100]|Bytes:8
14:15:51.0 (60398205)|VARIABLE_SCOPE_BEGIN|[100]|descField|Schema.DescribeFieldResult|true|false
14:15:51.0 (60454982)|VARIABLE_ASSIGNMENT|[100]|descField|"common.api.soap.wsdl.Field@7d812612"|0x1fdb8041
14:15:51.0 (60465208)|HEAP_ALLOCATE|[103]|Bytes:22
14:15:51.0 (60484761)|STATEMENT_EXECUTE|[103]
14:15:51.0 (60495027)|HEAP_ALLOCATE|[99]|Bytes:5
14:15:51.0 (60505346)|VARIABLE_SCOPE_BEGIN|[99]|key|String|false|false
14:15:51.0 (60512443)|VARIABLE_ASSIGNMENT|[99]|key|"personmailingaddress"
14:15:51.0 (60515785)|STATEMENT_EXECUTE|[99]
14:15:51.0 (60517378)|STATEMENT_EXECUTE|[100]
14:15:51.0 (60627114)|HEAP_ALLOCATE|[100]|Bytes:8
14:15:51.0 (60636956)|VARIABLE_SCOPE_BEGIN|[100]|descField|Schema.DescribeFieldResult|true|false
14:15:51.0 (60693856)|VARIABLE_ASSIGNMENT|[100]|descField|"common.api.soap.wsdl.Field@6f45a5f2"|0x2ab12d15
14:15:51.0 (60703893)|HEAP_ALLOCATE|[103]|Bytes:20
14:15:51.0 (60720471)|STATEMENT_EXECUTE|[103]
14:15:51.0 (60729980)|HEAP_ALLOCATE|[99]|Bytes:5
14:15:51.0 (60740087)|VARIABLE_SCOPE_BEGIN|[99]|key|String|false|false
14:15:51.0 (60746849)|VARIABLE_ASSIGNMENT|[99]|key|"personotherstreet"
14:15:51.0 (60750079)|STATEMENT_EXECUTE|[99]
14:15:51.0 (60751670)|STATEMENT_EXECUTE|[100]
14:15:51.0 (60911050)|HEAP_ALLOCATE|[100]|Bytes:8
14:15:51.0 (60920934)|VARIABLE_SCOPE_BEGIN|[100]|descField|Schema.DescribeFieldResult|true|false
14:15:51.0 (60977668)|VARIABLE_ASSIGNMENT|[100]|descField|"common.api.soap.wsdl.Field@93fa6534"|0xd635051
14:15:51.0 (60987992)|HEAP_ALLOCATE|[103]|Bytes:17
14:15:51.0 (61004532)|STATEMENT_EXECUTE|[103]
14:15:51.0 (61015425)|HEAP_ALLOCATE|[99]|Bytes:5
14:15:51.0 (61025632)|VARIABLE_SCOPE_BEGIN|[99]|key|String|false|false
14:15:51.0 (61032541)|VARIABLE_ASSIGNMENT|[99]|key|"personothercity"
14:15:51.0 (61036118)|STATEMENT_EXECUTE|[99]
14:15:51.0 (61037664)|STATEMENT_EXECUTE|[100]
14:15:51.0 (61173017)|HEAP_ALLOCATE|[100]|Bytes:8
14:15:51.0 (61182780)|VARIABLE_SCOPE_BEGIN|[100]|descField|Schema.DescribeFieldResult|true|false
14:15:51.0 (61239590)|VARIABLE_ASSIGNMENT|[100]|descField|"common.api.soap.wsdl.Field@390c5e14"|0x62a87cf0
14:15:51.0 (61250205)|HEAP_ALLOCATE|[103]|Bytes:15
14:15:51.0 (61271747)|STATEMENT_EXECUTE|[103]
14:15:51.0 (61281667)|HEAP_ALLOCATE|[99]|Bytes:5
14:15:51.0 (61291847)|VARIABLE_SCOPE_BEGIN|[99]|key|String|false|false
14:15:51.0 (61298773)|VARIABLE_ASSIGNMENT|[99]|key|"personotherstate"
14:15:51.0 (61302117)|STATEMENT_EXECUTE|[99]
14:15:51.0 (61303687)|STATEMENT_EXECUTE|[100]
14:15:51.0 (61436760)|HEAP_ALLOCATE|[100]|Bytes:8
14:15:51.0 (61446593)|VARIABLE_SCOPE_BEGIN|[100]|descField|Schema.DescribeFieldResult|true|false
14:15:51.0 (61506455)|VARIABLE_ASSIGNMENT|[100]|descField|"common.api.soap.wsdl.Field@f0e68d3c"|0x2df82a16
14:15:51.0 (61516877)|HEAP_ALLOCATE|[103]|Bytes:16
14:15:51.0 (61533734)|STATEMENT_EXECUTE|[103]
14:15:51.0 (61543474)|HEAP_ALLOCATE|[99]|Bytes:5
14:15:51.0 (61553228)|VARIABLE_SCOPE_BEGIN|[99]|key|String|false|false
14:15:51.0 (61560876)|VARIABLE_ASSIGNMENT|[99]|key|"personotherpostalcod (1 more) ..."
14:15:51.0 (61564405)|STATEMENT_EXECUTE|[99]
14:15:51.0 (61565997)|STATEMENT_EXECUTE|[100]
14:15:51.0 (61700404)|HEAP_ALLOCATE|[100]|Bytes:8
14:15:51.0 (61710081)|VARIABLE_SCOPE_BEGIN|[100]|descField|Schema.DescribeFieldResult|true|false
14:15:51.0 (61766403)|VARIABLE_ASSIGNMENT|[100]|descField|"common.api.soap.wsdl.Field@8b33adc5"|0x5890bd04
14:15:51.0 (61776539)|HEAP_ALLOCATE|[103]|Bytes:21
14:15:51.0 (61793217)|STATEMENT_EXECUTE|[103]
14:15:51.0 (61802905)|HEAP_ALLOCATE|[99]|Bytes:5
14:15:51.0 (61812893)|VARIABLE_SCOPE_BEGIN|[99]|key|String|false|false
14:15:51.0 (61819739)|VARIABLE_ASSIGNMENT|[99]|key|"personothercountry"
14:15:51.0 (61823144)|STATEMENT_EXECUTE|[99]
14:15:51.0 (61824738)|STATEMENT_EXECUTE|[100]
14:15:51.0 (61957967)|HEAP_ALLOCATE|[100]|Bytes:8
14:15:51.0 (61968013)|VARIABLE_SCOPE_BEGIN|[100]|descField|Schema.DescribeFieldResult|true|false
14:15:51.0 (62024228)|VARIABLE_ASSIGNMENT|[100]|descField|"common.api.soap.wsdl.Field@92c4b277"|0xae925d0
14:15:51.0 (62035266)|HEAP_ALLOCATE|[103]|Bytes:18
14:15:51.0 (62051960)|STATEMENT_EXECUTE|[103]
14:15:51.0 (62061460)|HEAP_ALLOCATE|[99]|Bytes:5
14:15:51.0 (62071483)|VARIABLE_SCOPE_BEGIN|[99]|key|String|false|false
14:15:51.0 (62078466)|VARIABLE_ASSIGNMENT|[99]|key|"personotherlatitude"
14:15:51.0 (62081827)|STATEMENT_EXECUTE|[99]
14:15:51.0 (62083392)|STATEMENT_EXECUTE|[100]
14:15:51.0 (62220271)|HEAP_ALLOCATE|[100]|Bytes:8
14:15:51.0 (62230014)|VARIABLE_SCOPE_BEGIN|[100]|descField|Schema.DescribeFieldResult|true|false
14:15:51.0 (62290927)|VARIABLE_ASSIGNMENT|[100]|descField|"common.api.soap.wsdl.Field@a55bfafc"|0x20c52029
14:15:51.0 (62301379)|HEAP_ALLOCATE|[103]|Bytes:19
14:15:51.0 (62318041)|STATEMENT_EXECUTE|[103]
14:15:51.0 (62327850)|HEAP_ALLOCATE|[99]|Bytes:5
14:15:51.0 (62337913)|VARIABLE_SCOPE_BEGIN|[99]|key|String|false|false
14:15:51.0 (62345089)|VARIABLE_ASSIGNMENT|[99]|key|"personotherlongitude"
14:15:51.0 (62348540)|STATEMENT_EXECUTE|[99]
14:15:51.0 (62350174)|STATEMENT_EXECUTE|[100]
14:15:51.0 (62488735)|HEAP_ALLOCATE|[100]|Bytes:8
14:15:51.0 (62498509)|VARIABLE_SCOPE_BEGIN|[100]|descField|Schema.DescribeFieldResult|true|false
14:15:51.0 (62554566)|VARIABLE_ASSIGNMENT|[100]|descField|"common.api.soap.wsdl.Field@ee387e8e"|0x5ccdc832
14:15:51.0 (62564749)|HEAP_ALLOCATE|[103]|Bytes:20
14:15:51.0 (62581386)|STATEMENT_EXECUTE|[103]
14:15:51.0 (62590895)|HEAP_ALLOCATE|[99]|Bytes:5
14:15:51.0 (62600900)|VARIABLE_SCOPE_BEGIN|[99]|key|String|false|false
14:15:51.0 (62607670)|VARIABLE_ASSIGNMENT|[99]|key|"personotheraddress"
14:15:51.0 (62611029)|STATEMENT_EXECUTE|[99]
14:15:51.0 (62612623)|STATEMENT_EXECUTE|[100]
14:15:51.0 (62722232)|HEAP_ALLOCATE|[100]|Bytes:8
14:15:51.0 (62731947)|VARIABLE_SCOPE_BEGIN|[100]|descField|Schema.DescribeFieldResult|true|false
14:15:51.0 (62788143)|VARIABLE_ASSIGNMENT|[100]|descField|"common.api.soap.wsdl.Field@f9515b76"|0x7c8a3774
14:15:51.0 (62798440)|HEAP_ALLOCATE|[103]|Bytes:18
14:15:51.0 (62815141)|STATEMENT_EXECUTE|[103]
14:15:51.0 (62824836)|HEAP_ALLOCATE|[99]|Bytes:5
14:15:51.0 (62834834)|VARIABLE_SCOPE_BEGIN|[99]|key|String|false|false
14:15:51.0 (62841688)|VARIABLE_ASSIGNMENT|[99]|key|"personmobilephone"
14:15:51.0 (62844893)|STATEMENT_EXECUTE|[99]
14:15:51.0 (62846468)|STATEMENT_EXECUTE|[100]
14:15:51.0 (63007550)|HEAP_ALLOCATE|[100]|Bytes:8
14:15:51.0 (63018278)|VARIABLE_SCOPE_BEGIN|[100]|descField|Schema.DescribeFieldResult|true|false
14:15:51.0 (63074877)|VARIABLE_ASSIGNMENT|[100]|descField|"common.api.soap.wsdl.Field@6e2de4e0"|0x6ba2422d
14:15:51.0 (63085149)|HEAP_ALLOCATE|[103]|Bytes:17
14:15:51.0 (63101765)|STATEMENT_EXECUTE|[103]
14:15:51.0 (63111573)|HEAP_ALLOCATE|[99]|Bytes:5
14:15:51.0 (63121693)|VARIABLE_SCOPE_BEGIN|[99]|key|String|false|false
14:15:51.0 (63128531)|VARIABLE_ASSIGNMENT|[99]|key|"personhomephone"
14:15:51.0 (63131688)|STATEMENT_EXECUTE|[99]
14:15:51.0 (63133527)|STATEMENT_EXECUTE|[100]
14:15:51.0 (63299368)|HEAP_ALLOCATE|[100]|Bytes:8
14:15:51.0 (63309334)|VARIABLE_SCOPE_BEGIN|[100]|descField|Schema.DescribeFieldResult|true|false
14:15:51.0 (63366075)|VARIABLE_ASSIGNMENT|[100]|descField|"common.api.soap.wsdl.Field@b14748f4"|0x1e1d6f52
14:15:51.0 (63376404)|HEAP_ALLOCATE|[103]|Bytes:15
14:15:51.0 (63393301)|STATEMENT_EXECUTE|[103]
14:15:51.0 (63403140)|HEAP_ALLOCATE|[99]|Bytes:5
14:15:51.0 (63413261)|VARIABLE_SCOPE_BEGIN|[99]|key|String|false|false
14:15:51.0 (63420020)|VARIABLE_ASSIGNMENT|[99]|key|"personotherphone"
14:15:51.0 (63423281)|STATEMENT_EXECUTE|[99]
14:15:51.0 (63424835)|STATEMENT_EXECUTE|[100]
14:15:51.0 (63585582)|HEAP_ALLOCATE|[100]|Bytes:8
14:15:51.0 (63595647)|VARIABLE_SCOPE_BEGIN|[100]|descField|Schema.DescribeFieldResult|true|false
14:15:51.0 (63652633)|VARIABLE_ASSIGNMENT|[100]|descField|"common.api.soap.wsdl.Field@d4ebe30"|0x6ac1e6be
14:15:51.0 (63662856)|HEAP_ALLOCATE|[103]|Bytes:16
14:15:51.0 (63679533)|STATEMENT_EXECUTE|[103]
14:15:51.0 (63689526)|HEAP_ALLOCATE|[99]|Bytes:5
14:15:51.0 (63699713)|VARIABLE_SCOPE_BEGIN|[99]|key|String|false|false
14:15:51.0 (63706762)|VARIABLE_ASSIGNMENT|[99]|key|"personassistantphone"
14:15:51.0 (63710058)|STATEMENT_EXECUTE|[99]
14:15:51.0 (63711657)|STATEMENT_EXECUTE|[100]
14:15:51.0 (63870656)|HEAP_ALLOCATE|[100]|Bytes:8
14:15:51.0 (63880653)|VARIABLE_SCOPE_BEGIN|[100]|descField|Schema.DescribeFieldResult|true|false
14:15:51.0 (63937345)|VARIABLE_ASSIGNMENT|[100]|descField|"common.api.soap.wsdl.Field@956670de"|0x7f52d208
14:15:51.0 (63947457)|HEAP_ALLOCATE|[103]|Bytes:20
14:15:51.0 (63964138)|STATEMENT_EXECUTE|[103]
14:15:51.0 (63973907)|HEAP_ALLOCATE|[99]|Bytes:5
14:15:51.0 (63983913)|VARIABLE_SCOPE_BEGIN|[99]|key|String|false|false
14:15:51.0 (63990776)|VARIABLE_ASSIGNMENT|[99]|key|"personemail"
14:15:51.0 (63994194)|STATEMENT_EXECUTE|[99]
14:15:51.0 (63995757)|STATEMENT_EXECUTE|[100]
14:15:51.0 (64152955)|HEAP_ALLOCATE|[100]|Bytes:8
14:15:51.0 (64163694)|VARIABLE_SCOPE_BEGIN|[100]|descField|Schema.DescribeFieldResult|true|false
14:15:51.0 (64220879)|VARIABLE_ASSIGNMENT|[100]|descField|"common.api.soap.wsdl.Field@ec20c735"|0x5ebc12b2
14:15:51.0 (64230988)|HEAP_ALLOCATE|[103]|Bytes:11
14:15:51.0 (64247736)|STATEMENT_EXECUTE|[103]
14:15:51.0 (64265103)|HEAP_ALLOCATE|[99]|Bytes:5
14:15:51.0 (64275839)|VARIABLE_SCOPE_BEGIN|[99]|key|String|false|false
14:15:51.0 (64282721)|VARIABLE_ASSIGNMENT|[99]|key|"persontitle"
14:15:51.0 (64286142)|STATEMENT_EXECUTE|[99]
14:15:51.0 (64287730)|STATEMENT_EXECUTE|[100]
14:15:51.0 (64443796)|HEAP_ALLOCATE|[100]|Bytes:8
14:15:51.0 (64453681)|VARIABLE_SCOPE_BEGIN|[100]|descField|Schema.DescribeFieldResult|true|false
14:15:51.0 (64513282)|VARIABLE_ASSIGNMENT|[100]|descField|"common.api.soap.wsdl.Field@d6882689"|0x1066b765
14:15:51.0 (64523683)|HEAP_ALLOCATE|[103]|Bytes:11
14:15:51.0 (64540723)|STATEMENT_EXECUTE|[103]
14:15:51.0 (64550698)|HEAP_ALLOCATE|[99]|Bytes:5
14:15:51.0 (64560839)|VARIABLE_SCOPE_BEGIN|[99]|key|String|false|false
14:15:51.0 (64567636)|VARIABLE_ASSIGNMENT|[99]|key|"persondepartment"
14:15:51.0 (64571326)|STATEMENT_EXECUTE|[99]
14:15:51.0 (64572958)|STATEMENT_EXECUTE|[100]
14:15:51.0 (64728174)|HEAP_ALLOCATE|[100]|Bytes:8
14:15:51.0 (64738116)|VARIABLE_SCOPE_BEGIN|[100]|descField|Schema.DescribeFieldResult|true|false
14:15:51.0 (64795051)|VARIABLE_ASSIGNMENT|[100]|descField|"common.api.soap.wsdl.Field@f6a8f6ec"|0x48006079
14:15:51.0 (64805125)|HEAP_ALLOCATE|[103]|Bytes:16
14:15:51.0 (64822078)|STATEMENT_EXECUTE|[103]
14:15:51.0 (64831757)|HEAP_ALLOCATE|[99]|Bytes:5
14:15:51.0 (64842015)|VARIABLE_SCOPE_BEGIN|[99]|key|String|false|false
14:15:51.0 (64848945)|VARIABLE_ASSIGNMENT|[99]|key|"personassistantname"
14:15:51.0 (64852345)|STATEMENT_EXECUTE|[99]
14:15:51.0 (64853885)|STATEMENT_EXECUTE|[100]
14:15:51.0 (65009454)|HEAP_ALLOCATE|[100]|Bytes:8
14:15:51.0 (65020009)|VARIABLE_SCOPE_BEGIN|[100]|descField|Schema.DescribeFieldResult|true|false
14:15:51.0 (65076562)|VARIABLE_ASSIGNMENT|[100]|descField|"common.api.soap.wsdl.Field@aa0522e5"|0x53793165
14:15:51.0 (65086811)|HEAP_ALLOCATE|[103]|Bytes:19
14:15:51.0 (65103523)|STATEMENT_EXECUTE|[103]
14:15:51.0 (65113219)|HEAP_ALLOCATE|[99]|Bytes:5
14:15:51.0 (65123453)|VARIABLE_SCOPE_BEGIN|[99]|key|String|false|false
14:15:51.0 (65130427)|VARIABLE_ASSIGNMENT|[99]|key|"personleadsource"
14:15:51.0 (65133760)|STATEMENT_EXECUTE|[99]
14:15:51.0 (65135268)|STATEMENT_EXECUTE|[100]
14:15:51.0 (65296017)|HEAP_ALLOCATE|[100]|Bytes:8
14:15:51.0 (65305927)|VARIABLE_SCOPE_BEGIN|[100]|descField|Schema.DescribeFieldResult|true|false
14:15:51.0 (65362426)|VARIABLE_ASSIGNMENT|[100]|descField|"common.api.soap.wsdl.Field@d78f4340"|0x3df29900
14:15:51.0 (65372899)|HEAP_ALLOCATE|[103]|Bytes:16
14:15:51.0 (65389878)|STATEMENT_EXECUTE|[103]
14:15:51.0 (65399638)|HEAP_ALLOCATE|[99]|Bytes:5
14:15:51.0 (65409737)|VARIABLE_SCOPE_BEGIN|[99]|key|String|false|false
14:15:51.0 (65416616)|VARIABLE_ASSIGNMENT|[99]|key|"personbirthdate"
14:15:51.0 (65420039)|STATEMENT_EXECUTE|[99]
14:15:51.0 (65421639)|STATEMENT_EXECUTE|[100]
14:15:51.0 (65581148)|HEAP_ALLOCATE|[100]|Bytes:8
14:15:51.0 (65590939)|VARIABLE_SCOPE_BEGIN|[100]|descField|Schema.DescribeFieldResult|true|false
14:15:51.0 (65647238)|VARIABLE_ASSIGNMENT|[100]|descField|"common.api.soap.wsdl.Field@2e43503e"|0x34f66023
14:15:51.0 (65657320)|HEAP_ALLOCATE|[103]|Bytes:15
14:15:51.0 (65673886)|STATEMENT_EXECUTE|[103]
14:15:51.0 (65683576)|HEAP_ALLOCATE|[99]|Bytes:5
14:15:51.0 (65693647)|VARIABLE_SCOPE_BEGIN|[99]|key|String|false|false
14:15:51.0 (65701710)|VARIABLE_ASSIGNMENT|[99]|key|"personhasoptedoutofe (4 more) ..."
14:15:51.0 (65705317)|STATEMENT_EXECUTE|[99]
14:15:51.0 (65706881)|STATEMENT_EXECUTE|[100]
14:15:51.0 (65843680)|HEAP_ALLOCATE|[100]|Bytes:8
14:15:51.0 (65853713)|VARIABLE_SCOPE_BEGIN|[100]|descField|Schema.DescribeFieldResult|true|false
14:15:51.0 (65910220)|VARIABLE_ASSIGNMENT|[100]|descField|"common.api.soap.wsdl.Field@d167d882"|0x7bf600a3
14:15:51.0 (65920285)|HEAP_ALLOCATE|[103]|Bytes:24
14:15:51.0 (65936951)|STATEMENT_EXECUTE|[103]
14:15:51.0 (65946532)|HEAP_ALLOCATE|[99]|Bytes:5
14:15:51.0 (65956740)|VARIABLE_SCOPE_BEGIN|[99]|key|String|false|false
14:15:51.0 (65964445)|VARIABLE_ASSIGNMENT|[99]|key|"personhasoptedoutoff (2 more) ..."
14:15:51.0 (65967996)|STATEMENT_EXECUTE|[99]
14:15:51.0 (65969563)|STATEMENT_EXECUTE|[100]
14:15:51.0 (66108508)|HEAP_ALLOCATE|[100]|Bytes:8
14:15:51.0 (66119147)|VARIABLE_SCOPE_BEGIN|[100]|descField|Schema.DescribeFieldResult|true|false
14:15:51.0 (66175921)|VARIABLE_ASSIGNMENT|[100]|descField|"common.api.soap.wsdl.Field@e02b675a"|0x4f73270f
14:15:51.0 (66186119)|HEAP_ALLOCATE|[103]|Bytes:22
14:15:51.0 (66202740)|STATEMENT_EXECUTE|[103]
14:15:51.0 (66212284)|HEAP_ALLOCATE|[99]|Bytes:5
14:15:51.0 (66222321)|VARIABLE_SCOPE_BEGIN|[99]|key|String|false|false
14:15:51.0 (66229246)|VARIABLE_ASSIGNMENT|[99]|key|"persondonotcall"
14:15:51.0 (66232469)|STATEMENT_EXECUTE|[99]
14:15:51.0 (66233976)|STATEMENT_EXECUTE|[100]
14:15:51.0 (66376033)|HEAP_ALLOCATE|[100]|Bytes:8
14:15:51.0 (66385896)|VARIABLE_SCOPE_BEGIN|[100]|descField|Schema.DescribeFieldResult|true|false
14:15:51.0 (66442422)|VARIABLE_ASSIGNMENT|[100]|descField|"common.api.soap.wsdl.Field@d9b9a4b2"|0x6cb41e72
14:15:51.0 (66452535)|HEAP_ALLOCATE|[103]|Bytes:15
14:15:51.0 (66469136)|STATEMENT_EXECUTE|[103]
14:15:51.0 (66478805)|HEAP_ALLOCATE|[99]|Bytes:5
14:15:51.0 (66488776)|VARIABLE_SCOPE_BEGIN|[99]|key|String|false|false
14:15:51.0 (66496482)|VARIABLE_ASSIGNMENT|[99]|key|"personlastcurequestd (3 more) ..."
14:15:51.0 (66500000)|STATEMENT_EXECUTE|[99]
14:15:51.0 (66501545)|STATEMENT_EXECUTE|[100]
14:15:51.0 (66625318)|HEAP_ALLOCATE|[100]|Bytes:8
14:15:51.0 (66635173)|VARIABLE_SCOPE_BEGIN|[100]|descField|Schema.DescribeFieldResult|true|false
14:15:51.0 (66691190)|VARIABLE_ASSIGNMENT|[100]|descField|"common.api.soap.wsdl.Field@8c06c100"|0x5f3178f4
14:15:51.0 (66701288)|HEAP_ALLOCATE|[103]|Bytes:23
14:15:51.0 (66717947)|STATEMENT_EXECUTE|[103]
14:15:51.0 (66727523)|HEAP_ALLOCATE|[99]|Bytes:5
14:15:51.0 (66737618)|VARIABLE_SCOPE_BEGIN|[99]|key|String|false|false
14:15:51.0 (66745308)|VARIABLE_ASSIGNMENT|[99]|key|"personlastcuupdateda (2 more) ..."
14:15:51.0 (66748888)|STATEMENT_EXECUTE|[99]
14:15:51.0 (66750450)|STATEMENT_EXECUTE|[100]
14:15:51.0 (66871586)|HEAP_ALLOCATE|[100]|Bytes:8
14:15:51.0 (66881544)|VARIABLE_SCOPE_BEGIN|[100]|descField|Schema.DescribeFieldResult|true|false
14:15:51.0 (66938054)|VARIABLE_ASSIGNMENT|[100]|descField|"common.api.soap.wsdl.Field@ee6ce3d"|0x15617ca7
14:15:51.0 (66948266)|HEAP_ALLOCATE|[103]|Bytes:22
14:15:51.0 (66964901)|STATEMENT_EXECUTE|[103]
14:15:51.0 (66974417)|HEAP_ALLOCATE|[99]|Bytes:5
14:15:51.0 (66984293)|VARIABLE_SCOPE_BEGIN|[99]|key|String|false|false
14:15:51.0 (66992143)|VARIABLE_ASSIGNMENT|[99]|key|"personemailbouncedre (4 more) ..."
14:15:51.0 (66995580)|STATEMENT_EXECUTE|[99]
14:15:51.0 (66997211)|STATEMENT_EXECUTE|[100]
14:15:51.0 (67146524)|HEAP_ALLOCATE|[100]|Bytes:8
14:15:51.0 (67157532)|VARIABLE_SCOPE_BEGIN|[100]|descField|Schema.DescribeFieldResult|true|false
14:15:51.0 (67221035)|VARIABLE_ASSIGNMENT|[100]|descField|"common.api.soap.wsdl.Field@157abc51"|0xcb6bc3f
14:15:51.0 (67231983)|HEAP_ALLOCATE|[103]|Bytes:24
14:15:51.0 (67249026)|STATEMENT_EXECUTE|[103]
14:15:51.0 (67263363)|HEAP_ALLOCATE|[99]|Bytes:5
14:15:51.0 (67274201)|VARIABLE_SCOPE_BEGIN|[99]|key|String|false|false
14:15:51.0 (67282339)|VARIABLE_ASSIGNMENT|[99]|key|"personemailbouncedda (2 more) ..."
14:15:51.0 (67286232)|STATEMENT_EXECUTE|[99]
14:15:51.0 (67287948)|STATEMENT_EXECUTE|[100]
14:15:51.0 (67421903)|HEAP_ALLOCATE|[100]|Bytes:8
14:15:51.0 (67431766)|VARIABLE_SCOPE_BEGIN|[100]|descField|Schema.DescribeFieldResult|true|false
14:15:51.0 (67488849)|VARIABLE_ASSIGNMENT|[100]|descField|"common.api.soap.wsdl.Field@18004302"|0x6aebd883
14:15:51.0 (67499143)|HEAP_ALLOCATE|[103]|Bytes:22
14:15:51.0 (67515908)|STATEMENT_EXECUTE|[103]
14:15:51.0 (67525610)|HEAP_ALLOCATE|[99]|Bytes:5
14:15:51.0 (67535823)|VARIABLE_SCOPE_BEGIN|[99]|key|String|false|false
14:15:51.0 (67542546)|VARIABLE_ASSIGNMENT|[99]|key|"jigsaw"
14:15:51.0 (67545949)|STATEMENT_EXECUTE|[99]
14:15:51.0 (67547555)|STATEMENT_EXECUTE|[100]
14:15:51.0 (67701677)|HEAP_ALLOCATE|[100]|Bytes:8
14:15:51.0 (67711605)|VARIABLE_SCOPE_BEGIN|[100]|descField|Schema.DescribeFieldResult|true|false
14:15:51.0 (67768858)|VARIABLE_ASSIGNMENT|[100]|descField|"common.api.soap.wsdl.Field@ac3d992e"|0x3820cca8
14:15:51.0 (67779079)|HEAP_ALLOCATE|[103]|Bytes:6
14:15:51.0 (67795739)|STATEMENT_EXECUTE|[103]
14:15:51.0 (67805428)|HEAP_ALLOCATE|[99]|Bytes:5
14:15:51.0 (67815638)|VARIABLE_SCOPE_BEGIN|[99]|key|String|false|false
14:15:51.0 (67822494)|VARIABLE_ASSIGNMENT|[99]|key|"jigsawcompanyid"
14:15:51.0 (67825928)|STATEMENT_EXECUTE|[99]
14:15:51.0 (67827495)|STATEMENT_EXECUTE|[100]
14:15:51.0 (67952500)|HEAP_ALLOCATE|[100]|Bytes:8
14:15:51.0 (67962296)|VARIABLE_SCOPE_BEGIN|[100]|descField|Schema.DescribeFieldResult|true|false
14:15:51.0 (68019140)|VARIABLE_ASSIGNMENT|[100]|descField|"common.api.soap.wsdl.Field@2278f6cf"|0x3683564d
14:15:51.0 (68030134)|HEAP_ALLOCATE|[103]|Bytes:15
14:15:51.0 (68046902)|STATEMENT_EXECUTE|[103]
14:15:51.0 (68056547)|HEAP_ALLOCATE|[99]|Bytes:5
14:15:51.0 (68066822)|VARIABLE_SCOPE_BEGIN|[99]|key|String|false|false
14:15:51.0 (68073528)|VARIABLE_ASSIGNMENT|[99]|key|"accountsource"
14:15:51.0 (68076744)|STATEMENT_EXECUTE|[99]
14:15:51.0 (68078296)|STATEMENT_EXECUTE|[100]
14:15:51.0 (68223207)|HEAP_ALLOCATE|[100]|Bytes:8
14:15:51.0 (68233106)|VARIABLE_SCOPE_BEGIN|[100]|descField|Schema.DescribeFieldResult|true|false
14:15:51.0 (68294607)|VARIABLE_ASSIGNMENT|[100]|descField|"common.api.soap.wsdl.Field@f47a3fb3"|0x570430b7
14:15:51.0 (68305082)|HEAP_ALLOCATE|[103]|Bytes:13
14:15:51.0 (68321911)|STATEMENT_EXECUTE|[103]
14:15:51.0 (68331743)|HEAP_ALLOCATE|[99]|Bytes:5
14:15:51.0 (68341946)|VARIABLE_SCOPE_BEGIN|[99]|key|String|false|false
14:15:51.0 (68348548)|VARIABLE_ASSIGNMENT|[99]|key|"dunsnumber"
14:15:51.0 (68351876)|STATEMENT_EXECUTE|[99]
14:15:51.0 (68353458)|STATEMENT_EXECUTE|[100]
14:15:51.0 (68501119)|HEAP_ALLOCATE|[100]|Bytes:8
14:15:51.0 (68510939)|VARIABLE_SCOPE_BEGIN|[100]|descField|Schema.DescribeFieldResult|true|false
14:15:51.0 (68567786)|VARIABLE_ASSIGNMENT|[100]|descField|"common.api.soap.wsdl.Field@5643234f"|0x30ed344
14:15:51.0 (68578017)|HEAP_ALLOCATE|[103]|Bytes:10
14:15:51.0 (68594854)|STATEMENT_EXECUTE|[103]
14:15:51.0 (68604507)|HEAP_ALLOCATE|[99]|Bytes:5
14:15:51.0 (68614658)|VARIABLE_SCOPE_BEGIN|[99]|key|String|false|false
14:15:51.0 (68621360)|VARIABLE_ASSIGNMENT|[99]|key|"tradestyle"
14:15:51.0 (68624744)|STATEMENT_EXECUTE|[99]
14:15:51.0 (68626331)|STATEMENT_EXECUTE|[100]
14:15:51.0 (68772281)|HEAP_ALLOCATE|[100]|Bytes:8
14:15:51.0 (68782066)|VARIABLE_SCOPE_BEGIN|[100]|descField|Schema.DescribeFieldResult|true|false
14:15:51.0 (68838257)|VARIABLE_ASSIGNMENT|[100]|descField|"common.api.soap.wsdl.Field@77ba6952"|0x54b1fae
14:15:51.0 (68848398)|HEAP_ALLOCATE|[103]|Bytes:10
14:15:51.0 (68865021)|STATEMENT_EXECUTE|[103]
14:15:51.0 (68874784)|HEAP_ALLOCATE|[99]|Bytes:5
14:15:51.0 (68884947)|VARIABLE_SCOPE_BEGIN|[99]|key|String|false|false
14:15:51.0 (68891586)|VARIABLE_ASSIGNMENT|[99]|key|"naicscode"
14:15:51.0 (68895195)|STATEMENT_EXECUTE|[99]
14:15:51.0 (68896786)|STATEMENT_EXECUTE|[100]
14:15:51.0 (69041835)|HEAP_ALLOCATE|[100]|Bytes:8
14:15:51.0 (69052482)|VARIABLE_SCOPE_BEGIN|[100]|descField|Schema.DescribeFieldResult|true|false
14:15:51.0 (69108647)|VARIABLE_ASSIGNMENT|[100]|descField|"common.api.soap.wsdl.Field@5aac625d"|0x705067a9
14:15:51.0 (69118663)|HEAP_ALLOCATE|[103]|Bytes:9
14:15:51.0 (69135237)|STATEMENT_EXECUTE|[103]
14:15:51.0 (69145243)|HEAP_ALLOCATE|[99]|Bytes:5
14:15:51.0 (69155144)|VARIABLE_SCOPE_BEGIN|[99]|key|String|false|false
14:15:51.0 (69161751)|VARIABLE_ASSIGNMENT|[99]|key|"naicsdesc"
14:15:51.0 (69165086)|STATEMENT_EXECUTE|[99]
14:15:51.0 (69166670)|STATEMENT_EXECUTE|[100]
14:15:51.0 (69317216)|HEAP_ALLOCATE|[100]|Bytes:8
14:15:51.0 (69327049)|VARIABLE_SCOPE_BEGIN|[100]|descField|Schema.DescribeFieldResult|true|false
14:15:51.0 (69383501)|VARIABLE_ASSIGNMENT|[100]|descField|"common.api.soap.wsdl.Field@e7ff9ec"|0x662d71b7
14:15:51.0 (69393680)|HEAP_ALLOCATE|[103]|Bytes:9
14:15:51.0 (69410332)|STATEMENT_EXECUTE|[103]
14:15:51.0 (69420416)|HEAP_ALLOCATE|[99]|Bytes:5
14:15:51.0 (69430471)|VARIABLE_SCOPE_BEGIN|[99]|key|String|false|false
14:15:51.0 (69437175)|VARIABLE_ASSIGNMENT|[99]|key|"yearstarted"
14:15:51.0 (69440378)|STATEMENT_EXECUTE|[99]
14:15:51.0 (69441966)|STATEMENT_EXECUTE|[100]
14:15:51.0 (69587414)|HEAP_ALLOCATE|[100]|Bytes:8
14:15:51.0 (69597184)|VARIABLE_SCOPE_BEGIN|[100]|descField|Schema.DescribeFieldResult|true|false
14:15:51.0 (69653543)|VARIABLE_ASSIGNMENT|[100]|descField|"common.api.soap.wsdl.Field@29ae5dda"|0x1556db95
14:15:51.0 (69663669)|HEAP_ALLOCATE|[103]|Bytes:11
14:15:51.0 (69680368)|STATEMENT_EXECUTE|[103]
14:15:51.0 (69690140)|HEAP_ALLOCATE|[99]|Bytes:5
14:15:51.0 (69700165)|VARIABLE_SCOPE_BEGIN|[99]|key|String|false|false
14:15:51.0 (69706743)|VARIABLE_ASSIGNMENT|[99]|key|"sicdesc"
14:15:51.0 (69710070)|STATEMENT_EXECUTE|[99]
14:15:51.0 (69711620)|STATEMENT_EXECUTE|[100]
14:15:51.0 (69857334)|HEAP_ALLOCATE|[100]|Bytes:8
14:15:51.0 (69867493)|VARIABLE_SCOPE_BEGIN|[100]|descField|Schema.DescribeFieldResult|true|false
14:15:51.0 (69924500)|VARIABLE_ASSIGNMENT|[100]|descField|"common.api.soap.wsdl.Field@7c5ba106"|0x72c2dc73
14:15:51.0 (69934808)|HEAP_ALLOCATE|[103]|Bytes:7
14:15:51.0 (69951452)|STATEMENT_EXECUTE|[103]
14:15:51.0 (69961153)|HEAP_ALLOCATE|[99]|Bytes:5
14:15:51.0 (69971287)|VARIABLE_SCOPE_BEGIN|[99]|key|String|false|false
14:15:51.0 (69978224)|VARIABLE_ASSIGNMENT|[99]|key|"dandbcompanyid"
14:15:51.0 (69981471)|STATEMENT_EXECUTE|[99]
14:15:51.0 (69983246)|STATEMENT_EXECUTE|[100]
14:15:51.0 (70192617)|HEAP_ALLOCATE|[100]|Bytes:8
14:15:51.0 (70203534)|VARIABLE_SCOPE_BEGIN|[100]|descField|Schema.DescribeFieldResult|true|false
14:15:51.0 (70266597)|VARIABLE_ASSIGNMENT|[100]|descField|"common.api.soap.wsdl.Field@cf818b72"|0x7576beab
14:15:51.0 (70277094)|HEAP_ALLOCATE|[103]|Bytes:14
14:15:51.0 (70294191)|STATEMENT_EXECUTE|[103]
14:15:51.0 (70303963)|HEAP_ALLOCATE|[99]|Bytes:5
14:15:51.0 (70314035)|VARIABLE_SCOPE_BEGIN|[99]|key|String|false|false
14:15:51.0 (70321958)|VARIABLE_ASSIGNMENT|[99]|key|"permanent_partner_ma (8 more) ..."
14:15:51.0 (70325845)|STATEMENT_EXECUTE|[99]
14:15:51.0 (70327375)|STATEMENT_EXECUTE|[100]
14:15:51.0 (70480073)|HEAP_ALLOCATE|[100]|Bytes:8
14:15:51.0 (70489890)|VARIABLE_SCOPE_BEGIN|[100]|descField|Schema.DescribeFieldResult|true|false
14:15:51.0 (70547389)|VARIABLE_ASSIGNMENT|[100]|descField|"common.api.soap.wsdl.Field@fd14159"|0x2bd5da2a
14:15:51.0 (70557688)|HEAP_ALLOCATE|[103]|Bytes:28
14:15:51.0 (70574198)|STATEMENT_EXECUTE|[103]
14:15:51.0 (70583837)|HEAP_ALLOCATE|[99]|Bytes:5
14:15:51.0 (70593795)|VARIABLE_SCOPE_BEGIN|[99]|key|String|false|false
14:15:51.0 (70600800)|VARIABLE_ASSIGNMENT|[99]|key|"partner_manager__c"
14:15:51.0 (70604206)|STATEMENT_EXECUTE|[99]
14:15:51.0 (70605772)|STATEMENT_EXECUTE|[100]
14:15:51.0 (70792325)|HEAP_ALLOCATE|[100]|Bytes:8
14:15:51.0 (70802211)|VARIABLE_SCOPE_BEGIN|[100]|descField|Schema.DescribeFieldResult|true|false
14:15:51.0 (70860061)|VARIABLE_ASSIGNMENT|[100]|descField|"common.api.soap.wsdl.Field@44834254"|0x3a340d46
14:15:51.0 (70870397)|HEAP_ALLOCATE|[103]|Bytes:18
14:15:51.0 (70887167)|STATEMENT_EXECUTE|[103]
14:15:51.0 (70896732)|HEAP_ALLOCATE|[99]|Bytes:5
14:15:51.0 (70906982)|VARIABLE_SCOPE_BEGIN|[99]|key|String|false|false
14:15:51.0 (70913617)|VARIABLE_ASSIGNMENT|[99]|key|"id__c"
14:15:51.0 (70916883)|STATEMENT_EXECUTE|[99]
14:15:51.0 (70918518)|STATEMENT_EXECUTE|[100]
14:15:51.0 (71056980)|HEAP_ALLOCATE|[100]|Bytes:8
14:15:51.0 (71067595)|VARIABLE_SCOPE_BEGIN|[100]|descField|Schema.DescribeFieldResult|true|false
14:15:51.0 (71124697)|VARIABLE_ASSIGNMENT|[100]|descField|"common.api.soap.wsdl.Field@5ef28fc1"|0x68ff8164
14:15:51.0 (71134636)|HEAP_ALLOCATE|[103]|Bytes:5
14:15:51.0 (71151523)|STATEMENT_EXECUTE|[103]
14:15:51.0 (71161197)|HEAP_ALLOCATE|[99]|Bytes:5
14:15:51.0 (71171184)|VARIABLE_SCOPE_BEGIN|[99]|key|String|false|false
14:15:51.0 (71178041)|VARIABLE_ASSIGNMENT|[99]|key|"external_id__c"
14:15:51.0 (71181282)|STATEMENT_EXECUTE|[99]
14:15:51.0 (71182838)|STATEMENT_EXECUTE|[100]
14:15:51.0 (71329901)|HEAP_ALLOCATE|[100]|Bytes:8
14:15:51.0 (71339747)|VARIABLE_SCOPE_BEGIN|[100]|descField|Schema.DescribeFieldResult|true|false
14:15:51.0 (71397186)|VARIABLE_ASSIGNMENT|[100]|descField|"common.api.soap.wsdl.Field@fbc7aef7"|0x5284d4f5
14:15:51.0 (71407204)|HEAP_ALLOCATE|[103]|Bytes:14
14:15:51.0 (71423691)|STATEMENT_EXECUTE|[103]
14:15:51.0 (71433328)|HEAP_ALLOCATE|[99]|Bytes:5
14:15:51.0 (71443403)|VARIABLE_SCOPE_BEGIN|[99]|key|String|false|false
14:15:51.0 (71451423)|VARIABLE_ASSIGNMENT|[99]|key|"open_opportunities__ (1 more) ..."
14:15:51.0 (71455019)|STATEMENT_EXECUTE|[99]
14:15:51.0 (71456574)|STATEMENT_EXECUTE|[100]
14:15:51.0 (71577839)|HEAP_ALLOCATE|[100]|Bytes:8
14:15:51.0 (71587709)|VARIABLE_SCOPE_BEGIN|[100]|descField|Schema.DescribeFieldResult|true|false
14:15:51.0 (71644434)|VARIABLE_ASSIGNMENT|[100]|descField|"common.api.soap.wsdl.Field@755077d9"|0x2a737d3b
14:15:51.0 (71654473)|HEAP_ALLOCATE|[103]|Bytes:21
14:15:51.0 (71671160)|STATEMENT_EXECUTE|[103]
14:15:51.0 (71680732)|HEAP_ALLOCATE|[99]|Bytes:5
14:15:51.0 (71690994)|VARIABLE_SCOPE_BEGIN|[99]|key|String|false|false
14:15:51.0 (71698762)|VARIABLE_ASSIGNMENT|[99]|key|"open_opportunities_v (7 more) ..."
14:15:51.0 (71702295)|STATEMENT_EXECUTE|[99]
14:15:51.0 (71703857)|STATEMENT_EXECUTE|[100]
14:15:51.0 (71823895)|HEAP_ALLOCATE|[100]|Bytes:8
14:15:51.0 (71833714)|VARIABLE_SCOPE_BEGIN|[100]|descField|Schema.DescribeFieldResult|true|false
14:15:51.0 (71890338)|VARIABLE_ASSIGNMENT|[100]|descField|"common.api.soap.wsdl.Field@60a8fda0"|0x356cbedf
14:15:51.0 (71900423)|HEAP_ALLOCATE|[103]|Bytes:27
14:15:51.0 (71916940)|STATEMENT_EXECUTE|[103]
14:15:51.0 (71926663)|HEAP_ALLOCATE|[99]|Bytes:5
14:15:51.0 (71936837)|VARIABLE_SCOPE_BEGIN|[99]|key|String|false|false
14:15:51.0 (71943876)|VARIABLE_ASSIGNMENT|[99]|key|"rating_indicator__c"
14:15:51.0 (71947244)|STATEMENT_EXECUTE|[99]
14:15:51.0 (71948885)|STATEMENT_EXECUTE|[100]
14:15:51.0 (72413399)|HEAP_ALLOCATE|[100]|Bytes:8
14:15:51.0 (72425488)|VARIABLE_SCOPE_BEGIN|[100]|descField|Schema.DescribeFieldResult|true|false
14:15:51.0 (72486262)|VARIABLE_ASSIGNMENT|[100]|descField|"common.api.soap.wsdl.Field@de59d4f8"|0xbe10546
14:15:51.0 (72496883)|HEAP_ALLOCATE|[103]|Bytes:19
14:15:51.0 (72514339)|STATEMENT_EXECUTE|[103]
14:15:51.0 (72524871)|HEAP_ALLOCATE|[99]|Bytes:5
14:15:51.0 (72535551)|VARIABLE_SCOPE_BEGIN|[99]|key|String|false|false
14:15:51.0 (72542691)|VARIABLE_ASSIGNMENT|[99]|key|"external_id__pc"
14:15:51.0 (72546063)|STATEMENT_EXECUTE|[99]
14:15:51.0 (72547811)|STATEMENT_EXECUTE|[100]
14:15:51.0 (73024131)|HEAP_ALLOCATE|[100]|Bytes:8
14:15:51.0 (73035730)|VARIABLE_SCOPE_BEGIN|[100]|descField|Schema.DescribeFieldResult|true|false
14:15:51.0 (73095533)|VARIABLE_ASSIGNMENT|[100]|descField|"common.api.soap.wsdl.Field@ffc7e27a"|0xb65ac76
14:15:51.0 (73106022)|HEAP_ALLOCATE|[103]|Bytes:15
14:15:51.0 (73123619)|STATEMENT_EXECUTE|[103]
14:15:51.0 (73133790)|HEAP_ALLOCATE|[99]|Bytes:5
14:15:51.0 (73144647)|VARIABLE_SCOPE_BEGIN|[99]|key|String|false|false
14:15:51.0 (73152894)|VARIABLE_ASSIGNMENT|[99]|key|"activeliveagentuser_ (3 more) ..."
14:15:51.0 (73156821)|STATEMENT_EXECUTE|[99]
14:15:51.0 (73158459)|STATEMENT_EXECUTE|[100]
14:15:51.0 (73308109)|HEAP_ALLOCATE|[100]|Bytes:8
14:15:51.0 (73318393)|VARIABLE_SCOPE_BEGIN|[100]|descField|Schema.DescribeFieldResult|true|false
14:15:51.0 (73377382)|VARIABLE_ASSIGNMENT|[100]|descField|"common.api.soap.wsdl.Field@df9f6dd9"|0x1455eef9
14:15:51.0 (73387741)|HEAP_ALLOCATE|[103]|Bytes:23
14:15:51.0 (73404786)|STATEMENT_EXECUTE|[103]
14:15:51.0 (73414881)|HEAP_ALLOCATE|[99]|Bytes:5
14:15:51.0 (73425875)|VARIABLE_ASSIGNMENT|[99]|key|null
14:15:51.0 (73430278)|STATEMENT_EXECUTE|[117]
14:15:51.0 (73432062)|STATEMENT_EXECUTE|[118]
14:15:51.0 (73472039)|HEAP_ALLOCATE|[EXTERNAL]|Bytes:4
14:15:51.0 (73489762)|HEAP_ALLOCATE|[91]|Bytes:5
14:15:51.0 (73500914)|VARIABLE_ASSIGNMENT|[91]|o|null|
14:15:51.0 (73505110)|STATEMENT_EXECUTE|[122]
14:15:51.0 (73567047)|DML_BEGIN|[122]|Op:Update|Type:SObject|Rows:1
14:15:51.0 (73595479)|HEAP_ALLOCATE|[EXTERNAL]|Bytes:8
14:15:51.0 (91304004)|CODE_UNIT_STARTED|[EXTERNAL]|DuplicateDetector
14:15:51.0 (91318340)|DUPLICATE_DETECTION_BEGIN
14:15:51.0 (91411261)|DUPLICATE_DETECTION_RULE_INVOCATION|DuplicateRuleId:0Bm36000000pmhL|DuplicateRuleName:Standard Account duplicate rule|DmlType:UPDATE
14:15:51.0 (91419850)|DUPLICATE_DETECTION_END
14:15:51.0 (91478331)|CODE_UNIT_FINISHED|DuplicateDetector
14:15:51.0 (142477818)|DML_END|[122]
14:15:51.0 (142567245)|HEAP_ALLOCATE|[EXTERNAL]|Bytes:8
14:15:51.0 (142593245)|METHOD_EXIT|[65]|01p360000053CeU|CellCrud.supdate(List<SObject>, Boolean)
14:15:51.0 (142602247)|METHOD_EXIT|[20]|01p360000053CeU|CellCrud.supdate(List<SObject>)
14:15:51.0 (142612413)|SYSTEM_MODE_EXIT|false
14:15:51.0 (149333549)|CODE_UNIT_STARTED|[EXTERNAL]|DuplicateDetector
14:15:51.0 (149343364)|DUPLICATE_DETECTION_BEGIN
14:15:51.0 (149378153)|DUPLICATE_DETECTION_RULE_INVOCATION|DuplicateRuleId:0Bm36000000pmhL|DuplicateRuleName:Standard Account duplicate rule|DmlType:UPDATE
14:15:51.0 (199385072)|DUPLICATE_DETECTION_END
14:15:51.0 (199460418)|CODE_UNIT_FINISHED|DuplicateDetector
14:15:51.199 (199530060)|CUMULATIVE_LIMIT_USAGE
14:15:51.199 (199530060)|LIMIT_USAGE_FOR_NS|(default)|
  Number of SOQL queries: 0 out of 100
  Number of query rows: 0 out of 50000
  Number of SOSL queries: 0 out of 20
  Number of DML statements: 1 out of 150
  Number of DML rows: 1 out of 10000
  Maximum CPU time: 0 out of 10000
  Maximum heap size: 0 out of 6000000
  Number of callouts: 0 out of 100
  Number of Email Invocations: 0 out of 10
  Number of future calls: 0 out of 50
  Number of queueable jobs added to the queue: 0 out of 50
  Number of Mobile Apex push calls: 0 out of 10

14:15:51.199 (199530060)|CUMULATIVE_LIMIT_USAGE_END

14:15:51.0 (199594834)|CODE_UNIT_FINISHED|CellController.forceUpdate
