36.0 APEX_CODE,FINEST;APEX_PROFILING,INFO;CALLOUT,INFO;DB,INFO;SYSTEM,DEBUG;VALIDATION,INFO;VISUALFORCE,INFO;WORKFLOW,INFO
13:21:15.0 (73386)|EXECUTION_STARTED
13:21:15.0 (123046)|CODE_UNIT_STARTED|[EXTERNAL]|01p360000053AMn|BatchLatLongGenerator
13:21:15.0 (900153)|HEAP_ALLOCATE|[EXTERNAL]|Bytes:77
13:21:15.0 (921954)|HEAP_ALLOCATE|[EXTERNAL]|Bytes:10
13:21:15.0 (925695)|HEAP_ALLOCATE|[EXTERNAL]|Bytes:14
13:21:15.0 (938038)|METHOD_ENTRY|[1]|01p360000053AMn|BatchLatLongGenerator.BatchLatLongGenerator()
13:21:15.0 (949113)|STATEMENT_EXECUTE|[1]
13:21:15.0 (957278)|STATEMENT_EXECUTE|[1]
13:21:15.0 (968129)|METHOD_EXIT|[1]|BatchLatLongGenerator
13:21:15.0 (973550)|HEAP_ALLOCATE|[EXTERNAL]|Bytes:8
13:21:15.0 (989943)|HEAP_ALLOCATE|[EXTERNAL]|Bytes:11
13:21:15.0 (997017)|SYSTEM_METHOD_ENTRY|[15]|BatchableContextImpl.BatchableContextImpl()
13:21:15.0 (1000571)|STATEMENT_EXECUTE|[15]
13:21:15.0 (1009285)|SYSTEM_METHOD_EXIT|[15]|BatchableContextImpl
13:21:15.0 (1012482)|HEAP_ALLOCATE|[EXTERNAL]|Bytes:12
13:21:15.0 (1039588)|HEAP_ALLOCATE|[EXTERNAL]|Bytes:44
13:21:15.0 (1047458)|VARIABLE_SCOPE_BEGIN|[15]|this|BatchLatLongGenerator|true|false
13:21:15.0 (1129765)|VARIABLE_ASSIGNMENT|[15]|this|{"query":"Select Id, Name, Bil (115 more) ..."}|0x7fcec877
13:21:15.0 (1134940)|VARIABLE_SCOPE_BEGIN|[15]|BC|Database.BatchableContext|true|false
13:21:15.0 (1264997)|VARIABLE_ASSIGNMENT|[15]|BC|{"childJobId":"70736000006EeVsAAK","jobId":"70736000006EeVnAAK"}|0xf0e2b11
13:21:15.0 (1270953)|VARIABLE_SCOPE_BEGIN|[15]|scope|List<SObject>|true|false
13:21:15.0 (1289278)|VARIABLE_ASSIGNMENT|[15]|scope|{"s":1,"v":"List of size 10 too large to display"}|0x26fd77a0
13:21:15.0 (1297890)|STATEMENT_EXECUTE|[15]
13:21:15.0 (1374279)|HEAP_ALLOCATE|[50]|Bytes:5
13:21:15.0 (1392482)|HEAP_ALLOCATE|[56]|Bytes:5
13:21:15.0 (1401245)|HEAP_ALLOCATE|[64]|Bytes:7
13:21:15.0 (1414841)|HEAP_ALLOCATE|[17]|Bytes:5
13:21:15.0 (1462236)|HEAP_ALLOCATE|[17]|Bytes:32
13:21:15.0 (1476896)|VARIABLE_SCOPE_BEGIN|[17]|acc|Account|true|false
13:21:15.0 (1505824)|VARIABLE_ASSIGNMENT|[17]|acc|{"s":1,"v":{"Id":"00136000008NvuGAAS","Name":"Niki Sullivan","BillingStreet":"216 Lindy Dr","BillingCity":"Las Vegas","BillingState":"NV","BillingCountry":"USA","BillingPostalCode":"89107"}}|0x5eee771b
13:21:15.0 (1512826)|STATEMENT_EXECUTE|[17]
13:21:15.0 (1514885)|STATEMENT_EXECUTE|[18]
13:21:15.0 (1517932)|HEAP_ALLOCATE|[18]|Bytes:28
13:21:15.0 (1547012)|HEAP_ALLOCATE|[18]|Bytes:41
13:21:15.0 (1572230)|USER_DEBUG|[18]|DEBUG|Starting encode for account Niki Sullivan
13:21:15.0 (1579665)|STATEMENT_EXECUTE|[19]
13:21:15.0 (1584694)|VARIABLE_SCOPE_BEGIN|[19]|address|String|false|false
13:21:15.0 (1591567)|VARIABLE_ASSIGNMENT|[19]|address|""
13:21:15.0 (1600008)|STATEMENT_EXECUTE|[21]
13:21:15.0 (1601626)|STATEMENT_EXECUTE|[22]
13:21:15.0 (1605531)|HEAP_ALLOCATE|[22]|Bytes:1
13:21:15.0 (1611377)|HEAP_ALLOCATE|[22]|Bytes:13
13:21:15.0 (1615607)|HEAP_ALLOCATE|[22]|Bytes:13
13:21:15.0 (1621218)|VARIABLE_ASSIGNMENT|[22]|address|"216 Lindy Dr,"
13:21:15.0 (1629311)|STATEMENT_EXECUTE|[24]
13:21:15.0 (1631085)|STATEMENT_EXECUTE|[25]
13:21:15.0 (1636849)|HEAP_ALLOCATE|[25]|Bytes:10
13:21:15.0 (1641143)|HEAP_ALLOCATE|[25]|Bytes:23
13:21:15.0 (1647619)|VARIABLE_ASSIGNMENT|[25]|address|"216 Lindy Dr,Las Veg (3 more) ..."
13:21:15.0 (1654382)|STATEMENT_EXECUTE|[27]
13:21:15.0 (1656087)|STATEMENT_EXECUTE|[28]
13:21:15.0 (1661685)|HEAP_ALLOCATE|[28]|Bytes:3
13:21:15.0 (1665972)|HEAP_ALLOCATE|[28]|Bytes:26
13:21:15.0 (1671943)|VARIABLE_ASSIGNMENT|[28]|address|"216 Lindy Dr,Las Veg (6 more) ..."
13:21:15.0 (1678705)|STATEMENT_EXECUTE|[30]
13:21:15.0 (1680434)|STATEMENT_EXECUTE|[31]
13:21:15.0 (1686007)|HEAP_ALLOCATE|[31]|Bytes:4
13:21:15.0 (1690409)|HEAP_ALLOCATE|[31]|Bytes:30
13:21:15.0 (1696422)|VARIABLE_ASSIGNMENT|[31]|address|"216 Lindy Dr,Las Veg (10 more) ..."
13:21:15.0 (1703099)|STATEMENT_EXECUTE|[33]
13:21:15.0 (1704868)|STATEMENT_EXECUTE|[34]
13:21:15.0 (1713835)|HEAP_ALLOCATE|[34]|Bytes:6
13:21:15.0 (1718489)|HEAP_ALLOCATE|[34]|Bytes:36
13:21:15.0 (1724586)|VARIABLE_ASSIGNMENT|[34]|address|"216 Lindy Dr,Las Veg (16 more) ..."
13:21:15.0 (1747571)|STATEMENT_EXECUTE|[37]
13:21:15.0 (1749755)|STATEMENT_EXECUTE|[38]
13:21:15.0 (1781614)|VARIABLE_SCOPE_BEGIN|[38]|req|System.HttpRequest|true|false
13:21:15.0 (1834781)|VARIABLE_ASSIGNMENT|[38]|req|"System.HttpRequest[Endpoint=null, Method=null]"|0x6ebdcc33
13:21:15.0 (1840868)|STATEMENT_EXECUTE|[39]
13:21:15.0 (1844447)|HEAP_ALLOCATE|[39]|Bytes:20
13:21:15.0 (1858005)|USER_DEBUG|[39]|DEBUG|Address is not blank
13:21:15.0 (1864053)|STATEMENT_EXECUTE|[41]
13:21:15.0 (1867260)|HEAP_ALLOCATE|[41]|Bytes:5
13:21:15.0 (1882047)|HEAP_ALLOCATE|[41]|Bytes:15
13:21:15.0 (1890068)|SYSTEM_METHOD_ENTRY|[1]|EncodingUtil.EncodingUtil()
13:21:15.0 (1893211)|STATEMENT_EXECUTE|[1]
13:21:15.0 (1899747)|SYSTEM_METHOD_EXIT|[1]|EncodingUtil
13:21:15.0 (1909573)|METHOD_ENTRY|[41]||System.EncodingUtil.urlEncode(String, String)
13:21:15.0 (1955272)|METHOD_EXIT|[41]||System.EncodingUtil.urlEncode(String, String)
13:21:15.0 (1969908)|VARIABLE_ASSIGNMENT|[41]|address|"216+Lindy+Dr%2CLas+V (26 more) ..."
13:21:15.0 (1974453)|STATEMENT_EXECUTE|[42]
13:21:15.0 (1977555)|HEAP_ALLOCATE|[42]|Bytes:11
13:21:15.0 (1984103)|HEAP_ALLOCATE|[42]|Bytes:57
13:21:15.0 (1995202)|USER_DEBUG|[42]|DEBUG|address is 216+Lindy+Dr%2CLas+Vegas%2CNV%2CUSA%2C89107%2C
13:21:15.0 (2000337)|STATEMENT_EXECUTE|[43]
13:21:15.0 (2004429)|HEAP_ALLOCATE|[43]|Bytes:57
13:21:15.0 (2007462)|HEAP_ALLOCATE|[43]|Bytes:12
13:21:15.0 (2020555)|HEAP_ALLOCATE|[43]|Bytes:115
13:21:15.0 (2076979)|STATEMENT_EXECUTE|[44]
13:21:15.0 (2081181)|HEAP_ALLOCATE|[44]|Bytes:3
13:21:15.0 (2101615)|STATEMENT_EXECUTE|[45]
13:21:15.0 (2119480)|VARIABLE_SCOPE_BEGIN|[45]|http|System.Http|true|false
13:21:15.0 (2159227)|VARIABLE_ASSIGNMENT|[45]|http|"System.Http[]"|0x2ab407d3
13:21:15.0 (2165004)|STATEMENT_EXECUTE|[46]
13:21:15.0 (2171275)|VARIABLE_SCOPE_BEGIN|[46]|res|System.HttpResponse|true|false
13:21:15.0 (2179033)|VARIABLE_ASSIGNMENT|[46]|res|null|
13:21:15.0 (2194518)|HEAP_ALLOCATE|[47]|Bytes:57
13:21:15.0 (2202901)|SYSTEM_METHOD_ENTRY|[1]|Test.Test()
13:21:15.0 (2206164)|STATEMENT_EXECUTE|[1]
13:21:15.0 (2212574)|SYSTEM_METHOD_EXIT|[1]|Test
13:21:15.0 (2220948)|METHOD_ENTRY|[47]||System.Test.isRunningTest()
13:21:15.0 (2243903)|METHOD_EXIT|[47]||System.Test.isRunningTest()
13:21:15.0 (2250822)|STATEMENT_EXECUTE|[47]
13:21:15.0 (2252738)|STATEMENT_EXECUTE|[48]
13:21:15.0 (2317897)|CALLOUT_REQUEST|[48]|System.HttpRequest[Endpoint=https://maps.googleapis.com/maps/api/geocode/xml?address=216+Lindy+Dr%2CLas+Vegas%2CNV%2CUSA%2C89107%2C&sensor=true, Method=GET]
13:21:15.0 (17769635)|HEAP_ALLOCATE|[EXTERNAL]|Bytes:743
13:21:15.0 (17853638)|CALLOUT_RESPONSE|[48]|System.HttpResponse[Status=OK, StatusCode=200]
13:21:15.0 (17869509)|HEAP_ALLOCATE|[48]|Bytes:314
13:21:15.0 (17938657)|VARIABLE_ASSIGNMENT|[48]|res|"System.HttpResponse[Status=OK, StatusCode=200]"|0x7cffb31
13:21:15.0 (17949990)|STATEMENT_EXECUTE|[59]
13:21:15.0 (18110785)|VARIABLE_SCOPE_BEGIN|[59]|doc|dom.Document|true|false
13:21:15.0 (18161930)|VARIABLE_ASSIGNMENT|[59]|doc|"Document[]"|0x71373af
13:21:15.0 (18172047)|STATEMENT_EXECUTE|[61]
13:21:15.0 (18214428)|VARIABLE_SCOPE_BEGIN|[61]|geocodeResponse|dom.XmlNode|true|false
13:21:15.0 (18304482)|VARIABLE_ASSIGNMENT|[61]|geocodeResponse|"XMLNode[ELEMENT,GeocodeResponse,null,null,null,[XMLNode[TEXT,null,null,null,null,null,\n ,], XMLNode[ELEMENT,status,null,null,null,[XMLNode[TEXT,null,null,null,null,null,OVER_QUERY_LIMIT,]],null,], XMLNode[TEXT,null,null,null,null,null,\n ,], XMLNode[ELEMENT,error_message,null,null,null,[XMLNode[TEXT,null,null,null,null,null,You have exceeded your daily request quota for this API. We recommend registering for a key at the Google Developers Console: https://console.developers.google.com/,]],null,], XMLNode[TEXT,null,null,null,null,null,\n,]],null,]"|0x2963199a
13:21:15.0 (18318086)|STATEMENT_EXECUTE|[62]
13:21:15.0 (18320206)|STATEMENT_EXECUTE|[64]
13:21:15.0 (18324967)|HEAP_ALLOCATE|[64]|Bytes:6
13:21:15.0 (18361223)|VARIABLE_SCOPE_BEGIN|[64]|result|dom.XmlNode|true|false
13:21:15.0 (18370014)|VARIABLE_ASSIGNMENT|[64]|result|null|
13:21:15.0 (18374574)|STATEMENT_EXECUTE|[65]
13:21:15.0 (18395533)|HEAP_ALLOCATE|[17]|Bytes:5
13:21:15.0 (18428424)|HEAP_ALLOCATE|[17]|Bytes:40
13:21:15.0 (18439733)|VARIABLE_SCOPE_BEGIN|[17]|acc|Account|true|false
13:21:15.0 (18471054)|VARIABLE_ASSIGNMENT|[17]|acc|{"s":1,"v":{"Id":"00136000008NvuHAAS","Name":"Open Source Inc.","BillingLatitude":30.2686031,"BillingLongitude":-97.7432016,"BillingStreet":"600 Congress Avenue","BillingCity":"Austin","BillingState":"TX","BillingCountry":"USA","BillingPostalCode":"78701"}}|0x236309fa
13:21:15.0 (18477774)|STATEMENT_EXECUTE|[17]
13:21:15.0 (18479754)|STATEMENT_EXECUTE|[18]
13:21:15.0 (18496582)|HEAP_ALLOCATE|[18]|Bytes:44
13:21:15.0 (18511257)|USER_DEBUG|[18]|DEBUG|Starting encode for account Open Source Inc.
13:21:15.0 (18517493)|STATEMENT_EXECUTE|[19]
13:21:15.0 (18521634)|VARIABLE_SCOPE_BEGIN|[19]|address|String|false|false
13:21:15.0 (18528087)|VARIABLE_ASSIGNMENT|[19]|address|""
13:21:15.0 (18535538)|STATEMENT_EXECUTE|[21]
13:21:15.0 (18537224)|STATEMENT_EXECUTE|[22]
13:21:15.0 (18543697)|HEAP_ALLOCATE|[22]|Bytes:20
13:21:15.0 (18548335)|HEAP_ALLOCATE|[22]|Bytes:20
13:21:15.0 (18553780)|VARIABLE_ASSIGNMENT|[22]|address|"600 Congress Avenue,"
13:21:15.0 (18560730)|STATEMENT_EXECUTE|[24]
13:21:15.0 (18562552)|STATEMENT_EXECUTE|[25]
13:21:15.0 (18567726)|HEAP_ALLOCATE|[25]|Bytes:7
13:21:15.0 (18571862)|HEAP_ALLOCATE|[25]|Bytes:27
13:21:15.0 (18578437)|VARIABLE_ASSIGNMENT|[25]|address|"600 Congress Avenue, (7 more) ..."
13:21:15.0 (18584986)|STATEMENT_EXECUTE|[27]
13:21:15.0 (18586792)|STATEMENT_EXECUTE|[28]
13:21:15.0 (18592016)|HEAP_ALLOCATE|[28]|Bytes:3
13:21:15.0 (18596025)|HEAP_ALLOCATE|[28]|Bytes:30
13:21:15.0 (18601949)|VARIABLE_ASSIGNMENT|[28]|address|"600 Congress Avenue, (10 more) ..."
13:21:15.0 (18608452)|STATEMENT_EXECUTE|[30]
13:21:15.0 (18610226)|STATEMENT_EXECUTE|[31]
13:21:15.0 (18615719)|HEAP_ALLOCATE|[31]|Bytes:4
13:21:15.0 (18619748)|HEAP_ALLOCATE|[31]|Bytes:34
13:21:15.0 (18625609)|VARIABLE_ASSIGNMENT|[31]|address|"600 Congress Avenue, (14 more) ..."
13:21:15.0 (18631904)|STATEMENT_EXECUTE|[33]
13:21:15.0 (18633559)|STATEMENT_EXECUTE|[34]
13:21:15.0 (18638902)|HEAP_ALLOCATE|[34]|Bytes:6
13:21:15.0 (18642853)|HEAP_ALLOCATE|[34]|Bytes:40
13:21:15.0 (18648289)|VARIABLE_ASSIGNMENT|[34]|address|"600 Congress Avenue, (20 more) ..."
13:21:15.0 (18664130)|STATEMENT_EXECUTE|[37]
13:21:15.0 (18679595)|STATEMENT_EXECUTE|[38]
13:21:15.0 (18699633)|VARIABLE_SCOPE_BEGIN|[38]|req|System.HttpRequest|true|false
13:21:15.0 (18756296)|VARIABLE_ASSIGNMENT|[38]|req|"System.HttpRequest[Endpoint=null, Method=null]"|0x5b0d78d4
13:21:15.0 (18765591)|STATEMENT_EXECUTE|[39]
13:21:15.0 (18782804)|USER_DEBUG|[39]|DEBUG|Address is not blank
13:21:15.0 (18794365)|STATEMENT_EXECUTE|[41]
13:21:15.0 (18805583)|METHOD_ENTRY|[41]||System.EncodingUtil.urlEncode(String, String)
13:21:15.0 (18856103)|METHOD_EXIT|[41]||System.EncodingUtil.urlEncode(String, String)
13:21:15.0 (18866558)|VARIABLE_ASSIGNMENT|[41]|address|"600+Congress+Avenue% (30 more) ..."
13:21:15.0 (18870488)|STATEMENT_EXECUTE|[42]
13:21:15.0 (18876356)|HEAP_ALLOCATE|[42]|Bytes:61
13:21:15.0 (18885901)|USER_DEBUG|[42]|DEBUG|address is 600+Congress+Avenue%2CAustin%2CTX%2CUSA%2C78701%2C
13:21:15.0 (18890823)|STATEMENT_EXECUTE|[43]
13:21:15.0 (18897517)|HEAP_ALLOCATE|[43]|Bytes:119
13:21:15.0 (18920859)|STATEMENT_EXECUTE|[44]
13:21:15.0 (18931542)|STATEMENT_EXECUTE|[45]
13:21:15.0 (18942209)|VARIABLE_SCOPE_BEGIN|[45]|http|System.Http|true|false
13:21:15.0 (18979796)|VARIABLE_ASSIGNMENT|[45]|http|"System.Http[]"|0x768188a1
13:21:15.0 (18985620)|STATEMENT_EXECUTE|[46]
13:21:15.0 (18989057)|VARIABLE_SCOPE_BEGIN|[46]|res|System.HttpResponse|true|false
13:21:15.0 (18994759)|VARIABLE_ASSIGNMENT|[46]|res|null|
13:21:15.0 (19003757)|METHOD_ENTRY|[47]||System.Test.isRunningTest()
13:21:15.0 (19015890)|METHOD_EXIT|[47]||System.Test.isRunningTest()
13:21:15.0 (19022003)|STATEMENT_EXECUTE|[47]
13:21:15.0 (19023874)|STATEMENT_EXECUTE|[48]
13:21:15.0 (21559542)|CALLOUT_REQUEST|[48]|System.HttpRequest[Endpoint=https://maps.googleapis.com/maps/api/geocode/xml?address=600+Congress+Avenue%2CAustin%2CTX%2CUSA%2C78701%2C&sensor=true, Method=GET]
13:21:15.0 (36449157)|HEAP_ALLOCATE|[EXTERNAL]|Bytes:743
13:21:15.0 (36514330)|CALLOUT_RESPONSE|[48]|System.HttpResponse[Status=OK, StatusCode=200]
13:21:15.0 (36532860)|HEAP_ALLOCATE|[48]|Bytes:314
13:21:15.0 (36601682)|VARIABLE_ASSIGNMENT|[48]|res|"System.HttpResponse[Status=OK, StatusCode=200]"|0x371891dd
13:21:15.0 (36614107)|STATEMENT_EXECUTE|[59]
13:21:15.0 (36727837)|VARIABLE_SCOPE_BEGIN|[59]|doc|dom.Document|true|false
13:21:15.0 (36764086)|VARIABLE_ASSIGNMENT|[59]|doc|"Document[]"|0x52b6c0dd
13:21:15.0 (36770889)|STATEMENT_EXECUTE|[61]
13:21:15.0 (36792980)|VARIABLE_SCOPE_BEGIN|[61]|geocodeResponse|dom.XmlNode|true|false
13:21:15.0 (36854221)|VARIABLE_ASSIGNMENT|[61]|geocodeResponse|"XMLNode[ELEMENT,GeocodeResponse,null,null,null,[XMLNode[TEXT,null,null,null,null,null,\n ,], XMLNode[ELEMENT,status,null,null,null,[XMLNode[TEXT,null,null,null,null,null,OVER_QUERY_LIMIT,]],null,], XMLNode[TEXT,null,null,null,null,null,\n ,], XMLNode[ELEMENT,error_message,null,null,null,[XMLNode[TEXT,null,null,null,null,null,You have exceeded your daily request quota for this API. We recommend registering for a key at the Google Developers Console: https://console.developers.google.com/,]],null,], XMLNode[TEXT,null,null,null,null,null,\n,]],null,]"|0x19f04024
13:21:15.0 (36865312)|STATEMENT_EXECUTE|[62]
13:21:15.0 (36867312)|STATEMENT_EXECUTE|[64]
13:21:15.0 (36888718)|VARIABLE_SCOPE_BEGIN|[64]|result|dom.XmlNode|true|false
13:21:15.0 (36896870)|VARIABLE_ASSIGNMENT|[64]|result|null|
13:21:15.0 (36906297)|STATEMENT_EXECUTE|[65]
13:21:15.0 (36932491)|HEAP_ALLOCATE|[17]|Bytes:5
13:21:15.0 (36970391)|HEAP_ALLOCATE|[17]|Bytes:40
13:21:15.0 (36983051)|VARIABLE_SCOPE_BEGIN|[17]|acc|Account|true|false
13:21:15.0 (37019783)|VARIABLE_ASSIGNMENT|[17]|acc|{"s":1,"v":{"Id":"00136000008NvuIAAS","Name":"Opportunity Resource (5 more) ...","BillingLatitude":37.5565649,"BillingLongitude":-77.4708848,"BillingStreet":"400 North Robinson S (5 more) ...","BillingCity":"Richmond","BillingState":"VA","BillingCountry":"USA","BillingPostalCode":"23220"}}|0xd96d621
13:21:15.0 (37027378)|STATEMENT_EXECUTE|[17]
13:21:15.0 (37029078)|STATEMENT_EXECUTE|[18]
13:21:15.0 (37050725)|HEAP_ALLOCATE|[18]|Bytes:53
13:21:15.0 (37071136)|USER_DEBUG|[18]|DEBUG|Starting encode for account Opportunity Resources Inc
13:21:15.0 (37077755)|STATEMENT_EXECUTE|[19]
13:21:15.0 (37081886)|VARIABLE_SCOPE_BEGIN|[19]|address|String|false|false
13:21:15.0 (37088604)|VARIABLE_ASSIGNMENT|[19]|address|""
13:21:15.0 (37096233)|STATEMENT_EXECUTE|[21]
13:21:15.0 (37098435)|STATEMENT_EXECUTE|[22]
13:21:15.0 (37104938)|HEAP_ALLOCATE|[22]|Bytes:26
13:21:15.0 (37109719)|HEAP_ALLOCATE|[22]|Bytes:26
13:21:15.0 (37116127)|VARIABLE_ASSIGNMENT|[22]|address|"400 North Robinson S (6 more) ..."
13:21:15.0 (37123593)|STATEMENT_EXECUTE|[24]
13:21:15.0 (37125453)|STATEMENT_EXECUTE|[25]
13:21:15.0 (37130715)|HEAP_ALLOCATE|[25]|Bytes:9
13:21:15.0 (37135144)|HEAP_ALLOCATE|[25]|Bytes:35
13:21:15.0 (37141232)|VARIABLE_ASSIGNMENT|[25]|address|"400 North Robinson S (15 more) ..."
13:21:15.0 (37148120)|STATEMENT_EXECUTE|[27]
13:21:15.0 (37149901)|STATEMENT_EXECUTE|[28]
13:21:15.0 (37155124)|HEAP_ALLOCATE|[28]|Bytes:3
13:21:15.0 (37159309)|HEAP_ALLOCATE|[28]|Bytes:38
13:21:15.0 (37164964)|VARIABLE_ASSIGNMENT|[28]|address|"400 North Robinson S (18 more) ..."
13:21:15.0 (37171539)|STATEMENT_EXECUTE|[30]
13:21:15.0 (37173276)|STATEMENT_EXECUTE|[31]
13:21:15.0 (37178565)|HEAP_ALLOCATE|[31]|Bytes:4
13:21:15.0 (37182861)|HEAP_ALLOCATE|[31]|Bytes:42
13:21:15.0 (37188474)|VARIABLE_ASSIGNMENT|[31]|address|"400 North Robinson S (22 more) ..."
13:21:15.0 (37194935)|STATEMENT_EXECUTE|[33]
13:21:15.0 (37196726)|STATEMENT_EXECUTE|[34]
13:21:15.0 (37202085)|HEAP_ALLOCATE|[34]|Bytes:6
13:21:15.0 (37206243)|HEAP_ALLOCATE|[34]|Bytes:48
13:21:15.0 (37211905)|VARIABLE_ASSIGNMENT|[34]|address|"400 North Robinson S (28 more) ..."
13:21:15.0 (37229346)|STATEMENT_EXECUTE|[37]
13:21:15.0 (37231164)|STATEMENT_EXECUTE|[38]
13:21:15.0 (37245867)|VARIABLE_SCOPE_BEGIN|[38]|req|System.HttpRequest|true|false
13:21:15.0 (37285143)|VARIABLE_ASSIGNMENT|[38]|req|"System.HttpRequest[Endpoint=null, Method=null]"|0x7e733837
13:21:15.0 (37291224)|STATEMENT_EXECUTE|[39]
13:21:15.0 (37302660)|USER_DEBUG|[39]|DEBUG|Address is not blank
13:21:15.0 (37308154)|STATEMENT_EXECUTE|[41]
13:21:15.0 (37322202)|METHOD_ENTRY|[41]||System.EncodingUtil.urlEncode(String, String)
13:21:15.0 (37364503)|METHOD_EXIT|[41]||System.EncodingUtil.urlEncode(String, String)
13:21:15.0 (37373850)|VARIABLE_ASSIGNMENT|[41]|address|"400+North+Robinson+S (38 more) ..."
13:21:15.0 (37377666)|STATEMENT_EXECUTE|[42]
13:21:15.0 (37383432)|HEAP_ALLOCATE|[42]|Bytes:69
13:21:15.0 (37392356)|USER_DEBUG|[42]|DEBUG|address is 400+North+Robinson+Street%2CRichmond%2CVA%2CUSA%2C23220%2C
13:21:15.0 (37397733)|STATEMENT_EXECUTE|[43]
13:21:15.0 (37404443)|HEAP_ALLOCATE|[43]|Bytes:127
13:21:15.0 (37422837)|STATEMENT_EXECUTE|[44]
13:21:15.0 (37433117)|STATEMENT_EXECUTE|[45]
13:21:15.0 (37443877)|VARIABLE_SCOPE_BEGIN|[45]|http|System.Http|true|false
13:21:15.0 (37479999)|VARIABLE_ASSIGNMENT|[45]|http|"System.Http[]"|0x14d3d1c
13:21:15.0 (37485922)|STATEMENT_EXECUTE|[46]
13:21:15.0 (37489186)|VARIABLE_SCOPE_BEGIN|[46]|res|System.HttpResponse|true|false
13:21:15.0 (37494893)|VARIABLE_ASSIGNMENT|[46]|res|null|
13:21:15.0 (37503881)|METHOD_ENTRY|[47]||System.Test.isRunningTest()
13:21:15.0 (37516245)|METHOD_EXIT|[47]||System.Test.isRunningTest()
13:21:15.0 (37522425)|STATEMENT_EXECUTE|[47]
13:21:15.0 (37524112)|STATEMENT_EXECUTE|[48]
13:21:15.0 (39557137)|CALLOUT_REQUEST|[48]|System.HttpRequest[Endpoint=https://maps.googleapis.com/maps/api/geocode/xml?address=400+North+Robinson+Street%2CRichmond%2CVA%2CUSA%2C23220%2C&sensor=true, Method=GET]
13:21:15.0 (54055815)|HEAP_ALLOCATE|[EXTERNAL]|Bytes:743
13:21:15.0 (54130024)|CALLOUT_RESPONSE|[48]|System.HttpResponse[Status=OK, StatusCode=200]
13:21:15.0 (54149484)|HEAP_ALLOCATE|[48]|Bytes:314
13:21:15.0 (54227789)|VARIABLE_ASSIGNMENT|[48]|res|"System.HttpResponse[Status=OK, StatusCode=200]"|0x7c614230
13:21:15.0 (54240668)|STATEMENT_EXECUTE|[59]
13:21:15.0 (54364755)|VARIABLE_SCOPE_BEGIN|[59]|doc|dom.Document|true|false
13:21:15.0 (54400606)|VARIABLE_ASSIGNMENT|[59]|doc|"Document[]"|0xb17ca14
13:21:15.0 (54407489)|STATEMENT_EXECUTE|[61]
13:21:15.0 (54430718)|VARIABLE_SCOPE_BEGIN|[61]|geocodeResponse|dom.XmlNode|true|false
13:21:15.0 (54492918)|VARIABLE_ASSIGNMENT|[61]|geocodeResponse|"XMLNode[ELEMENT,GeocodeResponse,null,null,null,[XMLNode[TEXT,null,null,null,null,null,\n ,], XMLNode[ELEMENT,status,null,null,null,[XMLNode[TEXT,null,null,null,null,null,OVER_QUERY_LIMIT,]],null,], XMLNode[TEXT,null,null,null,null,null,\n ,], XMLNode[ELEMENT,error_message,null,null,null,[XMLNode[TEXT,null,null,null,null,null,You have exceeded your daily request quota for this API. We recommend registering for a key at the Google Developers Console: https://console.developers.google.com/,]],null,], XMLNode[TEXT,null,null,null,null,null,\n,]],null,]"|0x447f5714
13:21:15.0 (54502734)|STATEMENT_EXECUTE|[62]
13:21:15.0 (54504777)|STATEMENT_EXECUTE|[64]
13:21:15.0 (54527288)|VARIABLE_SCOPE_BEGIN|[64]|result|dom.XmlNode|true|false
13:21:15.0 (54535566)|VARIABLE_ASSIGNMENT|[64]|result|null|
13:21:15.0 (54539361)|STATEMENT_EXECUTE|[65]
13:21:15.0 (54567886)|HEAP_ALLOCATE|[17]|Bytes:5
13:21:15.0 (54609046)|HEAP_ALLOCATE|[17]|Bytes:32
13:21:15.0 (54622612)|VARIABLE_SCOPE_BEGIN|[17]|acc|Account|true|false
13:21:15.0 (54652885)|VARIABLE_ASSIGNMENT|[17]|acc|{"s":1,"v":{"Id":"00136000008NvuJAAS","Name":"Optos Inc.","BillingStreet":"5546 Geary Blvd","BillingCity":"San Francisco","BillingState":"CA","BillingCountry":"USA","BillingPostalCode":"94121"}}|0x11daf916
13:21:15.0 (54659293)|STATEMENT_EXECUTE|[17]
13:21:15.0 (54661268)|STATEMENT_EXECUTE|[18]
13:21:15.0 (54683482)|HEAP_ALLOCATE|[18]|Bytes:38
13:21:15.0 (54701814)|USER_DEBUG|[18]|DEBUG|Starting encode for account Optos Inc.
13:21:15.0 (54708247)|STATEMENT_EXECUTE|[19]
13:21:15.0 (54712498)|VARIABLE_SCOPE_BEGIN|[19]|address|String|false|false
13:21:15.0 (54718759)|VARIABLE_ASSIGNMENT|[19]|address|""
13:21:15.0 (54726059)|STATEMENT_EXECUTE|[21]
13:21:15.0 (54727851)|STATEMENT_EXECUTE|[22]
13:21:15.0 (54733978)|HEAP_ALLOCATE|[22]|Bytes:16
13:21:15.0 (54738962)|HEAP_ALLOCATE|[22]|Bytes:16
13:21:15.0 (54744539)|VARIABLE_ASSIGNMENT|[22]|address|"5546 Geary Blvd,"
13:21:15.0 (54751590)|STATEMENT_EXECUTE|[24]
13:21:15.0 (54753392)|STATEMENT_EXECUTE|[25]
13:21:15.0 (54758911)|HEAP_ALLOCATE|[25]|Bytes:14
13:21:15.0 (54763033)|HEAP_ALLOCATE|[25]|Bytes:30
13:21:15.0 (54770328)|VARIABLE_ASSIGNMENT|[25]|address|"5546 Geary Blvd,San  (10 more) ..."
13:21:15.0 (54776897)|STATEMENT_EXECUTE|[27]
13:21:15.0 (54778695)|STATEMENT_EXECUTE|[28]
13:21:15.0 (54783904)|HEAP_ALLOCATE|[28]|Bytes:3
13:21:15.0 (54788168)|HEAP_ALLOCATE|[28]|Bytes:33
13:21:15.0 (54793793)|VARIABLE_ASSIGNMENT|[28]|address|"5546 Geary Blvd,San  (13 more) ..."
13:21:15.0 (54800373)|STATEMENT_EXECUTE|[30]
13:21:15.0 (54802155)|STATEMENT_EXECUTE|[31]
13:21:15.0 (54807563)|HEAP_ALLOCATE|[31]|Bytes:4
13:21:15.0 (54811667)|HEAP_ALLOCATE|[31]|Bytes:37
13:21:15.0 (54817091)|VARIABLE_ASSIGNMENT|[31]|address|"5546 Geary Blvd,San  (17 more) ..."
13:21:15.0 (54823457)|STATEMENT_EXECUTE|[33]
13:21:15.0 (54825563)|STATEMENT_EXECUTE|[34]
13:21:15.0 (54831098)|HEAP_ALLOCATE|[34]|Bytes:6
13:21:15.0 (54835178)|HEAP_ALLOCATE|[34]|Bytes:43
13:21:15.0 (54840636)|VARIABLE_ASSIGNMENT|[34]|address|"5546 Geary Blvd,San  (23 more) ..."
13:21:15.0 (54858969)|STATEMENT_EXECUTE|[37]
13:21:15.0 (54860912)|STATEMENT_EXECUTE|[38]
13:21:15.0 (54876248)|VARIABLE_SCOPE_BEGIN|[38]|req|System.HttpRequest|true|false
13:21:15.0 (54919510)|VARIABLE_ASSIGNMENT|[38]|req|"System.HttpRequest[Endpoint=null, Method=null]"|0x675c49df
13:21:15.0 (54925868)|STATEMENT_EXECUTE|[39]
13:21:15.0 (54937007)|USER_DEBUG|[39]|DEBUG|Address is not blank
13:21:15.0 (54942492)|STATEMENT_EXECUTE|[41]
13:21:15.0 (54956326)|METHOD_ENTRY|[41]||System.EncodingUtil.urlEncode(String, String)
13:21:15.0 (55001061)|METHOD_EXIT|[41]||System.EncodingUtil.urlEncode(String, String)
13:21:15.0 (55011896)|VARIABLE_ASSIGNMENT|[41]|address|"5546+Geary+Blvd%2CSa (33 more) ..."
13:21:15.0 (55015694)|STATEMENT_EXECUTE|[42]
13:21:15.0 (55021369)|HEAP_ALLOCATE|[42]|Bytes:64
13:21:15.0 (55030480)|USER_DEBUG|[42]|DEBUG|address is 5546+Geary+Blvd%2CSan+Francisco%2CCA%2CUSA%2C94121%2C
13:21:15.0 (55035357)|STATEMENT_EXECUTE|[43]
13:21:15.0 (55042497)|HEAP_ALLOCATE|[43]|Bytes:122
13:21:15.0 (55061671)|STATEMENT_EXECUTE|[44]
13:21:15.0 (55071985)|STATEMENT_EXECUTE|[45]
13:21:15.0 (55082429)|VARIABLE_SCOPE_BEGIN|[45]|http|System.Http|true|false
13:21:15.0 (55118563)|VARIABLE_ASSIGNMENT|[45]|http|"System.Http[]"|0x6cd752ec
13:21:15.0 (55124314)|STATEMENT_EXECUTE|[46]
13:21:15.0 (55127555)|VARIABLE_SCOPE_BEGIN|[46]|res|System.HttpResponse|true|false
13:21:15.0 (55133033)|VARIABLE_ASSIGNMENT|[46]|res|null|
13:21:15.0 (55142666)|METHOD_ENTRY|[47]||System.Test.isRunningTest()
13:21:15.0 (55161436)|METHOD_EXIT|[47]||System.Test.isRunningTest()
13:21:15.0 (55168739)|STATEMENT_EXECUTE|[47]
13:21:15.0 (55170755)|STATEMENT_EXECUTE|[48]
13:21:15.0 (57219665)|CALLOUT_REQUEST|[48]|System.HttpRequest[Endpoint=https://maps.googleapis.com/maps/api/geocode/xml?address=5546+Geary+Blvd%2CSan+Francisco%2CCA%2CUSA%2C94121%2C&sensor=true, Method=GET]
13:21:15.0 (73791141)|HEAP_ALLOCATE|[EXTERNAL]|Bytes:743
13:21:15.0 (73846949)|CALLOUT_RESPONSE|[48]|System.HttpResponse[Status=OK, StatusCode=200]
13:21:15.0 (73860390)|HEAP_ALLOCATE|[48]|Bytes:314
13:21:15.0 (73912375)|VARIABLE_ASSIGNMENT|[48]|res|"System.HttpResponse[Status=OK, StatusCode=200]"|0xbdfd494
13:21:15.0 (73921920)|STATEMENT_EXECUTE|[59]
13:21:15.0 (74025218)|VARIABLE_SCOPE_BEGIN|[59]|doc|dom.Document|true|false
13:21:15.0 (74060670)|VARIABLE_ASSIGNMENT|[59]|doc|"Document[]"|0x1af7e207
13:21:15.0 (74067192)|STATEMENT_EXECUTE|[61]
13:21:15.0 (74089459)|VARIABLE_SCOPE_BEGIN|[61]|geocodeResponse|dom.XmlNode|true|false
13:21:15.0 (74146447)|VARIABLE_ASSIGNMENT|[61]|geocodeResponse|"XMLNode[ELEMENT,GeocodeResponse,null,null,null,[XMLNode[TEXT,null,null,null,null,null,\n ,], XMLNode[ELEMENT,status,null,null,null,[XMLNode[TEXT,null,null,null,null,null,OVER_QUERY_LIMIT,]],null,], XMLNode[TEXT,null,null,null,null,null,\n ,], XMLNode[ELEMENT,error_message,null,null,null,[XMLNode[TEXT,null,null,null,null,null,You have exceeded your daily request quota for this API. We recommend registering for a key at the Google Developers Console: https://console.developers.google.com/,]],null,], XMLNode[TEXT,null,null,null,null,null,\n,]],null,]"|0x24548fba
13:21:15.0 (74156472)|STATEMENT_EXECUTE|[62]
13:21:15.0 (74158553)|STATEMENT_EXECUTE|[64]
13:21:15.0 (74177250)|VARIABLE_SCOPE_BEGIN|[64]|result|dom.XmlNode|true|false
13:21:15.0 (74184101)|VARIABLE_ASSIGNMENT|[64]|result|null|
13:21:15.0 (74187542)|STATEMENT_EXECUTE|[65]
13:21:15.0 (74205678)|HEAP_ALLOCATE|[17]|Bytes:5
13:21:15.0 (74235952)|HEAP_ALLOCATE|[17]|Bytes:32
13:21:15.0 (74245519)|VARIABLE_SCOPE_BEGIN|[17]|acc|Account|true|false
13:21:15.0 (74269204)|VARIABLE_ASSIGNMENT|[17]|acc|{"s":1,"v":{"Id":"00136000008NvuKAAS","Name":"Peter Houston","BillingStreet":"1520 W 62nd St","BillingCity":"Cook","BillingState":"IL","BillingCountry":"USA","BillingPostalCode":"60636"}}|0x1bc8245d
13:21:15.0 (74275050)|STATEMENT_EXECUTE|[17]
13:21:15.0 (74276896)|STATEMENT_EXECUTE|[18]
13:21:15.0 (74293259)|HEAP_ALLOCATE|[18]|Bytes:41
13:21:15.0 (74306931)|USER_DEBUG|[18]|DEBUG|Starting encode for account Peter Houston
13:21:15.0 (74312737)|STATEMENT_EXECUTE|[19]
13:21:15.0 (74316537)|VARIABLE_SCOPE_BEGIN|[19]|address|String|false|false
13:21:15.0 (74322737)|VARIABLE_ASSIGNMENT|[19]|address|""
13:21:15.0 (74329699)|STATEMENT_EXECUTE|[21]
13:21:15.0 (74331281)|STATEMENT_EXECUTE|[22]
13:21:15.0 (74337506)|HEAP_ALLOCATE|[22]|Bytes:15
13:21:15.0 (74342224)|HEAP_ALLOCATE|[22]|Bytes:15
13:21:15.0 (74347884)|VARIABLE_ASSIGNMENT|[22]|address|"1520 W 62nd St,"
13:21:15.0 (74354743)|STATEMENT_EXECUTE|[24]
13:21:15.0 (74356537)|STATEMENT_EXECUTE|[25]
13:21:15.0 (74361578)|HEAP_ALLOCATE|[25]|Bytes:5
13:21:15.0 (74365862)|HEAP_ALLOCATE|[25]|Bytes:20
13:21:15.0 (74371212)|VARIABLE_ASSIGNMENT|[25]|address|"1520 W 62nd St,Cook,"
13:21:15.0 (74377296)|STATEMENT_EXECUTE|[27]
13:21:15.0 (74379160)|STATEMENT_EXECUTE|[28]
13:21:15.0 (74384121)|HEAP_ALLOCATE|[28]|Bytes:3
13:21:15.0 (74388062)|HEAP_ALLOCATE|[28]|Bytes:23
13:21:15.0 (74394303)|VARIABLE_ASSIGNMENT|[28]|address|"1520 W 62nd St,Cook, (3 more) ..."
13:21:15.0 (74400589)|STATEMENT_EXECUTE|[30]
13:21:15.0 (74402205)|STATEMENT_EXECUTE|[31]
13:21:15.0 (74407450)|HEAP_ALLOCATE|[31]|Bytes:4
13:21:15.0 (74411665)|HEAP_ALLOCATE|[31]|Bytes:27
13:21:15.0 (74417373)|VARIABLE_ASSIGNMENT|[31]|address|"1520 W 62nd St,Cook, (7 more) ..."
13:21:15.0 (74423694)|STATEMENT_EXECUTE|[33]
13:21:15.0 (74425370)|STATEMENT_EXECUTE|[34]
13:21:15.0 (74430881)|HEAP_ALLOCATE|[34]|Bytes:6
13:21:15.0 (74434780)|HEAP_ALLOCATE|[34]|Bytes:33
13:21:15.0 (74440746)|VARIABLE_ASSIGNMENT|[34]|address|"1520 W 62nd St,Cook, (13 more) ..."
13:21:15.0 (74453448)|STATEMENT_EXECUTE|[37]
13:21:15.0 (74455279)|STATEMENT_EXECUTE|[38]
13:21:15.0 (74469289)|VARIABLE_SCOPE_BEGIN|[38]|req|System.HttpRequest|true|false
13:21:15.0 (74507709)|VARIABLE_ASSIGNMENT|[38]|req|"System.HttpRequest[Endpoint=null, Method=null]"|0x6ec628c4
13:21:15.0 (74513881)|STATEMENT_EXECUTE|[39]
13:21:15.0 (74524703)|USER_DEBUG|[39]|DEBUG|Address is not blank
13:21:15.0 (74530007)|STATEMENT_EXECUTE|[41]
13:21:15.0 (74539089)|METHOD_ENTRY|[41]||System.EncodingUtil.urlEncode(String, String)
13:21:15.0 (74573072)|METHOD_EXIT|[41]||System.EncodingUtil.urlEncode(String, String)
13:21:15.0 (74582614)|VARIABLE_ASSIGNMENT|[41]|address|"1520+W+62nd+St%2CCoo (23 more) ..."
13:21:15.0 (74586429)|STATEMENT_EXECUTE|[42]
13:21:15.0 (74591946)|HEAP_ALLOCATE|[42]|Bytes:54
13:21:15.0 (74600845)|USER_DEBUG|[42]|DEBUG|address is 1520+W+62nd+St%2CCook%2CIL%2CUSA%2C60636%2C
13:21:15.0 (74605849)|STATEMENT_EXECUTE|[43]
13:21:15.0 (74611716)|HEAP_ALLOCATE|[43]|Bytes:112
13:21:15.0 (74629012)|STATEMENT_EXECUTE|[44]
13:21:15.0 (74638938)|STATEMENT_EXECUTE|[45]
13:21:15.0 (74647944)|VARIABLE_SCOPE_BEGIN|[45]|http|System.Http|true|false
13:21:15.0 (74683358)|VARIABLE_ASSIGNMENT|[45]|http|"System.Http[]"|0x4bad7754
13:21:15.0 (74689477)|STATEMENT_EXECUTE|[46]
13:21:15.0 (74692838)|VARIABLE_SCOPE_BEGIN|[46]|res|System.HttpResponse|true|false
13:21:15.0 (74698423)|VARIABLE_ASSIGNMENT|[46]|res|null|
13:21:15.0 (74707384)|METHOD_ENTRY|[47]||System.Test.isRunningTest()
13:21:15.0 (74718206)|METHOD_EXIT|[47]||System.Test.isRunningTest()
13:21:15.0 (74723735)|STATEMENT_EXECUTE|[47]
13:21:15.0 (74725375)|STATEMENT_EXECUTE|[48]
13:21:15.0 (76763324)|CALLOUT_REQUEST|[48]|System.HttpRequest[Endpoint=https://maps.googleapis.com/maps/api/geocode/xml?address=1520+W+62nd+St%2CCook%2CIL%2CUSA%2C60636%2C&sensor=true, Method=GET]
13:21:15.0 (90520092)|HEAP_ALLOCATE|[EXTERNAL]|Bytes:743
13:21:15.0 (90573492)|CALLOUT_RESPONSE|[48]|System.HttpResponse[Status=OK, StatusCode=200]
13:21:15.0 (90587826)|HEAP_ALLOCATE|[48]|Bytes:314
13:21:15.0 (90638130)|VARIABLE_ASSIGNMENT|[48]|res|"System.HttpResponse[Status=OK, StatusCode=200]"|0x420470bf
13:21:15.0 (90647197)|STATEMENT_EXECUTE|[59]
13:21:15.0 (90738753)|VARIABLE_SCOPE_BEGIN|[59]|doc|dom.Document|true|false
13:21:15.0 (90773549)|VARIABLE_ASSIGNMENT|[59]|doc|"Document[]"|0x34809789
13:21:15.0 (90780052)|STATEMENT_EXECUTE|[61]
13:21:15.0 (90799899)|VARIABLE_SCOPE_BEGIN|[61]|geocodeResponse|dom.XmlNode|true|false
13:21:15.0 (90856754)|VARIABLE_ASSIGNMENT|[61]|geocodeResponse|"XMLNode[ELEMENT,GeocodeResponse,null,null,null,[XMLNode[TEXT,null,null,null,null,null,\n ,], XMLNode[ELEMENT,status,null,null,null,[XMLNode[TEXT,null,null,null,null,null,OVER_QUERY_LIMIT,]],null,], XMLNode[TEXT,null,null,null,null,null,\n ,], XMLNode[ELEMENT,error_message,null,null,null,[XMLNode[TEXT,null,null,null,null,null,You have exceeded your daily request quota for this API. We recommend registering for a key at the Google Developers Console: https://console.developers.google.com/,]],null,], XMLNode[TEXT,null,null,null,null,null,\n,]],null,]"|0x683d0e4c
13:21:15.0 (90867119)|STATEMENT_EXECUTE|[62]
13:21:15.0 (90869056)|STATEMENT_EXECUTE|[64]
13:21:15.0 (90887371)|VARIABLE_SCOPE_BEGIN|[64]|result|dom.XmlNode|true|false
13:21:15.0 (90894660)|VARIABLE_ASSIGNMENT|[64]|result|null|
13:21:15.0 (90898011)|STATEMENT_EXECUTE|[65]
13:21:15.0 (90916801)|HEAP_ALLOCATE|[17]|Bytes:5
13:21:15.0 (90944645)|HEAP_ALLOCATE|[17]|Bytes:32
13:21:15.0 (90954505)|VARIABLE_SCOPE_BEGIN|[17]|acc|Account|true|false
13:21:15.0 (90983501)|VARIABLE_ASSIGNMENT|[17]|acc|{"s":1,"v":{"Id":"00136000008NvuLAAS","Name":"Red Studio Designs","BillingStreet":"101 California St","BillingCity":"San Francisco","BillingState":"California","BillingCountry":"United States","BillingPostalCode":"94105-5188"}}|0x7d303260
13:21:15.0 (90990267)|STATEMENT_EXECUTE|[17]
13:21:15.0 (90992013)|STATEMENT_EXECUTE|[18]
13:21:15.0 (91007572)|HEAP_ALLOCATE|[18]|Bytes:46
13:21:15.0 (91022614)|USER_DEBUG|[18]|DEBUG|Starting encode for account Red Studio Designs
13:21:15.0 (91028245)|STATEMENT_EXECUTE|[19]
13:21:15.0 (91031788)|VARIABLE_SCOPE_BEGIN|[19]|address|String|false|false
13:21:15.0 (91037796)|VARIABLE_ASSIGNMENT|[19]|address|""
13:21:15.0 (91044730)|STATEMENT_EXECUTE|[21]
13:21:15.0 (91046498)|STATEMENT_EXECUTE|[22]
13:21:15.0 (91052201)|HEAP_ALLOCATE|[22]|Bytes:18
13:21:15.0 (91056686)|HEAP_ALLOCATE|[22]|Bytes:18
13:21:15.0 (91062589)|VARIABLE_ASSIGNMENT|[22]|address|"101 California St,"
13:21:15.0 (91068979)|STATEMENT_EXECUTE|[24]
13:21:15.0 (91070642)|STATEMENT_EXECUTE|[25]
13:21:15.0 (91076447)|HEAP_ALLOCATE|[25]|Bytes:14
13:21:15.0 (91080426)|HEAP_ALLOCATE|[25]|Bytes:32
13:21:15.0 (91086520)|VARIABLE_ASSIGNMENT|[25]|address|"101 California St,Sa (12 more) ..."
13:21:15.0 (91092670)|STATEMENT_EXECUTE|[27]
13:21:15.0 (91094383)|STATEMENT_EXECUTE|[28]
13:21:15.0 (91099323)|HEAP_ALLOCATE|[28]|Bytes:11
13:21:15.0 (91103213)|HEAP_ALLOCATE|[28]|Bytes:43
13:21:15.0 (91108851)|VARIABLE_ASSIGNMENT|[28]|address|"101 California St,Sa (23 more) ..."
13:21:15.0 (91114868)|STATEMENT_EXECUTE|[30]
13:21:15.0 (91116552)|STATEMENT_EXECUTE|[31]
13:21:15.0 (91121495)|HEAP_ALLOCATE|[31]|Bytes:14
13:21:15.0 (91125432)|HEAP_ALLOCATE|[31]|Bytes:57
13:21:15.0 (91131021)|VARIABLE_ASSIGNMENT|[31]|address|"101 California St,Sa (37 more) ..."
13:21:15.0 (91136617)|STATEMENT_EXECUTE|[33]
13:21:15.0 (91138280)|STATEMENT_EXECUTE|[34]
13:21:15.0 (91143258)|HEAP_ALLOCATE|[34]|Bytes:11
13:21:15.0 (91147189)|HEAP_ALLOCATE|[34]|Bytes:68
13:21:15.0 (91152547)|VARIABLE_ASSIGNMENT|[34]|address|"101 California St,Sa (48 more) ..."
13:21:15.0 (91165404)|STATEMENT_EXECUTE|[37]
13:21:15.0 (91167151)|STATEMENT_EXECUTE|[38]
13:21:15.0 (91177991)|VARIABLE_SCOPE_BEGIN|[38]|req|System.HttpRequest|true|false
13:21:15.0 (91215266)|VARIABLE_ASSIGNMENT|[38]|req|"System.HttpRequest[Endpoint=null, Method=null]"|0x1c5024f1
13:21:15.0 (91221282)|STATEMENT_EXECUTE|[39]
13:21:15.0 (91231660)|USER_DEBUG|[39]|DEBUG|Address is not blank
13:21:15.0 (91236764)|STATEMENT_EXECUTE|[41]
13:21:15.0 (91245810)|METHOD_ENTRY|[41]||System.EncodingUtil.urlEncode(String, String)
13:21:15.0 (91285364)|METHOD_EXIT|[41]||System.EncodingUtil.urlEncode(String, String)
13:21:15.0 (91295261)|VARIABLE_ASSIGNMENT|[41]|address|"101+California+St%2C (58 more) ..."
13:21:15.0 (91299091)|STATEMENT_EXECUTE|[42]
13:21:15.0 (91304461)|HEAP_ALLOCATE|[42]|Bytes:89
13:21:15.0 (91313523)|USER_DEBUG|[42]|DEBUG|address is 101+California+St%2CSan+Francisco%2CCalifornia%2CUnited+States%2C94105-5188%2C
13:21:15.0 (91318306)|STATEMENT_EXECUTE|[43]
13:21:15.0 (91323713)|HEAP_ALLOCATE|[43]|Bytes:147
13:21:15.0 (91343365)|STATEMENT_EXECUTE|[44]
13:21:15.0 (91353044)|STATEMENT_EXECUTE|[45]
13:21:15.0 (91361868)|VARIABLE_SCOPE_BEGIN|[45]|http|System.Http|true|false
13:21:15.0 (91397798)|VARIABLE_ASSIGNMENT|[45]|http|"System.Http[]"|0x2c93e084
13:21:15.0 (91403619)|STATEMENT_EXECUTE|[46]
13:21:15.0 (91406939)|VARIABLE_SCOPE_BEGIN|[46]|res|System.HttpResponse|true|false
13:21:15.0 (91412387)|VARIABLE_ASSIGNMENT|[46]|res|null|
13:21:15.0 (91421057)|METHOD_ENTRY|[47]||System.Test.isRunningTest()
13:21:15.0 (91431816)|METHOD_EXIT|[47]||System.Test.isRunningTest()
13:21:15.0 (91437073)|STATEMENT_EXECUTE|[47]
13:21:15.0 (91438704)|STATEMENT_EXECUTE|[48]
13:21:15.0 (93487173)|CALLOUT_REQUEST|[48]|System.HttpRequest[Endpoint=https://maps.googleapis.com/maps/api/geocode/xml?address=101+California+St%2CSan+Francisco%2CCalifornia%2CUnited+States%2C94105-5188%2C&sensor=true, Method=GET]
13:21:15.0 (108608686)|HEAP_ALLOCATE|[EXTERNAL]|Bytes:743
13:21:15.0 (108689982)|CALLOUT_RESPONSE|[48]|System.HttpResponse[Status=OK, StatusCode=200]
13:21:15.0 (108711395)|HEAP_ALLOCATE|[48]|Bytes:314
13:21:15.0 (108783789)|VARIABLE_ASSIGNMENT|[48]|res|"System.HttpResponse[Status=OK, StatusCode=200]"|0x4307db0a
13:21:15.0 (108794771)|STATEMENT_EXECUTE|[59]
13:21:15.0 (108907594)|VARIABLE_SCOPE_BEGIN|[59]|doc|dom.Document|true|false
13:21:15.0 (108943044)|VARIABLE_ASSIGNMENT|[59]|doc|"Document[]"|0x3e6e273e
13:21:15.0 (108949729)|STATEMENT_EXECUTE|[61]
13:21:15.0 (108971658)|VARIABLE_SCOPE_BEGIN|[61]|geocodeResponse|dom.XmlNode|true|false
13:21:15.0 (109029737)|VARIABLE_ASSIGNMENT|[61]|geocodeResponse|"XMLNode[ELEMENT,GeocodeResponse,null,null,null,[XMLNode[TEXT,null,null,null,null,null,\n ,], XMLNode[ELEMENT,status,null,null,null,[XMLNode[TEXT,null,null,null,null,null,OVER_QUERY_LIMIT,]],null,], XMLNode[TEXT,null,null,null,null,null,\n ,], XMLNode[ELEMENT,error_message,null,null,null,[XMLNode[TEXT,null,null,null,null,null,You have exceeded your daily request quota for this API. We recommend registering for a key at the Google Developers Console: https://console.developers.google.com/,]],null,], XMLNode[TEXT,null,null,null,null,null,\n,]],null,]"|0x35f94731
13:21:15.0 (109041675)|STATEMENT_EXECUTE|[62]
13:21:15.0 (109043605)|STATEMENT_EXECUTE|[64]
13:21:15.0 (109064900)|VARIABLE_SCOPE_BEGIN|[64]|result|dom.XmlNode|true|false
13:21:15.0 (109085295)|VARIABLE_ASSIGNMENT|[64]|result|null|
13:21:15.0 (109093278)|STATEMENT_EXECUTE|[65]
13:21:15.0 (109124080)|HEAP_ALLOCATE|[17]|Bytes:5
13:21:15.0 (109167003)|HEAP_ALLOCATE|[17]|Bytes:32
13:21:15.0 (109179653)|VARIABLE_SCOPE_BEGIN|[17]|acc|Account|true|false
13:21:15.0 (109207708)|VARIABLE_ASSIGNMENT|[17]|acc|{"s":1,"v":{"Id":"00136000008NvuMAAS","Name":"Robert Janzen","BillingStreet":"3136 Almahurst Row","BillingCity":"La Jolla","BillingState":"CA","BillingCountry":"USA","BillingPostalCode":"92037"}}|0x421cedac
13:21:15.0 (109214540)|STATEMENT_EXECUTE|[17]
13:21:15.0 (109216407)|STATEMENT_EXECUTE|[18]
13:21:15.0 (109236823)|HEAP_ALLOCATE|[18]|Bytes:41
13:21:15.0 (109252181)|USER_DEBUG|[18]|DEBUG|Starting encode for account Robert Janzen
13:21:15.0 (109258383)|STATEMENT_EXECUTE|[19]
13:21:15.0 (109262020)|VARIABLE_SCOPE_BEGIN|[19]|address|String|false|false
13:21:15.0 (109268263)|VARIABLE_ASSIGNMENT|[19]|address|""
13:21:15.0 (109275158)|STATEMENT_EXECUTE|[21]
13:21:15.0 (109276907)|STATEMENT_EXECUTE|[22]
13:21:15.0 (109283160)|HEAP_ALLOCATE|[22]|Bytes:19
13:21:15.0 (109287740)|HEAP_ALLOCATE|[22]|Bytes:19
13:21:15.0 (109293133)|VARIABLE_ASSIGNMENT|[22]|address|"3136 Almahurst Row,"
13:21:15.0 (109316296)|STATEMENT_EXECUTE|[24]
13:21:15.0 (109320798)|STATEMENT_EXECUTE|[25]
13:21:15.0 (109332251)|HEAP_ALLOCATE|[25]|Bytes:9
13:21:15.0 (109340422)|HEAP_ALLOCATE|[25]|Bytes:28
13:21:15.0 (109355183)|VARIABLE_ASSIGNMENT|[25]|address|"3136 Almahurst Row,L (8 more) ..."
13:21:15.0 (109367708)|STATEMENT_EXECUTE|[27]
13:21:15.0 (109370011)|STATEMENT_EXECUTE|[28]
13:21:15.0 (109376845)|HEAP_ALLOCATE|[28]|Bytes:3
13:21:15.0 (109381668)|HEAP_ALLOCATE|[28]|Bytes:31
13:21:15.0 (109389028)|VARIABLE_ASSIGNMENT|[28]|address|"3136 Almahurst Row,L (11 more) ..."
13:21:15.0 (109395575)|STATEMENT_EXECUTE|[30]
13:21:15.0 (109397202)|STATEMENT_EXECUTE|[31]
13:21:15.0 (109402499)|HEAP_ALLOCATE|[31]|Bytes:4
13:21:15.0 (109406804)|HEAP_ALLOCATE|[31]|Bytes:35
13:21:15.0 (109412542)|VARIABLE_ASSIGNMENT|[31]|address|"3136 Almahurst Row,L (15 more) ..."
13:21:15.0 (109419244)|STATEMENT_EXECUTE|[33]
13:21:15.0 (109420904)|STATEMENT_EXECUTE|[34]
13:21:15.0 (109426242)|HEAP_ALLOCATE|[34]|Bytes:6
13:21:15.0 (109430405)|HEAP_ALLOCATE|[34]|Bytes:41
13:21:15.0 (109435908)|VARIABLE_ASSIGNMENT|[34]|address|"3136 Almahurst Row,L (21 more) ..."
13:21:15.0 (109452062)|STATEMENT_EXECUTE|[37]
13:21:15.0 (109454032)|STATEMENT_EXECUTE|[38]
13:21:15.0 (109468581)|VARIABLE_SCOPE_BEGIN|[38]|req|System.HttpRequest|true|false
13:21:15.0 (109507993)|VARIABLE_ASSIGNMENT|[38]|req|"System.HttpRequest[Endpoint=null, Method=null]"|0x3fbeb16e
13:21:15.0 (109514010)|STATEMENT_EXECUTE|[39]
13:21:15.0 (109525695)|USER_DEBUG|[39]|DEBUG|Address is not blank
13:21:15.0 (109531501)|STATEMENT_EXECUTE|[41]
13:21:15.0 (109543654)|METHOD_ENTRY|[41]||System.EncodingUtil.urlEncode(String, String)
13:21:15.0 (109584264)|METHOD_EXIT|[41]||System.EncodingUtil.urlEncode(String, String)
13:21:15.0 (109593886)|VARIABLE_ASSIGNMENT|[41]|address|"3136+Almahurst+Row%2 (31 more) ..."
13:21:15.0 (109597674)|STATEMENT_EXECUTE|[42]
13:21:15.0 (109603342)|HEAP_ALLOCATE|[42]|Bytes:62
13:21:15.0 (109612623)|USER_DEBUG|[42]|DEBUG|address is 3136+Almahurst+Row%2CLa+Jolla%2CCA%2CUSA%2C92037%2C
13:21:15.0 (109617465)|STATEMENT_EXECUTE|[43]
13:21:15.0 (109624181)|HEAP_ALLOCATE|[43]|Bytes:120
13:21:15.0 (109643006)|STATEMENT_EXECUTE|[44]
13:21:15.0 (109653054)|STATEMENT_EXECUTE|[45]
13:21:15.0 (109663353)|VARIABLE_SCOPE_BEGIN|[45]|http|System.Http|true|false
13:21:15.0 (109720954)|VARIABLE_ASSIGNMENT|[45]|http|"System.Http[]"|0xf19278a
13:21:15.0 (109729635)|STATEMENT_EXECUTE|[46]
13:21:15.0 (109735386)|VARIABLE_SCOPE_BEGIN|[46]|res|System.HttpResponse|true|false
13:21:15.0 (109745708)|VARIABLE_ASSIGNMENT|[46]|res|null|
13:21:15.0 (109757763)|METHOD_ENTRY|[47]||System.Test.isRunningTest()
13:21:15.0 (109771411)|METHOD_EXIT|[47]||System.Test.isRunningTest()
13:21:15.0 (109778386)|STATEMENT_EXECUTE|[47]
13:21:15.0 (109780078)|STATEMENT_EXECUTE|[48]
13:21:15.0 (111765597)|CALLOUT_REQUEST|[48]|System.HttpRequest[Endpoint=https://maps.googleapis.com/maps/api/geocode/xml?address=3136+Almahurst+Row%2CLa+Jolla%2CCA%2CUSA%2C92037%2C&sensor=true, Method=GET]
13:21:15.0 (126618002)|HEAP_ALLOCATE|[EXTERNAL]|Bytes:743
13:21:15.0 (126707686)|CALLOUT_RESPONSE|[48]|System.HttpResponse[Status=OK, StatusCode=200]
13:21:15.0 (126730166)|HEAP_ALLOCATE|[48]|Bytes:314
13:21:15.0 (126815289)|VARIABLE_ASSIGNMENT|[48]|res|"System.HttpResponse[Status=OK, StatusCode=200]"|0x7c16c0b8
13:21:15.0 (126827989)|STATEMENT_EXECUTE|[59]
13:21:15.0 (127026348)|VARIABLE_SCOPE_BEGIN|[59]|doc|dom.Document|true|false
13:21:15.0 (127077318)|VARIABLE_ASSIGNMENT|[59]|doc|"Document[]"|0x25eaa722
13:21:15.0 (127087244)|STATEMENT_EXECUTE|[61]
13:21:15.0 (127119798)|VARIABLE_SCOPE_BEGIN|[61]|geocodeResponse|dom.XmlNode|true|false
13:21:15.0 (127207319)|VARIABLE_ASSIGNMENT|[61]|geocodeResponse|"XMLNode[ELEMENT,GeocodeResponse,null,null,null,[XMLNode[TEXT,null,null,null,null,null,\n ,], XMLNode[ELEMENT,status,null,null,null,[XMLNode[TEXT,null,null,null,null,null,OVER_QUERY_LIMIT,]],null,], XMLNode[TEXT,null,null,null,null,null,\n ,], XMLNode[ELEMENT,error_message,null,null,null,[XMLNode[TEXT,null,null,null,null,null,You have exceeded your daily request quota for this API. We recommend registering for a key at the Google Developers Console: https://console.developers.google.com/,]],null,], XMLNode[TEXT,null,null,null,null,null,\n,]],null,]"|0x6636e846
13:21:15.0 (127277062)|STATEMENT_EXECUTE|[62]
13:21:15.0 (127281541)|STATEMENT_EXECUTE|[64]
13:21:15.0 (127311759)|VARIABLE_SCOPE_BEGIN|[64]|result|dom.XmlNode|true|false
13:21:15.0 (127324102)|VARIABLE_ASSIGNMENT|[64]|result|null|
13:21:15.0 (127331490)|STATEMENT_EXECUTE|[65]
13:21:15.0 (127362402)|HEAP_ALLOCATE|[17]|Bytes:5
13:21:15.0 (127413516)|HEAP_ALLOCATE|[17]|Bytes:32
13:21:15.0 (127432055)|VARIABLE_SCOPE_BEGIN|[17]|acc|Account|true|false
13:21:15.0 (127473478)|VARIABLE_ASSIGNMENT|[17]|acc|{"s":1,"v":{"Id":"00136000008NvuNAAS","Name":"Roseburg Sound Produ (6 more) ...","BillingStreet":"3484 Pinklon Circle","BillingCity":"San Miguel","BillingState":"California","BillingCountry":"United States","BillingPostalCode":"93451"}}|0x35fed1ea
13:21:15.0 (127484448)|STATEMENT_EXECUTE|[17]
13:21:15.0 (127488817)|STATEMENT_EXECUTE|[18]
13:21:15.0 (127515558)|HEAP_ALLOCATE|[18]|Bytes:54
13:21:15.0 (127538551)|USER_DEBUG|[18]|DEBUG|Starting encode for account Roseburg Sound Products Co
13:21:15.0 (127551014)|STATEMENT_EXECUTE|[19]
13:21:15.0 (127557742)|VARIABLE_SCOPE_BEGIN|[19]|address|String|false|false
13:21:15.0 (127567500)|VARIABLE_ASSIGNMENT|[19]|address|""
13:21:15.0 (127577246)|STATEMENT_EXECUTE|[21]
13:21:15.0 (127579205)|STATEMENT_EXECUTE|[22]
13:21:15.0 (127586933)|HEAP_ALLOCATE|[22]|Bytes:20
13:21:15.0 (127592245)|HEAP_ALLOCATE|[22]|Bytes:20
13:21:15.0 (127598252)|VARIABLE_ASSIGNMENT|[22]|address|"3484 Pinklon Circle,"
13:21:15.0 (127606367)|STATEMENT_EXECUTE|[24]
13:21:15.0 (127609910)|STATEMENT_EXECUTE|[25]
13:21:15.0 (127620511)|HEAP_ALLOCATE|[25]|Bytes:11
13:21:15.0 (127629001)|HEAP_ALLOCATE|[25]|Bytes:31
13:21:15.0 (127641140)|VARIABLE_ASSIGNMENT|[25]|address|"3484 Pinklon Circle, (11 more) ..."
13:21:15.0 (127653336)|STATEMENT_EXECUTE|[27]
13:21:15.0 (127657067)|STATEMENT_EXECUTE|[28]
13:21:15.0 (127667772)|HEAP_ALLOCATE|[28]|Bytes:11
13:21:15.0 (127676363)|HEAP_ALLOCATE|[28]|Bytes:42
13:21:15.0 (127685218)|VARIABLE_ASSIGNMENT|[28]|address|"3484 Pinklon Circle, (22 more) ..."
13:21:15.0 (127698023)|STATEMENT_EXECUTE|[30]
13:21:15.0 (127700162)|STATEMENT_EXECUTE|[31]
13:21:15.0 (127705994)|HEAP_ALLOCATE|[31]|Bytes:14
13:21:15.0 (127710365)|HEAP_ALLOCATE|[31]|Bytes:56
13:21:15.0 (127716287)|VARIABLE_ASSIGNMENT|[31]|address|"3484 Pinklon Circle, (36 more) ..."
13:21:15.0 (127722713)|STATEMENT_EXECUTE|[33]
13:21:15.0 (127724390)|STATEMENT_EXECUTE|[34]
13:21:15.0 (127729932)|HEAP_ALLOCATE|[34]|Bytes:6
13:21:15.0 (127734296)|HEAP_ALLOCATE|[34]|Bytes:62
13:21:15.0 (127739866)|VARIABLE_ASSIGNMENT|[34]|address|"3484 Pinklon Circle, (42 more) ..."
13:21:15.0 (127757149)|STATEMENT_EXECUTE|[37]
13:21:15.0 (127759066)|STATEMENT_EXECUTE|[38]
13:21:15.0 (127773221)|VARIABLE_SCOPE_BEGIN|[38]|req|System.HttpRequest|true|false
13:21:15.0 (127825996)|VARIABLE_ASSIGNMENT|[38]|req|"System.HttpRequest[Endpoint=null, Method=null]"|0x7f27c4ed
13:21:15.0 (127835792)|STATEMENT_EXECUTE|[39]
13:21:15.0 (127851625)|USER_DEBUG|[39]|DEBUG|Address is not blank
13:21:15.0 (127861650)|STATEMENT_EXECUTE|[41]
13:21:15.0 (127877549)|METHOD_ENTRY|[41]||System.EncodingUtil.urlEncode(String, String)
13:21:15.0 (127941472)|METHOD_EXIT|[41]||System.EncodingUtil.urlEncode(String, String)
13:21:15.0 (127957317)|VARIABLE_ASSIGNMENT|[41]|address|"3484+Pinklon+Circle% (52 more) ..."
13:21:15.0 (127963602)|STATEMENT_EXECUTE|[42]
13:21:15.0 (127972859)|HEAP_ALLOCATE|[42]|Bytes:83
13:21:15.0 (127987896)|USER_DEBUG|[42]|DEBUG|address is 3484+Pinklon+Circle%2CSan+Miguel%2CCalifornia%2CUnited+States%2C93451%2C
13:21:15.0 (127997254)|STATEMENT_EXECUTE|[43]
13:21:15.0 (128007817)|HEAP_ALLOCATE|[43]|Bytes:141
13:21:15.0 (128038315)|STATEMENT_EXECUTE|[44]
13:21:15.0 (128057333)|STATEMENT_EXECUTE|[45]
13:21:15.0 (128071059)|VARIABLE_SCOPE_BEGIN|[45]|http|System.Http|true|false
13:21:15.0 (128123046)|VARIABLE_ASSIGNMENT|[45]|http|"System.Http[]"|0x5e2112e2
13:21:15.0 (128130885)|STATEMENT_EXECUTE|[46]
13:21:15.0 (128135910)|VARIABLE_SCOPE_BEGIN|[46]|res|System.HttpResponse|true|false
13:21:15.0 (128145711)|VARIABLE_ASSIGNMENT|[46]|res|null|
13:21:15.0 (128159576)|METHOD_ENTRY|[47]||System.Test.isRunningTest()
13:21:15.0 (128179621)|METHOD_EXIT|[47]||System.Test.isRunningTest()
13:21:15.0 (128190678)|STATEMENT_EXECUTE|[47]
13:21:15.0 (128194068)|STATEMENT_EXECUTE|[48]
13:21:15.0 (130445502)|CALLOUT_REQUEST|[48]|System.HttpRequest[Endpoint=https://maps.googleapis.com/maps/api/geocode/xml?address=3484+Pinklon+Circle%2CSan+Miguel%2CCalifornia%2CUnited+States%2C93451%2C&sensor=true, Method=GET]
13:21:15.0 (145104123)|HEAP_ALLOCATE|[EXTERNAL]|Bytes:743
13:21:15.0 (145195105)|CALLOUT_RESPONSE|[48]|System.HttpResponse[Status=OK, StatusCode=200]
13:21:15.0 (145219155)|HEAP_ALLOCATE|[48]|Bytes:314
13:21:15.0 (145312197)|VARIABLE_ASSIGNMENT|[48]|res|"System.HttpResponse[Status=OK, StatusCode=200]"|0x123d4fa1
13:21:15.0 (145328300)|STATEMENT_EXECUTE|[59]
13:21:15.0 (145479769)|VARIABLE_SCOPE_BEGIN|[59]|doc|dom.Document|true|false
13:21:15.0 (145527914)|VARIABLE_ASSIGNMENT|[59]|doc|"Document[]"|0x5f7592c9
13:21:15.0 (145537609)|STATEMENT_EXECUTE|[61]
13:21:15.0 (145571685)|VARIABLE_SCOPE_BEGIN|[61]|geocodeResponse|dom.XmlNode|true|false
13:21:15.0 (145659127)|VARIABLE_ASSIGNMENT|[61]|geocodeResponse|"XMLNode[ELEMENT,GeocodeResponse,null,null,null,[XMLNode[TEXT,null,null,null,null,null,\n ,], XMLNode[ELEMENT,status,null,null,null,[XMLNode[TEXT,null,null,null,null,null,OVER_QUERY_LIMIT,]],null,], XMLNode[TEXT,null,null,null,null,null,\n ,], XMLNode[ELEMENT,error_message,null,null,null,[XMLNode[TEXT,null,null,null,null,null,You have exceeded your daily request quota for this API. We recommend registering for a key at the Google Developers Console: https://console.developers.google.com/,]],null,], XMLNode[TEXT,null,null,null,null,null,\n,]],null,]"|0x3543305e
13:21:15.0 (145673534)|STATEMENT_EXECUTE|[62]
13:21:15.0 (145677719)|STATEMENT_EXECUTE|[64]
13:21:15.0 (145717480)|VARIABLE_SCOPE_BEGIN|[64]|result|dom.XmlNode|true|false
13:21:15.0 (145728988)|VARIABLE_ASSIGNMENT|[64]|result|null|
13:21:15.0 (145735694)|STATEMENT_EXECUTE|[65]
13:21:15.0 (145769709)|HEAP_ALLOCATE|[17]|Bytes:5
13:21:15.0 (145822847)|HEAP_ALLOCATE|[17]|Bytes:32
13:21:15.0 (145842370)|VARIABLE_SCOPE_BEGIN|[17]|acc|Account|true|false
13:21:15.0 (145881372)|VARIABLE_ASSIGNMENT|[17]|acc|{"s":1,"v":{"Id":"00136000008NvuOAAS","Name":"Salesforce.com, Inc.","BillingStreet":"1 Market Ste 300","BillingCity":"San Francisco","BillingState":"CA","BillingCountry":"USA","BillingPostalCode":"94105-5188"}}|0x21cfffc0
13:21:15.0 (145889441)|STATEMENT_EXECUTE|[17]
13:21:15.0 (145891494)|STATEMENT_EXECUTE|[18]
13:21:15.0 (145915179)|HEAP_ALLOCATE|[18]|Bytes:48
13:21:15.0 (145933609)|USER_DEBUG|[18]|DEBUG|Starting encode for account Salesforce.com, Inc.
13:21:15.0 (145940189)|STATEMENT_EXECUTE|[19]
13:21:15.0 (145944269)|VARIABLE_SCOPE_BEGIN|[19]|address|String|false|false
13:21:15.0 (145951218)|VARIABLE_ASSIGNMENT|[19]|address|""
13:21:15.0 (145958848)|STATEMENT_EXECUTE|[21]
13:21:15.0 (145960587)|STATEMENT_EXECUTE|[22]
13:21:15.0 (145967393)|HEAP_ALLOCATE|[22]|Bytes:17
13:21:15.0 (145971935)|HEAP_ALLOCATE|[22]|Bytes:17
13:21:15.0 (145977378)|VARIABLE_ASSIGNMENT|[22]|address|"1 Market Ste 300,"
13:21:15.0 (145984377)|STATEMENT_EXECUTE|[24]
13:21:15.0 (145986292)|STATEMENT_EXECUTE|[25]
13:21:15.0 (145991750)|HEAP_ALLOCATE|[25]|Bytes:14
13:21:15.0 (145996034)|HEAP_ALLOCATE|[25]|Bytes:31
13:21:15.0 (146002786)|VARIABLE_ASSIGNMENT|[25]|address|"1 Market Ste 300,San (11 more) ..."
13:21:15.0 (146010627)|STATEMENT_EXECUTE|[27]
13:21:15.0 (146012330)|STATEMENT_EXECUTE|[28]
13:21:15.0 (146020912)|HEAP_ALLOCATE|[28]|Bytes:3
13:21:15.0 (146029106)|HEAP_ALLOCATE|[28]|Bytes:34
13:21:15.0 (146041127)|VARIABLE_ASSIGNMENT|[28]|address|"1 Market Ste 300,San (14 more) ..."
13:21:15.0 (146053879)|STATEMENT_EXECUTE|[30]
13:21:15.0 (146057392)|STATEMENT_EXECUTE|[31]
13:21:15.0 (146069493)|HEAP_ALLOCATE|[31]|Bytes:4
13:21:15.0 (146078750)|HEAP_ALLOCATE|[31]|Bytes:38
13:21:15.0 (146091798)|VARIABLE_ASSIGNMENT|[31]|address|"1 Market Ste 300,San (18 more) ..."
13:21:15.0 (146105341)|STATEMENT_EXECUTE|[33]
13:21:15.0 (146109659)|STATEMENT_EXECUTE|[34]
13:21:15.0 (146122538)|HEAP_ALLOCATE|[34]|Bytes:11
13:21:15.0 (146131234)|HEAP_ALLOCATE|[34]|Bytes:49
13:21:15.0 (146144670)|VARIABLE_ASSIGNMENT|[34]|address|"1 Market Ste 300,San (29 more) ..."
13:21:15.0 (146172182)|STATEMENT_EXECUTE|[37]
13:21:15.0 (146176384)|STATEMENT_EXECUTE|[38]
13:21:15.0 (146196640)|VARIABLE_SCOPE_BEGIN|[38]|req|System.HttpRequest|true|false
13:21:15.0 (146251707)|VARIABLE_ASSIGNMENT|[38]|req|"System.HttpRequest[Endpoint=null, Method=null]"|0x5977fc1f
13:21:15.0 (146259244)|STATEMENT_EXECUTE|[39]
13:21:15.0 (146271812)|USER_DEBUG|[39]|DEBUG|Address is not blank
13:21:15.0 (146277495)|STATEMENT_EXECUTE|[41]
13:21:15.0 (146290669)|METHOD_ENTRY|[41]||System.EncodingUtil.urlEncode(String, String)
13:21:15.0 (146333880)|METHOD_EXIT|[41]||System.EncodingUtil.urlEncode(String, String)
13:21:15.0 (146344114)|VARIABLE_ASSIGNMENT|[41]|address|"1+Market+Ste+300%2CS (39 more) ..."
13:21:15.0 (146348000)|STATEMENT_EXECUTE|[42]
13:21:15.0 (146353780)|HEAP_ALLOCATE|[42]|Bytes:70
13:21:15.0 (146363260)|USER_DEBUG|[42]|DEBUG|address is 1+Market+Ste+300%2CSan+Francisco%2CCA%2CUSA%2C94105-5188%2C
13:21:15.0 (146370843)|STATEMENT_EXECUTE|[43]
13:21:15.0 (146382269)|HEAP_ALLOCATE|[43]|Bytes:128
13:21:15.0 (146414086)|STATEMENT_EXECUTE|[44]
13:21:15.0 (146433955)|STATEMENT_EXECUTE|[45]
13:21:15.0 (146446345)|VARIABLE_SCOPE_BEGIN|[45]|http|System.Http|true|false
13:21:15.0 (146485159)|VARIABLE_ASSIGNMENT|[45]|http|"System.Http[]"|0x60acae0
13:21:15.0 (146491069)|STATEMENT_EXECUTE|[46]
13:21:15.0 (146494556)|VARIABLE_SCOPE_BEGIN|[46]|res|System.HttpResponse|true|false
13:21:15.0 (146500114)|VARIABLE_ASSIGNMENT|[46]|res|null|
13:21:15.0 (146510539)|METHOD_ENTRY|[47]||System.Test.isRunningTest()
13:21:15.0 (146523970)|METHOD_EXIT|[47]||System.Test.isRunningTest()
13:21:15.0 (146530633)|STATEMENT_EXECUTE|[47]
13:21:15.0 (146532328)|STATEMENT_EXECUTE|[48]
13:21:15.0 (148712084)|CALLOUT_REQUEST|[48]|System.HttpRequest[Endpoint=https://maps.googleapis.com/maps/api/geocode/xml?address=1+Market+Ste+300%2CSan+Francisco%2CCA%2CUSA%2C94105-5188%2C&sensor=true, Method=GET]
13:21:15.0 (163963683)|HEAP_ALLOCATE|[EXTERNAL]|Bytes:743
13:21:15.0 (164098082)|CALLOUT_RESPONSE|[48]|System.HttpResponse[Status=OK, StatusCode=200]
13:21:15.0 (164125896)|HEAP_ALLOCATE|[48]|Bytes:314
13:21:15.0 (164232206)|VARIABLE_ASSIGNMENT|[48]|res|"System.HttpResponse[Status=OK, StatusCode=200]"|0x52277219
13:21:15.0 (164249465)|STATEMENT_EXECUTE|[59]
13:21:15.0 (164396274)|VARIABLE_SCOPE_BEGIN|[59]|doc|dom.Document|true|false
13:21:15.0 (164433799)|VARIABLE_ASSIGNMENT|[59]|doc|"Document[]"|0x4583fbf6
13:21:15.0 (164440254)|STATEMENT_EXECUTE|[61]
13:21:15.0 (164478792)|VARIABLE_SCOPE_BEGIN|[61]|geocodeResponse|dom.XmlNode|true|false
13:21:15.0 (164572873)|VARIABLE_ASSIGNMENT|[61]|geocodeResponse|"XMLNode[ELEMENT,GeocodeResponse,null,null,null,[XMLNode[TEXT,null,null,null,null,null,\n ,], XMLNode[ELEMENT,status,null,null,null,[XMLNode[TEXT,null,null,null,null,null,OVER_QUERY_LIMIT,]],null,], XMLNode[TEXT,null,null,null,null,null,\n ,], XMLNode[ELEMENT,error_message,null,null,null,[XMLNode[TEXT,null,null,null,null,null,You have exceeded your daily request quota for this API. We recommend registering for a key at the Google Developers Console: https://console.developers.google.com/,]],null,], XMLNode[TEXT,null,null,null,null,null,\n,]],null,]"|0x29702419
13:21:15.0 (164588269)|STATEMENT_EXECUTE|[62]
13:21:15.0 (164591478)|STATEMENT_EXECUTE|[64]
13:21:15.0 (164625747)|VARIABLE_SCOPE_BEGIN|[64]|result|dom.XmlNode|true|false
13:21:15.0 (164638507)|VARIABLE_ASSIGNMENT|[64]|result|null|
13:21:15.0 (164645148)|STATEMENT_EXECUTE|[65]
13:21:15.0 (164687593)|HEAP_ALLOCATE|[17]|Bytes:5
13:21:15.0 (164749993)|HEAP_ALLOCATE|[17]|Bytes:32
13:21:15.0 (164767680)|VARIABLE_SCOPE_BEGIN|[17]|acc|Account|true|false
13:21:15.0 (164806767)|VARIABLE_ASSIGNMENT|[17]|acc|{"s":1,"v":{"Id":"00136000008NvuPAAS","Name":"Silver Partners","BillingStreet":"1 S. Dearborn","BillingCity":"Chicago","BillingState":"Illinois","BillingCountry":"United States","BillingPostalCode":"94105-5188"}}|0x7fb26443
13:21:15.0 (164813427)|STATEMENT_EXECUTE|[17]
13:21:15.0 (164815481)|STATEMENT_EXECUTE|[18]
13:21:15.0 (164845996)|HEAP_ALLOCATE|[18]|Bytes:43
13:21:15.0 (164869117)|USER_DEBUG|[18]|DEBUG|Starting encode for account Silver Partners
13:21:15.0 (164876928)|STATEMENT_EXECUTE|[19]
13:21:15.0 (164881318)|VARIABLE_SCOPE_BEGIN|[19]|address|String|false|false
13:21:15.0 (164887965)|VARIABLE_ASSIGNMENT|[19]|address|""
13:21:15.0 (164895584)|STATEMENT_EXECUTE|[21]
13:21:15.0 (164897395)|STATEMENT_EXECUTE|[22]
13:21:15.0 (164909268)|HEAP_ALLOCATE|[22]|Bytes:14
13:21:15.0 (164914545)|HEAP_ALLOCATE|[22]|Bytes:14
13:21:15.0 (164920149)|VARIABLE_ASSIGNMENT|[22]|address|"1 S. Dearborn,"
13:21:15.0 (164927736)|STATEMENT_EXECUTE|[24]
13:21:15.0 (164929536)|STATEMENT_EXECUTE|[25]
13:21:15.0 (164935442)|HEAP_ALLOCATE|[25]|Bytes:8
13:21:15.0 (164940823)|HEAP_ALLOCATE|[25]|Bytes:22
13:21:15.0 (164953719)|VARIABLE_ASSIGNMENT|[25]|address|"1 S. Dearborn,Chicag (2 more) ..."
13:21:15.0 (164965972)|STATEMENT_EXECUTE|[27]
13:21:15.0 (164969632)|STATEMENT_EXECUTE|[28]
13:21:15.0 (164981041)|HEAP_ALLOCATE|[28]|Bytes:9
13:21:15.0 (164988723)|HEAP_ALLOCATE|[28]|Bytes:31
13:21:15.0 (165000450)|VARIABLE_ASSIGNMENT|[28]|address|"1 S. Dearborn,Chicag (11 more) ..."
13:21:15.0 (165013897)|STATEMENT_EXECUTE|[30]
13:21:15.0 (165017177)|STATEMENT_EXECUTE|[31]
13:21:15.0 (165028127)|HEAP_ALLOCATE|[31]|Bytes:14
13:21:15.0 (165036256)|HEAP_ALLOCATE|[31]|Bytes:45
13:21:15.0 (165048146)|VARIABLE_ASSIGNMENT|[31]|address|"1 S. Dearborn,Chicag (25 more) ..."
13:21:15.0 (165059496)|STATEMENT_EXECUTE|[33]
13:21:15.0 (165063084)|STATEMENT_EXECUTE|[34]
13:21:15.0 (165074357)|HEAP_ALLOCATE|[34]|Bytes:11
13:21:15.0 (165081989)|HEAP_ALLOCATE|[34]|Bytes:56
13:21:15.0 (165093962)|VARIABLE_ASSIGNMENT|[34]|address|"1 S. Dearborn,Chicag (36 more) ..."
13:21:15.0 (165124832)|STATEMENT_EXECUTE|[37]
13:21:15.0 (165129087)|STATEMENT_EXECUTE|[38]
13:21:15.0 (165153377)|VARIABLE_SCOPE_BEGIN|[38]|req|System.HttpRequest|true|false
13:21:15.0 (165213379)|VARIABLE_ASSIGNMENT|[38]|req|"System.HttpRequest[Endpoint=null, Method=null]"|0x16ec6616
13:21:15.0 (165222781)|STATEMENT_EXECUTE|[39]
13:21:15.0 (165239278)|USER_DEBUG|[39]|DEBUG|Address is not blank
13:21:15.0 (165251052)|STATEMENT_EXECUTE|[41]
13:21:15.0 (165274207)|METHOD_ENTRY|[41]||System.EncodingUtil.urlEncode(String, String)
13:21:15.0 (165365922)|METHOD_EXIT|[41]||System.EncodingUtil.urlEncode(String, String)
13:21:15.0 (165383205)|VARIABLE_ASSIGNMENT|[41]|address|"1+S.+Dearborn%2CChic (46 more) ..."
13:21:15.0 (165388856)|STATEMENT_EXECUTE|[42]
13:21:15.0 (165395797)|HEAP_ALLOCATE|[42]|Bytes:77
13:21:15.0 (165406739)|USER_DEBUG|[42]|DEBUG|address is 1+S.+Dearborn%2CChicago%2CIllinois%2CUnited+States%2C94105-5188%2C
13:21:15.0 (165412090)|STATEMENT_EXECUTE|[43]
13:21:15.0 (165420120)|HEAP_ALLOCATE|[43]|Bytes:135
13:21:15.0 (165440577)|STATEMENT_EXECUTE|[44]
13:21:15.0 (165451717)|STATEMENT_EXECUTE|[45]
13:21:15.0 (165463648)|VARIABLE_SCOPE_BEGIN|[45]|http|System.Http|true|false
13:21:15.0 (165503607)|VARIABLE_ASSIGNMENT|[45]|http|"System.Http[]"|0x6412d60e
13:21:15.0 (165509545)|STATEMENT_EXECUTE|[46]
13:21:15.0 (165512863)|VARIABLE_SCOPE_BEGIN|[46]|res|System.HttpResponse|true|false
13:21:15.0 (165518551)|VARIABLE_ASSIGNMENT|[46]|res|null|
13:21:15.0 (165529331)|METHOD_ENTRY|[47]||System.Test.isRunningTest()
13:21:15.0 (165544439)|METHOD_EXIT|[47]||System.Test.isRunningTest()
13:21:15.0 (165551801)|STATEMENT_EXECUTE|[47]
13:21:15.0 (165553620)|STATEMENT_EXECUTE|[48]
13:21:15.0 (167992682)|CALLOUT_REQUEST|[48]|System.HttpRequest[Endpoint=https://maps.googleapis.com/maps/api/geocode/xml?address=1+S.+Dearborn%2CChicago%2CIllinois%2CUnited+States%2C94105-5188%2C&sensor=true, Method=GET]
13:21:15.0 (184060851)|HEAP_ALLOCATE|[EXTERNAL]|Bytes:743
13:21:15.0 (184147835)|CALLOUT_RESPONSE|[48]|System.HttpResponse[Status=OK, StatusCode=200]
13:21:15.0 (184172149)|HEAP_ALLOCATE|[48]|Bytes:314
13:21:15.0 (184263274)|VARIABLE_ASSIGNMENT|[48]|res|"System.HttpResponse[Status=OK, StatusCode=200]"|0x37882d88
13:21:15.0 (184278846)|STATEMENT_EXECUTE|[59]
13:21:15.0 (184418456)|VARIABLE_SCOPE_BEGIN|[59]|doc|dom.Document|true|false
13:21:15.0 (184456449)|VARIABLE_ASSIGNMENT|[59]|doc|"Document[]"|0x77c8df7b
13:21:15.0 (184463276)|STATEMENT_EXECUTE|[61]
13:21:15.0 (184487807)|VARIABLE_SCOPE_BEGIN|[61]|geocodeResponse|dom.XmlNode|true|false
13:21:15.0 (184550067)|VARIABLE_ASSIGNMENT|[61]|geocodeResponse|"XMLNode[ELEMENT,GeocodeResponse,null,null,null,[XMLNode[TEXT,null,null,null,null,null,\n ,], XMLNode[ELEMENT,status,null,null,null,[XMLNode[TEXT,null,null,null,null,null,OVER_QUERY_LIMIT,]],null,], XMLNode[TEXT,null,null,null,null,null,\n ,], XMLNode[ELEMENT,error_message,null,null,null,[XMLNode[TEXT,null,null,null,null,null,You have exceeded your daily request quota for this API. We recommend registering for a key at the Google Developers Console: https://console.developers.google.com/,]],null,], XMLNode[TEXT,null,null,null,null,null,\n,]],null,]"|0x6b5f58aa
13:21:15.0 (184561726)|STATEMENT_EXECUTE|[62]
13:21:15.0 (184563747)|STATEMENT_EXECUTE|[64]
13:21:15.0 (184588381)|VARIABLE_SCOPE_BEGIN|[64]|result|dom.XmlNode|true|false
13:21:15.0 (184597827)|VARIABLE_ASSIGNMENT|[64]|result|null|
13:21:15.0 (184601443)|STATEMENT_EXECUTE|[65]
13:21:15.0 (184631431)|HEAP_ALLOCATE|[17]|Bytes:5
13:21:15.0 (184650685)|VARIABLE_ASSIGNMENT|[17]|acc|null|
13:21:15.0 (184655834)|STATEMENT_EXECUTE|[90]
13:21:15.0 (184740476)|DML_BEGIN|[90]|Op:Update|Type:Account|Rows:10
13:21:15.0 (184775646)|HEAP_ALLOCATE|[EXTERNAL]|Bytes:44
13:21:15.0 (197506969)|CODE_UNIT_STARTED|[EXTERNAL]|DuplicateDetector
13:21:15.0 (197526858)|DUPLICATE_DETECTION_BEGIN
13:21:15.0 (197585819)|DUPLICATE_DETECTION_RULE_INVOCATION|DuplicateRuleId:0Bm36000000pmhL|DuplicateRuleName:Standard Account duplicate rule|DmlType:UPDATE
13:21:15.0 (197590754)|DUPLICATE_DETECTION_END
13:21:15.0 (197647348)|CODE_UNIT_FINISHED|DuplicateDetector
13:21:15.0 (240456406)|DML_END|[90]
13:21:15.0 (240513145)|HEAP_ALLOCATE|[EXTERNAL]|Bytes:44
13:21:15.0 (240558241)|CODE_UNIT_FINISHED|BatchLatLongGenerator
13:21:15.0 (241740296)|EXECUTION_FINISHED
