36.0 APEX_CODE,FINEST;APEX_PROFILING,INFO;CALLOUT,INFO;DB,INFO;SYSTEM,DEBUG;VALIDATION,INFO;VISUALFORCE,INFO;WORKFLOW,INFO
15:07:47.0 (397274)|EXECUTION_STARTED
15:07:47.0 (431669)|CODE_UNIT_STARTED|[EXTERNAL]|01p360000052k4g|AccountGeoExtension.getLocalAccounts
15:07:47.0 (708177)|HEAP_ALLOCATE|[72]|Bytes:3
15:07:47.0 (780578)|HEAP_ALLOCATE|[77]|Bytes:152
15:07:47.0 (802229)|HEAP_ALLOCATE|[342]|Bytes:408
15:07:47.0 (821813)|HEAP_ALLOCATE|[355]|Bytes:408
15:07:47.0 (840537)|HEAP_ALLOCATE|[467]|Bytes:48
15:07:47.0 (879374)|HEAP_ALLOCATE|[139]|Bytes:6
15:07:47.0 (910164)|HEAP_ALLOCATE|[EXTERNAL]|Bytes:1
15:07:47.0 (914907)|HEAP_ALLOCATE|[EXTERNAL]|Bytes:4
15:07:47.0 (933339)|METHOD_ENTRY|[1]|01p360000052k4g|AccountGeoExtension.AccountGeoExtension()
15:07:47.0 (974597)|STATEMENT_EXECUTE|[1]
15:07:47.0 (987690)|STATEMENT_EXECUTE|[1]
15:07:47.0 (996729)|METHOD_EXIT|[1]|AccountGeoExtension
15:07:47.0 (1028332)|HEAP_ALLOCATE|[EXTERNAL]|Bytes:28
15:07:47.0 (1033116)|HEAP_ALLOCATE|[EXTERNAL]|Bytes:28
15:07:47.0 (1035252)|HEAP_ALLOCATE|[EXTERNAL]|Bytes:28
15:07:47.0 (1048068)|SYSTEM_MODE_ENTER|false
15:07:47.0 (1061610)|VARIABLE_SCOPE_BEGIN|[5]|latitude|Double|false|false
15:07:47.0 (1098838)|VARIABLE_ASSIGNMENT|[5]|latitude|33.849145
15:07:47.0 (1104252)|VARIABLE_SCOPE_BEGIN|[5]|longitude|Double|false|false
15:07:47.0 (1109069)|VARIABLE_ASSIGNMENT|[5]|longitude|-84.3620913
15:07:47.0 (1112259)|VARIABLE_SCOPE_BEGIN|[5]|maxDistance|Double|false|false
15:07:47.0 (1117030)|VARIABLE_ASSIGNMENT|[5]|maxDistance|40
15:07:47.0 (1132517)|STATEMENT_EXECUTE|[5]
15:07:47.0 (49753180)|HEAP_DUMP|[6]|07n36000000PCEe|AccountGeoExtension|none|6
15:07:47.0 (49765021)|STATEMENT_EXECUTE|[6]
15:07:47.0 (49779390)|HEAP_ALLOCATE|[6]|Bytes:24
15:07:47.0 (49878801)|HEAP_ALLOCATE|[6]|Bytes:9
15:07:47.0 (49894334)|HEAP_ALLOCATE|[6]|Bytes:12
15:07:47.0 (49906457)|HEAP_ALLOCATE|[6]|Bytes:11
15:07:47.0 (49914669)|HEAP_ALLOCATE|[6]|Bytes:11
15:07:47.0 (49923832)|HEAP_ALLOCATE|[6]|Bytes:2
15:07:47.0 (49942076)|HEAP_ALLOCATE|[6]|Bytes:69
15:07:47.0 (49992802)|HEAP_ALLOCATE|[50]|Bytes:5
15:07:47.0 (50023054)|HEAP_ALLOCATE|[56]|Bytes:5
15:07:47.0 (50033529)|HEAP_ALLOCATE|[64]|Bytes:7
15:07:47.0 (50084728)|USER_DEBUG|[6]|DEBUG|searching for latitude: 33.849145 longitude: -84.3620913 distance: 40
15:07:47.0 (50099162)|STATEMENT_EXECUTE|[7]
15:07:47.0 (50104551)|HEAP_ALLOCATE|[7]|Bytes:317
15:07:47.0 (50118980)|HEAP_ALLOCATE|[7]|Bytes:4
15:07:47.0 (50131911)|HEAP_ALLOCATE|[7]|Bytes:7
15:07:47.0 (50197446)|HEAP_ALLOCATE|[7]|Bytes:28
15:07:47.0 (50208546)|HEAP_ALLOCATE|[7]|Bytes:7
15:07:47.0 (50223624)|HEAP_ALLOCATE|[7]|Bytes:28
15:07:47.0 (50230354)|HEAP_ALLOCATE|[7]|Bytes:7
15:07:47.0 (50242496)|HEAP_ALLOCATE|[7]|Bytes:28
15:07:47.0 (50249013)|HEAP_ALLOCATE|[7]|Bytes:7
15:07:47.0 (50260544)|HEAP_ALLOCATE|[7]|Bytes:28
15:07:47.0 (50266756)|HEAP_ALLOCATE|[7]|Bytes:7
15:07:47.0 (50277987)|HEAP_ALLOCATE|[7]|Bytes:28
15:07:47.0 (54219105)|SOQL_EXECUTE_BEGIN|[7]|Aggregations:0|SELECT Name, Id, Owner.FirstName, Owner.LastName, Permanent_Partner_Manager__c, Partner_Manager__c, BillingLatitude, BillingLongitude FROM Account WHERE DISTANCE(BillingAddress, GEOLOCATION(:tmpVar1, :tmpVar2), 'mi') < :tmpVar3 ORDER BY  distance(BillingAddress, geolocation( :tmpVar4, :tmpVar5),'mi') ASC NULLS FIRST
15:07:47.0 (69965608)|SOQL_EXECUTE_END|[7]|Rows:2
15:07:47.0 (70007066)|HEAP_ALLOCATE|[7]|Bytes:12
15:07:47.0 (70047793)|HEAP_ALLOCATE|[7]|Bytes:545
15:07:47.0 (70127466)|HEAP_ALLOCATE|[7]|Bytes:12
15:07:47.0 (70155829)|VARIABLE_SCOPE_BEGIN|[7]|localAccounts|List<Account>|true|false
15:07:47.0 (70281306)|VARIABLE_ASSIGNMENT|[7]|localAccounts|{"s":1,"v":[{"s":2,"v":{"Name":"Pardot","Id":"00136000009QxwuAAC","OwnerId":"00536000001L21qAAC","Permanent_Partner_Ma (8 more) ...":false,"BillingLatitude":33.846941200000000,"BillingLongitude":-84.359523600000000,"Owner":{"s":3,"v":{"FirstName":"David","LastName":"Scruggs","Id":"00536000001L21qAAC"}}}},{"s":4,"v":{"Name":"Coca Cola (HQ)","Id":"00136000008vIeSAAU","OwnerId":"00536000001L21qAAC","Permanent_Partner_Ma (8 more) ...":false,"BillingLatitude":33.770893900000000,"BillingLongitude":-84.398620900000000,"Owner":{"r":3}}}]}|0x79e83e38
15:07:47.0 (70305452)|STATEMENT_EXECUTE|[12]
15:07:47.0 (70317752)|HEAP_ALLOCATE|[12]|Bytes:7
15:07:47.0 (70499620)|HEAP_ALLOCATE|[12]|Bytes:1
15:07:47.0 (70514753)|HEAP_ALLOCATE|[12]|Bytes:9
15:07:47.0 (70533395)|HEAP_ALLOCATE|[12]|Bytes:17
15:07:47.0 (70568088)|USER_DEBUG|[12]|DEBUG| Found 2 accounts
15:07:47.0 (70582086)|STATEMENT_EXECUTE|[13]
15:07:47.0 (70603716)|SYSTEM_MODE_EXIT|false
15:07:47.70 (70667375)|CUMULATIVE_LIMIT_USAGE
15:07:47.70 (70667375)|LIMIT_USAGE_FOR_NS|(default)|
  Number of SOQL queries: 1 out of 100
  Number of query rows: 2 out of 50000
  Number of SOSL queries: 0 out of 20
  Number of DML statements: 0 out of 150
  Number of DML rows: 0 out of 10000
  Maximum CPU time: 0 out of 10000
  Maximum heap size: 0 out of 6000000
  Number of callouts: 0 out of 100
  Number of Email Invocations: 0 out of 10
  Number of future calls: 0 out of 50
  Number of queueable jobs added to the queue: 0 out of 50
  Number of Mobile Apex push calls: 0 out of 10

15:07:47.70 (70667375)|CUMULATIVE_LIMIT_USAGE_END

15:07:47.0 (70744544)|CODE_UNIT_FINISHED|AccountGeoExtension.getLocalAccounts
15:07:47.0 (73085714)|EXECUTION_FINISHED
