36.0 APEX_CODE,FINEST;APEX_PROFILING,INFO;CALLOUT,INFO;DB,INFO;SYSTEM,DEBUG;VALIDATION,INFO;VISUALFORCE,INFO;WORKFLOW,INFO
13:45:05.0 (623714)|EXECUTION_STARTED
13:45:05.0 (657447)|CODE_UNIT_STARTED|[EXTERNAL]|01p360000052k4g|AccountGeoExtension.getLocalAccounts
13:45:05.0 (912616)|HEAP_ALLOCATE|[72]|Bytes:3
13:45:05.0 (977816)|HEAP_ALLOCATE|[77]|Bytes:152
13:45:05.0 (999627)|HEAP_ALLOCATE|[342]|Bytes:408
13:45:05.0 (1018428)|HEAP_ALLOCATE|[355]|Bytes:408
13:45:05.0 (1037328)|HEAP_ALLOCATE|[467]|Bytes:48
13:45:05.0 (1067900)|HEAP_ALLOCATE|[139]|Bytes:6
13:45:05.0 (1089523)|HEAP_ALLOCATE|[EXTERNAL]|Bytes:1
13:45:05.0 (1094305)|HEAP_ALLOCATE|[EXTERNAL]|Bytes:4
13:45:05.0 (1109115)|METHOD_ENTRY|[1]|01p360000052k4g|AccountGeoExtension.AccountGeoExtension()
13:45:05.0 (1122016)|STATEMENT_EXECUTE|[1]
13:45:05.0 (1130970)|STATEMENT_EXECUTE|[1]
13:45:05.0 (1136926)|METHOD_EXIT|[1]|AccountGeoExtension
13:45:05.0 (1160725)|HEAP_ALLOCATE|[EXTERNAL]|Bytes:28
13:45:05.0 (1164099)|HEAP_ALLOCATE|[EXTERNAL]|Bytes:28
13:45:05.0 (1165872)|HEAP_ALLOCATE|[EXTERNAL]|Bytes:28
13:45:05.0 (1176262)|SYSTEM_MODE_ENTER|false
13:45:05.0 (1190485)|VARIABLE_SCOPE_BEGIN|[5]|latitude|Double|false|false
13:45:05.0 (1226742)|VARIABLE_ASSIGNMENT|[5]|latitude|33.849145
13:45:05.0 (1236446)|VARIABLE_SCOPE_BEGIN|[5]|longitude|Double|false|false
13:45:05.0 (1245371)|VARIABLE_ASSIGNMENT|[5]|longitude|-84.3620913
13:45:05.0 (1252206)|VARIABLE_SCOPE_BEGIN|[5]|maxDistance|Double|false|false
13:45:05.0 (1260193)|VARIABLE_ASSIGNMENT|[5]|maxDistance|40
13:45:05.0 (1278028)|STATEMENT_EXECUTE|[5]
13:45:05.0 (22678540)|HEAP_DUMP|[6]|07n36000000PCDg|AccountGeoExtension|none|6
13:45:05.0 (22693518)|STATEMENT_EXECUTE|[6]
13:45:05.0 (22708562)|HEAP_ALLOCATE|[6]|Bytes:24
13:45:05.0 (22808797)|HEAP_ALLOCATE|[6]|Bytes:9
13:45:05.0 (22824467)|HEAP_ALLOCATE|[6]|Bytes:12
13:45:05.0 (22836743)|HEAP_ALLOCATE|[6]|Bytes:11
13:45:05.0 (22843978)|HEAP_ALLOCATE|[6]|Bytes:11
13:45:05.0 (22853304)|HEAP_ALLOCATE|[6]|Bytes:2
13:45:05.0 (22868654)|HEAP_ALLOCATE|[6]|Bytes:69
13:45:05.0 (22913143)|HEAP_ALLOCATE|[50]|Bytes:5
13:45:05.0 (22938229)|HEAP_ALLOCATE|[56]|Bytes:5
13:45:05.0 (22947223)|HEAP_ALLOCATE|[64]|Bytes:7
13:45:05.0 (22988070)|USER_DEBUG|[6]|DEBUG|searching for latitude: 33.849145 longitude: -84.3620913 distance: 40
13:45:05.0 (23000425)|STATEMENT_EXECUTE|[7]
13:45:05.0 (23005342)|HEAP_ALLOCATE|[7]|Bytes:227
13:45:05.0 (23013947)|HEAP_ALLOCATE|[7]|Bytes:4
13:45:05.0 (23022861)|HEAP_ALLOCATE|[7]|Bytes:7
13:45:05.0 (23063035)|HEAP_ALLOCATE|[7]|Bytes:28
13:45:05.0 (23070434)|HEAP_ALLOCATE|[7]|Bytes:7
13:45:05.0 (23081032)|HEAP_ALLOCATE|[7]|Bytes:28
13:45:05.0 (23085866)|HEAP_ALLOCATE|[7]|Bytes:7
13:45:05.0 (23094268)|HEAP_ALLOCATE|[7]|Bytes:28
13:45:05.0 (27043876)|SOQL_EXECUTE_BEGIN|[7]|Aggregations:0|SELECT Name, Id, Owner.FirstName, Owner.LastName, Permanent_Partner_Manager__c, Partner_Manager__c, BillingLatitude, BillingLongitude FROM Account WHERE DISTANCE(BillingAddress, GEOLOCATION(:tmpVar1, :tmpVar2), 'mi') < :tmpVar3
13:45:05.0 (32799627)|SOQL_EXECUTE_END|[7]|Rows:0
13:45:05.0 (32820299)|HEAP_ALLOCATE|[7]|Bytes:4
13:45:05.0 (32834493)|HEAP_ALLOCATE|[7]|Bytes:0
13:45:05.0 (32876089)|HEAP_ALLOCATE|[7]|Bytes:4
13:45:05.0 (32894250)|VARIABLE_SCOPE_BEGIN|[7]|localAccounts|List<Account>|true|false
13:45:05.0 (32932025)|VARIABLE_ASSIGNMENT|[7]|localAccounts|{"s":1,"v":[]}|0x672d665f
13:45:05.0 (107697992)|HEAP_DUMP|[11]|07n36000000PCDh|AccountGeoExtension|none|11
13:45:05.0 (107713741)|STATEMENT_EXECUTE|[11]
13:45:05.0 (107727109)|HEAP_ALLOCATE|[11]|Bytes:7
13:45:05.0 (107865681)|HEAP_ALLOCATE|[11]|Bytes:1
13:45:05.0 (107876360)|HEAP_ALLOCATE|[11]|Bytes:9
13:45:05.0 (107887784)|HEAP_ALLOCATE|[11]|Bytes:17
13:45:05.0 (107901306)|USER_DEBUG|[11]|DEBUG| Found 0 accounts
13:45:05.0 (107914302)|STATEMENT_EXECUTE|[12]
13:45:05.0 (107928336)|SYSTEM_MODE_EXIT|false
13:45:05.107 (107975032)|CUMULATIVE_LIMIT_USAGE
13:45:05.107 (107975032)|LIMIT_USAGE_FOR_NS|(default)|
  Number of SOQL queries: 1 out of 100
  Number of query rows: 0 out of 50000
  Number of SOSL queries: 0 out of 20
  Number of DML statements: 0 out of 150
  Number of DML rows: 0 out of 10000
  Maximum CPU time: 0 out of 10000
  Maximum heap size: 0 out of 6000000
  Number of callouts: 0 out of 100
  Number of Email Invocations: 0 out of 10
  Number of future calls: 0 out of 50
  Number of queueable jobs added to the queue: 0 out of 50
  Number of Mobile Apex push calls: 0 out of 10

13:45:05.107 (107975032)|CUMULATIVE_LIMIT_USAGE_END

13:45:05.0 (108039353)|CODE_UNIT_FINISHED|AccountGeoExtension.getLocalAccounts
13:45:05.0 (110534864)|EXECUTION_FINISHED
