36.0 APEX_CODE,FINEST;APEX_PROFILING,INFO;CALLOUT,INFO;DB,INFO;SYSTEM,DEBUG;VALIDATION,INFO;VISUALFORCE,INFO;WORKFLOW,INFO
15:07:56.0 (490839)|EXECUTION_STARTED
15:07:56.0 (531635)|CODE_UNIT_STARTED|[EXTERNAL]|01p360000052k4g|AccountGeoExtension.getLocalAccounts
15:07:56.0 (800168)|HEAP_ALLOCATE|[72]|Bytes:3
15:07:56.0 (850900)|HEAP_ALLOCATE|[77]|Bytes:152
15:07:56.0 (866095)|HEAP_ALLOCATE|[342]|Bytes:408
15:07:56.0 (882161)|HEAP_ALLOCATE|[355]|Bytes:408
15:07:56.0 (896564)|HEAP_ALLOCATE|[467]|Bytes:48
15:07:56.0 (923945)|HEAP_ALLOCATE|[139]|Bytes:6
15:07:56.0 (944697)|HEAP_ALLOCATE|[EXTERNAL]|Bytes:1
15:07:56.0 (948625)|HEAP_ALLOCATE|[EXTERNAL]|Bytes:4
15:07:56.0 (960552)|METHOD_ENTRY|[1]|01p360000052k4g|AccountGeoExtension.AccountGeoExtension()
15:07:56.0 (973497)|STATEMENT_EXECUTE|[1]
15:07:56.0 (983020)|STATEMENT_EXECUTE|[1]
15:07:56.0 (987680)|METHOD_EXIT|[1]|AccountGeoExtension
15:07:56.0 (1012803)|HEAP_ALLOCATE|[EXTERNAL]|Bytes:28
15:07:56.0 (1017131)|HEAP_ALLOCATE|[EXTERNAL]|Bytes:28
15:07:56.0 (1019180)|HEAP_ALLOCATE|[EXTERNAL]|Bytes:28
15:07:56.0 (1032490)|SYSTEM_MODE_ENTER|false
15:07:56.0 (1051161)|VARIABLE_SCOPE_BEGIN|[5]|latitude|Double|false|false
15:07:56.0 (1091592)|VARIABLE_ASSIGNMENT|[5]|latitude|33.849145
15:07:56.0 (1097728)|VARIABLE_SCOPE_BEGIN|[5]|longitude|Double|false|false
15:07:56.0 (1103129)|VARIABLE_ASSIGNMENT|[5]|longitude|-84.3620913
15:07:56.0 (1106503)|VARIABLE_SCOPE_BEGIN|[5]|maxDistance|Double|false|false
15:07:56.0 (1111309)|VARIABLE_ASSIGNMENT|[5]|maxDistance|40
15:07:56.0 (1127052)|STATEMENT_EXECUTE|[5]
15:07:56.0 (35806320)|HEAP_DUMP|[6]|07n36000000PCEj|AccountGeoExtension|none|6
15:07:56.0 (35816792)|STATEMENT_EXECUTE|[6]
15:07:56.0 (35827624)|HEAP_ALLOCATE|[6]|Bytes:24
15:07:56.0 (35932972)|HEAP_ALLOCATE|[6]|Bytes:9
15:07:56.0 (35948118)|HEAP_ALLOCATE|[6]|Bytes:12
15:07:56.0 (35961800)|HEAP_ALLOCATE|[6]|Bytes:11
15:07:56.0 (35969674)|HEAP_ALLOCATE|[6]|Bytes:11
15:07:56.0 (35979507)|HEAP_ALLOCATE|[6]|Bytes:2
15:07:56.0 (35996512)|HEAP_ALLOCATE|[6]|Bytes:69
15:07:56.0 (36039255)|HEAP_ALLOCATE|[50]|Bytes:5
15:07:56.0 (36065588)|HEAP_ALLOCATE|[56]|Bytes:5
15:07:56.0 (36074529)|HEAP_ALLOCATE|[64]|Bytes:7
15:07:56.0 (36113842)|USER_DEBUG|[6]|DEBUG|searching for latitude: 33.849145 longitude: -84.3620913 distance: 40
15:07:56.0 (36124288)|STATEMENT_EXECUTE|[7]
15:07:56.0 (36128282)|HEAP_ALLOCATE|[7]|Bytes:317
15:07:56.0 (36142212)|HEAP_ALLOCATE|[7]|Bytes:4
15:07:56.0 (36153928)|HEAP_ALLOCATE|[7]|Bytes:7
15:07:56.0 (36201915)|HEAP_ALLOCATE|[7]|Bytes:28
15:07:56.0 (36210769)|HEAP_ALLOCATE|[7]|Bytes:7
15:07:56.0 (36222929)|HEAP_ALLOCATE|[7]|Bytes:28
15:07:56.0 (36228428)|HEAP_ALLOCATE|[7]|Bytes:7
15:07:56.0 (36238689)|HEAP_ALLOCATE|[7]|Bytes:28
15:07:56.0 (36243750)|HEAP_ALLOCATE|[7]|Bytes:7
15:07:56.0 (36253514)|HEAP_ALLOCATE|[7]|Bytes:28
15:07:56.0 (36258446)|HEAP_ALLOCATE|[7]|Bytes:7
15:07:56.0 (36267886)|HEAP_ALLOCATE|[7]|Bytes:28
15:07:56.0 (40121237)|SOQL_EXECUTE_BEGIN|[7]|Aggregations:0|SELECT Name, Id, Owner.FirstName, Owner.LastName, Permanent_Partner_Manager__c, Partner_Manager__c, BillingLatitude, BillingLongitude FROM Account WHERE DISTANCE(BillingAddress, GEOLOCATION(:tmpVar1, :tmpVar2), 'mi') < :tmpVar3 ORDER BY  distance(BillingAddress, geolocation( :tmpVar4, :tmpVar5),'mi') ASC NULLS FIRST
15:07:56.0 (49608505)|SOQL_EXECUTE_END|[7]|Rows:2
15:07:56.0 (49633546)|HEAP_ALLOCATE|[7]|Bytes:12
15:07:56.0 (49665471)|HEAP_ALLOCATE|[7]|Bytes:545
15:07:56.0 (49723357)|HEAP_ALLOCATE|[7]|Bytes:12
15:07:56.0 (49747111)|VARIABLE_SCOPE_BEGIN|[7]|localAccounts|List<Account>|true|false
15:07:56.0 (49832816)|VARIABLE_ASSIGNMENT|[7]|localAccounts|{"s":1,"v":[{"s":2,"v":{"Name":"Pardot","Id":"00136000009QxwuAAC","OwnerId":"00536000001L21qAAC","Permanent_Partner_Ma (8 more) ...":false,"BillingLatitude":33.846941200000000,"BillingLongitude":-84.359523600000000,"Owner":{"s":3,"v":{"FirstName":"David","LastName":"Scruggs","Id":"00536000001L21qAAC"}}}},{"s":4,"v":{"Name":"Coca Cola (HQ)","Id":"00136000008vIeSAAU","OwnerId":"00536000001L21qAAC","Permanent_Partner_Ma (8 more) ...":false,"BillingLatitude":33.770893900000000,"BillingLongitude":-84.398620900000000,"Owner":{"r":3}}}]}|0x7f003045
15:07:56.0 (49849153)|STATEMENT_EXECUTE|[12]
15:07:56.0 (49860707)|HEAP_ALLOCATE|[12]|Bytes:7
15:07:56.0 (50010253)|HEAP_ALLOCATE|[12]|Bytes:1
15:07:56.0 (50030629)|HEAP_ALLOCATE|[12]|Bytes:9
15:07:56.0 (50044900)|HEAP_ALLOCATE|[12]|Bytes:17
15:07:56.0 (50060665)|USER_DEBUG|[12]|DEBUG| Found 2 accounts
15:07:56.0 (50071872)|STATEMENT_EXECUTE|[13]
15:07:56.0 (50087594)|SYSTEM_MODE_EXIT|false
15:07:56.50 (50140877)|CUMULATIVE_LIMIT_USAGE
15:07:56.50 (50140877)|LIMIT_USAGE_FOR_NS|(default)|
  Number of SOQL queries: 1 out of 100
  Number of query rows: 2 out of 50000
  Number of SOSL queries: 0 out of 20
  Number of DML statements: 0 out of 150
  Number of DML rows: 0 out of 10000
  Maximum CPU time: 0 out of 10000
  Maximum heap size: 0 out of 6000000
  Number of callouts: 0 out of 100
  Number of Email Invocations: 0 out of 10
  Number of future calls: 0 out of 50
  Number of queueable jobs added to the queue: 0 out of 50
  Number of Mobile Apex push calls: 0 out of 10

15:07:56.50 (50140877)|CUMULATIVE_LIMIT_USAGE_END

15:07:56.0 (50200336)|CODE_UNIT_FINISHED|AccountGeoExtension.getLocalAccounts
15:07:56.0 (51971483)|EXECUTION_FINISHED
