36.0 APEX_CODE,FINEST;APEX_PROFILING,INFO;CALLOUT,INFO;DB,INFO;SYSTEM,DEBUG;VALIDATION,INFO;VISUALFORCE,INFO;WORKFLOW,INFO
13:12:10.0 (57387)|EXECUTION_STARTED
13:12:10.0 (94600)|CODE_UNIT_STARTED|[EXTERNAL]|01p360000053AMn|BatchLatLongGenerator
13:12:10.0 (1107501)|HEAP_ALLOCATE|[EXTERNAL]|Bytes:77
13:12:10.0 (1127973)|HEAP_ALLOCATE|[EXTERNAL]|Bytes:10
13:12:10.0 (1132026)|HEAP_ALLOCATE|[EXTERNAL]|Bytes:2
13:12:10.0 (1151044)|METHOD_ENTRY|[1]|01p360000053AMn|BatchLatLongGenerator.BatchLatLongGenerator()
13:12:10.0 (1160275)|STATEMENT_EXECUTE|[1]
13:12:10.0 (1169709)|STATEMENT_EXECUTE|[1]
13:12:10.0 (1178409)|METHOD_EXIT|[1]|BatchLatLongGenerator
13:12:10.0 (1184223)|HEAP_ALLOCATE|[EXTERNAL]|Bytes:8
13:12:10.0 (1187139)|HEAP_ALLOCATE|[EXTERNAL]|Bytes:12
13:12:10.0 (1266335)|HEAP_ALLOCATE|[EXTERNAL]|Bytes:44
13:12:10.0 (1280841)|VARIABLE_SCOPE_BEGIN|[15]|this|BatchLatLongGenerator|true|false
13:12:10.0 (1355973)|VARIABLE_ASSIGNMENT|[15]|this|{"query":"Select Id, Name, Bil (115 more) ..."}|0x74f999a9
13:12:10.0 (1362899)|VARIABLE_SCOPE_BEGIN|[15]|BC|Database.BatchableContext|true|false
13:12:10.0 (1498066)|VARIABLE_ASSIGNMENT|[15]|BC|{"childJobId":"70736000006EcucAAC","jobId":"70736000006EcsiAAC"}|0x7ad2bfb1
13:12:10.0 (1505826)|VARIABLE_SCOPE_BEGIN|[15]|scope|List<SObject>|true|false
13:12:10.0 (1525239)|VARIABLE_ASSIGNMENT|[15]|scope|{"s":1,"v":"List of size 10 too large to display"}|0x598fd8d0
13:12:10.0 (1542667)|STATEMENT_EXECUTE|[15]
13:12:10.0 (1963078)|HEAP_ALLOCATE|[50]|Bytes:5
13:12:10.0 (1996763)|HEAP_ALLOCATE|[56]|Bytes:5
13:12:10.0 (2006952)|HEAP_ALLOCATE|[64]|Bytes:7
13:12:10.0 (2077273)|HEAP_ALLOCATE|[17]|Bytes:5
13:12:10.0 (2133046)|HEAP_ALLOCATE|[17]|Bytes:32
13:12:10.0 (2145016)|VARIABLE_SCOPE_BEGIN|[17]|acc|Account|true|false
13:12:10.0 (2173232)|VARIABLE_ASSIGNMENT|[17]|acc|{"s":1,"v":{"Id":"00136000008vIeSAAU","Name":"Coca Cola (HQ)","BillingStreet":"1 Coca Cola Place So (7 more) ...","BillingCity":"Atlanta","BillingState":"GA","BillingCountry":"United States","BillingPostalCode":"30303"}}|0x17e1b8c9
13:12:10.0 (2179569)|STATEMENT_EXECUTE|[17]
13:12:10.0 (2181702)|STATEMENT_EXECUTE|[19]
13:12:10.0 (2187503)|VARIABLE_SCOPE_BEGIN|[19]|address|String|false|false
13:12:10.0 (2192952)|VARIABLE_ASSIGNMENT|[19]|address|""
13:12:10.0 (2240056)|STATEMENT_EXECUTE|[21]
13:12:10.0 (2242686)|STATEMENT_EXECUTE|[22]
13:12:10.0 (2248609)|HEAP_ALLOCATE|[22]|Bytes:1
13:12:10.0 (2271337)|HEAP_ALLOCATE|[22]|Bytes:28
13:12:10.0 (2277061)|HEAP_ALLOCATE|[22]|Bytes:28
13:12:10.0 (2285454)|VARIABLE_ASSIGNMENT|[22]|address|"1 Coca Cola Place So (8 more) ..."
13:12:10.0 (2325747)|STATEMENT_EXECUTE|[24]
13:12:10.0 (2330107)|STATEMENT_EXECUTE|[25]
13:12:10.0 (2344082)|HEAP_ALLOCATE|[25]|Bytes:8
13:12:10.0 (2353120)|HEAP_ALLOCATE|[25]|Bytes:36
13:12:10.0 (2367723)|VARIABLE_ASSIGNMENT|[25]|address|"1 Coca Cola Place So (16 more) ..."
13:12:10.0 (2393608)|STATEMENT_EXECUTE|[27]
13:12:10.0 (2396174)|STATEMENT_EXECUTE|[28]
13:12:10.0 (2404581)|HEAP_ALLOCATE|[28]|Bytes:3
13:12:10.0 (2409688)|HEAP_ALLOCATE|[28]|Bytes:39
13:12:10.0 (2417905)|VARIABLE_ASSIGNMENT|[28]|address|"1 Coca Cola Place So (19 more) ..."
13:12:10.0 (2436089)|STATEMENT_EXECUTE|[30]
13:12:10.0 (2438122)|STATEMENT_EXECUTE|[31]
13:12:10.0 (2445379)|HEAP_ALLOCATE|[31]|Bytes:14
13:12:10.0 (2449926)|HEAP_ALLOCATE|[31]|Bytes:53
13:12:10.0 (2457134)|VARIABLE_ASSIGNMENT|[31]|address|"1 Coca Cola Place So (33 more) ..."
13:12:10.0 (2472855)|STATEMENT_EXECUTE|[33]
13:12:10.0 (2474855)|STATEMENT_EXECUTE|[34]
13:12:10.0 (2482265)|HEAP_ALLOCATE|[34]|Bytes:6
13:12:10.0 (2486895)|HEAP_ALLOCATE|[34]|Bytes:59
13:12:10.0 (2493883)|VARIABLE_ASSIGNMENT|[34]|address|"1 Coca Cola Place So (39 more) ..."
13:12:10.0 (2529776)|STATEMENT_EXECUTE|[37]
13:12:10.0 (2532142)|STATEMENT_EXECUTE|[38]
13:12:10.0 (2566969)|VARIABLE_SCOPE_BEGIN|[38]|req|System.HttpRequest|true|false
13:12:10.0 (2617954)|VARIABLE_ASSIGNMENT|[38]|req|"System.HttpRequest[Endpoint=null, Method=null]"|0x300fbbbd
13:12:10.0 (2623867)|STATEMENT_EXECUTE|[40]
13:12:10.0 (2641746)|HEAP_ALLOCATE|[40]|Bytes:5
13:12:10.0 (2707295)|HEAP_ALLOCATE|[40]|Bytes:15
13:12:10.0 (2717770)|SYSTEM_METHOD_ENTRY|[1]|EncodingUtil.EncodingUtil()
13:12:10.0 (2720971)|STATEMENT_EXECUTE|[1]
13:12:10.0 (2728572)|SYSTEM_METHOD_EXIT|[1]|EncodingUtil
13:12:10.0 (2745331)|METHOD_ENTRY|[40]||System.EncodingUtil.urlEncode(String, String)
13:12:10.0 (2834564)|METHOD_EXIT|[40]||System.EncodingUtil.urlEncode(String, String)
13:12:10.0 (2846342)|VARIABLE_ASSIGNMENT|[40]|address|"1+Coca+Cola+Place+So (49 more) ..."
13:12:10.0 (2850427)|STATEMENT_EXECUTE|[41]
13:12:10.0 (2853990)|HEAP_ALLOCATE|[41]|Bytes:57
13:12:10.0 (2857284)|HEAP_ALLOCATE|[41]|Bytes:12
13:12:10.0 (2867510)|HEAP_ALLOCATE|[41]|Bytes:138
13:12:10.0 (2934575)|STATEMENT_EXECUTE|[42]
13:12:10.0 (2939216)|HEAP_ALLOCATE|[42]|Bytes:3
13:12:10.0 (2969705)|STATEMENT_EXECUTE|[43]
13:12:10.0 (3008627)|VARIABLE_SCOPE_BEGIN|[43]|http|System.Http|true|false
13:12:10.0 (3061463)|VARIABLE_ASSIGNMENT|[43]|http|"System.Http[]"|0x29463d00
13:12:10.0 (3067457)|STATEMENT_EXECUTE|[44]
13:12:10.0 (3074422)|VARIABLE_SCOPE_BEGIN|[44]|res|System.HttpResponse|true|false
13:12:10.0 (3081308)|VARIABLE_ASSIGNMENT|[44]|res|null|
13:12:10.0 (3123580)|HEAP_ALLOCATE|[45]|Bytes:57
13:12:10.0 (3133091)|SYSTEM_METHOD_ENTRY|[1]|Test.Test()
13:12:10.0 (3135793)|STATEMENT_EXECUTE|[1]
13:12:10.0 (3142400)|SYSTEM_METHOD_EXIT|[1]|Test
13:12:10.0 (3153620)|METHOD_ENTRY|[45]||System.Test.isRunningTest()
13:12:10.0 (3187071)|METHOD_EXIT|[45]||System.Test.isRunningTest()
13:12:10.0 (3197470)|STATEMENT_EXECUTE|[45]
13:12:10.0 (3199230)|STATEMENT_EXECUTE|[46]
13:12:10.0 (3281853)|CALLOUT_REQUEST|[46]|System.HttpRequest[Endpoint=https://maps.googleapis.com/maps/api/geocode/xml?address=1+Coca+Cola+Place+Southeast%2CAtlanta%2CGA%2CUnited+States%2C30303%2C&sensor=true, Method=GET]
13:12:10.0 (100842643)|HEAP_ALLOCATE|[EXTERNAL]|Bytes:743
13:12:10.0 (100952475)|CALLOUT_RESPONSE|[46]|System.HttpResponse[Status=OK, StatusCode=200]
13:12:10.0 (100981239)|HEAP_ALLOCATE|[46]|Bytes:314
13:12:10.0 (101082363)|VARIABLE_ASSIGNMENT|[46]|res|"System.HttpResponse[Status=OK, StatusCode=200]"|0x168636f2
13:12:10.0 (101096542)|STATEMENT_EXECUTE|[57]
13:12:10.0 (101275451)|VARIABLE_SCOPE_BEGIN|[57]|doc|dom.Document|true|false
13:12:10.0 (101314474)|VARIABLE_ASSIGNMENT|[57]|doc|"Document[]"|0x28bcf0b
13:12:10.0 (101320408)|STATEMENT_EXECUTE|[59]
13:12:10.0 (101364185)|VARIABLE_SCOPE_BEGIN|[59]|geocodeResponse|dom.XmlNode|true|false
13:12:10.0 (101431680)|VARIABLE_ASSIGNMENT|[59]|geocodeResponse|"XMLNode[ELEMENT,GeocodeResponse,null,null,null,[XMLNode[TEXT,null,null,null,null,null,\n ,], XMLNode[ELEMENT,status,null,null,null,[XMLNode[TEXT,null,null,null,null,null,OVER_QUERY_LIMIT,]],null,], XMLNode[TEXT,null,null,null,null,null,\n ,], XMLNode[ELEMENT,error_message,null,null,null,[XMLNode[TEXT,null,null,null,null,null,You have exceeded your daily request quota for this API. We recommend registering for a key at the Google Developers Console: https://console.developers.google.com/,]],null,], XMLNode[TEXT,null,null,null,null,null,\n,]],null,]"|0x19aedcb6
13:12:10.0 (101442087)|STATEMENT_EXECUTE|[60]
13:12:10.0 (101444494)|STATEMENT_EXECUTE|[62]
13:12:10.0 (101451681)|HEAP_ALLOCATE|[62]|Bytes:6
13:12:10.0 (101508189)|VARIABLE_SCOPE_BEGIN|[62]|result|dom.XmlNode|true|false
13:12:10.0 (101517601)|VARIABLE_ASSIGNMENT|[62]|result|null|
13:12:10.0 (101522126)|STATEMENT_EXECUTE|[63]
13:12:10.0 (101551948)|HEAP_ALLOCATE|[17]|Bytes:5
13:12:10.0 (101617677)|HEAP_ALLOCATE|[17]|Bytes:32
13:12:10.0 (101631735)|VARIABLE_SCOPE_BEGIN|[17]|acc|Account|true|false
13:12:10.0 (101673430)|VARIABLE_ASSIGNMENT|[17]|acc|{"s":1,"v":{"Id":"00136000008NvtnAAC","Name":"Allied Technologies","BillingStreet":"16909 SE Alder St","BillingCity":"Multnomah","BillingState":"OR","BillingCountry":"USA","BillingPostalCode":"97233"}}|0x601d90c9
13:12:10.0 (101679287)|STATEMENT_EXECUTE|[17]
13:12:10.0 (101681109)|STATEMENT_EXECUTE|[19]
13:12:10.0 (101685788)|VARIABLE_SCOPE_BEGIN|[19]|address|String|false|false
13:12:10.0 (101691092)|VARIABLE_ASSIGNMENT|[19]|address|""
13:12:10.0 (101710859)|STATEMENT_EXECUTE|[21]
13:12:10.0 (101712795)|STATEMENT_EXECUTE|[22]
13:12:10.0 (101728545)|HEAP_ALLOCATE|[22]|Bytes:18
13:12:10.0 (101734345)|HEAP_ALLOCATE|[22]|Bytes:18
13:12:10.0 (101740490)|VARIABLE_ASSIGNMENT|[22]|address|"16909 SE Alder St,"
13:12:10.0 (101748113)|STATEMENT_EXECUTE|[24]
13:12:10.0 (101749849)|STATEMENT_EXECUTE|[25]
13:12:10.0 (101755288)|HEAP_ALLOCATE|[25]|Bytes:10
13:12:10.0 (101759192)|HEAP_ALLOCATE|[25]|Bytes:28
13:12:10.0 (101766032)|VARIABLE_ASSIGNMENT|[25]|address|"16909 SE Alder St,Mu (8 more) ..."
13:12:10.0 (101772791)|STATEMENT_EXECUTE|[27]
13:12:10.0 (101774575)|STATEMENT_EXECUTE|[28]
13:12:10.0 (101779731)|HEAP_ALLOCATE|[28]|Bytes:3
13:12:10.0 (101783859)|HEAP_ALLOCATE|[28]|Bytes:31
13:12:10.0 (101790034)|VARIABLE_ASSIGNMENT|[28]|address|"16909 SE Alder St,Mu (11 more) ..."
13:12:10.0 (101796851)|STATEMENT_EXECUTE|[30]
13:12:10.0 (101798550)|STATEMENT_EXECUTE|[31]
13:12:10.0 (101803549)|HEAP_ALLOCATE|[31]|Bytes:4
13:12:10.0 (101807544)|HEAP_ALLOCATE|[31]|Bytes:35
13:12:10.0 (101813438)|VARIABLE_ASSIGNMENT|[31]|address|"16909 SE Alder St,Mu (15 more) ..."
13:12:10.0 (101819703)|STATEMENT_EXECUTE|[33]
13:12:10.0 (101821340)|STATEMENT_EXECUTE|[34]
13:12:10.0 (101826385)|HEAP_ALLOCATE|[34]|Bytes:6
13:12:10.0 (101830187)|HEAP_ALLOCATE|[34]|Bytes:41
13:12:10.0 (101835897)|VARIABLE_ASSIGNMENT|[34]|address|"16909 SE Alder St,Mu (21 more) ..."
13:12:10.0 (101860602)|STATEMENT_EXECUTE|[37]
13:12:10.0 (101862431)|STATEMENT_EXECUTE|[38]
13:12:10.0 (101880396)|VARIABLE_SCOPE_BEGIN|[38]|req|System.HttpRequest|true|false
13:12:10.0 (101921212)|VARIABLE_ASSIGNMENT|[38]|req|"System.HttpRequest[Endpoint=null, Method=null]"|0x478b0b9e
13:12:10.0 (101926868)|STATEMENT_EXECUTE|[40]
13:12:10.0 (101946820)|METHOD_ENTRY|[40]||System.EncodingUtil.urlEncode(String, String)
13:12:10.0 (101994706)|METHOD_EXIT|[40]||System.EncodingUtil.urlEncode(String, String)
13:12:10.0 (102005184)|VARIABLE_ASSIGNMENT|[40]|address|"16909+SE+Alder+St%2C (31 more) ..."
13:12:10.0 (102009678)|STATEMENT_EXECUTE|[41]
13:12:10.0 (102017387)|HEAP_ALLOCATE|[41]|Bytes:120
13:12:10.0 (102037950)|STATEMENT_EXECUTE|[42]
13:12:10.0 (102049429)|STATEMENT_EXECUTE|[43]
13:12:10.0 (102059648)|VARIABLE_SCOPE_BEGIN|[43]|http|System.Http|true|false
13:12:10.0 (102095888)|VARIABLE_ASSIGNMENT|[43]|http|"System.Http[]"|0x7480535d
13:12:10.0 (102100967)|STATEMENT_EXECUTE|[44]
13:12:10.0 (102104199)|VARIABLE_SCOPE_BEGIN|[44]|res|System.HttpResponse|true|false
13:12:10.0 (102109230)|VARIABLE_ASSIGNMENT|[44]|res|null|
13:12:10.0 (102119991)|METHOD_ENTRY|[45]||System.Test.isRunningTest()
13:12:10.0 (102133998)|METHOD_EXIT|[45]||System.Test.isRunningTest()
13:12:10.0 (102140858)|STATEMENT_EXECUTE|[45]
13:12:10.0 (102142428)|STATEMENT_EXECUTE|[46]
13:12:10.0 (104853861)|CALLOUT_REQUEST|[46]|System.HttpRequest[Endpoint=https://maps.googleapis.com/maps/api/geocode/xml?address=16909+SE+Alder+St%2CMultnomah%2COR%2CUSA%2C97233%2C&sensor=true, Method=GET]
13:12:10.0 (119949146)|HEAP_ALLOCATE|[EXTERNAL]|Bytes:743
13:12:10.0 (120008817)|CALLOUT_RESPONSE|[46]|System.HttpResponse[Status=OK, StatusCode=200]
13:12:10.0 (120022899)|HEAP_ALLOCATE|[46]|Bytes:314
13:12:10.0 (120072274)|VARIABLE_ASSIGNMENT|[46]|res|"System.HttpResponse[Status=OK, StatusCode=200]"|0x37164653
13:12:10.0 (120080342)|STATEMENT_EXECUTE|[57]
13:12:10.0 (120163036)|VARIABLE_SCOPE_BEGIN|[57]|doc|dom.Document|true|false
13:12:10.0 (120197348)|VARIABLE_ASSIGNMENT|[57]|doc|"Document[]"|0x6bd7c7f4
13:12:10.0 (120202921)|STATEMENT_EXECUTE|[59]
13:12:10.0 (120223090)|VARIABLE_SCOPE_BEGIN|[59]|geocodeResponse|dom.XmlNode|true|false
13:12:10.0 (120280238)|VARIABLE_ASSIGNMENT|[59]|geocodeResponse|"XMLNode[ELEMENT,GeocodeResponse,null,null,null,[XMLNode[TEXT,null,null,null,null,null,\n ,], XMLNode[ELEMENT,status,null,null,null,[XMLNode[TEXT,null,null,null,null,null,OVER_QUERY_LIMIT,]],null,], XMLNode[TEXT,null,null,null,null,null,\n ,], XMLNode[ELEMENT,error_message,null,null,null,[XMLNode[TEXT,null,null,null,null,null,You have exceeded your daily request quota for this API. We recommend registering for a key at the Google Developers Console: https://console.developers.google.com/,]],null,], XMLNode[TEXT,null,null,null,null,null,\n,]],null,]"|0x7ffa3e19
13:12:10.0 (120288652)|STATEMENT_EXECUTE|[60]
13:12:10.0 (120290577)|STATEMENT_EXECUTE|[62]
13:12:10.0 (120308764)|VARIABLE_SCOPE_BEGIN|[62]|result|dom.XmlNode|true|false
13:12:10.0 (120315506)|VARIABLE_ASSIGNMENT|[62]|result|null|
13:12:10.0 (120319108)|STATEMENT_EXECUTE|[63]
13:12:10.0 (120334756)|HEAP_ALLOCATE|[17]|Bytes:5
13:12:10.0 (120363632)|HEAP_ALLOCATE|[17]|Bytes:32
13:12:10.0 (120377159)|VARIABLE_SCOPE_BEGIN|[17]|acc|Account|true|false
13:12:10.0 (120399629)|VARIABLE_ASSIGNMENT|[17]|acc|{"s":1,"v":{"Id":"00136000008NvtoAAC","Name":"Anaco Limited","BillingStreet":"5628 SE Alder St","BillingCity":"Multnomah","BillingState":"OR","BillingCountry":"USA","BillingPostalCode":"97215"}}|0x2ba05af3
13:12:10.0 (120405022)|STATEMENT_EXECUTE|[17]
13:12:10.0 (120406696)|STATEMENT_EXECUTE|[19]
13:12:10.0 (120410215)|VARIABLE_SCOPE_BEGIN|[19]|address|String|false|false
13:12:10.0 (120414751)|VARIABLE_ASSIGNMENT|[19]|address|""
13:12:10.0 (120425768)|STATEMENT_EXECUTE|[21]
13:12:10.0 (120427436)|STATEMENT_EXECUTE|[22]
13:12:10.0 (120435506)|HEAP_ALLOCATE|[22]|Bytes:17
13:12:10.0 (120440568)|HEAP_ALLOCATE|[22]|Bytes:17
13:12:10.0 (120446549)|VARIABLE_ASSIGNMENT|[22]|address|"5628 SE Alder St,"
13:12:10.0 (120452788)|STATEMENT_EXECUTE|[24]
13:12:10.0 (120454340)|STATEMENT_EXECUTE|[25]
13:12:10.0 (120459429)|HEAP_ALLOCATE|[25]|Bytes:10
13:12:10.0 (120463395)|HEAP_ALLOCATE|[25]|Bytes:27
13:12:10.0 (120469831)|VARIABLE_ASSIGNMENT|[25]|address|"5628 SE Alder St,Mul (7 more) ..."
13:12:10.0 (120475899)|STATEMENT_EXECUTE|[27]
13:12:10.0 (120477649)|STATEMENT_EXECUTE|[28]
13:12:10.0 (120482596)|HEAP_ALLOCATE|[28]|Bytes:3
13:12:10.0 (120486594)|HEAP_ALLOCATE|[28]|Bytes:30
13:12:10.0 (120492504)|VARIABLE_ASSIGNMENT|[28]|address|"5628 SE Alder St,Mul (10 more) ..."
13:12:10.0 (120498072)|STATEMENT_EXECUTE|[30]
13:12:10.0 (120499543)|STATEMENT_EXECUTE|[31]
13:12:10.0 (120504358)|HEAP_ALLOCATE|[31]|Bytes:4
13:12:10.0 (120508271)|HEAP_ALLOCATE|[31]|Bytes:34
13:12:10.0 (120514098)|VARIABLE_ASSIGNMENT|[31]|address|"5628 SE Alder St,Mul (14 more) ..."
13:12:10.0 (120519446)|STATEMENT_EXECUTE|[33]
13:12:10.0 (120520940)|STATEMENT_EXECUTE|[34]
13:12:10.0 (120525832)|HEAP_ALLOCATE|[34]|Bytes:6
13:12:10.0 (120529662)|HEAP_ALLOCATE|[34]|Bytes:40
13:12:10.0 (120535205)|VARIABLE_ASSIGNMENT|[34]|address|"5628 SE Alder St,Mul (20 more) ..."
13:12:10.0 (120547530)|STATEMENT_EXECUTE|[37]
13:12:10.0 (120549356)|STATEMENT_EXECUTE|[38]
13:12:10.0 (120559092)|VARIABLE_SCOPE_BEGIN|[38]|req|System.HttpRequest|true|false
13:12:10.0 (120595573)|VARIABLE_ASSIGNMENT|[38]|req|"System.HttpRequest[Endpoint=null, Method=null]"|0x2e01a50a
13:12:10.0 (120601198)|STATEMENT_EXECUTE|[40]
13:12:10.0 (120613047)|METHOD_ENTRY|[40]||System.EncodingUtil.urlEncode(String, String)
13:12:10.0 (120647084)|METHOD_EXIT|[40]||System.EncodingUtil.urlEncode(String, String)
13:12:10.0 (120656735)|VARIABLE_ASSIGNMENT|[40]|address|"5628+SE+Alder+St%2CM (30 more) ..."
13:12:10.0 (120660269)|STATEMENT_EXECUTE|[41]
13:12:10.0 (120666116)|HEAP_ALLOCATE|[41]|Bytes:119
13:12:10.0 (120683567)|STATEMENT_EXECUTE|[42]
13:12:10.0 (120692625)|STATEMENT_EXECUTE|[43]
13:12:10.0 (120700639)|VARIABLE_SCOPE_BEGIN|[43]|http|System.Http|true|false
13:12:10.0 (120734390)|VARIABLE_ASSIGNMENT|[43]|http|"System.Http[]"|0x5518dcc1
13:12:10.0 (120739267)|STATEMENT_EXECUTE|[44]
13:12:10.0 (120742509)|VARIABLE_SCOPE_BEGIN|[44]|res|System.HttpResponse|true|false
13:12:10.0 (120747417)|VARIABLE_ASSIGNMENT|[44]|res|null|
13:12:10.0 (120755849)|METHOD_ENTRY|[45]||System.Test.isRunningTest()
13:12:10.0 (120767295)|METHOD_EXIT|[45]||System.Test.isRunningTest()
13:12:10.0 (120772876)|STATEMENT_EXECUTE|[45]
13:12:10.0 (120774450)|STATEMENT_EXECUTE|[46]
13:12:10.0 (123525885)|CALLOUT_REQUEST|[46]|System.HttpRequest[Endpoint=https://maps.googleapis.com/maps/api/geocode/xml?address=5628+SE+Alder+St%2CMultnomah%2COR%2CUSA%2C97215%2C&sensor=true, Method=GET]
13:12:10.0 (145609023)|HEAP_ALLOCATE|[EXTERNAL]|Bytes:743
13:12:10.0 (145673940)|CALLOUT_RESPONSE|[46]|System.HttpResponse[Status=OK, StatusCode=200]
13:12:10.0 (145687316)|HEAP_ALLOCATE|[46]|Bytes:314
13:12:10.0 (145739172)|VARIABLE_ASSIGNMENT|[46]|res|"System.HttpResponse[Status=OK, StatusCode=200]"|0x22edfcf
13:12:10.0 (145747439)|STATEMENT_EXECUTE|[57]
13:12:10.0 (145833713)|VARIABLE_SCOPE_BEGIN|[57]|doc|dom.Document|true|false
13:12:10.0 (145867147)|VARIABLE_ASSIGNMENT|[57]|doc|"Document[]"|0x593505af
13:12:10.0 (145872310)|STATEMENT_EXECUTE|[59]
13:12:10.0 (145892114)|VARIABLE_SCOPE_BEGIN|[59]|geocodeResponse|dom.XmlNode|true|false
13:12:10.0 (145949125)|VARIABLE_ASSIGNMENT|[59]|geocodeResponse|"XMLNode[ELEMENT,GeocodeResponse,null,null,null,[XMLNode[TEXT,null,null,null,null,null,\n ,], XMLNode[ELEMENT,status,null,null,null,[XMLNode[TEXT,null,null,null,null,null,OVER_QUERY_LIMIT,]],null,], XMLNode[TEXT,null,null,null,null,null,\n ,], XMLNode[ELEMENT,error_message,null,null,null,[XMLNode[TEXT,null,null,null,null,null,You have exceeded your daily request quota for this API. We recommend registering for a key at the Google Developers Console: https://console.developers.google.com/,]],null,], XMLNode[TEXT,null,null,null,null,null,\n,]],null,]"|0x7a42b91a
13:12:10.0 (145957177)|STATEMENT_EXECUTE|[60]
13:12:10.0 (145959279)|STATEMENT_EXECUTE|[62]
13:12:10.0 (145979761)|VARIABLE_SCOPE_BEGIN|[62]|result|dom.XmlNode|true|false
13:12:10.0 (145989644)|VARIABLE_ASSIGNMENT|[62]|result|null|
13:12:10.0 (145995159)|STATEMENT_EXECUTE|[63]
13:12:10.0 (146018073)|HEAP_ALLOCATE|[17]|Bytes:5
13:12:10.0 (146053321)|HEAP_ALLOCATE|[17]|Bytes:32
13:12:10.0 (146062796)|VARIABLE_SCOPE_BEGIN|[17]|acc|Account|true|false
13:12:10.0 (146088820)|VARIABLE_ASSIGNMENT|[17]|acc|{"s":1,"v":{"Id":"00136000008NvtpAAC","Name":"Associated Supply Co (1 more) ...","BillingStreet":"2056 Laurel Ave","BillingCity":"Jefferson","BillingState":"TX","BillingCountry":"USA","BillingPostalCode":"77701"}}|0x24f2f76d
13:12:10.0 (146094351)|STATEMENT_EXECUTE|[17]
13:12:10.0 (146095985)|STATEMENT_EXECUTE|[19]
13:12:10.0 (146099490)|VARIABLE_SCOPE_BEGIN|[19]|address|String|false|false
13:12:10.0 (146104182)|VARIABLE_ASSIGNMENT|[19]|address|""
13:12:10.0 (146117372)|STATEMENT_EXECUTE|[21]
13:12:10.0 (146119350)|STATEMENT_EXECUTE|[22]
13:12:10.0 (146128286)|HEAP_ALLOCATE|[22]|Bytes:16
13:12:10.0 (146133344)|HEAP_ALLOCATE|[22]|Bytes:16
13:12:10.0 (146139165)|VARIABLE_ASSIGNMENT|[22]|address|"2056 Laurel Ave,"
13:12:10.0 (146146008)|STATEMENT_EXECUTE|[24]
13:12:10.0 (146147682)|STATEMENT_EXECUTE|[25]
13:12:10.0 (146152667)|HEAP_ALLOCATE|[25]|Bytes:10
13:12:10.0 (146156647)|HEAP_ALLOCATE|[25]|Bytes:26
13:12:10.0 (146162742)|VARIABLE_ASSIGNMENT|[25]|address|"2056 Laurel Ave,Jeff (6 more) ..."
13:12:10.0 (146168822)|STATEMENT_EXECUTE|[27]
13:12:10.0 (146170474)|STATEMENT_EXECUTE|[28]
13:12:10.0 (146175468)|HEAP_ALLOCATE|[28]|Bytes:3
13:12:10.0 (146179346)|HEAP_ALLOCATE|[28]|Bytes:29
13:12:10.0 (146185129)|VARIABLE_ASSIGNMENT|[28]|address|"2056 Laurel Ave,Jeff (9 more) ..."
13:12:10.0 (146190522)|STATEMENT_EXECUTE|[30]
13:12:10.0 (146191992)|STATEMENT_EXECUTE|[31]
13:12:10.0 (146196948)|HEAP_ALLOCATE|[31]|Bytes:4
13:12:10.0 (146200862)|HEAP_ALLOCATE|[31]|Bytes:33
13:12:10.0 (146206663)|VARIABLE_ASSIGNMENT|[31]|address|"2056 Laurel Ave,Jeff (13 more) ..."
13:12:10.0 (146212389)|STATEMENT_EXECUTE|[33]
13:12:10.0 (146213912)|STATEMENT_EXECUTE|[34]
13:12:10.0 (146218843)|HEAP_ALLOCATE|[34]|Bytes:6
13:12:10.0 (146222730)|HEAP_ALLOCATE|[34]|Bytes:39
13:12:10.0 (146228495)|VARIABLE_ASSIGNMENT|[34]|address|"2056 Laurel Ave,Jeff (19 more) ..."
13:12:10.0 (146242760)|STATEMENT_EXECUTE|[37]
13:12:10.0 (146244565)|STATEMENT_EXECUTE|[38]
13:12:10.0 (146254879)|VARIABLE_SCOPE_BEGIN|[38]|req|System.HttpRequest|true|false
13:12:10.0 (146290773)|VARIABLE_ASSIGNMENT|[38]|req|"System.HttpRequest[Endpoint=null, Method=null]"|0x50d6949b
13:12:10.0 (146296308)|STATEMENT_EXECUTE|[40]
13:12:10.0 (146308680)|METHOD_ENTRY|[40]||System.EncodingUtil.urlEncode(String, String)
13:12:10.0 (146343643)|METHOD_EXIT|[40]||System.EncodingUtil.urlEncode(String, String)
13:12:10.0 (146353538)|VARIABLE_ASSIGNMENT|[40]|address|"2056+Laurel+Ave%2CJe (29 more) ..."
13:12:10.0 (146357238)|STATEMENT_EXECUTE|[41]
13:12:10.0 (146363602)|HEAP_ALLOCATE|[41]|Bytes:118
13:12:10.0 (146387081)|STATEMENT_EXECUTE|[42]
13:12:10.0 (146396803)|STATEMENT_EXECUTE|[43]
13:12:10.0 (146405124)|VARIABLE_SCOPE_BEGIN|[43]|http|System.Http|true|false
13:12:10.0 (146438874)|VARIABLE_ASSIGNMENT|[43]|http|"System.Http[]"|0x4eda0c07
13:12:10.0 (146444092)|STATEMENT_EXECUTE|[44]
13:12:10.0 (146447603)|VARIABLE_SCOPE_BEGIN|[44]|res|System.HttpResponse|true|false
13:12:10.0 (146452433)|VARIABLE_ASSIGNMENT|[44]|res|null|
13:12:10.0 (146460948)|METHOD_ENTRY|[45]||System.Test.isRunningTest()
13:12:10.0 (146472173)|METHOD_EXIT|[45]||System.Test.isRunningTest()
13:12:10.0 (146477819)|STATEMENT_EXECUTE|[45]
13:12:10.0 (146479411)|STATEMENT_EXECUTE|[46]
13:12:10.0 (148513538)|CALLOUT_REQUEST|[46]|System.HttpRequest[Endpoint=https://maps.googleapis.com/maps/api/geocode/xml?address=2056+Laurel+Ave%2CJefferson%2CTX%2CUSA%2C77701%2C&sensor=true, Method=GET]
13:12:10.0 (163465572)|HEAP_ALLOCATE|[EXTERNAL]|Bytes:743
13:12:10.0 (163523865)|CALLOUT_RESPONSE|[46]|System.HttpResponse[Status=OK, StatusCode=200]
13:12:10.0 (163536539)|HEAP_ALLOCATE|[46]|Bytes:314
13:12:10.0 (163585869)|VARIABLE_ASSIGNMENT|[46]|res|"System.HttpResponse[Status=OK, StatusCode=200]"|0x7c173f8d
13:12:10.0 (163592958)|STATEMENT_EXECUTE|[57]
13:12:10.0 (163677487)|VARIABLE_SCOPE_BEGIN|[57]|doc|dom.Document|true|false
13:12:10.0 (163710489)|VARIABLE_ASSIGNMENT|[57]|doc|"Document[]"|0x1d1d49c7
13:12:10.0 (163715582)|STATEMENT_EXECUTE|[59]
13:12:10.0 (163735189)|VARIABLE_SCOPE_BEGIN|[59]|geocodeResponse|dom.XmlNode|true|false
13:12:10.0 (163791908)|VARIABLE_ASSIGNMENT|[59]|geocodeResponse|"XMLNode[ELEMENT,GeocodeResponse,null,null,null,[XMLNode[TEXT,null,null,null,null,null,\n ,], XMLNode[ELEMENT,status,null,null,null,[XMLNode[TEXT,null,null,null,null,null,OVER_QUERY_LIMIT,]],null,], XMLNode[TEXT,null,null,null,null,null,\n ,], XMLNode[ELEMENT,error_message,null,null,null,[XMLNode[TEXT,null,null,null,null,null,You have exceeded your daily request quota for this API. We recommend registering for a key at the Google Developers Console: https://console.developers.google.com/,]],null,], XMLNode[TEXT,null,null,null,null,null,\n,]],null,]"|0x490af8b
13:12:10.0 (163800097)|STATEMENT_EXECUTE|[60]
13:12:10.0 (163801976)|STATEMENT_EXECUTE|[62]
13:12:10.0 (163819481)|VARIABLE_SCOPE_BEGIN|[62]|result|dom.XmlNode|true|false
13:12:10.0 (163826302)|VARIABLE_ASSIGNMENT|[62]|result|null|
13:12:10.0 (163829538)|STATEMENT_EXECUTE|[63]
13:12:10.0 (163845988)|HEAP_ALLOCATE|[17]|Bytes:5
13:12:10.0 (163876785)|HEAP_ALLOCATE|[17]|Bytes:40
13:12:10.0 (163885959)|VARIABLE_SCOPE_BEGIN|[17]|acc|Account|true|false
13:12:10.0 (163917133)|VARIABLE_ASSIGNMENT|[17]|acc|{"s":1,"v":{"Id":"00136000008NvtqAAC","Name":"Benjamin Young","BillingLatitude":29.752896,"BillingLongitude":-95.631011,"BillingStreet":"13715 Lakeshore Way  (2 more) ...","BillingCity":"Houston","BillingState":"TX","BillingCountry":"USA","BillingPostalCode":"77077"}}|0x61c8557b
13:12:10.0 (163922954)|STATEMENT_EXECUTE|[17]
13:12:10.0 (163924640)|STATEMENT_EXECUTE|[19]
13:12:10.0 (163928181)|VARIABLE_SCOPE_BEGIN|[19]|address|String|false|false
13:12:10.0 (163932716)|VARIABLE_ASSIGNMENT|[19]|address|""
13:12:10.0 (163945272)|STATEMENT_EXECUTE|[21]
13:12:10.0 (163947126)|STATEMENT_EXECUTE|[22]
13:12:10.0 (163955746)|HEAP_ALLOCATE|[22]|Bytes:23
13:12:10.0 (163960795)|HEAP_ALLOCATE|[22]|Bytes:23
13:12:10.0 (163967517)|VARIABLE_ASSIGNMENT|[22]|address|"13715 Lakeshore Way  (3 more) ..."
13:12:10.0 (163973984)|STATEMENT_EXECUTE|[24]
13:12:10.0 (163975488)|STATEMENT_EXECUTE|[25]
13:12:10.0 (163980566)|HEAP_ALLOCATE|[25]|Bytes:8
13:12:10.0 (163984581)|HEAP_ALLOCATE|[25]|Bytes:31
13:12:10.0 (163990562)|VARIABLE_ASSIGNMENT|[25]|address|"13715 Lakeshore Way  (11 more) ..."
13:12:10.0 (163996980)|STATEMENT_EXECUTE|[27]
13:12:10.0 (163998580)|STATEMENT_EXECUTE|[28]
13:12:10.0 (164003525)|HEAP_ALLOCATE|[28]|Bytes:3
13:12:10.0 (164008462)|HEAP_ALLOCATE|[28]|Bytes:34
13:12:10.0 (164014365)|VARIABLE_ASSIGNMENT|[28]|address|"13715 Lakeshore Way  (14 more) ..."
13:12:10.0 (164019875)|STATEMENT_EXECUTE|[30]
13:12:10.0 (164021429)|STATEMENT_EXECUTE|[31]
13:12:10.0 (164026227)|HEAP_ALLOCATE|[31]|Bytes:4
13:12:10.0 (164030136)|HEAP_ALLOCATE|[31]|Bytes:38
13:12:10.0 (164035633)|VARIABLE_ASSIGNMENT|[31]|address|"13715 Lakeshore Way  (18 more) ..."
13:12:10.0 (164040782)|STATEMENT_EXECUTE|[33]
13:12:10.0 (164042340)|STATEMENT_EXECUTE|[34]
13:12:10.0 (164047041)|HEAP_ALLOCATE|[34]|Bytes:6
13:12:10.0 (164050887)|HEAP_ALLOCATE|[34]|Bytes:44
13:12:10.0 (164056422)|VARIABLE_ASSIGNMENT|[34]|address|"13715 Lakeshore Way  (24 more) ..."
13:12:10.0 (164069627)|STATEMENT_EXECUTE|[37]
13:12:10.0 (164071325)|STATEMENT_EXECUTE|[38]
13:12:10.0 (164081304)|VARIABLE_SCOPE_BEGIN|[38]|req|System.HttpRequest|true|false
13:12:10.0 (164117540)|VARIABLE_ASSIGNMENT|[38]|req|"System.HttpRequest[Endpoint=null, Method=null]"|0x2466f598
13:12:10.0 (164122918)|STATEMENT_EXECUTE|[40]
13:12:10.0 (164134232)|METHOD_ENTRY|[40]||System.EncodingUtil.urlEncode(String, String)
13:12:10.0 (164167981)|METHOD_EXIT|[40]||System.EncodingUtil.urlEncode(String, String)
13:12:10.0 (164177529)|VARIABLE_ASSIGNMENT|[40]|address|"13715+Lakeshore+Way+ (34 more) ..."
13:12:10.0 (164180970)|STATEMENT_EXECUTE|[41]
13:12:10.0 (164186764)|HEAP_ALLOCATE|[41]|Bytes:123
13:12:10.0 (164203745)|STATEMENT_EXECUTE|[42]
13:12:10.0 (164212453)|STATEMENT_EXECUTE|[43]
13:12:10.0 (164220414)|VARIABLE_SCOPE_BEGIN|[43]|http|System.Http|true|false
13:12:10.0 (164253269)|VARIABLE_ASSIGNMENT|[43]|http|"System.Http[]"|0x522fc2b6
13:12:10.0 (164258197)|STATEMENT_EXECUTE|[44]
13:12:10.0 (164261426)|VARIABLE_SCOPE_BEGIN|[44]|res|System.HttpResponse|true|false
13:12:10.0 (164266322)|VARIABLE_ASSIGNMENT|[44]|res|null|
13:12:10.0 (164274996)|METHOD_ENTRY|[45]||System.Test.isRunningTest()
13:12:10.0 (164286065)|METHOD_EXIT|[45]||System.Test.isRunningTest()
13:12:10.0 (164293148)|STATEMENT_EXECUTE|[45]
13:12:10.0 (164295826)|STATEMENT_EXECUTE|[46]
13:12:10.0 (166347542)|CALLOUT_REQUEST|[46]|System.HttpRequest[Endpoint=https://maps.googleapis.com/maps/api/geocode/xml?address=13715+Lakeshore+Way+Cv%2CHouston%2CTX%2CUSA%2C77077%2C&sensor=true, Method=GET]
13:12:10.0 (181163705)|HEAP_ALLOCATE|[EXTERNAL]|Bytes:743
13:12:10.0 (181218916)|CALLOUT_RESPONSE|[46]|System.HttpResponse[Status=OK, StatusCode=200]
13:12:10.0 (181231352)|HEAP_ALLOCATE|[46]|Bytes:314
13:12:10.0 (181279850)|VARIABLE_ASSIGNMENT|[46]|res|"System.HttpResponse[Status=OK, StatusCode=200]"|0x750eca3a
13:12:10.0 (181291791)|STATEMENT_EXECUTE|[57]
13:12:10.0 (181370601)|VARIABLE_SCOPE_BEGIN|[57]|doc|dom.Document|true|false
13:12:10.0 (181404248)|VARIABLE_ASSIGNMENT|[57]|doc|"Document[]"|0x1b17cf50
13:12:10.0 (181409784)|STATEMENT_EXECUTE|[59]
13:12:10.0 (181429002)|VARIABLE_SCOPE_BEGIN|[59]|geocodeResponse|dom.XmlNode|true|false
13:12:10.0 (181486071)|VARIABLE_ASSIGNMENT|[59]|geocodeResponse|"XMLNode[ELEMENT,GeocodeResponse,null,null,null,[XMLNode[TEXT,null,null,null,null,null,\n ,], XMLNode[ELEMENT,status,null,null,null,[XMLNode[TEXT,null,null,null,null,null,OVER_QUERY_LIMIT,]],null,], XMLNode[TEXT,null,null,null,null,null,\n ,], XMLNode[ELEMENT,error_message,null,null,null,[XMLNode[TEXT,null,null,null,null,null,You have exceeded your daily request quota for this API. We recommend registering for a key at the Google Developers Console: https://console.developers.google.com/,]],null,], XMLNode[TEXT,null,null,null,null,null,\n,]],null,]"|0x30877840
13:12:10.0 (181494409)|STATEMENT_EXECUTE|[60]
13:12:10.0 (181496352)|STATEMENT_EXECUTE|[62]
13:12:10.0 (181514236)|VARIABLE_SCOPE_BEGIN|[62]|result|dom.XmlNode|true|false
13:12:10.0 (181520965)|VARIABLE_ASSIGNMENT|[62]|result|null|
13:12:10.0 (181524387)|STATEMENT_EXECUTE|[63]
13:12:10.0 (181539683)|HEAP_ALLOCATE|[17]|Bytes:5
13:12:10.0 (181567653)|HEAP_ALLOCATE|[17]|Bytes:32
13:12:10.0 (181576485)|VARIABLE_SCOPE_BEGIN|[17]|acc|Account|true|false
13:12:10.0 (181598228)|VARIABLE_ASSIGNMENT|[17]|acc|{"s":1,"v":{"Id":"00136000008NvtrAAC","Name":"Best Purchase Inc.","BillingStreet":"3401 Walnut Street","BillingCity":"Philadelphia","BillingState":"PA","BillingCountry":"USA","BillingPostalCode":"19104"}}|0x50dcbb8
13:12:10.0 (181603399)|STATEMENT_EXECUTE|[17]
13:12:10.0 (181605138)|STATEMENT_EXECUTE|[19]
13:12:10.0 (181608419)|VARIABLE_SCOPE_BEGIN|[19]|address|String|false|false
13:12:10.0 (181613006)|VARIABLE_ASSIGNMENT|[19]|address|""
13:12:10.0 (181624168)|STATEMENT_EXECUTE|[21]
13:12:10.0 (181626376)|STATEMENT_EXECUTE|[22]
13:12:10.0 (181634755)|HEAP_ALLOCATE|[22]|Bytes:19
13:12:10.0 (181640112)|HEAP_ALLOCATE|[22]|Bytes:19
13:12:10.0 (181646294)|VARIABLE_ASSIGNMENT|[22]|address|"3401 Walnut Street,"
13:12:10.0 (181652680)|STATEMENT_EXECUTE|[24]
13:12:10.0 (181654215)|STATEMENT_EXECUTE|[25]
13:12:10.0 (181659244)|HEAP_ALLOCATE|[25]|Bytes:13
13:12:10.0 (181663218)|HEAP_ALLOCATE|[25]|Bytes:32
13:12:10.0 (181669484)|VARIABLE_ASSIGNMENT|[25]|address|"3401 Walnut Street,P (12 more) ..."
13:12:10.0 (181675405)|STATEMENT_EXECUTE|[27]
13:12:10.0 (181676929)|STATEMENT_EXECUTE|[28]
13:12:10.0 (181681816)|HEAP_ALLOCATE|[28]|Bytes:3
13:12:10.0 (181685887)|HEAP_ALLOCATE|[28]|Bytes:35
13:12:10.0 (181691788)|VARIABLE_ASSIGNMENT|[28]|address|"3401 Walnut Street,P (15 more) ..."
13:12:10.0 (181697241)|STATEMENT_EXECUTE|[30]
13:12:10.0 (181698734)|STATEMENT_EXECUTE|[31]
13:12:10.0 (181703578)|HEAP_ALLOCATE|[31]|Bytes:4
13:12:10.0 (181707510)|HEAP_ALLOCATE|[31]|Bytes:39
13:12:10.0 (181713389)|VARIABLE_ASSIGNMENT|[31]|address|"3401 Walnut Street,P (19 more) ..."
13:12:10.0 (181718912)|STATEMENT_EXECUTE|[33]
13:12:10.0 (181720526)|STATEMENT_EXECUTE|[34]
13:12:10.0 (181725431)|HEAP_ALLOCATE|[34]|Bytes:6
13:12:10.0 (181729289)|HEAP_ALLOCATE|[34]|Bytes:45
13:12:10.0 (181734922)|VARIABLE_ASSIGNMENT|[34]|address|"3401 Walnut Street,P (25 more) ..."
13:12:10.0 (181746023)|STATEMENT_EXECUTE|[37]
13:12:10.0 (181747750)|STATEMENT_EXECUTE|[38]
13:12:10.0 (181757863)|VARIABLE_SCOPE_BEGIN|[38]|req|System.HttpRequest|true|false
13:12:10.0 (181794024)|VARIABLE_ASSIGNMENT|[38]|req|"System.HttpRequest[Endpoint=null, Method=null]"|0x6518e39
13:12:10.0 (181799433)|STATEMENT_EXECUTE|[40]
13:12:10.0 (181810272)|METHOD_ENTRY|[40]||System.EncodingUtil.urlEncode(String, String)
13:12:10.0 (181843841)|METHOD_EXIT|[40]||System.EncodingUtil.urlEncode(String, String)
13:12:10.0 (181853512)|VARIABLE_ASSIGNMENT|[40]|address|"3401+Walnut+Street%2 (35 more) ..."
13:12:10.0 (181857138)|STATEMENT_EXECUTE|[41]
13:12:10.0 (181862826)|HEAP_ALLOCATE|[41]|Bytes:124
13:12:10.0 (181880609)|STATEMENT_EXECUTE|[42]
13:12:10.0 (181889266)|STATEMENT_EXECUTE|[43]
13:12:10.0 (181897178)|VARIABLE_SCOPE_BEGIN|[43]|http|System.Http|true|false
13:12:10.0 (181931025)|VARIABLE_ASSIGNMENT|[43]|http|"System.Http[]"|0x285785a7
13:12:10.0 (181936084)|STATEMENT_EXECUTE|[44]
13:12:10.0 (181939259)|VARIABLE_SCOPE_BEGIN|[44]|res|System.HttpResponse|true|false
13:12:10.0 (181944275)|VARIABLE_ASSIGNMENT|[44]|res|null|
13:12:10.0 (181952206)|METHOD_ENTRY|[45]||System.Test.isRunningTest()
13:12:10.0 (181962894)|METHOD_EXIT|[45]||System.Test.isRunningTest()
13:12:10.0 (181968466)|STATEMENT_EXECUTE|[45]
13:12:10.0 (181970077)|STATEMENT_EXECUTE|[46]
13:12:10.0 (184143076)|CALLOUT_REQUEST|[46]|System.HttpRequest[Endpoint=https://maps.googleapis.com/maps/api/geocode/xml?address=3401+Walnut+Street%2CPhiladelphia%2CPA%2CUSA%2C19104%2C&sensor=true, Method=GET]
13:12:10.0 (205961257)|HEAP_ALLOCATE|[EXTERNAL]|Bytes:743
13:12:10.0 (206031429)|CALLOUT_RESPONSE|[46]|System.HttpResponse[Status=OK, StatusCode=200]
13:12:10.0 (206052129)|HEAP_ALLOCATE|[46]|Bytes:314
13:12:10.0 (206127085)|VARIABLE_ASSIGNMENT|[46]|res|"System.HttpResponse[Status=OK, StatusCode=200]"|0x31c6fa0a
13:12:10.0 (206139534)|STATEMENT_EXECUTE|[57]
13:12:10.0 (206247282)|VARIABLE_SCOPE_BEGIN|[57]|doc|dom.Document|true|false
13:12:10.0 (206282247)|VARIABLE_ASSIGNMENT|[57]|doc|"Document[]"|0x566500d2
13:12:10.0 (206292663)|STATEMENT_EXECUTE|[59]
13:12:10.0 (206315095)|VARIABLE_SCOPE_BEGIN|[59]|geocodeResponse|dom.XmlNode|true|false
13:12:10.0 (206374341)|VARIABLE_ASSIGNMENT|[59]|geocodeResponse|"XMLNode[ELEMENT,GeocodeResponse,null,null,null,[XMLNode[TEXT,null,null,null,null,null,\n ,], XMLNode[ELEMENT,status,null,null,null,[XMLNode[TEXT,null,null,null,null,null,OVER_QUERY_LIMIT,]],null,], XMLNode[TEXT,null,null,null,null,null,\n ,], XMLNode[ELEMENT,error_message,null,null,null,[XMLNode[TEXT,null,null,null,null,null,You have exceeded your daily request quota for this API. We recommend registering for a key at the Google Developers Console: https://console.developers.google.com/,]],null,], XMLNode[TEXT,null,null,null,null,null,\n,]],null,]"|0xae15586
13:12:10.0 (206383258)|STATEMENT_EXECUTE|[60]
13:12:10.0 (206385137)|STATEMENT_EXECUTE|[62]
13:12:10.0 (206405748)|VARIABLE_SCOPE_BEGIN|[62]|result|dom.XmlNode|true|false
13:12:10.0 (206412568)|VARIABLE_ASSIGNMENT|[62]|result|null|
13:12:10.0 (206416170)|STATEMENT_EXECUTE|[63]
13:12:10.0 (206439062)|HEAP_ALLOCATE|[17]|Bytes:5
13:12:10.0 (206482690)|HEAP_ALLOCATE|[17]|Bytes:32
13:12:10.0 (206493630)|VARIABLE_SCOPE_BEGIN|[17]|acc|Account|true|false
13:12:10.0 (206522026)|VARIABLE_ASSIGNMENT|[17]|acc|{"s":1,"v":{"Id":"00136000008NvtsAAC","Name":"Big Sky & Sons","BillingStreet":"6039 E Northwest Hwy","BillingCity":"Dallas","BillingState":"TX","BillingCountry":"USA","BillingPostalCode":"75225"}}|0x133ac108
13:12:10.0 (206527641)|STATEMENT_EXECUTE|[17]
13:12:10.0 (206529351)|STATEMENT_EXECUTE|[19]
13:12:10.0 (206533502)|VARIABLE_SCOPE_BEGIN|[19]|address|String|false|false
13:12:10.0 (206538507)|VARIABLE_ASSIGNMENT|[19]|address|""
13:12:10.0 (206554683)|STATEMENT_EXECUTE|[21]
13:12:10.0 (206556673)|STATEMENT_EXECUTE|[22]
13:12:10.0 (206568560)|HEAP_ALLOCATE|[22]|Bytes:21
13:12:10.0 (206573834)|HEAP_ALLOCATE|[22]|Bytes:21
13:12:10.0 (206581063)|VARIABLE_ASSIGNMENT|[22]|address|"6039 E Northwest Hwy (1 more) ..."
13:12:10.0 (206587704)|STATEMENT_EXECUTE|[24]
13:12:10.0 (206589230)|STATEMENT_EXECUTE|[25]
13:12:10.0 (206594468)|HEAP_ALLOCATE|[25]|Bytes:7
13:12:10.0 (206598632)|HEAP_ALLOCATE|[25]|Bytes:28
13:12:10.0 (206604260)|VARIABLE_ASSIGNMENT|[25]|address|"6039 E Northwest Hwy (8 more) ..."
13:12:10.0 (206610350)|STATEMENT_EXECUTE|[27]
13:12:10.0 (206612037)|STATEMENT_EXECUTE|[28]
13:12:10.0 (206616854)|HEAP_ALLOCATE|[28]|Bytes:3
13:12:10.0 (206620731)|HEAP_ALLOCATE|[28]|Bytes:31
13:12:10.0 (206626562)|VARIABLE_ASSIGNMENT|[28]|address|"6039 E Northwest Hwy (11 more) ..."
13:12:10.0 (206632691)|STATEMENT_EXECUTE|[30]
13:12:10.0 (206634296)|STATEMENT_EXECUTE|[31]
13:12:10.0 (206639234)|HEAP_ALLOCATE|[31]|Bytes:4
13:12:10.0 (206643062)|HEAP_ALLOCATE|[31]|Bytes:35
13:12:10.0 (206648634)|VARIABLE_ASSIGNMENT|[31]|address|"6039 E Northwest Hwy (15 more) ..."
13:12:10.0 (206654132)|STATEMENT_EXECUTE|[33]
13:12:10.0 (206655715)|STATEMENT_EXECUTE|[34]
13:12:10.0 (206660546)|HEAP_ALLOCATE|[34]|Bytes:6
13:12:10.0 (206664391)|HEAP_ALLOCATE|[34]|Bytes:41
13:12:10.0 (206669960)|VARIABLE_ASSIGNMENT|[34]|address|"6039 E Northwest Hwy (21 more) ..."
13:12:10.0 (206688701)|STATEMENT_EXECUTE|[37]
13:12:10.0 (206690556)|STATEMENT_EXECUTE|[38]
13:12:10.0 (206703270)|VARIABLE_SCOPE_BEGIN|[38]|req|System.HttpRequest|true|false
13:12:10.0 (206740682)|VARIABLE_ASSIGNMENT|[38]|req|"System.HttpRequest[Endpoint=null, Method=null]"|0x15aa7fcf
13:12:10.0 (206745999)|STATEMENT_EXECUTE|[40]
13:12:10.0 (206761067)|METHOD_ENTRY|[40]||System.EncodingUtil.urlEncode(String, String)
13:12:10.0 (206801564)|METHOD_EXIT|[40]||System.EncodingUtil.urlEncode(String, String)
13:12:10.0 (206811432)|VARIABLE_ASSIGNMENT|[40]|address|"6039+E+Northwest+Hwy (31 more) ..."
13:12:10.0 (206814984)|STATEMENT_EXECUTE|[41]
13:12:10.0 (206822280)|HEAP_ALLOCATE|[41]|Bytes:120
13:12:10.0 (206840619)|STATEMENT_EXECUTE|[42]
13:12:10.0 (206850879)|STATEMENT_EXECUTE|[43]
13:12:10.0 (206859938)|VARIABLE_SCOPE_BEGIN|[43]|http|System.Http|true|false
13:12:10.0 (206893194)|VARIABLE_ASSIGNMENT|[43]|http|"System.Http[]"|0x6b7abbbd
13:12:10.0 (206898147)|STATEMENT_EXECUTE|[44]
13:12:10.0 (206901325)|VARIABLE_SCOPE_BEGIN|[44]|res|System.HttpResponse|true|false
13:12:10.0 (206906279)|VARIABLE_ASSIGNMENT|[44]|res|null|
13:12:10.0 (206915751)|METHOD_ENTRY|[45]||System.Test.isRunningTest()
13:12:10.0 (206928020)|METHOD_EXIT|[45]||System.Test.isRunningTest()
13:12:10.0 (206934510)|STATEMENT_EXECUTE|[45]
13:12:10.0 (206936065)|STATEMENT_EXECUTE|[46]
13:12:10.0 (209116994)|CALLOUT_REQUEST|[46]|System.HttpRequest[Endpoint=https://maps.googleapis.com/maps/api/geocode/xml?address=6039+E+Northwest+Hwy%2CDallas%2CTX%2CUSA%2C75225%2C&sensor=true, Method=GET]
13:12:10.0 (226403164)|HEAP_ALLOCATE|[EXTERNAL]|Bytes:743
13:12:10.0 (226471442)|CALLOUT_RESPONSE|[46]|System.HttpResponse[Status=OK, StatusCode=200]
13:12:10.0 (226490498)|HEAP_ALLOCATE|[46]|Bytes:314
13:12:10.0 (226556042)|VARIABLE_ASSIGNMENT|[46]|res|"System.HttpResponse[Status=OK, StatusCode=200]"|0x4c290803
13:12:10.0 (226565568)|STATEMENT_EXECUTE|[57]
13:12:10.0 (226673586)|VARIABLE_SCOPE_BEGIN|[57]|doc|dom.Document|true|false
13:12:10.0 (226709275)|VARIABLE_ASSIGNMENT|[57]|doc|"Document[]"|0x73e6bd41
13:12:10.0 (226714793)|STATEMENT_EXECUTE|[59]
13:12:10.0 (226737224)|VARIABLE_SCOPE_BEGIN|[59]|geocodeResponse|dom.XmlNode|true|false
13:12:10.0 (226796795)|VARIABLE_ASSIGNMENT|[59]|geocodeResponse|"XMLNode[ELEMENT,GeocodeResponse,null,null,null,[XMLNode[TEXT,null,null,null,null,null,\n ,], XMLNode[ELEMENT,status,null,null,null,[XMLNode[TEXT,null,null,null,null,null,OVER_QUERY_LIMIT,]],null,], XMLNode[TEXT,null,null,null,null,null,\n ,], XMLNode[ELEMENT,error_message,null,null,null,[XMLNode[TEXT,null,null,null,null,null,You have exceeded your daily request quota for this API. We recommend registering for a key at the Google Developers Console: https://console.developers.google.com/,]],null,], XMLNode[TEXT,null,null,null,null,null,\n,]],null,]"|0x34e31b29
13:12:10.0 (226805833)|STATEMENT_EXECUTE|[60]
13:12:10.0 (226807620)|STATEMENT_EXECUTE|[62]
13:12:10.0 (226828333)|VARIABLE_SCOPE_BEGIN|[62]|result|dom.XmlNode|true|false
13:12:10.0 (226835496)|VARIABLE_ASSIGNMENT|[62]|result|null|
13:12:10.0 (226839030)|STATEMENT_EXECUTE|[63]
13:12:10.0 (226860675)|HEAP_ALLOCATE|[17]|Bytes:5
13:12:10.0 (226898910)|HEAP_ALLOCATE|[17]|Bytes:32
13:12:10.0 (226910655)|VARIABLE_SCOPE_BEGIN|[17]|acc|Account|true|false
13:12:10.0 (226937389)|VARIABLE_ASSIGNMENT|[17]|acc|{"s":1,"v":{"Id":"00136000008NvttAAC","Name":"Bob Warkentine","BillingStreet":"828 7th Ave # 11F","BillingCity":"New York","BillingState":"NY","BillingCountry":"USA","BillingPostalCode":"10019"}}|0x41bbb930
13:12:10.0 (226942518)|STATEMENT_EXECUTE|[17]
13:12:10.0 (226944184)|STATEMENT_EXECUTE|[19]
13:12:10.0 (226947759)|VARIABLE_SCOPE_BEGIN|[19]|address|String|false|false
13:12:10.0 (226952619)|VARIABLE_ASSIGNMENT|[19]|address|""
13:12:10.0 (226966735)|STATEMENT_EXECUTE|[21]
13:12:10.0 (226968896)|STATEMENT_EXECUTE|[22]
13:12:10.0 (226980136)|HEAP_ALLOCATE|[22]|Bytes:18
13:12:10.0 (226985820)|HEAP_ALLOCATE|[22]|Bytes:18
13:12:10.0 (226991662)|VARIABLE_ASSIGNMENT|[22]|address|"828 7th Ave # 11F,"
13:12:10.0 (226998098)|STATEMENT_EXECUTE|[24]
13:12:10.0 (226999605)|STATEMENT_EXECUTE|[25]
13:12:10.0 (227004855)|HEAP_ALLOCATE|[25]|Bytes:9
13:12:10.0 (227009759)|HEAP_ALLOCATE|[25]|Bytes:27
13:12:10.0 (227016366)|VARIABLE_ASSIGNMENT|[25]|address|"828 7th Ave # 11F,Ne (7 more) ..."
13:12:10.0 (227022479)|STATEMENT_EXECUTE|[27]
13:12:10.0 (227024067)|STATEMENT_EXECUTE|[28]
13:12:10.0 (227028868)|HEAP_ALLOCATE|[28]|Bytes:3
13:12:10.0 (227032804)|HEAP_ALLOCATE|[28]|Bytes:30
13:12:10.0 (227038745)|VARIABLE_ASSIGNMENT|[28]|address|"828 7th Ave # 11F,Ne (10 more) ..."
13:12:10.0 (227044790)|STATEMENT_EXECUTE|[30]
13:12:10.0 (227046384)|STATEMENT_EXECUTE|[31]
13:12:10.0 (227051515)|HEAP_ALLOCATE|[31]|Bytes:4
13:12:10.0 (227055563)|HEAP_ALLOCATE|[31]|Bytes:34
13:12:10.0 (227061306)|VARIABLE_ASSIGNMENT|[31]|address|"828 7th Ave # 11F,Ne (14 more) ..."
13:12:10.0 (227067385)|STATEMENT_EXECUTE|[33]
13:12:10.0 (227069005)|STATEMENT_EXECUTE|[34]
13:12:10.0 (227073950)|HEAP_ALLOCATE|[34]|Bytes:6
13:12:10.0 (227078017)|HEAP_ALLOCATE|[34]|Bytes:40
13:12:10.0 (227083619)|VARIABLE_ASSIGNMENT|[34]|address|"828 7th Ave # 11F,Ne (20 more) ..."
13:12:10.0 (227100647)|STATEMENT_EXECUTE|[37]
13:12:10.0 (227102343)|STATEMENT_EXECUTE|[38]
13:12:10.0 (227113985)|VARIABLE_SCOPE_BEGIN|[38]|req|System.HttpRequest|true|false
13:12:10.0 (227151169)|VARIABLE_ASSIGNMENT|[38]|req|"System.HttpRequest[Endpoint=null, Method=null]"|0x45d6c814
13:12:10.0 (227156550)|STATEMENT_EXECUTE|[40]
13:12:10.0 (227171158)|METHOD_ENTRY|[40]||System.EncodingUtil.urlEncode(String, String)
13:12:10.0 (227210350)|METHOD_EXIT|[40]||System.EncodingUtil.urlEncode(String, String)
13:12:10.0 (227220284)|VARIABLE_ASSIGNMENT|[40]|address|"828+7th+Ave+%23+11F% (32 more) ..."
13:12:10.0 (227223841)|STATEMENT_EXECUTE|[41]
13:12:10.0 (227231036)|HEAP_ALLOCATE|[41]|Bytes:121
13:12:10.0 (227250012)|STATEMENT_EXECUTE|[42]
13:12:10.0 (227260158)|STATEMENT_EXECUTE|[43]
13:12:10.0 (227268748)|VARIABLE_SCOPE_BEGIN|[43]|http|System.Http|true|false
13:12:10.0 (227307605)|VARIABLE_ASSIGNMENT|[43]|http|"System.Http[]"|0x2f0a0043
13:12:10.0 (227312937)|STATEMENT_EXECUTE|[44]
13:12:10.0 (227316413)|VARIABLE_SCOPE_BEGIN|[44]|res|System.HttpResponse|true|false
13:12:10.0 (227321645)|VARIABLE_ASSIGNMENT|[44]|res|null|
13:12:10.0 (227331070)|METHOD_ENTRY|[45]||System.Test.isRunningTest()
13:12:10.0 (227344120)|METHOD_EXIT|[45]||System.Test.isRunningTest()
13:12:10.0 (227350327)|STATEMENT_EXECUTE|[45]
13:12:10.0 (227351916)|STATEMENT_EXECUTE|[46]
13:12:10.0 (230232495)|CALLOUT_REQUEST|[46]|System.HttpRequest[Endpoint=https://maps.googleapis.com/maps/api/geocode/xml?address=828+7th+Ave+%23+11F%2CNew+York%2CNY%2CUSA%2C10019%2C&sensor=true, Method=GET]
13:12:10.0 (245270681)|HEAP_ALLOCATE|[EXTERNAL]|Bytes:743
13:12:10.0 (245327319)|CALLOUT_RESPONSE|[46]|System.HttpResponse[Status=OK, StatusCode=200]
13:12:10.0 (245339336)|HEAP_ALLOCATE|[46]|Bytes:314
13:12:10.0 (245393199)|VARIABLE_ASSIGNMENT|[46]|res|"System.HttpResponse[Status=OK, StatusCode=200]"|0x4384907b
13:12:10.0 (245399954)|STATEMENT_EXECUTE|[57]
13:12:10.0 (245479997)|VARIABLE_SCOPE_BEGIN|[57]|doc|dom.Document|true|false
13:12:10.0 (245513199)|VARIABLE_ASSIGNMENT|[57]|doc|"Document[]"|0x433911ab
13:12:10.0 (245518509)|STATEMENT_EXECUTE|[59]
13:12:10.0 (245537281)|VARIABLE_SCOPE_BEGIN|[59]|geocodeResponse|dom.XmlNode|true|false
13:12:10.0 (245593594)|VARIABLE_ASSIGNMENT|[59]|geocodeResponse|"XMLNode[ELEMENT,GeocodeResponse,null,null,null,[XMLNode[TEXT,null,null,null,null,null,\n ,], XMLNode[ELEMENT,status,null,null,null,[XMLNode[TEXT,null,null,null,null,null,OVER_QUERY_LIMIT,]],null,], XMLNode[TEXT,null,null,null,null,null,\n ,], XMLNode[ELEMENT,error_message,null,null,null,[XMLNode[TEXT,null,null,null,null,null,You have exceeded your daily request quota for this API. We recommend registering for a key at the Google Developers Console: https://console.developers.google.com/,]],null,], XMLNode[TEXT,null,null,null,null,null,\n,]],null,]"|0x18be0075
13:12:10.0 (245601802)|STATEMENT_EXECUTE|[60]
13:12:10.0 (245603742)|STATEMENT_EXECUTE|[62]
13:12:10.0 (245622020)|VARIABLE_SCOPE_BEGIN|[62]|result|dom.XmlNode|true|false
13:12:10.0 (245628517)|VARIABLE_ASSIGNMENT|[62]|result|null|
13:12:10.0 (245631970)|STATEMENT_EXECUTE|[63]
13:12:10.0 (245648063)|HEAP_ALLOCATE|[17]|Bytes:5
13:12:10.0 (245676438)|HEAP_ALLOCATE|[17]|Bytes:32
13:12:10.0 (245685689)|VARIABLE_SCOPE_BEGIN|[17]|acc|Account|true|false
13:12:10.0 (245708535)|VARIABLE_ASSIGNMENT|[17]|acc|{"s":1,"v":{"Id":"00136000008NvtuAAC","Name":"Bronze Partners","BillingStreet":"500 Market Street","BillingCity":"San Francisco","BillingState":"California","BillingCountry":"United States","BillingPostalCode":"94105-5188"}}|0x117bc59f
13:12:10.0 (245713846)|STATEMENT_EXECUTE|[17]
13:12:10.0 (245715494)|STATEMENT_EXECUTE|[19]
13:12:10.0 (245718842)|VARIABLE_SCOPE_BEGIN|[19]|address|String|false|false
13:12:10.0 (245723155)|VARIABLE_ASSIGNMENT|[19]|address|""
13:12:10.0 (245735287)|STATEMENT_EXECUTE|[21]
13:12:10.0 (245737248)|STATEMENT_EXECUTE|[22]
13:12:10.0 (245745308)|HEAP_ALLOCATE|[22]|Bytes:18
13:12:10.0 (245750288)|HEAP_ALLOCATE|[22]|Bytes:18
13:12:10.0 (245755972)|VARIABLE_ASSIGNMENT|[22]|address|"500 Market Street,"
13:12:10.0 (245761815)|STATEMENT_EXECUTE|[24]
13:12:10.0 (245763583)|STATEMENT_EXECUTE|[25]
13:12:10.0 (245768453)|HEAP_ALLOCATE|[25]|Bytes:14
13:12:10.0 (245772200)|HEAP_ALLOCATE|[25]|Bytes:32
13:12:10.0 (245778440)|VARIABLE_ASSIGNMENT|[25]|address|"500 Market Street,Sa (12 more) ..."
13:12:10.0 (245784416)|STATEMENT_EXECUTE|[27]
13:12:10.0 (245786091)|STATEMENT_EXECUTE|[28]
13:12:10.0 (245790816)|HEAP_ALLOCATE|[28]|Bytes:11
13:12:10.0 (245794660)|HEAP_ALLOCATE|[28]|Bytes:43
13:12:10.0 (245800328)|VARIABLE_ASSIGNMENT|[28]|address|"500 Market Street,Sa (23 more) ..."
13:12:10.0 (245805986)|STATEMENT_EXECUTE|[30]
13:12:10.0 (245807566)|STATEMENT_EXECUTE|[31]
13:12:10.0 (245812208)|HEAP_ALLOCATE|[31]|Bytes:14
13:12:10.0 (245816058)|HEAP_ALLOCATE|[31]|Bytes:57
13:12:10.0 (245821708)|VARIABLE_ASSIGNMENT|[31]|address|"500 Market Street,Sa (37 more) ..."
13:12:10.0 (245827178)|STATEMENT_EXECUTE|[33]
13:12:10.0 (245828658)|STATEMENT_EXECUTE|[34]
13:12:10.0 (245833262)|HEAP_ALLOCATE|[34]|Bytes:11
13:12:10.0 (245837029)|HEAP_ALLOCATE|[34]|Bytes:68
13:12:10.0 (245842609)|VARIABLE_ASSIGNMENT|[34]|address|"500 Market Street,Sa (48 more) ..."
13:12:10.0 (245854612)|STATEMENT_EXECUTE|[37]
13:12:10.0 (245856448)|STATEMENT_EXECUTE|[38]
13:12:10.0 (245867063)|VARIABLE_SCOPE_BEGIN|[38]|req|System.HttpRequest|true|false
13:12:10.0 (245903165)|VARIABLE_ASSIGNMENT|[38]|req|"System.HttpRequest[Endpoint=null, Method=null]"|0x761b8883
13:12:10.0 (245908458)|STATEMENT_EXECUTE|[40]
13:12:10.0 (245919662)|METHOD_ENTRY|[40]||System.EncodingUtil.urlEncode(String, String)
13:12:10.0 (245954840)|METHOD_EXIT|[40]||System.EncodingUtil.urlEncode(String, String)
13:12:10.0 (245964674)|VARIABLE_ASSIGNMENT|[40]|address|"500+Market+Street%2C (58 more) ..."
13:12:10.0 (245968082)|STATEMENT_EXECUTE|[41]
13:12:10.0 (245974183)|HEAP_ALLOCATE|[41]|Bytes:147
13:12:10.0 (245991651)|STATEMENT_EXECUTE|[42]
13:12:10.0 (246000991)|STATEMENT_EXECUTE|[43]
13:12:10.0 (246010511)|VARIABLE_SCOPE_BEGIN|[43]|http|System.Http|true|false
13:12:10.0 (246044225)|VARIABLE_ASSIGNMENT|[43]|http|"System.Http[]"|0x157171db
13:12:10.0 (246049236)|STATEMENT_EXECUTE|[44]
13:12:10.0 (246052455)|VARIABLE_SCOPE_BEGIN|[44]|res|System.HttpResponse|true|false
13:12:10.0 (246057385)|VARIABLE_ASSIGNMENT|[44]|res|null|
13:12:10.0 (246065429)|METHOD_ENTRY|[45]||System.Test.isRunningTest()
13:12:10.0 (246076553)|METHOD_EXIT|[45]||System.Test.isRunningTest()
13:12:10.0 (246082264)|STATEMENT_EXECUTE|[45]
13:12:10.0 (246083933)|STATEMENT_EXECUTE|[46]
13:12:10.0 (247995951)|CALLOUT_REQUEST|[46]|System.HttpRequest[Endpoint=https://maps.googleapis.com/maps/api/geocode/xml?address=500+Market+Street%2CSan+Francisco%2CCalifornia%2CUnited+States%2C94105-5188%2C&sensor=true, Method=GET]
13:12:10.0 (262800134)|HEAP_ALLOCATE|[EXTERNAL]|Bytes:743
13:12:10.0 (262860919)|CALLOUT_RESPONSE|[46]|System.HttpResponse[Status=OK, StatusCode=200]
13:12:10.0 (262874588)|HEAP_ALLOCATE|[46]|Bytes:314
13:12:10.0 (262924282)|VARIABLE_ASSIGNMENT|[46]|res|"System.HttpResponse[Status=OK, StatusCode=200]"|0x2e16dd37
13:12:10.0 (262931567)|STATEMENT_EXECUTE|[57]
13:12:10.0 (263012119)|VARIABLE_SCOPE_BEGIN|[57]|doc|dom.Document|true|false
13:12:10.0 (263045159)|VARIABLE_ASSIGNMENT|[57]|doc|"Document[]"|0x1f5186db
13:12:10.0 (263050202)|STATEMENT_EXECUTE|[59]
13:12:10.0 (263069657)|VARIABLE_SCOPE_BEGIN|[59]|geocodeResponse|dom.XmlNode|true|false
13:12:10.0 (263125658)|VARIABLE_ASSIGNMENT|[59]|geocodeResponse|"XMLNode[ELEMENT,GeocodeResponse,null,null,null,[XMLNode[TEXT,null,null,null,null,null,\n ,], XMLNode[ELEMENT,status,null,null,null,[XMLNode[TEXT,null,null,null,null,null,OVER_QUERY_LIMIT,]],null,], XMLNode[TEXT,null,null,null,null,null,\n ,], XMLNode[ELEMENT,error_message,null,null,null,[XMLNode[TEXT,null,null,null,null,null,You have exceeded your daily request quota for this API. We recommend registering for a key at the Google Developers Console: https://console.developers.google.com/,]],null,], XMLNode[TEXT,null,null,null,null,null,\n,]],null,]"|0x5d97ebd2
13:12:10.0 (263133699)|STATEMENT_EXECUTE|[60]
13:12:10.0 (263135487)|STATEMENT_EXECUTE|[62]
13:12:10.0 (263153167)|VARIABLE_SCOPE_BEGIN|[62]|result|dom.XmlNode|true|false
13:12:10.0 (263159582)|VARIABLE_ASSIGNMENT|[62]|result|null|
13:12:10.0 (263162900)|STATEMENT_EXECUTE|[63]
13:12:10.0 (263180013)|HEAP_ALLOCATE|[17]|Bytes:5
13:12:10.0 (263210322)|HEAP_ALLOCATE|[17]|Bytes:32
13:12:10.0 (263219037)|VARIABLE_SCOPE_BEGIN|[17]|acc|Account|true|false
13:12:10.0 (263243189)|VARIABLE_ASSIGNMENT|[17]|acc|{"s":1,"v":{"Id":"00136000008NvtvAAC","Name":"Chip Colli","BillingStreet":"2115 1st Ave W.","BillingCity":"Seattle","BillingState":"WA","BillingCountry":"USA","BillingPostalCode":"98119"}}|0x60d7153a
13:12:10.0 (263248132)|STATEMENT_EXECUTE|[17]
13:12:10.0 (263249806)|STATEMENT_EXECUTE|[19]
13:12:10.0 (263253208)|VARIABLE_SCOPE_BEGIN|[19]|address|String|false|false
13:12:10.0 (263257570)|VARIABLE_ASSIGNMENT|[19]|address|""
13:12:10.0 (263269812)|STATEMENT_EXECUTE|[21]
13:12:10.0 (263271635)|STATEMENT_EXECUTE|[22]
13:12:10.0 (263280852)|HEAP_ALLOCATE|[22]|Bytes:16
13:12:10.0 (263285812)|HEAP_ALLOCATE|[22]|Bytes:16
13:12:10.0 (263291714)|VARIABLE_ASSIGNMENT|[22]|address|"2115 1st Ave W.,"
13:12:10.0 (263297519)|STATEMENT_EXECUTE|[24]
13:12:10.0 (263299156)|STATEMENT_EXECUTE|[25]
13:12:10.0 (263304306)|HEAP_ALLOCATE|[25]|Bytes:8
13:12:10.0 (263308158)|HEAP_ALLOCATE|[25]|Bytes:24
13:12:10.0 (263314311)|VARIABLE_ASSIGNMENT|[25]|address|"2115 1st Ave W.,Seat (4 more) ..."
13:12:10.0 (263320243)|STATEMENT_EXECUTE|[27]
13:12:10.0 (263321855)|STATEMENT_EXECUTE|[28]
13:12:10.0 (263326532)|HEAP_ALLOCATE|[28]|Bytes:3
13:12:10.0 (263330226)|HEAP_ALLOCATE|[28]|Bytes:27
13:12:10.0 (263335880)|VARIABLE_ASSIGNMENT|[28]|address|"2115 1st Ave W.,Seat (7 more) ..."
13:12:10.0 (263341547)|STATEMENT_EXECUTE|[30]
13:12:10.0 (263343134)|STATEMENT_EXECUTE|[31]
13:12:10.0 (263347904)|HEAP_ALLOCATE|[31]|Bytes:4
13:12:10.0 (263351834)|HEAP_ALLOCATE|[31]|Bytes:31
13:12:10.0 (263357403)|VARIABLE_ASSIGNMENT|[31]|address|"2115 1st Ave W.,Seat (11 more) ..."
13:12:10.0 (263362847)|STATEMENT_EXECUTE|[33]
13:12:10.0 (263364426)|STATEMENT_EXECUTE|[34]
13:12:10.0 (263374110)|HEAP_ALLOCATE|[34]|Bytes:6
13:12:10.0 (263378723)|HEAP_ALLOCATE|[34]|Bytes:37
13:12:10.0 (263385068)|VARIABLE_ASSIGNMENT|[34]|address|"2115 1st Ave W.,Seat (17 more) ..."
13:12:10.0 (263398068)|STATEMENT_EXECUTE|[37]
13:12:10.0 (263399813)|STATEMENT_EXECUTE|[38]
13:12:10.0 (263410738)|VARIABLE_SCOPE_BEGIN|[38]|req|System.HttpRequest|true|false
13:12:10.0 (263447122)|VARIABLE_ASSIGNMENT|[38]|req|"System.HttpRequest[Endpoint=null, Method=null]"|0x78308372
13:12:10.0 (263452410)|STATEMENT_EXECUTE|[40]
13:12:10.0 (263463169)|METHOD_ENTRY|[40]||System.EncodingUtil.urlEncode(String, String)
13:12:10.0 (263498395)|METHOD_EXIT|[40]||System.EncodingUtil.urlEncode(String, String)
13:12:10.0 (263508214)|VARIABLE_ASSIGNMENT|[40]|address|"2115+1st+Ave+W.%2CSe (27 more) ..."
13:12:10.0 (263511821)|STATEMENT_EXECUTE|[41]
13:12:10.0 (263517769)|HEAP_ALLOCATE|[41]|Bytes:116
13:12:10.0 (263538499)|STATEMENT_EXECUTE|[42]
13:12:10.0 (263548601)|STATEMENT_EXECUTE|[43]
13:12:10.0 (263557251)|VARIABLE_SCOPE_BEGIN|[43]|http|System.Http|true|false
13:12:10.0 (263594083)|VARIABLE_ASSIGNMENT|[43]|http|"System.Http[]"|0x9ef0a30
13:12:10.0 (263599282)|STATEMENT_EXECUTE|[44]
13:12:10.0 (263602582)|VARIABLE_SCOPE_BEGIN|[44]|res|System.HttpResponse|true|false
13:12:10.0 (263607529)|VARIABLE_ASSIGNMENT|[44]|res|null|
13:12:10.0 (263615603)|METHOD_ENTRY|[45]||System.Test.isRunningTest()
13:12:10.0 (263627119)|METHOD_EXIT|[45]||System.Test.isRunningTest()
13:12:10.0 (263632922)|STATEMENT_EXECUTE|[45]
13:12:10.0 (263634530)|STATEMENT_EXECUTE|[46]
13:12:10.0 (265615553)|CALLOUT_REQUEST|[46]|System.HttpRequest[Endpoint=https://maps.googleapis.com/maps/api/geocode/xml?address=2115+1st+Ave+W.%2CSeattle%2CWA%2CUSA%2C98119%2C&sensor=true, Method=GET]
13:12:10.0 (280585936)|HEAP_ALLOCATE|[EXTERNAL]|Bytes:743
13:12:10.0 (280659489)|CALLOUT_RESPONSE|[46]|System.HttpResponse[Status=OK, StatusCode=200]
13:12:10.0 (280678277)|HEAP_ALLOCATE|[46]|Bytes:314
13:12:10.0 (280733714)|VARIABLE_ASSIGNMENT|[46]|res|"System.HttpResponse[Status=OK, StatusCode=200]"|0x774171df
13:12:10.0 (280740903)|STATEMENT_EXECUTE|[57]
13:12:10.0 (280823511)|VARIABLE_SCOPE_BEGIN|[57]|doc|dom.Document|true|false
13:12:10.0 (280869338)|VARIABLE_ASSIGNMENT|[57]|doc|"Document[]"|0x3183135f
13:12:10.0 (280876902)|STATEMENT_EXECUTE|[59]
13:12:10.0 (280904614)|VARIABLE_SCOPE_BEGIN|[59]|geocodeResponse|dom.XmlNode|true|false
13:12:10.0 (280983468)|VARIABLE_ASSIGNMENT|[59]|geocodeResponse|"XMLNode[ELEMENT,GeocodeResponse,null,null,null,[XMLNode[TEXT,null,null,null,null,null,\n ,], XMLNode[ELEMENT,status,null,null,null,[XMLNode[TEXT,null,null,null,null,null,OVER_QUERY_LIMIT,]],null,], XMLNode[TEXT,null,null,null,null,null,\n ,], XMLNode[ELEMENT,error_message,null,null,null,[XMLNode[TEXT,null,null,null,null,null,You have exceeded your daily request quota for this API. We recommend registering for a key at the Google Developers Console: https://console.developers.google.com/,]],null,], XMLNode[TEXT,null,null,null,null,null,\n,]],null,]"|0x649479cf
13:12:10.0 (280996230)|STATEMENT_EXECUTE|[60]
13:12:10.0 (280999726)|STATEMENT_EXECUTE|[62]
13:12:10.0 (281020976)|VARIABLE_SCOPE_BEGIN|[62]|result|dom.XmlNode|true|false
13:12:10.0 (281029366)|VARIABLE_ASSIGNMENT|[62]|result|null|
13:12:10.0 (281032955)|STATEMENT_EXECUTE|[63]
13:12:10.0 (281051688)|HEAP_ALLOCATE|[17]|Bytes:5
13:12:10.0 (281065317)|VARIABLE_ASSIGNMENT|[17]|acc|null|
13:12:10.0 (281069548)|STATEMENT_EXECUTE|[88]
13:12:10.0 (281162003)|DML_BEGIN|[88]|Op:Update|Type:Account|Rows:10
13:12:10.0 (281187319)|HEAP_ALLOCATE|[EXTERNAL]|Bytes:44
13:12:10.0 (303363642)|CODE_UNIT_STARTED|[EXTERNAL]|DuplicateDetector
13:12:10.0 (303388684)|DUPLICATE_DETECTION_BEGIN
13:12:10.0 (304224114)|DUPLICATE_DETECTION_RULE_INVOCATION|DuplicateRuleId:0Bm36000000pmhL|DuplicateRuleName:Standard Account duplicate rule|DmlType:UPDATE
13:12:10.0 (304234009)|DUPLICATE_DETECTION_END
13:12:10.0 (304285585)|CODE_UNIT_FINISHED|DuplicateDetector
13:12:10.0 (375634248)|DML_END|[88]
13:12:10.0 (375764800)|HEAP_ALLOCATE|[EXTERNAL]|Bytes:44
13:12:10.0 (375811437)|CODE_UNIT_FINISHED|BatchLatLongGenerator
13:12:10.0 (377630221)|EXECUTION_FINISHED
