36.0 APEX_CODE,FINEST;APEX_PROFILING,INFO;CALLOUT,INFO;DB,INFO;SYSTEM,DEBUG;VALIDATION,INFO;VISUALFORCE,INFO;WORKFLOW,INFO
15:11:23.0 (431970)|EXECUTION_STARTED
15:11:23.0 (463547)|CODE_UNIT_STARTED|[EXTERNAL]|01p360000052k4g|AccountGeoExtension.getLocalAccounts
15:11:23.0 (723017)|HEAP_ALLOCATE|[72]|Bytes:3
15:11:23.0 (794953)|HEAP_ALLOCATE|[77]|Bytes:152
15:11:23.0 (817329)|HEAP_ALLOCATE|[342]|Bytes:408
15:11:23.0 (839238)|HEAP_ALLOCATE|[355]|Bytes:408
15:11:23.0 (859514)|HEAP_ALLOCATE|[467]|Bytes:48
15:11:23.0 (904545)|HEAP_ALLOCATE|[139]|Bytes:6
15:11:23.0 (935181)|HEAP_ALLOCATE|[EXTERNAL]|Bytes:1
15:11:23.0 (939932)|HEAP_ALLOCATE|[EXTERNAL]|Bytes:4
15:11:23.0 (956921)|METHOD_ENTRY|[1]|01p360000052k4g|AccountGeoExtension.AccountGeoExtension()
15:11:23.0 (967784)|STATEMENT_EXECUTE|[1]
15:11:23.0 (978059)|STATEMENT_EXECUTE|[1]
15:11:23.0 (1020205)|HEAP_ALLOCATE|[50]|Bytes:5
15:11:23.0 (1049465)|HEAP_ALLOCATE|[56]|Bytes:5
15:11:23.0 (1058508)|HEAP_ALLOCATE|[64]|Bytes:7
15:11:23.0 (1087127)|SYSTEM_MODE_ENTER|false
15:11:23.0 (1108151)|HEAP_ALLOCATE|[EXTERNAL]|Bytes:5
15:11:23.0 (1116737)|SYSTEM_MODE_EXIT|false
15:11:23.0 (1128565)|METHOD_EXIT|[1]|AccountGeoExtension
15:11:23.0 (1154431)|HEAP_ALLOCATE|[EXTERNAL]|Bytes:28
15:11:23.0 (1158031)|HEAP_ALLOCATE|[EXTERNAL]|Bytes:28
15:11:23.0 (1160207)|HEAP_ALLOCATE|[EXTERNAL]|Bytes:28
15:11:23.0 (1167840)|SYSTEM_MODE_ENTER|false
15:11:23.0 (1179485)|VARIABLE_SCOPE_BEGIN|[5]|latitude|Double|false|false
15:11:23.0 (1209521)|VARIABLE_ASSIGNMENT|[5]|latitude|33.849145
15:11:23.0 (1214306)|VARIABLE_SCOPE_BEGIN|[5]|longitude|Double|false|false
15:11:23.0 (1218777)|VARIABLE_ASSIGNMENT|[5]|longitude|-84.3620913
15:11:23.0 (1221761)|VARIABLE_SCOPE_BEGIN|[5]|maxDistance|Double|false|false
15:11:23.0 (1225249)|VARIABLE_ASSIGNMENT|[5]|maxDistance|40
15:11:23.0 (1239199)|HEAP_ALLOCATE|[6]|Bytes:5
15:11:23.0 (1245391)|STATEMENT_EXECUTE|[5]
15:11:23.0 (1352601)|HEAP_ALLOCATE|[6]|Bytes:5
15:11:23.0 (56798978)|HEAP_DUMP|[6]|07n36000000PCEo|AccountGeoExtension|none|6
15:11:23.0 (56807101)|STATEMENT_EXECUTE|[6]
15:11:23.0 (56814867)|HEAP_ALLOCATE|[6]|Bytes:24
15:11:23.0 (56897949)|HEAP_ALLOCATE|[6]|Bytes:9
15:11:23.0 (56912546)|HEAP_ALLOCATE|[6]|Bytes:12
15:11:23.0 (56924823)|HEAP_ALLOCATE|[6]|Bytes:11
15:11:23.0 (56932228)|HEAP_ALLOCATE|[6]|Bytes:11
15:11:23.0 (56941273)|HEAP_ALLOCATE|[6]|Bytes:2
15:11:23.0 (56961178)|HEAP_ALLOCATE|[6]|Bytes:69
15:11:23.0 (56994514)|USER_DEBUG|[6]|DEBUG|searching for latitude: 33.849145 longitude: -84.3620913 distance: 40
15:11:23.0 (57003939)|STATEMENT_EXECUTE|[7]
15:11:23.0 (57009275)|HEAP_ALLOCATE|[7]|Bytes:317
15:11:23.0 (57022506)|HEAP_ALLOCATE|[7]|Bytes:4
15:11:23.0 (57034241)|HEAP_ALLOCATE|[7]|Bytes:7
15:11:23.0 (57092846)|HEAP_ALLOCATE|[7]|Bytes:28
15:11:23.0 (57104673)|HEAP_ALLOCATE|[7]|Bytes:7
15:11:23.0 (57121199)|HEAP_ALLOCATE|[7]|Bytes:28
15:11:23.0 (57127552)|HEAP_ALLOCATE|[7]|Bytes:7
15:11:23.0 (57140199)|HEAP_ALLOCATE|[7]|Bytes:28
15:11:23.0 (57146114)|HEAP_ALLOCATE|[7]|Bytes:7
15:11:23.0 (57158314)|HEAP_ALLOCATE|[7]|Bytes:28
15:11:23.0 (57164302)|HEAP_ALLOCATE|[7]|Bytes:7
15:11:23.0 (57176125)|HEAP_ALLOCATE|[7]|Bytes:28
15:11:23.0 (61139299)|SOQL_EXECUTE_BEGIN|[7]|Aggregations:0|SELECT Name, Id, Owner.FirstName, Owner.LastName, Permanent_Partner_Manager__c, Partner_Manager__c, BillingLatitude, BillingLongitude FROM Account WHERE DISTANCE(BillingAddress, GEOLOCATION(:tmpVar1, :tmpVar2), 'mi') < :tmpVar3 ORDER BY  distance(BillingAddress, geolocation( :tmpVar4, :tmpVar5),'mi') ASC NULLS FIRST
15:11:23.0 (68610201)|SOQL_EXECUTE_END|[7]|Rows:2
15:11:23.0 (68636150)|HEAP_ALLOCATE|[7]|Bytes:12
15:11:23.0 (68661951)|HEAP_ALLOCATE|[7]|Bytes:545
15:11:23.0 (68711340)|HEAP_ALLOCATE|[7]|Bytes:12
15:11:23.0 (68721650)|VARIABLE_SCOPE_BEGIN|[7]|localAccounts|List<Account>|true|false
15:11:23.0 (68784853)|VARIABLE_ASSIGNMENT|[7]|localAccounts|{"s":1,"v":[{"s":2,"v":{"Name":"Pardot","Id":"00136000009QxwuAAC","OwnerId":"00536000001L21qAAC","Permanent_Partner_Ma (8 more) ...":false,"BillingLatitude":33.846941200000000,"BillingLongitude":-84.359523600000000,"Owner":{"s":3,"v":{"FirstName":"David","LastName":"Scruggs","Id":"00536000001L21qAAC"}}}},{"s":4,"v":{"Name":"Coca Cola (HQ)","Id":"00136000008vIeSAAU","OwnerId":"00536000001L21qAAC","Permanent_Partner_Ma (8 more) ...":false,"BillingLatitude":33.770893900000000,"BillingLongitude":-84.398620900000000,"Owner":{"r":3}}}]}|0x40a70252
15:11:23.0 (68795290)|STATEMENT_EXECUTE|[12]
15:11:23.0 (68800104)|HEAP_ALLOCATE|[12]|Bytes:7
15:11:23.0 (68915373)|HEAP_ALLOCATE|[12]|Bytes:1
15:11:23.0 (68924690)|HEAP_ALLOCATE|[12]|Bytes:9
15:11:23.0 (68935242)|HEAP_ALLOCATE|[12]|Bytes:17
15:11:23.0 (68948865)|USER_DEBUG|[12]|DEBUG| Found 2 accounts
15:11:23.0 (68956252)|STATEMENT_EXECUTE|[13]
15:11:23.0 (68970760)|SYSTEM_MODE_EXIT|false
15:11:23.69 (69008047)|CUMULATIVE_LIMIT_USAGE
15:11:23.69 (69008047)|LIMIT_USAGE_FOR_NS|(default)|
  Number of SOQL queries: 1 out of 100
  Number of query rows: 2 out of 50000
  Number of SOSL queries: 0 out of 20
  Number of DML statements: 0 out of 150
  Number of DML rows: 0 out of 10000
  Maximum CPU time: 0 out of 10000
  Maximum heap size: 0 out of 6000000
  Number of callouts: 0 out of 100
  Number of Email Invocations: 0 out of 10
  Number of future calls: 0 out of 50
  Number of queueable jobs added to the queue: 0 out of 50
  Number of Mobile Apex push calls: 0 out of 10

15:11:23.69 (69008047)|CUMULATIVE_LIMIT_USAGE_END

15:11:23.0 (69064403)|CODE_UNIT_FINISHED|AccountGeoExtension.getLocalAccounts
15:11:23.0 (72038317)|EXECUTION_FINISHED
