36.0 APEX_CODE,FINEST;APEX_PROFILING,INFO;CALLOUT,INFO;DB,INFO;SYSTEM,DEBUG;VALIDATION,INFO;VISUALFORCE,INFO;WORKFLOW,INFO
15:06:51.2 (2628866)|EXECUTION_STARTED
15:06:51.2 (2664781)|CODE_UNIT_STARTED|[EXTERNAL]|01p360000052k4g|AccountGeoExtension.getLocalAccounts
15:06:51.2 (2900867)|HEAP_ALLOCATE|[72]|Bytes:3
15:06:51.2 (2954441)|HEAP_ALLOCATE|[77]|Bytes:152
15:06:51.2 (2977693)|HEAP_ALLOCATE|[342]|Bytes:408
15:06:51.2 (3001075)|HEAP_ALLOCATE|[355]|Bytes:408
15:06:51.2 (3024149)|HEAP_ALLOCATE|[467]|Bytes:48
15:06:51.2 (3064424)|HEAP_ALLOCATE|[139]|Bytes:6
15:06:51.2 (3093522)|HEAP_ALLOCATE|[EXTERNAL]|Bytes:1
15:06:51.2 (3099175)|HEAP_ALLOCATE|[EXTERNAL]|Bytes:4
15:06:51.2 (3118189)|METHOD_ENTRY|[1]|01p360000052k4g|AccountGeoExtension.AccountGeoExtension()
15:06:51.2 (3129278)|STATEMENT_EXECUTE|[1]
15:06:51.2 (3138912)|STATEMENT_EXECUTE|[1]
15:06:51.2 (3146898)|METHOD_EXIT|[1]|AccountGeoExtension
15:06:51.2 (3173181)|HEAP_ALLOCATE|[EXTERNAL]|Bytes:28
15:06:51.2 (3177025)|HEAP_ALLOCATE|[EXTERNAL]|Bytes:28
15:06:51.2 (3184919)|HEAP_ALLOCATE|[EXTERNAL]|Bytes:28
15:06:51.2 (3198019)|SYSTEM_MODE_ENTER|false
15:06:51.2 (3212265)|VARIABLE_SCOPE_BEGIN|[5]|latitude|Double|false|false
15:06:51.2 (3249509)|VARIABLE_ASSIGNMENT|[5]|latitude|33.849145
15:06:51.2 (3254947)|VARIABLE_SCOPE_BEGIN|[5]|longitude|Double|false|false
15:06:51.2 (3260386)|VARIABLE_ASSIGNMENT|[5]|longitude|-84.3620913
15:06:51.2 (3263513)|VARIABLE_SCOPE_BEGIN|[5]|maxDistance|Double|false|false
15:06:51.2 (3268149)|VARIABLE_ASSIGNMENT|[5]|maxDistance|40
15:06:51.2 (3280513)|STATEMENT_EXECUTE|[5]
15:06:51.2 (42250065)|HEAP_DUMP|[6]|07n36000000PCEZ|AccountGeoExtension|none|6
15:06:51.2 (42264489)|STATEMENT_EXECUTE|[6]
15:06:51.2 (42283611)|HEAP_ALLOCATE|[6]|Bytes:24
15:06:51.2 (42404828)|HEAP_ALLOCATE|[6]|Bytes:9
15:06:51.2 (42419677)|HEAP_ALLOCATE|[6]|Bytes:12
15:06:51.2 (42432558)|HEAP_ALLOCATE|[6]|Bytes:11
15:06:51.2 (42440765)|HEAP_ALLOCATE|[6]|Bytes:11
15:06:51.2 (42450491)|HEAP_ALLOCATE|[6]|Bytes:2
15:06:51.2 (42473031)|HEAP_ALLOCATE|[6]|Bytes:69
15:06:51.2 (42537383)|HEAP_ALLOCATE|[50]|Bytes:5
15:06:51.2 (42573303)|HEAP_ALLOCATE|[56]|Bytes:5
15:06:51.2 (42583426)|HEAP_ALLOCATE|[64]|Bytes:7
15:06:51.2 (42650450)|USER_DEBUG|[6]|DEBUG|searching for latitude: 33.849145 longitude: -84.3620913 distance: 40
15:06:51.2 (42684845)|STATEMENT_EXECUTE|[7]
15:06:51.2 (42690644)|HEAP_ALLOCATE|[7]|Bytes:317
15:06:51.2 (42707627)|HEAP_ALLOCATE|[7]|Bytes:4
15:06:51.2 (42725605)|HEAP_ALLOCATE|[7]|Bytes:7
15:06:51.2 (42801923)|HEAP_ALLOCATE|[7]|Bytes:28
15:06:51.2 (42813321)|HEAP_ALLOCATE|[7]|Bytes:7
15:06:51.2 (42828846)|HEAP_ALLOCATE|[7]|Bytes:28
15:06:51.2 (42835011)|HEAP_ALLOCATE|[7]|Bytes:7
15:06:51.2 (42846968)|HEAP_ALLOCATE|[7]|Bytes:28
15:06:51.2 (42852982)|HEAP_ALLOCATE|[7]|Bytes:7
15:06:51.2 (42864643)|HEAP_ALLOCATE|[7]|Bytes:28
15:06:51.2 (42870565)|HEAP_ALLOCATE|[7]|Bytes:7
15:06:51.2 (42882024)|HEAP_ALLOCATE|[7]|Bytes:28
15:06:51.2 (46453090)|SOQL_EXECUTE_BEGIN|[7]|Aggregations:0|SELECT Name, Id, Owner.FirstName, Owner.LastName, Permanent_Partner_Manager__c, Partner_Manager__c, BillingLatitude, BillingLongitude FROM Account WHERE DISTANCE(BillingAddress, GEOLOCATION(:tmpVar1, :tmpVar2), 'mi') < :tmpVar3 ORDER BY  distance(BillingAddress, geolocation( :tmpVar4, :tmpVar5),'mi') ASC NULLS FIRST
15:06:51.2 (60632564)|SOQL_EXECUTE_END|[7]|Rows:2
15:06:51.2 (60664037)|HEAP_ALLOCATE|[7]|Bytes:12
15:06:51.2 (60693980)|HEAP_ALLOCATE|[7]|Bytes:545
15:06:51.2 (60750768)|HEAP_ALLOCATE|[7]|Bytes:12
15:06:51.2 (60769237)|VARIABLE_SCOPE_BEGIN|[7]|localAccounts|List<Account>|true|false
15:06:51.2 (60835925)|VARIABLE_ASSIGNMENT|[7]|localAccounts|{"s":1,"v":[{"s":2,"v":{"Name":"Pardot","Id":"00136000009QxwuAAC","OwnerId":"00536000001L21qAAC","Permanent_Partner_Ma (8 more) ...":false,"BillingLatitude":33.846941200000000,"BillingLongitude":-84.359523600000000,"Owner":{"s":3,"v":{"FirstName":"David","LastName":"Scruggs","Id":"00536000001L21qAAC"}}}},{"s":4,"v":{"Name":"Coca Cola (HQ)","Id":"00136000008vIeSAAU","OwnerId":"00536000001L21qAAC","Permanent_Partner_Ma (8 more) ...":false,"BillingLatitude":33.770893900000000,"BillingLongitude":-84.398620900000000,"Owner":{"r":3}}}]}|0x16121373
15:06:51.2 (60869743)|STATEMENT_EXECUTE|[12]
15:06:51.2 (60878637)|HEAP_ALLOCATE|[12]|Bytes:7
15:06:51.2 (61026698)|HEAP_ALLOCATE|[12]|Bytes:1
15:06:51.2 (61037846)|HEAP_ALLOCATE|[12]|Bytes:9
15:06:51.2 (61051132)|HEAP_ALLOCATE|[12]|Bytes:17
15:06:51.2 (61074959)|USER_DEBUG|[12]|DEBUG| Found 2 accounts
15:06:51.2 (61084262)|STATEMENT_EXECUTE|[13]
15:06:51.2 (61098425)|SYSTEM_MODE_EXIT|false
15:06:51.61 (61144909)|CUMULATIVE_LIMIT_USAGE
15:06:51.61 (61144909)|LIMIT_USAGE_FOR_NS|(default)|
  Number of SOQL queries: 1 out of 100
  Number of query rows: 2 out of 50000
  Number of SOSL queries: 0 out of 20
  Number of DML statements: 0 out of 150
  Number of DML rows: 0 out of 10000
  Maximum CPU time: 0 out of 10000
  Maximum heap size: 0 out of 6000000
  Number of callouts: 0 out of 100
  Number of Email Invocations: 0 out of 10
  Number of future calls: 0 out of 50
  Number of queueable jobs added to the queue: 0 out of 50
  Number of Mobile Apex push calls: 0 out of 10

15:06:51.61 (61144909)|CUMULATIVE_LIMIT_USAGE_END

15:06:51.2 (61214203)|CODE_UNIT_FINISHED|AccountGeoExtension.getLocalAccounts
15:06:51.2 (62782496)|EXECUTION_FINISHED
