36.0 APEX_CODE,FINEST;APEX_PROFILING,INFO;CALLOUT,INFO;DB,INFO;SYSTEM,DEBUG;VALIDATION,INFO;VISUALFORCE,INFO;WORKFLOW,INFO
14:05:16.0 (558311)|EXECUTION_STARTED
14:05:16.0 (603083)|CODE_UNIT_STARTED|[EXTERNAL]|01p360000052k4g|AccountGeoExtension.getLocalAccounts
14:05:16.0 (851381)|HEAP_ALLOCATE|[72]|Bytes:3
14:05:16.0 (913759)|HEAP_ALLOCATE|[77]|Bytes:152
14:05:16.0 (929271)|HEAP_ALLOCATE|[342]|Bytes:408
14:05:16.0 (945510)|HEAP_ALLOCATE|[355]|Bytes:408
14:05:16.0 (961552)|HEAP_ALLOCATE|[467]|Bytes:48
14:05:16.0 (990402)|HEAP_ALLOCATE|[139]|Bytes:6
14:05:16.0 (1018613)|HEAP_ALLOCATE|[EXTERNAL]|Bytes:1
14:05:16.0 (1024645)|HEAP_ALLOCATE|[EXTERNAL]|Bytes:4
14:05:16.0 (1034578)|METHOD_ENTRY|[1]|01p360000052k4g|AccountGeoExtension.AccountGeoExtension()
14:05:16.0 (1046055)|STATEMENT_EXECUTE|[1]
14:05:16.0 (1055404)|STATEMENT_EXECUTE|[1]
14:05:16.0 (1059467)|METHOD_EXIT|[1]|AccountGeoExtension
14:05:16.0 (1080675)|HEAP_ALLOCATE|[EXTERNAL]|Bytes:28
14:05:16.0 (1083970)|HEAP_ALLOCATE|[EXTERNAL]|Bytes:28
14:05:16.0 (1085981)|HEAP_ALLOCATE|[EXTERNAL]|Bytes:28
14:05:16.0 (1100201)|SYSTEM_MODE_ENTER|false
14:05:16.0 (1114894)|VARIABLE_SCOPE_BEGIN|[5]|latitude|Double|false|false
14:05:16.0 (1147318)|VARIABLE_ASSIGNMENT|[5]|latitude|33.849145
14:05:16.0 (1152983)|VARIABLE_SCOPE_BEGIN|[5]|longitude|Double|false|false
14:05:16.0 (1157640)|VARIABLE_ASSIGNMENT|[5]|longitude|-84.3620913
14:05:16.0 (1160997)|VARIABLE_SCOPE_BEGIN|[5]|maxDistance|Double|false|false
14:05:16.0 (1165030)|VARIABLE_ASSIGNMENT|[5]|maxDistance|40
14:05:16.0 (1177796)|STATEMENT_EXECUTE|[5]
14:05:16.0 (33806471)|HEAP_DUMP|[6]|07n36000000PCEF|AccountGeoExtension|none|6
14:05:16.0 (33819919)|STATEMENT_EXECUTE|[6]
14:05:16.0 (33831473)|HEAP_ALLOCATE|[6]|Bytes:24
14:05:16.0 (33925249)|HEAP_ALLOCATE|[6]|Bytes:9
14:05:16.0 (33941199)|HEAP_ALLOCATE|[6]|Bytes:12
14:05:16.0 (33954535)|HEAP_ALLOCATE|[6]|Bytes:11
14:05:16.0 (33962417)|HEAP_ALLOCATE|[6]|Bytes:11
14:05:16.0 (33972937)|HEAP_ALLOCATE|[6]|Bytes:2
14:05:16.0 (33990116)|HEAP_ALLOCATE|[6]|Bytes:69
14:05:16.0 (34028716)|HEAP_ALLOCATE|[50]|Bytes:5
14:05:16.0 (34049561)|HEAP_ALLOCATE|[56]|Bytes:5
14:05:16.0 (34058917)|HEAP_ALLOCATE|[64]|Bytes:7
14:05:16.0 (34098177)|USER_DEBUG|[6]|DEBUG|searching for latitude: 33.849145 longitude: -84.3620913 distance: 40
14:05:16.0 (34113348)|STATEMENT_EXECUTE|[7]
14:05:16.0 (34118336)|HEAP_ALLOCATE|[7]|Bytes:317
14:05:16.0 (34129215)|HEAP_ALLOCATE|[7]|Bytes:4
14:05:16.0 (34139401)|HEAP_ALLOCATE|[7]|Bytes:7
14:05:16.0 (34191437)|HEAP_ALLOCATE|[7]|Bytes:28
14:05:16.0 (34200272)|HEAP_ALLOCATE|[7]|Bytes:7
14:05:16.0 (34212484)|HEAP_ALLOCATE|[7]|Bytes:28
14:05:16.0 (34218037)|HEAP_ALLOCATE|[7]|Bytes:7
14:05:16.0 (34228007)|HEAP_ALLOCATE|[7]|Bytes:28
14:05:16.0 (34233314)|HEAP_ALLOCATE|[7]|Bytes:7
14:05:16.0 (34242767)|HEAP_ALLOCATE|[7]|Bytes:28
14:05:16.0 (34247836)|HEAP_ALLOCATE|[7]|Bytes:7
14:05:16.0 (34257182)|HEAP_ALLOCATE|[7]|Bytes:28
14:05:16.0 (35991623)|SOQL_EXECUTE_BEGIN|[7]|Aggregations:0|SELECT Name, Id, Owner.FirstName, Owner.LastName, Permanent_Partner_Manager__c, Partner_Manager__c, BillingLatitude, BillingLongitude FROM Account WHERE DISTANCE(BillingAddress, GEOLOCATION(:tmpVar1, :tmpVar2), 'mi') < :tmpVar3 ORDER BY  distance(BillingAddress, geolocation( :tmpVar4, :tmpVar5),'mi') ASC NULLS FIRST
14:05:16.0 (45540826)|SOQL_EXECUTE_END|[7]|Rows:1
14:05:16.0 (45558609)|HEAP_ALLOCATE|[7]|Bytes:8
14:05:16.0 (45578717)|HEAP_ALLOCATE|[7]|Bytes:349
14:05:16.0 (45620377)|HEAP_ALLOCATE|[7]|Bytes:8
14:05:16.0 (45634523)|VARIABLE_SCOPE_BEGIN|[7]|localAccounts|List<Account>|true|false
14:05:16.0 (45690938)|VARIABLE_ASSIGNMENT|[7]|localAccounts|{"s":1,"v":[{"s":2,"v":{"Name":"Coca Cola (HQ)","Id":"00136000008vIeSAAU","OwnerId":"00536000001L21qAAC","Permanent_Partner_Ma (8 more) ...":false,"Partner_Manager__c":"00536000001L21qAAC","BillingLatitude":33.770893900000000,"BillingLongitude":-84.398620900000000,"Owner":{"s":3,"v":{"FirstName":"David","LastName":"Scruggs","Id":"00536000001L21qAAC"}}}}]}|0x55d61445
14:05:16.0 (45701383)|STATEMENT_EXECUTE|[12]
14:05:16.0 (45706456)|HEAP_ALLOCATE|[12]|Bytes:7
14:05:16.0 (45814533)|HEAP_ALLOCATE|[12]|Bytes:1
14:05:16.0 (45824766)|HEAP_ALLOCATE|[12]|Bytes:9
14:05:16.0 (45835732)|HEAP_ALLOCATE|[12]|Bytes:17
14:05:16.0 (45866849)|USER_DEBUG|[12]|DEBUG| Found 1 accounts
14:05:16.0 (45887852)|STATEMENT_EXECUTE|[13]
14:05:16.0 (45901595)|SYSTEM_MODE_EXIT|false
14:05:16.45 (45943220)|CUMULATIVE_LIMIT_USAGE
14:05:16.45 (45943220)|LIMIT_USAGE_FOR_NS|(default)|
  Number of SOQL queries: 1 out of 100
  Number of query rows: 1 out of 50000
  Number of SOSL queries: 0 out of 20
  Number of DML statements: 0 out of 150
  Number of DML rows: 0 out of 10000
  Maximum CPU time: 0 out of 10000
  Maximum heap size: 0 out of 6000000
  Number of callouts: 0 out of 100
  Number of Email Invocations: 0 out of 10
  Number of future calls: 0 out of 50
  Number of queueable jobs added to the queue: 0 out of 50
  Number of Mobile Apex push calls: 0 out of 10

14:05:16.45 (45943220)|CUMULATIVE_LIMIT_USAGE_END

14:05:16.0 (45993454)|CODE_UNIT_FINISHED|AccountGeoExtension.getLocalAccounts
14:05:16.0 (47860779)|EXECUTION_FINISHED
