36.0 APEX_CODE,FINEST;APEX_PROFILING,INFO;CALLOUT,INFO;DB,INFO;SYSTEM,DEBUG;VALIDATION,INFO;VISUALFORCE,INFO;WORKFLOW,INFO
14:06:35.0 (213376)|EXECUTION_STARTED
14:06:35.0 (269410)|CODE_UNIT_STARTED|[EXTERNAL]|01p360000052k4g|AccountGeoExtension.getLocalAccounts
14:06:35.0 (726948)|HEAP_ALLOCATE|[72]|Bytes:3
14:06:35.0 (788256)|HEAP_ALLOCATE|[77]|Bytes:152
14:06:35.0 (807894)|HEAP_ALLOCATE|[342]|Bytes:408
14:06:35.0 (827658)|HEAP_ALLOCATE|[355]|Bytes:408
14:06:35.0 (845698)|HEAP_ALLOCATE|[467]|Bytes:48
14:06:35.0 (876871)|HEAP_ALLOCATE|[139]|Bytes:6
14:06:35.0 (895782)|HEAP_ALLOCATE|[EXTERNAL]|Bytes:1
14:06:35.0 (900031)|HEAP_ALLOCATE|[EXTERNAL]|Bytes:4
14:06:35.0 (915794)|METHOD_ENTRY|[1]|01p360000052k4g|AccountGeoExtension.AccountGeoExtension()
14:06:35.0 (940744)|STATEMENT_EXECUTE|[1]
14:06:35.0 (955288)|STATEMENT_EXECUTE|[1]
14:06:35.0 (974582)|METHOD_EXIT|[1]|AccountGeoExtension
14:06:35.0 (1009082)|HEAP_ALLOCATE|[EXTERNAL]|Bytes:28
14:06:35.0 (1014266)|HEAP_ALLOCATE|[EXTERNAL]|Bytes:28
14:06:35.0 (1016397)|HEAP_ALLOCATE|[EXTERNAL]|Bytes:28
14:06:35.0 (1031390)|SYSTEM_MODE_ENTER|false
14:06:35.0 (1047027)|VARIABLE_SCOPE_BEGIN|[5]|latitude|Double|false|false
14:06:35.0 (1082682)|VARIABLE_ASSIGNMENT|[5]|latitude|33.849145
14:06:35.0 (1088316)|VARIABLE_SCOPE_BEGIN|[5]|longitude|Double|false|false
14:06:35.0 (1093526)|VARIABLE_ASSIGNMENT|[5]|longitude|-84.3620913
14:06:35.0 (1096917)|VARIABLE_SCOPE_BEGIN|[5]|maxDistance|Double|false|false
14:06:35.0 (1101838)|VARIABLE_ASSIGNMENT|[5]|maxDistance|40
14:06:35.0 (1116271)|STATEMENT_EXECUTE|[5]
14:06:35.0 (45013102)|HEAP_DUMP|[6]|07n36000000PCEK|AccountGeoExtension|none|6
14:06:35.0 (45021271)|STATEMENT_EXECUTE|[6]
14:06:35.0 (45030228)|HEAP_ALLOCATE|[6]|Bytes:24
14:06:35.0 (45116869)|HEAP_ALLOCATE|[6]|Bytes:9
14:06:35.0 (45130814)|HEAP_ALLOCATE|[6]|Bytes:12
14:06:35.0 (45143037)|HEAP_ALLOCATE|[6]|Bytes:11
14:06:35.0 (45150542)|HEAP_ALLOCATE|[6]|Bytes:11
14:06:35.0 (45159538)|HEAP_ALLOCATE|[6]|Bytes:2
14:06:35.0 (45175894)|HEAP_ALLOCATE|[6]|Bytes:69
14:06:35.0 (45215927)|HEAP_ALLOCATE|[50]|Bytes:5
14:06:35.0 (45242514)|HEAP_ALLOCATE|[56]|Bytes:5
14:06:35.0 (45251494)|HEAP_ALLOCATE|[64]|Bytes:7
14:06:35.0 (45292319)|USER_DEBUG|[6]|DEBUG|searching for latitude: 33.849145 longitude: -84.3620913 distance: 40
14:06:35.0 (45302440)|STATEMENT_EXECUTE|[7]
14:06:35.0 (45306841)|HEAP_ALLOCATE|[7]|Bytes:317
14:06:35.0 (45318433)|HEAP_ALLOCATE|[7]|Bytes:4
14:06:35.0 (45330838)|HEAP_ALLOCATE|[7]|Bytes:7
14:06:35.0 (45389722)|HEAP_ALLOCATE|[7]|Bytes:28
14:06:35.0 (45399253)|HEAP_ALLOCATE|[7]|Bytes:7
14:06:35.0 (45413565)|HEAP_ALLOCATE|[7]|Bytes:28
14:06:35.0 (45419354)|HEAP_ALLOCATE|[7]|Bytes:7
14:06:35.0 (45430037)|HEAP_ALLOCATE|[7]|Bytes:28
14:06:35.0 (45435469)|HEAP_ALLOCATE|[7]|Bytes:7
14:06:35.0 (45446108)|HEAP_ALLOCATE|[7]|Bytes:28
14:06:35.0 (45451228)|HEAP_ALLOCATE|[7]|Bytes:7
14:06:35.0 (45461707)|HEAP_ALLOCATE|[7]|Bytes:28
14:06:35.0 (47187726)|SOQL_EXECUTE_BEGIN|[7]|Aggregations:0|SELECT Name, Id, Owner.FirstName, Owner.LastName, Permanent_Partner_Manager__c, Partner_Manager__c, BillingLatitude, BillingLongitude FROM Account WHERE DISTANCE(BillingAddress, GEOLOCATION(:tmpVar1, :tmpVar2), 'mi') < :tmpVar3 ORDER BY  distance(BillingAddress, geolocation( :tmpVar4, :tmpVar5),'mi') ASC NULLS FIRST
14:06:35.0 (57438291)|SOQL_EXECUTE_END|[7]|Rows:1
14:06:35.0 (57460744)|HEAP_ALLOCATE|[7]|Bytes:8
14:06:35.0 (57483449)|HEAP_ALLOCATE|[7]|Bytes:309
14:06:35.0 (57534937)|HEAP_ALLOCATE|[7]|Bytes:8
14:06:35.0 (57546649)|VARIABLE_SCOPE_BEGIN|[7]|localAccounts|List<Account>|true|false
14:06:35.0 (57601471)|VARIABLE_ASSIGNMENT|[7]|localAccounts|{"s":1,"v":[{"s":2,"v":{"Name":"Coca Cola (HQ)","Id":"00136000008vIeSAAU","OwnerId":"00536000001L21qAAC","Permanent_Partner_Ma (8 more) ...":false,"BillingLatitude":33.770893900000000,"BillingLongitude":-84.398620900000000,"Owner":{"s":3,"v":{"FirstName":"David","LastName":"Scruggs","Id":"00536000001L21qAAC"}}}}]}|0x337dd05
14:06:35.0 (57610897)|STATEMENT_EXECUTE|[12]
14:06:35.0 (57615944)|HEAP_ALLOCATE|[12]|Bytes:7
14:06:35.0 (57724192)|HEAP_ALLOCATE|[12]|Bytes:1
14:06:35.0 (57733820)|HEAP_ALLOCATE|[12]|Bytes:9
14:06:35.0 (57743874)|HEAP_ALLOCATE|[12]|Bytes:17
14:06:35.0 (57755209)|USER_DEBUG|[12]|DEBUG| Found 1 accounts
14:06:35.0 (57762514)|STATEMENT_EXECUTE|[13]
14:06:35.0 (57778301)|SYSTEM_MODE_EXIT|false
14:06:35.57 (57817219)|CUMULATIVE_LIMIT_USAGE
14:06:35.57 (57817219)|LIMIT_USAGE_FOR_NS|(default)|
  Number of SOQL queries: 1 out of 100
  Number of query rows: 1 out of 50000
  Number of SOSL queries: 0 out of 20
  Number of DML statements: 0 out of 150
  Number of DML rows: 0 out of 10000
  Maximum CPU time: 0 out of 10000
  Maximum heap size: 0 out of 6000000
  Number of callouts: 0 out of 100
  Number of Email Invocations: 0 out of 10
  Number of future calls: 0 out of 50
  Number of queueable jobs added to the queue: 0 out of 50
  Number of Mobile Apex push calls: 0 out of 10

14:06:35.57 (57817219)|CUMULATIVE_LIMIT_USAGE_END

14:06:35.0 (57870588)|CODE_UNIT_FINISHED|AccountGeoExtension.getLocalAccounts
14:06:35.0 (59532458)|EXECUTION_FINISHED
